[2025-03-11T05:52:44.239+0000] {processor.py:153} INFO - Started process (PID=72) to work on /home/airflow/.local/lib/python3.7/site-packages/airflow/example_dags/example_complex.py
[2025-03-11T05:52:44.240+0000] {processor.py:743} INFO - Processing file /home/airflow/.local/lib/python3.7/site-packages/airflow/example_dags/example_complex.py for tasks to queue
[2025-03-11T05:52:44.241+0000] {logging_mixin.py:137} INFO - [2025-03-11T05:52:44.241+0000] {dagbag.py:538} INFO - Filling up the DagBag from /home/airflow/.local/lib/python3.7/site-packages/airflow/example_dags/example_complex.py
[2025-03-11T05:52:44.268+0000] {logging_mixin.py:137} INFO - [2025-03-11T05:52:44.267+0000] {taskmixin.py:205} WARNING - Dependency <Task(BashOperator): create_entry_group>, delete_entry_group already registered for DAG: example_complex
[2025-03-11T05:52:44.269+0000] {logging_mixin.py:137} INFO - [2025-03-11T05:52:44.269+0000] {taskmixin.py:205} WARNING - Dependency <Task(BashOperator): delete_entry_group>, create_entry_group already registered for DAG: example_complex
[2025-03-11T05:52:44.272+0000] {logging_mixin.py:137} INFO - [2025-03-11T05:52:44.271+0000] {taskmixin.py:205} WARNING - Dependency <Task(BashOperator): create_entry_gcs>, delete_entry already registered for DAG: example_complex
[2025-03-11T05:52:44.273+0000] {logging_mixin.py:137} INFO - [2025-03-11T05:52:44.272+0000] {taskmixin.py:205} WARNING - Dependency <Task(BashOperator): delete_entry>, create_entry_gcs already registered for DAG: example_complex
[2025-03-11T05:52:44.275+0000] {logging_mixin.py:137} INFO - [2025-03-11T05:52:44.275+0000] {taskmixin.py:205} WARNING - Dependency <Task(BashOperator): create_tag>, delete_tag already registered for DAG: example_complex
[2025-03-11T05:52:44.276+0000] {logging_mixin.py:137} INFO - [2025-03-11T05:52:44.276+0000] {taskmixin.py:205} WARNING - Dependency <Task(BashOperator): delete_tag>, create_tag already registered for DAG: example_complex
[2025-03-11T05:52:44.299+0000] {processor.py:753} INFO - DAG(s) dict_keys(['example_complex']) retrieved from /home/airflow/.local/lib/python3.7/site-packages/airflow/example_dags/example_complex.py
[2025-03-11T05:52:44.344+0000] {logging_mixin.py:137} INFO - [2025-03-11T05:52:44.344+0000] {dag.py:2676} INFO - Sync 1 DAGs
[2025-03-11T05:52:44.387+0000] {logging_mixin.py:137} INFO - [2025-03-11T05:52:44.387+0000] {dag.py:3427} INFO - Setting next_dagrun for example_complex to None, run_after=None
[2025-03-11T05:52:44.415+0000] {processor.py:175} INFO - Processing /home/airflow/.local/lib/python3.7/site-packages/airflow/example_dags/example_complex.py took 0.178 seconds
[2025-03-11T05:53:14.784+0000] {processor.py:153} INFO - Started process (PID=111) to work on /home/airflow/.local/lib/python3.7/site-packages/airflow/example_dags/example_complex.py
[2025-03-11T05:53:14.785+0000] {processor.py:743} INFO - Processing file /home/airflow/.local/lib/python3.7/site-packages/airflow/example_dags/example_complex.py for tasks to queue
[2025-03-11T05:53:14.788+0000] {logging_mixin.py:137} INFO - [2025-03-11T05:53:14.788+0000] {dagbag.py:538} INFO - Filling up the DagBag from /home/airflow/.local/lib/python3.7/site-packages/airflow/example_dags/example_complex.py
[2025-03-11T05:53:14.800+0000] {logging_mixin.py:137} INFO - [2025-03-11T05:53:14.800+0000] {taskmixin.py:205} WARNING - Dependency <Task(BashOperator): create_entry_group>, delete_entry_group already registered for DAG: example_complex
[2025-03-11T05:53:14.800+0000] {logging_mixin.py:137} INFO - [2025-03-11T05:53:14.800+0000] {taskmixin.py:205} WARNING - Dependency <Task(BashOperator): delete_entry_group>, create_entry_group already registered for DAG: example_complex
[2025-03-11T05:53:14.801+0000] {logging_mixin.py:137} INFO - [2025-03-11T05:53:14.801+0000] {taskmixin.py:205} WARNING - Dependency <Task(BashOperator): create_entry_gcs>, delete_entry already registered for DAG: example_complex
[2025-03-11T05:53:14.801+0000] {logging_mixin.py:137} INFO - [2025-03-11T05:53:14.801+0000] {taskmixin.py:205} WARNING - Dependency <Task(BashOperator): delete_entry>, create_entry_gcs already registered for DAG: example_complex
[2025-03-11T05:53:14.801+0000] {logging_mixin.py:137} INFO - [2025-03-11T05:53:14.801+0000] {taskmixin.py:205} WARNING - Dependency <Task(BashOperator): create_tag>, delete_tag already registered for DAG: example_complex
[2025-03-11T05:53:14.801+0000] {logging_mixin.py:137} INFO - [2025-03-11T05:53:14.801+0000] {taskmixin.py:205} WARNING - Dependency <Task(BashOperator): delete_tag>, create_tag already registered for DAG: example_complex
[2025-03-11T05:53:14.808+0000] {processor.py:753} INFO - DAG(s) dict_keys(['example_complex']) retrieved from /home/airflow/.local/lib/python3.7/site-packages/airflow/example_dags/example_complex.py
[2025-03-11T05:53:14.830+0000] {logging_mixin.py:137} INFO - [2025-03-11T05:53:14.830+0000] {dag.py:2676} INFO - Sync 1 DAGs
[2025-03-11T05:53:14.853+0000] {logging_mixin.py:137} INFO - [2025-03-11T05:53:14.853+0000] {dag.py:3427} INFO - Setting next_dagrun for example_complex to None, run_after=None
[2025-03-11T05:53:14.869+0000] {processor.py:175} INFO - Processing /home/airflow/.local/lib/python3.7/site-packages/airflow/example_dags/example_complex.py took 0.086 seconds
[2025-03-11T05:53:45.606+0000] {processor.py:153} INFO - Started process (PID=150) to work on /home/airflow/.local/lib/python3.7/site-packages/airflow/example_dags/example_complex.py
[2025-03-11T05:53:45.607+0000] {processor.py:743} INFO - Processing file /home/airflow/.local/lib/python3.7/site-packages/airflow/example_dags/example_complex.py for tasks to queue
[2025-03-11T05:53:45.608+0000] {logging_mixin.py:137} INFO - [2025-03-11T05:53:45.608+0000] {dagbag.py:538} INFO - Filling up the DagBag from /home/airflow/.local/lib/python3.7/site-packages/airflow/example_dags/example_complex.py
[2025-03-11T05:53:45.618+0000] {logging_mixin.py:137} INFO - [2025-03-11T05:53:45.618+0000] {taskmixin.py:205} WARNING - Dependency <Task(BashOperator): create_entry_group>, delete_entry_group already registered for DAG: example_complex
[2025-03-11T05:53:45.618+0000] {logging_mixin.py:137} INFO - [2025-03-11T05:53:45.618+0000] {taskmixin.py:205} WARNING - Dependency <Task(BashOperator): delete_entry_group>, create_entry_group already registered for DAG: example_complex
[2025-03-11T05:53:45.619+0000] {logging_mixin.py:137} INFO - [2025-03-11T05:53:45.619+0000] {taskmixin.py:205} WARNING - Dependency <Task(BashOperator): create_entry_gcs>, delete_entry already registered for DAG: example_complex
[2025-03-11T05:53:45.619+0000] {logging_mixin.py:137} INFO - [2025-03-11T05:53:45.619+0000] {taskmixin.py:205} WARNING - Dependency <Task(BashOperator): delete_entry>, create_entry_gcs already registered for DAG: example_complex
[2025-03-11T05:53:45.619+0000] {logging_mixin.py:137} INFO - [2025-03-11T05:53:45.619+0000] {taskmixin.py:205} WARNING - Dependency <Task(BashOperator): create_tag>, delete_tag already registered for DAG: example_complex
[2025-03-11T05:53:45.619+0000] {logging_mixin.py:137} INFO - [2025-03-11T05:53:45.619+0000] {taskmixin.py:205} WARNING - Dependency <Task(BashOperator): delete_tag>, create_tag already registered for DAG: example_complex
[2025-03-11T05:53:45.628+0000] {processor.py:753} INFO - DAG(s) dict_keys(['example_complex']) retrieved from /home/airflow/.local/lib/python3.7/site-packages/airflow/example_dags/example_complex.py
[2025-03-11T05:53:45.671+0000] {logging_mixin.py:137} INFO - [2025-03-11T05:53:45.671+0000] {dag.py:2676} INFO - Sync 1 DAGs
[2025-03-11T05:53:45.692+0000] {logging_mixin.py:137} INFO - [2025-03-11T05:53:45.691+0000] {dag.py:3427} INFO - Setting next_dagrun for example_complex to None, run_after=None
[2025-03-11T05:53:45.705+0000] {processor.py:175} INFO - Processing /home/airflow/.local/lib/python3.7/site-packages/airflow/example_dags/example_complex.py took 0.101 seconds
[2025-03-11T05:54:16.923+0000] {processor.py:153} INFO - Started process (PID=189) to work on /home/airflow/.local/lib/python3.7/site-packages/airflow/example_dags/example_complex.py
[2025-03-11T05:54:16.925+0000] {processor.py:743} INFO - Processing file /home/airflow/.local/lib/python3.7/site-packages/airflow/example_dags/example_complex.py for tasks to queue
[2025-03-11T05:54:16.926+0000] {logging_mixin.py:137} INFO - [2025-03-11T05:54:16.926+0000] {dagbag.py:538} INFO - Filling up the DagBag from /home/airflow/.local/lib/python3.7/site-packages/airflow/example_dags/example_complex.py
[2025-03-11T05:54:16.943+0000] {logging_mixin.py:137} INFO - [2025-03-11T05:54:16.942+0000] {taskmixin.py:205} WARNING - Dependency <Task(BashOperator): create_entry_group>, delete_entry_group already registered for DAG: example_complex
[2025-03-11T05:54:16.943+0000] {logging_mixin.py:137} INFO - [2025-03-11T05:54:16.943+0000] {taskmixin.py:205} WARNING - Dependency <Task(BashOperator): delete_entry_group>, create_entry_group already registered for DAG: example_complex
[2025-03-11T05:54:16.943+0000] {logging_mixin.py:137} INFO - [2025-03-11T05:54:16.943+0000] {taskmixin.py:205} WARNING - Dependency <Task(BashOperator): create_entry_gcs>, delete_entry already registered for DAG: example_complex
[2025-03-11T05:54:16.943+0000] {logging_mixin.py:137} INFO - [2025-03-11T05:54:16.943+0000] {taskmixin.py:205} WARNING - Dependency <Task(BashOperator): delete_entry>, create_entry_gcs already registered for DAG: example_complex
[2025-03-11T05:54:16.944+0000] {logging_mixin.py:137} INFO - [2025-03-11T05:54:16.944+0000] {taskmixin.py:205} WARNING - Dependency <Task(BashOperator): create_tag>, delete_tag already registered for DAG: example_complex
[2025-03-11T05:54:16.945+0000] {logging_mixin.py:137} INFO - [2025-03-11T05:54:16.944+0000] {taskmixin.py:205} WARNING - Dependency <Task(BashOperator): delete_tag>, create_tag already registered for DAG: example_complex
[2025-03-11T05:54:16.957+0000] {processor.py:753} INFO - DAG(s) dict_keys(['example_complex']) retrieved from /home/airflow/.local/lib/python3.7/site-packages/airflow/example_dags/example_complex.py
[2025-03-11T05:54:17.010+0000] {logging_mixin.py:137} INFO - [2025-03-11T05:54:17.009+0000] {dag.py:2676} INFO - Sync 1 DAGs
[2025-03-11T05:54:17.031+0000] {logging_mixin.py:137} INFO - [2025-03-11T05:54:17.031+0000] {dag.py:3427} INFO - Setting next_dagrun for example_complex to None, run_after=None
[2025-03-11T05:54:17.070+0000] {processor.py:175} INFO - Processing /home/airflow/.local/lib/python3.7/site-packages/airflow/example_dags/example_complex.py took 0.149 seconds
[2025-03-11T05:54:47.389+0000] {processor.py:153} INFO - Started process (PID=228) to work on /home/airflow/.local/lib/python3.7/site-packages/airflow/example_dags/example_complex.py
[2025-03-11T05:54:47.390+0000] {processor.py:743} INFO - Processing file /home/airflow/.local/lib/python3.7/site-packages/airflow/example_dags/example_complex.py for tasks to queue
[2025-03-11T05:54:47.391+0000] {logging_mixin.py:137} INFO - [2025-03-11T05:54:47.390+0000] {dagbag.py:538} INFO - Filling up the DagBag from /home/airflow/.local/lib/python3.7/site-packages/airflow/example_dags/example_complex.py
[2025-03-11T05:54:47.402+0000] {logging_mixin.py:137} INFO - [2025-03-11T05:54:47.401+0000] {taskmixin.py:205} WARNING - Dependency <Task(BashOperator): create_entry_group>, delete_entry_group already registered for DAG: example_complex
[2025-03-11T05:54:47.403+0000] {logging_mixin.py:137} INFO - [2025-03-11T05:54:47.403+0000] {taskmixin.py:205} WARNING - Dependency <Task(BashOperator): delete_entry_group>, create_entry_group already registered for DAG: example_complex
[2025-03-11T05:54:47.404+0000] {logging_mixin.py:137} INFO - [2025-03-11T05:54:47.404+0000] {taskmixin.py:205} WARNING - Dependency <Task(BashOperator): create_entry_gcs>, delete_entry already registered for DAG: example_complex
[2025-03-11T05:54:47.404+0000] {logging_mixin.py:137} INFO - [2025-03-11T05:54:47.404+0000] {taskmixin.py:205} WARNING - Dependency <Task(BashOperator): delete_entry>, create_entry_gcs already registered for DAG: example_complex
[2025-03-11T05:54:47.405+0000] {logging_mixin.py:137} INFO - [2025-03-11T05:54:47.405+0000] {taskmixin.py:205} WARNING - Dependency <Task(BashOperator): create_tag>, delete_tag already registered for DAG: example_complex
[2025-03-11T05:54:47.405+0000] {logging_mixin.py:137} INFO - [2025-03-11T05:54:47.405+0000] {taskmixin.py:205} WARNING - Dependency <Task(BashOperator): delete_tag>, create_tag already registered for DAG: example_complex
[2025-03-11T05:54:47.412+0000] {processor.py:753} INFO - DAG(s) dict_keys(['example_complex']) retrieved from /home/airflow/.local/lib/python3.7/site-packages/airflow/example_dags/example_complex.py
[2025-03-11T05:54:47.458+0000] {logging_mixin.py:137} INFO - [2025-03-11T05:54:47.458+0000] {dag.py:2676} INFO - Sync 1 DAGs
[2025-03-11T05:54:47.481+0000] {logging_mixin.py:137} INFO - [2025-03-11T05:54:47.481+0000] {dag.py:3427} INFO - Setting next_dagrun for example_complex to None, run_after=None
[2025-03-11T05:54:47.502+0000] {processor.py:175} INFO - Processing /home/airflow/.local/lib/python3.7/site-packages/airflow/example_dags/example_complex.py took 0.115 seconds
[2025-03-11T05:55:18.331+0000] {processor.py:153} INFO - Started process (PID=267) to work on /home/airflow/.local/lib/python3.7/site-packages/airflow/example_dags/example_complex.py
[2025-03-11T05:55:18.332+0000] {processor.py:743} INFO - Processing file /home/airflow/.local/lib/python3.7/site-packages/airflow/example_dags/example_complex.py for tasks to queue
[2025-03-11T05:55:18.333+0000] {logging_mixin.py:137} INFO - [2025-03-11T05:55:18.333+0000] {dagbag.py:538} INFO - Filling up the DagBag from /home/airflow/.local/lib/python3.7/site-packages/airflow/example_dags/example_complex.py
[2025-03-11T05:55:18.346+0000] {logging_mixin.py:137} INFO - [2025-03-11T05:55:18.345+0000] {taskmixin.py:205} WARNING - Dependency <Task(BashOperator): create_entry_group>, delete_entry_group already registered for DAG: example_complex
[2025-03-11T05:55:18.346+0000] {logging_mixin.py:137} INFO - [2025-03-11T05:55:18.346+0000] {taskmixin.py:205} WARNING - Dependency <Task(BashOperator): delete_entry_group>, create_entry_group already registered for DAG: example_complex
[2025-03-11T05:55:18.346+0000] {logging_mixin.py:137} INFO - [2025-03-11T05:55:18.346+0000] {taskmixin.py:205} WARNING - Dependency <Task(BashOperator): create_entry_gcs>, delete_entry already registered for DAG: example_complex
[2025-03-11T05:55:18.347+0000] {logging_mixin.py:137} INFO - [2025-03-11T05:55:18.347+0000] {taskmixin.py:205} WARNING - Dependency <Task(BashOperator): delete_entry>, create_entry_gcs already registered for DAG: example_complex
[2025-03-11T05:55:18.347+0000] {logging_mixin.py:137} INFO - [2025-03-11T05:55:18.347+0000] {taskmixin.py:205} WARNING - Dependency <Task(BashOperator): create_tag>, delete_tag already registered for DAG: example_complex
[2025-03-11T05:55:18.348+0000] {logging_mixin.py:137} INFO - [2025-03-11T05:55:18.348+0000] {taskmixin.py:205} WARNING - Dependency <Task(BashOperator): delete_tag>, create_tag already registered for DAG: example_complex
[2025-03-11T05:55:18.360+0000] {processor.py:753} INFO - DAG(s) dict_keys(['example_complex']) retrieved from /home/airflow/.local/lib/python3.7/site-packages/airflow/example_dags/example_complex.py
[2025-03-11T05:55:18.398+0000] {logging_mixin.py:137} INFO - [2025-03-11T05:55:18.398+0000] {dag.py:2676} INFO - Sync 1 DAGs
[2025-03-11T05:55:18.419+0000] {logging_mixin.py:137} INFO - [2025-03-11T05:55:18.418+0000] {dag.py:3427} INFO - Setting next_dagrun for example_complex to None, run_after=None
[2025-03-11T05:55:18.436+0000] {processor.py:175} INFO - Processing /home/airflow/.local/lib/python3.7/site-packages/airflow/example_dags/example_complex.py took 0.108 seconds
[2025-03-11T05:55:48.669+0000] {processor.py:153} INFO - Started process (PID=306) to work on /home/airflow/.local/lib/python3.7/site-packages/airflow/example_dags/example_complex.py
[2025-03-11T05:55:48.670+0000] {processor.py:743} INFO - Processing file /home/airflow/.local/lib/python3.7/site-packages/airflow/example_dags/example_complex.py for tasks to queue
[2025-03-11T05:55:48.671+0000] {logging_mixin.py:137} INFO - [2025-03-11T05:55:48.671+0000] {dagbag.py:538} INFO - Filling up the DagBag from /home/airflow/.local/lib/python3.7/site-packages/airflow/example_dags/example_complex.py
[2025-03-11T05:55:48.681+0000] {logging_mixin.py:137} INFO - [2025-03-11T05:55:48.681+0000] {taskmixin.py:205} WARNING - Dependency <Task(BashOperator): create_entry_group>, delete_entry_group already registered for DAG: example_complex
[2025-03-11T05:55:48.681+0000] {logging_mixin.py:137} INFO - [2025-03-11T05:55:48.681+0000] {taskmixin.py:205} WARNING - Dependency <Task(BashOperator): delete_entry_group>, create_entry_group already registered for DAG: example_complex
[2025-03-11T05:55:48.681+0000] {logging_mixin.py:137} INFO - [2025-03-11T05:55:48.681+0000] {taskmixin.py:205} WARNING - Dependency <Task(BashOperator): create_entry_gcs>, delete_entry already registered for DAG: example_complex
[2025-03-11T05:55:48.681+0000] {logging_mixin.py:137} INFO - [2025-03-11T05:55:48.681+0000] {taskmixin.py:205} WARNING - Dependency <Task(BashOperator): delete_entry>, create_entry_gcs already registered for DAG: example_complex
[2025-03-11T05:55:48.682+0000] {logging_mixin.py:137} INFO - [2025-03-11T05:55:48.682+0000] {taskmixin.py:205} WARNING - Dependency <Task(BashOperator): create_tag>, delete_tag already registered for DAG: example_complex
[2025-03-11T05:55:48.682+0000] {logging_mixin.py:137} INFO - [2025-03-11T05:55:48.682+0000] {taskmixin.py:205} WARNING - Dependency <Task(BashOperator): delete_tag>, create_tag already registered for DAG: example_complex
[2025-03-11T05:55:48.688+0000] {processor.py:753} INFO - DAG(s) dict_keys(['example_complex']) retrieved from /home/airflow/.local/lib/python3.7/site-packages/airflow/example_dags/example_complex.py
[2025-03-11T05:55:48.727+0000] {logging_mixin.py:137} INFO - [2025-03-11T05:55:48.727+0000] {dag.py:2676} INFO - Sync 1 DAGs
[2025-03-11T05:55:48.746+0000] {logging_mixin.py:137} INFO - [2025-03-11T05:55:48.746+0000] {dag.py:3427} INFO - Setting next_dagrun for example_complex to None, run_after=None
[2025-03-11T05:55:48.766+0000] {processor.py:175} INFO - Processing /home/airflow/.local/lib/python3.7/site-packages/airflow/example_dags/example_complex.py took 0.100 seconds
[2025-03-11T05:56:19.740+0000] {processor.py:153} INFO - Started process (PID=345) to work on /home/airflow/.local/lib/python3.7/site-packages/airflow/example_dags/example_complex.py
[2025-03-11T05:56:19.741+0000] {processor.py:743} INFO - Processing file /home/airflow/.local/lib/python3.7/site-packages/airflow/example_dags/example_complex.py for tasks to queue
[2025-03-11T05:56:19.742+0000] {logging_mixin.py:137} INFO - [2025-03-11T05:56:19.742+0000] {dagbag.py:538} INFO - Filling up the DagBag from /home/airflow/.local/lib/python3.7/site-packages/airflow/example_dags/example_complex.py
[2025-03-11T05:56:19.753+0000] {logging_mixin.py:137} INFO - [2025-03-11T05:56:19.752+0000] {taskmixin.py:205} WARNING - Dependency <Task(BashOperator): create_entry_group>, delete_entry_group already registered for DAG: example_complex
[2025-03-11T05:56:19.753+0000] {logging_mixin.py:137} INFO - [2025-03-11T05:56:19.753+0000] {taskmixin.py:205} WARNING - Dependency <Task(BashOperator): delete_entry_group>, create_entry_group already registered for DAG: example_complex
[2025-03-11T05:56:19.753+0000] {logging_mixin.py:137} INFO - [2025-03-11T05:56:19.753+0000] {taskmixin.py:205} WARNING - Dependency <Task(BashOperator): create_entry_gcs>, delete_entry already registered for DAG: example_complex
[2025-03-11T05:56:19.754+0000] {logging_mixin.py:137} INFO - [2025-03-11T05:56:19.754+0000] {taskmixin.py:205} WARNING - Dependency <Task(BashOperator): delete_entry>, create_entry_gcs already registered for DAG: example_complex
[2025-03-11T05:56:19.755+0000] {logging_mixin.py:137} INFO - [2025-03-11T05:56:19.755+0000] {taskmixin.py:205} WARNING - Dependency <Task(BashOperator): create_tag>, delete_tag already registered for DAG: example_complex
[2025-03-11T05:56:19.755+0000] {logging_mixin.py:137} INFO - [2025-03-11T05:56:19.755+0000] {taskmixin.py:205} WARNING - Dependency <Task(BashOperator): delete_tag>, create_tag already registered for DAG: example_complex
[2025-03-11T05:56:19.763+0000] {processor.py:753} INFO - DAG(s) dict_keys(['example_complex']) retrieved from /home/airflow/.local/lib/python3.7/site-packages/airflow/example_dags/example_complex.py
[2025-03-11T05:56:19.802+0000] {logging_mixin.py:137} INFO - [2025-03-11T05:56:19.802+0000] {dag.py:2676} INFO - Sync 1 DAGs
[2025-03-11T05:56:19.824+0000] {logging_mixin.py:137} INFO - [2025-03-11T05:56:19.824+0000] {dag.py:3427} INFO - Setting next_dagrun for example_complex to None, run_after=None
[2025-03-11T05:56:19.849+0000] {processor.py:175} INFO - Processing /home/airflow/.local/lib/python3.7/site-packages/airflow/example_dags/example_complex.py took 0.111 seconds
[2025-03-11T05:56:50.435+0000] {processor.py:153} INFO - Started process (PID=384) to work on /home/airflow/.local/lib/python3.7/site-packages/airflow/example_dags/example_complex.py
[2025-03-11T05:56:50.437+0000] {processor.py:743} INFO - Processing file /home/airflow/.local/lib/python3.7/site-packages/airflow/example_dags/example_complex.py for tasks to queue
[2025-03-11T05:56:50.438+0000] {logging_mixin.py:137} INFO - [2025-03-11T05:56:50.438+0000] {dagbag.py:538} INFO - Filling up the DagBag from /home/airflow/.local/lib/python3.7/site-packages/airflow/example_dags/example_complex.py
[2025-03-11T05:56:50.449+0000] {logging_mixin.py:137} INFO - [2025-03-11T05:56:50.448+0000] {taskmixin.py:205} WARNING - Dependency <Task(BashOperator): create_entry_group>, delete_entry_group already registered for DAG: example_complex
[2025-03-11T05:56:50.449+0000] {logging_mixin.py:137} INFO - [2025-03-11T05:56:50.449+0000] {taskmixin.py:205} WARNING - Dependency <Task(BashOperator): delete_entry_group>, create_entry_group already registered for DAG: example_complex
[2025-03-11T05:56:50.450+0000] {logging_mixin.py:137} INFO - [2025-03-11T05:56:50.450+0000] {taskmixin.py:205} WARNING - Dependency <Task(BashOperator): create_entry_gcs>, delete_entry already registered for DAG: example_complex
[2025-03-11T05:56:50.451+0000] {logging_mixin.py:137} INFO - [2025-03-11T05:56:50.451+0000] {taskmixin.py:205} WARNING - Dependency <Task(BashOperator): delete_entry>, create_entry_gcs already registered for DAG: example_complex
[2025-03-11T05:56:50.452+0000] {logging_mixin.py:137} INFO - [2025-03-11T05:56:50.452+0000] {taskmixin.py:205} WARNING - Dependency <Task(BashOperator): create_tag>, delete_tag already registered for DAG: example_complex
[2025-03-11T05:56:50.452+0000] {logging_mixin.py:137} INFO - [2025-03-11T05:56:50.452+0000] {taskmixin.py:205} WARNING - Dependency <Task(BashOperator): delete_tag>, create_tag already registered for DAG: example_complex
[2025-03-11T05:56:50.459+0000] {processor.py:753} INFO - DAG(s) dict_keys(['example_complex']) retrieved from /home/airflow/.local/lib/python3.7/site-packages/airflow/example_dags/example_complex.py
[2025-03-11T05:56:50.494+0000] {logging_mixin.py:137} INFO - [2025-03-11T05:56:50.494+0000] {dag.py:2676} INFO - Sync 1 DAGs
[2025-03-11T05:56:50.514+0000] {logging_mixin.py:137} INFO - [2025-03-11T05:56:50.514+0000] {dag.py:3427} INFO - Setting next_dagrun for example_complex to None, run_after=None
[2025-03-11T05:56:50.530+0000] {processor.py:175} INFO - Processing /home/airflow/.local/lib/python3.7/site-packages/airflow/example_dags/example_complex.py took 0.097 seconds
[2025-03-11T05:57:20.817+0000] {processor.py:153} INFO - Started process (PID=423) to work on /home/airflow/.local/lib/python3.7/site-packages/airflow/example_dags/example_complex.py
[2025-03-11T05:57:20.819+0000] {processor.py:743} INFO - Processing file /home/airflow/.local/lib/python3.7/site-packages/airflow/example_dags/example_complex.py for tasks to queue
[2025-03-11T05:57:20.819+0000] {logging_mixin.py:137} INFO - [2025-03-11T05:57:20.819+0000] {dagbag.py:538} INFO - Filling up the DagBag from /home/airflow/.local/lib/python3.7/site-packages/airflow/example_dags/example_complex.py
[2025-03-11T05:57:20.829+0000] {logging_mixin.py:137} INFO - [2025-03-11T05:57:20.829+0000] {taskmixin.py:205} WARNING - Dependency <Task(BashOperator): create_entry_group>, delete_entry_group already registered for DAG: example_complex
[2025-03-11T05:57:20.830+0000] {logging_mixin.py:137} INFO - [2025-03-11T05:57:20.829+0000] {taskmixin.py:205} WARNING - Dependency <Task(BashOperator): delete_entry_group>, create_entry_group already registered for DAG: example_complex
[2025-03-11T05:57:20.830+0000] {logging_mixin.py:137} INFO - [2025-03-11T05:57:20.830+0000] {taskmixin.py:205} WARNING - Dependency <Task(BashOperator): create_entry_gcs>, delete_entry already registered for DAG: example_complex
[2025-03-11T05:57:20.830+0000] {logging_mixin.py:137} INFO - [2025-03-11T05:57:20.830+0000] {taskmixin.py:205} WARNING - Dependency <Task(BashOperator): delete_entry>, create_entry_gcs already registered for DAG: example_complex
[2025-03-11T05:57:20.830+0000] {logging_mixin.py:137} INFO - [2025-03-11T05:57:20.830+0000] {taskmixin.py:205} WARNING - Dependency <Task(BashOperator): create_tag>, delete_tag already registered for DAG: example_complex
[2025-03-11T05:57:20.831+0000] {logging_mixin.py:137} INFO - [2025-03-11T05:57:20.830+0000] {taskmixin.py:205} WARNING - Dependency <Task(BashOperator): delete_tag>, create_tag already registered for DAG: example_complex
[2025-03-11T05:57:20.837+0000] {processor.py:753} INFO - DAG(s) dict_keys(['example_complex']) retrieved from /home/airflow/.local/lib/python3.7/site-packages/airflow/example_dags/example_complex.py
[2025-03-11T05:57:20.873+0000] {logging_mixin.py:137} INFO - [2025-03-11T05:57:20.873+0000] {dag.py:2676} INFO - Sync 1 DAGs
[2025-03-11T05:57:20.893+0000] {logging_mixin.py:137} INFO - [2025-03-11T05:57:20.893+0000] {dag.py:3427} INFO - Setting next_dagrun for example_complex to None, run_after=None
[2025-03-11T05:57:20.908+0000] {processor.py:175} INFO - Processing /home/airflow/.local/lib/python3.7/site-packages/airflow/example_dags/example_complex.py took 0.092 seconds
[2025-03-11T05:57:51.426+0000] {processor.py:153} INFO - Started process (PID=462) to work on /home/airflow/.local/lib/python3.7/site-packages/airflow/example_dags/example_complex.py
[2025-03-11T05:57:51.427+0000] {processor.py:743} INFO - Processing file /home/airflow/.local/lib/python3.7/site-packages/airflow/example_dags/example_complex.py for tasks to queue
[2025-03-11T05:57:51.428+0000] {logging_mixin.py:137} INFO - [2025-03-11T05:57:51.427+0000] {dagbag.py:538} INFO - Filling up the DagBag from /home/airflow/.local/lib/python3.7/site-packages/airflow/example_dags/example_complex.py
[2025-03-11T05:57:51.438+0000] {logging_mixin.py:137} INFO - [2025-03-11T05:57:51.437+0000] {taskmixin.py:205} WARNING - Dependency <Task(BashOperator): create_entry_group>, delete_entry_group already registered for DAG: example_complex
[2025-03-11T05:57:51.438+0000] {logging_mixin.py:137} INFO - [2025-03-11T05:57:51.438+0000] {taskmixin.py:205} WARNING - Dependency <Task(BashOperator): delete_entry_group>, create_entry_group already registered for DAG: example_complex
[2025-03-11T05:57:51.438+0000] {logging_mixin.py:137} INFO - [2025-03-11T05:57:51.438+0000] {taskmixin.py:205} WARNING - Dependency <Task(BashOperator): create_entry_gcs>, delete_entry already registered for DAG: example_complex
[2025-03-11T05:57:51.438+0000] {logging_mixin.py:137} INFO - [2025-03-11T05:57:51.438+0000] {taskmixin.py:205} WARNING - Dependency <Task(BashOperator): delete_entry>, create_entry_gcs already registered for DAG: example_complex
[2025-03-11T05:57:51.439+0000] {logging_mixin.py:137} INFO - [2025-03-11T05:57:51.438+0000] {taskmixin.py:205} WARNING - Dependency <Task(BashOperator): create_tag>, delete_tag already registered for DAG: example_complex
[2025-03-11T05:57:51.439+0000] {logging_mixin.py:137} INFO - [2025-03-11T05:57:51.439+0000] {taskmixin.py:205} WARNING - Dependency <Task(BashOperator): delete_tag>, create_tag already registered for DAG: example_complex
[2025-03-11T05:57:51.446+0000] {processor.py:753} INFO - DAG(s) dict_keys(['example_complex']) retrieved from /home/airflow/.local/lib/python3.7/site-packages/airflow/example_dags/example_complex.py
[2025-03-11T05:57:51.486+0000] {logging_mixin.py:137} INFO - [2025-03-11T05:57:51.486+0000] {dag.py:2676} INFO - Sync 1 DAGs
[2025-03-11T05:57:51.508+0000] {logging_mixin.py:137} INFO - [2025-03-11T05:57:51.508+0000] {dag.py:3427} INFO - Setting next_dagrun for example_complex to None, run_after=None
[2025-03-11T05:57:51.523+0000] {processor.py:175} INFO - Processing /home/airflow/.local/lib/python3.7/site-packages/airflow/example_dags/example_complex.py took 0.100 seconds
[2025-03-11T05:58:21.862+0000] {processor.py:153} INFO - Started process (PID=501) to work on /home/airflow/.local/lib/python3.7/site-packages/airflow/example_dags/example_complex.py
[2025-03-11T05:58:21.863+0000] {processor.py:743} INFO - Processing file /home/airflow/.local/lib/python3.7/site-packages/airflow/example_dags/example_complex.py for tasks to queue
[2025-03-11T05:58:21.864+0000] {logging_mixin.py:137} INFO - [2025-03-11T05:58:21.864+0000] {dagbag.py:538} INFO - Filling up the DagBag from /home/airflow/.local/lib/python3.7/site-packages/airflow/example_dags/example_complex.py
[2025-03-11T05:58:21.874+0000] {logging_mixin.py:137} INFO - [2025-03-11T05:58:21.874+0000] {taskmixin.py:205} WARNING - Dependency <Task(BashOperator): create_entry_group>, delete_entry_group already registered for DAG: example_complex
[2025-03-11T05:58:21.874+0000] {logging_mixin.py:137} INFO - [2025-03-11T05:58:21.874+0000] {taskmixin.py:205} WARNING - Dependency <Task(BashOperator): delete_entry_group>, create_entry_group already registered for DAG: example_complex
[2025-03-11T05:58:21.875+0000] {logging_mixin.py:137} INFO - [2025-03-11T05:58:21.875+0000] {taskmixin.py:205} WARNING - Dependency <Task(BashOperator): create_entry_gcs>, delete_entry already registered for DAG: example_complex
[2025-03-11T05:58:21.875+0000] {logging_mixin.py:137} INFO - [2025-03-11T05:58:21.875+0000] {taskmixin.py:205} WARNING - Dependency <Task(BashOperator): delete_entry>, create_entry_gcs already registered for DAG: example_complex
[2025-03-11T05:58:21.875+0000] {logging_mixin.py:137} INFO - [2025-03-11T05:58:21.875+0000] {taskmixin.py:205} WARNING - Dependency <Task(BashOperator): create_tag>, delete_tag already registered for DAG: example_complex
[2025-03-11T05:58:21.875+0000] {logging_mixin.py:137} INFO - [2025-03-11T05:58:21.875+0000] {taskmixin.py:205} WARNING - Dependency <Task(BashOperator): delete_tag>, create_tag already registered for DAG: example_complex
[2025-03-11T05:58:21.882+0000] {processor.py:753} INFO - DAG(s) dict_keys(['example_complex']) retrieved from /home/airflow/.local/lib/python3.7/site-packages/airflow/example_dags/example_complex.py
[2025-03-11T05:58:21.920+0000] {logging_mixin.py:137} INFO - [2025-03-11T05:58:21.920+0000] {dag.py:2676} INFO - Sync 1 DAGs
[2025-03-11T05:58:21.940+0000] {logging_mixin.py:137} INFO - [2025-03-11T05:58:21.940+0000] {dag.py:3427} INFO - Setting next_dagrun for example_complex to None, run_after=None
[2025-03-11T05:58:21.955+0000] {processor.py:175} INFO - Processing /home/airflow/.local/lib/python3.7/site-packages/airflow/example_dags/example_complex.py took 0.094 seconds
[2025-03-11T05:58:52.315+0000] {processor.py:153} INFO - Started process (PID=540) to work on /home/airflow/.local/lib/python3.7/site-packages/airflow/example_dags/example_complex.py
[2025-03-11T05:58:52.316+0000] {processor.py:743} INFO - Processing file /home/airflow/.local/lib/python3.7/site-packages/airflow/example_dags/example_complex.py for tasks to queue
[2025-03-11T05:58:52.317+0000] {logging_mixin.py:137} INFO - [2025-03-11T05:58:52.317+0000] {dagbag.py:538} INFO - Filling up the DagBag from /home/airflow/.local/lib/python3.7/site-packages/airflow/example_dags/example_complex.py
[2025-03-11T05:58:52.328+0000] {logging_mixin.py:137} INFO - [2025-03-11T05:58:52.327+0000] {taskmixin.py:205} WARNING - Dependency <Task(BashOperator): create_entry_group>, delete_entry_group already registered for DAG: example_complex
[2025-03-11T05:58:52.328+0000] {logging_mixin.py:137} INFO - [2025-03-11T05:58:52.328+0000] {taskmixin.py:205} WARNING - Dependency <Task(BashOperator): delete_entry_group>, create_entry_group already registered for DAG: example_complex
[2025-03-11T05:58:52.328+0000] {logging_mixin.py:137} INFO - [2025-03-11T05:58:52.328+0000] {taskmixin.py:205} WARNING - Dependency <Task(BashOperator): create_entry_gcs>, delete_entry already registered for DAG: example_complex
[2025-03-11T05:58:52.328+0000] {logging_mixin.py:137} INFO - [2025-03-11T05:58:52.328+0000] {taskmixin.py:205} WARNING - Dependency <Task(BashOperator): delete_entry>, create_entry_gcs already registered for DAG: example_complex
[2025-03-11T05:58:52.329+0000] {logging_mixin.py:137} INFO - [2025-03-11T05:58:52.329+0000] {taskmixin.py:205} WARNING - Dependency <Task(BashOperator): create_tag>, delete_tag already registered for DAG: example_complex
[2025-03-11T05:58:52.329+0000] {logging_mixin.py:137} INFO - [2025-03-11T05:58:52.329+0000] {taskmixin.py:205} WARNING - Dependency <Task(BashOperator): delete_tag>, create_tag already registered for DAG: example_complex
[2025-03-11T05:58:52.336+0000] {processor.py:753} INFO - DAG(s) dict_keys(['example_complex']) retrieved from /home/airflow/.local/lib/python3.7/site-packages/airflow/example_dags/example_complex.py
[2025-03-11T05:58:52.374+0000] {logging_mixin.py:137} INFO - [2025-03-11T05:58:52.374+0000] {dag.py:2676} INFO - Sync 1 DAGs
[2025-03-11T05:58:52.394+0000] {logging_mixin.py:137} INFO - [2025-03-11T05:58:52.394+0000] {dag.py:3427} INFO - Setting next_dagrun for example_complex to None, run_after=None
[2025-03-11T05:58:52.409+0000] {processor.py:175} INFO - Processing /home/airflow/.local/lib/python3.7/site-packages/airflow/example_dags/example_complex.py took 0.096 seconds
[2025-03-11T05:59:22.937+0000] {processor.py:153} INFO - Started process (PID=579) to work on /home/airflow/.local/lib/python3.7/site-packages/airflow/example_dags/example_complex.py
[2025-03-11T05:59:22.938+0000] {processor.py:743} INFO - Processing file /home/airflow/.local/lib/python3.7/site-packages/airflow/example_dags/example_complex.py for tasks to queue
[2025-03-11T05:59:22.938+0000] {logging_mixin.py:137} INFO - [2025-03-11T05:59:22.938+0000] {dagbag.py:538} INFO - Filling up the DagBag from /home/airflow/.local/lib/python3.7/site-packages/airflow/example_dags/example_complex.py
[2025-03-11T05:59:22.949+0000] {logging_mixin.py:137} INFO - [2025-03-11T05:59:22.949+0000] {taskmixin.py:205} WARNING - Dependency <Task(BashOperator): create_entry_group>, delete_entry_group already registered for DAG: example_complex
[2025-03-11T05:59:22.949+0000] {logging_mixin.py:137} INFO - [2025-03-11T05:59:22.949+0000] {taskmixin.py:205} WARNING - Dependency <Task(BashOperator): delete_entry_group>, create_entry_group already registered for DAG: example_complex
[2025-03-11T05:59:22.949+0000] {logging_mixin.py:137} INFO - [2025-03-11T05:59:22.949+0000] {taskmixin.py:205} WARNING - Dependency <Task(BashOperator): create_entry_gcs>, delete_entry already registered for DAG: example_complex
[2025-03-11T05:59:22.950+0000] {logging_mixin.py:137} INFO - [2025-03-11T05:59:22.950+0000] {taskmixin.py:205} WARNING - Dependency <Task(BashOperator): delete_entry>, create_entry_gcs already registered for DAG: example_complex
[2025-03-11T05:59:22.950+0000] {logging_mixin.py:137} INFO - [2025-03-11T05:59:22.950+0000] {taskmixin.py:205} WARNING - Dependency <Task(BashOperator): create_tag>, delete_tag already registered for DAG: example_complex
[2025-03-11T05:59:22.950+0000] {logging_mixin.py:137} INFO - [2025-03-11T05:59:22.950+0000] {taskmixin.py:205} WARNING - Dependency <Task(BashOperator): delete_tag>, create_tag already registered for DAG: example_complex
[2025-03-11T05:59:22.956+0000] {processor.py:753} INFO - DAG(s) dict_keys(['example_complex']) retrieved from /home/airflow/.local/lib/python3.7/site-packages/airflow/example_dags/example_complex.py
[2025-03-11T05:59:22.993+0000] {logging_mixin.py:137} INFO - [2025-03-11T05:59:22.993+0000] {dag.py:2676} INFO - Sync 1 DAGs
[2025-03-11T05:59:23.013+0000] {logging_mixin.py:137} INFO - [2025-03-11T05:59:23.013+0000] {dag.py:3427} INFO - Setting next_dagrun for example_complex to None, run_after=None
[2025-03-11T05:59:23.034+0000] {processor.py:175} INFO - Processing /home/airflow/.local/lib/python3.7/site-packages/airflow/example_dags/example_complex.py took 0.099 seconds
[2025-03-11T05:59:53.498+0000] {processor.py:153} INFO - Started process (PID=618) to work on /home/airflow/.local/lib/python3.7/site-packages/airflow/example_dags/example_complex.py
[2025-03-11T05:59:53.499+0000] {processor.py:743} INFO - Processing file /home/airflow/.local/lib/python3.7/site-packages/airflow/example_dags/example_complex.py for tasks to queue
[2025-03-11T05:59:53.500+0000] {logging_mixin.py:137} INFO - [2025-03-11T05:59:53.500+0000] {dagbag.py:538} INFO - Filling up the DagBag from /home/airflow/.local/lib/python3.7/site-packages/airflow/example_dags/example_complex.py
[2025-03-11T05:59:53.511+0000] {logging_mixin.py:137} INFO - [2025-03-11T05:59:53.511+0000] {taskmixin.py:205} WARNING - Dependency <Task(BashOperator): create_entry_group>, delete_entry_group already registered for DAG: example_complex
[2025-03-11T05:59:53.511+0000] {logging_mixin.py:137} INFO - [2025-03-11T05:59:53.511+0000] {taskmixin.py:205} WARNING - Dependency <Task(BashOperator): delete_entry_group>, create_entry_group already registered for DAG: example_complex
[2025-03-11T05:59:53.511+0000] {logging_mixin.py:137} INFO - [2025-03-11T05:59:53.511+0000] {taskmixin.py:205} WARNING - Dependency <Task(BashOperator): create_entry_gcs>, delete_entry already registered for DAG: example_complex
[2025-03-11T05:59:53.511+0000] {logging_mixin.py:137} INFO - [2025-03-11T05:59:53.511+0000] {taskmixin.py:205} WARNING - Dependency <Task(BashOperator): delete_entry>, create_entry_gcs already registered for DAG: example_complex
[2025-03-11T05:59:53.512+0000] {logging_mixin.py:137} INFO - [2025-03-11T05:59:53.512+0000] {taskmixin.py:205} WARNING - Dependency <Task(BashOperator): create_tag>, delete_tag already registered for DAG: example_complex
[2025-03-11T05:59:53.512+0000] {logging_mixin.py:137} INFO - [2025-03-11T05:59:53.512+0000] {taskmixin.py:205} WARNING - Dependency <Task(BashOperator): delete_tag>, create_tag already registered for DAG: example_complex
[2025-03-11T05:59:53.518+0000] {processor.py:753} INFO - DAG(s) dict_keys(['example_complex']) retrieved from /home/airflow/.local/lib/python3.7/site-packages/airflow/example_dags/example_complex.py
[2025-03-11T05:59:53.561+0000] {logging_mixin.py:137} INFO - [2025-03-11T05:59:53.561+0000] {dag.py:2676} INFO - Sync 1 DAGs
[2025-03-11T05:59:53.581+0000] {logging_mixin.py:137} INFO - [2025-03-11T05:59:53.581+0000] {dag.py:3427} INFO - Setting next_dagrun for example_complex to None, run_after=None
[2025-03-11T05:59:53.596+0000] {processor.py:175} INFO - Processing /home/airflow/.local/lib/python3.7/site-packages/airflow/example_dags/example_complex.py took 0.100 seconds
[2025-03-11T06:00:24.001+0000] {processor.py:153} INFO - Started process (PID=657) to work on /home/airflow/.local/lib/python3.7/site-packages/airflow/example_dags/example_complex.py
[2025-03-11T06:00:24.002+0000] {processor.py:743} INFO - Processing file /home/airflow/.local/lib/python3.7/site-packages/airflow/example_dags/example_complex.py for tasks to queue
[2025-03-11T06:00:24.003+0000] {logging_mixin.py:137} INFO - [2025-03-11T06:00:24.003+0000] {dagbag.py:538} INFO - Filling up the DagBag from /home/airflow/.local/lib/python3.7/site-packages/airflow/example_dags/example_complex.py
[2025-03-11T06:00:24.013+0000] {logging_mixin.py:137} INFO - [2025-03-11T06:00:24.013+0000] {taskmixin.py:205} WARNING - Dependency <Task(BashOperator): create_entry_group>, delete_entry_group already registered for DAG: example_complex
[2025-03-11T06:00:24.013+0000] {logging_mixin.py:137} INFO - [2025-03-11T06:00:24.013+0000] {taskmixin.py:205} WARNING - Dependency <Task(BashOperator): delete_entry_group>, create_entry_group already registered for DAG: example_complex
[2025-03-11T06:00:24.014+0000] {logging_mixin.py:137} INFO - [2025-03-11T06:00:24.013+0000] {taskmixin.py:205} WARNING - Dependency <Task(BashOperator): create_entry_gcs>, delete_entry already registered for DAG: example_complex
[2025-03-11T06:00:24.014+0000] {logging_mixin.py:137} INFO - [2025-03-11T06:00:24.014+0000] {taskmixin.py:205} WARNING - Dependency <Task(BashOperator): delete_entry>, create_entry_gcs already registered for DAG: example_complex
[2025-03-11T06:00:24.014+0000] {logging_mixin.py:137} INFO - [2025-03-11T06:00:24.014+0000] {taskmixin.py:205} WARNING - Dependency <Task(BashOperator): create_tag>, delete_tag already registered for DAG: example_complex
[2025-03-11T06:00:24.014+0000] {logging_mixin.py:137} INFO - [2025-03-11T06:00:24.014+0000] {taskmixin.py:205} WARNING - Dependency <Task(BashOperator): delete_tag>, create_tag already registered for DAG: example_complex
[2025-03-11T06:00:24.022+0000] {processor.py:753} INFO - DAG(s) dict_keys(['example_complex']) retrieved from /home/airflow/.local/lib/python3.7/site-packages/airflow/example_dags/example_complex.py
[2025-03-11T06:00:24.061+0000] {logging_mixin.py:137} INFO - [2025-03-11T06:00:24.060+0000] {dag.py:2676} INFO - Sync 1 DAGs
[2025-03-11T06:00:24.081+0000] {logging_mixin.py:137} INFO - [2025-03-11T06:00:24.081+0000] {dag.py:3427} INFO - Setting next_dagrun for example_complex to None, run_after=None
[2025-03-11T06:00:24.101+0000] {processor.py:175} INFO - Processing /home/airflow/.local/lib/python3.7/site-packages/airflow/example_dags/example_complex.py took 0.102 seconds
[2025-03-11T06:00:54.714+0000] {processor.py:153} INFO - Started process (PID=696) to work on /home/airflow/.local/lib/python3.7/site-packages/airflow/example_dags/example_complex.py
[2025-03-11T06:00:54.715+0000] {processor.py:743} INFO - Processing file /home/airflow/.local/lib/python3.7/site-packages/airflow/example_dags/example_complex.py for tasks to queue
[2025-03-11T06:00:54.717+0000] {logging_mixin.py:137} INFO - [2025-03-11T06:00:54.716+0000] {dagbag.py:538} INFO - Filling up the DagBag from /home/airflow/.local/lib/python3.7/site-packages/airflow/example_dags/example_complex.py
[2025-03-11T06:00:54.727+0000] {logging_mixin.py:137} INFO - [2025-03-11T06:00:54.727+0000] {taskmixin.py:205} WARNING - Dependency <Task(BashOperator): create_entry_group>, delete_entry_group already registered for DAG: example_complex
[2025-03-11T06:00:54.728+0000] {logging_mixin.py:137} INFO - [2025-03-11T06:00:54.728+0000] {taskmixin.py:205} WARNING - Dependency <Task(BashOperator): delete_entry_group>, create_entry_group already registered for DAG: example_complex
[2025-03-11T06:00:54.729+0000] {logging_mixin.py:137} INFO - [2025-03-11T06:00:54.729+0000] {taskmixin.py:205} WARNING - Dependency <Task(BashOperator): create_entry_gcs>, delete_entry already registered for DAG: example_complex
[2025-03-11T06:00:54.730+0000] {logging_mixin.py:137} INFO - [2025-03-11T06:00:54.729+0000] {taskmixin.py:205} WARNING - Dependency <Task(BashOperator): delete_entry>, create_entry_gcs already registered for DAG: example_complex
[2025-03-11T06:00:54.730+0000] {logging_mixin.py:137} INFO - [2025-03-11T06:00:54.730+0000] {taskmixin.py:205} WARNING - Dependency <Task(BashOperator): create_tag>, delete_tag already registered for DAG: example_complex
[2025-03-11T06:00:54.730+0000] {logging_mixin.py:137} INFO - [2025-03-11T06:00:54.730+0000] {taskmixin.py:205} WARNING - Dependency <Task(BashOperator): delete_tag>, create_tag already registered for DAG: example_complex
[2025-03-11T06:00:54.738+0000] {processor.py:753} INFO - DAG(s) dict_keys(['example_complex']) retrieved from /home/airflow/.local/lib/python3.7/site-packages/airflow/example_dags/example_complex.py
[2025-03-11T06:00:54.777+0000] {logging_mixin.py:137} INFO - [2025-03-11T06:00:54.777+0000] {dag.py:2676} INFO - Sync 1 DAGs
[2025-03-11T06:00:54.797+0000] {logging_mixin.py:137} INFO - [2025-03-11T06:00:54.797+0000] {dag.py:3427} INFO - Setting next_dagrun for example_complex to None, run_after=None
[2025-03-11T06:00:54.813+0000] {processor.py:175} INFO - Processing /home/airflow/.local/lib/python3.7/site-packages/airflow/example_dags/example_complex.py took 0.101 seconds
[2025-03-11T06:01:25.141+0000] {processor.py:153} INFO - Started process (PID=735) to work on /home/airflow/.local/lib/python3.7/site-packages/airflow/example_dags/example_complex.py
[2025-03-11T06:01:25.142+0000] {processor.py:743} INFO - Processing file /home/airflow/.local/lib/python3.7/site-packages/airflow/example_dags/example_complex.py for tasks to queue
[2025-03-11T06:01:25.143+0000] {logging_mixin.py:137} INFO - [2025-03-11T06:01:25.143+0000] {dagbag.py:538} INFO - Filling up the DagBag from /home/airflow/.local/lib/python3.7/site-packages/airflow/example_dags/example_complex.py
[2025-03-11T06:01:25.154+0000] {logging_mixin.py:137} INFO - [2025-03-11T06:01:25.154+0000] {taskmixin.py:205} WARNING - Dependency <Task(BashOperator): create_entry_group>, delete_entry_group already registered for DAG: example_complex
[2025-03-11T06:01:25.154+0000] {logging_mixin.py:137} INFO - [2025-03-11T06:01:25.154+0000] {taskmixin.py:205} WARNING - Dependency <Task(BashOperator): delete_entry_group>, create_entry_group already registered for DAG: example_complex
[2025-03-11T06:01:25.154+0000] {logging_mixin.py:137} INFO - [2025-03-11T06:01:25.154+0000] {taskmixin.py:205} WARNING - Dependency <Task(BashOperator): create_entry_gcs>, delete_entry already registered for DAG: example_complex
[2025-03-11T06:01:25.155+0000] {logging_mixin.py:137} INFO - [2025-03-11T06:01:25.155+0000] {taskmixin.py:205} WARNING - Dependency <Task(BashOperator): delete_entry>, create_entry_gcs already registered for DAG: example_complex
[2025-03-11T06:01:25.155+0000] {logging_mixin.py:137} INFO - [2025-03-11T06:01:25.155+0000] {taskmixin.py:205} WARNING - Dependency <Task(BashOperator): create_tag>, delete_tag already registered for DAG: example_complex
[2025-03-11T06:01:25.155+0000] {logging_mixin.py:137} INFO - [2025-03-11T06:01:25.155+0000] {taskmixin.py:205} WARNING - Dependency <Task(BashOperator): delete_tag>, create_tag already registered for DAG: example_complex
[2025-03-11T06:01:25.162+0000] {processor.py:753} INFO - DAG(s) dict_keys(['example_complex']) retrieved from /home/airflow/.local/lib/python3.7/site-packages/airflow/example_dags/example_complex.py
[2025-03-11T06:01:25.198+0000] {logging_mixin.py:137} INFO - [2025-03-11T06:01:25.198+0000] {dag.py:2676} INFO - Sync 1 DAGs
[2025-03-11T06:01:25.218+0000] {logging_mixin.py:137} INFO - [2025-03-11T06:01:25.218+0000] {dag.py:3427} INFO - Setting next_dagrun for example_complex to None, run_after=None
[2025-03-11T06:01:25.233+0000] {processor.py:175} INFO - Processing /home/airflow/.local/lib/python3.7/site-packages/airflow/example_dags/example_complex.py took 0.094 seconds
[2025-03-11T06:01:55.399+0000] {processor.py:153} INFO - Started process (PID=774) to work on /home/airflow/.local/lib/python3.7/site-packages/airflow/example_dags/example_complex.py
[2025-03-11T06:01:55.399+0000] {processor.py:743} INFO - Processing file /home/airflow/.local/lib/python3.7/site-packages/airflow/example_dags/example_complex.py for tasks to queue
[2025-03-11T06:01:55.400+0000] {logging_mixin.py:137} INFO - [2025-03-11T06:01:55.400+0000] {dagbag.py:538} INFO - Filling up the DagBag from /home/airflow/.local/lib/python3.7/site-packages/airflow/example_dags/example_complex.py
[2025-03-11T06:01:55.409+0000] {logging_mixin.py:137} INFO - [2025-03-11T06:01:55.409+0000] {taskmixin.py:205} WARNING - Dependency <Task(BashOperator): create_entry_group>, delete_entry_group already registered for DAG: example_complex
[2025-03-11T06:01:55.409+0000] {logging_mixin.py:137} INFO - [2025-03-11T06:01:55.409+0000] {taskmixin.py:205} WARNING - Dependency <Task(BashOperator): delete_entry_group>, create_entry_group already registered for DAG: example_complex
[2025-03-11T06:01:55.410+0000] {logging_mixin.py:137} INFO - [2025-03-11T06:01:55.410+0000] {taskmixin.py:205} WARNING - Dependency <Task(BashOperator): create_entry_gcs>, delete_entry already registered for DAG: example_complex
[2025-03-11T06:01:55.410+0000] {logging_mixin.py:137} INFO - [2025-03-11T06:01:55.410+0000] {taskmixin.py:205} WARNING - Dependency <Task(BashOperator): delete_entry>, create_entry_gcs already registered for DAG: example_complex
[2025-03-11T06:01:55.410+0000] {logging_mixin.py:137} INFO - [2025-03-11T06:01:55.410+0000] {taskmixin.py:205} WARNING - Dependency <Task(BashOperator): create_tag>, delete_tag already registered for DAG: example_complex
[2025-03-11T06:01:55.410+0000] {logging_mixin.py:137} INFO - [2025-03-11T06:01:55.410+0000] {taskmixin.py:205} WARNING - Dependency <Task(BashOperator): delete_tag>, create_tag already registered for DAG: example_complex
[2025-03-11T06:01:55.417+0000] {processor.py:753} INFO - DAG(s) dict_keys(['example_complex']) retrieved from /home/airflow/.local/lib/python3.7/site-packages/airflow/example_dags/example_complex.py
[2025-03-11T06:01:55.456+0000] {logging_mixin.py:137} INFO - [2025-03-11T06:01:55.455+0000] {dag.py:2676} INFO - Sync 1 DAGs
[2025-03-11T06:01:55.476+0000] {logging_mixin.py:137} INFO - [2025-03-11T06:01:55.476+0000] {dag.py:3427} INFO - Setting next_dagrun for example_complex to None, run_after=None
[2025-03-11T06:01:55.492+0000] {processor.py:175} INFO - Processing /home/airflow/.local/lib/python3.7/site-packages/airflow/example_dags/example_complex.py took 0.096 seconds
[2025-03-11T06:02:26.429+0000] {processor.py:153} INFO - Started process (PID=813) to work on /home/airflow/.local/lib/python3.7/site-packages/airflow/example_dags/example_complex.py
[2025-03-11T06:02:26.430+0000] {processor.py:743} INFO - Processing file /home/airflow/.local/lib/python3.7/site-packages/airflow/example_dags/example_complex.py for tasks to queue
[2025-03-11T06:02:26.431+0000] {logging_mixin.py:137} INFO - [2025-03-11T06:02:26.431+0000] {dagbag.py:538} INFO - Filling up the DagBag from /home/airflow/.local/lib/python3.7/site-packages/airflow/example_dags/example_complex.py
[2025-03-11T06:02:26.441+0000] {logging_mixin.py:137} INFO - [2025-03-11T06:02:26.441+0000] {taskmixin.py:205} WARNING - Dependency <Task(BashOperator): create_entry_group>, delete_entry_group already registered for DAG: example_complex
[2025-03-11T06:02:26.441+0000] {logging_mixin.py:137} INFO - [2025-03-11T06:02:26.441+0000] {taskmixin.py:205} WARNING - Dependency <Task(BashOperator): delete_entry_group>, create_entry_group already registered for DAG: example_complex
[2025-03-11T06:02:26.442+0000] {logging_mixin.py:137} INFO - [2025-03-11T06:02:26.442+0000] {taskmixin.py:205} WARNING - Dependency <Task(BashOperator): create_entry_gcs>, delete_entry already registered for DAG: example_complex
[2025-03-11T06:02:26.442+0000] {logging_mixin.py:137} INFO - [2025-03-11T06:02:26.442+0000] {taskmixin.py:205} WARNING - Dependency <Task(BashOperator): delete_entry>, create_entry_gcs already registered for DAG: example_complex
[2025-03-11T06:02:26.442+0000] {logging_mixin.py:137} INFO - [2025-03-11T06:02:26.442+0000] {taskmixin.py:205} WARNING - Dependency <Task(BashOperator): create_tag>, delete_tag already registered for DAG: example_complex
[2025-03-11T06:02:26.443+0000] {logging_mixin.py:137} INFO - [2025-03-11T06:02:26.443+0000] {taskmixin.py:205} WARNING - Dependency <Task(BashOperator): delete_tag>, create_tag already registered for DAG: example_complex
[2025-03-11T06:02:26.453+0000] {processor.py:753} INFO - DAG(s) dict_keys(['example_complex']) retrieved from /home/airflow/.local/lib/python3.7/site-packages/airflow/example_dags/example_complex.py
[2025-03-11T06:02:26.491+0000] {logging_mixin.py:137} INFO - [2025-03-11T06:02:26.491+0000] {dag.py:2676} INFO - Sync 1 DAGs
[2025-03-11T06:02:26.511+0000] {logging_mixin.py:137} INFO - [2025-03-11T06:02:26.511+0000] {dag.py:3427} INFO - Setting next_dagrun for example_complex to None, run_after=None
[2025-03-11T06:02:26.533+0000] {processor.py:175} INFO - Processing /home/airflow/.local/lib/python3.7/site-packages/airflow/example_dags/example_complex.py took 0.106 seconds
[2025-03-11T06:02:56.960+0000] {processor.py:153} INFO - Started process (PID=852) to work on /home/airflow/.local/lib/python3.7/site-packages/airflow/example_dags/example_complex.py
[2025-03-11T06:02:56.962+0000] {processor.py:743} INFO - Processing file /home/airflow/.local/lib/python3.7/site-packages/airflow/example_dags/example_complex.py for tasks to queue
[2025-03-11T06:02:56.963+0000] {logging_mixin.py:137} INFO - [2025-03-11T06:02:56.963+0000] {dagbag.py:538} INFO - Filling up the DagBag from /home/airflow/.local/lib/python3.7/site-packages/airflow/example_dags/example_complex.py
[2025-03-11T06:02:56.974+0000] {logging_mixin.py:137} INFO - [2025-03-11T06:02:56.974+0000] {taskmixin.py:205} WARNING - Dependency <Task(BashOperator): create_entry_group>, delete_entry_group already registered for DAG: example_complex
[2025-03-11T06:02:56.975+0000] {logging_mixin.py:137} INFO - [2025-03-11T06:02:56.975+0000] {taskmixin.py:205} WARNING - Dependency <Task(BashOperator): delete_entry_group>, create_entry_group already registered for DAG: example_complex
[2025-03-11T06:02:56.975+0000] {logging_mixin.py:137} INFO - [2025-03-11T06:02:56.975+0000] {taskmixin.py:205} WARNING - Dependency <Task(BashOperator): create_entry_gcs>, delete_entry already registered for DAG: example_complex
[2025-03-11T06:02:56.976+0000] {logging_mixin.py:137} INFO - [2025-03-11T06:02:56.976+0000] {taskmixin.py:205} WARNING - Dependency <Task(BashOperator): delete_entry>, create_entry_gcs already registered for DAG: example_complex
[2025-03-11T06:02:56.977+0000] {logging_mixin.py:137} INFO - [2025-03-11T06:02:56.977+0000] {taskmixin.py:205} WARNING - Dependency <Task(BashOperator): create_tag>, delete_tag already registered for DAG: example_complex
[2025-03-11T06:02:56.977+0000] {logging_mixin.py:137} INFO - [2025-03-11T06:02:56.977+0000] {taskmixin.py:205} WARNING - Dependency <Task(BashOperator): delete_tag>, create_tag already registered for DAG: example_complex
[2025-03-11T06:02:56.985+0000] {processor.py:753} INFO - DAG(s) dict_keys(['example_complex']) retrieved from /home/airflow/.local/lib/python3.7/site-packages/airflow/example_dags/example_complex.py
[2025-03-11T06:02:57.022+0000] {logging_mixin.py:137} INFO - [2025-03-11T06:02:57.022+0000] {dag.py:2676} INFO - Sync 1 DAGs
[2025-03-11T06:02:57.043+0000] {logging_mixin.py:137} INFO - [2025-03-11T06:02:57.043+0000] {dag.py:3427} INFO - Setting next_dagrun for example_complex to None, run_after=None
[2025-03-11T06:02:57.059+0000] {processor.py:175} INFO - Processing /home/airflow/.local/lib/python3.7/site-packages/airflow/example_dags/example_complex.py took 0.100 seconds
[2025-03-11T06:03:27.352+0000] {processor.py:153} INFO - Started process (PID=891) to work on /home/airflow/.local/lib/python3.7/site-packages/airflow/example_dags/example_complex.py
[2025-03-11T06:03:27.354+0000] {processor.py:743} INFO - Processing file /home/airflow/.local/lib/python3.7/site-packages/airflow/example_dags/example_complex.py for tasks to queue
[2025-03-11T06:03:27.355+0000] {logging_mixin.py:137} INFO - [2025-03-11T06:03:27.354+0000] {dagbag.py:538} INFO - Filling up the DagBag from /home/airflow/.local/lib/python3.7/site-packages/airflow/example_dags/example_complex.py
[2025-03-11T06:03:27.366+0000] {logging_mixin.py:137} INFO - [2025-03-11T06:03:27.365+0000] {taskmixin.py:205} WARNING - Dependency <Task(BashOperator): create_entry_group>, delete_entry_group already registered for DAG: example_complex
[2025-03-11T06:03:27.367+0000] {logging_mixin.py:137} INFO - [2025-03-11T06:03:27.367+0000] {taskmixin.py:205} WARNING - Dependency <Task(BashOperator): delete_entry_group>, create_entry_group already registered for DAG: example_complex
[2025-03-11T06:03:27.367+0000] {logging_mixin.py:137} INFO - [2025-03-11T06:03:27.367+0000] {taskmixin.py:205} WARNING - Dependency <Task(BashOperator): create_entry_gcs>, delete_entry already registered for DAG: example_complex
[2025-03-11T06:03:27.368+0000] {logging_mixin.py:137} INFO - [2025-03-11T06:03:27.368+0000] {taskmixin.py:205} WARNING - Dependency <Task(BashOperator): delete_entry>, create_entry_gcs already registered for DAG: example_complex
[2025-03-11T06:03:27.368+0000] {logging_mixin.py:137} INFO - [2025-03-11T06:03:27.368+0000] {taskmixin.py:205} WARNING - Dependency <Task(BashOperator): create_tag>, delete_tag already registered for DAG: example_complex
[2025-03-11T06:03:27.368+0000] {logging_mixin.py:137} INFO - [2025-03-11T06:03:27.368+0000] {taskmixin.py:205} WARNING - Dependency <Task(BashOperator): delete_tag>, create_tag already registered for DAG: example_complex
[2025-03-11T06:03:27.375+0000] {processor.py:753} INFO - DAG(s) dict_keys(['example_complex']) retrieved from /home/airflow/.local/lib/python3.7/site-packages/airflow/example_dags/example_complex.py
[2025-03-11T06:03:27.417+0000] {logging_mixin.py:137} INFO - [2025-03-11T06:03:27.417+0000] {dag.py:2676} INFO - Sync 1 DAGs
[2025-03-11T06:03:27.441+0000] {logging_mixin.py:137} INFO - [2025-03-11T06:03:27.441+0000] {dag.py:3427} INFO - Setting next_dagrun for example_complex to None, run_after=None
[2025-03-11T06:03:27.462+0000] {processor.py:175} INFO - Processing /home/airflow/.local/lib/python3.7/site-packages/airflow/example_dags/example_complex.py took 0.112 seconds
[2025-03-11T06:03:57.793+0000] {processor.py:153} INFO - Started process (PID=930) to work on /home/airflow/.local/lib/python3.7/site-packages/airflow/example_dags/example_complex.py
[2025-03-11T06:03:57.794+0000] {processor.py:743} INFO - Processing file /home/airflow/.local/lib/python3.7/site-packages/airflow/example_dags/example_complex.py for tasks to queue
[2025-03-11T06:03:57.795+0000] {logging_mixin.py:137} INFO - [2025-03-11T06:03:57.794+0000] {dagbag.py:538} INFO - Filling up the DagBag from /home/airflow/.local/lib/python3.7/site-packages/airflow/example_dags/example_complex.py
[2025-03-11T06:03:57.805+0000] {logging_mixin.py:137} INFO - [2025-03-11T06:03:57.805+0000] {taskmixin.py:205} WARNING - Dependency <Task(BashOperator): create_entry_group>, delete_entry_group already registered for DAG: example_complex
[2025-03-11T06:03:57.805+0000] {logging_mixin.py:137} INFO - [2025-03-11T06:03:57.805+0000] {taskmixin.py:205} WARNING - Dependency <Task(BashOperator): delete_entry_group>, create_entry_group already registered for DAG: example_complex
[2025-03-11T06:03:57.806+0000] {logging_mixin.py:137} INFO - [2025-03-11T06:03:57.806+0000] {taskmixin.py:205} WARNING - Dependency <Task(BashOperator): create_entry_gcs>, delete_entry already registered for DAG: example_complex
[2025-03-11T06:03:57.806+0000] {logging_mixin.py:137} INFO - [2025-03-11T06:03:57.806+0000] {taskmixin.py:205} WARNING - Dependency <Task(BashOperator): delete_entry>, create_entry_gcs already registered for DAG: example_complex
[2025-03-11T06:03:57.806+0000] {logging_mixin.py:137} INFO - [2025-03-11T06:03:57.806+0000] {taskmixin.py:205} WARNING - Dependency <Task(BashOperator): create_tag>, delete_tag already registered for DAG: example_complex
[2025-03-11T06:03:57.806+0000] {logging_mixin.py:137} INFO - [2025-03-11T06:03:57.806+0000] {taskmixin.py:205} WARNING - Dependency <Task(BashOperator): delete_tag>, create_tag already registered for DAG: example_complex
[2025-03-11T06:03:57.813+0000] {processor.py:753} INFO - DAG(s) dict_keys(['example_complex']) retrieved from /home/airflow/.local/lib/python3.7/site-packages/airflow/example_dags/example_complex.py
[2025-03-11T06:03:57.852+0000] {logging_mixin.py:137} INFO - [2025-03-11T06:03:57.852+0000] {dag.py:2676} INFO - Sync 1 DAGs
[2025-03-11T06:03:57.873+0000] {logging_mixin.py:137} INFO - [2025-03-11T06:03:57.873+0000] {dag.py:3427} INFO - Setting next_dagrun for example_complex to None, run_after=None
[2025-03-11T06:03:57.892+0000] {processor.py:175} INFO - Processing /home/airflow/.local/lib/python3.7/site-packages/airflow/example_dags/example_complex.py took 0.101 seconds
[2025-03-11T06:04:28.247+0000] {processor.py:153} INFO - Started process (PID=969) to work on /home/airflow/.local/lib/python3.7/site-packages/airflow/example_dags/example_complex.py
[2025-03-11T06:04:28.248+0000] {processor.py:743} INFO - Processing file /home/airflow/.local/lib/python3.7/site-packages/airflow/example_dags/example_complex.py for tasks to queue
[2025-03-11T06:04:28.249+0000] {logging_mixin.py:137} INFO - [2025-03-11T06:04:28.249+0000] {dagbag.py:538} INFO - Filling up the DagBag from /home/airflow/.local/lib/python3.7/site-packages/airflow/example_dags/example_complex.py
[2025-03-11T06:04:28.260+0000] {logging_mixin.py:137} INFO - [2025-03-11T06:04:28.260+0000] {taskmixin.py:205} WARNING - Dependency <Task(BashOperator): create_entry_group>, delete_entry_group already registered for DAG: example_complex
[2025-03-11T06:04:28.261+0000] {logging_mixin.py:137} INFO - [2025-03-11T06:04:28.261+0000] {taskmixin.py:205} WARNING - Dependency <Task(BashOperator): delete_entry_group>, create_entry_group already registered for DAG: example_complex
[2025-03-11T06:04:28.261+0000] {logging_mixin.py:137} INFO - [2025-03-11T06:04:28.261+0000] {taskmixin.py:205} WARNING - Dependency <Task(BashOperator): create_entry_gcs>, delete_entry already registered for DAG: example_complex
[2025-03-11T06:04:28.261+0000] {logging_mixin.py:137} INFO - [2025-03-11T06:04:28.261+0000] {taskmixin.py:205} WARNING - Dependency <Task(BashOperator): delete_entry>, create_entry_gcs already registered for DAG: example_complex
[2025-03-11T06:04:28.261+0000] {logging_mixin.py:137} INFO - [2025-03-11T06:04:28.261+0000] {taskmixin.py:205} WARNING - Dependency <Task(BashOperator): create_tag>, delete_tag already registered for DAG: example_complex
[2025-03-11T06:04:28.262+0000] {logging_mixin.py:137} INFO - [2025-03-11T06:04:28.262+0000] {taskmixin.py:205} WARNING - Dependency <Task(BashOperator): delete_tag>, create_tag already registered for DAG: example_complex
[2025-03-11T06:04:28.269+0000] {processor.py:753} INFO - DAG(s) dict_keys(['example_complex']) retrieved from /home/airflow/.local/lib/python3.7/site-packages/airflow/example_dags/example_complex.py
[2025-03-11T06:04:28.304+0000] {logging_mixin.py:137} INFO - [2025-03-11T06:04:28.304+0000] {dag.py:2676} INFO - Sync 1 DAGs
[2025-03-11T06:04:28.324+0000] {logging_mixin.py:137} INFO - [2025-03-11T06:04:28.324+0000] {dag.py:3427} INFO - Setting next_dagrun for example_complex to None, run_after=None
[2025-03-11T06:04:28.340+0000] {processor.py:175} INFO - Processing /home/airflow/.local/lib/python3.7/site-packages/airflow/example_dags/example_complex.py took 0.095 seconds
[2025-03-11T06:04:58.637+0000] {processor.py:153} INFO - Started process (PID=1008) to work on /home/airflow/.local/lib/python3.7/site-packages/airflow/example_dags/example_complex.py
[2025-03-11T06:04:58.638+0000] {processor.py:743} INFO - Processing file /home/airflow/.local/lib/python3.7/site-packages/airflow/example_dags/example_complex.py for tasks to queue
[2025-03-11T06:04:58.639+0000] {logging_mixin.py:137} INFO - [2025-03-11T06:04:58.639+0000] {dagbag.py:538} INFO - Filling up the DagBag from /home/airflow/.local/lib/python3.7/site-packages/airflow/example_dags/example_complex.py
[2025-03-11T06:04:58.649+0000] {logging_mixin.py:137} INFO - [2025-03-11T06:04:58.649+0000] {taskmixin.py:205} WARNING - Dependency <Task(BashOperator): create_entry_group>, delete_entry_group already registered for DAG: example_complex
[2025-03-11T06:04:58.649+0000] {logging_mixin.py:137} INFO - [2025-03-11T06:04:58.649+0000] {taskmixin.py:205} WARNING - Dependency <Task(BashOperator): delete_entry_group>, create_entry_group already registered for DAG: example_complex
[2025-03-11T06:04:58.650+0000] {logging_mixin.py:137} INFO - [2025-03-11T06:04:58.650+0000] {taskmixin.py:205} WARNING - Dependency <Task(BashOperator): create_entry_gcs>, delete_entry already registered for DAG: example_complex
[2025-03-11T06:04:58.650+0000] {logging_mixin.py:137} INFO - [2025-03-11T06:04:58.650+0000] {taskmixin.py:205} WARNING - Dependency <Task(BashOperator): delete_entry>, create_entry_gcs already registered for DAG: example_complex
[2025-03-11T06:04:58.650+0000] {logging_mixin.py:137} INFO - [2025-03-11T06:04:58.650+0000] {taskmixin.py:205} WARNING - Dependency <Task(BashOperator): create_tag>, delete_tag already registered for DAG: example_complex
[2025-03-11T06:04:58.650+0000] {logging_mixin.py:137} INFO - [2025-03-11T06:04:58.650+0000] {taskmixin.py:205} WARNING - Dependency <Task(BashOperator): delete_tag>, create_tag already registered for DAG: example_complex
[2025-03-11T06:04:58.658+0000] {processor.py:753} INFO - DAG(s) dict_keys(['example_complex']) retrieved from /home/airflow/.local/lib/python3.7/site-packages/airflow/example_dags/example_complex.py
[2025-03-11T06:04:58.693+0000] {logging_mixin.py:137} INFO - [2025-03-11T06:04:58.693+0000] {dag.py:2676} INFO - Sync 1 DAGs
[2025-03-11T06:04:58.715+0000] {logging_mixin.py:137} INFO - [2025-03-11T06:04:58.715+0000] {dag.py:3427} INFO - Setting next_dagrun for example_complex to None, run_after=None
[2025-03-11T06:04:58.736+0000] {processor.py:175} INFO - Processing /home/airflow/.local/lib/python3.7/site-packages/airflow/example_dags/example_complex.py took 0.100 seconds
[2025-03-11T06:05:29.080+0000] {processor.py:153} INFO - Started process (PID=1047) to work on /home/airflow/.local/lib/python3.7/site-packages/airflow/example_dags/example_complex.py
[2025-03-11T06:05:29.081+0000] {processor.py:743} INFO - Processing file /home/airflow/.local/lib/python3.7/site-packages/airflow/example_dags/example_complex.py for tasks to queue
[2025-03-11T06:05:29.082+0000] {logging_mixin.py:137} INFO - [2025-03-11T06:05:29.082+0000] {dagbag.py:538} INFO - Filling up the DagBag from /home/airflow/.local/lib/python3.7/site-packages/airflow/example_dags/example_complex.py
[2025-03-11T06:05:29.093+0000] {logging_mixin.py:137} INFO - [2025-03-11T06:05:29.092+0000] {taskmixin.py:205} WARNING - Dependency <Task(BashOperator): create_entry_group>, delete_entry_group already registered for DAG: example_complex
[2025-03-11T06:05:29.093+0000] {logging_mixin.py:137} INFO - [2025-03-11T06:05:29.093+0000] {taskmixin.py:205} WARNING - Dependency <Task(BashOperator): delete_entry_group>, create_entry_group already registered for DAG: example_complex
[2025-03-11T06:05:29.093+0000] {logging_mixin.py:137} INFO - [2025-03-11T06:05:29.093+0000] {taskmixin.py:205} WARNING - Dependency <Task(BashOperator): create_entry_gcs>, delete_entry already registered for DAG: example_complex
[2025-03-11T06:05:29.094+0000] {logging_mixin.py:137} INFO - [2025-03-11T06:05:29.093+0000] {taskmixin.py:205} WARNING - Dependency <Task(BashOperator): delete_entry>, create_entry_gcs already registered for DAG: example_complex
[2025-03-11T06:05:29.094+0000] {logging_mixin.py:137} INFO - [2025-03-11T06:05:29.094+0000] {taskmixin.py:205} WARNING - Dependency <Task(BashOperator): create_tag>, delete_tag already registered for DAG: example_complex
[2025-03-11T06:05:29.094+0000] {logging_mixin.py:137} INFO - [2025-03-11T06:05:29.094+0000] {taskmixin.py:205} WARNING - Dependency <Task(BashOperator): delete_tag>, create_tag already registered for DAG: example_complex
[2025-03-11T06:05:29.101+0000] {processor.py:753} INFO - DAG(s) dict_keys(['example_complex']) retrieved from /home/airflow/.local/lib/python3.7/site-packages/airflow/example_dags/example_complex.py
[2025-03-11T06:05:29.141+0000] {logging_mixin.py:137} INFO - [2025-03-11T06:05:29.141+0000] {dag.py:2676} INFO - Sync 1 DAGs
[2025-03-11T06:05:29.161+0000] {logging_mixin.py:137} INFO - [2025-03-11T06:05:29.161+0000] {dag.py:3427} INFO - Setting next_dagrun for example_complex to None, run_after=None
[2025-03-11T06:05:29.185+0000] {processor.py:175} INFO - Processing /home/airflow/.local/lib/python3.7/site-packages/airflow/example_dags/example_complex.py took 0.107 seconds
[2025-03-11T06:05:59.592+0000] {processor.py:153} INFO - Started process (PID=1086) to work on /home/airflow/.local/lib/python3.7/site-packages/airflow/example_dags/example_complex.py
[2025-03-11T06:05:59.593+0000] {processor.py:743} INFO - Processing file /home/airflow/.local/lib/python3.7/site-packages/airflow/example_dags/example_complex.py for tasks to queue
[2025-03-11T06:05:59.594+0000] {logging_mixin.py:137} INFO - [2025-03-11T06:05:59.594+0000] {dagbag.py:538} INFO - Filling up the DagBag from /home/airflow/.local/lib/python3.7/site-packages/airflow/example_dags/example_complex.py
[2025-03-11T06:05:59.605+0000] {logging_mixin.py:137} INFO - [2025-03-11T06:05:59.605+0000] {taskmixin.py:205} WARNING - Dependency <Task(BashOperator): create_entry_group>, delete_entry_group already registered for DAG: example_complex
[2025-03-11T06:05:59.606+0000] {logging_mixin.py:137} INFO - [2025-03-11T06:05:59.606+0000] {taskmixin.py:205} WARNING - Dependency <Task(BashOperator): delete_entry_group>, create_entry_group already registered for DAG: example_complex
[2025-03-11T06:05:59.606+0000] {logging_mixin.py:137} INFO - [2025-03-11T06:05:59.606+0000] {taskmixin.py:205} WARNING - Dependency <Task(BashOperator): create_entry_gcs>, delete_entry already registered for DAG: example_complex
[2025-03-11T06:05:59.606+0000] {logging_mixin.py:137} INFO - [2025-03-11T06:05:59.606+0000] {taskmixin.py:205} WARNING - Dependency <Task(BashOperator): delete_entry>, create_entry_gcs already registered for DAG: example_complex
[2025-03-11T06:05:59.607+0000] {logging_mixin.py:137} INFO - [2025-03-11T06:05:59.607+0000] {taskmixin.py:205} WARNING - Dependency <Task(BashOperator): create_tag>, delete_tag already registered for DAG: example_complex
[2025-03-11T06:05:59.607+0000] {logging_mixin.py:137} INFO - [2025-03-11T06:05:59.607+0000] {taskmixin.py:205} WARNING - Dependency <Task(BashOperator): delete_tag>, create_tag already registered for DAG: example_complex
[2025-03-11T06:05:59.615+0000] {processor.py:753} INFO - DAG(s) dict_keys(['example_complex']) retrieved from /home/airflow/.local/lib/python3.7/site-packages/airflow/example_dags/example_complex.py
[2025-03-11T06:05:59.650+0000] {logging_mixin.py:137} INFO - [2025-03-11T06:05:59.650+0000] {dag.py:2676} INFO - Sync 1 DAGs
[2025-03-11T06:05:59.671+0000] {logging_mixin.py:137} INFO - [2025-03-11T06:05:59.671+0000] {dag.py:3427} INFO - Setting next_dagrun for example_complex to None, run_after=None
[2025-03-11T06:05:59.688+0000] {processor.py:175} INFO - Processing /home/airflow/.local/lib/python3.7/site-packages/airflow/example_dags/example_complex.py took 0.098 seconds
[2025-03-11T06:06:29.934+0000] {processor.py:153} INFO - Started process (PID=1125) to work on /home/airflow/.local/lib/python3.7/site-packages/airflow/example_dags/example_complex.py
[2025-03-11T06:06:29.935+0000] {processor.py:743} INFO - Processing file /home/airflow/.local/lib/python3.7/site-packages/airflow/example_dags/example_complex.py for tasks to queue
[2025-03-11T06:06:29.936+0000] {logging_mixin.py:137} INFO - [2025-03-11T06:06:29.936+0000] {dagbag.py:538} INFO - Filling up the DagBag from /home/airflow/.local/lib/python3.7/site-packages/airflow/example_dags/example_complex.py
[2025-03-11T06:06:29.947+0000] {logging_mixin.py:137} INFO - [2025-03-11T06:06:29.947+0000] {taskmixin.py:205} WARNING - Dependency <Task(BashOperator): create_entry_group>, delete_entry_group already registered for DAG: example_complex
[2025-03-11T06:06:29.948+0000] {logging_mixin.py:137} INFO - [2025-03-11T06:06:29.948+0000] {taskmixin.py:205} WARNING - Dependency <Task(BashOperator): delete_entry_group>, create_entry_group already registered for DAG: example_complex
[2025-03-11T06:06:29.948+0000] {logging_mixin.py:137} INFO - [2025-03-11T06:06:29.948+0000] {taskmixin.py:205} WARNING - Dependency <Task(BashOperator): create_entry_gcs>, delete_entry already registered for DAG: example_complex
[2025-03-11T06:06:29.949+0000] {logging_mixin.py:137} INFO - [2025-03-11T06:06:29.949+0000] {taskmixin.py:205} WARNING - Dependency <Task(BashOperator): delete_entry>, create_entry_gcs already registered for DAG: example_complex
[2025-03-11T06:06:29.951+0000] {logging_mixin.py:137} INFO - [2025-03-11T06:06:29.951+0000] {taskmixin.py:205} WARNING - Dependency <Task(BashOperator): create_tag>, delete_tag already registered for DAG: example_complex
[2025-03-11T06:06:29.951+0000] {logging_mixin.py:137} INFO - [2025-03-11T06:06:29.951+0000] {taskmixin.py:205} WARNING - Dependency <Task(BashOperator): delete_tag>, create_tag already registered for DAG: example_complex
[2025-03-11T06:06:29.958+0000] {processor.py:753} INFO - DAG(s) dict_keys(['example_complex']) retrieved from /home/airflow/.local/lib/python3.7/site-packages/airflow/example_dags/example_complex.py
[2025-03-11T06:06:29.998+0000] {logging_mixin.py:137} INFO - [2025-03-11T06:06:29.998+0000] {dag.py:2676} INFO - Sync 1 DAGs
[2025-03-11T06:06:30.019+0000] {logging_mixin.py:137} INFO - [2025-03-11T06:06:30.019+0000] {dag.py:3427} INFO - Setting next_dagrun for example_complex to None, run_after=None
[2025-03-11T06:06:30.040+0000] {processor.py:175} INFO - Processing /home/airflow/.local/lib/python3.7/site-packages/airflow/example_dags/example_complex.py took 0.109 seconds
[2025-03-11T06:07:00.361+0000] {processor.py:153} INFO - Started process (PID=1164) to work on /home/airflow/.local/lib/python3.7/site-packages/airflow/example_dags/example_complex.py
[2025-03-11T06:07:00.363+0000] {processor.py:743} INFO - Processing file /home/airflow/.local/lib/python3.7/site-packages/airflow/example_dags/example_complex.py for tasks to queue
[2025-03-11T06:07:00.364+0000] {logging_mixin.py:137} INFO - [2025-03-11T06:07:00.364+0000] {dagbag.py:538} INFO - Filling up the DagBag from /home/airflow/.local/lib/python3.7/site-packages/airflow/example_dags/example_complex.py
[2025-03-11T06:07:00.376+0000] {logging_mixin.py:137} INFO - [2025-03-11T06:07:00.375+0000] {taskmixin.py:205} WARNING - Dependency <Task(BashOperator): create_entry_group>, delete_entry_group already registered for DAG: example_complex
[2025-03-11T06:07:00.376+0000] {logging_mixin.py:137} INFO - [2025-03-11T06:07:00.376+0000] {taskmixin.py:205} WARNING - Dependency <Task(BashOperator): delete_entry_group>, create_entry_group already registered for DAG: example_complex
[2025-03-11T06:07:00.377+0000] {logging_mixin.py:137} INFO - [2025-03-11T06:07:00.377+0000] {taskmixin.py:205} WARNING - Dependency <Task(BashOperator): create_entry_gcs>, delete_entry already registered for DAG: example_complex
[2025-03-11T06:07:00.378+0000] {logging_mixin.py:137} INFO - [2025-03-11T06:07:00.378+0000] {taskmixin.py:205} WARNING - Dependency <Task(BashOperator): delete_entry>, create_entry_gcs already registered for DAG: example_complex
[2025-03-11T06:07:00.378+0000] {logging_mixin.py:137} INFO - [2025-03-11T06:07:00.378+0000] {taskmixin.py:205} WARNING - Dependency <Task(BashOperator): create_tag>, delete_tag already registered for DAG: example_complex
[2025-03-11T06:07:00.378+0000] {logging_mixin.py:137} INFO - [2025-03-11T06:07:00.378+0000] {taskmixin.py:205} WARNING - Dependency <Task(BashOperator): delete_tag>, create_tag already registered for DAG: example_complex
[2025-03-11T06:07:00.384+0000] {processor.py:753} INFO - DAG(s) dict_keys(['example_complex']) retrieved from /home/airflow/.local/lib/python3.7/site-packages/airflow/example_dags/example_complex.py
[2025-03-11T06:07:00.426+0000] {logging_mixin.py:137} INFO - [2025-03-11T06:07:00.425+0000] {dag.py:2676} INFO - Sync 1 DAGs
[2025-03-11T06:07:00.451+0000] {logging_mixin.py:137} INFO - [2025-03-11T06:07:00.451+0000] {dag.py:3427} INFO - Setting next_dagrun for example_complex to None, run_after=None
[2025-03-11T06:07:00.475+0000] {processor.py:175} INFO - Processing /home/airflow/.local/lib/python3.7/site-packages/airflow/example_dags/example_complex.py took 0.117 seconds
[2025-03-11T06:07:30.797+0000] {processor.py:153} INFO - Started process (PID=1203) to work on /home/airflow/.local/lib/python3.7/site-packages/airflow/example_dags/example_complex.py
[2025-03-11T06:07:30.798+0000] {processor.py:743} INFO - Processing file /home/airflow/.local/lib/python3.7/site-packages/airflow/example_dags/example_complex.py for tasks to queue
[2025-03-11T06:07:30.798+0000] {logging_mixin.py:137} INFO - [2025-03-11T06:07:30.798+0000] {dagbag.py:538} INFO - Filling up the DagBag from /home/airflow/.local/lib/python3.7/site-packages/airflow/example_dags/example_complex.py
[2025-03-11T06:07:30.808+0000] {logging_mixin.py:137} INFO - [2025-03-11T06:07:30.808+0000] {taskmixin.py:205} WARNING - Dependency <Task(BashOperator): create_entry_group>, delete_entry_group already registered for DAG: example_complex
[2025-03-11T06:07:30.809+0000] {logging_mixin.py:137} INFO - [2025-03-11T06:07:30.809+0000] {taskmixin.py:205} WARNING - Dependency <Task(BashOperator): delete_entry_group>, create_entry_group already registered for DAG: example_complex
[2025-03-11T06:07:30.809+0000] {logging_mixin.py:137} INFO - [2025-03-11T06:07:30.809+0000] {taskmixin.py:205} WARNING - Dependency <Task(BashOperator): create_entry_gcs>, delete_entry already registered for DAG: example_complex
[2025-03-11T06:07:30.810+0000] {logging_mixin.py:137} INFO - [2025-03-11T06:07:30.809+0000] {taskmixin.py:205} WARNING - Dependency <Task(BashOperator): delete_entry>, create_entry_gcs already registered for DAG: example_complex
[2025-03-11T06:07:30.810+0000] {logging_mixin.py:137} INFO - [2025-03-11T06:07:30.810+0000] {taskmixin.py:205} WARNING - Dependency <Task(BashOperator): create_tag>, delete_tag already registered for DAG: example_complex
[2025-03-11T06:07:30.810+0000] {logging_mixin.py:137} INFO - [2025-03-11T06:07:30.810+0000] {taskmixin.py:205} WARNING - Dependency <Task(BashOperator): delete_tag>, create_tag already registered for DAG: example_complex
[2025-03-11T06:07:30.817+0000] {processor.py:753} INFO - DAG(s) dict_keys(['example_complex']) retrieved from /home/airflow/.local/lib/python3.7/site-packages/airflow/example_dags/example_complex.py
[2025-03-11T06:07:30.852+0000] {logging_mixin.py:137} INFO - [2025-03-11T06:07:30.852+0000] {dag.py:2676} INFO - Sync 1 DAGs
[2025-03-11T06:07:30.872+0000] {logging_mixin.py:137} INFO - [2025-03-11T06:07:30.872+0000] {dag.py:3427} INFO - Setting next_dagrun for example_complex to None, run_after=None
[2025-03-11T06:07:30.886+0000] {processor.py:175} INFO - Processing /home/airflow/.local/lib/python3.7/site-packages/airflow/example_dags/example_complex.py took 0.092 seconds
[2025-03-11T06:08:01.290+0000] {processor.py:153} INFO - Started process (PID=1242) to work on /home/airflow/.local/lib/python3.7/site-packages/airflow/example_dags/example_complex.py
[2025-03-11T06:08:01.291+0000] {processor.py:743} INFO - Processing file /home/airflow/.local/lib/python3.7/site-packages/airflow/example_dags/example_complex.py for tasks to queue
[2025-03-11T06:08:01.292+0000] {logging_mixin.py:137} INFO - [2025-03-11T06:08:01.292+0000] {dagbag.py:538} INFO - Filling up the DagBag from /home/airflow/.local/lib/python3.7/site-packages/airflow/example_dags/example_complex.py
[2025-03-11T06:08:01.303+0000] {logging_mixin.py:137} INFO - [2025-03-11T06:08:01.303+0000] {taskmixin.py:205} WARNING - Dependency <Task(BashOperator): create_entry_group>, delete_entry_group already registered for DAG: example_complex
[2025-03-11T06:08:01.303+0000] {logging_mixin.py:137} INFO - [2025-03-11T06:08:01.303+0000] {taskmixin.py:205} WARNING - Dependency <Task(BashOperator): delete_entry_group>, create_entry_group already registered for DAG: example_complex
[2025-03-11T06:08:01.303+0000] {logging_mixin.py:137} INFO - [2025-03-11T06:08:01.303+0000] {taskmixin.py:205} WARNING - Dependency <Task(BashOperator): create_entry_gcs>, delete_entry already registered for DAG: example_complex
[2025-03-11T06:08:01.303+0000] {logging_mixin.py:137} INFO - [2025-03-11T06:08:01.303+0000] {taskmixin.py:205} WARNING - Dependency <Task(BashOperator): delete_entry>, create_entry_gcs already registered for DAG: example_complex
[2025-03-11T06:08:01.304+0000] {logging_mixin.py:137} INFO - [2025-03-11T06:08:01.304+0000] {taskmixin.py:205} WARNING - Dependency <Task(BashOperator): create_tag>, delete_tag already registered for DAG: example_complex
[2025-03-11T06:08:01.304+0000] {logging_mixin.py:137} INFO - [2025-03-11T06:08:01.304+0000] {taskmixin.py:205} WARNING - Dependency <Task(BashOperator): delete_tag>, create_tag already registered for DAG: example_complex
[2025-03-11T06:08:01.311+0000] {processor.py:753} INFO - DAG(s) dict_keys(['example_complex']) retrieved from /home/airflow/.local/lib/python3.7/site-packages/airflow/example_dags/example_complex.py
[2025-03-11T06:08:01.349+0000] {logging_mixin.py:137} INFO - [2025-03-11T06:08:01.349+0000] {dag.py:2676} INFO - Sync 1 DAGs
[2025-03-11T06:08:01.373+0000] {logging_mixin.py:137} INFO - [2025-03-11T06:08:01.373+0000] {dag.py:3427} INFO - Setting next_dagrun for example_complex to None, run_after=None
[2025-03-11T06:08:01.397+0000] {processor.py:175} INFO - Processing /home/airflow/.local/lib/python3.7/site-packages/airflow/example_dags/example_complex.py took 0.109 seconds
[2025-03-11T06:08:31.814+0000] {processor.py:153} INFO - Started process (PID=1281) to work on /home/airflow/.local/lib/python3.7/site-packages/airflow/example_dags/example_complex.py
[2025-03-11T06:08:31.815+0000] {processor.py:743} INFO - Processing file /home/airflow/.local/lib/python3.7/site-packages/airflow/example_dags/example_complex.py for tasks to queue
[2025-03-11T06:08:31.816+0000] {logging_mixin.py:137} INFO - [2025-03-11T06:08:31.816+0000] {dagbag.py:538} INFO - Filling up the DagBag from /home/airflow/.local/lib/python3.7/site-packages/airflow/example_dags/example_complex.py
[2025-03-11T06:08:31.826+0000] {logging_mixin.py:137} INFO - [2025-03-11T06:08:31.825+0000] {taskmixin.py:205} WARNING - Dependency <Task(BashOperator): create_entry_group>, delete_entry_group already registered for DAG: example_complex
[2025-03-11T06:08:31.826+0000] {logging_mixin.py:137} INFO - [2025-03-11T06:08:31.826+0000] {taskmixin.py:205} WARNING - Dependency <Task(BashOperator): delete_entry_group>, create_entry_group already registered for DAG: example_complex
[2025-03-11T06:08:31.828+0000] {logging_mixin.py:137} INFO - [2025-03-11T06:08:31.828+0000] {taskmixin.py:205} WARNING - Dependency <Task(BashOperator): create_entry_gcs>, delete_entry already registered for DAG: example_complex
[2025-03-11T06:08:31.829+0000] {logging_mixin.py:137} INFO - [2025-03-11T06:08:31.829+0000] {taskmixin.py:205} WARNING - Dependency <Task(BashOperator): delete_entry>, create_entry_gcs already registered for DAG: example_complex
[2025-03-11T06:08:31.830+0000] {logging_mixin.py:137} INFO - [2025-03-11T06:08:31.830+0000] {taskmixin.py:205} WARNING - Dependency <Task(BashOperator): create_tag>, delete_tag already registered for DAG: example_complex
[2025-03-11T06:08:31.831+0000] {logging_mixin.py:137} INFO - [2025-03-11T06:08:31.831+0000] {taskmixin.py:205} WARNING - Dependency <Task(BashOperator): delete_tag>, create_tag already registered for DAG: example_complex
[2025-03-11T06:08:31.838+0000] {processor.py:753} INFO - DAG(s) dict_keys(['example_complex']) retrieved from /home/airflow/.local/lib/python3.7/site-packages/airflow/example_dags/example_complex.py
[2025-03-11T06:08:31.892+0000] {logging_mixin.py:137} INFO - [2025-03-11T06:08:31.891+0000] {dag.py:2676} INFO - Sync 1 DAGs
[2025-03-11T06:08:31.916+0000] {logging_mixin.py:137} INFO - [2025-03-11T06:08:31.916+0000] {dag.py:3427} INFO - Setting next_dagrun for example_complex to None, run_after=None
[2025-03-11T06:08:31.938+0000] {processor.py:175} INFO - Processing /home/airflow/.local/lib/python3.7/site-packages/airflow/example_dags/example_complex.py took 0.126 seconds
[2025-03-11T06:09:02.371+0000] {processor.py:153} INFO - Started process (PID=1320) to work on /home/airflow/.local/lib/python3.7/site-packages/airflow/example_dags/example_complex.py
[2025-03-11T06:09:02.372+0000] {processor.py:743} INFO - Processing file /home/airflow/.local/lib/python3.7/site-packages/airflow/example_dags/example_complex.py for tasks to queue
[2025-03-11T06:09:02.373+0000] {logging_mixin.py:137} INFO - [2025-03-11T06:09:02.373+0000] {dagbag.py:538} INFO - Filling up the DagBag from /home/airflow/.local/lib/python3.7/site-packages/airflow/example_dags/example_complex.py
[2025-03-11T06:09:02.383+0000] {logging_mixin.py:137} INFO - [2025-03-11T06:09:02.383+0000] {taskmixin.py:205} WARNING - Dependency <Task(BashOperator): create_entry_group>, delete_entry_group already registered for DAG: example_complex
[2025-03-11T06:09:02.385+0000] {logging_mixin.py:137} INFO - [2025-03-11T06:09:02.385+0000] {taskmixin.py:205} WARNING - Dependency <Task(BashOperator): delete_entry_group>, create_entry_group already registered for DAG: example_complex
[2025-03-11T06:09:02.386+0000] {logging_mixin.py:137} INFO - [2025-03-11T06:09:02.386+0000] {taskmixin.py:205} WARNING - Dependency <Task(BashOperator): create_entry_gcs>, delete_entry already registered for DAG: example_complex
[2025-03-11T06:09:02.388+0000] {logging_mixin.py:137} INFO - [2025-03-11T06:09:02.388+0000] {taskmixin.py:205} WARNING - Dependency <Task(BashOperator): delete_entry>, create_entry_gcs already registered for DAG: example_complex
[2025-03-11T06:09:02.388+0000] {logging_mixin.py:137} INFO - [2025-03-11T06:09:02.388+0000] {taskmixin.py:205} WARNING - Dependency <Task(BashOperator): create_tag>, delete_tag already registered for DAG: example_complex
[2025-03-11T06:09:02.388+0000] {logging_mixin.py:137} INFO - [2025-03-11T06:09:02.388+0000] {taskmixin.py:205} WARNING - Dependency <Task(BashOperator): delete_tag>, create_tag already registered for DAG: example_complex
[2025-03-11T06:09:02.395+0000] {processor.py:753} INFO - DAG(s) dict_keys(['example_complex']) retrieved from /home/airflow/.local/lib/python3.7/site-packages/airflow/example_dags/example_complex.py
[2025-03-11T06:09:02.432+0000] {logging_mixin.py:137} INFO - [2025-03-11T06:09:02.432+0000] {dag.py:2676} INFO - Sync 1 DAGs
[2025-03-11T06:09:02.452+0000] {logging_mixin.py:137} INFO - [2025-03-11T06:09:02.452+0000] {dag.py:3427} INFO - Setting next_dagrun for example_complex to None, run_after=None
[2025-03-11T06:09:02.467+0000] {processor.py:175} INFO - Processing /home/airflow/.local/lib/python3.7/site-packages/airflow/example_dags/example_complex.py took 0.098 seconds
[2025-03-11T06:09:32.846+0000] {processor.py:153} INFO - Started process (PID=1359) to work on /home/airflow/.local/lib/python3.7/site-packages/airflow/example_dags/example_complex.py
[2025-03-11T06:09:32.847+0000] {processor.py:743} INFO - Processing file /home/airflow/.local/lib/python3.7/site-packages/airflow/example_dags/example_complex.py for tasks to queue
[2025-03-11T06:09:32.847+0000] {logging_mixin.py:137} INFO - [2025-03-11T06:09:32.847+0000] {dagbag.py:538} INFO - Filling up the DagBag from /home/airflow/.local/lib/python3.7/site-packages/airflow/example_dags/example_complex.py
[2025-03-11T06:09:32.857+0000] {logging_mixin.py:137} INFO - [2025-03-11T06:09:32.857+0000] {taskmixin.py:205} WARNING - Dependency <Task(BashOperator): create_entry_group>, delete_entry_group already registered for DAG: example_complex
[2025-03-11T06:09:32.857+0000] {logging_mixin.py:137} INFO - [2025-03-11T06:09:32.857+0000] {taskmixin.py:205} WARNING - Dependency <Task(BashOperator): delete_entry_group>, create_entry_group already registered for DAG: example_complex
[2025-03-11T06:09:32.858+0000] {logging_mixin.py:137} INFO - [2025-03-11T06:09:32.857+0000] {taskmixin.py:205} WARNING - Dependency <Task(BashOperator): create_entry_gcs>, delete_entry already registered for DAG: example_complex
[2025-03-11T06:09:32.858+0000] {logging_mixin.py:137} INFO - [2025-03-11T06:09:32.858+0000] {taskmixin.py:205} WARNING - Dependency <Task(BashOperator): delete_entry>, create_entry_gcs already registered for DAG: example_complex
[2025-03-11T06:09:32.858+0000] {logging_mixin.py:137} INFO - [2025-03-11T06:09:32.858+0000] {taskmixin.py:205} WARNING - Dependency <Task(BashOperator): create_tag>, delete_tag already registered for DAG: example_complex
[2025-03-11T06:09:32.858+0000] {logging_mixin.py:137} INFO - [2025-03-11T06:09:32.858+0000] {taskmixin.py:205} WARNING - Dependency <Task(BashOperator): delete_tag>, create_tag already registered for DAG: example_complex
[2025-03-11T06:09:32.865+0000] {processor.py:753} INFO - DAG(s) dict_keys(['example_complex']) retrieved from /home/airflow/.local/lib/python3.7/site-packages/airflow/example_dags/example_complex.py
[2025-03-11T06:09:32.907+0000] {logging_mixin.py:137} INFO - [2025-03-11T06:09:32.907+0000] {dag.py:2676} INFO - Sync 1 DAGs
[2025-03-11T06:09:32.933+0000] {logging_mixin.py:137} INFO - [2025-03-11T06:09:32.933+0000] {dag.py:3427} INFO - Setting next_dagrun for example_complex to None, run_after=None
[2025-03-11T06:09:32.958+0000] {processor.py:175} INFO - Processing /home/airflow/.local/lib/python3.7/site-packages/airflow/example_dags/example_complex.py took 0.115 seconds
[2025-03-11T06:10:03.393+0000] {processor.py:153} INFO - Started process (PID=1398) to work on /home/airflow/.local/lib/python3.7/site-packages/airflow/example_dags/example_complex.py
[2025-03-11T06:10:03.394+0000] {processor.py:743} INFO - Processing file /home/airflow/.local/lib/python3.7/site-packages/airflow/example_dags/example_complex.py for tasks to queue
[2025-03-11T06:10:03.394+0000] {logging_mixin.py:137} INFO - [2025-03-11T06:10:03.394+0000] {dagbag.py:538} INFO - Filling up the DagBag from /home/airflow/.local/lib/python3.7/site-packages/airflow/example_dags/example_complex.py
[2025-03-11T06:10:03.404+0000] {logging_mixin.py:137} INFO - [2025-03-11T06:10:03.404+0000] {taskmixin.py:205} WARNING - Dependency <Task(BashOperator): create_entry_group>, delete_entry_group already registered for DAG: example_complex
[2025-03-11T06:10:03.405+0000] {logging_mixin.py:137} INFO - [2025-03-11T06:10:03.405+0000] {taskmixin.py:205} WARNING - Dependency <Task(BashOperator): delete_entry_group>, create_entry_group already registered for DAG: example_complex
[2025-03-11T06:10:03.405+0000] {logging_mixin.py:137} INFO - [2025-03-11T06:10:03.405+0000] {taskmixin.py:205} WARNING - Dependency <Task(BashOperator): create_entry_gcs>, delete_entry already registered for DAG: example_complex
[2025-03-11T06:10:03.406+0000] {logging_mixin.py:137} INFO - [2025-03-11T06:10:03.406+0000] {taskmixin.py:205} WARNING - Dependency <Task(BashOperator): delete_entry>, create_entry_gcs already registered for DAG: example_complex
[2025-03-11T06:10:03.407+0000] {logging_mixin.py:137} INFO - [2025-03-11T06:10:03.407+0000] {taskmixin.py:205} WARNING - Dependency <Task(BashOperator): create_tag>, delete_tag already registered for DAG: example_complex
[2025-03-11T06:10:03.408+0000] {logging_mixin.py:137} INFO - [2025-03-11T06:10:03.408+0000] {taskmixin.py:205} WARNING - Dependency <Task(BashOperator): delete_tag>, create_tag already registered for DAG: example_complex
[2025-03-11T06:10:03.416+0000] {processor.py:753} INFO - DAG(s) dict_keys(['example_complex']) retrieved from /home/airflow/.local/lib/python3.7/site-packages/airflow/example_dags/example_complex.py
[2025-03-11T06:10:03.453+0000] {logging_mixin.py:137} INFO - [2025-03-11T06:10:03.452+0000] {dag.py:2676} INFO - Sync 1 DAGs
[2025-03-11T06:10:03.472+0000] {logging_mixin.py:137} INFO - [2025-03-11T06:10:03.472+0000] {dag.py:3427} INFO - Setting next_dagrun for example_complex to None, run_after=None
[2025-03-11T06:10:03.487+0000] {processor.py:175} INFO - Processing /home/airflow/.local/lib/python3.7/site-packages/airflow/example_dags/example_complex.py took 0.097 seconds
