[2025-03-11T05:52:44.076+0000] {processor.py:153} INFO - Started process (PID=71) to work on /home/airflow/.local/lib/python3.7/site-packages/airflow/example_dags/example_external_task_marker_dag.py
[2025-03-11T05:52:44.079+0000] {processor.py:743} INFO - Processing file /home/airflow/.local/lib/python3.7/site-packages/airflow/example_dags/example_external_task_marker_dag.py for tasks to queue
[2025-03-11T05:52:44.080+0000] {logging_mixin.py:137} INFO - [2025-03-11T05:52:44.080+0000] {dagbag.py:538} INFO - Filling up the DagBag from /home/airflow/.local/lib/python3.7/site-packages/airflow/example_dags/example_external_task_marker_dag.py
[2025-03-11T05:52:44.108+0000] {processor.py:753} INFO - DAG(s) dict_keys(['example_external_task_marker_parent', 'example_external_task_marker_child']) retrieved from /home/airflow/.local/lib/python3.7/site-packages/airflow/example_dags/example_external_task_marker_dag.py
[2025-03-11T05:52:44.148+0000] {logging_mixin.py:137} INFO - [2025-03-11T05:52:44.148+0000] {dag.py:2676} INFO - Sync 2 DAGs
[2025-03-11T05:52:44.186+0000] {logging_mixin.py:137} INFO - [2025-03-11T05:52:44.186+0000] {dag.py:3427} INFO - Setting next_dagrun for example_external_task_marker_child to None, run_after=None
[2025-03-11T05:52:44.189+0000] {logging_mixin.py:137} INFO - [2025-03-11T05:52:44.189+0000] {dag.py:3427} INFO - Setting next_dagrun for example_external_task_marker_parent to None, run_after=None
[2025-03-11T05:52:44.217+0000] {processor.py:175} INFO - Processing /home/airflow/.local/lib/python3.7/site-packages/airflow/example_dags/example_external_task_marker_dag.py took 0.145 seconds
[2025-03-11T05:53:14.721+0000] {processor.py:153} INFO - Started process (PID=110) to work on /home/airflow/.local/lib/python3.7/site-packages/airflow/example_dags/example_external_task_marker_dag.py
[2025-03-11T05:53:14.722+0000] {processor.py:743} INFO - Processing file /home/airflow/.local/lib/python3.7/site-packages/airflow/example_dags/example_external_task_marker_dag.py for tasks to queue
[2025-03-11T05:53:14.722+0000] {logging_mixin.py:137} INFO - [2025-03-11T05:53:14.722+0000] {dagbag.py:538} INFO - Filling up the DagBag from /home/airflow/.local/lib/python3.7/site-packages/airflow/example_dags/example_external_task_marker_dag.py
[2025-03-11T05:53:14.737+0000] {processor.py:753} INFO - DAG(s) dict_keys(['example_external_task_marker_parent', 'example_external_task_marker_child']) retrieved from /home/airflow/.local/lib/python3.7/site-packages/airflow/example_dags/example_external_task_marker_dag.py
[2025-03-11T05:53:14.757+0000] {logging_mixin.py:137} INFO - [2025-03-11T05:53:14.757+0000] {dag.py:2676} INFO - Sync 2 DAGs
[2025-03-11T05:53:14.778+0000] {logging_mixin.py:137} INFO - [2025-03-11T05:53:14.778+0000] {dag.py:3427} INFO - Setting next_dagrun for example_external_task_marker_child to None, run_after=None
[2025-03-11T05:53:14.781+0000] {logging_mixin.py:137} INFO - [2025-03-11T05:53:14.781+0000] {dag.py:3427} INFO - Setting next_dagrun for example_external_task_marker_parent to None, run_after=None
[2025-03-11T05:53:14.795+0000] {processor.py:175} INFO - Processing /home/airflow/.local/lib/python3.7/site-packages/airflow/example_dags/example_external_task_marker_dag.py took 0.076 seconds
[2025-03-11T05:53:45.478+0000] {processor.py:153} INFO - Started process (PID=149) to work on /home/airflow/.local/lib/python3.7/site-packages/airflow/example_dags/example_external_task_marker_dag.py
[2025-03-11T05:53:45.479+0000] {processor.py:743} INFO - Processing file /home/airflow/.local/lib/python3.7/site-packages/airflow/example_dags/example_external_task_marker_dag.py for tasks to queue
[2025-03-11T05:53:45.480+0000] {logging_mixin.py:137} INFO - [2025-03-11T05:53:45.480+0000] {dagbag.py:538} INFO - Filling up the DagBag from /home/airflow/.local/lib/python3.7/site-packages/airflow/example_dags/example_external_task_marker_dag.py
[2025-03-11T05:53:45.492+0000] {processor.py:753} INFO - DAG(s) dict_keys(['example_external_task_marker_parent', 'example_external_task_marker_child']) retrieved from /home/airflow/.local/lib/python3.7/site-packages/airflow/example_dags/example_external_task_marker_dag.py
[2025-03-11T05:53:45.555+0000] {logging_mixin.py:137} INFO - [2025-03-11T05:53:45.555+0000] {dag.py:2676} INFO - Sync 2 DAGs
[2025-03-11T05:53:45.572+0000] {logging_mixin.py:137} INFO - [2025-03-11T05:53:45.572+0000] {dag.py:3427} INFO - Setting next_dagrun for example_external_task_marker_child to None, run_after=None
[2025-03-11T05:53:45.575+0000] {logging_mixin.py:137} INFO - [2025-03-11T05:53:45.575+0000] {dag.py:3427} INFO - Setting next_dagrun for example_external_task_marker_parent to None, run_after=None
[2025-03-11T05:53:45.591+0000] {processor.py:175} INFO - Processing /home/airflow/.local/lib/python3.7/site-packages/airflow/example_dags/example_external_task_marker_dag.py took 0.114 seconds
[2025-03-11T05:54:16.801+0000] {processor.py:153} INFO - Started process (PID=188) to work on /home/airflow/.local/lib/python3.7/site-packages/airflow/example_dags/example_external_task_marker_dag.py
[2025-03-11T05:54:16.802+0000] {processor.py:743} INFO - Processing file /home/airflow/.local/lib/python3.7/site-packages/airflow/example_dags/example_external_task_marker_dag.py for tasks to queue
[2025-03-11T05:54:16.802+0000] {logging_mixin.py:137} INFO - [2025-03-11T05:54:16.802+0000] {dagbag.py:538} INFO - Filling up the DagBag from /home/airflow/.local/lib/python3.7/site-packages/airflow/example_dags/example_external_task_marker_dag.py
[2025-03-11T05:54:16.818+0000] {processor.py:753} INFO - DAG(s) dict_keys(['example_external_task_marker_parent', 'example_external_task_marker_child']) retrieved from /home/airflow/.local/lib/python3.7/site-packages/airflow/example_dags/example_external_task_marker_dag.py
[2025-03-11T05:54:16.855+0000] {logging_mixin.py:137} INFO - [2025-03-11T05:54:16.855+0000] {dag.py:2676} INFO - Sync 2 DAGs
[2025-03-11T05:54:16.875+0000] {logging_mixin.py:137} INFO - [2025-03-11T05:54:16.875+0000] {dag.py:3427} INFO - Setting next_dagrun for example_external_task_marker_child to None, run_after=None
[2025-03-11T05:54:16.878+0000] {logging_mixin.py:137} INFO - [2025-03-11T05:54:16.878+0000] {dag.py:3427} INFO - Setting next_dagrun for example_external_task_marker_parent to None, run_after=None
[2025-03-11T05:54:16.902+0000] {processor.py:175} INFO - Processing /home/airflow/.local/lib/python3.7/site-packages/airflow/example_dags/example_external_task_marker_dag.py took 0.104 seconds
[2025-03-11T05:54:47.343+0000] {processor.py:153} INFO - Started process (PID=227) to work on /home/airflow/.local/lib/python3.7/site-packages/airflow/example_dags/example_external_task_marker_dag.py
[2025-03-11T05:54:47.344+0000] {processor.py:743} INFO - Processing file /home/airflow/.local/lib/python3.7/site-packages/airflow/example_dags/example_external_task_marker_dag.py for tasks to queue
[2025-03-11T05:54:47.345+0000] {logging_mixin.py:137} INFO - [2025-03-11T05:54:47.345+0000] {dagbag.py:538} INFO - Filling up the DagBag from /home/airflow/.local/lib/python3.7/site-packages/airflow/example_dags/example_external_task_marker_dag.py
[2025-03-11T05:54:47.359+0000] {processor.py:753} INFO - DAG(s) dict_keys(['example_external_task_marker_child', 'example_external_task_marker_parent']) retrieved from /home/airflow/.local/lib/python3.7/site-packages/airflow/example_dags/example_external_task_marker_dag.py
[2025-03-11T05:54:47.395+0000] {logging_mixin.py:137} INFO - [2025-03-11T05:54:47.395+0000] {dag.py:2676} INFO - Sync 2 DAGs
[2025-03-11T05:54:47.419+0000] {logging_mixin.py:137} INFO - [2025-03-11T05:54:47.418+0000] {dag.py:3427} INFO - Setting next_dagrun for example_external_task_marker_child to None, run_after=None
[2025-03-11T05:54:47.422+0000] {logging_mixin.py:137} INFO - [2025-03-11T05:54:47.421+0000] {dag.py:3427} INFO - Setting next_dagrun for example_external_task_marker_parent to None, run_after=None
[2025-03-11T05:54:47.437+0000] {processor.py:175} INFO - Processing /home/airflow/.local/lib/python3.7/site-packages/airflow/example_dags/example_external_task_marker_dag.py took 0.096 seconds
[2025-03-11T05:55:18.229+0000] {processor.py:153} INFO - Started process (PID=266) to work on /home/airflow/.local/lib/python3.7/site-packages/airflow/example_dags/example_external_task_marker_dag.py
[2025-03-11T05:55:18.231+0000] {processor.py:743} INFO - Processing file /home/airflow/.local/lib/python3.7/site-packages/airflow/example_dags/example_external_task_marker_dag.py for tasks to queue
[2025-03-11T05:55:18.231+0000] {logging_mixin.py:137} INFO - [2025-03-11T05:55:18.231+0000] {dagbag.py:538} INFO - Filling up the DagBag from /home/airflow/.local/lib/python3.7/site-packages/airflow/example_dags/example_external_task_marker_dag.py
[2025-03-11T05:55:18.244+0000] {processor.py:753} INFO - DAG(s) dict_keys(['example_external_task_marker_parent', 'example_external_task_marker_child']) retrieved from /home/airflow/.local/lib/python3.7/site-packages/airflow/example_dags/example_external_task_marker_dag.py
[2025-03-11T05:55:18.277+0000] {logging_mixin.py:137} INFO - [2025-03-11T05:55:18.277+0000] {dag.py:2676} INFO - Sync 2 DAGs
[2025-03-11T05:55:18.299+0000] {logging_mixin.py:137} INFO - [2025-03-11T05:55:18.299+0000] {dag.py:3427} INFO - Setting next_dagrun for example_external_task_marker_child to None, run_after=None
[2025-03-11T05:55:18.302+0000] {logging_mixin.py:137} INFO - [2025-03-11T05:55:18.302+0000] {dag.py:3427} INFO - Setting next_dagrun for example_external_task_marker_parent to None, run_after=None
[2025-03-11T05:55:18.317+0000] {processor.py:175} INFO - Processing /home/airflow/.local/lib/python3.7/site-packages/airflow/example_dags/example_external_task_marker_dag.py took 0.090 seconds
[2025-03-11T05:55:48.615+0000] {processor.py:153} INFO - Started process (PID=305) to work on /home/airflow/.local/lib/python3.7/site-packages/airflow/example_dags/example_external_task_marker_dag.py
[2025-03-11T05:55:48.616+0000] {processor.py:743} INFO - Processing file /home/airflow/.local/lib/python3.7/site-packages/airflow/example_dags/example_external_task_marker_dag.py for tasks to queue
[2025-03-11T05:55:48.617+0000] {logging_mixin.py:137} INFO - [2025-03-11T05:55:48.617+0000] {dagbag.py:538} INFO - Filling up the DagBag from /home/airflow/.local/lib/python3.7/site-packages/airflow/example_dags/example_external_task_marker_dag.py
[2025-03-11T05:55:48.630+0000] {processor.py:753} INFO - DAG(s) dict_keys(['example_external_task_marker_child', 'example_external_task_marker_parent']) retrieved from /home/airflow/.local/lib/python3.7/site-packages/airflow/example_dags/example_external_task_marker_dag.py
[2025-03-11T05:55:48.665+0000] {logging_mixin.py:137} INFO - [2025-03-11T05:55:48.665+0000] {dag.py:2676} INFO - Sync 2 DAGs
[2025-03-11T05:55:48.686+0000] {logging_mixin.py:137} INFO - [2025-03-11T05:55:48.686+0000] {dag.py:3427} INFO - Setting next_dagrun for example_external_task_marker_child to None, run_after=None
[2025-03-11T05:55:48.689+0000] {logging_mixin.py:137} INFO - [2025-03-11T05:55:48.689+0000] {dag.py:3427} INFO - Setting next_dagrun for example_external_task_marker_parent to None, run_after=None
[2025-03-11T05:55:48.705+0000] {processor.py:175} INFO - Processing /home/airflow/.local/lib/python3.7/site-packages/airflow/example_dags/example_external_task_marker_dag.py took 0.091 seconds
[2025-03-11T05:56:19.635+0000] {processor.py:153} INFO - Started process (PID=344) to work on /home/airflow/.local/lib/python3.7/site-packages/airflow/example_dags/example_external_task_marker_dag.py
[2025-03-11T05:56:19.636+0000] {processor.py:743} INFO - Processing file /home/airflow/.local/lib/python3.7/site-packages/airflow/example_dags/example_external_task_marker_dag.py for tasks to queue
[2025-03-11T05:56:19.637+0000] {logging_mixin.py:137} INFO - [2025-03-11T05:56:19.636+0000] {dagbag.py:538} INFO - Filling up the DagBag from /home/airflow/.local/lib/python3.7/site-packages/airflow/example_dags/example_external_task_marker_dag.py
[2025-03-11T05:56:19.650+0000] {processor.py:753} INFO - DAG(s) dict_keys(['example_external_task_marker_parent', 'example_external_task_marker_child']) retrieved from /home/airflow/.local/lib/python3.7/site-packages/airflow/example_dags/example_external_task_marker_dag.py
[2025-03-11T05:56:19.685+0000] {logging_mixin.py:137} INFO - [2025-03-11T05:56:19.684+0000] {dag.py:2676} INFO - Sync 2 DAGs
[2025-03-11T05:56:19.705+0000] {logging_mixin.py:137} INFO - [2025-03-11T05:56:19.704+0000] {dag.py:3427} INFO - Setting next_dagrun for example_external_task_marker_child to None, run_after=None
[2025-03-11T05:56:19.708+0000] {logging_mixin.py:137} INFO - [2025-03-11T05:56:19.708+0000] {dag.py:3427} INFO - Setting next_dagrun for example_external_task_marker_parent to None, run_after=None
[2025-03-11T05:56:19.721+0000] {processor.py:175} INFO - Processing /home/airflow/.local/lib/python3.7/site-packages/airflow/example_dags/example_external_task_marker_dag.py took 0.088 seconds
[2025-03-11T05:56:50.338+0000] {processor.py:153} INFO - Started process (PID=383) to work on /home/airflow/.local/lib/python3.7/site-packages/airflow/example_dags/example_external_task_marker_dag.py
[2025-03-11T05:56:50.339+0000] {processor.py:743} INFO - Processing file /home/airflow/.local/lib/python3.7/site-packages/airflow/example_dags/example_external_task_marker_dag.py for tasks to queue
[2025-03-11T05:56:50.339+0000] {logging_mixin.py:137} INFO - [2025-03-11T05:56:50.339+0000] {dagbag.py:538} INFO - Filling up the DagBag from /home/airflow/.local/lib/python3.7/site-packages/airflow/example_dags/example_external_task_marker_dag.py
[2025-03-11T05:56:50.352+0000] {processor.py:753} INFO - DAG(s) dict_keys(['example_external_task_marker_parent', 'example_external_task_marker_child']) retrieved from /home/airflow/.local/lib/python3.7/site-packages/airflow/example_dags/example_external_task_marker_dag.py
[2025-03-11T05:56:50.383+0000] {logging_mixin.py:137} INFO - [2025-03-11T05:56:50.383+0000] {dag.py:2676} INFO - Sync 2 DAGs
[2025-03-11T05:56:50.404+0000] {logging_mixin.py:137} INFO - [2025-03-11T05:56:50.404+0000] {dag.py:3427} INFO - Setting next_dagrun for example_external_task_marker_child to None, run_after=None
[2025-03-11T05:56:50.408+0000] {logging_mixin.py:137} INFO - [2025-03-11T05:56:50.408+0000] {dag.py:3427} INFO - Setting next_dagrun for example_external_task_marker_parent to None, run_after=None
[2025-03-11T05:56:50.422+0000] {processor.py:175} INFO - Processing /home/airflow/.local/lib/python3.7/site-packages/airflow/example_dags/example_external_task_marker_dag.py took 0.086 seconds
[2025-03-11T05:57:20.722+0000] {processor.py:153} INFO - Started process (PID=422) to work on /home/airflow/.local/lib/python3.7/site-packages/airflow/example_dags/example_external_task_marker_dag.py
[2025-03-11T05:57:20.723+0000] {processor.py:743} INFO - Processing file /home/airflow/.local/lib/python3.7/site-packages/airflow/example_dags/example_external_task_marker_dag.py for tasks to queue
[2025-03-11T05:57:20.724+0000] {logging_mixin.py:137} INFO - [2025-03-11T05:57:20.724+0000] {dagbag.py:538} INFO - Filling up the DagBag from /home/airflow/.local/lib/python3.7/site-packages/airflow/example_dags/example_external_task_marker_dag.py
[2025-03-11T05:57:20.736+0000] {processor.py:753} INFO - DAG(s) dict_keys(['example_external_task_marker_parent', 'example_external_task_marker_child']) retrieved from /home/airflow/.local/lib/python3.7/site-packages/airflow/example_dags/example_external_task_marker_dag.py
[2025-03-11T05:57:20.766+0000] {logging_mixin.py:137} INFO - [2025-03-11T05:57:20.766+0000] {dag.py:2676} INFO - Sync 2 DAGs
[2025-03-11T05:57:20.786+0000] {logging_mixin.py:137} INFO - [2025-03-11T05:57:20.786+0000] {dag.py:3427} INFO - Setting next_dagrun for example_external_task_marker_child to None, run_after=None
[2025-03-11T05:57:20.790+0000] {logging_mixin.py:137} INFO - [2025-03-11T05:57:20.790+0000] {dag.py:3427} INFO - Setting next_dagrun for example_external_task_marker_parent to None, run_after=None
[2025-03-11T05:57:20.803+0000] {processor.py:175} INFO - Processing /home/airflow/.local/lib/python3.7/site-packages/airflow/example_dags/example_external_task_marker_dag.py took 0.082 seconds
[2025-03-11T05:57:51.395+0000] {processor.py:153} INFO - Started process (PID=461) to work on /home/airflow/.local/lib/python3.7/site-packages/airflow/example_dags/example_external_task_marker_dag.py
[2025-03-11T05:57:51.397+0000] {processor.py:743} INFO - Processing file /home/airflow/.local/lib/python3.7/site-packages/airflow/example_dags/example_external_task_marker_dag.py for tasks to queue
[2025-03-11T05:57:51.399+0000] {logging_mixin.py:137} INFO - [2025-03-11T05:57:51.398+0000] {dagbag.py:538} INFO - Filling up the DagBag from /home/airflow/.local/lib/python3.7/site-packages/airflow/example_dags/example_external_task_marker_dag.py
[2025-03-11T05:57:51.411+0000] {processor.py:753} INFO - DAG(s) dict_keys(['example_external_task_marker_parent', 'example_external_task_marker_child']) retrieved from /home/airflow/.local/lib/python3.7/site-packages/airflow/example_dags/example_external_task_marker_dag.py
[2025-03-11T05:57:51.442+0000] {logging_mixin.py:137} INFO - [2025-03-11T05:57:51.442+0000] {dag.py:2676} INFO - Sync 2 DAGs
[2025-03-11T05:57:51.464+0000] {logging_mixin.py:137} INFO - [2025-03-11T05:57:51.464+0000] {dag.py:3427} INFO - Setting next_dagrun for example_external_task_marker_child to None, run_after=None
[2025-03-11T05:57:51.469+0000] {logging_mixin.py:137} INFO - [2025-03-11T05:57:51.468+0000] {dag.py:3427} INFO - Setting next_dagrun for example_external_task_marker_parent to None, run_after=None
[2025-03-11T05:57:51.481+0000] {processor.py:175} INFO - Processing /home/airflow/.local/lib/python3.7/site-packages/airflow/example_dags/example_external_task_marker_dag.py took 0.089 seconds
[2025-03-11T05:58:21.767+0000] {processor.py:153} INFO - Started process (PID=500) to work on /home/airflow/.local/lib/python3.7/site-packages/airflow/example_dags/example_external_task_marker_dag.py
[2025-03-11T05:58:21.768+0000] {processor.py:743} INFO - Processing file /home/airflow/.local/lib/python3.7/site-packages/airflow/example_dags/example_external_task_marker_dag.py for tasks to queue
[2025-03-11T05:58:21.769+0000] {logging_mixin.py:137} INFO - [2025-03-11T05:58:21.769+0000] {dagbag.py:538} INFO - Filling up the DagBag from /home/airflow/.local/lib/python3.7/site-packages/airflow/example_dags/example_external_task_marker_dag.py
[2025-03-11T05:58:21.781+0000] {processor.py:753} INFO - DAG(s) dict_keys(['example_external_task_marker_parent', 'example_external_task_marker_child']) retrieved from /home/airflow/.local/lib/python3.7/site-packages/airflow/example_dags/example_external_task_marker_dag.py
[2025-03-11T05:58:21.812+0000] {logging_mixin.py:137} INFO - [2025-03-11T05:58:21.812+0000] {dag.py:2676} INFO - Sync 2 DAGs
[2025-03-11T05:58:21.831+0000] {logging_mixin.py:137} INFO - [2025-03-11T05:58:21.831+0000] {dag.py:3427} INFO - Setting next_dagrun for example_external_task_marker_child to None, run_after=None
[2025-03-11T05:58:21.834+0000] {logging_mixin.py:137} INFO - [2025-03-11T05:58:21.834+0000] {dag.py:3427} INFO - Setting next_dagrun for example_external_task_marker_parent to None, run_after=None
[2025-03-11T05:58:21.846+0000] {processor.py:175} INFO - Processing /home/airflow/.local/lib/python3.7/site-packages/airflow/example_dags/example_external_task_marker_dag.py took 0.081 seconds
[2025-03-11T05:58:52.216+0000] {processor.py:153} INFO - Started process (PID=539) to work on /home/airflow/.local/lib/python3.7/site-packages/airflow/example_dags/example_external_task_marker_dag.py
[2025-03-11T05:58:52.216+0000] {processor.py:743} INFO - Processing file /home/airflow/.local/lib/python3.7/site-packages/airflow/example_dags/example_external_task_marker_dag.py for tasks to queue
[2025-03-11T05:58:52.217+0000] {logging_mixin.py:137} INFO - [2025-03-11T05:58:52.217+0000] {dagbag.py:538} INFO - Filling up the DagBag from /home/airflow/.local/lib/python3.7/site-packages/airflow/example_dags/example_external_task_marker_dag.py
[2025-03-11T05:58:52.229+0000] {processor.py:753} INFO - DAG(s) dict_keys(['example_external_task_marker_child', 'example_external_task_marker_parent']) retrieved from /home/airflow/.local/lib/python3.7/site-packages/airflow/example_dags/example_external_task_marker_dag.py
[2025-03-11T05:58:52.264+0000] {logging_mixin.py:137} INFO - [2025-03-11T05:58:52.263+0000] {dag.py:2676} INFO - Sync 2 DAGs
[2025-03-11T05:58:52.283+0000] {logging_mixin.py:137} INFO - [2025-03-11T05:58:52.283+0000] {dag.py:3427} INFO - Setting next_dagrun for example_external_task_marker_child to None, run_after=None
[2025-03-11T05:58:52.288+0000] {logging_mixin.py:137} INFO - [2025-03-11T05:58:52.287+0000] {dag.py:3427} INFO - Setting next_dagrun for example_external_task_marker_parent to None, run_after=None
[2025-03-11T05:58:52.303+0000] {processor.py:175} INFO - Processing /home/airflow/.local/lib/python3.7/site-packages/airflow/example_dags/example_external_task_marker_dag.py took 0.089 seconds
[2025-03-11T05:59:22.888+0000] {processor.py:153} INFO - Started process (PID=578) to work on /home/airflow/.local/lib/python3.7/site-packages/airflow/example_dags/example_external_task_marker_dag.py
[2025-03-11T05:59:22.888+0000] {processor.py:743} INFO - Processing file /home/airflow/.local/lib/python3.7/site-packages/airflow/example_dags/example_external_task_marker_dag.py for tasks to queue
[2025-03-11T05:59:22.889+0000] {logging_mixin.py:137} INFO - [2025-03-11T05:59:22.889+0000] {dagbag.py:538} INFO - Filling up the DagBag from /home/airflow/.local/lib/python3.7/site-packages/airflow/example_dags/example_external_task_marker_dag.py
[2025-03-11T05:59:22.900+0000] {processor.py:753} INFO - DAG(s) dict_keys(['example_external_task_marker_child', 'example_external_task_marker_parent']) retrieved from /home/airflow/.local/lib/python3.7/site-packages/airflow/example_dags/example_external_task_marker_dag.py
[2025-03-11T05:59:22.938+0000] {logging_mixin.py:137} INFO - [2025-03-11T05:59:22.938+0000] {dag.py:2676} INFO - Sync 2 DAGs
[2025-03-11T05:59:22.959+0000] {logging_mixin.py:137} INFO - [2025-03-11T05:59:22.959+0000] {dag.py:3427} INFO - Setting next_dagrun for example_external_task_marker_child to None, run_after=None
[2025-03-11T05:59:22.962+0000] {logging_mixin.py:137} INFO - [2025-03-11T05:59:22.962+0000] {dag.py:3427} INFO - Setting next_dagrun for example_external_task_marker_parent to None, run_after=None
[2025-03-11T05:59:22.976+0000] {processor.py:175} INFO - Processing /home/airflow/.local/lib/python3.7/site-packages/airflow/example_dags/example_external_task_marker_dag.py took 0.090 seconds
[2025-03-11T05:59:53.497+0000] {processor.py:153} INFO - Started process (PID=617) to work on /home/airflow/.local/lib/python3.7/site-packages/airflow/example_dags/example_external_task_marker_dag.py
[2025-03-11T05:59:53.497+0000] {processor.py:743} INFO - Processing file /home/airflow/.local/lib/python3.7/site-packages/airflow/example_dags/example_external_task_marker_dag.py for tasks to queue
[2025-03-11T05:59:53.498+0000] {logging_mixin.py:137} INFO - [2025-03-11T05:59:53.498+0000] {dagbag.py:538} INFO - Filling up the DagBag from /home/airflow/.local/lib/python3.7/site-packages/airflow/example_dags/example_external_task_marker_dag.py
[2025-03-11T05:59:53.512+0000] {processor.py:753} INFO - DAG(s) dict_keys(['example_external_task_marker_child', 'example_external_task_marker_parent']) retrieved from /home/airflow/.local/lib/python3.7/site-packages/airflow/example_dags/example_external_task_marker_dag.py
[2025-03-11T05:59:53.546+0000] {logging_mixin.py:137} INFO - [2025-03-11T05:59:53.546+0000] {dag.py:2676} INFO - Sync 2 DAGs
[2025-03-11T05:59:53.565+0000] {logging_mixin.py:137} INFO - [2025-03-11T05:59:53.565+0000] {dag.py:3427} INFO - Setting next_dagrun for example_external_task_marker_child to None, run_after=None
[2025-03-11T05:59:53.568+0000] {logging_mixin.py:137} INFO - [2025-03-11T05:59:53.568+0000] {dag.py:3427} INFO - Setting next_dagrun for example_external_task_marker_parent to None, run_after=None
[2025-03-11T05:59:53.582+0000] {processor.py:175} INFO - Processing /home/airflow/.local/lib/python3.7/site-packages/airflow/example_dags/example_external_task_marker_dag.py took 0.088 seconds
[2025-03-11T06:00:23.957+0000] {processor.py:153} INFO - Started process (PID=656) to work on /home/airflow/.local/lib/python3.7/site-packages/airflow/example_dags/example_external_task_marker_dag.py
[2025-03-11T06:00:23.959+0000] {processor.py:743} INFO - Processing file /home/airflow/.local/lib/python3.7/site-packages/airflow/example_dags/example_external_task_marker_dag.py for tasks to queue
[2025-03-11T06:00:23.959+0000] {logging_mixin.py:137} INFO - [2025-03-11T06:00:23.959+0000] {dagbag.py:538} INFO - Filling up the DagBag from /home/airflow/.local/lib/python3.7/site-packages/airflow/example_dags/example_external_task_marker_dag.py
[2025-03-11T06:00:23.972+0000] {processor.py:753} INFO - DAG(s) dict_keys(['example_external_task_marker_parent', 'example_external_task_marker_child']) retrieved from /home/airflow/.local/lib/python3.7/site-packages/airflow/example_dags/example_external_task_marker_dag.py
[2025-03-11T06:00:24.008+0000] {logging_mixin.py:137} INFO - [2025-03-11T06:00:24.008+0000] {dag.py:2676} INFO - Sync 2 DAGs
[2025-03-11T06:00:24.028+0000] {logging_mixin.py:137} INFO - [2025-03-11T06:00:24.028+0000] {dag.py:3427} INFO - Setting next_dagrun for example_external_task_marker_child to None, run_after=None
[2025-03-11T06:00:24.031+0000] {logging_mixin.py:137} INFO - [2025-03-11T06:00:24.031+0000] {dag.py:3427} INFO - Setting next_dagrun for example_external_task_marker_parent to None, run_after=None
[2025-03-11T06:00:24.052+0000] {processor.py:175} INFO - Processing /home/airflow/.local/lib/python3.7/site-packages/airflow/example_dags/example_external_task_marker_dag.py took 0.097 seconds
[2025-03-11T06:00:54.666+0000] {processor.py:153} INFO - Started process (PID=695) to work on /home/airflow/.local/lib/python3.7/site-packages/airflow/example_dags/example_external_task_marker_dag.py
[2025-03-11T06:00:54.667+0000] {processor.py:743} INFO - Processing file /home/airflow/.local/lib/python3.7/site-packages/airflow/example_dags/example_external_task_marker_dag.py for tasks to queue
[2025-03-11T06:00:54.668+0000] {logging_mixin.py:137} INFO - [2025-03-11T06:00:54.668+0000] {dagbag.py:538} INFO - Filling up the DagBag from /home/airflow/.local/lib/python3.7/site-packages/airflow/example_dags/example_external_task_marker_dag.py
[2025-03-11T06:00:54.683+0000] {processor.py:753} INFO - DAG(s) dict_keys(['example_external_task_marker_child', 'example_external_task_marker_parent']) retrieved from /home/airflow/.local/lib/python3.7/site-packages/airflow/example_dags/example_external_task_marker_dag.py
[2025-03-11T06:00:54.721+0000] {logging_mixin.py:137} INFO - [2025-03-11T06:00:54.721+0000] {dag.py:2676} INFO - Sync 2 DAGs
[2025-03-11T06:00:54.740+0000] {logging_mixin.py:137} INFO - [2025-03-11T06:00:54.740+0000] {dag.py:3427} INFO - Setting next_dagrun for example_external_task_marker_child to None, run_after=None
[2025-03-11T06:00:54.744+0000] {logging_mixin.py:137} INFO - [2025-03-11T06:00:54.744+0000] {dag.py:3427} INFO - Setting next_dagrun for example_external_task_marker_parent to None, run_after=None
[2025-03-11T06:00:54.761+0000] {processor.py:175} INFO - Processing /home/airflow/.local/lib/python3.7/site-packages/airflow/example_dags/example_external_task_marker_dag.py took 0.098 seconds
[2025-03-11T06:01:25.091+0000] {processor.py:153} INFO - Started process (PID=734) to work on /home/airflow/.local/lib/python3.7/site-packages/airflow/example_dags/example_external_task_marker_dag.py
[2025-03-11T06:01:25.092+0000] {processor.py:743} INFO - Processing file /home/airflow/.local/lib/python3.7/site-packages/airflow/example_dags/example_external_task_marker_dag.py for tasks to queue
[2025-03-11T06:01:25.092+0000] {logging_mixin.py:137} INFO - [2025-03-11T06:01:25.092+0000] {dagbag.py:538} INFO - Filling up the DagBag from /home/airflow/.local/lib/python3.7/site-packages/airflow/example_dags/example_external_task_marker_dag.py
[2025-03-11T06:01:25.108+0000] {processor.py:753} INFO - DAG(s) dict_keys(['example_external_task_marker_parent', 'example_external_task_marker_child']) retrieved from /home/airflow/.local/lib/python3.7/site-packages/airflow/example_dags/example_external_task_marker_dag.py
[2025-03-11T06:01:25.144+0000] {logging_mixin.py:137} INFO - [2025-03-11T06:01:25.144+0000] {dag.py:2676} INFO - Sync 2 DAGs
[2025-03-11T06:01:25.165+0000] {logging_mixin.py:137} INFO - [2025-03-11T06:01:25.164+0000] {dag.py:3427} INFO - Setting next_dagrun for example_external_task_marker_child to None, run_after=None
[2025-03-11T06:01:25.168+0000] {logging_mixin.py:137} INFO - [2025-03-11T06:01:25.168+0000] {dag.py:3427} INFO - Setting next_dagrun for example_external_task_marker_parent to None, run_after=None
[2025-03-11T06:01:25.183+0000] {processor.py:175} INFO - Processing /home/airflow/.local/lib/python3.7/site-packages/airflow/example_dags/example_external_task_marker_dag.py took 0.093 seconds
[2025-03-11T06:01:55.363+0000] {processor.py:153} INFO - Started process (PID=773) to work on /home/airflow/.local/lib/python3.7/site-packages/airflow/example_dags/example_external_task_marker_dag.py
[2025-03-11T06:01:55.365+0000] {processor.py:743} INFO - Processing file /home/airflow/.local/lib/python3.7/site-packages/airflow/example_dags/example_external_task_marker_dag.py for tasks to queue
[2025-03-11T06:01:55.365+0000] {logging_mixin.py:137} INFO - [2025-03-11T06:01:55.365+0000] {dagbag.py:538} INFO - Filling up the DagBag from /home/airflow/.local/lib/python3.7/site-packages/airflow/example_dags/example_external_task_marker_dag.py
[2025-03-11T06:01:55.377+0000] {processor.py:753} INFO - DAG(s) dict_keys(['example_external_task_marker_parent', 'example_external_task_marker_child']) retrieved from /home/airflow/.local/lib/python3.7/site-packages/airflow/example_dags/example_external_task_marker_dag.py
[2025-03-11T06:01:55.408+0000] {logging_mixin.py:137} INFO - [2025-03-11T06:01:55.408+0000] {dag.py:2676} INFO - Sync 2 DAGs
[2025-03-11T06:01:55.428+0000] {logging_mixin.py:137} INFO - [2025-03-11T06:01:55.428+0000] {dag.py:3427} INFO - Setting next_dagrun for example_external_task_marker_child to None, run_after=None
[2025-03-11T06:01:55.432+0000] {logging_mixin.py:137} INFO - [2025-03-11T06:01:55.432+0000] {dag.py:3427} INFO - Setting next_dagrun for example_external_task_marker_parent to None, run_after=None
[2025-03-11T06:01:55.449+0000] {processor.py:175} INFO - Processing /home/airflow/.local/lib/python3.7/site-packages/airflow/example_dags/example_external_task_marker_dag.py took 0.089 seconds
[2025-03-11T06:02:26.337+0000] {processor.py:153} INFO - Started process (PID=812) to work on /home/airflow/.local/lib/python3.7/site-packages/airflow/example_dags/example_external_task_marker_dag.py
[2025-03-11T06:02:26.338+0000] {processor.py:743} INFO - Processing file /home/airflow/.local/lib/python3.7/site-packages/airflow/example_dags/example_external_task_marker_dag.py for tasks to queue
[2025-03-11T06:02:26.339+0000] {logging_mixin.py:137} INFO - [2025-03-11T06:02:26.339+0000] {dagbag.py:538} INFO - Filling up the DagBag from /home/airflow/.local/lib/python3.7/site-packages/airflow/example_dags/example_external_task_marker_dag.py
[2025-03-11T06:02:26.351+0000] {processor.py:753} INFO - DAG(s) dict_keys(['example_external_task_marker_parent', 'example_external_task_marker_child']) retrieved from /home/airflow/.local/lib/python3.7/site-packages/airflow/example_dags/example_external_task_marker_dag.py
[2025-03-11T06:02:26.380+0000] {logging_mixin.py:137} INFO - [2025-03-11T06:02:26.380+0000] {dag.py:2676} INFO - Sync 2 DAGs
[2025-03-11T06:02:26.399+0000] {logging_mixin.py:137} INFO - [2025-03-11T06:02:26.399+0000] {dag.py:3427} INFO - Setting next_dagrun for example_external_task_marker_child to None, run_after=None
[2025-03-11T06:02:26.401+0000] {logging_mixin.py:137} INFO - [2025-03-11T06:02:26.401+0000] {dag.py:3427} INFO - Setting next_dagrun for example_external_task_marker_parent to None, run_after=None
[2025-03-11T06:02:26.415+0000] {processor.py:175} INFO - Processing /home/airflow/.local/lib/python3.7/site-packages/airflow/example_dags/example_external_task_marker_dag.py took 0.080 seconds
[2025-03-11T06:02:56.852+0000] {processor.py:153} INFO - Started process (PID=851) to work on /home/airflow/.local/lib/python3.7/site-packages/airflow/example_dags/example_external_task_marker_dag.py
[2025-03-11T06:02:56.853+0000] {processor.py:743} INFO - Processing file /home/airflow/.local/lib/python3.7/site-packages/airflow/example_dags/example_external_task_marker_dag.py for tasks to queue
[2025-03-11T06:02:56.854+0000] {logging_mixin.py:137} INFO - [2025-03-11T06:02:56.854+0000] {dagbag.py:538} INFO - Filling up the DagBag from /home/airflow/.local/lib/python3.7/site-packages/airflow/example_dags/example_external_task_marker_dag.py
[2025-03-11T06:02:56.867+0000] {processor.py:753} INFO - DAG(s) dict_keys(['example_external_task_marker_child', 'example_external_task_marker_parent']) retrieved from /home/airflow/.local/lib/python3.7/site-packages/airflow/example_dags/example_external_task_marker_dag.py
[2025-03-11T06:02:56.905+0000] {logging_mixin.py:137} INFO - [2025-03-11T06:02:56.905+0000] {dag.py:2676} INFO - Sync 2 DAGs
[2025-03-11T06:02:56.927+0000] {logging_mixin.py:137} INFO - [2025-03-11T06:02:56.927+0000] {dag.py:3427} INFO - Setting next_dagrun for example_external_task_marker_child to None, run_after=None
[2025-03-11T06:02:56.930+0000] {logging_mixin.py:137} INFO - [2025-03-11T06:02:56.930+0000] {dag.py:3427} INFO - Setting next_dagrun for example_external_task_marker_parent to None, run_after=None
[2025-03-11T06:02:56.946+0000] {processor.py:175} INFO - Processing /home/airflow/.local/lib/python3.7/site-packages/airflow/example_dags/example_external_task_marker_dag.py took 0.095 seconds
[2025-03-11T06:03:27.302+0000] {processor.py:153} INFO - Started process (PID=890) to work on /home/airflow/.local/lib/python3.7/site-packages/airflow/example_dags/example_external_task_marker_dag.py
[2025-03-11T06:03:27.302+0000] {processor.py:743} INFO - Processing file /home/airflow/.local/lib/python3.7/site-packages/airflow/example_dags/example_external_task_marker_dag.py for tasks to queue
[2025-03-11T06:03:27.303+0000] {logging_mixin.py:137} INFO - [2025-03-11T06:03:27.303+0000] {dagbag.py:538} INFO - Filling up the DagBag from /home/airflow/.local/lib/python3.7/site-packages/airflow/example_dags/example_external_task_marker_dag.py
[2025-03-11T06:03:27.317+0000] {processor.py:753} INFO - DAG(s) dict_keys(['example_external_task_marker_parent', 'example_external_task_marker_child']) retrieved from /home/airflow/.local/lib/python3.7/site-packages/airflow/example_dags/example_external_task_marker_dag.py
[2025-03-11T06:03:27.350+0000] {logging_mixin.py:137} INFO - [2025-03-11T06:03:27.349+0000] {dag.py:2676} INFO - Sync 2 DAGs
[2025-03-11T06:03:27.370+0000] {logging_mixin.py:137} INFO - [2025-03-11T06:03:27.370+0000] {dag.py:3427} INFO - Setting next_dagrun for example_external_task_marker_child to None, run_after=None
[2025-03-11T06:03:27.374+0000] {logging_mixin.py:137} INFO - [2025-03-11T06:03:27.374+0000] {dag.py:3427} INFO - Setting next_dagrun for example_external_task_marker_parent to None, run_after=None
[2025-03-11T06:03:27.389+0000] {processor.py:175} INFO - Processing /home/airflow/.local/lib/python3.7/site-packages/airflow/example_dags/example_external_task_marker_dag.py took 0.090 seconds
[2025-03-11T06:03:57.696+0000] {processor.py:153} INFO - Started process (PID=929) to work on /home/airflow/.local/lib/python3.7/site-packages/airflow/example_dags/example_external_task_marker_dag.py
[2025-03-11T06:03:57.698+0000] {processor.py:743} INFO - Processing file /home/airflow/.local/lib/python3.7/site-packages/airflow/example_dags/example_external_task_marker_dag.py for tasks to queue
[2025-03-11T06:03:57.699+0000] {logging_mixin.py:137} INFO - [2025-03-11T06:03:57.699+0000] {dagbag.py:538} INFO - Filling up the DagBag from /home/airflow/.local/lib/python3.7/site-packages/airflow/example_dags/example_external_task_marker_dag.py
[2025-03-11T06:03:57.710+0000] {processor.py:753} INFO - DAG(s) dict_keys(['example_external_task_marker_parent', 'example_external_task_marker_child']) retrieved from /home/airflow/.local/lib/python3.7/site-packages/airflow/example_dags/example_external_task_marker_dag.py
[2025-03-11T06:03:57.740+0000] {logging_mixin.py:137} INFO - [2025-03-11T06:03:57.740+0000] {dag.py:2676} INFO - Sync 2 DAGs
[2025-03-11T06:03:57.759+0000] {logging_mixin.py:137} INFO - [2025-03-11T06:03:57.759+0000] {dag.py:3427} INFO - Setting next_dagrun for example_external_task_marker_child to None, run_after=None
[2025-03-11T06:03:57.763+0000] {logging_mixin.py:137} INFO - [2025-03-11T06:03:57.763+0000] {dag.py:3427} INFO - Setting next_dagrun for example_external_task_marker_parent to None, run_after=None
[2025-03-11T06:03:57.779+0000] {processor.py:175} INFO - Processing /home/airflow/.local/lib/python3.7/site-packages/airflow/example_dags/example_external_task_marker_dag.py took 0.085 seconds
[2025-03-11T06:04:28.151+0000] {processor.py:153} INFO - Started process (PID=968) to work on /home/airflow/.local/lib/python3.7/site-packages/airflow/example_dags/example_external_task_marker_dag.py
[2025-03-11T06:04:28.152+0000] {processor.py:743} INFO - Processing file /home/airflow/.local/lib/python3.7/site-packages/airflow/example_dags/example_external_task_marker_dag.py for tasks to queue
[2025-03-11T06:04:28.152+0000] {logging_mixin.py:137} INFO - [2025-03-11T06:04:28.152+0000] {dagbag.py:538} INFO - Filling up the DagBag from /home/airflow/.local/lib/python3.7/site-packages/airflow/example_dags/example_external_task_marker_dag.py
[2025-03-11T06:04:28.164+0000] {processor.py:753} INFO - DAG(s) dict_keys(['example_external_task_marker_parent', 'example_external_task_marker_child']) retrieved from /home/airflow/.local/lib/python3.7/site-packages/airflow/example_dags/example_external_task_marker_dag.py
[2025-03-11T06:04:28.197+0000] {logging_mixin.py:137} INFO - [2025-03-11T06:04:28.197+0000] {dag.py:2676} INFO - Sync 2 DAGs
[2025-03-11T06:04:28.215+0000] {logging_mixin.py:137} INFO - [2025-03-11T06:04:28.215+0000] {dag.py:3427} INFO - Setting next_dagrun for example_external_task_marker_child to None, run_after=None
[2025-03-11T06:04:28.220+0000] {logging_mixin.py:137} INFO - [2025-03-11T06:04:28.220+0000] {dag.py:3427} INFO - Setting next_dagrun for example_external_task_marker_parent to None, run_after=None
[2025-03-11T06:04:28.233+0000] {processor.py:175} INFO - Processing /home/airflow/.local/lib/python3.7/site-packages/airflow/example_dags/example_external_task_marker_dag.py took 0.085 seconds
[2025-03-11T06:04:58.541+0000] {processor.py:153} INFO - Started process (PID=1007) to work on /home/airflow/.local/lib/python3.7/site-packages/airflow/example_dags/example_external_task_marker_dag.py
[2025-03-11T06:04:58.541+0000] {processor.py:743} INFO - Processing file /home/airflow/.local/lib/python3.7/site-packages/airflow/example_dags/example_external_task_marker_dag.py for tasks to queue
[2025-03-11T06:04:58.542+0000] {logging_mixin.py:137} INFO - [2025-03-11T06:04:58.542+0000] {dagbag.py:538} INFO - Filling up the DagBag from /home/airflow/.local/lib/python3.7/site-packages/airflow/example_dags/example_external_task_marker_dag.py
[2025-03-11T06:04:58.555+0000] {processor.py:753} INFO - DAG(s) dict_keys(['example_external_task_marker_child', 'example_external_task_marker_parent']) retrieved from /home/airflow/.local/lib/python3.7/site-packages/airflow/example_dags/example_external_task_marker_dag.py
[2025-03-11T06:04:58.585+0000] {logging_mixin.py:137} INFO - [2025-03-11T06:04:58.584+0000] {dag.py:2676} INFO - Sync 2 DAGs
[2025-03-11T06:04:58.605+0000] {logging_mixin.py:137} INFO - [2025-03-11T06:04:58.605+0000] {dag.py:3427} INFO - Setting next_dagrun for example_external_task_marker_child to None, run_after=None
[2025-03-11T06:04:58.608+0000] {logging_mixin.py:137} INFO - [2025-03-11T06:04:58.608+0000] {dag.py:3427} INFO - Setting next_dagrun for example_external_task_marker_parent to None, run_after=None
[2025-03-11T06:04:58.622+0000] {processor.py:175} INFO - Processing /home/airflow/.local/lib/python3.7/site-packages/airflow/example_dags/example_external_task_marker_dag.py took 0.083 seconds
[2025-03-11T06:05:29.008+0000] {processor.py:153} INFO - Started process (PID=1046) to work on /home/airflow/.local/lib/python3.7/site-packages/airflow/example_dags/example_external_task_marker_dag.py
[2025-03-11T06:05:29.009+0000] {processor.py:743} INFO - Processing file /home/airflow/.local/lib/python3.7/site-packages/airflow/example_dags/example_external_task_marker_dag.py for tasks to queue
[2025-03-11T06:05:29.010+0000] {logging_mixin.py:137} INFO - [2025-03-11T06:05:29.009+0000] {dagbag.py:538} INFO - Filling up the DagBag from /home/airflow/.local/lib/python3.7/site-packages/airflow/example_dags/example_external_task_marker_dag.py
[2025-03-11T06:05:29.021+0000] {processor.py:753} INFO - DAG(s) dict_keys(['example_external_task_marker_parent', 'example_external_task_marker_child']) retrieved from /home/airflow/.local/lib/python3.7/site-packages/airflow/example_dags/example_external_task_marker_dag.py
[2025-03-11T06:05:29.060+0000] {logging_mixin.py:137} INFO - [2025-03-11T06:05:29.060+0000] {dag.py:2676} INFO - Sync 2 DAGs
[2025-03-11T06:05:29.086+0000] {logging_mixin.py:137} INFO - [2025-03-11T06:05:29.085+0000] {dag.py:3427} INFO - Setting next_dagrun for example_external_task_marker_child to None, run_after=None
[2025-03-11T06:05:29.089+0000] {logging_mixin.py:137} INFO - [2025-03-11T06:05:29.089+0000] {dag.py:3427} INFO - Setting next_dagrun for example_external_task_marker_parent to None, run_after=None
[2025-03-11T06:05:29.109+0000] {processor.py:175} INFO - Processing /home/airflow/.local/lib/python3.7/site-packages/airflow/example_dags/example_external_task_marker_dag.py took 0.107 seconds
[2025-03-11T06:05:59.486+0000] {processor.py:153} INFO - Started process (PID=1085) to work on /home/airflow/.local/lib/python3.7/site-packages/airflow/example_dags/example_external_task_marker_dag.py
[2025-03-11T06:05:59.487+0000] {processor.py:743} INFO - Processing file /home/airflow/.local/lib/python3.7/site-packages/airflow/example_dags/example_external_task_marker_dag.py for tasks to queue
[2025-03-11T06:05:59.488+0000] {logging_mixin.py:137} INFO - [2025-03-11T06:05:59.488+0000] {dagbag.py:538} INFO - Filling up the DagBag from /home/airflow/.local/lib/python3.7/site-packages/airflow/example_dags/example_external_task_marker_dag.py
[2025-03-11T06:05:59.500+0000] {processor.py:753} INFO - DAG(s) dict_keys(['example_external_task_marker_parent', 'example_external_task_marker_child']) retrieved from /home/airflow/.local/lib/python3.7/site-packages/airflow/example_dags/example_external_task_marker_dag.py
[2025-03-11T06:05:59.536+0000] {logging_mixin.py:137} INFO - [2025-03-11T06:05:59.536+0000] {dag.py:2676} INFO - Sync 2 DAGs
[2025-03-11T06:05:59.558+0000] {logging_mixin.py:137} INFO - [2025-03-11T06:05:59.557+0000] {dag.py:3427} INFO - Setting next_dagrun for example_external_task_marker_child to None, run_after=None
[2025-03-11T06:05:59.561+0000] {logging_mixin.py:137} INFO - [2025-03-11T06:05:59.560+0000] {dag.py:3427} INFO - Setting next_dagrun for example_external_task_marker_parent to None, run_after=None
[2025-03-11T06:05:59.577+0000] {processor.py:175} INFO - Processing /home/airflow/.local/lib/python3.7/site-packages/airflow/example_dags/example_external_task_marker_dag.py took 0.094 seconds
[2025-03-11T06:06:29.880+0000] {processor.py:153} INFO - Started process (PID=1124) to work on /home/airflow/.local/lib/python3.7/site-packages/airflow/example_dags/example_external_task_marker_dag.py
[2025-03-11T06:06:29.881+0000] {processor.py:743} INFO - Processing file /home/airflow/.local/lib/python3.7/site-packages/airflow/example_dags/example_external_task_marker_dag.py for tasks to queue
[2025-03-11T06:06:29.882+0000] {logging_mixin.py:137} INFO - [2025-03-11T06:06:29.881+0000] {dagbag.py:538} INFO - Filling up the DagBag from /home/airflow/.local/lib/python3.7/site-packages/airflow/example_dags/example_external_task_marker_dag.py
[2025-03-11T06:06:29.896+0000] {processor.py:753} INFO - DAG(s) dict_keys(['example_external_task_marker_child', 'example_external_task_marker_parent']) retrieved from /home/airflow/.local/lib/python3.7/site-packages/airflow/example_dags/example_external_task_marker_dag.py
[2025-03-11T06:06:29.929+0000] {logging_mixin.py:137} INFO - [2025-03-11T06:06:29.929+0000] {dag.py:2676} INFO - Sync 2 DAGs
[2025-03-11T06:06:29.953+0000] {logging_mixin.py:137} INFO - [2025-03-11T06:06:29.953+0000] {dag.py:3427} INFO - Setting next_dagrun for example_external_task_marker_child to None, run_after=None
[2025-03-11T06:06:29.957+0000] {logging_mixin.py:137} INFO - [2025-03-11T06:06:29.957+0000] {dag.py:3427} INFO - Setting next_dagrun for example_external_task_marker_parent to None, run_after=None
[2025-03-11T06:06:29.978+0000] {processor.py:175} INFO - Processing /home/airflow/.local/lib/python3.7/site-packages/airflow/example_dags/example_external_task_marker_dag.py took 0.101 seconds
[2025-03-11T06:07:00.259+0000] {processor.py:153} INFO - Started process (PID=1163) to work on /home/airflow/.local/lib/python3.7/site-packages/airflow/example_dags/example_external_task_marker_dag.py
[2025-03-11T06:07:00.259+0000] {processor.py:743} INFO - Processing file /home/airflow/.local/lib/python3.7/site-packages/airflow/example_dags/example_external_task_marker_dag.py for tasks to queue
[2025-03-11T06:07:00.261+0000] {logging_mixin.py:137} INFO - [2025-03-11T06:07:00.260+0000] {dagbag.py:538} INFO - Filling up the DagBag from /home/airflow/.local/lib/python3.7/site-packages/airflow/example_dags/example_external_task_marker_dag.py
[2025-03-11T06:07:00.274+0000] {processor.py:753} INFO - DAG(s) dict_keys(['example_external_task_marker_child', 'example_external_task_marker_parent']) retrieved from /home/airflow/.local/lib/python3.7/site-packages/airflow/example_dags/example_external_task_marker_dag.py
[2025-03-11T06:07:00.304+0000] {logging_mixin.py:137} INFO - [2025-03-11T06:07:00.304+0000] {dag.py:2676} INFO - Sync 2 DAGs
[2025-03-11T06:07:00.325+0000] {logging_mixin.py:137} INFO - [2025-03-11T06:07:00.325+0000] {dag.py:3427} INFO - Setting next_dagrun for example_external_task_marker_child to None, run_after=None
[2025-03-11T06:07:00.329+0000] {logging_mixin.py:137} INFO - [2025-03-11T06:07:00.329+0000] {dag.py:3427} INFO - Setting next_dagrun for example_external_task_marker_parent to None, run_after=None
[2025-03-11T06:07:00.345+0000] {processor.py:175} INFO - Processing /home/airflow/.local/lib/python3.7/site-packages/airflow/example_dags/example_external_task_marker_dag.py took 0.088 seconds
[2025-03-11T06:07:30.693+0000] {processor.py:153} INFO - Started process (PID=1202) to work on /home/airflow/.local/lib/python3.7/site-packages/airflow/example_dags/example_external_task_marker_dag.py
[2025-03-11T06:07:30.694+0000] {processor.py:743} INFO - Processing file /home/airflow/.local/lib/python3.7/site-packages/airflow/example_dags/example_external_task_marker_dag.py for tasks to queue
[2025-03-11T06:07:30.696+0000] {logging_mixin.py:137} INFO - [2025-03-11T06:07:30.695+0000] {dagbag.py:538} INFO - Filling up the DagBag from /home/airflow/.local/lib/python3.7/site-packages/airflow/example_dags/example_external_task_marker_dag.py
[2025-03-11T06:07:30.708+0000] {processor.py:753} INFO - DAG(s) dict_keys(['example_external_task_marker_child', 'example_external_task_marker_parent']) retrieved from /home/airflow/.local/lib/python3.7/site-packages/airflow/example_dags/example_external_task_marker_dag.py
[2025-03-11T06:07:30.739+0000] {logging_mixin.py:137} INFO - [2025-03-11T06:07:30.739+0000] {dag.py:2676} INFO - Sync 2 DAGs
[2025-03-11T06:07:30.763+0000] {logging_mixin.py:137} INFO - [2025-03-11T06:07:30.763+0000] {dag.py:3427} INFO - Setting next_dagrun for example_external_task_marker_child to None, run_after=None
[2025-03-11T06:07:30.766+0000] {logging_mixin.py:137} INFO - [2025-03-11T06:07:30.766+0000] {dag.py:3427} INFO - Setting next_dagrun for example_external_task_marker_parent to None, run_after=None
[2025-03-11T06:07:30.780+0000] {processor.py:175} INFO - Processing /home/airflow/.local/lib/python3.7/site-packages/airflow/example_dags/example_external_task_marker_dag.py took 0.089 seconds
[2025-03-11T06:08:01.182+0000] {processor.py:153} INFO - Started process (PID=1240) to work on /home/airflow/.local/lib/python3.7/site-packages/airflow/example_dags/example_external_task_marker_dag.py
[2025-03-11T06:08:01.183+0000] {processor.py:743} INFO - Processing file /home/airflow/.local/lib/python3.7/site-packages/airflow/example_dags/example_external_task_marker_dag.py for tasks to queue
[2025-03-11T06:08:01.185+0000] {logging_mixin.py:137} INFO - [2025-03-11T06:08:01.185+0000] {dagbag.py:538} INFO - Filling up the DagBag from /home/airflow/.local/lib/python3.7/site-packages/airflow/example_dags/example_external_task_marker_dag.py
[2025-03-11T06:08:01.197+0000] {processor.py:753} INFO - DAG(s) dict_keys(['example_external_task_marker_child', 'example_external_task_marker_parent']) retrieved from /home/airflow/.local/lib/python3.7/site-packages/airflow/example_dags/example_external_task_marker_dag.py
[2025-03-11T06:08:01.237+0000] {logging_mixin.py:137} INFO - [2025-03-11T06:08:01.237+0000] {dag.py:2676} INFO - Sync 2 DAGs
[2025-03-11T06:08:01.259+0000] {logging_mixin.py:137} INFO - [2025-03-11T06:08:01.259+0000] {dag.py:3427} INFO - Setting next_dagrun for example_external_task_marker_child to None, run_after=None
[2025-03-11T06:08:01.263+0000] {logging_mixin.py:137} INFO - [2025-03-11T06:08:01.262+0000] {dag.py:3427} INFO - Setting next_dagrun for example_external_task_marker_parent to None, run_after=None
[2025-03-11T06:08:01.276+0000] {processor.py:175} INFO - Processing /home/airflow/.local/lib/python3.7/site-packages/airflow/example_dags/example_external_task_marker_dag.py took 0.096 seconds
[2025-03-11T06:08:31.726+0000] {processor.py:153} INFO - Started process (PID=1279) to work on /home/airflow/.local/lib/python3.7/site-packages/airflow/example_dags/example_external_task_marker_dag.py
[2025-03-11T06:08:31.726+0000] {processor.py:743} INFO - Processing file /home/airflow/.local/lib/python3.7/site-packages/airflow/example_dags/example_external_task_marker_dag.py for tasks to queue
[2025-03-11T06:08:31.727+0000] {logging_mixin.py:137} INFO - [2025-03-11T06:08:31.727+0000] {dagbag.py:538} INFO - Filling up the DagBag from /home/airflow/.local/lib/python3.7/site-packages/airflow/example_dags/example_external_task_marker_dag.py
[2025-03-11T06:08:31.738+0000] {processor.py:753} INFO - DAG(s) dict_keys(['example_external_task_marker_parent', 'example_external_task_marker_child']) retrieved from /home/airflow/.local/lib/python3.7/site-packages/airflow/example_dags/example_external_task_marker_dag.py
[2025-03-11T06:08:31.768+0000] {logging_mixin.py:137} INFO - [2025-03-11T06:08:31.768+0000] {dag.py:2676} INFO - Sync 2 DAGs
[2025-03-11T06:08:31.786+0000] {logging_mixin.py:137} INFO - [2025-03-11T06:08:31.785+0000] {dag.py:3427} INFO - Setting next_dagrun for example_external_task_marker_child to None, run_after=None
[2025-03-11T06:08:31.789+0000] {logging_mixin.py:137} INFO - [2025-03-11T06:08:31.789+0000] {dag.py:3427} INFO - Setting next_dagrun for example_external_task_marker_parent to None, run_after=None
[2025-03-11T06:08:31.800+0000] {processor.py:175} INFO - Processing /home/airflow/.local/lib/python3.7/site-packages/airflow/example_dags/example_external_task_marker_dag.py took 0.076 seconds
[2025-03-11T06:09:02.260+0000] {processor.py:153} INFO - Started process (PID=1318) to work on /home/airflow/.local/lib/python3.7/site-packages/airflow/example_dags/example_external_task_marker_dag.py
[2025-03-11T06:09:02.261+0000] {processor.py:743} INFO - Processing file /home/airflow/.local/lib/python3.7/site-packages/airflow/example_dags/example_external_task_marker_dag.py for tasks to queue
[2025-03-11T06:09:02.263+0000] {logging_mixin.py:137} INFO - [2025-03-11T06:09:02.262+0000] {dagbag.py:538} INFO - Filling up the DagBag from /home/airflow/.local/lib/python3.7/site-packages/airflow/example_dags/example_external_task_marker_dag.py
[2025-03-11T06:09:02.275+0000] {processor.py:753} INFO - DAG(s) dict_keys(['example_external_task_marker_child', 'example_external_task_marker_parent']) retrieved from /home/airflow/.local/lib/python3.7/site-packages/airflow/example_dags/example_external_task_marker_dag.py
[2025-03-11T06:09:02.314+0000] {logging_mixin.py:137} INFO - [2025-03-11T06:09:02.314+0000] {dag.py:2676} INFO - Sync 2 DAGs
[2025-03-11T06:09:02.336+0000] {logging_mixin.py:137} INFO - [2025-03-11T06:09:02.336+0000] {dag.py:3427} INFO - Setting next_dagrun for example_external_task_marker_child to None, run_after=None
[2025-03-11T06:09:02.339+0000] {logging_mixin.py:137} INFO - [2025-03-11T06:09:02.339+0000] {dag.py:3427} INFO - Setting next_dagrun for example_external_task_marker_parent to None, run_after=None
[2025-03-11T06:09:02.355+0000] {processor.py:175} INFO - Processing /home/airflow/.local/lib/python3.7/site-packages/airflow/example_dags/example_external_task_marker_dag.py took 0.097 seconds
[2025-03-11T06:09:32.804+0000] {processor.py:153} INFO - Started process (PID=1358) to work on /home/airflow/.local/lib/python3.7/site-packages/airflow/example_dags/example_external_task_marker_dag.py
[2025-03-11T06:09:32.807+0000] {processor.py:743} INFO - Processing file /home/airflow/.local/lib/python3.7/site-packages/airflow/example_dags/example_external_task_marker_dag.py for tasks to queue
[2025-03-11T06:09:32.807+0000] {logging_mixin.py:137} INFO - [2025-03-11T06:09:32.807+0000] {dagbag.py:538} INFO - Filling up the DagBag from /home/airflow/.local/lib/python3.7/site-packages/airflow/example_dags/example_external_task_marker_dag.py
[2025-03-11T06:09:32.820+0000] {processor.py:753} INFO - DAG(s) dict_keys(['example_external_task_marker_child', 'example_external_task_marker_parent']) retrieved from /home/airflow/.local/lib/python3.7/site-packages/airflow/example_dags/example_external_task_marker_dag.py
[2025-03-11T06:09:32.853+0000] {logging_mixin.py:137} INFO - [2025-03-11T06:09:32.853+0000] {dag.py:2676} INFO - Sync 2 DAGs
[2025-03-11T06:09:32.874+0000] {logging_mixin.py:137} INFO - [2025-03-11T06:09:32.873+0000] {dag.py:3427} INFO - Setting next_dagrun for example_external_task_marker_child to None, run_after=None
[2025-03-11T06:09:32.878+0000] {logging_mixin.py:137} INFO - [2025-03-11T06:09:32.878+0000] {dag.py:3427} INFO - Setting next_dagrun for example_external_task_marker_parent to None, run_after=None
[2025-03-11T06:09:32.898+0000] {processor.py:175} INFO - Processing /home/airflow/.local/lib/python3.7/site-packages/airflow/example_dags/example_external_task_marker_dag.py took 0.097 seconds
[2025-03-11T06:10:03.391+0000] {processor.py:153} INFO - Started process (PID=1397) to work on /home/airflow/.local/lib/python3.7/site-packages/airflow/example_dags/example_external_task_marker_dag.py
[2025-03-11T06:10:03.392+0000] {processor.py:743} INFO - Processing file /home/airflow/.local/lib/python3.7/site-packages/airflow/example_dags/example_external_task_marker_dag.py for tasks to queue
[2025-03-11T06:10:03.392+0000] {logging_mixin.py:137} INFO - [2025-03-11T06:10:03.392+0000] {dagbag.py:538} INFO - Filling up the DagBag from /home/airflow/.local/lib/python3.7/site-packages/airflow/example_dags/example_external_task_marker_dag.py
[2025-03-11T06:10:03.405+0000] {processor.py:753} INFO - DAG(s) dict_keys(['example_external_task_marker_child', 'example_external_task_marker_parent']) retrieved from /home/airflow/.local/lib/python3.7/site-packages/airflow/example_dags/example_external_task_marker_dag.py
[2025-03-11T06:10:03.440+0000] {logging_mixin.py:137} INFO - [2025-03-11T06:10:03.440+0000] {dag.py:2676} INFO - Sync 2 DAGs
[2025-03-11T06:10:03.460+0000] {logging_mixin.py:137} INFO - [2025-03-11T06:10:03.460+0000] {dag.py:3427} INFO - Setting next_dagrun for example_external_task_marker_child to None, run_after=None
[2025-03-11T06:10:03.463+0000] {logging_mixin.py:137} INFO - [2025-03-11T06:10:03.463+0000] {dag.py:3427} INFO - Setting next_dagrun for example_external_task_marker_parent to None, run_after=None
[2025-03-11T06:10:03.476+0000] {processor.py:175} INFO - Processing /home/airflow/.local/lib/python3.7/site-packages/airflow/example_dags/example_external_task_marker_dag.py took 0.087 seconds
