[2025-03-11T05:52:39.785+0000] {processor.py:153} INFO - Started process (PID=47) to work on /home/airflow/.local/lib/python3.7/site-packages/airflow/example_dags/example_branch_datetime_operator.py
[2025-03-11T05:52:39.789+0000] {processor.py:743} INFO - Processing file /home/airflow/.local/lib/python3.7/site-packages/airflow/example_dags/example_branch_datetime_operator.py for tasks to queue
[2025-03-11T05:52:39.795+0000] {logging_mixin.py:137} INFO - [2025-03-11T05:52:39.795+0000] {dagbag.py:538} INFO - Filling up the DagBag from /home/airflow/.local/lib/python3.7/site-packages/airflow/example_dags/example_branch_datetime_operator.py
[2025-03-11T05:52:39.847+0000] {processor.py:753} INFO - DAG(s) dict_keys(['example_branch_datetime_operator', 'example_branch_datetime_operator_2', 'example_branch_datetime_operator_3']) retrieved from /home/airflow/.local/lib/python3.7/site-packages/airflow/example_dags/example_branch_datetime_operator.py
[2025-03-11T05:52:39.919+0000] {logging_mixin.py:137} INFO - [2025-03-11T05:52:39.918+0000] {dag.py:2676} INFO - Sync 3 DAGs
[2025-03-11T05:52:39.970+0000] {logging_mixin.py:137} INFO - [2025-03-11T05:52:39.970+0000] {dag.py:3427} INFO - Setting next_dagrun for example_branch_datetime_operator to 2025-03-10T00:00:00+00:00, run_after=2025-03-11T00:00:00+00:00
[2025-03-11T05:52:39.984+0000] {logging_mixin.py:137} INFO - [2025-03-11T05:52:39.983+0000] {dag.py:3427} INFO - Setting next_dagrun for example_branch_datetime_operator_2 to 2025-03-10T00:00:00+00:00, run_after=2025-03-11T00:00:00+00:00
[2025-03-11T05:52:39.996+0000] {logging_mixin.py:137} INFO - [2025-03-11T05:52:39.995+0000] {dag.py:3427} INFO - Setting next_dagrun for example_branch_datetime_operator_3 to 2025-03-10T00:00:00+00:00, run_after=2025-03-11T00:00:00+00:00
[2025-03-11T05:52:40.039+0000] {processor.py:175} INFO - Processing /home/airflow/.local/lib/python3.7/site-packages/airflow/example_dags/example_branch_datetime_operator.py took 0.258 seconds
[2025-03-11T05:53:10.395+0000] {processor.py:153} INFO - Started process (PID=86) to work on /home/airflow/.local/lib/python3.7/site-packages/airflow/example_dags/example_branch_datetime_operator.py
[2025-03-11T05:53:10.397+0000] {processor.py:743} INFO - Processing file /home/airflow/.local/lib/python3.7/site-packages/airflow/example_dags/example_branch_datetime_operator.py for tasks to queue
[2025-03-11T05:53:10.398+0000] {logging_mixin.py:137} INFO - [2025-03-11T05:53:10.398+0000] {dagbag.py:538} INFO - Filling up the DagBag from /home/airflow/.local/lib/python3.7/site-packages/airflow/example_dags/example_branch_datetime_operator.py
[2025-03-11T05:53:10.416+0000] {processor.py:753} INFO - DAG(s) dict_keys(['example_branch_datetime_operator', 'example_branch_datetime_operator_2', 'example_branch_datetime_operator_3']) retrieved from /home/airflow/.local/lib/python3.7/site-packages/airflow/example_dags/example_branch_datetime_operator.py
[2025-03-11T05:53:10.442+0000] {logging_mixin.py:137} INFO - [2025-03-11T05:53:10.442+0000] {dag.py:2676} INFO - Sync 3 DAGs
[2025-03-11T05:53:10.474+0000] {logging_mixin.py:137} INFO - [2025-03-11T05:53:10.473+0000] {dag.py:3427} INFO - Setting next_dagrun for example_branch_datetime_operator to 2025-03-10T00:00:00+00:00, run_after=2025-03-11T00:00:00+00:00
[2025-03-11T05:53:10.479+0000] {logging_mixin.py:137} INFO - [2025-03-11T05:53:10.478+0000] {dag.py:3427} INFO - Setting next_dagrun for example_branch_datetime_operator_2 to 2025-03-10T00:00:00+00:00, run_after=2025-03-11T00:00:00+00:00
[2025-03-11T05:53:10.482+0000] {logging_mixin.py:137} INFO - [2025-03-11T05:53:10.482+0000] {dag.py:3427} INFO - Setting next_dagrun for example_branch_datetime_operator_3 to 2025-03-10T00:00:00+00:00, run_after=2025-03-11T00:00:00+00:00
[2025-03-11T05:53:10.498+0000] {processor.py:175} INFO - Processing /home/airflow/.local/lib/python3.7/site-packages/airflow/example_dags/example_branch_datetime_operator.py took 0.104 seconds
[2025-03-11T05:53:41.081+0000] {processor.py:153} INFO - Started process (PID=125) to work on /home/airflow/.local/lib/python3.7/site-packages/airflow/example_dags/example_branch_datetime_operator.py
[2025-03-11T05:53:41.083+0000] {processor.py:743} INFO - Processing file /home/airflow/.local/lib/python3.7/site-packages/airflow/example_dags/example_branch_datetime_operator.py for tasks to queue
[2025-03-11T05:53:41.084+0000] {logging_mixin.py:137} INFO - [2025-03-11T05:53:41.084+0000] {dagbag.py:538} INFO - Filling up the DagBag from /home/airflow/.local/lib/python3.7/site-packages/airflow/example_dags/example_branch_datetime_operator.py
[2025-03-11T05:53:41.101+0000] {processor.py:753} INFO - DAG(s) dict_keys(['example_branch_datetime_operator_2', 'example_branch_datetime_operator', 'example_branch_datetime_operator_3']) retrieved from /home/airflow/.local/lib/python3.7/site-packages/airflow/example_dags/example_branch_datetime_operator.py
[2025-03-11T05:53:41.141+0000] {logging_mixin.py:137} INFO - [2025-03-11T05:53:41.141+0000] {dag.py:2676} INFO - Sync 3 DAGs
[2025-03-11T05:53:41.166+0000] {logging_mixin.py:137} INFO - [2025-03-11T05:53:41.165+0000] {dag.py:3427} INFO - Setting next_dagrun for example_branch_datetime_operator to 2025-03-10T00:00:00+00:00, run_after=2025-03-11T00:00:00+00:00
[2025-03-11T05:53:41.172+0000] {logging_mixin.py:137} INFO - [2025-03-11T05:53:41.172+0000] {dag.py:3427} INFO - Setting next_dagrun for example_branch_datetime_operator_2 to 2025-03-10T00:00:00+00:00, run_after=2025-03-11T00:00:00+00:00
[2025-03-11T05:53:41.177+0000] {logging_mixin.py:137} INFO - [2025-03-11T05:53:41.177+0000] {dag.py:3427} INFO - Setting next_dagrun for example_branch_datetime_operator_3 to 2025-03-10T00:00:00+00:00, run_after=2025-03-11T00:00:00+00:00
[2025-03-11T05:53:41.191+0000] {processor.py:175} INFO - Processing /home/airflow/.local/lib/python3.7/site-packages/airflow/example_dags/example_branch_datetime_operator.py took 0.112 seconds
[2025-03-11T05:54:11.930+0000] {processor.py:153} INFO - Started process (PID=164) to work on /home/airflow/.local/lib/python3.7/site-packages/airflow/example_dags/example_branch_datetime_operator.py
[2025-03-11T05:54:11.930+0000] {processor.py:743} INFO - Processing file /home/airflow/.local/lib/python3.7/site-packages/airflow/example_dags/example_branch_datetime_operator.py for tasks to queue
[2025-03-11T05:54:11.931+0000] {logging_mixin.py:137} INFO - [2025-03-11T05:54:11.931+0000] {dagbag.py:538} INFO - Filling up the DagBag from /home/airflow/.local/lib/python3.7/site-packages/airflow/example_dags/example_branch_datetime_operator.py
[2025-03-11T05:54:11.951+0000] {processor.py:753} INFO - DAG(s) dict_keys(['example_branch_datetime_operator_2', 'example_branch_datetime_operator_3', 'example_branch_datetime_operator']) retrieved from /home/airflow/.local/lib/python3.7/site-packages/airflow/example_dags/example_branch_datetime_operator.py
[2025-03-11T05:54:11.997+0000] {logging_mixin.py:137} INFO - [2025-03-11T05:54:11.997+0000] {dag.py:2676} INFO - Sync 3 DAGs
[2025-03-11T05:54:12.022+0000] {logging_mixin.py:137} INFO - [2025-03-11T05:54:12.021+0000] {dag.py:3427} INFO - Setting next_dagrun for example_branch_datetime_operator to 2025-03-10T00:00:00+00:00, run_after=2025-03-11T00:00:00+00:00
[2025-03-11T05:54:12.026+0000] {logging_mixin.py:137} INFO - [2025-03-11T05:54:12.026+0000] {dag.py:3427} INFO - Setting next_dagrun for example_branch_datetime_operator_2 to 2025-03-10T00:00:00+00:00, run_after=2025-03-11T00:00:00+00:00
[2025-03-11T05:54:12.028+0000] {logging_mixin.py:137} INFO - [2025-03-11T05:54:12.028+0000] {dag.py:3427} INFO - Setting next_dagrun for example_branch_datetime_operator_3 to 2025-03-10T00:00:00+00:00, run_after=2025-03-11T00:00:00+00:00
[2025-03-11T05:54:12.040+0000] {processor.py:175} INFO - Processing /home/airflow/.local/lib/python3.7/site-packages/airflow/example_dags/example_branch_datetime_operator.py took 0.112 seconds
[2025-03-11T05:54:42.153+0000] {processor.py:153} INFO - Started process (PID=203) to work on /home/airflow/.local/lib/python3.7/site-packages/airflow/example_dags/example_branch_datetime_operator.py
[2025-03-11T05:54:42.154+0000] {processor.py:743} INFO - Processing file /home/airflow/.local/lib/python3.7/site-packages/airflow/example_dags/example_branch_datetime_operator.py for tasks to queue
[2025-03-11T05:54:42.154+0000] {logging_mixin.py:137} INFO - [2025-03-11T05:54:42.154+0000] {dagbag.py:538} INFO - Filling up the DagBag from /home/airflow/.local/lib/python3.7/site-packages/airflow/example_dags/example_branch_datetime_operator.py
[2025-03-11T05:54:42.172+0000] {processor.py:753} INFO - DAG(s) dict_keys(['example_branch_datetime_operator_2', 'example_branch_datetime_operator', 'example_branch_datetime_operator_3']) retrieved from /home/airflow/.local/lib/python3.7/site-packages/airflow/example_dags/example_branch_datetime_operator.py
[2025-03-11T05:54:42.212+0000] {logging_mixin.py:137} INFO - [2025-03-11T05:54:42.212+0000] {dag.py:2676} INFO - Sync 3 DAGs
[2025-03-11T05:54:42.236+0000] {logging_mixin.py:137} INFO - [2025-03-11T05:54:42.236+0000] {dag.py:3427} INFO - Setting next_dagrun for example_branch_datetime_operator to 2025-03-10T00:00:00+00:00, run_after=2025-03-11T00:00:00+00:00
[2025-03-11T05:54:42.241+0000] {logging_mixin.py:137} INFO - [2025-03-11T05:54:42.241+0000] {dag.py:3427} INFO - Setting next_dagrun for example_branch_datetime_operator_2 to 2025-03-10T00:00:00+00:00, run_after=2025-03-11T00:00:00+00:00
[2025-03-11T05:54:42.243+0000] {logging_mixin.py:137} INFO - [2025-03-11T05:54:42.243+0000] {dag.py:3427} INFO - Setting next_dagrun for example_branch_datetime_operator_3 to 2025-03-10T00:00:00+00:00, run_after=2025-03-11T00:00:00+00:00
[2025-03-11T05:54:42.256+0000] {processor.py:175} INFO - Processing /home/airflow/.local/lib/python3.7/site-packages/airflow/example_dags/example_branch_datetime_operator.py took 0.105 seconds
[2025-03-11T05:55:12.633+0000] {processor.py:153} INFO - Started process (PID=242) to work on /home/airflow/.local/lib/python3.7/site-packages/airflow/example_dags/example_branch_datetime_operator.py
[2025-03-11T05:55:12.634+0000] {processor.py:743} INFO - Processing file /home/airflow/.local/lib/python3.7/site-packages/airflow/example_dags/example_branch_datetime_operator.py for tasks to queue
[2025-03-11T05:55:12.634+0000] {logging_mixin.py:137} INFO - [2025-03-11T05:55:12.634+0000] {dagbag.py:538} INFO - Filling up the DagBag from /home/airflow/.local/lib/python3.7/site-packages/airflow/example_dags/example_branch_datetime_operator.py
[2025-03-11T05:55:12.652+0000] {processor.py:753} INFO - DAG(s) dict_keys(['example_branch_datetime_operator', 'example_branch_datetime_operator_3', 'example_branch_datetime_operator_2']) retrieved from /home/airflow/.local/lib/python3.7/site-packages/airflow/example_dags/example_branch_datetime_operator.py
[2025-03-11T05:55:12.685+0000] {logging_mixin.py:137} INFO - [2025-03-11T05:55:12.685+0000] {dag.py:2676} INFO - Sync 3 DAGs
[2025-03-11T05:55:12.709+0000] {logging_mixin.py:137} INFO - [2025-03-11T05:55:12.709+0000] {dag.py:3427} INFO - Setting next_dagrun for example_branch_datetime_operator to 2025-03-10T00:00:00+00:00, run_after=2025-03-11T00:00:00+00:00
[2025-03-11T05:55:12.713+0000] {logging_mixin.py:137} INFO - [2025-03-11T05:55:12.713+0000] {dag.py:3427} INFO - Setting next_dagrun for example_branch_datetime_operator_2 to 2025-03-10T00:00:00+00:00, run_after=2025-03-11T00:00:00+00:00
[2025-03-11T05:55:12.716+0000] {logging_mixin.py:137} INFO - [2025-03-11T05:55:12.716+0000] {dag.py:3427} INFO - Setting next_dagrun for example_branch_datetime_operator_3 to 2025-03-10T00:00:00+00:00, run_after=2025-03-11T00:00:00+00:00
[2025-03-11T05:55:12.731+0000] {processor.py:175} INFO - Processing /home/airflow/.local/lib/python3.7/site-packages/airflow/example_dags/example_branch_datetime_operator.py took 0.101 seconds
[2025-03-11T05:55:43.282+0000] {processor.py:153} INFO - Started process (PID=281) to work on /home/airflow/.local/lib/python3.7/site-packages/airflow/example_dags/example_branch_datetime_operator.py
[2025-03-11T05:55:43.283+0000] {processor.py:743} INFO - Processing file /home/airflow/.local/lib/python3.7/site-packages/airflow/example_dags/example_branch_datetime_operator.py for tasks to queue
[2025-03-11T05:55:43.284+0000] {logging_mixin.py:137} INFO - [2025-03-11T05:55:43.283+0000] {dagbag.py:538} INFO - Filling up the DagBag from /home/airflow/.local/lib/python3.7/site-packages/airflow/example_dags/example_branch_datetime_operator.py
[2025-03-11T05:55:43.299+0000] {processor.py:753} INFO - DAG(s) dict_keys(['example_branch_datetime_operator_2', 'example_branch_datetime_operator', 'example_branch_datetime_operator_3']) retrieved from /home/airflow/.local/lib/python3.7/site-packages/airflow/example_dags/example_branch_datetime_operator.py
[2025-03-11T05:55:43.337+0000] {logging_mixin.py:137} INFO - [2025-03-11T05:55:43.337+0000] {dag.py:2676} INFO - Sync 3 DAGs
[2025-03-11T05:55:43.359+0000] {logging_mixin.py:137} INFO - [2025-03-11T05:55:43.359+0000] {dag.py:3427} INFO - Setting next_dagrun for example_branch_datetime_operator to 2025-03-10T00:00:00+00:00, run_after=2025-03-11T00:00:00+00:00
[2025-03-11T05:55:43.364+0000] {logging_mixin.py:137} INFO - [2025-03-11T05:55:43.364+0000] {dag.py:3427} INFO - Setting next_dagrun for example_branch_datetime_operator_2 to 2025-03-10T00:00:00+00:00, run_after=2025-03-11T00:00:00+00:00
[2025-03-11T05:55:43.367+0000] {logging_mixin.py:137} INFO - [2025-03-11T05:55:43.367+0000] {dag.py:3427} INFO - Setting next_dagrun for example_branch_datetime_operator_3 to 2025-03-10T00:00:00+00:00, run_after=2025-03-11T00:00:00+00:00
[2025-03-11T05:55:43.380+0000] {processor.py:175} INFO - Processing /home/airflow/.local/lib/python3.7/site-packages/airflow/example_dags/example_branch_datetime_operator.py took 0.100 seconds
[2025-03-11T05:56:13.674+0000] {processor.py:153} INFO - Started process (PID=320) to work on /home/airflow/.local/lib/python3.7/site-packages/airflow/example_dags/example_branch_datetime_operator.py
[2025-03-11T05:56:13.675+0000] {processor.py:743} INFO - Processing file /home/airflow/.local/lib/python3.7/site-packages/airflow/example_dags/example_branch_datetime_operator.py for tasks to queue
[2025-03-11T05:56:13.676+0000] {logging_mixin.py:137} INFO - [2025-03-11T05:56:13.676+0000] {dagbag.py:538} INFO - Filling up the DagBag from /home/airflow/.local/lib/python3.7/site-packages/airflow/example_dags/example_branch_datetime_operator.py
[2025-03-11T05:56:13.691+0000] {processor.py:753} INFO - DAG(s) dict_keys(['example_branch_datetime_operator_2', 'example_branch_datetime_operator', 'example_branch_datetime_operator_3']) retrieved from /home/airflow/.local/lib/python3.7/site-packages/airflow/example_dags/example_branch_datetime_operator.py
[2025-03-11T05:56:13.732+0000] {logging_mixin.py:137} INFO - [2025-03-11T05:56:13.732+0000] {dag.py:2676} INFO - Sync 3 DAGs
[2025-03-11T05:56:13.760+0000] {logging_mixin.py:137} INFO - [2025-03-11T05:56:13.760+0000] {dag.py:3427} INFO - Setting next_dagrun for example_branch_datetime_operator to 2025-03-10T00:00:00+00:00, run_after=2025-03-11T00:00:00+00:00
[2025-03-11T05:56:13.768+0000] {logging_mixin.py:137} INFO - [2025-03-11T05:56:13.768+0000] {dag.py:3427} INFO - Setting next_dagrun for example_branch_datetime_operator_2 to 2025-03-10T00:00:00+00:00, run_after=2025-03-11T00:00:00+00:00
[2025-03-11T05:56:13.772+0000] {logging_mixin.py:137} INFO - [2025-03-11T05:56:13.772+0000] {dag.py:3427} INFO - Setting next_dagrun for example_branch_datetime_operator_3 to 2025-03-10T00:00:00+00:00, run_after=2025-03-11T00:00:00+00:00
[2025-03-11T05:56:13.790+0000] {processor.py:175} INFO - Processing /home/airflow/.local/lib/python3.7/site-packages/airflow/example_dags/example_branch_datetime_operator.py took 0.118 seconds
[2025-03-11T05:56:43.973+0000] {processor.py:153} INFO - Started process (PID=359) to work on /home/airflow/.local/lib/python3.7/site-packages/airflow/example_dags/example_branch_datetime_operator.py
[2025-03-11T05:56:43.974+0000] {processor.py:743} INFO - Processing file /home/airflow/.local/lib/python3.7/site-packages/airflow/example_dags/example_branch_datetime_operator.py for tasks to queue
[2025-03-11T05:56:43.975+0000] {logging_mixin.py:137} INFO - [2025-03-11T05:56:43.975+0000] {dagbag.py:538} INFO - Filling up the DagBag from /home/airflow/.local/lib/python3.7/site-packages/airflow/example_dags/example_branch_datetime_operator.py
[2025-03-11T05:56:43.994+0000] {processor.py:753} INFO - DAG(s) dict_keys(['example_branch_datetime_operator_2', 'example_branch_datetime_operator_3', 'example_branch_datetime_operator']) retrieved from /home/airflow/.local/lib/python3.7/site-packages/airflow/example_dags/example_branch_datetime_operator.py
[2025-03-11T05:56:44.037+0000] {logging_mixin.py:137} INFO - [2025-03-11T05:56:44.036+0000] {dag.py:2676} INFO - Sync 3 DAGs
[2025-03-11T05:56:44.060+0000] {logging_mixin.py:137} INFO - [2025-03-11T05:56:44.060+0000] {dag.py:3427} INFO - Setting next_dagrun for example_branch_datetime_operator to 2025-03-10T00:00:00+00:00, run_after=2025-03-11T00:00:00+00:00
[2025-03-11T05:56:44.065+0000] {logging_mixin.py:137} INFO - [2025-03-11T05:56:44.064+0000] {dag.py:3427} INFO - Setting next_dagrun for example_branch_datetime_operator_2 to 2025-03-10T00:00:00+00:00, run_after=2025-03-11T00:00:00+00:00
[2025-03-11T05:56:44.067+0000] {logging_mixin.py:137} INFO - [2025-03-11T05:56:44.067+0000] {dag.py:3427} INFO - Setting next_dagrun for example_branch_datetime_operator_3 to 2025-03-10T00:00:00+00:00, run_after=2025-03-11T00:00:00+00:00
[2025-03-11T05:56:44.081+0000] {processor.py:175} INFO - Processing /home/airflow/.local/lib/python3.7/site-packages/airflow/example_dags/example_branch_datetime_operator.py took 0.112 seconds
[2025-03-11T05:57:14.423+0000] {processor.py:153} INFO - Started process (PID=398) to work on /home/airflow/.local/lib/python3.7/site-packages/airflow/example_dags/example_branch_datetime_operator.py
[2025-03-11T05:57:14.424+0000] {processor.py:743} INFO - Processing file /home/airflow/.local/lib/python3.7/site-packages/airflow/example_dags/example_branch_datetime_operator.py for tasks to queue
[2025-03-11T05:57:14.424+0000] {logging_mixin.py:137} INFO - [2025-03-11T05:57:14.424+0000] {dagbag.py:538} INFO - Filling up the DagBag from /home/airflow/.local/lib/python3.7/site-packages/airflow/example_dags/example_branch_datetime_operator.py
[2025-03-11T05:57:14.440+0000] {processor.py:753} INFO - DAG(s) dict_keys(['example_branch_datetime_operator_3', 'example_branch_datetime_operator_2', 'example_branch_datetime_operator']) retrieved from /home/airflow/.local/lib/python3.7/site-packages/airflow/example_dags/example_branch_datetime_operator.py
[2025-03-11T05:57:14.477+0000] {logging_mixin.py:137} INFO - [2025-03-11T05:57:14.477+0000] {dag.py:2676} INFO - Sync 3 DAGs
[2025-03-11T05:57:14.500+0000] {logging_mixin.py:137} INFO - [2025-03-11T05:57:14.500+0000] {dag.py:3427} INFO - Setting next_dagrun for example_branch_datetime_operator to 2025-03-10T00:00:00+00:00, run_after=2025-03-11T00:00:00+00:00
[2025-03-11T05:57:14.505+0000] {logging_mixin.py:137} INFO - [2025-03-11T05:57:14.505+0000] {dag.py:3427} INFO - Setting next_dagrun for example_branch_datetime_operator_2 to 2025-03-10T00:00:00+00:00, run_after=2025-03-11T00:00:00+00:00
[2025-03-11T05:57:14.507+0000] {logging_mixin.py:137} INFO - [2025-03-11T05:57:14.507+0000] {dag.py:3427} INFO - Setting next_dagrun for example_branch_datetime_operator_3 to 2025-03-10T00:00:00+00:00, run_after=2025-03-11T00:00:00+00:00
[2025-03-11T05:57:14.520+0000] {processor.py:175} INFO - Processing /home/airflow/.local/lib/python3.7/site-packages/airflow/example_dags/example_branch_datetime_operator.py took 0.099 seconds
[2025-03-11T05:57:44.853+0000] {processor.py:153} INFO - Started process (PID=437) to work on /home/airflow/.local/lib/python3.7/site-packages/airflow/example_dags/example_branch_datetime_operator.py
[2025-03-11T05:57:44.854+0000] {processor.py:743} INFO - Processing file /home/airflow/.local/lib/python3.7/site-packages/airflow/example_dags/example_branch_datetime_operator.py for tasks to queue
[2025-03-11T05:57:44.856+0000] {logging_mixin.py:137} INFO - [2025-03-11T05:57:44.855+0000] {dagbag.py:538} INFO - Filling up the DagBag from /home/airflow/.local/lib/python3.7/site-packages/airflow/example_dags/example_branch_datetime_operator.py
[2025-03-11T05:57:44.871+0000] {processor.py:753} INFO - DAG(s) dict_keys(['example_branch_datetime_operator_3', 'example_branch_datetime_operator', 'example_branch_datetime_operator_2']) retrieved from /home/airflow/.local/lib/python3.7/site-packages/airflow/example_dags/example_branch_datetime_operator.py
[2025-03-11T05:57:44.905+0000] {logging_mixin.py:137} INFO - [2025-03-11T05:57:44.904+0000] {dag.py:2676} INFO - Sync 3 DAGs
[2025-03-11T05:57:44.926+0000] {logging_mixin.py:137} INFO - [2025-03-11T05:57:44.925+0000] {dag.py:3427} INFO - Setting next_dagrun for example_branch_datetime_operator to 2025-03-10T00:00:00+00:00, run_after=2025-03-11T00:00:00+00:00
[2025-03-11T05:57:44.930+0000] {logging_mixin.py:137} INFO - [2025-03-11T05:57:44.930+0000] {dag.py:3427} INFO - Setting next_dagrun for example_branch_datetime_operator_2 to 2025-03-10T00:00:00+00:00, run_after=2025-03-11T00:00:00+00:00
[2025-03-11T05:57:44.933+0000] {logging_mixin.py:137} INFO - [2025-03-11T05:57:44.933+0000] {dag.py:3427} INFO - Setting next_dagrun for example_branch_datetime_operator_3 to 2025-03-10T00:00:00+00:00, run_after=2025-03-11T00:00:00+00:00
[2025-03-11T05:57:44.946+0000] {processor.py:175} INFO - Processing /home/airflow/.local/lib/python3.7/site-packages/airflow/example_dags/example_branch_datetime_operator.py took 0.095 seconds
[2025-03-11T05:58:15.440+0000] {processor.py:153} INFO - Started process (PID=476) to work on /home/airflow/.local/lib/python3.7/site-packages/airflow/example_dags/example_branch_datetime_operator.py
[2025-03-11T05:58:15.441+0000] {processor.py:743} INFO - Processing file /home/airflow/.local/lib/python3.7/site-packages/airflow/example_dags/example_branch_datetime_operator.py for tasks to queue
[2025-03-11T05:58:15.442+0000] {logging_mixin.py:137} INFO - [2025-03-11T05:58:15.442+0000] {dagbag.py:538} INFO - Filling up the DagBag from /home/airflow/.local/lib/python3.7/site-packages/airflow/example_dags/example_branch_datetime_operator.py
[2025-03-11T05:58:15.457+0000] {processor.py:753} INFO - DAG(s) dict_keys(['example_branch_datetime_operator_2', 'example_branch_datetime_operator', 'example_branch_datetime_operator_3']) retrieved from /home/airflow/.local/lib/python3.7/site-packages/airflow/example_dags/example_branch_datetime_operator.py
[2025-03-11T05:58:15.493+0000] {logging_mixin.py:137} INFO - [2025-03-11T05:58:15.493+0000] {dag.py:2676} INFO - Sync 3 DAGs
[2025-03-11T05:58:15.514+0000] {logging_mixin.py:137} INFO - [2025-03-11T05:58:15.514+0000] {dag.py:3427} INFO - Setting next_dagrun for example_branch_datetime_operator to 2025-03-10T00:00:00+00:00, run_after=2025-03-11T00:00:00+00:00
[2025-03-11T05:58:15.519+0000] {logging_mixin.py:137} INFO - [2025-03-11T05:58:15.519+0000] {dag.py:3427} INFO - Setting next_dagrun for example_branch_datetime_operator_2 to 2025-03-10T00:00:00+00:00, run_after=2025-03-11T00:00:00+00:00
[2025-03-11T05:58:15.522+0000] {logging_mixin.py:137} INFO - [2025-03-11T05:58:15.522+0000] {dag.py:3427} INFO - Setting next_dagrun for example_branch_datetime_operator_3 to 2025-03-10T00:00:00+00:00, run_after=2025-03-11T00:00:00+00:00
[2025-03-11T05:58:15.537+0000] {processor.py:175} INFO - Processing /home/airflow/.local/lib/python3.7/site-packages/airflow/example_dags/example_branch_datetime_operator.py took 0.099 seconds
[2025-03-11T05:58:45.849+0000] {processor.py:153} INFO - Started process (PID=515) to work on /home/airflow/.local/lib/python3.7/site-packages/airflow/example_dags/example_branch_datetime_operator.py
[2025-03-11T05:58:45.851+0000] {processor.py:743} INFO - Processing file /home/airflow/.local/lib/python3.7/site-packages/airflow/example_dags/example_branch_datetime_operator.py for tasks to queue
[2025-03-11T05:58:45.852+0000] {logging_mixin.py:137} INFO - [2025-03-11T05:58:45.852+0000] {dagbag.py:538} INFO - Filling up the DagBag from /home/airflow/.local/lib/python3.7/site-packages/airflow/example_dags/example_branch_datetime_operator.py
[2025-03-11T05:58:45.876+0000] {processor.py:753} INFO - DAG(s) dict_keys(['example_branch_datetime_operator_2', 'example_branch_datetime_operator_3', 'example_branch_datetime_operator']) retrieved from /home/airflow/.local/lib/python3.7/site-packages/airflow/example_dags/example_branch_datetime_operator.py
[2025-03-11T05:58:45.915+0000] {logging_mixin.py:137} INFO - [2025-03-11T05:58:45.915+0000] {dag.py:2676} INFO - Sync 3 DAGs
[2025-03-11T05:58:45.940+0000] {logging_mixin.py:137} INFO - [2025-03-11T05:58:45.939+0000] {dag.py:3427} INFO - Setting next_dagrun for example_branch_datetime_operator to 2025-03-10T00:00:00+00:00, run_after=2025-03-11T00:00:00+00:00
[2025-03-11T05:58:45.945+0000] {logging_mixin.py:137} INFO - [2025-03-11T05:58:45.945+0000] {dag.py:3427} INFO - Setting next_dagrun for example_branch_datetime_operator_2 to 2025-03-10T00:00:00+00:00, run_after=2025-03-11T00:00:00+00:00
[2025-03-11T05:58:45.947+0000] {logging_mixin.py:137} INFO - [2025-03-11T05:58:45.947+0000] {dag.py:3427} INFO - Setting next_dagrun for example_branch_datetime_operator_3 to 2025-03-10T00:00:00+00:00, run_after=2025-03-11T00:00:00+00:00
[2025-03-11T05:58:45.962+0000] {processor.py:175} INFO - Processing /home/airflow/.local/lib/python3.7/site-packages/airflow/example_dags/example_branch_datetime_operator.py took 0.117 seconds
[2025-03-11T05:59:16.400+0000] {processor.py:153} INFO - Started process (PID=554) to work on /home/airflow/.local/lib/python3.7/site-packages/airflow/example_dags/example_branch_datetime_operator.py
[2025-03-11T05:59:16.401+0000] {processor.py:743} INFO - Processing file /home/airflow/.local/lib/python3.7/site-packages/airflow/example_dags/example_branch_datetime_operator.py for tasks to queue
[2025-03-11T05:59:16.402+0000] {logging_mixin.py:137} INFO - [2025-03-11T05:59:16.402+0000] {dagbag.py:538} INFO - Filling up the DagBag from /home/airflow/.local/lib/python3.7/site-packages/airflow/example_dags/example_branch_datetime_operator.py
[2025-03-11T05:59:16.420+0000] {processor.py:753} INFO - DAG(s) dict_keys(['example_branch_datetime_operator', 'example_branch_datetime_operator_2', 'example_branch_datetime_operator_3']) retrieved from /home/airflow/.local/lib/python3.7/site-packages/airflow/example_dags/example_branch_datetime_operator.py
[2025-03-11T05:59:16.465+0000] {logging_mixin.py:137} INFO - [2025-03-11T05:59:16.465+0000] {dag.py:2676} INFO - Sync 3 DAGs
[2025-03-11T05:59:16.490+0000] {logging_mixin.py:137} INFO - [2025-03-11T05:59:16.490+0000] {dag.py:3427} INFO - Setting next_dagrun for example_branch_datetime_operator to 2025-03-10T00:00:00+00:00, run_after=2025-03-11T00:00:00+00:00
[2025-03-11T05:59:16.497+0000] {logging_mixin.py:137} INFO - [2025-03-11T05:59:16.497+0000] {dag.py:3427} INFO - Setting next_dagrun for example_branch_datetime_operator_2 to 2025-03-10T00:00:00+00:00, run_after=2025-03-11T00:00:00+00:00
[2025-03-11T05:59:16.499+0000] {logging_mixin.py:137} INFO - [2025-03-11T05:59:16.499+0000] {dag.py:3427} INFO - Setting next_dagrun for example_branch_datetime_operator_3 to 2025-03-10T00:00:00+00:00, run_after=2025-03-11T00:00:00+00:00
[2025-03-11T05:59:16.515+0000] {processor.py:175} INFO - Processing /home/airflow/.local/lib/python3.7/site-packages/airflow/example_dags/example_branch_datetime_operator.py took 0.118 seconds
[2025-03-11T05:59:46.991+0000] {processor.py:153} INFO - Started process (PID=593) to work on /home/airflow/.local/lib/python3.7/site-packages/airflow/example_dags/example_branch_datetime_operator.py
[2025-03-11T05:59:46.992+0000] {processor.py:743} INFO - Processing file /home/airflow/.local/lib/python3.7/site-packages/airflow/example_dags/example_branch_datetime_operator.py for tasks to queue
[2025-03-11T05:59:46.994+0000] {logging_mixin.py:137} INFO - [2025-03-11T05:59:46.994+0000] {dagbag.py:538} INFO - Filling up the DagBag from /home/airflow/.local/lib/python3.7/site-packages/airflow/example_dags/example_branch_datetime_operator.py
[2025-03-11T05:59:47.012+0000] {processor.py:753} INFO - DAG(s) dict_keys(['example_branch_datetime_operator', 'example_branch_datetime_operator_2', 'example_branch_datetime_operator_3']) retrieved from /home/airflow/.local/lib/python3.7/site-packages/airflow/example_dags/example_branch_datetime_operator.py
[2025-03-11T05:59:47.052+0000] {logging_mixin.py:137} INFO - [2025-03-11T05:59:47.051+0000] {dag.py:2676} INFO - Sync 3 DAGs
[2025-03-11T05:59:47.081+0000] {logging_mixin.py:137} INFO - [2025-03-11T05:59:47.081+0000] {dag.py:3427} INFO - Setting next_dagrun for example_branch_datetime_operator to 2025-03-10T00:00:00+00:00, run_after=2025-03-11T00:00:00+00:00
[2025-03-11T05:59:47.086+0000] {logging_mixin.py:137} INFO - [2025-03-11T05:59:47.086+0000] {dag.py:3427} INFO - Setting next_dagrun for example_branch_datetime_operator_2 to 2025-03-10T00:00:00+00:00, run_after=2025-03-11T00:00:00+00:00
[2025-03-11T05:59:47.088+0000] {logging_mixin.py:137} INFO - [2025-03-11T05:59:47.088+0000] {dag.py:3427} INFO - Setting next_dagrun for example_branch_datetime_operator_3 to 2025-03-10T00:00:00+00:00, run_after=2025-03-11T00:00:00+00:00
[2025-03-11T05:59:47.101+0000] {processor.py:175} INFO - Processing /home/airflow/.local/lib/python3.7/site-packages/airflow/example_dags/example_branch_datetime_operator.py took 0.113 seconds
[2025-03-11T06:00:17.501+0000] {processor.py:153} INFO - Started process (PID=632) to work on /home/airflow/.local/lib/python3.7/site-packages/airflow/example_dags/example_branch_datetime_operator.py
[2025-03-11T06:00:17.502+0000] {processor.py:743} INFO - Processing file /home/airflow/.local/lib/python3.7/site-packages/airflow/example_dags/example_branch_datetime_operator.py for tasks to queue
[2025-03-11T06:00:17.502+0000] {logging_mixin.py:137} INFO - [2025-03-11T06:00:17.502+0000] {dagbag.py:538} INFO - Filling up the DagBag from /home/airflow/.local/lib/python3.7/site-packages/airflow/example_dags/example_branch_datetime_operator.py
[2025-03-11T06:00:17.518+0000] {processor.py:753} INFO - DAG(s) dict_keys(['example_branch_datetime_operator_2', 'example_branch_datetime_operator', 'example_branch_datetime_operator_3']) retrieved from /home/airflow/.local/lib/python3.7/site-packages/airflow/example_dags/example_branch_datetime_operator.py
[2025-03-11T06:00:17.555+0000] {logging_mixin.py:137} INFO - [2025-03-11T06:00:17.555+0000] {dag.py:2676} INFO - Sync 3 DAGs
[2025-03-11T06:00:17.575+0000] {logging_mixin.py:137} INFO - [2025-03-11T06:00:17.575+0000] {dag.py:3427} INFO - Setting next_dagrun for example_branch_datetime_operator to 2025-03-10T00:00:00+00:00, run_after=2025-03-11T00:00:00+00:00
[2025-03-11T06:00:17.579+0000] {logging_mixin.py:137} INFO - [2025-03-11T06:00:17.579+0000] {dag.py:3427} INFO - Setting next_dagrun for example_branch_datetime_operator_2 to 2025-03-10T00:00:00+00:00, run_after=2025-03-11T00:00:00+00:00
[2025-03-11T06:00:17.581+0000] {logging_mixin.py:137} INFO - [2025-03-11T06:00:17.581+0000] {dag.py:3427} INFO - Setting next_dagrun for example_branch_datetime_operator_3 to 2025-03-10T00:00:00+00:00, run_after=2025-03-11T00:00:00+00:00
[2025-03-11T06:00:17.597+0000] {processor.py:175} INFO - Processing /home/airflow/.local/lib/python3.7/site-packages/airflow/example_dags/example_branch_datetime_operator.py took 0.098 seconds
[2025-03-11T06:00:48.152+0000] {processor.py:153} INFO - Started process (PID=671) to work on /home/airflow/.local/lib/python3.7/site-packages/airflow/example_dags/example_branch_datetime_operator.py
[2025-03-11T06:00:48.153+0000] {processor.py:743} INFO - Processing file /home/airflow/.local/lib/python3.7/site-packages/airflow/example_dags/example_branch_datetime_operator.py for tasks to queue
[2025-03-11T06:00:48.155+0000] {logging_mixin.py:137} INFO - [2025-03-11T06:00:48.155+0000] {dagbag.py:538} INFO - Filling up the DagBag from /home/airflow/.local/lib/python3.7/site-packages/airflow/example_dags/example_branch_datetime_operator.py
[2025-03-11T06:00:48.170+0000] {processor.py:753} INFO - DAG(s) dict_keys(['example_branch_datetime_operator_2', 'example_branch_datetime_operator', 'example_branch_datetime_operator_3']) retrieved from /home/airflow/.local/lib/python3.7/site-packages/airflow/example_dags/example_branch_datetime_operator.py
[2025-03-11T06:00:48.210+0000] {logging_mixin.py:137} INFO - [2025-03-11T06:00:48.209+0000] {dag.py:2676} INFO - Sync 3 DAGs
[2025-03-11T06:00:48.232+0000] {logging_mixin.py:137} INFO - [2025-03-11T06:00:48.231+0000] {dag.py:3427} INFO - Setting next_dagrun for example_branch_datetime_operator to 2025-03-10T00:00:00+00:00, run_after=2025-03-11T00:00:00+00:00
[2025-03-11T06:00:48.237+0000] {logging_mixin.py:137} INFO - [2025-03-11T06:00:48.237+0000] {dag.py:3427} INFO - Setting next_dagrun for example_branch_datetime_operator_2 to 2025-03-10T00:00:00+00:00, run_after=2025-03-11T00:00:00+00:00
[2025-03-11T06:00:48.242+0000] {logging_mixin.py:137} INFO - [2025-03-11T06:00:48.241+0000] {dag.py:3427} INFO - Setting next_dagrun for example_branch_datetime_operator_3 to 2025-03-10T00:00:00+00:00, run_after=2025-03-11T00:00:00+00:00
[2025-03-11T06:00:48.256+0000] {processor.py:175} INFO - Processing /home/airflow/.local/lib/python3.7/site-packages/airflow/example_dags/example_branch_datetime_operator.py took 0.107 seconds
[2025-03-11T06:01:18.679+0000] {processor.py:153} INFO - Started process (PID=710) to work on /home/airflow/.local/lib/python3.7/site-packages/airflow/example_dags/example_branch_datetime_operator.py
[2025-03-11T06:01:18.681+0000] {processor.py:743} INFO - Processing file /home/airflow/.local/lib/python3.7/site-packages/airflow/example_dags/example_branch_datetime_operator.py for tasks to queue
[2025-03-11T06:01:18.681+0000] {logging_mixin.py:137} INFO - [2025-03-11T06:01:18.681+0000] {dagbag.py:538} INFO - Filling up the DagBag from /home/airflow/.local/lib/python3.7/site-packages/airflow/example_dags/example_branch_datetime_operator.py
[2025-03-11T06:01:18.699+0000] {processor.py:753} INFO - DAG(s) dict_keys(['example_branch_datetime_operator_3', 'example_branch_datetime_operator', 'example_branch_datetime_operator_2']) retrieved from /home/airflow/.local/lib/python3.7/site-packages/airflow/example_dags/example_branch_datetime_operator.py
[2025-03-11T06:01:18.738+0000] {logging_mixin.py:137} INFO - [2025-03-11T06:01:18.737+0000] {dag.py:2676} INFO - Sync 3 DAGs
[2025-03-11T06:01:18.761+0000] {logging_mixin.py:137} INFO - [2025-03-11T06:01:18.761+0000] {dag.py:3427} INFO - Setting next_dagrun for example_branch_datetime_operator to 2025-03-10T00:00:00+00:00, run_after=2025-03-11T00:00:00+00:00
[2025-03-11T06:01:18.766+0000] {logging_mixin.py:137} INFO - [2025-03-11T06:01:18.766+0000] {dag.py:3427} INFO - Setting next_dagrun for example_branch_datetime_operator_2 to 2025-03-10T00:00:00+00:00, run_after=2025-03-11T00:00:00+00:00
[2025-03-11T06:01:18.768+0000] {logging_mixin.py:137} INFO - [2025-03-11T06:01:18.768+0000] {dag.py:3427} INFO - Setting next_dagrun for example_branch_datetime_operator_3 to 2025-03-10T00:00:00+00:00, run_after=2025-03-11T00:00:00+00:00
[2025-03-11T06:01:18.783+0000] {processor.py:175} INFO - Processing /home/airflow/.local/lib/python3.7/site-packages/airflow/example_dags/example_branch_datetime_operator.py took 0.106 seconds
[2025-03-11T06:01:49.040+0000] {processor.py:153} INFO - Started process (PID=749) to work on /home/airflow/.local/lib/python3.7/site-packages/airflow/example_dags/example_branch_datetime_operator.py
[2025-03-11T06:01:49.041+0000] {processor.py:743} INFO - Processing file /home/airflow/.local/lib/python3.7/site-packages/airflow/example_dags/example_branch_datetime_operator.py for tasks to queue
[2025-03-11T06:01:49.041+0000] {logging_mixin.py:137} INFO - [2025-03-11T06:01:49.041+0000] {dagbag.py:538} INFO - Filling up the DagBag from /home/airflow/.local/lib/python3.7/site-packages/airflow/example_dags/example_branch_datetime_operator.py
[2025-03-11T06:01:49.057+0000] {processor.py:753} INFO - DAG(s) dict_keys(['example_branch_datetime_operator', 'example_branch_datetime_operator_2', 'example_branch_datetime_operator_3']) retrieved from /home/airflow/.local/lib/python3.7/site-packages/airflow/example_dags/example_branch_datetime_operator.py
[2025-03-11T06:01:49.094+0000] {logging_mixin.py:137} INFO - [2025-03-11T06:01:49.094+0000] {dag.py:2676} INFO - Sync 3 DAGs
[2025-03-11T06:01:49.116+0000] {logging_mixin.py:137} INFO - [2025-03-11T06:01:49.116+0000] {dag.py:3427} INFO - Setting next_dagrun for example_branch_datetime_operator to 2025-03-10T00:00:00+00:00, run_after=2025-03-11T00:00:00+00:00
[2025-03-11T06:01:49.121+0000] {logging_mixin.py:137} INFO - [2025-03-11T06:01:49.120+0000] {dag.py:3427} INFO - Setting next_dagrun for example_branch_datetime_operator_2 to 2025-03-10T00:00:00+00:00, run_after=2025-03-11T00:00:00+00:00
[2025-03-11T06:01:49.123+0000] {logging_mixin.py:137} INFO - [2025-03-11T06:01:49.123+0000] {dag.py:3427} INFO - Setting next_dagrun for example_branch_datetime_operator_3 to 2025-03-10T00:00:00+00:00, run_after=2025-03-11T00:00:00+00:00
[2025-03-11T06:01:49.136+0000] {processor.py:175} INFO - Processing /home/airflow/.local/lib/python3.7/site-packages/airflow/example_dags/example_branch_datetime_operator.py took 0.098 seconds
[2025-03-11T06:02:19.715+0000] {processor.py:153} INFO - Started process (PID=788) to work on /home/airflow/.local/lib/python3.7/site-packages/airflow/example_dags/example_branch_datetime_operator.py
[2025-03-11T06:02:19.716+0000] {processor.py:743} INFO - Processing file /home/airflow/.local/lib/python3.7/site-packages/airflow/example_dags/example_branch_datetime_operator.py for tasks to queue
[2025-03-11T06:02:19.717+0000] {logging_mixin.py:137} INFO - [2025-03-11T06:02:19.716+0000] {dagbag.py:538} INFO - Filling up the DagBag from /home/airflow/.local/lib/python3.7/site-packages/airflow/example_dags/example_branch_datetime_operator.py
[2025-03-11T06:02:19.742+0000] {processor.py:753} INFO - DAG(s) dict_keys(['example_branch_datetime_operator', 'example_branch_datetime_operator_3', 'example_branch_datetime_operator_2']) retrieved from /home/airflow/.local/lib/python3.7/site-packages/airflow/example_dags/example_branch_datetime_operator.py
[2025-03-11T06:02:19.795+0000] {logging_mixin.py:137} INFO - [2025-03-11T06:02:19.795+0000] {dag.py:2676} INFO - Sync 3 DAGs
[2025-03-11T06:02:19.823+0000] {logging_mixin.py:137} INFO - [2025-03-11T06:02:19.822+0000] {dag.py:3427} INFO - Setting next_dagrun for example_branch_datetime_operator to 2025-03-10T00:00:00+00:00, run_after=2025-03-11T00:00:00+00:00
[2025-03-11T06:02:19.830+0000] {logging_mixin.py:137} INFO - [2025-03-11T06:02:19.829+0000] {dag.py:3427} INFO - Setting next_dagrun for example_branch_datetime_operator_2 to 2025-03-10T00:00:00+00:00, run_after=2025-03-11T00:00:00+00:00
[2025-03-11T06:02:19.833+0000] {logging_mixin.py:137} INFO - [2025-03-11T06:02:19.833+0000] {dag.py:3427} INFO - Setting next_dagrun for example_branch_datetime_operator_3 to 2025-03-10T00:00:00+00:00, run_after=2025-03-11T00:00:00+00:00
[2025-03-11T06:02:19.855+0000] {processor.py:175} INFO - Processing /home/airflow/.local/lib/python3.7/site-packages/airflow/example_dags/example_branch_datetime_operator.py took 0.145 seconds
[2025-03-11T06:02:50.483+0000] {processor.py:153} INFO - Started process (PID=827) to work on /home/airflow/.local/lib/python3.7/site-packages/airflow/example_dags/example_branch_datetime_operator.py
[2025-03-11T06:02:50.484+0000] {processor.py:743} INFO - Processing file /home/airflow/.local/lib/python3.7/site-packages/airflow/example_dags/example_branch_datetime_operator.py for tasks to queue
[2025-03-11T06:02:50.485+0000] {logging_mixin.py:137} INFO - [2025-03-11T06:02:50.485+0000] {dagbag.py:538} INFO - Filling up the DagBag from /home/airflow/.local/lib/python3.7/site-packages/airflow/example_dags/example_branch_datetime_operator.py
[2025-03-11T06:02:50.501+0000] {processor.py:753} INFO - DAG(s) dict_keys(['example_branch_datetime_operator_2', 'example_branch_datetime_operator', 'example_branch_datetime_operator_3']) retrieved from /home/airflow/.local/lib/python3.7/site-packages/airflow/example_dags/example_branch_datetime_operator.py
[2025-03-11T06:02:50.537+0000] {logging_mixin.py:137} INFO - [2025-03-11T06:02:50.537+0000] {dag.py:2676} INFO - Sync 3 DAGs
[2025-03-11T06:02:50.559+0000] {logging_mixin.py:137} INFO - [2025-03-11T06:02:50.559+0000] {dag.py:3427} INFO - Setting next_dagrun for example_branch_datetime_operator to 2025-03-10T00:00:00+00:00, run_after=2025-03-11T00:00:00+00:00
[2025-03-11T06:02:50.564+0000] {logging_mixin.py:137} INFO - [2025-03-11T06:02:50.564+0000] {dag.py:3427} INFO - Setting next_dagrun for example_branch_datetime_operator_2 to 2025-03-10T00:00:00+00:00, run_after=2025-03-11T00:00:00+00:00
[2025-03-11T06:02:50.568+0000] {logging_mixin.py:137} INFO - [2025-03-11T06:02:50.567+0000] {dag.py:3427} INFO - Setting next_dagrun for example_branch_datetime_operator_3 to 2025-03-10T00:00:00+00:00, run_after=2025-03-11T00:00:00+00:00
[2025-03-11T06:02:50.581+0000] {processor.py:175} INFO - Processing /home/airflow/.local/lib/python3.7/site-packages/airflow/example_dags/example_branch_datetime_operator.py took 0.100 seconds
[2025-03-11T06:03:20.895+0000] {processor.py:153} INFO - Started process (PID=866) to work on /home/airflow/.local/lib/python3.7/site-packages/airflow/example_dags/example_branch_datetime_operator.py
[2025-03-11T06:03:20.896+0000] {processor.py:743} INFO - Processing file /home/airflow/.local/lib/python3.7/site-packages/airflow/example_dags/example_branch_datetime_operator.py for tasks to queue
[2025-03-11T06:03:20.897+0000] {logging_mixin.py:137} INFO - [2025-03-11T06:03:20.897+0000] {dagbag.py:538} INFO - Filling up the DagBag from /home/airflow/.local/lib/python3.7/site-packages/airflow/example_dags/example_branch_datetime_operator.py
[2025-03-11T06:03:20.917+0000] {processor.py:753} INFO - DAG(s) dict_keys(['example_branch_datetime_operator_2', 'example_branch_datetime_operator_3', 'example_branch_datetime_operator']) retrieved from /home/airflow/.local/lib/python3.7/site-packages/airflow/example_dags/example_branch_datetime_operator.py
[2025-03-11T06:03:20.953+0000] {logging_mixin.py:137} INFO - [2025-03-11T06:03:20.953+0000] {dag.py:2676} INFO - Sync 3 DAGs
[2025-03-11T06:03:20.975+0000] {logging_mixin.py:137} INFO - [2025-03-11T06:03:20.975+0000] {dag.py:3427} INFO - Setting next_dagrun for example_branch_datetime_operator to 2025-03-10T00:00:00+00:00, run_after=2025-03-11T00:00:00+00:00
[2025-03-11T06:03:20.980+0000] {logging_mixin.py:137} INFO - [2025-03-11T06:03:20.980+0000] {dag.py:3427} INFO - Setting next_dagrun for example_branch_datetime_operator_2 to 2025-03-10T00:00:00+00:00, run_after=2025-03-11T00:00:00+00:00
[2025-03-11T06:03:20.983+0000] {logging_mixin.py:137} INFO - [2025-03-11T06:03:20.983+0000] {dag.py:3427} INFO - Setting next_dagrun for example_branch_datetime_operator_3 to 2025-03-10T00:00:00+00:00, run_after=2025-03-11T00:00:00+00:00
[2025-03-11T06:03:20.996+0000] {processor.py:175} INFO - Processing /home/airflow/.local/lib/python3.7/site-packages/airflow/example_dags/example_branch_datetime_operator.py took 0.104 seconds
[2025-03-11T06:03:51.293+0000] {processor.py:153} INFO - Started process (PID=905) to work on /home/airflow/.local/lib/python3.7/site-packages/airflow/example_dags/example_branch_datetime_operator.py
[2025-03-11T06:03:51.294+0000] {processor.py:743} INFO - Processing file /home/airflow/.local/lib/python3.7/site-packages/airflow/example_dags/example_branch_datetime_operator.py for tasks to queue
[2025-03-11T06:03:51.295+0000] {logging_mixin.py:137} INFO - [2025-03-11T06:03:51.295+0000] {dagbag.py:538} INFO - Filling up the DagBag from /home/airflow/.local/lib/python3.7/site-packages/airflow/example_dags/example_branch_datetime_operator.py
[2025-03-11T06:03:51.311+0000] {processor.py:753} INFO - DAG(s) dict_keys(['example_branch_datetime_operator_2', 'example_branch_datetime_operator', 'example_branch_datetime_operator_3']) retrieved from /home/airflow/.local/lib/python3.7/site-packages/airflow/example_dags/example_branch_datetime_operator.py
[2025-03-11T06:03:51.357+0000] {logging_mixin.py:137} INFO - [2025-03-11T06:03:51.357+0000] {dag.py:2676} INFO - Sync 3 DAGs
[2025-03-11T06:03:51.387+0000] {logging_mixin.py:137} INFO - [2025-03-11T06:03:51.387+0000] {dag.py:3427} INFO - Setting next_dagrun for example_branch_datetime_operator to 2025-03-10T00:00:00+00:00, run_after=2025-03-11T00:00:00+00:00
[2025-03-11T06:03:51.397+0000] {logging_mixin.py:137} INFO - [2025-03-11T06:03:51.396+0000] {dag.py:3427} INFO - Setting next_dagrun for example_branch_datetime_operator_2 to 2025-03-10T00:00:00+00:00, run_after=2025-03-11T00:00:00+00:00
[2025-03-11T06:03:51.400+0000] {logging_mixin.py:137} INFO - [2025-03-11T06:03:51.400+0000] {dag.py:3427} INFO - Setting next_dagrun for example_branch_datetime_operator_3 to 2025-03-10T00:00:00+00:00, run_after=2025-03-11T00:00:00+00:00
[2025-03-11T06:03:51.418+0000] {processor.py:175} INFO - Processing /home/airflow/.local/lib/python3.7/site-packages/airflow/example_dags/example_branch_datetime_operator.py took 0.127 seconds
[2025-03-11T06:04:21.762+0000] {processor.py:153} INFO - Started process (PID=944) to work on /home/airflow/.local/lib/python3.7/site-packages/airflow/example_dags/example_branch_datetime_operator.py
[2025-03-11T06:04:21.763+0000] {processor.py:743} INFO - Processing file /home/airflow/.local/lib/python3.7/site-packages/airflow/example_dags/example_branch_datetime_operator.py for tasks to queue
[2025-03-11T06:04:21.764+0000] {logging_mixin.py:137} INFO - [2025-03-11T06:04:21.764+0000] {dagbag.py:538} INFO - Filling up the DagBag from /home/airflow/.local/lib/python3.7/site-packages/airflow/example_dags/example_branch_datetime_operator.py
[2025-03-11T06:04:21.781+0000] {processor.py:753} INFO - DAG(s) dict_keys(['example_branch_datetime_operator_3', 'example_branch_datetime_operator_2', 'example_branch_datetime_operator']) retrieved from /home/airflow/.local/lib/python3.7/site-packages/airflow/example_dags/example_branch_datetime_operator.py
[2025-03-11T06:04:21.814+0000] {logging_mixin.py:137} INFO - [2025-03-11T06:04:21.814+0000] {dag.py:2676} INFO - Sync 3 DAGs
[2025-03-11T06:04:21.835+0000] {logging_mixin.py:137} INFO - [2025-03-11T06:04:21.835+0000] {dag.py:3427} INFO - Setting next_dagrun for example_branch_datetime_operator to 2025-03-10T00:00:00+00:00, run_after=2025-03-11T00:00:00+00:00
[2025-03-11T06:04:21.841+0000] {logging_mixin.py:137} INFO - [2025-03-11T06:04:21.841+0000] {dag.py:3427} INFO - Setting next_dagrun for example_branch_datetime_operator_2 to 2025-03-10T00:00:00+00:00, run_after=2025-03-11T00:00:00+00:00
[2025-03-11T06:04:21.844+0000] {logging_mixin.py:137} INFO - [2025-03-11T06:04:21.843+0000] {dag.py:3427} INFO - Setting next_dagrun for example_branch_datetime_operator_3 to 2025-03-10T00:00:00+00:00, run_after=2025-03-11T00:00:00+00:00
[2025-03-11T06:04:21.860+0000] {processor.py:175} INFO - Processing /home/airflow/.local/lib/python3.7/site-packages/airflow/example_dags/example_branch_datetime_operator.py took 0.100 seconds
[2025-03-11T06:04:52.175+0000] {processor.py:153} INFO - Started process (PID=983) to work on /home/airflow/.local/lib/python3.7/site-packages/airflow/example_dags/example_branch_datetime_operator.py
[2025-03-11T06:04:52.177+0000] {processor.py:743} INFO - Processing file /home/airflow/.local/lib/python3.7/site-packages/airflow/example_dags/example_branch_datetime_operator.py for tasks to queue
[2025-03-11T06:04:52.177+0000] {logging_mixin.py:137} INFO - [2025-03-11T06:04:52.177+0000] {dagbag.py:538} INFO - Filling up the DagBag from /home/airflow/.local/lib/python3.7/site-packages/airflow/example_dags/example_branch_datetime_operator.py
[2025-03-11T06:04:52.193+0000] {processor.py:753} INFO - DAG(s) dict_keys(['example_branch_datetime_operator', 'example_branch_datetime_operator_3', 'example_branch_datetime_operator_2']) retrieved from /home/airflow/.local/lib/python3.7/site-packages/airflow/example_dags/example_branch_datetime_operator.py
[2025-03-11T06:04:52.236+0000] {logging_mixin.py:137} INFO - [2025-03-11T06:04:52.235+0000] {dag.py:2676} INFO - Sync 3 DAGs
[2025-03-11T06:04:52.257+0000] {logging_mixin.py:137} INFO - [2025-03-11T06:04:52.257+0000] {dag.py:3427} INFO - Setting next_dagrun for example_branch_datetime_operator to 2025-03-10T00:00:00+00:00, run_after=2025-03-11T00:00:00+00:00
[2025-03-11T06:04:52.262+0000] {logging_mixin.py:137} INFO - [2025-03-11T06:04:52.262+0000] {dag.py:3427} INFO - Setting next_dagrun for example_branch_datetime_operator_2 to 2025-03-10T00:00:00+00:00, run_after=2025-03-11T00:00:00+00:00
[2025-03-11T06:04:52.265+0000] {logging_mixin.py:137} INFO - [2025-03-11T06:04:52.265+0000] {dag.py:3427} INFO - Setting next_dagrun for example_branch_datetime_operator_3 to 2025-03-10T00:00:00+00:00, run_after=2025-03-11T00:00:00+00:00
[2025-03-11T06:04:52.280+0000] {processor.py:175} INFO - Processing /home/airflow/.local/lib/python3.7/site-packages/airflow/example_dags/example_branch_datetime_operator.py took 0.107 seconds
[2025-03-11T06:05:22.576+0000] {processor.py:153} INFO - Started process (PID=1022) to work on /home/airflow/.local/lib/python3.7/site-packages/airflow/example_dags/example_branch_datetime_operator.py
[2025-03-11T06:05:22.577+0000] {processor.py:743} INFO - Processing file /home/airflow/.local/lib/python3.7/site-packages/airflow/example_dags/example_branch_datetime_operator.py for tasks to queue
[2025-03-11T06:05:22.578+0000] {logging_mixin.py:137} INFO - [2025-03-11T06:05:22.578+0000] {dagbag.py:538} INFO - Filling up the DagBag from /home/airflow/.local/lib/python3.7/site-packages/airflow/example_dags/example_branch_datetime_operator.py
[2025-03-11T06:05:22.594+0000] {processor.py:753} INFO - DAG(s) dict_keys(['example_branch_datetime_operator', 'example_branch_datetime_operator_3', 'example_branch_datetime_operator_2']) retrieved from /home/airflow/.local/lib/python3.7/site-packages/airflow/example_dags/example_branch_datetime_operator.py
[2025-03-11T06:05:22.640+0000] {logging_mixin.py:137} INFO - [2025-03-11T06:05:22.640+0000] {dag.py:2676} INFO - Sync 3 DAGs
[2025-03-11T06:05:22.667+0000] {logging_mixin.py:137} INFO - [2025-03-11T06:05:22.667+0000] {dag.py:3427} INFO - Setting next_dagrun for example_branch_datetime_operator to 2025-03-10T00:00:00+00:00, run_after=2025-03-11T00:00:00+00:00
[2025-03-11T06:05:22.672+0000] {logging_mixin.py:137} INFO - [2025-03-11T06:05:22.671+0000] {dag.py:3427} INFO - Setting next_dagrun for example_branch_datetime_operator_2 to 2025-03-10T00:00:00+00:00, run_after=2025-03-11T00:00:00+00:00
[2025-03-11T06:05:22.674+0000] {logging_mixin.py:137} INFO - [2025-03-11T06:05:22.674+0000] {dag.py:3427} INFO - Setting next_dagrun for example_branch_datetime_operator_3 to 2025-03-10T00:00:00+00:00, run_after=2025-03-11T00:00:00+00:00
[2025-03-11T06:05:22.687+0000] {processor.py:175} INFO - Processing /home/airflow/.local/lib/python3.7/site-packages/airflow/example_dags/example_branch_datetime_operator.py took 0.113 seconds
[2025-03-11T06:05:53.039+0000] {processor.py:153} INFO - Started process (PID=1061) to work on /home/airflow/.local/lib/python3.7/site-packages/airflow/example_dags/example_branch_datetime_operator.py
[2025-03-11T06:05:53.041+0000] {processor.py:743} INFO - Processing file /home/airflow/.local/lib/python3.7/site-packages/airflow/example_dags/example_branch_datetime_operator.py for tasks to queue
[2025-03-11T06:05:53.042+0000] {logging_mixin.py:137} INFO - [2025-03-11T06:05:53.042+0000] {dagbag.py:538} INFO - Filling up the DagBag from /home/airflow/.local/lib/python3.7/site-packages/airflow/example_dags/example_branch_datetime_operator.py
[2025-03-11T06:05:53.058+0000] {processor.py:753} INFO - DAG(s) dict_keys(['example_branch_datetime_operator_2', 'example_branch_datetime_operator', 'example_branch_datetime_operator_3']) retrieved from /home/airflow/.local/lib/python3.7/site-packages/airflow/example_dags/example_branch_datetime_operator.py
[2025-03-11T06:05:53.101+0000] {logging_mixin.py:137} INFO - [2025-03-11T06:05:53.101+0000] {dag.py:2676} INFO - Sync 3 DAGs
[2025-03-11T06:05:53.125+0000] {logging_mixin.py:137} INFO - [2025-03-11T06:05:53.125+0000] {dag.py:3427} INFO - Setting next_dagrun for example_branch_datetime_operator to 2025-03-10T00:00:00+00:00, run_after=2025-03-11T00:00:00+00:00
[2025-03-11T06:05:53.135+0000] {logging_mixin.py:137} INFO - [2025-03-11T06:05:53.134+0000] {dag.py:3427} INFO - Setting next_dagrun for example_branch_datetime_operator_2 to 2025-03-10T00:00:00+00:00, run_after=2025-03-11T00:00:00+00:00
[2025-03-11T06:05:53.138+0000] {logging_mixin.py:137} INFO - [2025-03-11T06:05:53.138+0000] {dag.py:3427} INFO - Setting next_dagrun for example_branch_datetime_operator_3 to 2025-03-10T00:00:00+00:00, run_after=2025-03-11T00:00:00+00:00
[2025-03-11T06:05:53.164+0000] {processor.py:175} INFO - Processing /home/airflow/.local/lib/python3.7/site-packages/airflow/example_dags/example_branch_datetime_operator.py took 0.127 seconds
[2025-03-11T06:06:23.534+0000] {processor.py:153} INFO - Started process (PID=1100) to work on /home/airflow/.local/lib/python3.7/site-packages/airflow/example_dags/example_branch_datetime_operator.py
[2025-03-11T06:06:23.536+0000] {processor.py:743} INFO - Processing file /home/airflow/.local/lib/python3.7/site-packages/airflow/example_dags/example_branch_datetime_operator.py for tasks to queue
[2025-03-11T06:06:23.536+0000] {logging_mixin.py:137} INFO - [2025-03-11T06:06:23.536+0000] {dagbag.py:538} INFO - Filling up the DagBag from /home/airflow/.local/lib/python3.7/site-packages/airflow/example_dags/example_branch_datetime_operator.py
[2025-03-11T06:06:23.552+0000] {processor.py:753} INFO - DAG(s) dict_keys(['example_branch_datetime_operator_2', 'example_branch_datetime_operator', 'example_branch_datetime_operator_3']) retrieved from /home/airflow/.local/lib/python3.7/site-packages/airflow/example_dags/example_branch_datetime_operator.py
[2025-03-11T06:06:23.586+0000] {logging_mixin.py:137} INFO - [2025-03-11T06:06:23.586+0000] {dag.py:2676} INFO - Sync 3 DAGs
[2025-03-11T06:06:23.611+0000] {logging_mixin.py:137} INFO - [2025-03-11T06:06:23.611+0000] {dag.py:3427} INFO - Setting next_dagrun for example_branch_datetime_operator to 2025-03-10T00:00:00+00:00, run_after=2025-03-11T00:00:00+00:00
[2025-03-11T06:06:23.616+0000] {logging_mixin.py:137} INFO - [2025-03-11T06:06:23.616+0000] {dag.py:3427} INFO - Setting next_dagrun for example_branch_datetime_operator_2 to 2025-03-10T00:00:00+00:00, run_after=2025-03-11T00:00:00+00:00
[2025-03-11T06:06:23.618+0000] {logging_mixin.py:137} INFO - [2025-03-11T06:06:23.618+0000] {dag.py:3427} INFO - Setting next_dagrun for example_branch_datetime_operator_3 to 2025-03-10T00:00:00+00:00, run_after=2025-03-11T00:00:00+00:00
[2025-03-11T06:06:23.632+0000] {processor.py:175} INFO - Processing /home/airflow/.local/lib/python3.7/site-packages/airflow/example_dags/example_branch_datetime_operator.py took 0.100 seconds
[2025-03-11T06:06:53.889+0000] {processor.py:153} INFO - Started process (PID=1139) to work on /home/airflow/.local/lib/python3.7/site-packages/airflow/example_dags/example_branch_datetime_operator.py
[2025-03-11T06:06:53.890+0000] {processor.py:743} INFO - Processing file /home/airflow/.local/lib/python3.7/site-packages/airflow/example_dags/example_branch_datetime_operator.py for tasks to queue
[2025-03-11T06:06:53.891+0000] {logging_mixin.py:137} INFO - [2025-03-11T06:06:53.891+0000] {dagbag.py:538} INFO - Filling up the DagBag from /home/airflow/.local/lib/python3.7/site-packages/airflow/example_dags/example_branch_datetime_operator.py
[2025-03-11T06:06:53.908+0000] {processor.py:753} INFO - DAG(s) dict_keys(['example_branch_datetime_operator_3', 'example_branch_datetime_operator', 'example_branch_datetime_operator_2']) retrieved from /home/airflow/.local/lib/python3.7/site-packages/airflow/example_dags/example_branch_datetime_operator.py
[2025-03-11T06:06:53.943+0000] {logging_mixin.py:137} INFO - [2025-03-11T06:06:53.943+0000] {dag.py:2676} INFO - Sync 3 DAGs
[2025-03-11T06:06:53.965+0000] {logging_mixin.py:137} INFO - [2025-03-11T06:06:53.965+0000] {dag.py:3427} INFO - Setting next_dagrun for example_branch_datetime_operator to 2025-03-10T00:00:00+00:00, run_after=2025-03-11T00:00:00+00:00
[2025-03-11T06:06:53.972+0000] {logging_mixin.py:137} INFO - [2025-03-11T06:06:53.971+0000] {dag.py:3427} INFO - Setting next_dagrun for example_branch_datetime_operator_2 to 2025-03-10T00:00:00+00:00, run_after=2025-03-11T00:00:00+00:00
[2025-03-11T06:06:53.974+0000] {logging_mixin.py:137} INFO - [2025-03-11T06:06:53.974+0000] {dag.py:3427} INFO - Setting next_dagrun for example_branch_datetime_operator_3 to 2025-03-10T00:00:00+00:00, run_after=2025-03-11T00:00:00+00:00
[2025-03-11T06:06:53.988+0000] {processor.py:175} INFO - Processing /home/airflow/.local/lib/python3.7/site-packages/airflow/example_dags/example_branch_datetime_operator.py took 0.100 seconds
[2025-03-11T06:07:24.316+0000] {processor.py:153} INFO - Started process (PID=1178) to work on /home/airflow/.local/lib/python3.7/site-packages/airflow/example_dags/example_branch_datetime_operator.py
[2025-03-11T06:07:24.317+0000] {processor.py:743} INFO - Processing file /home/airflow/.local/lib/python3.7/site-packages/airflow/example_dags/example_branch_datetime_operator.py for tasks to queue
[2025-03-11T06:07:24.318+0000] {logging_mixin.py:137} INFO - [2025-03-11T06:07:24.318+0000] {dagbag.py:538} INFO - Filling up the DagBag from /home/airflow/.local/lib/python3.7/site-packages/airflow/example_dags/example_branch_datetime_operator.py
[2025-03-11T06:07:24.335+0000] {processor.py:753} INFO - DAG(s) dict_keys(['example_branch_datetime_operator', 'example_branch_datetime_operator_2', 'example_branch_datetime_operator_3']) retrieved from /home/airflow/.local/lib/python3.7/site-packages/airflow/example_dags/example_branch_datetime_operator.py
[2025-03-11T06:07:24.373+0000] {logging_mixin.py:137} INFO - [2025-03-11T06:07:24.373+0000] {dag.py:2676} INFO - Sync 3 DAGs
[2025-03-11T06:07:24.400+0000] {logging_mixin.py:137} INFO - [2025-03-11T06:07:24.399+0000] {dag.py:3427} INFO - Setting next_dagrun for example_branch_datetime_operator to 2025-03-10T00:00:00+00:00, run_after=2025-03-11T00:00:00+00:00
[2025-03-11T06:07:24.408+0000] {logging_mixin.py:137} INFO - [2025-03-11T06:07:24.408+0000] {dag.py:3427} INFO - Setting next_dagrun for example_branch_datetime_operator_2 to 2025-03-10T00:00:00+00:00, run_after=2025-03-11T00:00:00+00:00
[2025-03-11T06:07:24.411+0000] {logging_mixin.py:137} INFO - [2025-03-11T06:07:24.411+0000] {dag.py:3427} INFO - Setting next_dagrun for example_branch_datetime_operator_3 to 2025-03-10T00:00:00+00:00, run_after=2025-03-11T00:00:00+00:00
[2025-03-11T06:07:24.425+0000] {processor.py:175} INFO - Processing /home/airflow/.local/lib/python3.7/site-packages/airflow/example_dags/example_branch_datetime_operator.py took 0.111 seconds
[2025-03-11T06:07:54.833+0000] {processor.py:153} INFO - Started process (PID=1217) to work on /home/airflow/.local/lib/python3.7/site-packages/airflow/example_dags/example_branch_datetime_operator.py
[2025-03-11T06:07:54.834+0000] {processor.py:743} INFO - Processing file /home/airflow/.local/lib/python3.7/site-packages/airflow/example_dags/example_branch_datetime_operator.py for tasks to queue
[2025-03-11T06:07:54.835+0000] {logging_mixin.py:137} INFO - [2025-03-11T06:07:54.835+0000] {dagbag.py:538} INFO - Filling up the DagBag from /home/airflow/.local/lib/python3.7/site-packages/airflow/example_dags/example_branch_datetime_operator.py
[2025-03-11T06:07:54.850+0000] {processor.py:753} INFO - DAG(s) dict_keys(['example_branch_datetime_operator_3', 'example_branch_datetime_operator_2', 'example_branch_datetime_operator']) retrieved from /home/airflow/.local/lib/python3.7/site-packages/airflow/example_dags/example_branch_datetime_operator.py
[2025-03-11T06:07:54.889+0000] {logging_mixin.py:137} INFO - [2025-03-11T06:07:54.889+0000] {dag.py:2676} INFO - Sync 3 DAGs
[2025-03-11T06:07:54.911+0000] {logging_mixin.py:137} INFO - [2025-03-11T06:07:54.911+0000] {dag.py:3427} INFO - Setting next_dagrun for example_branch_datetime_operator to 2025-03-10T00:00:00+00:00, run_after=2025-03-11T00:00:00+00:00
[2025-03-11T06:07:54.916+0000] {logging_mixin.py:137} INFO - [2025-03-11T06:07:54.916+0000] {dag.py:3427} INFO - Setting next_dagrun for example_branch_datetime_operator_2 to 2025-03-10T00:00:00+00:00, run_after=2025-03-11T00:00:00+00:00
[2025-03-11T06:07:54.919+0000] {logging_mixin.py:137} INFO - [2025-03-11T06:07:54.919+0000] {dag.py:3427} INFO - Setting next_dagrun for example_branch_datetime_operator_3 to 2025-03-10T00:00:00+00:00, run_after=2025-03-11T00:00:00+00:00
[2025-03-11T06:07:54.933+0000] {processor.py:175} INFO - Processing /home/airflow/.local/lib/python3.7/site-packages/airflow/example_dags/example_branch_datetime_operator.py took 0.102 seconds
[2025-03-11T06:08:25.345+0000] {processor.py:153} INFO - Started process (PID=1256) to work on /home/airflow/.local/lib/python3.7/site-packages/airflow/example_dags/example_branch_datetime_operator.py
[2025-03-11T06:08:25.345+0000] {processor.py:743} INFO - Processing file /home/airflow/.local/lib/python3.7/site-packages/airflow/example_dags/example_branch_datetime_operator.py for tasks to queue
[2025-03-11T06:08:25.346+0000] {logging_mixin.py:137} INFO - [2025-03-11T06:08:25.346+0000] {dagbag.py:538} INFO - Filling up the DagBag from /home/airflow/.local/lib/python3.7/site-packages/airflow/example_dags/example_branch_datetime_operator.py
[2025-03-11T06:08:25.362+0000] {processor.py:753} INFO - DAG(s) dict_keys(['example_branch_datetime_operator_3', 'example_branch_datetime_operator', 'example_branch_datetime_operator_2']) retrieved from /home/airflow/.local/lib/python3.7/site-packages/airflow/example_dags/example_branch_datetime_operator.py
[2025-03-11T06:08:25.399+0000] {logging_mixin.py:137} INFO - [2025-03-11T06:08:25.399+0000] {dag.py:2676} INFO - Sync 3 DAGs
[2025-03-11T06:08:25.420+0000] {logging_mixin.py:137} INFO - [2025-03-11T06:08:25.420+0000] {dag.py:3427} INFO - Setting next_dagrun for example_branch_datetime_operator to 2025-03-10T00:00:00+00:00, run_after=2025-03-11T00:00:00+00:00
[2025-03-11T06:08:25.424+0000] {logging_mixin.py:137} INFO - [2025-03-11T06:08:25.424+0000] {dag.py:3427} INFO - Setting next_dagrun for example_branch_datetime_operator_2 to 2025-03-10T00:00:00+00:00, run_after=2025-03-11T00:00:00+00:00
[2025-03-11T06:08:25.427+0000] {logging_mixin.py:137} INFO - [2025-03-11T06:08:25.426+0000] {dag.py:3427} INFO - Setting next_dagrun for example_branch_datetime_operator_3 to 2025-03-10T00:00:00+00:00, run_after=2025-03-11T00:00:00+00:00
[2025-03-11T06:08:25.441+0000] {processor.py:175} INFO - Processing /home/airflow/.local/lib/python3.7/site-packages/airflow/example_dags/example_branch_datetime_operator.py took 0.098 seconds
[2025-03-11T06:08:55.955+0000] {processor.py:153} INFO - Started process (PID=1295) to work on /home/airflow/.local/lib/python3.7/site-packages/airflow/example_dags/example_branch_datetime_operator.py
[2025-03-11T06:08:55.955+0000] {processor.py:743} INFO - Processing file /home/airflow/.local/lib/python3.7/site-packages/airflow/example_dags/example_branch_datetime_operator.py for tasks to queue
[2025-03-11T06:08:55.956+0000] {logging_mixin.py:137} INFO - [2025-03-11T06:08:55.956+0000] {dagbag.py:538} INFO - Filling up the DagBag from /home/airflow/.local/lib/python3.7/site-packages/airflow/example_dags/example_branch_datetime_operator.py
[2025-03-11T06:08:55.972+0000] {processor.py:753} INFO - DAG(s) dict_keys(['example_branch_datetime_operator_3', 'example_branch_datetime_operator_2', 'example_branch_datetime_operator']) retrieved from /home/airflow/.local/lib/python3.7/site-packages/airflow/example_dags/example_branch_datetime_operator.py
[2025-03-11T06:08:56.011+0000] {logging_mixin.py:137} INFO - [2025-03-11T06:08:56.010+0000] {dag.py:2676} INFO - Sync 3 DAGs
[2025-03-11T06:08:56.032+0000] {logging_mixin.py:137} INFO - [2025-03-11T06:08:56.032+0000] {dag.py:3427} INFO - Setting next_dagrun for example_branch_datetime_operator to 2025-03-10T00:00:00+00:00, run_after=2025-03-11T00:00:00+00:00
[2025-03-11T06:08:56.037+0000] {logging_mixin.py:137} INFO - [2025-03-11T06:08:56.037+0000] {dag.py:3427} INFO - Setting next_dagrun for example_branch_datetime_operator_2 to 2025-03-10T00:00:00+00:00, run_after=2025-03-11T00:00:00+00:00
[2025-03-11T06:08:56.039+0000] {logging_mixin.py:137} INFO - [2025-03-11T06:08:56.039+0000] {dag.py:3427} INFO - Setting next_dagrun for example_branch_datetime_operator_3 to 2025-03-10T00:00:00+00:00, run_after=2025-03-11T00:00:00+00:00
[2025-03-11T06:08:56.054+0000] {processor.py:175} INFO - Processing /home/airflow/.local/lib/python3.7/site-packages/airflow/example_dags/example_branch_datetime_operator.py took 0.101 seconds
[2025-03-11T06:09:26.392+0000] {processor.py:153} INFO - Started process (PID=1334) to work on /home/airflow/.local/lib/python3.7/site-packages/airflow/example_dags/example_branch_datetime_operator.py
[2025-03-11T06:09:26.394+0000] {processor.py:743} INFO - Processing file /home/airflow/.local/lib/python3.7/site-packages/airflow/example_dags/example_branch_datetime_operator.py for tasks to queue
[2025-03-11T06:09:26.396+0000] {logging_mixin.py:137} INFO - [2025-03-11T06:09:26.395+0000] {dagbag.py:538} INFO - Filling up the DagBag from /home/airflow/.local/lib/python3.7/site-packages/airflow/example_dags/example_branch_datetime_operator.py
[2025-03-11T06:09:26.412+0000] {processor.py:753} INFO - DAG(s) dict_keys(['example_branch_datetime_operator_2', 'example_branch_datetime_operator_3', 'example_branch_datetime_operator']) retrieved from /home/airflow/.local/lib/python3.7/site-packages/airflow/example_dags/example_branch_datetime_operator.py
[2025-03-11T06:09:26.452+0000] {logging_mixin.py:137} INFO - [2025-03-11T06:09:26.452+0000] {dag.py:2676} INFO - Sync 3 DAGs
[2025-03-11T06:09:26.478+0000] {logging_mixin.py:137} INFO - [2025-03-11T06:09:26.478+0000] {dag.py:3427} INFO - Setting next_dagrun for example_branch_datetime_operator to 2025-03-10T00:00:00+00:00, run_after=2025-03-11T00:00:00+00:00
[2025-03-11T06:09:26.482+0000] {logging_mixin.py:137} INFO - [2025-03-11T06:09:26.482+0000] {dag.py:3427} INFO - Setting next_dagrun for example_branch_datetime_operator_2 to 2025-03-10T00:00:00+00:00, run_after=2025-03-11T00:00:00+00:00
[2025-03-11T06:09:26.484+0000] {logging_mixin.py:137} INFO - [2025-03-11T06:09:26.484+0000] {dag.py:3427} INFO - Setting next_dagrun for example_branch_datetime_operator_3 to 2025-03-10T00:00:00+00:00, run_after=2025-03-11T00:00:00+00:00
[2025-03-11T06:09:26.497+0000] {processor.py:175} INFO - Processing /home/airflow/.local/lib/python3.7/site-packages/airflow/example_dags/example_branch_datetime_operator.py took 0.109 seconds
[2025-03-11T06:09:56.935+0000] {processor.py:153} INFO - Started process (PID=1373) to work on /home/airflow/.local/lib/python3.7/site-packages/airflow/example_dags/example_branch_datetime_operator.py
[2025-03-11T06:09:56.936+0000] {processor.py:743} INFO - Processing file /home/airflow/.local/lib/python3.7/site-packages/airflow/example_dags/example_branch_datetime_operator.py for tasks to queue
[2025-03-11T06:09:56.937+0000] {logging_mixin.py:137} INFO - [2025-03-11T06:09:56.937+0000] {dagbag.py:538} INFO - Filling up the DagBag from /home/airflow/.local/lib/python3.7/site-packages/airflow/example_dags/example_branch_datetime_operator.py
[2025-03-11T06:09:56.955+0000] {processor.py:753} INFO - DAG(s) dict_keys(['example_branch_datetime_operator', 'example_branch_datetime_operator_3', 'example_branch_datetime_operator_2']) retrieved from /home/airflow/.local/lib/python3.7/site-packages/airflow/example_dags/example_branch_datetime_operator.py
[2025-03-11T06:09:56.992+0000] {logging_mixin.py:137} INFO - [2025-03-11T06:09:56.992+0000] {dag.py:2676} INFO - Sync 3 DAGs
[2025-03-11T06:09:57.014+0000] {logging_mixin.py:137} INFO - [2025-03-11T06:09:57.014+0000] {dag.py:3427} INFO - Setting next_dagrun for example_branch_datetime_operator to 2025-03-10T00:00:00+00:00, run_after=2025-03-11T00:00:00+00:00
[2025-03-11T06:09:57.019+0000] {logging_mixin.py:137} INFO - [2025-03-11T06:09:57.018+0000] {dag.py:3427} INFO - Setting next_dagrun for example_branch_datetime_operator_2 to 2025-03-10T00:00:00+00:00, run_after=2025-03-11T00:00:00+00:00
[2025-03-11T06:09:57.021+0000] {logging_mixin.py:137} INFO - [2025-03-11T06:09:57.021+0000] {dag.py:3427} INFO - Setting next_dagrun for example_branch_datetime_operator_3 to 2025-03-10T00:00:00+00:00, run_after=2025-03-11T00:00:00+00:00
[2025-03-11T06:09:57.034+0000] {processor.py:175} INFO - Processing /home/airflow/.local/lib/python3.7/site-packages/airflow/example_dags/example_branch_datetime_operator.py took 0.101 seconds
