[2025-03-11T05:52:40.679+0000] {processor.py:153} INFO - Started process (PID=51) to work on /home/airflow/.local/lib/python3.7/site-packages/airflow/example_dags/example_time_delta_sensor_async.py
[2025-03-11T05:52:40.681+0000] {processor.py:743} INFO - Processing file /home/airflow/.local/lib/python3.7/site-packages/airflow/example_dags/example_time_delta_sensor_async.py for tasks to queue
[2025-03-11T05:52:40.683+0000] {logging_mixin.py:137} INFO - [2025-03-11T05:52:40.683+0000] {dagbag.py:538} INFO - Filling up the DagBag from /home/airflow/.local/lib/python3.7/site-packages/airflow/example_dags/example_time_delta_sensor_async.py
[2025-03-11T05:52:40.735+0000] {processor.py:753} INFO - DAG(s) dict_keys(['example_time_delta_sensor_async']) retrieved from /home/airflow/.local/lib/python3.7/site-packages/airflow/example_dags/example_time_delta_sensor_async.py
[2025-03-11T05:52:40.874+0000] {logging_mixin.py:137} INFO - [2025-03-11T05:52:40.873+0000] {dag.py:2676} INFO - Sync 1 DAGs
[2025-03-11T05:52:40.925+0000] {logging_mixin.py:137} INFO - [2025-03-11T05:52:40.924+0000] {dag.py:3427} INFO - Setting next_dagrun for example_time_delta_sensor_async to None, run_after=None
[2025-03-11T05:52:40.990+0000] {processor.py:175} INFO - Processing /home/airflow/.local/lib/python3.7/site-packages/airflow/example_dags/example_time_delta_sensor_async.py took 0.315 seconds
[2025-03-11T05:53:11.656+0000] {processor.py:153} INFO - Started process (PID=90) to work on /home/airflow/.local/lib/python3.7/site-packages/airflow/example_dags/example_time_delta_sensor_async.py
[2025-03-11T05:53:11.658+0000] {processor.py:743} INFO - Processing file /home/airflow/.local/lib/python3.7/site-packages/airflow/example_dags/example_time_delta_sensor_async.py for tasks to queue
[2025-03-11T05:53:11.659+0000] {logging_mixin.py:137} INFO - [2025-03-11T05:53:11.659+0000] {dagbag.py:538} INFO - Filling up the DagBag from /home/airflow/.local/lib/python3.7/site-packages/airflow/example_dags/example_time_delta_sensor_async.py
[2025-03-11T05:53:11.676+0000] {processor.py:753} INFO - DAG(s) dict_keys(['example_time_delta_sensor_async']) retrieved from /home/airflow/.local/lib/python3.7/site-packages/airflow/example_dags/example_time_delta_sensor_async.py
[2025-03-11T05:53:11.695+0000] {logging_mixin.py:137} INFO - [2025-03-11T05:53:11.695+0000] {dag.py:2676} INFO - Sync 1 DAGs
[2025-03-11T05:53:11.716+0000] {logging_mixin.py:137} INFO - [2025-03-11T05:53:11.716+0000] {dag.py:3427} INFO - Setting next_dagrun for example_time_delta_sensor_async to None, run_after=None
[2025-03-11T05:53:11.734+0000] {processor.py:175} INFO - Processing /home/airflow/.local/lib/python3.7/site-packages/airflow/example_dags/example_time_delta_sensor_async.py took 0.080 seconds
[2025-03-11T05:53:42.350+0000] {processor.py:153} INFO - Started process (PID=129) to work on /home/airflow/.local/lib/python3.7/site-packages/airflow/example_dags/example_time_delta_sensor_async.py
[2025-03-11T05:53:42.350+0000] {processor.py:743} INFO - Processing file /home/airflow/.local/lib/python3.7/site-packages/airflow/example_dags/example_time_delta_sensor_async.py for tasks to queue
[2025-03-11T05:53:42.351+0000] {logging_mixin.py:137} INFO - [2025-03-11T05:53:42.351+0000] {dagbag.py:538} INFO - Filling up the DagBag from /home/airflow/.local/lib/python3.7/site-packages/airflow/example_dags/example_time_delta_sensor_async.py
[2025-03-11T05:53:42.363+0000] {processor.py:753} INFO - DAG(s) dict_keys(['example_time_delta_sensor_async']) retrieved from /home/airflow/.local/lib/python3.7/site-packages/airflow/example_dags/example_time_delta_sensor_async.py
[2025-03-11T05:53:42.390+0000] {logging_mixin.py:137} INFO - [2025-03-11T05:53:42.390+0000] {dag.py:2676} INFO - Sync 1 DAGs
[2025-03-11T05:53:42.411+0000] {logging_mixin.py:137} INFO - [2025-03-11T05:53:42.411+0000] {dag.py:3427} INFO - Setting next_dagrun for example_time_delta_sensor_async to None, run_after=None
[2025-03-11T05:53:42.428+0000] {processor.py:175} INFO - Processing /home/airflow/.local/lib/python3.7/site-packages/airflow/example_dags/example_time_delta_sensor_async.py took 0.081 seconds
[2025-03-11T05:54:13.232+0000] {processor.py:153} INFO - Started process (PID=168) to work on /home/airflow/.local/lib/python3.7/site-packages/airflow/example_dags/example_time_delta_sensor_async.py
[2025-03-11T05:54:13.233+0000] {processor.py:743} INFO - Processing file /home/airflow/.local/lib/python3.7/site-packages/airflow/example_dags/example_time_delta_sensor_async.py for tasks to queue
[2025-03-11T05:54:13.234+0000] {logging_mixin.py:137} INFO - [2025-03-11T05:54:13.234+0000] {dagbag.py:538} INFO - Filling up the DagBag from /home/airflow/.local/lib/python3.7/site-packages/airflow/example_dags/example_time_delta_sensor_async.py
[2025-03-11T05:54:13.268+0000] {processor.py:753} INFO - DAG(s) dict_keys(['example_time_delta_sensor_async']) retrieved from /home/airflow/.local/lib/python3.7/site-packages/airflow/example_dags/example_time_delta_sensor_async.py
[2025-03-11T05:54:13.327+0000] {logging_mixin.py:137} INFO - [2025-03-11T05:54:13.327+0000] {dag.py:2676} INFO - Sync 1 DAGs
[2025-03-11T05:54:13.354+0000] {logging_mixin.py:137} INFO - [2025-03-11T05:54:13.354+0000] {dag.py:3427} INFO - Setting next_dagrun for example_time_delta_sensor_async to None, run_after=None
[2025-03-11T05:54:13.369+0000] {processor.py:175} INFO - Processing /home/airflow/.local/lib/python3.7/site-packages/airflow/example_dags/example_time_delta_sensor_async.py took 0.139 seconds
[2025-03-11T05:54:43.436+0000] {processor.py:153} INFO - Started process (PID=207) to work on /home/airflow/.local/lib/python3.7/site-packages/airflow/example_dags/example_time_delta_sensor_async.py
[2025-03-11T05:54:43.437+0000] {processor.py:743} INFO - Processing file /home/airflow/.local/lib/python3.7/site-packages/airflow/example_dags/example_time_delta_sensor_async.py for tasks to queue
[2025-03-11T05:54:43.438+0000] {logging_mixin.py:137} INFO - [2025-03-11T05:54:43.438+0000] {dagbag.py:538} INFO - Filling up the DagBag from /home/airflow/.local/lib/python3.7/site-packages/airflow/example_dags/example_time_delta_sensor_async.py
[2025-03-11T05:54:43.451+0000] {processor.py:753} INFO - DAG(s) dict_keys(['example_time_delta_sensor_async']) retrieved from /home/airflow/.local/lib/python3.7/site-packages/airflow/example_dags/example_time_delta_sensor_async.py
[2025-03-11T05:54:43.480+0000] {logging_mixin.py:137} INFO - [2025-03-11T05:54:43.480+0000] {dag.py:2676} INFO - Sync 1 DAGs
[2025-03-11T05:54:43.501+0000] {logging_mixin.py:137} INFO - [2025-03-11T05:54:43.500+0000] {dag.py:3427} INFO - Setting next_dagrun for example_time_delta_sensor_async to None, run_after=None
[2025-03-11T05:54:43.519+0000] {processor.py:175} INFO - Processing /home/airflow/.local/lib/python3.7/site-packages/airflow/example_dags/example_time_delta_sensor_async.py took 0.084 seconds
[2025-03-11T05:55:13.936+0000] {processor.py:153} INFO - Started process (PID=246) to work on /home/airflow/.local/lib/python3.7/site-packages/airflow/example_dags/example_time_delta_sensor_async.py
[2025-03-11T05:55:13.937+0000] {processor.py:743} INFO - Processing file /home/airflow/.local/lib/python3.7/site-packages/airflow/example_dags/example_time_delta_sensor_async.py for tasks to queue
[2025-03-11T05:55:13.938+0000] {logging_mixin.py:137} INFO - [2025-03-11T05:55:13.938+0000] {dagbag.py:538} INFO - Filling up the DagBag from /home/airflow/.local/lib/python3.7/site-packages/airflow/example_dags/example_time_delta_sensor_async.py
[2025-03-11T05:55:13.952+0000] {processor.py:753} INFO - DAG(s) dict_keys(['example_time_delta_sensor_async']) retrieved from /home/airflow/.local/lib/python3.7/site-packages/airflow/example_dags/example_time_delta_sensor_async.py
[2025-03-11T05:55:13.984+0000] {logging_mixin.py:137} INFO - [2025-03-11T05:55:13.983+0000] {dag.py:2676} INFO - Sync 1 DAGs
[2025-03-11T05:55:14.009+0000] {logging_mixin.py:137} INFO - [2025-03-11T05:55:14.009+0000] {dag.py:3427} INFO - Setting next_dagrun for example_time_delta_sensor_async to None, run_after=None
[2025-03-11T05:55:14.025+0000] {processor.py:175} INFO - Processing /home/airflow/.local/lib/python3.7/site-packages/airflow/example_dags/example_time_delta_sensor_async.py took 0.092 seconds
[2025-03-11T05:55:44.542+0000] {processor.py:153} INFO - Started process (PID=285) to work on /home/airflow/.local/lib/python3.7/site-packages/airflow/example_dags/example_time_delta_sensor_async.py
[2025-03-11T05:55:44.543+0000] {processor.py:743} INFO - Processing file /home/airflow/.local/lib/python3.7/site-packages/airflow/example_dags/example_time_delta_sensor_async.py for tasks to queue
[2025-03-11T05:55:44.543+0000] {logging_mixin.py:137} INFO - [2025-03-11T05:55:44.543+0000] {dagbag.py:538} INFO - Filling up the DagBag from /home/airflow/.local/lib/python3.7/site-packages/airflow/example_dags/example_time_delta_sensor_async.py
[2025-03-11T05:55:44.556+0000] {processor.py:753} INFO - DAG(s) dict_keys(['example_time_delta_sensor_async']) retrieved from /home/airflow/.local/lib/python3.7/site-packages/airflow/example_dags/example_time_delta_sensor_async.py
[2025-03-11T05:55:44.586+0000] {logging_mixin.py:137} INFO - [2025-03-11T05:55:44.586+0000] {dag.py:2676} INFO - Sync 1 DAGs
[2025-03-11T05:55:44.606+0000] {logging_mixin.py:137} INFO - [2025-03-11T05:55:44.606+0000] {dag.py:3427} INFO - Setting next_dagrun for example_time_delta_sensor_async to None, run_after=None
[2025-03-11T05:55:44.624+0000] {processor.py:175} INFO - Processing /home/airflow/.local/lib/python3.7/site-packages/airflow/example_dags/example_time_delta_sensor_async.py took 0.085 seconds
[2025-03-11T05:56:14.960+0000] {processor.py:153} INFO - Started process (PID=324) to work on /home/airflow/.local/lib/python3.7/site-packages/airflow/example_dags/example_time_delta_sensor_async.py
[2025-03-11T05:56:14.961+0000] {processor.py:743} INFO - Processing file /home/airflow/.local/lib/python3.7/site-packages/airflow/example_dags/example_time_delta_sensor_async.py for tasks to queue
[2025-03-11T05:56:14.961+0000] {logging_mixin.py:137} INFO - [2025-03-11T05:56:14.961+0000] {dagbag.py:538} INFO - Filling up the DagBag from /home/airflow/.local/lib/python3.7/site-packages/airflow/example_dags/example_time_delta_sensor_async.py
[2025-03-11T05:56:14.974+0000] {processor.py:753} INFO - DAG(s) dict_keys(['example_time_delta_sensor_async']) retrieved from /home/airflow/.local/lib/python3.7/site-packages/airflow/example_dags/example_time_delta_sensor_async.py
[2025-03-11T05:56:15.004+0000] {logging_mixin.py:137} INFO - [2025-03-11T05:56:15.004+0000] {dag.py:2676} INFO - Sync 1 DAGs
[2025-03-11T05:56:15.024+0000] {logging_mixin.py:137} INFO - [2025-03-11T05:56:15.023+0000] {dag.py:3427} INFO - Setting next_dagrun for example_time_delta_sensor_async to None, run_after=None
[2025-03-11T05:56:15.040+0000] {processor.py:175} INFO - Processing /home/airflow/.local/lib/python3.7/site-packages/airflow/example_dags/example_time_delta_sensor_async.py took 0.082 seconds
[2025-03-11T05:56:45.244+0000] {processor.py:153} INFO - Started process (PID=363) to work on /home/airflow/.local/lib/python3.7/site-packages/airflow/example_dags/example_time_delta_sensor_async.py
[2025-03-11T05:56:45.245+0000] {processor.py:743} INFO - Processing file /home/airflow/.local/lib/python3.7/site-packages/airflow/example_dags/example_time_delta_sensor_async.py for tasks to queue
[2025-03-11T05:56:45.247+0000] {logging_mixin.py:137} INFO - [2025-03-11T05:56:45.247+0000] {dagbag.py:538} INFO - Filling up the DagBag from /home/airflow/.local/lib/python3.7/site-packages/airflow/example_dags/example_time_delta_sensor_async.py
[2025-03-11T05:56:45.260+0000] {processor.py:753} INFO - DAG(s) dict_keys(['example_time_delta_sensor_async']) retrieved from /home/airflow/.local/lib/python3.7/site-packages/airflow/example_dags/example_time_delta_sensor_async.py
[2025-03-11T05:56:45.289+0000] {logging_mixin.py:137} INFO - [2025-03-11T05:56:45.289+0000] {dag.py:2676} INFO - Sync 1 DAGs
[2025-03-11T05:56:45.310+0000] {logging_mixin.py:137} INFO - [2025-03-11T05:56:45.310+0000] {dag.py:3427} INFO - Setting next_dagrun for example_time_delta_sensor_async to None, run_after=None
[2025-03-11T05:56:45.327+0000] {processor.py:175} INFO - Processing /home/airflow/.local/lib/python3.7/site-packages/airflow/example_dags/example_time_delta_sensor_async.py took 0.085 seconds
[2025-03-11T05:57:15.680+0000] {processor.py:153} INFO - Started process (PID=402) to work on /home/airflow/.local/lib/python3.7/site-packages/airflow/example_dags/example_time_delta_sensor_async.py
[2025-03-11T05:57:15.681+0000] {processor.py:743} INFO - Processing file /home/airflow/.local/lib/python3.7/site-packages/airflow/example_dags/example_time_delta_sensor_async.py for tasks to queue
[2025-03-11T05:57:15.681+0000] {logging_mixin.py:137} INFO - [2025-03-11T05:57:15.681+0000] {dagbag.py:538} INFO - Filling up the DagBag from /home/airflow/.local/lib/python3.7/site-packages/airflow/example_dags/example_time_delta_sensor_async.py
[2025-03-11T05:57:15.693+0000] {processor.py:753} INFO - DAG(s) dict_keys(['example_time_delta_sensor_async']) retrieved from /home/airflow/.local/lib/python3.7/site-packages/airflow/example_dags/example_time_delta_sensor_async.py
[2025-03-11T05:57:15.721+0000] {logging_mixin.py:137} INFO - [2025-03-11T05:57:15.721+0000] {dag.py:2676} INFO - Sync 1 DAGs
[2025-03-11T05:57:15.741+0000] {logging_mixin.py:137} INFO - [2025-03-11T05:57:15.741+0000] {dag.py:3427} INFO - Setting next_dagrun for example_time_delta_sensor_async to None, run_after=None
[2025-03-11T05:57:15.756+0000] {processor.py:175} INFO - Processing /home/airflow/.local/lib/python3.7/site-packages/airflow/example_dags/example_time_delta_sensor_async.py took 0.079 seconds
[2025-03-11T05:57:46.099+0000] {processor.py:153} INFO - Started process (PID=441) to work on /home/airflow/.local/lib/python3.7/site-packages/airflow/example_dags/example_time_delta_sensor_async.py
[2025-03-11T05:57:46.100+0000] {processor.py:743} INFO - Processing file /home/airflow/.local/lib/python3.7/site-packages/airflow/example_dags/example_time_delta_sensor_async.py for tasks to queue
[2025-03-11T05:57:46.100+0000] {logging_mixin.py:137} INFO - [2025-03-11T05:57:46.100+0000] {dagbag.py:538} INFO - Filling up the DagBag from /home/airflow/.local/lib/python3.7/site-packages/airflow/example_dags/example_time_delta_sensor_async.py
[2025-03-11T05:57:46.112+0000] {processor.py:753} INFO - DAG(s) dict_keys(['example_time_delta_sensor_async']) retrieved from /home/airflow/.local/lib/python3.7/site-packages/airflow/example_dags/example_time_delta_sensor_async.py
[2025-03-11T05:57:46.142+0000] {logging_mixin.py:137} INFO - [2025-03-11T05:57:46.142+0000] {dag.py:2676} INFO - Sync 1 DAGs
[2025-03-11T05:57:46.163+0000] {logging_mixin.py:137} INFO - [2025-03-11T05:57:46.163+0000] {dag.py:3427} INFO - Setting next_dagrun for example_time_delta_sensor_async to None, run_after=None
[2025-03-11T05:57:46.178+0000] {processor.py:175} INFO - Processing /home/airflow/.local/lib/python3.7/site-packages/airflow/example_dags/example_time_delta_sensor_async.py took 0.082 seconds
[2025-03-11T05:58:16.689+0000] {processor.py:153} INFO - Started process (PID=480) to work on /home/airflow/.local/lib/python3.7/site-packages/airflow/example_dags/example_time_delta_sensor_async.py
[2025-03-11T05:58:16.691+0000] {processor.py:743} INFO - Processing file /home/airflow/.local/lib/python3.7/site-packages/airflow/example_dags/example_time_delta_sensor_async.py for tasks to queue
[2025-03-11T05:58:16.691+0000] {logging_mixin.py:137} INFO - [2025-03-11T05:58:16.691+0000] {dagbag.py:538} INFO - Filling up the DagBag from /home/airflow/.local/lib/python3.7/site-packages/airflow/example_dags/example_time_delta_sensor_async.py
[2025-03-11T05:58:16.705+0000] {processor.py:753} INFO - DAG(s) dict_keys(['example_time_delta_sensor_async']) retrieved from /home/airflow/.local/lib/python3.7/site-packages/airflow/example_dags/example_time_delta_sensor_async.py
[2025-03-11T05:58:16.735+0000] {logging_mixin.py:137} INFO - [2025-03-11T05:58:16.735+0000] {dag.py:2676} INFO - Sync 1 DAGs
[2025-03-11T05:58:16.755+0000] {logging_mixin.py:137} INFO - [2025-03-11T05:58:16.755+0000] {dag.py:3427} INFO - Setting next_dagrun for example_time_delta_sensor_async to None, run_after=None
[2025-03-11T05:58:16.770+0000] {processor.py:175} INFO - Processing /home/airflow/.local/lib/python3.7/site-packages/airflow/example_dags/example_time_delta_sensor_async.py took 0.083 seconds
[2025-03-11T05:58:47.134+0000] {processor.py:153} INFO - Started process (PID=519) to work on /home/airflow/.local/lib/python3.7/site-packages/airflow/example_dags/example_time_delta_sensor_async.py
[2025-03-11T05:58:47.134+0000] {processor.py:743} INFO - Processing file /home/airflow/.local/lib/python3.7/site-packages/airflow/example_dags/example_time_delta_sensor_async.py for tasks to queue
[2025-03-11T05:58:47.135+0000] {logging_mixin.py:137} INFO - [2025-03-11T05:58:47.135+0000] {dagbag.py:538} INFO - Filling up the DagBag from /home/airflow/.local/lib/python3.7/site-packages/airflow/example_dags/example_time_delta_sensor_async.py
[2025-03-11T05:58:47.147+0000] {processor.py:753} INFO - DAG(s) dict_keys(['example_time_delta_sensor_async']) retrieved from /home/airflow/.local/lib/python3.7/site-packages/airflow/example_dags/example_time_delta_sensor_async.py
[2025-03-11T05:58:47.174+0000] {logging_mixin.py:137} INFO - [2025-03-11T05:58:47.173+0000] {dag.py:2676} INFO - Sync 1 DAGs
[2025-03-11T05:58:47.193+0000] {logging_mixin.py:137} INFO - [2025-03-11T05:58:47.193+0000] {dag.py:3427} INFO - Setting next_dagrun for example_time_delta_sensor_async to None, run_after=None
[2025-03-11T05:58:47.207+0000] {processor.py:175} INFO - Processing /home/airflow/.local/lib/python3.7/site-packages/airflow/example_dags/example_time_delta_sensor_async.py took 0.076 seconds
[2025-03-11T05:59:17.699+0000] {processor.py:153} INFO - Started process (PID=558) to work on /home/airflow/.local/lib/python3.7/site-packages/airflow/example_dags/example_time_delta_sensor_async.py
[2025-03-11T05:59:17.700+0000] {processor.py:743} INFO - Processing file /home/airflow/.local/lib/python3.7/site-packages/airflow/example_dags/example_time_delta_sensor_async.py for tasks to queue
[2025-03-11T05:59:17.700+0000] {logging_mixin.py:137} INFO - [2025-03-11T05:59:17.700+0000] {dagbag.py:538} INFO - Filling up the DagBag from /home/airflow/.local/lib/python3.7/site-packages/airflow/example_dags/example_time_delta_sensor_async.py
[2025-03-11T05:59:17.712+0000] {processor.py:753} INFO - DAG(s) dict_keys(['example_time_delta_sensor_async']) retrieved from /home/airflow/.local/lib/python3.7/site-packages/airflow/example_dags/example_time_delta_sensor_async.py
[2025-03-11T05:59:17.740+0000] {logging_mixin.py:137} INFO - [2025-03-11T05:59:17.740+0000] {dag.py:2676} INFO - Sync 1 DAGs
[2025-03-11T05:59:17.766+0000] {logging_mixin.py:137} INFO - [2025-03-11T05:59:17.766+0000] {dag.py:3427} INFO - Setting next_dagrun for example_time_delta_sensor_async to None, run_after=None
[2025-03-11T05:59:17.785+0000] {processor.py:175} INFO - Processing /home/airflow/.local/lib/python3.7/site-packages/airflow/example_dags/example_time_delta_sensor_async.py took 0.089 seconds
[2025-03-11T05:59:48.258+0000] {processor.py:153} INFO - Started process (PID=597) to work on /home/airflow/.local/lib/python3.7/site-packages/airflow/example_dags/example_time_delta_sensor_async.py
[2025-03-11T05:59:48.260+0000] {processor.py:743} INFO - Processing file /home/airflow/.local/lib/python3.7/site-packages/airflow/example_dags/example_time_delta_sensor_async.py for tasks to queue
[2025-03-11T05:59:48.261+0000] {logging_mixin.py:137} INFO - [2025-03-11T05:59:48.260+0000] {dagbag.py:538} INFO - Filling up the DagBag from /home/airflow/.local/lib/python3.7/site-packages/airflow/example_dags/example_time_delta_sensor_async.py
[2025-03-11T05:59:48.272+0000] {processor.py:753} INFO - DAG(s) dict_keys(['example_time_delta_sensor_async']) retrieved from /home/airflow/.local/lib/python3.7/site-packages/airflow/example_dags/example_time_delta_sensor_async.py
[2025-03-11T05:59:48.307+0000] {logging_mixin.py:137} INFO - [2025-03-11T05:59:48.306+0000] {dag.py:2676} INFO - Sync 1 DAGs
[2025-03-11T05:59:48.332+0000] {logging_mixin.py:137} INFO - [2025-03-11T05:59:48.332+0000] {dag.py:3427} INFO - Setting next_dagrun for example_time_delta_sensor_async to None, run_after=None
[2025-03-11T05:59:48.358+0000] {processor.py:175} INFO - Processing /home/airflow/.local/lib/python3.7/site-packages/airflow/example_dags/example_time_delta_sensor_async.py took 0.102 seconds
[2025-03-11T06:00:18.767+0000] {processor.py:153} INFO - Started process (PID=636) to work on /home/airflow/.local/lib/python3.7/site-packages/airflow/example_dags/example_time_delta_sensor_async.py
[2025-03-11T06:00:18.768+0000] {processor.py:743} INFO - Processing file /home/airflow/.local/lib/python3.7/site-packages/airflow/example_dags/example_time_delta_sensor_async.py for tasks to queue
[2025-03-11T06:00:18.769+0000] {logging_mixin.py:137} INFO - [2025-03-11T06:00:18.769+0000] {dagbag.py:538} INFO - Filling up the DagBag from /home/airflow/.local/lib/python3.7/site-packages/airflow/example_dags/example_time_delta_sensor_async.py
[2025-03-11T06:00:18.780+0000] {processor.py:753} INFO - DAG(s) dict_keys(['example_time_delta_sensor_async']) retrieved from /home/airflow/.local/lib/python3.7/site-packages/airflow/example_dags/example_time_delta_sensor_async.py
[2025-03-11T06:00:18.812+0000] {logging_mixin.py:137} INFO - [2025-03-11T06:00:18.812+0000] {dag.py:2676} INFO - Sync 1 DAGs
[2025-03-11T06:00:18.833+0000] {logging_mixin.py:137} INFO - [2025-03-11T06:00:18.833+0000] {dag.py:3427} INFO - Setting next_dagrun for example_time_delta_sensor_async to None, run_after=None
[2025-03-11T06:00:18.846+0000] {processor.py:175} INFO - Processing /home/airflow/.local/lib/python3.7/site-packages/airflow/example_dags/example_time_delta_sensor_async.py took 0.081 seconds
[2025-03-11T06:00:49.409+0000] {processor.py:153} INFO - Started process (PID=675) to work on /home/airflow/.local/lib/python3.7/site-packages/airflow/example_dags/example_time_delta_sensor_async.py
[2025-03-11T06:00:49.410+0000] {processor.py:743} INFO - Processing file /home/airflow/.local/lib/python3.7/site-packages/airflow/example_dags/example_time_delta_sensor_async.py for tasks to queue
[2025-03-11T06:00:49.410+0000] {logging_mixin.py:137} INFO - [2025-03-11T06:00:49.410+0000] {dagbag.py:538} INFO - Filling up the DagBag from /home/airflow/.local/lib/python3.7/site-packages/airflow/example_dags/example_time_delta_sensor_async.py
[2025-03-11T06:00:49.423+0000] {processor.py:753} INFO - DAG(s) dict_keys(['example_time_delta_sensor_async']) retrieved from /home/airflow/.local/lib/python3.7/site-packages/airflow/example_dags/example_time_delta_sensor_async.py
[2025-03-11T06:00:49.450+0000] {logging_mixin.py:137} INFO - [2025-03-11T06:00:49.450+0000] {dag.py:2676} INFO - Sync 1 DAGs
[2025-03-11T06:00:49.472+0000] {logging_mixin.py:137} INFO - [2025-03-11T06:00:49.472+0000] {dag.py:3427} INFO - Setting next_dagrun for example_time_delta_sensor_async to None, run_after=None
[2025-03-11T06:00:49.487+0000] {processor.py:175} INFO - Processing /home/airflow/.local/lib/python3.7/site-packages/airflow/example_dags/example_time_delta_sensor_async.py took 0.080 seconds
[2025-03-11T06:01:19.977+0000] {processor.py:153} INFO - Started process (PID=714) to work on /home/airflow/.local/lib/python3.7/site-packages/airflow/example_dags/example_time_delta_sensor_async.py
[2025-03-11T06:01:19.978+0000] {processor.py:743} INFO - Processing file /home/airflow/.local/lib/python3.7/site-packages/airflow/example_dags/example_time_delta_sensor_async.py for tasks to queue
[2025-03-11T06:01:19.979+0000] {logging_mixin.py:137} INFO - [2025-03-11T06:01:19.978+0000] {dagbag.py:538} INFO - Filling up the DagBag from /home/airflow/.local/lib/python3.7/site-packages/airflow/example_dags/example_time_delta_sensor_async.py
[2025-03-11T06:01:19.991+0000] {processor.py:753} INFO - DAG(s) dict_keys(['example_time_delta_sensor_async']) retrieved from /home/airflow/.local/lib/python3.7/site-packages/airflow/example_dags/example_time_delta_sensor_async.py
[2025-03-11T06:01:20.020+0000] {logging_mixin.py:137} INFO - [2025-03-11T06:01:20.020+0000] {dag.py:2676} INFO - Sync 1 DAGs
[2025-03-11T06:01:20.040+0000] {logging_mixin.py:137} INFO - [2025-03-11T06:01:20.040+0000] {dag.py:3427} INFO - Setting next_dagrun for example_time_delta_sensor_async to None, run_after=None
[2025-03-11T06:01:20.058+0000] {processor.py:175} INFO - Processing /home/airflow/.local/lib/python3.7/site-packages/airflow/example_dags/example_time_delta_sensor_async.py took 0.083 seconds
[2025-03-11T06:01:50.296+0000] {processor.py:153} INFO - Started process (PID=753) to work on /home/airflow/.local/lib/python3.7/site-packages/airflow/example_dags/example_time_delta_sensor_async.py
[2025-03-11T06:01:50.297+0000] {processor.py:743} INFO - Processing file /home/airflow/.local/lib/python3.7/site-packages/airflow/example_dags/example_time_delta_sensor_async.py for tasks to queue
[2025-03-11T06:01:50.298+0000] {logging_mixin.py:137} INFO - [2025-03-11T06:01:50.297+0000] {dagbag.py:538} INFO - Filling up the DagBag from /home/airflow/.local/lib/python3.7/site-packages/airflow/example_dags/example_time_delta_sensor_async.py
[2025-03-11T06:01:50.309+0000] {processor.py:753} INFO - DAG(s) dict_keys(['example_time_delta_sensor_async']) retrieved from /home/airflow/.local/lib/python3.7/site-packages/airflow/example_dags/example_time_delta_sensor_async.py
[2025-03-11T06:01:50.337+0000] {logging_mixin.py:137} INFO - [2025-03-11T06:01:50.337+0000] {dag.py:2676} INFO - Sync 1 DAGs
[2025-03-11T06:01:50.356+0000] {logging_mixin.py:137} INFO - [2025-03-11T06:01:50.356+0000] {dag.py:3427} INFO - Setting next_dagrun for example_time_delta_sensor_async to None, run_after=None
[2025-03-11T06:01:50.370+0000] {processor.py:175} INFO - Processing /home/airflow/.local/lib/python3.7/site-packages/airflow/example_dags/example_time_delta_sensor_async.py took 0.077 seconds
[2025-03-11T06:02:21.054+0000] {processor.py:153} INFO - Started process (PID=792) to work on /home/airflow/.local/lib/python3.7/site-packages/airflow/example_dags/example_time_delta_sensor_async.py
[2025-03-11T06:02:21.055+0000] {processor.py:743} INFO - Processing file /home/airflow/.local/lib/python3.7/site-packages/airflow/example_dags/example_time_delta_sensor_async.py for tasks to queue
[2025-03-11T06:02:21.057+0000] {logging_mixin.py:137} INFO - [2025-03-11T06:02:21.057+0000] {dagbag.py:538} INFO - Filling up the DagBag from /home/airflow/.local/lib/python3.7/site-packages/airflow/example_dags/example_time_delta_sensor_async.py
[2025-03-11T06:02:21.077+0000] {processor.py:753} INFO - DAG(s) dict_keys(['example_time_delta_sensor_async']) retrieved from /home/airflow/.local/lib/python3.7/site-packages/airflow/example_dags/example_time_delta_sensor_async.py
[2025-03-11T06:02:21.118+0000] {logging_mixin.py:137} INFO - [2025-03-11T06:02:21.117+0000] {dag.py:2676} INFO - Sync 1 DAGs
[2025-03-11T06:02:21.146+0000] {logging_mixin.py:137} INFO - [2025-03-11T06:02:21.146+0000] {dag.py:3427} INFO - Setting next_dagrun for example_time_delta_sensor_async to None, run_after=None
[2025-03-11T06:02:21.175+0000] {processor.py:175} INFO - Processing /home/airflow/.local/lib/python3.7/site-packages/airflow/example_dags/example_time_delta_sensor_async.py took 0.126 seconds
[2025-03-11T06:02:51.742+0000] {processor.py:153} INFO - Started process (PID=831) to work on /home/airflow/.local/lib/python3.7/site-packages/airflow/example_dags/example_time_delta_sensor_async.py
[2025-03-11T06:02:51.743+0000] {processor.py:743} INFO - Processing file /home/airflow/.local/lib/python3.7/site-packages/airflow/example_dags/example_time_delta_sensor_async.py for tasks to queue
[2025-03-11T06:02:51.744+0000] {logging_mixin.py:137} INFO - [2025-03-11T06:02:51.744+0000] {dagbag.py:538} INFO - Filling up the DagBag from /home/airflow/.local/lib/python3.7/site-packages/airflow/example_dags/example_time_delta_sensor_async.py
[2025-03-11T06:02:51.756+0000] {processor.py:753} INFO - DAG(s) dict_keys(['example_time_delta_sensor_async']) retrieved from /home/airflow/.local/lib/python3.7/site-packages/airflow/example_dags/example_time_delta_sensor_async.py
[2025-03-11T06:02:51.787+0000] {logging_mixin.py:137} INFO - [2025-03-11T06:02:51.787+0000] {dag.py:2676} INFO - Sync 1 DAGs
[2025-03-11T06:02:51.809+0000] {logging_mixin.py:137} INFO - [2025-03-11T06:02:51.808+0000] {dag.py:3427} INFO - Setting next_dagrun for example_time_delta_sensor_async to None, run_after=None
[2025-03-11T06:02:51.827+0000] {processor.py:175} INFO - Processing /home/airflow/.local/lib/python3.7/site-packages/airflow/example_dags/example_time_delta_sensor_async.py took 0.088 seconds
[2025-03-11T06:03:22.135+0000] {processor.py:153} INFO - Started process (PID=870) to work on /home/airflow/.local/lib/python3.7/site-packages/airflow/example_dags/example_time_delta_sensor_async.py
[2025-03-11T06:03:22.136+0000] {processor.py:743} INFO - Processing file /home/airflow/.local/lib/python3.7/site-packages/airflow/example_dags/example_time_delta_sensor_async.py for tasks to queue
[2025-03-11T06:03:22.138+0000] {logging_mixin.py:137} INFO - [2025-03-11T06:03:22.138+0000] {dagbag.py:538} INFO - Filling up the DagBag from /home/airflow/.local/lib/python3.7/site-packages/airflow/example_dags/example_time_delta_sensor_async.py
[2025-03-11T06:03:22.150+0000] {processor.py:753} INFO - DAG(s) dict_keys(['example_time_delta_sensor_async']) retrieved from /home/airflow/.local/lib/python3.7/site-packages/airflow/example_dags/example_time_delta_sensor_async.py
[2025-03-11T06:03:22.185+0000] {logging_mixin.py:137} INFO - [2025-03-11T06:03:22.185+0000] {dag.py:2676} INFO - Sync 1 DAGs
[2025-03-11T06:03:22.207+0000] {logging_mixin.py:137} INFO - [2025-03-11T06:03:22.207+0000] {dag.py:3427} INFO - Setting next_dagrun for example_time_delta_sensor_async to None, run_after=None
[2025-03-11T06:03:22.224+0000] {processor.py:175} INFO - Processing /home/airflow/.local/lib/python3.7/site-packages/airflow/example_dags/example_time_delta_sensor_async.py took 0.091 seconds
[2025-03-11T06:03:52.572+0000] {processor.py:153} INFO - Started process (PID=909) to work on /home/airflow/.local/lib/python3.7/site-packages/airflow/example_dags/example_time_delta_sensor_async.py
[2025-03-11T06:03:52.572+0000] {processor.py:743} INFO - Processing file /home/airflow/.local/lib/python3.7/site-packages/airflow/example_dags/example_time_delta_sensor_async.py for tasks to queue
[2025-03-11T06:03:52.573+0000] {logging_mixin.py:137} INFO - [2025-03-11T06:03:52.573+0000] {dagbag.py:538} INFO - Filling up the DagBag from /home/airflow/.local/lib/python3.7/site-packages/airflow/example_dags/example_time_delta_sensor_async.py
[2025-03-11T06:03:52.585+0000] {processor.py:753} INFO - DAG(s) dict_keys(['example_time_delta_sensor_async']) retrieved from /home/airflow/.local/lib/python3.7/site-packages/airflow/example_dags/example_time_delta_sensor_async.py
[2025-03-11T06:03:52.622+0000] {logging_mixin.py:137} INFO - [2025-03-11T06:03:52.622+0000] {dag.py:2676} INFO - Sync 1 DAGs
[2025-03-11T06:03:52.643+0000] {logging_mixin.py:137} INFO - [2025-03-11T06:03:52.643+0000] {dag.py:3427} INFO - Setting next_dagrun for example_time_delta_sensor_async to None, run_after=None
[2025-03-11T06:03:52.661+0000] {processor.py:175} INFO - Processing /home/airflow/.local/lib/python3.7/site-packages/airflow/example_dags/example_time_delta_sensor_async.py took 0.091 seconds
[2025-03-11T06:04:23.037+0000] {processor.py:153} INFO - Started process (PID=948) to work on /home/airflow/.local/lib/python3.7/site-packages/airflow/example_dags/example_time_delta_sensor_async.py
[2025-03-11T06:04:23.038+0000] {processor.py:743} INFO - Processing file /home/airflow/.local/lib/python3.7/site-packages/airflow/example_dags/example_time_delta_sensor_async.py for tasks to queue
[2025-03-11T06:04:23.038+0000] {logging_mixin.py:137} INFO - [2025-03-11T06:04:23.038+0000] {dagbag.py:538} INFO - Filling up the DagBag from /home/airflow/.local/lib/python3.7/site-packages/airflow/example_dags/example_time_delta_sensor_async.py
[2025-03-11T06:04:23.050+0000] {processor.py:753} INFO - DAG(s) dict_keys(['example_time_delta_sensor_async']) retrieved from /home/airflow/.local/lib/python3.7/site-packages/airflow/example_dags/example_time_delta_sensor_async.py
[2025-03-11T06:04:23.084+0000] {logging_mixin.py:137} INFO - [2025-03-11T06:04:23.084+0000] {dag.py:2676} INFO - Sync 1 DAGs
[2025-03-11T06:04:23.119+0000] {logging_mixin.py:137} INFO - [2025-03-11T06:04:23.119+0000] {dag.py:3427} INFO - Setting next_dagrun for example_time_delta_sensor_async to None, run_after=None
[2025-03-11T06:04:23.135+0000] {processor.py:175} INFO - Processing /home/airflow/.local/lib/python3.7/site-packages/airflow/example_dags/example_time_delta_sensor_async.py took 0.101 seconds
[2025-03-11T06:04:53.433+0000] {processor.py:153} INFO - Started process (PID=987) to work on /home/airflow/.local/lib/python3.7/site-packages/airflow/example_dags/example_time_delta_sensor_async.py
[2025-03-11T06:04:53.434+0000] {processor.py:743} INFO - Processing file /home/airflow/.local/lib/python3.7/site-packages/airflow/example_dags/example_time_delta_sensor_async.py for tasks to queue
[2025-03-11T06:04:53.435+0000] {logging_mixin.py:137} INFO - [2025-03-11T06:04:53.435+0000] {dagbag.py:538} INFO - Filling up the DagBag from /home/airflow/.local/lib/python3.7/site-packages/airflow/example_dags/example_time_delta_sensor_async.py
[2025-03-11T06:04:53.448+0000] {processor.py:753} INFO - DAG(s) dict_keys(['example_time_delta_sensor_async']) retrieved from /home/airflow/.local/lib/python3.7/site-packages/airflow/example_dags/example_time_delta_sensor_async.py
[2025-03-11T06:04:53.478+0000] {logging_mixin.py:137} INFO - [2025-03-11T06:04:53.478+0000] {dag.py:2676} INFO - Sync 1 DAGs
[2025-03-11T06:04:53.501+0000] {logging_mixin.py:137} INFO - [2025-03-11T06:04:53.500+0000] {dag.py:3427} INFO - Setting next_dagrun for example_time_delta_sensor_async to None, run_after=None
[2025-03-11T06:04:53.518+0000] {processor.py:175} INFO - Processing /home/airflow/.local/lib/python3.7/site-packages/airflow/example_dags/example_time_delta_sensor_async.py took 0.088 seconds
[2025-03-11T06:05:23.841+0000] {processor.py:153} INFO - Started process (PID=1026) to work on /home/airflow/.local/lib/python3.7/site-packages/airflow/example_dags/example_time_delta_sensor_async.py
[2025-03-11T06:05:23.842+0000] {processor.py:743} INFO - Processing file /home/airflow/.local/lib/python3.7/site-packages/airflow/example_dags/example_time_delta_sensor_async.py for tasks to queue
[2025-03-11T06:05:23.842+0000] {logging_mixin.py:137} INFO - [2025-03-11T06:05:23.842+0000] {dagbag.py:538} INFO - Filling up the DagBag from /home/airflow/.local/lib/python3.7/site-packages/airflow/example_dags/example_time_delta_sensor_async.py
[2025-03-11T06:05:23.855+0000] {processor.py:753} INFO - DAG(s) dict_keys(['example_time_delta_sensor_async']) retrieved from /home/airflow/.local/lib/python3.7/site-packages/airflow/example_dags/example_time_delta_sensor_async.py
[2025-03-11T06:05:23.884+0000] {logging_mixin.py:137} INFO - [2025-03-11T06:05:23.884+0000] {dag.py:2676} INFO - Sync 1 DAGs
[2025-03-11T06:05:23.905+0000] {logging_mixin.py:137} INFO - [2025-03-11T06:05:23.905+0000] {dag.py:3427} INFO - Setting next_dagrun for example_time_delta_sensor_async to None, run_after=None
[2025-03-11T06:05:23.925+0000] {processor.py:175} INFO - Processing /home/airflow/.local/lib/python3.7/site-packages/airflow/example_dags/example_time_delta_sensor_async.py took 0.086 seconds
[2025-03-11T06:05:54.321+0000] {processor.py:153} INFO - Started process (PID=1065) to work on /home/airflow/.local/lib/python3.7/site-packages/airflow/example_dags/example_time_delta_sensor_async.py
[2025-03-11T06:05:54.322+0000] {processor.py:743} INFO - Processing file /home/airflow/.local/lib/python3.7/site-packages/airflow/example_dags/example_time_delta_sensor_async.py for tasks to queue
[2025-03-11T06:05:54.324+0000] {logging_mixin.py:137} INFO - [2025-03-11T06:05:54.323+0000] {dagbag.py:538} INFO - Filling up the DagBag from /home/airflow/.local/lib/python3.7/site-packages/airflow/example_dags/example_time_delta_sensor_async.py
[2025-03-11T06:05:54.336+0000] {processor.py:753} INFO - DAG(s) dict_keys(['example_time_delta_sensor_async']) retrieved from /home/airflow/.local/lib/python3.7/site-packages/airflow/example_dags/example_time_delta_sensor_async.py
[2025-03-11T06:05:54.365+0000] {logging_mixin.py:137} INFO - [2025-03-11T06:05:54.365+0000] {dag.py:2676} INFO - Sync 1 DAGs
[2025-03-11T06:05:54.387+0000] {logging_mixin.py:137} INFO - [2025-03-11T06:05:54.387+0000] {dag.py:3427} INFO - Setting next_dagrun for example_time_delta_sensor_async to None, run_after=None
[2025-03-11T06:05:54.401+0000] {processor.py:175} INFO - Processing /home/airflow/.local/lib/python3.7/site-packages/airflow/example_dags/example_time_delta_sensor_async.py took 0.082 seconds
[2025-03-11T06:06:24.797+0000] {processor.py:153} INFO - Started process (PID=1104) to work on /home/airflow/.local/lib/python3.7/site-packages/airflow/example_dags/example_time_delta_sensor_async.py
[2025-03-11T06:06:24.799+0000] {processor.py:743} INFO - Processing file /home/airflow/.local/lib/python3.7/site-packages/airflow/example_dags/example_time_delta_sensor_async.py for tasks to queue
[2025-03-11T06:06:24.800+0000] {logging_mixin.py:137} INFO - [2025-03-11T06:06:24.800+0000] {dagbag.py:538} INFO - Filling up the DagBag from /home/airflow/.local/lib/python3.7/site-packages/airflow/example_dags/example_time_delta_sensor_async.py
[2025-03-11T06:06:24.813+0000] {processor.py:753} INFO - DAG(s) dict_keys(['example_time_delta_sensor_async']) retrieved from /home/airflow/.local/lib/python3.7/site-packages/airflow/example_dags/example_time_delta_sensor_async.py
[2025-03-11T06:06:24.844+0000] {logging_mixin.py:137} INFO - [2025-03-11T06:06:24.844+0000] {dag.py:2676} INFO - Sync 1 DAGs
[2025-03-11T06:06:24.866+0000] {logging_mixin.py:137} INFO - [2025-03-11T06:06:24.866+0000] {dag.py:3427} INFO - Setting next_dagrun for example_time_delta_sensor_async to None, run_after=None
[2025-03-11T06:06:24.884+0000] {processor.py:175} INFO - Processing /home/airflow/.local/lib/python3.7/site-packages/airflow/example_dags/example_time_delta_sensor_async.py took 0.090 seconds
[2025-03-11T06:06:55.159+0000] {processor.py:153} INFO - Started process (PID=1143) to work on /home/airflow/.local/lib/python3.7/site-packages/airflow/example_dags/example_time_delta_sensor_async.py
[2025-03-11T06:06:55.160+0000] {processor.py:743} INFO - Processing file /home/airflow/.local/lib/python3.7/site-packages/airflow/example_dags/example_time_delta_sensor_async.py for tasks to queue
[2025-03-11T06:06:55.161+0000] {logging_mixin.py:137} INFO - [2025-03-11T06:06:55.161+0000] {dagbag.py:538} INFO - Filling up the DagBag from /home/airflow/.local/lib/python3.7/site-packages/airflow/example_dags/example_time_delta_sensor_async.py
[2025-03-11T06:06:55.175+0000] {processor.py:753} INFO - DAG(s) dict_keys(['example_time_delta_sensor_async']) retrieved from /home/airflow/.local/lib/python3.7/site-packages/airflow/example_dags/example_time_delta_sensor_async.py
[2025-03-11T06:06:55.204+0000] {logging_mixin.py:137} INFO - [2025-03-11T06:06:55.204+0000] {dag.py:2676} INFO - Sync 1 DAGs
[2025-03-11T06:06:55.225+0000] {logging_mixin.py:137} INFO - [2025-03-11T06:06:55.225+0000] {dag.py:3427} INFO - Setting next_dagrun for example_time_delta_sensor_async to None, run_after=None
[2025-03-11T06:06:55.243+0000] {processor.py:175} INFO - Processing /home/airflow/.local/lib/python3.7/site-packages/airflow/example_dags/example_time_delta_sensor_async.py took 0.087 seconds
[2025-03-11T06:07:25.574+0000] {processor.py:153} INFO - Started process (PID=1182) to work on /home/airflow/.local/lib/python3.7/site-packages/airflow/example_dags/example_time_delta_sensor_async.py
[2025-03-11T06:07:25.575+0000] {processor.py:743} INFO - Processing file /home/airflow/.local/lib/python3.7/site-packages/airflow/example_dags/example_time_delta_sensor_async.py for tasks to queue
[2025-03-11T06:07:25.575+0000] {logging_mixin.py:137} INFO - [2025-03-11T06:07:25.575+0000] {dagbag.py:538} INFO - Filling up the DagBag from /home/airflow/.local/lib/python3.7/site-packages/airflow/example_dags/example_time_delta_sensor_async.py
[2025-03-11T06:07:25.587+0000] {processor.py:753} INFO - DAG(s) dict_keys(['example_time_delta_sensor_async']) retrieved from /home/airflow/.local/lib/python3.7/site-packages/airflow/example_dags/example_time_delta_sensor_async.py
[2025-03-11T06:07:25.621+0000] {logging_mixin.py:137} INFO - [2025-03-11T06:07:25.621+0000] {dag.py:2676} INFO - Sync 1 DAGs
[2025-03-11T06:07:25.643+0000] {logging_mixin.py:137} INFO - [2025-03-11T06:07:25.643+0000] {dag.py:3427} INFO - Setting next_dagrun for example_time_delta_sensor_async to None, run_after=None
[2025-03-11T06:07:25.659+0000] {processor.py:175} INFO - Processing /home/airflow/.local/lib/python3.7/site-packages/airflow/example_dags/example_time_delta_sensor_async.py took 0.088 seconds
[2025-03-11T06:07:56.090+0000] {processor.py:153} INFO - Started process (PID=1221) to work on /home/airflow/.local/lib/python3.7/site-packages/airflow/example_dags/example_time_delta_sensor_async.py
[2025-03-11T06:07:56.091+0000] {processor.py:743} INFO - Processing file /home/airflow/.local/lib/python3.7/site-packages/airflow/example_dags/example_time_delta_sensor_async.py for tasks to queue
[2025-03-11T06:07:56.092+0000] {logging_mixin.py:137} INFO - [2025-03-11T06:07:56.092+0000] {dagbag.py:538} INFO - Filling up the DagBag from /home/airflow/.local/lib/python3.7/site-packages/airflow/example_dags/example_time_delta_sensor_async.py
[2025-03-11T06:07:56.104+0000] {processor.py:753} INFO - DAG(s) dict_keys(['example_time_delta_sensor_async']) retrieved from /home/airflow/.local/lib/python3.7/site-packages/airflow/example_dags/example_time_delta_sensor_async.py
[2025-03-11T06:07:56.132+0000] {logging_mixin.py:137} INFO - [2025-03-11T06:07:56.132+0000] {dag.py:2676} INFO - Sync 1 DAGs
[2025-03-11T06:07:56.152+0000] {logging_mixin.py:137} INFO - [2025-03-11T06:07:56.152+0000] {dag.py:3427} INFO - Setting next_dagrun for example_time_delta_sensor_async to None, run_after=None
[2025-03-11T06:07:56.168+0000] {processor.py:175} INFO - Processing /home/airflow/.local/lib/python3.7/site-packages/airflow/example_dags/example_time_delta_sensor_async.py took 0.080 seconds
[2025-03-11T06:08:26.600+0000] {processor.py:153} INFO - Started process (PID=1260) to work on /home/airflow/.local/lib/python3.7/site-packages/airflow/example_dags/example_time_delta_sensor_async.py
[2025-03-11T06:08:26.601+0000] {processor.py:743} INFO - Processing file /home/airflow/.local/lib/python3.7/site-packages/airflow/example_dags/example_time_delta_sensor_async.py for tasks to queue
[2025-03-11T06:08:26.603+0000] {logging_mixin.py:137} INFO - [2025-03-11T06:08:26.603+0000] {dagbag.py:538} INFO - Filling up the DagBag from /home/airflow/.local/lib/python3.7/site-packages/airflow/example_dags/example_time_delta_sensor_async.py
[2025-03-11T06:08:26.615+0000] {processor.py:753} INFO - DAG(s) dict_keys(['example_time_delta_sensor_async']) retrieved from /home/airflow/.local/lib/python3.7/site-packages/airflow/example_dags/example_time_delta_sensor_async.py
[2025-03-11T06:08:26.644+0000] {logging_mixin.py:137} INFO - [2025-03-11T06:08:26.644+0000] {dag.py:2676} INFO - Sync 1 DAGs
[2025-03-11T06:08:26.665+0000] {logging_mixin.py:137} INFO - [2025-03-11T06:08:26.665+0000] {dag.py:3427} INFO - Setting next_dagrun for example_time_delta_sensor_async to None, run_after=None
[2025-03-11T06:08:26.680+0000] {processor.py:175} INFO - Processing /home/airflow/.local/lib/python3.7/site-packages/airflow/example_dags/example_time_delta_sensor_async.py took 0.083 seconds
[2025-03-11T06:08:57.226+0000] {processor.py:153} INFO - Started process (PID=1299) to work on /home/airflow/.local/lib/python3.7/site-packages/airflow/example_dags/example_time_delta_sensor_async.py
[2025-03-11T06:08:57.227+0000] {processor.py:743} INFO - Processing file /home/airflow/.local/lib/python3.7/site-packages/airflow/example_dags/example_time_delta_sensor_async.py for tasks to queue
[2025-03-11T06:08:57.227+0000] {logging_mixin.py:137} INFO - [2025-03-11T06:08:57.227+0000] {dagbag.py:538} INFO - Filling up the DagBag from /home/airflow/.local/lib/python3.7/site-packages/airflow/example_dags/example_time_delta_sensor_async.py
[2025-03-11T06:08:57.239+0000] {processor.py:753} INFO - DAG(s) dict_keys(['example_time_delta_sensor_async']) retrieved from /home/airflow/.local/lib/python3.7/site-packages/airflow/example_dags/example_time_delta_sensor_async.py
[2025-03-11T06:08:57.268+0000] {logging_mixin.py:137} INFO - [2025-03-11T06:08:57.268+0000] {dag.py:2676} INFO - Sync 1 DAGs
[2025-03-11T06:08:57.290+0000] {logging_mixin.py:137} INFO - [2025-03-11T06:08:57.290+0000] {dag.py:3427} INFO - Setting next_dagrun for example_time_delta_sensor_async to None, run_after=None
[2025-03-11T06:08:57.305+0000] {processor.py:175} INFO - Processing /home/airflow/.local/lib/python3.7/site-packages/airflow/example_dags/example_time_delta_sensor_async.py took 0.081 seconds
[2025-03-11T06:09:27.656+0000] {processor.py:153} INFO - Started process (PID=1338) to work on /home/airflow/.local/lib/python3.7/site-packages/airflow/example_dags/example_time_delta_sensor_async.py
[2025-03-11T06:09:27.657+0000] {processor.py:743} INFO - Processing file /home/airflow/.local/lib/python3.7/site-packages/airflow/example_dags/example_time_delta_sensor_async.py for tasks to queue
[2025-03-11T06:09:27.659+0000] {logging_mixin.py:137} INFO - [2025-03-11T06:09:27.658+0000] {dagbag.py:538} INFO - Filling up the DagBag from /home/airflow/.local/lib/python3.7/site-packages/airflow/example_dags/example_time_delta_sensor_async.py
[2025-03-11T06:09:27.671+0000] {processor.py:753} INFO - DAG(s) dict_keys(['example_time_delta_sensor_async']) retrieved from /home/airflow/.local/lib/python3.7/site-packages/airflow/example_dags/example_time_delta_sensor_async.py
[2025-03-11T06:09:27.703+0000] {logging_mixin.py:137} INFO - [2025-03-11T06:09:27.703+0000] {dag.py:2676} INFO - Sync 1 DAGs
[2025-03-11T06:09:27.722+0000] {logging_mixin.py:137} INFO - [2025-03-11T06:09:27.722+0000] {dag.py:3427} INFO - Setting next_dagrun for example_time_delta_sensor_async to None, run_after=None
[2025-03-11T06:09:27.738+0000] {processor.py:175} INFO - Processing /home/airflow/.local/lib/python3.7/site-packages/airflow/example_dags/example_time_delta_sensor_async.py took 0.084 seconds
[2025-03-11T06:09:58.175+0000] {processor.py:153} INFO - Started process (PID=1377) to work on /home/airflow/.local/lib/python3.7/site-packages/airflow/example_dags/example_time_delta_sensor_async.py
[2025-03-11T06:09:58.176+0000] {processor.py:743} INFO - Processing file /home/airflow/.local/lib/python3.7/site-packages/airflow/example_dags/example_time_delta_sensor_async.py for tasks to queue
[2025-03-11T06:09:58.177+0000] {logging_mixin.py:137} INFO - [2025-03-11T06:09:58.177+0000] {dagbag.py:538} INFO - Filling up the DagBag from /home/airflow/.local/lib/python3.7/site-packages/airflow/example_dags/example_time_delta_sensor_async.py
[2025-03-11T06:09:58.189+0000] {processor.py:753} INFO - DAG(s) dict_keys(['example_time_delta_sensor_async']) retrieved from /home/airflow/.local/lib/python3.7/site-packages/airflow/example_dags/example_time_delta_sensor_async.py
[2025-03-11T06:09:58.225+0000] {logging_mixin.py:137} INFO - [2025-03-11T06:09:58.225+0000] {dag.py:2676} INFO - Sync 1 DAGs
[2025-03-11T06:09:58.245+0000] {logging_mixin.py:137} INFO - [2025-03-11T06:09:58.244+0000] {dag.py:3427} INFO - Setting next_dagrun for example_time_delta_sensor_async to None, run_after=None
[2025-03-11T06:09:58.258+0000] {processor.py:175} INFO - Processing /home/airflow/.local/lib/python3.7/site-packages/airflow/example_dags/example_time_delta_sensor_async.py took 0.086 seconds
