[2025-03-11T05:52:43.866+0000] {processor.py:153} INFO - Started process (PID=69) to work on /home/airflow/.local/lib/python3.7/site-packages/airflow/example_dags/example_short_circuit_operator.py
[2025-03-11T05:52:43.868+0000] {processor.py:743} INFO - Processing file /home/airflow/.local/lib/python3.7/site-packages/airflow/example_dags/example_short_circuit_operator.py for tasks to queue
[2025-03-11T05:52:43.870+0000] {logging_mixin.py:137} INFO - [2025-03-11T05:52:43.870+0000] {dagbag.py:538} INFO - Filling up the DagBag from /home/airflow/.local/lib/python3.7/site-packages/airflow/example_dags/example_short_circuit_operator.py
[2025-03-11T05:52:43.902+0000] {processor.py:753} INFO - DAG(s) dict_keys(['example_short_circuit_operator']) retrieved from /home/airflow/.local/lib/python3.7/site-packages/airflow/example_dags/example_short_circuit_operator.py
[2025-03-11T05:52:43.934+0000] {logging_mixin.py:137} INFO - [2025-03-11T05:52:43.934+0000] {dag.py:2676} INFO - Sync 1 DAGs
[2025-03-11T05:52:43.989+0000] {logging_mixin.py:137} INFO - [2025-03-11T05:52:43.988+0000] {dag.py:3427} INFO - Setting next_dagrun for example_short_circuit_operator to 2025-03-10T05:52:43.985708+00:00, run_after=2025-03-11T05:52:43.985708+00:00
[2025-03-11T05:52:44.045+0000] {processor.py:175} INFO - Processing /home/airflow/.local/lib/python3.7/site-packages/airflow/example_dags/example_short_circuit_operator.py took 0.182 seconds
[2025-03-11T05:53:14.622+0000] {processor.py:153} INFO - Started process (PID=108) to work on /home/airflow/.local/lib/python3.7/site-packages/airflow/example_dags/example_short_circuit_operator.py
[2025-03-11T05:53:14.623+0000] {processor.py:743} INFO - Processing file /home/airflow/.local/lib/python3.7/site-packages/airflow/example_dags/example_short_circuit_operator.py for tasks to queue
[2025-03-11T05:53:14.624+0000] {logging_mixin.py:137} INFO - [2025-03-11T05:53:14.624+0000] {dagbag.py:538} INFO - Filling up the DagBag from /home/airflow/.local/lib/python3.7/site-packages/airflow/example_dags/example_short_circuit_operator.py
[2025-03-11T05:53:14.643+0000] {processor.py:753} INFO - DAG(s) dict_keys(['example_short_circuit_operator']) retrieved from /home/airflow/.local/lib/python3.7/site-packages/airflow/example_dags/example_short_circuit_operator.py
[2025-03-11T05:53:14.663+0000] {logging_mixin.py:137} INFO - [2025-03-11T05:53:14.663+0000] {dag.py:2676} INFO - Sync 1 DAGs
[2025-03-11T05:53:14.687+0000] {logging_mixin.py:137} INFO - [2025-03-11T05:53:14.687+0000] {dag.py:3427} INFO - Setting next_dagrun for example_short_circuit_operator to 2025-03-10T05:53:14.685358+00:00, run_after=2025-03-11T05:53:14.685358+00:00
[2025-03-11T05:53:14.709+0000] {processor.py:175} INFO - Processing /home/airflow/.local/lib/python3.7/site-packages/airflow/example_dags/example_short_circuit_operator.py took 0.089 seconds
[2025-03-11T05:53:45.393+0000] {processor.py:153} INFO - Started process (PID=147) to work on /home/airflow/.local/lib/python3.7/site-packages/airflow/example_dags/example_short_circuit_operator.py
[2025-03-11T05:53:45.394+0000] {processor.py:743} INFO - Processing file /home/airflow/.local/lib/python3.7/site-packages/airflow/example_dags/example_short_circuit_operator.py for tasks to queue
[2025-03-11T05:53:45.394+0000] {logging_mixin.py:137} INFO - [2025-03-11T05:53:45.394+0000] {dagbag.py:538} INFO - Filling up the DagBag from /home/airflow/.local/lib/python3.7/site-packages/airflow/example_dags/example_short_circuit_operator.py
[2025-03-11T05:53:45.408+0000] {processor.py:753} INFO - DAG(s) dict_keys(['example_short_circuit_operator']) retrieved from /home/airflow/.local/lib/python3.7/site-packages/airflow/example_dags/example_short_circuit_operator.py
[2025-03-11T05:53:45.435+0000] {logging_mixin.py:137} INFO - [2025-03-11T05:53:45.435+0000] {dag.py:2676} INFO - Sync 1 DAGs
[2025-03-11T05:53:45.453+0000] {logging_mixin.py:137} INFO - [2025-03-11T05:53:45.453+0000] {dag.py:3427} INFO - Setting next_dagrun for example_short_circuit_operator to 2025-03-10T05:53:45.452655+00:00, run_after=2025-03-11T05:53:45.452655+00:00
[2025-03-11T05:53:45.465+0000] {processor.py:175} INFO - Processing /home/airflow/.local/lib/python3.7/site-packages/airflow/example_dags/example_short_circuit_operator.py took 0.074 seconds
[2025-03-11T05:54:16.695+0000] {processor.py:153} INFO - Started process (PID=186) to work on /home/airflow/.local/lib/python3.7/site-packages/airflow/example_dags/example_short_circuit_operator.py
[2025-03-11T05:54:16.696+0000] {processor.py:743} INFO - Processing file /home/airflow/.local/lib/python3.7/site-packages/airflow/example_dags/example_short_circuit_operator.py for tasks to queue
[2025-03-11T05:54:16.697+0000] {logging_mixin.py:137} INFO - [2025-03-11T05:54:16.697+0000] {dagbag.py:538} INFO - Filling up the DagBag from /home/airflow/.local/lib/python3.7/site-packages/airflow/example_dags/example_short_circuit_operator.py
[2025-03-11T05:54:16.712+0000] {processor.py:753} INFO - DAG(s) dict_keys(['example_short_circuit_operator']) retrieved from /home/airflow/.local/lib/python3.7/site-packages/airflow/example_dags/example_short_circuit_operator.py
[2025-03-11T05:54:16.743+0000] {logging_mixin.py:137} INFO - [2025-03-11T05:54:16.743+0000] {dag.py:2676} INFO - Sync 1 DAGs
[2025-03-11T05:54:16.768+0000] {logging_mixin.py:137} INFO - [2025-03-11T05:54:16.767+0000] {dag.py:3427} INFO - Setting next_dagrun for example_short_circuit_operator to 2025-03-10T05:54:16.767267+00:00, run_after=2025-03-11T05:54:16.767267+00:00
[2025-03-11T05:54:16.786+0000] {processor.py:175} INFO - Processing /home/airflow/.local/lib/python3.7/site-packages/airflow/example_dags/example_short_circuit_operator.py took 0.093 seconds
[2025-03-11T05:54:47.238+0000] {processor.py:153} INFO - Started process (PID=225) to work on /home/airflow/.local/lib/python3.7/site-packages/airflow/example_dags/example_short_circuit_operator.py
[2025-03-11T05:54:47.239+0000] {processor.py:743} INFO - Processing file /home/airflow/.local/lib/python3.7/site-packages/airflow/example_dags/example_short_circuit_operator.py for tasks to queue
[2025-03-11T05:54:47.239+0000] {logging_mixin.py:137} INFO - [2025-03-11T05:54:47.239+0000] {dagbag.py:538} INFO - Filling up the DagBag from /home/airflow/.local/lib/python3.7/site-packages/airflow/example_dags/example_short_circuit_operator.py
[2025-03-11T05:54:47.261+0000] {processor.py:753} INFO - DAG(s) dict_keys(['example_short_circuit_operator']) retrieved from /home/airflow/.local/lib/python3.7/site-packages/airflow/example_dags/example_short_circuit_operator.py
[2025-03-11T05:54:47.295+0000] {logging_mixin.py:137} INFO - [2025-03-11T05:54:47.294+0000] {dag.py:2676} INFO - Sync 1 DAGs
[2025-03-11T05:54:47.315+0000] {logging_mixin.py:137} INFO - [2025-03-11T05:54:47.315+0000] {dag.py:3427} INFO - Setting next_dagrun for example_short_circuit_operator to 2025-03-10T05:54:47.314607+00:00, run_after=2025-03-11T05:54:47.314607+00:00
[2025-03-11T05:54:47.330+0000] {processor.py:175} INFO - Processing /home/airflow/.local/lib/python3.7/site-packages/airflow/example_dags/example_short_circuit_operator.py took 0.095 seconds
[2025-03-11T05:55:18.143+0000] {processor.py:153} INFO - Started process (PID=264) to work on /home/airflow/.local/lib/python3.7/site-packages/airflow/example_dags/example_short_circuit_operator.py
[2025-03-11T05:55:18.143+0000] {processor.py:743} INFO - Processing file /home/airflow/.local/lib/python3.7/site-packages/airflow/example_dags/example_short_circuit_operator.py for tasks to queue
[2025-03-11T05:55:18.144+0000] {logging_mixin.py:137} INFO - [2025-03-11T05:55:18.144+0000] {dagbag.py:538} INFO - Filling up the DagBag from /home/airflow/.local/lib/python3.7/site-packages/airflow/example_dags/example_short_circuit_operator.py
[2025-03-11T05:55:18.157+0000] {processor.py:753} INFO - DAG(s) dict_keys(['example_short_circuit_operator']) retrieved from /home/airflow/.local/lib/python3.7/site-packages/airflow/example_dags/example_short_circuit_operator.py
[2025-03-11T05:55:18.185+0000] {logging_mixin.py:137} INFO - [2025-03-11T05:55:18.185+0000] {dag.py:2676} INFO - Sync 1 DAGs
[2025-03-11T05:55:18.204+0000] {logging_mixin.py:137} INFO - [2025-03-11T05:55:18.203+0000] {dag.py:3427} INFO - Setting next_dagrun for example_short_circuit_operator to 2025-03-10T05:55:18.203447+00:00, run_after=2025-03-11T05:55:18.203447+00:00
[2025-03-11T05:55:18.216+0000] {processor.py:175} INFO - Processing /home/airflow/.local/lib/python3.7/site-packages/airflow/example_dags/example_short_circuit_operator.py took 0.076 seconds
[2025-03-11T05:55:48.519+0000] {processor.py:153} INFO - Started process (PID=303) to work on /home/airflow/.local/lib/python3.7/site-packages/airflow/example_dags/example_short_circuit_operator.py
[2025-03-11T05:55:48.520+0000] {processor.py:743} INFO - Processing file /home/airflow/.local/lib/python3.7/site-packages/airflow/example_dags/example_short_circuit_operator.py for tasks to queue
[2025-03-11T05:55:48.520+0000] {logging_mixin.py:137} INFO - [2025-03-11T05:55:48.520+0000] {dagbag.py:538} INFO - Filling up the DagBag from /home/airflow/.local/lib/python3.7/site-packages/airflow/example_dags/example_short_circuit_operator.py
[2025-03-11T05:55:48.536+0000] {processor.py:753} INFO - DAG(s) dict_keys(['example_short_circuit_operator']) retrieved from /home/airflow/.local/lib/python3.7/site-packages/airflow/example_dags/example_short_circuit_operator.py
[2025-03-11T05:55:48.565+0000] {logging_mixin.py:137} INFO - [2025-03-11T05:55:48.565+0000] {dag.py:2676} INFO - Sync 1 DAGs
[2025-03-11T05:55:48.585+0000] {logging_mixin.py:137} INFO - [2025-03-11T05:55:48.585+0000] {dag.py:3427} INFO - Setting next_dagrun for example_short_circuit_operator to 2025-03-10T05:55:48.584707+00:00, run_after=2025-03-11T05:55:48.584707+00:00
[2025-03-11T05:55:48.602+0000] {processor.py:175} INFO - Processing /home/airflow/.local/lib/python3.7/site-packages/airflow/example_dags/example_short_circuit_operator.py took 0.085 seconds
[2025-03-11T05:56:19.543+0000] {processor.py:153} INFO - Started process (PID=342) to work on /home/airflow/.local/lib/python3.7/site-packages/airflow/example_dags/example_short_circuit_operator.py
[2025-03-11T05:56:19.544+0000] {processor.py:743} INFO - Processing file /home/airflow/.local/lib/python3.7/site-packages/airflow/example_dags/example_short_circuit_operator.py for tasks to queue
[2025-03-11T05:56:19.544+0000] {logging_mixin.py:137} INFO - [2025-03-11T05:56:19.544+0000] {dagbag.py:538} INFO - Filling up the DagBag from /home/airflow/.local/lib/python3.7/site-packages/airflow/example_dags/example_short_circuit_operator.py
[2025-03-11T05:56:19.558+0000] {processor.py:753} INFO - DAG(s) dict_keys(['example_short_circuit_operator']) retrieved from /home/airflow/.local/lib/python3.7/site-packages/airflow/example_dags/example_short_circuit_operator.py
[2025-03-11T05:56:19.588+0000] {logging_mixin.py:137} INFO - [2025-03-11T05:56:19.588+0000] {dag.py:2676} INFO - Sync 1 DAGs
[2025-03-11T05:56:19.606+0000] {logging_mixin.py:137} INFO - [2025-03-11T05:56:19.606+0000] {dag.py:3427} INFO - Setting next_dagrun for example_short_circuit_operator to 2025-03-10T05:56:19.605824+00:00, run_after=2025-03-11T05:56:19.605824+00:00
[2025-03-11T05:56:19.618+0000] {processor.py:175} INFO - Processing /home/airflow/.local/lib/python3.7/site-packages/airflow/example_dags/example_short_circuit_operator.py took 0.077 seconds
[2025-03-11T05:56:50.252+0000] {processor.py:153} INFO - Started process (PID=381) to work on /home/airflow/.local/lib/python3.7/site-packages/airflow/example_dags/example_short_circuit_operator.py
[2025-03-11T05:56:50.253+0000] {processor.py:743} INFO - Processing file /home/airflow/.local/lib/python3.7/site-packages/airflow/example_dags/example_short_circuit_operator.py for tasks to queue
[2025-03-11T05:56:50.254+0000] {logging_mixin.py:137} INFO - [2025-03-11T05:56:50.253+0000] {dagbag.py:538} INFO - Filling up the DagBag from /home/airflow/.local/lib/python3.7/site-packages/airflow/example_dags/example_short_circuit_operator.py
[2025-03-11T05:56:50.267+0000] {processor.py:753} INFO - DAG(s) dict_keys(['example_short_circuit_operator']) retrieved from /home/airflow/.local/lib/python3.7/site-packages/airflow/example_dags/example_short_circuit_operator.py
[2025-03-11T05:56:50.294+0000] {logging_mixin.py:137} INFO - [2025-03-11T05:56:50.293+0000] {dag.py:2676} INFO - Sync 1 DAGs
[2025-03-11T05:56:50.311+0000] {logging_mixin.py:137} INFO - [2025-03-11T05:56:50.311+0000] {dag.py:3427} INFO - Setting next_dagrun for example_short_circuit_operator to 2025-03-10T05:56:50.311167+00:00, run_after=2025-03-11T05:56:50.311167+00:00
[2025-03-11T05:56:50.325+0000] {processor.py:175} INFO - Processing /home/airflow/.local/lib/python3.7/site-packages/airflow/example_dags/example_short_circuit_operator.py took 0.074 seconds
[2025-03-11T05:57:20.636+0000] {processor.py:153} INFO - Started process (PID=420) to work on /home/airflow/.local/lib/python3.7/site-packages/airflow/example_dags/example_short_circuit_operator.py
[2025-03-11T05:57:20.636+0000] {processor.py:743} INFO - Processing file /home/airflow/.local/lib/python3.7/site-packages/airflow/example_dags/example_short_circuit_operator.py for tasks to queue
[2025-03-11T05:57:20.637+0000] {logging_mixin.py:137} INFO - [2025-03-11T05:57:20.637+0000] {dagbag.py:538} INFO - Filling up the DagBag from /home/airflow/.local/lib/python3.7/site-packages/airflow/example_dags/example_short_circuit_operator.py
[2025-03-11T05:57:20.650+0000] {processor.py:753} INFO - DAG(s) dict_keys(['example_short_circuit_operator']) retrieved from /home/airflow/.local/lib/python3.7/site-packages/airflow/example_dags/example_short_circuit_operator.py
[2025-03-11T05:57:20.676+0000] {logging_mixin.py:137} INFO - [2025-03-11T05:57:20.676+0000] {dag.py:2676} INFO - Sync 1 DAGs
[2025-03-11T05:57:20.695+0000] {logging_mixin.py:137} INFO - [2025-03-11T05:57:20.695+0000] {dag.py:3427} INFO - Setting next_dagrun for example_short_circuit_operator to 2025-03-10T05:57:20.694771+00:00, run_after=2025-03-11T05:57:20.694771+00:00
[2025-03-11T05:57:20.708+0000] {processor.py:175} INFO - Processing /home/airflow/.local/lib/python3.7/site-packages/airflow/example_dags/example_short_circuit_operator.py took 0.074 seconds
[2025-03-11T05:57:51.296+0000] {processor.py:153} INFO - Started process (PID=459) to work on /home/airflow/.local/lib/python3.7/site-packages/airflow/example_dags/example_short_circuit_operator.py
[2025-03-11T05:57:51.297+0000] {processor.py:743} INFO - Processing file /home/airflow/.local/lib/python3.7/site-packages/airflow/example_dags/example_short_circuit_operator.py for tasks to queue
[2025-03-11T05:57:51.297+0000] {logging_mixin.py:137} INFO - [2025-03-11T05:57:51.297+0000] {dagbag.py:538} INFO - Filling up the DagBag from /home/airflow/.local/lib/python3.7/site-packages/airflow/example_dags/example_short_circuit_operator.py
[2025-03-11T05:57:51.313+0000] {processor.py:753} INFO - DAG(s) dict_keys(['example_short_circuit_operator']) retrieved from /home/airflow/.local/lib/python3.7/site-packages/airflow/example_dags/example_short_circuit_operator.py
[2025-03-11T05:57:51.347+0000] {logging_mixin.py:137} INFO - [2025-03-11T05:57:51.347+0000] {dag.py:2676} INFO - Sync 1 DAGs
[2025-03-11T05:57:51.366+0000] {logging_mixin.py:137} INFO - [2025-03-11T05:57:51.366+0000] {dag.py:3427} INFO - Setting next_dagrun for example_short_circuit_operator to 2025-03-10T05:57:51.365696+00:00, run_after=2025-03-11T05:57:51.365696+00:00
[2025-03-11T05:57:51.383+0000] {processor.py:175} INFO - Processing /home/airflow/.local/lib/python3.7/site-packages/airflow/example_dags/example_short_circuit_operator.py took 0.089 seconds
[2025-03-11T05:58:21.681+0000] {processor.py:153} INFO - Started process (PID=498) to work on /home/airflow/.local/lib/python3.7/site-packages/airflow/example_dags/example_short_circuit_operator.py
[2025-03-11T05:58:21.681+0000] {processor.py:743} INFO - Processing file /home/airflow/.local/lib/python3.7/site-packages/airflow/example_dags/example_short_circuit_operator.py for tasks to queue
[2025-03-11T05:58:21.682+0000] {logging_mixin.py:137} INFO - [2025-03-11T05:58:21.682+0000] {dagbag.py:538} INFO - Filling up the DagBag from /home/airflow/.local/lib/python3.7/site-packages/airflow/example_dags/example_short_circuit_operator.py
[2025-03-11T05:58:21.695+0000] {processor.py:753} INFO - DAG(s) dict_keys(['example_short_circuit_operator']) retrieved from /home/airflow/.local/lib/python3.7/site-packages/airflow/example_dags/example_short_circuit_operator.py
[2025-03-11T05:58:21.722+0000] {logging_mixin.py:137} INFO - [2025-03-11T05:58:21.722+0000] {dag.py:2676} INFO - Sync 1 DAGs
[2025-03-11T05:58:21.740+0000] {logging_mixin.py:137} INFO - [2025-03-11T05:58:21.740+0000] {dag.py:3427} INFO - Setting next_dagrun for example_short_circuit_operator to 2025-03-10T05:58:21.739912+00:00, run_after=2025-03-11T05:58:21.739912+00:00
[2025-03-11T05:58:21.754+0000] {processor.py:175} INFO - Processing /home/airflow/.local/lib/python3.7/site-packages/airflow/example_dags/example_short_circuit_operator.py took 0.076 seconds
[2025-03-11T05:58:52.130+0000] {processor.py:153} INFO - Started process (PID=537) to work on /home/airflow/.local/lib/python3.7/site-packages/airflow/example_dags/example_short_circuit_operator.py
[2025-03-11T05:58:52.131+0000] {processor.py:743} INFO - Processing file /home/airflow/.local/lib/python3.7/site-packages/airflow/example_dags/example_short_circuit_operator.py for tasks to queue
[2025-03-11T05:58:52.131+0000] {logging_mixin.py:137} INFO - [2025-03-11T05:58:52.131+0000] {dagbag.py:538} INFO - Filling up the DagBag from /home/airflow/.local/lib/python3.7/site-packages/airflow/example_dags/example_short_circuit_operator.py
[2025-03-11T05:58:52.145+0000] {processor.py:753} INFO - DAG(s) dict_keys(['example_short_circuit_operator']) retrieved from /home/airflow/.local/lib/python3.7/site-packages/airflow/example_dags/example_short_circuit_operator.py
[2025-03-11T05:58:52.171+0000] {logging_mixin.py:137} INFO - [2025-03-11T05:58:52.171+0000] {dag.py:2676} INFO - Sync 1 DAGs
[2025-03-11T05:58:52.189+0000] {logging_mixin.py:137} INFO - [2025-03-11T05:58:52.189+0000] {dag.py:3427} INFO - Setting next_dagrun for example_short_circuit_operator to 2025-03-10T05:58:52.188874+00:00, run_after=2025-03-11T05:58:52.188874+00:00
[2025-03-11T05:58:52.202+0000] {processor.py:175} INFO - Processing /home/airflow/.local/lib/python3.7/site-packages/airflow/example_dags/example_short_circuit_operator.py took 0.074 seconds
[2025-03-11T05:59:22.776+0000] {processor.py:153} INFO - Started process (PID=576) to work on /home/airflow/.local/lib/python3.7/site-packages/airflow/example_dags/example_short_circuit_operator.py
[2025-03-11T05:59:22.777+0000] {processor.py:743} INFO - Processing file /home/airflow/.local/lib/python3.7/site-packages/airflow/example_dags/example_short_circuit_operator.py for tasks to queue
[2025-03-11T05:59:22.777+0000] {logging_mixin.py:137} INFO - [2025-03-11T05:59:22.777+0000] {dagbag.py:538} INFO - Filling up the DagBag from /home/airflow/.local/lib/python3.7/site-packages/airflow/example_dags/example_short_circuit_operator.py
[2025-03-11T05:59:22.793+0000] {processor.py:753} INFO - DAG(s) dict_keys(['example_short_circuit_operator']) retrieved from /home/airflow/.local/lib/python3.7/site-packages/airflow/example_dags/example_short_circuit_operator.py
[2025-03-11T05:59:22.828+0000] {logging_mixin.py:137} INFO - [2025-03-11T05:59:22.828+0000] {dag.py:2676} INFO - Sync 1 DAGs
[2025-03-11T05:59:22.850+0000] {logging_mixin.py:137} INFO - [2025-03-11T05:59:22.850+0000] {dag.py:3427} INFO - Setting next_dagrun for example_short_circuit_operator to 2025-03-10T05:59:22.849538+00:00, run_after=2025-03-11T05:59:22.849538+00:00
[2025-03-11T05:59:22.876+0000] {processor.py:175} INFO - Processing /home/airflow/.local/lib/python3.7/site-packages/airflow/example_dags/example_short_circuit_operator.py took 0.102 seconds
[2025-03-11T05:59:53.302+0000] {processor.py:153} INFO - Started process (PID=615) to work on /home/airflow/.local/lib/python3.7/site-packages/airflow/example_dags/example_short_circuit_operator.py
[2025-03-11T05:59:53.303+0000] {processor.py:743} INFO - Processing file /home/airflow/.local/lib/python3.7/site-packages/airflow/example_dags/example_short_circuit_operator.py for tasks to queue
[2025-03-11T05:59:53.303+0000] {logging_mixin.py:137} INFO - [2025-03-11T05:59:53.303+0000] {dagbag.py:538} INFO - Filling up the DagBag from /home/airflow/.local/lib/python3.7/site-packages/airflow/example_dags/example_short_circuit_operator.py
[2025-03-11T05:59:53.317+0000] {processor.py:753} INFO - DAG(s) dict_keys(['example_short_circuit_operator']) retrieved from /home/airflow/.local/lib/python3.7/site-packages/airflow/example_dags/example_short_circuit_operator.py
[2025-03-11T05:59:53.345+0000] {logging_mixin.py:137} INFO - [2025-03-11T05:59:53.345+0000] {dag.py:2676} INFO - Sync 1 DAGs
[2025-03-11T05:59:53.362+0000] {logging_mixin.py:137} INFO - [2025-03-11T05:59:53.362+0000] {dag.py:3427} INFO - Setting next_dagrun for example_short_circuit_operator to 2025-03-10T05:59:53.362307+00:00, run_after=2025-03-11T05:59:53.362307+00:00
[2025-03-11T05:59:53.374+0000] {processor.py:175} INFO - Processing /home/airflow/.local/lib/python3.7/site-packages/airflow/example_dags/example_short_circuit_operator.py took 0.074 seconds
[2025-03-11T06:00:23.851+0000] {processor.py:153} INFO - Started process (PID=654) to work on /home/airflow/.local/lib/python3.7/site-packages/airflow/example_dags/example_short_circuit_operator.py
[2025-03-11T06:00:23.852+0000] {processor.py:743} INFO - Processing file /home/airflow/.local/lib/python3.7/site-packages/airflow/example_dags/example_short_circuit_operator.py for tasks to queue
[2025-03-11T06:00:23.852+0000] {logging_mixin.py:137} INFO - [2025-03-11T06:00:23.852+0000] {dagbag.py:538} INFO - Filling up the DagBag from /home/airflow/.local/lib/python3.7/site-packages/airflow/example_dags/example_short_circuit_operator.py
[2025-03-11T06:00:23.869+0000] {processor.py:753} INFO - DAG(s) dict_keys(['example_short_circuit_operator']) retrieved from /home/airflow/.local/lib/python3.7/site-packages/airflow/example_dags/example_short_circuit_operator.py
[2025-03-11T06:00:23.900+0000] {logging_mixin.py:137} INFO - [2025-03-11T06:00:23.900+0000] {dag.py:2676} INFO - Sync 1 DAGs
[2025-03-11T06:00:23.922+0000] {logging_mixin.py:137} INFO - [2025-03-11T06:00:23.922+0000] {dag.py:3427} INFO - Setting next_dagrun for example_short_circuit_operator to 2025-03-10T06:00:23.921703+00:00, run_after=2025-03-11T06:00:23.921703+00:00
[2025-03-11T06:00:23.943+0000] {processor.py:175} INFO - Processing /home/airflow/.local/lib/python3.7/site-packages/airflow/example_dags/example_short_circuit_operator.py took 0.094 seconds
[2025-03-11T06:00:54.553+0000] {processor.py:153} INFO - Started process (PID=693) to work on /home/airflow/.local/lib/python3.7/site-packages/airflow/example_dags/example_short_circuit_operator.py
[2025-03-11T06:00:54.554+0000] {processor.py:743} INFO - Processing file /home/airflow/.local/lib/python3.7/site-packages/airflow/example_dags/example_short_circuit_operator.py for tasks to queue
[2025-03-11T06:00:54.554+0000] {logging_mixin.py:137} INFO - [2025-03-11T06:00:54.554+0000] {dagbag.py:538} INFO - Filling up the DagBag from /home/airflow/.local/lib/python3.7/site-packages/airflow/example_dags/example_short_circuit_operator.py
[2025-03-11T06:00:54.569+0000] {processor.py:753} INFO - DAG(s) dict_keys(['example_short_circuit_operator']) retrieved from /home/airflow/.local/lib/python3.7/site-packages/airflow/example_dags/example_short_circuit_operator.py
[2025-03-11T06:00:54.608+0000] {logging_mixin.py:137} INFO - [2025-03-11T06:00:54.608+0000] {dag.py:2676} INFO - Sync 1 DAGs
[2025-03-11T06:00:54.633+0000] {logging_mixin.py:137} INFO - [2025-03-11T06:00:54.633+0000] {dag.py:3427} INFO - Setting next_dagrun for example_short_circuit_operator to 2025-03-10T06:00:54.632559+00:00, run_after=2025-03-11T06:00:54.632559+00:00
[2025-03-11T06:00:54.652+0000] {processor.py:175} INFO - Processing /home/airflow/.local/lib/python3.7/site-packages/airflow/example_dags/example_short_circuit_operator.py took 0.101 seconds
[2025-03-11T06:01:24.995+0000] {processor.py:153} INFO - Started process (PID=732) to work on /home/airflow/.local/lib/python3.7/site-packages/airflow/example_dags/example_short_circuit_operator.py
[2025-03-11T06:01:24.996+0000] {processor.py:743} INFO - Processing file /home/airflow/.local/lib/python3.7/site-packages/airflow/example_dags/example_short_circuit_operator.py for tasks to queue
[2025-03-11T06:01:24.996+0000] {logging_mixin.py:137} INFO - [2025-03-11T06:01:24.996+0000] {dagbag.py:538} INFO - Filling up the DagBag from /home/airflow/.local/lib/python3.7/site-packages/airflow/example_dags/example_short_circuit_operator.py
[2025-03-11T06:01:25.011+0000] {processor.py:753} INFO - DAG(s) dict_keys(['example_short_circuit_operator']) retrieved from /home/airflow/.local/lib/python3.7/site-packages/airflow/example_dags/example_short_circuit_operator.py
[2025-03-11T06:01:25.042+0000] {logging_mixin.py:137} INFO - [2025-03-11T06:01:25.042+0000] {dag.py:2676} INFO - Sync 1 DAGs
[2025-03-11T06:01:25.062+0000] {logging_mixin.py:137} INFO - [2025-03-11T06:01:25.062+0000] {dag.py:3427} INFO - Setting next_dagrun for example_short_circuit_operator to 2025-03-10T06:01:25.062064+00:00, run_after=2025-03-11T06:01:25.062064+00:00
[2025-03-11T06:01:25.079+0000] {processor.py:175} INFO - Processing /home/airflow/.local/lib/python3.7/site-packages/airflow/example_dags/example_short_circuit_operator.py took 0.086 seconds
[2025-03-11T06:01:55.261+0000] {processor.py:153} INFO - Started process (PID=771) to work on /home/airflow/.local/lib/python3.7/site-packages/airflow/example_dags/example_short_circuit_operator.py
[2025-03-11T06:01:55.262+0000] {processor.py:743} INFO - Processing file /home/airflow/.local/lib/python3.7/site-packages/airflow/example_dags/example_short_circuit_operator.py for tasks to queue
[2025-03-11T06:01:55.263+0000] {logging_mixin.py:137} INFO - [2025-03-11T06:01:55.262+0000] {dagbag.py:538} INFO - Filling up the DagBag from /home/airflow/.local/lib/python3.7/site-packages/airflow/example_dags/example_short_circuit_operator.py
[2025-03-11T06:01:55.277+0000] {processor.py:753} INFO - DAG(s) dict_keys(['example_short_circuit_operator']) retrieved from /home/airflow/.local/lib/python3.7/site-packages/airflow/example_dags/example_short_circuit_operator.py
[2025-03-11T06:01:55.313+0000] {logging_mixin.py:137} INFO - [2025-03-11T06:01:55.313+0000] {dag.py:2676} INFO - Sync 1 DAGs
[2025-03-11T06:01:55.335+0000] {logging_mixin.py:137} INFO - [2025-03-11T06:01:55.335+0000] {dag.py:3427} INFO - Setting next_dagrun for example_short_circuit_operator to 2025-03-10T06:01:55.334652+00:00, run_after=2025-03-11T06:01:55.334652+00:00
[2025-03-11T06:01:55.349+0000] {processor.py:175} INFO - Processing /home/airflow/.local/lib/python3.7/site-packages/airflow/example_dags/example_short_circuit_operator.py took 0.090 seconds
[2025-03-11T06:02:26.252+0000] {processor.py:153} INFO - Started process (PID=810) to work on /home/airflow/.local/lib/python3.7/site-packages/airflow/example_dags/example_short_circuit_operator.py
[2025-03-11T06:02:26.253+0000] {processor.py:743} INFO - Processing file /home/airflow/.local/lib/python3.7/site-packages/airflow/example_dags/example_short_circuit_operator.py for tasks to queue
[2025-03-11T06:02:26.253+0000] {logging_mixin.py:137} INFO - [2025-03-11T06:02:26.253+0000] {dagbag.py:538} INFO - Filling up the DagBag from /home/airflow/.local/lib/python3.7/site-packages/airflow/example_dags/example_short_circuit_operator.py
[2025-03-11T06:02:26.266+0000] {processor.py:753} INFO - DAG(s) dict_keys(['example_short_circuit_operator']) retrieved from /home/airflow/.local/lib/python3.7/site-packages/airflow/example_dags/example_short_circuit_operator.py
[2025-03-11T06:02:26.294+0000] {logging_mixin.py:137} INFO - [2025-03-11T06:02:26.294+0000] {dag.py:2676} INFO - Sync 1 DAGs
[2025-03-11T06:02:26.311+0000] {logging_mixin.py:137} INFO - [2025-03-11T06:02:26.311+0000] {dag.py:3427} INFO - Setting next_dagrun for example_short_circuit_operator to 2025-03-10T06:02:26.311267+00:00, run_after=2025-03-11T06:02:26.311267+00:00
[2025-03-11T06:02:26.323+0000] {processor.py:175} INFO - Processing /home/airflow/.local/lib/python3.7/site-packages/airflow/example_dags/example_short_circuit_operator.py took 0.074 seconds
[2025-03-11T06:02:56.759+0000] {processor.py:153} INFO - Started process (PID=849) to work on /home/airflow/.local/lib/python3.7/site-packages/airflow/example_dags/example_short_circuit_operator.py
[2025-03-11T06:02:56.759+0000] {processor.py:743} INFO - Processing file /home/airflow/.local/lib/python3.7/site-packages/airflow/example_dags/example_short_circuit_operator.py for tasks to queue
[2025-03-11T06:02:56.760+0000] {logging_mixin.py:137} INFO - [2025-03-11T06:02:56.759+0000] {dagbag.py:538} INFO - Filling up the DagBag from /home/airflow/.local/lib/python3.7/site-packages/airflow/example_dags/example_short_circuit_operator.py
[2025-03-11T06:02:56.775+0000] {processor.py:753} INFO - DAG(s) dict_keys(['example_short_circuit_operator']) retrieved from /home/airflow/.local/lib/python3.7/site-packages/airflow/example_dags/example_short_circuit_operator.py
[2025-03-11T06:02:56.803+0000] {logging_mixin.py:137} INFO - [2025-03-11T06:02:56.803+0000] {dag.py:2676} INFO - Sync 1 DAGs
[2025-03-11T06:02:56.825+0000] {logging_mixin.py:137} INFO - [2025-03-11T06:02:56.825+0000] {dag.py:3427} INFO - Setting next_dagrun for example_short_circuit_operator to 2025-03-10T06:02:56.824421+00:00, run_after=2025-03-11T06:02:56.824421+00:00
[2025-03-11T06:02:56.838+0000] {processor.py:175} INFO - Processing /home/airflow/.local/lib/python3.7/site-packages/airflow/example_dags/example_short_circuit_operator.py took 0.082 seconds
[2025-03-11T06:03:27.196+0000] {processor.py:153} INFO - Started process (PID=888) to work on /home/airflow/.local/lib/python3.7/site-packages/airflow/example_dags/example_short_circuit_operator.py
[2025-03-11T06:03:27.197+0000] {processor.py:743} INFO - Processing file /home/airflow/.local/lib/python3.7/site-packages/airflow/example_dags/example_short_circuit_operator.py for tasks to queue
[2025-03-11T06:03:27.198+0000] {logging_mixin.py:137} INFO - [2025-03-11T06:03:27.198+0000] {dagbag.py:538} INFO - Filling up the DagBag from /home/airflow/.local/lib/python3.7/site-packages/airflow/example_dags/example_short_circuit_operator.py
[2025-03-11T06:03:27.214+0000] {processor.py:753} INFO - DAG(s) dict_keys(['example_short_circuit_operator']) retrieved from /home/airflow/.local/lib/python3.7/site-packages/airflow/example_dags/example_short_circuit_operator.py
[2025-03-11T06:03:27.249+0000] {logging_mixin.py:137} INFO - [2025-03-11T06:03:27.249+0000] {dag.py:2676} INFO - Sync 1 DAGs
[2025-03-11T06:03:27.272+0000] {logging_mixin.py:137} INFO - [2025-03-11T06:03:27.272+0000] {dag.py:3427} INFO - Setting next_dagrun for example_short_circuit_operator to 2025-03-10T06:03:27.271800+00:00, run_after=2025-03-11T06:03:27.271800+00:00
[2025-03-11T06:03:27.289+0000] {processor.py:175} INFO - Processing /home/airflow/.local/lib/python3.7/site-packages/airflow/example_dags/example_short_circuit_operator.py took 0.095 seconds
[2025-03-11T06:03:57.611+0000] {processor.py:153} INFO - Started process (PID=927) to work on /home/airflow/.local/lib/python3.7/site-packages/airflow/example_dags/example_short_circuit_operator.py
[2025-03-11T06:03:57.611+0000] {processor.py:743} INFO - Processing file /home/airflow/.local/lib/python3.7/site-packages/airflow/example_dags/example_short_circuit_operator.py for tasks to queue
[2025-03-11T06:03:57.612+0000] {logging_mixin.py:137} INFO - [2025-03-11T06:03:57.612+0000] {dagbag.py:538} INFO - Filling up the DagBag from /home/airflow/.local/lib/python3.7/site-packages/airflow/example_dags/example_short_circuit_operator.py
[2025-03-11T06:03:57.625+0000] {processor.py:753} INFO - DAG(s) dict_keys(['example_short_circuit_operator']) retrieved from /home/airflow/.local/lib/python3.7/site-packages/airflow/example_dags/example_short_circuit_operator.py
[2025-03-11T06:03:57.652+0000] {logging_mixin.py:137} INFO - [2025-03-11T06:03:57.652+0000] {dag.py:2676} INFO - Sync 1 DAGs
[2025-03-11T06:03:57.670+0000] {logging_mixin.py:137} INFO - [2025-03-11T06:03:57.670+0000] {dag.py:3427} INFO - Setting next_dagrun for example_short_circuit_operator to 2025-03-10T06:03:57.670194+00:00, run_after=2025-03-11T06:03:57.670194+00:00
[2025-03-11T06:03:57.683+0000] {processor.py:175} INFO - Processing /home/airflow/.local/lib/python3.7/site-packages/airflow/example_dags/example_short_circuit_operator.py took 0.074 seconds
[2025-03-11T06:04:28.062+0000] {processor.py:153} INFO - Started process (PID=966) to work on /home/airflow/.local/lib/python3.7/site-packages/airflow/example_dags/example_short_circuit_operator.py
[2025-03-11T06:04:28.063+0000] {processor.py:743} INFO - Processing file /home/airflow/.local/lib/python3.7/site-packages/airflow/example_dags/example_short_circuit_operator.py for tasks to queue
[2025-03-11T06:04:28.063+0000] {logging_mixin.py:137} INFO - [2025-03-11T06:04:28.063+0000] {dagbag.py:538} INFO - Filling up the DagBag from /home/airflow/.local/lib/python3.7/site-packages/airflow/example_dags/example_short_circuit_operator.py
[2025-03-11T06:04:28.077+0000] {processor.py:753} INFO - DAG(s) dict_keys(['example_short_circuit_operator']) retrieved from /home/airflow/.local/lib/python3.7/site-packages/airflow/example_dags/example_short_circuit_operator.py
[2025-03-11T06:04:28.104+0000] {logging_mixin.py:137} INFO - [2025-03-11T06:04:28.103+0000] {dag.py:2676} INFO - Sync 1 DAGs
[2025-03-11T06:04:28.123+0000] {logging_mixin.py:137} INFO - [2025-03-11T06:04:28.123+0000] {dag.py:3427} INFO - Setting next_dagrun for example_short_circuit_operator to 2025-03-10T06:04:28.123153+00:00, run_after=2025-03-11T06:04:28.123153+00:00
[2025-03-11T06:04:28.136+0000] {processor.py:175} INFO - Processing /home/airflow/.local/lib/python3.7/site-packages/airflow/example_dags/example_short_circuit_operator.py took 0.076 seconds
[2025-03-11T06:04:58.454+0000] {processor.py:153} INFO - Started process (PID=1005) to work on /home/airflow/.local/lib/python3.7/site-packages/airflow/example_dags/example_short_circuit_operator.py
[2025-03-11T06:04:58.455+0000] {processor.py:743} INFO - Processing file /home/airflow/.local/lib/python3.7/site-packages/airflow/example_dags/example_short_circuit_operator.py for tasks to queue
[2025-03-11T06:04:58.455+0000] {logging_mixin.py:137} INFO - [2025-03-11T06:04:58.455+0000] {dagbag.py:538} INFO - Filling up the DagBag from /home/airflow/.local/lib/python3.7/site-packages/airflow/example_dags/example_short_circuit_operator.py
[2025-03-11T06:04:58.469+0000] {processor.py:753} INFO - DAG(s) dict_keys(['example_short_circuit_operator']) retrieved from /home/airflow/.local/lib/python3.7/site-packages/airflow/example_dags/example_short_circuit_operator.py
[2025-03-11T06:04:58.496+0000] {logging_mixin.py:137} INFO - [2025-03-11T06:04:58.496+0000] {dag.py:2676} INFO - Sync 1 DAGs
[2025-03-11T06:04:58.515+0000] {logging_mixin.py:137} INFO - [2025-03-11T06:04:58.515+0000] {dag.py:3427} INFO - Setting next_dagrun for example_short_circuit_operator to 2025-03-10T06:04:58.514898+00:00, run_after=2025-03-11T06:04:58.514898+00:00
[2025-03-11T06:04:58.527+0000] {processor.py:175} INFO - Processing /home/airflow/.local/lib/python3.7/site-packages/airflow/example_dags/example_short_circuit_operator.py took 0.075 seconds
[2025-03-11T06:05:28.900+0000] {processor.py:153} INFO - Started process (PID=1044) to work on /home/airflow/.local/lib/python3.7/site-packages/airflow/example_dags/example_short_circuit_operator.py
[2025-03-11T06:05:28.900+0000] {processor.py:743} INFO - Processing file /home/airflow/.local/lib/python3.7/site-packages/airflow/example_dags/example_short_circuit_operator.py for tasks to queue
[2025-03-11T06:05:28.901+0000] {logging_mixin.py:137} INFO - [2025-03-11T06:05:28.901+0000] {dagbag.py:538} INFO - Filling up the DagBag from /home/airflow/.local/lib/python3.7/site-packages/airflow/example_dags/example_short_circuit_operator.py
[2025-03-11T06:05:28.917+0000] {processor.py:753} INFO - DAG(s) dict_keys(['example_short_circuit_operator']) retrieved from /home/airflow/.local/lib/python3.7/site-packages/airflow/example_dags/example_short_circuit_operator.py
[2025-03-11T06:05:28.950+0000] {logging_mixin.py:137} INFO - [2025-03-11T06:05:28.950+0000] {dag.py:2676} INFO - Sync 1 DAGs
[2025-03-11T06:05:28.971+0000] {logging_mixin.py:137} INFO - [2025-03-11T06:05:28.971+0000] {dag.py:3427} INFO - Setting next_dagrun for example_short_circuit_operator to 2025-03-10T06:05:28.970697+00:00, run_after=2025-03-11T06:05:28.970697+00:00
[2025-03-11T06:05:28.991+0000] {processor.py:175} INFO - Processing /home/airflow/.local/lib/python3.7/site-packages/airflow/example_dags/example_short_circuit_operator.py took 0.094 seconds
[2025-03-11T06:05:59.398+0000] {processor.py:153} INFO - Started process (PID=1083) to work on /home/airflow/.local/lib/python3.7/site-packages/airflow/example_dags/example_short_circuit_operator.py
[2025-03-11T06:05:59.398+0000] {processor.py:743} INFO - Processing file /home/airflow/.local/lib/python3.7/site-packages/airflow/example_dags/example_short_circuit_operator.py for tasks to queue
[2025-03-11T06:05:59.399+0000] {logging_mixin.py:137} INFO - [2025-03-11T06:05:59.399+0000] {dagbag.py:538} INFO - Filling up the DagBag from /home/airflow/.local/lib/python3.7/site-packages/airflow/example_dags/example_short_circuit_operator.py
[2025-03-11T06:05:59.412+0000] {processor.py:753} INFO - DAG(s) dict_keys(['example_short_circuit_operator']) retrieved from /home/airflow/.local/lib/python3.7/site-packages/airflow/example_dags/example_short_circuit_operator.py
[2025-03-11T06:05:59.439+0000] {logging_mixin.py:137} INFO - [2025-03-11T06:05:59.439+0000] {dag.py:2676} INFO - Sync 1 DAGs
[2025-03-11T06:05:59.457+0000] {logging_mixin.py:137} INFO - [2025-03-11T06:05:59.457+0000] {dag.py:3427} INFO - Setting next_dagrun for example_short_circuit_operator to 2025-03-10T06:05:59.457172+00:00, run_after=2025-03-11T06:05:59.457172+00:00
[2025-03-11T06:05:59.470+0000] {processor.py:175} INFO - Processing /home/airflow/.local/lib/python3.7/site-packages/airflow/example_dags/example_short_circuit_operator.py took 0.074 seconds
[2025-03-11T06:06:29.779+0000] {processor.py:153} INFO - Started process (PID=1122) to work on /home/airflow/.local/lib/python3.7/site-packages/airflow/example_dags/example_short_circuit_operator.py
[2025-03-11T06:06:29.779+0000] {processor.py:743} INFO - Processing file /home/airflow/.local/lib/python3.7/site-packages/airflow/example_dags/example_short_circuit_operator.py for tasks to queue
[2025-03-11T06:06:29.780+0000] {logging_mixin.py:137} INFO - [2025-03-11T06:06:29.780+0000] {dagbag.py:538} INFO - Filling up the DagBag from /home/airflow/.local/lib/python3.7/site-packages/airflow/example_dags/example_short_circuit_operator.py
[2025-03-11T06:06:29.796+0000] {processor.py:753} INFO - DAG(s) dict_keys(['example_short_circuit_operator']) retrieved from /home/airflow/.local/lib/python3.7/site-packages/airflow/example_dags/example_short_circuit_operator.py
[2025-03-11T06:06:29.827+0000] {logging_mixin.py:137} INFO - [2025-03-11T06:06:29.827+0000] {dag.py:2676} INFO - Sync 1 DAGs
[2025-03-11T06:06:29.847+0000] {logging_mixin.py:137} INFO - [2025-03-11T06:06:29.847+0000] {dag.py:3427} INFO - Setting next_dagrun for example_short_circuit_operator to 2025-03-10T06:06:29.846708+00:00, run_after=2025-03-11T06:06:29.846708+00:00
[2025-03-11T06:06:29.862+0000] {processor.py:175} INFO - Processing /home/airflow/.local/lib/python3.7/site-packages/airflow/example_dags/example_short_circuit_operator.py took 0.086 seconds
[2025-03-11T06:07:00.172+0000] {processor.py:153} INFO - Started process (PID=1161) to work on /home/airflow/.local/lib/python3.7/site-packages/airflow/example_dags/example_short_circuit_operator.py
[2025-03-11T06:07:00.172+0000] {processor.py:743} INFO - Processing file /home/airflow/.local/lib/python3.7/site-packages/airflow/example_dags/example_short_circuit_operator.py for tasks to queue
[2025-03-11T06:07:00.173+0000] {logging_mixin.py:137} INFO - [2025-03-11T06:07:00.172+0000] {dagbag.py:538} INFO - Filling up the DagBag from /home/airflow/.local/lib/python3.7/site-packages/airflow/example_dags/example_short_circuit_operator.py
[2025-03-11T06:07:00.186+0000] {processor.py:753} INFO - DAG(s) dict_keys(['example_short_circuit_operator']) retrieved from /home/airflow/.local/lib/python3.7/site-packages/airflow/example_dags/example_short_circuit_operator.py
[2025-03-11T06:07:00.214+0000] {logging_mixin.py:137} INFO - [2025-03-11T06:07:00.214+0000] {dag.py:2676} INFO - Sync 1 DAGs
[2025-03-11T06:07:00.233+0000] {logging_mixin.py:137} INFO - [2025-03-11T06:07:00.233+0000] {dag.py:3427} INFO - Setting next_dagrun for example_short_circuit_operator to 2025-03-10T06:07:00.233331+00:00, run_after=2025-03-11T06:07:00.233331+00:00
[2025-03-11T06:07:00.246+0000] {processor.py:175} INFO - Processing /home/airflow/.local/lib/python3.7/site-packages/airflow/example_dags/example_short_circuit_operator.py took 0.076 seconds
[2025-03-11T06:07:30.608+0000] {processor.py:153} INFO - Started process (PID=1200) to work on /home/airflow/.local/lib/python3.7/site-packages/airflow/example_dags/example_short_circuit_operator.py
[2025-03-11T06:07:30.608+0000] {processor.py:743} INFO - Processing file /home/airflow/.local/lib/python3.7/site-packages/airflow/example_dags/example_short_circuit_operator.py for tasks to queue
[2025-03-11T06:07:30.609+0000] {logging_mixin.py:137} INFO - [2025-03-11T06:07:30.609+0000] {dagbag.py:538} INFO - Filling up the DagBag from /home/airflow/.local/lib/python3.7/site-packages/airflow/example_dags/example_short_circuit_operator.py
[2025-03-11T06:07:30.622+0000] {processor.py:753} INFO - DAG(s) dict_keys(['example_short_circuit_operator']) retrieved from /home/airflow/.local/lib/python3.7/site-packages/airflow/example_dags/example_short_circuit_operator.py
[2025-03-11T06:07:30.650+0000] {logging_mixin.py:137} INFO - [2025-03-11T06:07:30.650+0000] {dag.py:2676} INFO - Sync 1 DAGs
[2025-03-11T06:07:30.667+0000] {logging_mixin.py:137} INFO - [2025-03-11T06:07:30.667+0000] {dag.py:3427} INFO - Setting next_dagrun for example_short_circuit_operator to 2025-03-10T06:07:30.667290+00:00, run_after=2025-03-11T06:07:30.667290+00:00
[2025-03-11T06:07:30.680+0000] {processor.py:175} INFO - Processing /home/airflow/.local/lib/python3.7/site-packages/airflow/example_dags/example_short_circuit_operator.py took 0.074 seconds
[2025-03-11T06:08:01.170+0000] {processor.py:153} INFO - Started process (PID=1239) to work on /home/airflow/.local/lib/python3.7/site-packages/airflow/example_dags/example_short_circuit_operator.py
[2025-03-11T06:08:01.172+0000] {processor.py:743} INFO - Processing file /home/airflow/.local/lib/python3.7/site-packages/airflow/example_dags/example_short_circuit_operator.py for tasks to queue
[2025-03-11T06:08:01.173+0000] {logging_mixin.py:137} INFO - [2025-03-11T06:08:01.173+0000] {dagbag.py:538} INFO - Filling up the DagBag from /home/airflow/.local/lib/python3.7/site-packages/airflow/example_dags/example_short_circuit_operator.py
[2025-03-11T06:08:01.189+0000] {processor.py:753} INFO - DAG(s) dict_keys(['example_short_circuit_operator']) retrieved from /home/airflow/.local/lib/python3.7/site-packages/airflow/example_dags/example_short_circuit_operator.py
[2025-03-11T06:08:01.221+0000] {logging_mixin.py:137} INFO - [2025-03-11T06:08:01.221+0000] {dag.py:2676} INFO - Sync 1 DAGs
[2025-03-11T06:08:01.243+0000] {logging_mixin.py:137} INFO - [2025-03-11T06:08:01.243+0000] {dag.py:3427} INFO - Setting next_dagrun for example_short_circuit_operator to 2025-03-10T06:08:01.243199+00:00, run_after=2025-03-11T06:08:01.243199+00:00
[2025-03-11T06:08:01.260+0000] {processor.py:175} INFO - Processing /home/airflow/.local/lib/python3.7/site-packages/airflow/example_dags/example_short_circuit_operator.py took 0.092 seconds
[2025-03-11T06:08:31.640+0000] {processor.py:153} INFO - Started process (PID=1278) to work on /home/airflow/.local/lib/python3.7/site-packages/airflow/example_dags/example_short_circuit_operator.py
[2025-03-11T06:08:31.641+0000] {processor.py:743} INFO - Processing file /home/airflow/.local/lib/python3.7/site-packages/airflow/example_dags/example_short_circuit_operator.py for tasks to queue
[2025-03-11T06:08:31.641+0000] {logging_mixin.py:137} INFO - [2025-03-11T06:08:31.641+0000] {dagbag.py:538} INFO - Filling up the DagBag from /home/airflow/.local/lib/python3.7/site-packages/airflow/example_dags/example_short_circuit_operator.py
[2025-03-11T06:08:31.655+0000] {processor.py:753} INFO - DAG(s) dict_keys(['example_short_circuit_operator']) retrieved from /home/airflow/.local/lib/python3.7/site-packages/airflow/example_dags/example_short_circuit_operator.py
[2025-03-11T06:08:31.683+0000] {logging_mixin.py:137} INFO - [2025-03-11T06:08:31.683+0000] {dag.py:2676} INFO - Sync 1 DAGs
[2025-03-11T06:08:31.701+0000] {logging_mixin.py:137} INFO - [2025-03-11T06:08:31.701+0000] {dag.py:3427} INFO - Setting next_dagrun for example_short_circuit_operator to 2025-03-10T06:08:31.701038+00:00, run_after=2025-03-11T06:08:31.701038+00:00
[2025-03-11T06:08:31.714+0000] {processor.py:175} INFO - Processing /home/airflow/.local/lib/python3.7/site-packages/airflow/example_dags/example_short_circuit_operator.py took 0.076 seconds
[2025-03-11T06:09:02.246+0000] {processor.py:153} INFO - Started process (PID=1317) to work on /home/airflow/.local/lib/python3.7/site-packages/airflow/example_dags/example_short_circuit_operator.py
[2025-03-11T06:09:02.248+0000] {processor.py:743} INFO - Processing file /home/airflow/.local/lib/python3.7/site-packages/airflow/example_dags/example_short_circuit_operator.py for tasks to queue
[2025-03-11T06:09:02.248+0000] {logging_mixin.py:137} INFO - [2025-03-11T06:09:02.248+0000] {dagbag.py:538} INFO - Filling up the DagBag from /home/airflow/.local/lib/python3.7/site-packages/airflow/example_dags/example_short_circuit_operator.py
[2025-03-11T06:09:02.265+0000] {processor.py:753} INFO - DAG(s) dict_keys(['example_short_circuit_operator']) retrieved from /home/airflow/.local/lib/python3.7/site-packages/airflow/example_dags/example_short_circuit_operator.py
[2025-03-11T06:09:02.301+0000] {logging_mixin.py:137} INFO - [2025-03-11T06:09:02.300+0000] {dag.py:2676} INFO - Sync 1 DAGs
[2025-03-11T06:09:02.325+0000] {logging_mixin.py:137} INFO - [2025-03-11T06:09:02.324+0000] {dag.py:3427} INFO - Setting next_dagrun for example_short_circuit_operator to 2025-03-10T06:09:02.324422+00:00, run_after=2025-03-11T06:09:02.324422+00:00
[2025-03-11T06:09:02.347+0000] {processor.py:175} INFO - Processing /home/airflow/.local/lib/python3.7/site-packages/airflow/example_dags/example_short_circuit_operator.py took 0.104 seconds
[2025-03-11T06:09:32.698+0000] {processor.py:153} INFO - Started process (PID=1356) to work on /home/airflow/.local/lib/python3.7/site-packages/airflow/example_dags/example_short_circuit_operator.py
[2025-03-11T06:09:32.699+0000] {processor.py:743} INFO - Processing file /home/airflow/.local/lib/python3.7/site-packages/airflow/example_dags/example_short_circuit_operator.py for tasks to queue
[2025-03-11T06:09:32.699+0000] {logging_mixin.py:137} INFO - [2025-03-11T06:09:32.699+0000] {dagbag.py:538} INFO - Filling up the DagBag from /home/airflow/.local/lib/python3.7/site-packages/airflow/example_dags/example_short_circuit_operator.py
[2025-03-11T06:09:32.717+0000] {processor.py:753} INFO - DAG(s) dict_keys(['example_short_circuit_operator']) retrieved from /home/airflow/.local/lib/python3.7/site-packages/airflow/example_dags/example_short_circuit_operator.py
[2025-03-11T06:09:32.750+0000] {logging_mixin.py:137} INFO - [2025-03-11T06:09:32.749+0000] {dag.py:2676} INFO - Sync 1 DAGs
[2025-03-11T06:09:32.770+0000] {logging_mixin.py:137} INFO - [2025-03-11T06:09:32.770+0000] {dag.py:3427} INFO - Setting next_dagrun for example_short_circuit_operator to 2025-03-10T06:09:32.769988+00:00, run_after=2025-03-11T06:09:32.769988+00:00
[2025-03-11T06:09:32.790+0000] {processor.py:175} INFO - Processing /home/airflow/.local/lib/python3.7/site-packages/airflow/example_dags/example_short_circuit_operator.py took 0.094 seconds
[2025-03-11T06:10:03.194+0000] {processor.py:153} INFO - Started process (PID=1395) to work on /home/airflow/.local/lib/python3.7/site-packages/airflow/example_dags/example_short_circuit_operator.py
[2025-03-11T06:10:03.194+0000] {processor.py:743} INFO - Processing file /home/airflow/.local/lib/python3.7/site-packages/airflow/example_dags/example_short_circuit_operator.py for tasks to queue
[2025-03-11T06:10:03.195+0000] {logging_mixin.py:137} INFO - [2025-03-11T06:10:03.195+0000] {dagbag.py:538} INFO - Filling up the DagBag from /home/airflow/.local/lib/python3.7/site-packages/airflow/example_dags/example_short_circuit_operator.py
[2025-03-11T06:10:03.208+0000] {processor.py:753} INFO - DAG(s) dict_keys(['example_short_circuit_operator']) retrieved from /home/airflow/.local/lib/python3.7/site-packages/airflow/example_dags/example_short_circuit_operator.py
[2025-03-11T06:10:03.236+0000] {logging_mixin.py:137} INFO - [2025-03-11T06:10:03.235+0000] {dag.py:2676} INFO - Sync 1 DAGs
[2025-03-11T06:10:03.254+0000] {logging_mixin.py:137} INFO - [2025-03-11T06:10:03.254+0000] {dag.py:3427} INFO - Setting next_dagrun for example_short_circuit_operator to 2025-03-10T06:10:03.253748+00:00, run_after=2025-03-11T06:10:03.253748+00:00
[2025-03-11T06:10:03.267+0000] {processor.py:175} INFO - Processing /home/airflow/.local/lib/python3.7/site-packages/airflow/example_dags/example_short_circuit_operator.py took 0.076 seconds
