[2025-03-11T05:52:39.526+0000] {processor.py:153} INFO - Started process (PID=45) to work on /home/airflow/.local/lib/python3.7/site-packages/airflow/example_dags/example_latest_only_with_trigger.py
[2025-03-11T05:52:39.532+0000] {processor.py:743} INFO - Processing file /home/airflow/.local/lib/python3.7/site-packages/airflow/example_dags/example_latest_only_with_trigger.py for tasks to queue
[2025-03-11T05:52:39.534+0000] {logging_mixin.py:137} INFO - [2025-03-11T05:52:39.533+0000] {dagbag.py:538} INFO - Filling up the DagBag from /home/airflow/.local/lib/python3.7/site-packages/airflow/example_dags/example_latest_only_with_trigger.py
[2025-03-11T05:52:39.589+0000] {processor.py:753} INFO - DAG(s) dict_keys(['latest_only_with_trigger']) retrieved from /home/airflow/.local/lib/python3.7/site-packages/airflow/example_dags/example_latest_only_with_trigger.py
[2025-03-11T05:52:39.650+0000] {logging_mixin.py:137} INFO - [2025-03-11T05:52:39.649+0000] {dag.py:2676} INFO - Sync 1 DAGs
[2025-03-11T05:52:39.701+0000] {logging_mixin.py:137} INFO - [2025-03-11T05:52:39.701+0000] {dag.py:3427} INFO - Setting next_dagrun for latest_only_with_trigger to 2025-03-11T01:52:39.700610+00:00, run_after=2025-03-11T05:52:39.700610+00:00
[2025-03-11T05:52:39.753+0000] {processor.py:175} INFO - Processing /home/airflow/.local/lib/python3.7/site-packages/airflow/example_dags/example_latest_only_with_trigger.py took 0.235 seconds
[2025-03-11T05:53:10.307+0000] {processor.py:153} INFO - Started process (PID=84) to work on /home/airflow/.local/lib/python3.7/site-packages/airflow/example_dags/example_latest_only_with_trigger.py
[2025-03-11T05:53:10.309+0000] {processor.py:743} INFO - Processing file /home/airflow/.local/lib/python3.7/site-packages/airflow/example_dags/example_latest_only_with_trigger.py for tasks to queue
[2025-03-11T05:53:10.310+0000] {logging_mixin.py:137} INFO - [2025-03-11T05:53:10.310+0000] {dagbag.py:538} INFO - Filling up the DagBag from /home/airflow/.local/lib/python3.7/site-packages/airflow/example_dags/example_latest_only_with_trigger.py
[2025-03-11T05:53:10.324+0000] {processor.py:753} INFO - DAG(s) dict_keys(['latest_only_with_trigger']) retrieved from /home/airflow/.local/lib/python3.7/site-packages/airflow/example_dags/example_latest_only_with_trigger.py
[2025-03-11T05:53:10.343+0000] {logging_mixin.py:137} INFO - [2025-03-11T05:53:10.343+0000] {dag.py:2676} INFO - Sync 1 DAGs
[2025-03-11T05:53:10.367+0000] {logging_mixin.py:137} INFO - [2025-03-11T05:53:10.367+0000] {dag.py:3427} INFO - Setting next_dagrun for latest_only_with_trigger to 2025-03-11T01:53:10.367316+00:00, run_after=2025-03-11T05:53:10.367316+00:00
[2025-03-11T05:53:10.382+0000] {processor.py:175} INFO - Processing /home/airflow/.local/lib/python3.7/site-packages/airflow/example_dags/example_latest_only_with_trigger.py took 0.077 seconds
[2025-03-11T05:53:40.973+0000] {processor.py:153} INFO - Started process (PID=123) to work on /home/airflow/.local/lib/python3.7/site-packages/airflow/example_dags/example_latest_only_with_trigger.py
[2025-03-11T05:53:40.975+0000] {processor.py:743} INFO - Processing file /home/airflow/.local/lib/python3.7/site-packages/airflow/example_dags/example_latest_only_with_trigger.py for tasks to queue
[2025-03-11T05:53:40.976+0000] {logging_mixin.py:137} INFO - [2025-03-11T05:53:40.976+0000] {dagbag.py:538} INFO - Filling up the DagBag from /home/airflow/.local/lib/python3.7/site-packages/airflow/example_dags/example_latest_only_with_trigger.py
[2025-03-11T05:53:40.988+0000] {processor.py:753} INFO - DAG(s) dict_keys(['latest_only_with_trigger']) retrieved from /home/airflow/.local/lib/python3.7/site-packages/airflow/example_dags/example_latest_only_with_trigger.py
[2025-03-11T05:53:41.029+0000] {logging_mixin.py:137} INFO - [2025-03-11T05:53:41.029+0000] {dag.py:2676} INFO - Sync 1 DAGs
[2025-03-11T05:53:41.050+0000] {logging_mixin.py:137} INFO - [2025-03-11T05:53:41.050+0000] {dag.py:3427} INFO - Setting next_dagrun for latest_only_with_trigger to 2025-03-11T01:53:41.050079+00:00, run_after=2025-03-11T05:53:41.050079+00:00
[2025-03-11T05:53:41.068+0000] {processor.py:175} INFO - Processing /home/airflow/.local/lib/python3.7/site-packages/airflow/example_dags/example_latest_only_with_trigger.py took 0.097 seconds
[2025-03-11T05:54:11.812+0000] {processor.py:153} INFO - Started process (PID=162) to work on /home/airflow/.local/lib/python3.7/site-packages/airflow/example_dags/example_latest_only_with_trigger.py
[2025-03-11T05:54:11.813+0000] {processor.py:743} INFO - Processing file /home/airflow/.local/lib/python3.7/site-packages/airflow/example_dags/example_latest_only_with_trigger.py for tasks to queue
[2025-03-11T05:54:11.815+0000] {logging_mixin.py:137} INFO - [2025-03-11T05:54:11.815+0000] {dagbag.py:538} INFO - Filling up the DagBag from /home/airflow/.local/lib/python3.7/site-packages/airflow/example_dags/example_latest_only_with_trigger.py
[2025-03-11T05:54:11.829+0000] {processor.py:753} INFO - DAG(s) dict_keys(['latest_only_with_trigger']) retrieved from /home/airflow/.local/lib/python3.7/site-packages/airflow/example_dags/example_latest_only_with_trigger.py
[2025-03-11T05:54:11.865+0000] {logging_mixin.py:137} INFO - [2025-03-11T05:54:11.864+0000] {dag.py:2676} INFO - Sync 1 DAGs
[2025-03-11T05:54:11.893+0000] {logging_mixin.py:137} INFO - [2025-03-11T05:54:11.893+0000] {dag.py:3427} INFO - Setting next_dagrun for latest_only_with_trigger to 2025-03-11T01:54:11.892384+00:00, run_after=2025-03-11T05:54:11.892384+00:00
[2025-03-11T05:54:11.916+0000] {processor.py:175} INFO - Processing /home/airflow/.local/lib/python3.7/site-packages/airflow/example_dags/example_latest_only_with_trigger.py took 0.106 seconds
[2025-03-11T05:54:42.061+0000] {processor.py:153} INFO - Started process (PID=201) to work on /home/airflow/.local/lib/python3.7/site-packages/airflow/example_dags/example_latest_only_with_trigger.py
[2025-03-11T05:54:42.062+0000] {processor.py:743} INFO - Processing file /home/airflow/.local/lib/python3.7/site-packages/airflow/example_dags/example_latest_only_with_trigger.py for tasks to queue
[2025-03-11T05:54:42.062+0000] {logging_mixin.py:137} INFO - [2025-03-11T05:54:42.062+0000] {dagbag.py:538} INFO - Filling up the DagBag from /home/airflow/.local/lib/python3.7/site-packages/airflow/example_dags/example_latest_only_with_trigger.py
[2025-03-11T05:54:42.075+0000] {processor.py:753} INFO - DAG(s) dict_keys(['latest_only_with_trigger']) retrieved from /home/airflow/.local/lib/python3.7/site-packages/airflow/example_dags/example_latest_only_with_trigger.py
[2025-03-11T05:54:42.103+0000] {logging_mixin.py:137} INFO - [2025-03-11T05:54:42.103+0000] {dag.py:2676} INFO - Sync 1 DAGs
[2025-03-11T05:54:42.122+0000] {logging_mixin.py:137} INFO - [2025-03-11T05:54:42.122+0000] {dag.py:3427} INFO - Setting next_dagrun for latest_only_with_trigger to 2025-03-11T01:54:42.122231+00:00, run_after=2025-03-11T05:54:42.122231+00:00
[2025-03-11T05:54:42.140+0000] {processor.py:175} INFO - Processing /home/airflow/.local/lib/python3.7/site-packages/airflow/example_dags/example_latest_only_with_trigger.py took 0.081 seconds
[2025-03-11T05:55:12.525+0000] {processor.py:153} INFO - Started process (PID=240) to work on /home/airflow/.local/lib/python3.7/site-packages/airflow/example_dags/example_latest_only_with_trigger.py
[2025-03-11T05:55:12.526+0000] {processor.py:743} INFO - Processing file /home/airflow/.local/lib/python3.7/site-packages/airflow/example_dags/example_latest_only_with_trigger.py for tasks to queue
[2025-03-11T05:55:12.527+0000] {logging_mixin.py:137} INFO - [2025-03-11T05:55:12.527+0000] {dagbag.py:538} INFO - Filling up the DagBag from /home/airflow/.local/lib/python3.7/site-packages/airflow/example_dags/example_latest_only_with_trigger.py
[2025-03-11T05:55:12.541+0000] {processor.py:753} INFO - DAG(s) dict_keys(['latest_only_with_trigger']) retrieved from /home/airflow/.local/lib/python3.7/site-packages/airflow/example_dags/example_latest_only_with_trigger.py
[2025-03-11T05:55:12.574+0000] {logging_mixin.py:137} INFO - [2025-03-11T05:55:12.574+0000] {dag.py:2676} INFO - Sync 1 DAGs
[2025-03-11T05:55:12.598+0000] {logging_mixin.py:137} INFO - [2025-03-11T05:55:12.597+0000] {dag.py:3427} INFO - Setting next_dagrun for latest_only_with_trigger to 2025-03-11T01:55:12.597263+00:00, run_after=2025-03-11T05:55:12.597263+00:00
[2025-03-11T05:55:12.618+0000] {processor.py:175} INFO - Processing /home/airflow/.local/lib/python3.7/site-packages/airflow/example_dags/example_latest_only_with_trigger.py took 0.095 seconds
[2025-03-11T05:55:43.175+0000] {processor.py:153} INFO - Started process (PID=279) to work on /home/airflow/.local/lib/python3.7/site-packages/airflow/example_dags/example_latest_only_with_trigger.py
[2025-03-11T05:55:43.176+0000] {processor.py:743} INFO - Processing file /home/airflow/.local/lib/python3.7/site-packages/airflow/example_dags/example_latest_only_with_trigger.py for tasks to queue
[2025-03-11T05:55:43.177+0000] {logging_mixin.py:137} INFO - [2025-03-11T05:55:43.177+0000] {dagbag.py:538} INFO - Filling up the DagBag from /home/airflow/.local/lib/python3.7/site-packages/airflow/example_dags/example_latest_only_with_trigger.py
[2025-03-11T05:55:43.191+0000] {processor.py:753} INFO - DAG(s) dict_keys(['latest_only_with_trigger']) retrieved from /home/airflow/.local/lib/python3.7/site-packages/airflow/example_dags/example_latest_only_with_trigger.py
[2025-03-11T05:55:43.227+0000] {logging_mixin.py:137} INFO - [2025-03-11T05:55:43.227+0000] {dag.py:2676} INFO - Sync 1 DAGs
[2025-03-11T05:55:43.249+0000] {logging_mixin.py:137} INFO - [2025-03-11T05:55:43.249+0000] {dag.py:3427} INFO - Setting next_dagrun for latest_only_with_trigger to 2025-03-11T01:55:43.248628+00:00, run_after=2025-03-11T05:55:43.248628+00:00
[2025-03-11T05:55:43.267+0000] {processor.py:175} INFO - Processing /home/airflow/.local/lib/python3.7/site-packages/airflow/example_dags/example_latest_only_with_trigger.py took 0.094 seconds
[2025-03-11T05:56:13.574+0000] {processor.py:153} INFO - Started process (PID=318) to work on /home/airflow/.local/lib/python3.7/site-packages/airflow/example_dags/example_latest_only_with_trigger.py
[2025-03-11T05:56:13.577+0000] {processor.py:743} INFO - Processing file /home/airflow/.local/lib/python3.7/site-packages/airflow/example_dags/example_latest_only_with_trigger.py for tasks to queue
[2025-03-11T05:56:13.579+0000] {logging_mixin.py:137} INFO - [2025-03-11T05:56:13.579+0000] {dagbag.py:538} INFO - Filling up the DagBag from /home/airflow/.local/lib/python3.7/site-packages/airflow/example_dags/example_latest_only_with_trigger.py
[2025-03-11T05:56:13.594+0000] {processor.py:753} INFO - DAG(s) dict_keys(['latest_only_with_trigger']) retrieved from /home/airflow/.local/lib/python3.7/site-packages/airflow/example_dags/example_latest_only_with_trigger.py
[2025-03-11T05:56:13.624+0000] {logging_mixin.py:137} INFO - [2025-03-11T05:56:13.624+0000] {dag.py:2676} INFO - Sync 1 DAGs
[2025-03-11T05:56:13.643+0000] {logging_mixin.py:137} INFO - [2025-03-11T05:56:13.643+0000] {dag.py:3427} INFO - Setting next_dagrun for latest_only_with_trigger to 2025-03-11T01:56:13.643086+00:00, run_after=2025-03-11T05:56:13.643086+00:00
[2025-03-11T05:56:13.660+0000] {processor.py:175} INFO - Processing /home/airflow/.local/lib/python3.7/site-packages/airflow/example_dags/example_latest_only_with_trigger.py took 0.089 seconds
[2025-03-11T05:56:43.875+0000] {processor.py:153} INFO - Started process (PID=357) to work on /home/airflow/.local/lib/python3.7/site-packages/airflow/example_dags/example_latest_only_with_trigger.py
[2025-03-11T05:56:43.876+0000] {processor.py:743} INFO - Processing file /home/airflow/.local/lib/python3.7/site-packages/airflow/example_dags/example_latest_only_with_trigger.py for tasks to queue
[2025-03-11T05:56:43.877+0000] {logging_mixin.py:137} INFO - [2025-03-11T05:56:43.877+0000] {dagbag.py:538} INFO - Filling up the DagBag from /home/airflow/.local/lib/python3.7/site-packages/airflow/example_dags/example_latest_only_with_trigger.py
[2025-03-11T05:56:43.890+0000] {processor.py:753} INFO - DAG(s) dict_keys(['latest_only_with_trigger']) retrieved from /home/airflow/.local/lib/python3.7/site-packages/airflow/example_dags/example_latest_only_with_trigger.py
[2025-03-11T05:56:43.922+0000] {logging_mixin.py:137} INFO - [2025-03-11T05:56:43.922+0000] {dag.py:2676} INFO - Sync 1 DAGs
[2025-03-11T05:56:43.942+0000] {logging_mixin.py:137} INFO - [2025-03-11T05:56:43.942+0000] {dag.py:3427} INFO - Setting next_dagrun for latest_only_with_trigger to 2025-03-11T01:56:43.942135+00:00, run_after=2025-03-11T05:56:43.942135+00:00
[2025-03-11T05:56:43.958+0000] {processor.py:175} INFO - Processing /home/airflow/.local/lib/python3.7/site-packages/airflow/example_dags/example_latest_only_with_trigger.py took 0.086 seconds
[2025-03-11T05:57:14.320+0000] {processor.py:153} INFO - Started process (PID=396) to work on /home/airflow/.local/lib/python3.7/site-packages/airflow/example_dags/example_latest_only_with_trigger.py
[2025-03-11T05:57:14.321+0000] {processor.py:743} INFO - Processing file /home/airflow/.local/lib/python3.7/site-packages/airflow/example_dags/example_latest_only_with_trigger.py for tasks to queue
[2025-03-11T05:57:14.322+0000] {logging_mixin.py:137} INFO - [2025-03-11T05:57:14.322+0000] {dagbag.py:538} INFO - Filling up the DagBag from /home/airflow/.local/lib/python3.7/site-packages/airflow/example_dags/example_latest_only_with_trigger.py
[2025-03-11T05:57:14.334+0000] {processor.py:753} INFO - DAG(s) dict_keys(['latest_only_with_trigger']) retrieved from /home/airflow/.local/lib/python3.7/site-packages/airflow/example_dags/example_latest_only_with_trigger.py
[2025-03-11T05:57:14.368+0000] {logging_mixin.py:137} INFO - [2025-03-11T05:57:14.368+0000] {dag.py:2676} INFO - Sync 1 DAGs
[2025-03-11T05:57:14.390+0000] {logging_mixin.py:137} INFO - [2025-03-11T05:57:14.390+0000] {dag.py:3427} INFO - Setting next_dagrun for latest_only_with_trigger to 2025-03-11T01:57:14.390253+00:00, run_after=2025-03-11T05:57:14.390253+00:00
[2025-03-11T05:57:14.410+0000] {processor.py:175} INFO - Processing /home/airflow/.local/lib/python3.7/site-packages/airflow/example_dags/example_latest_only_with_trigger.py took 0.092 seconds
[2025-03-11T05:57:44.759+0000] {processor.py:153} INFO - Started process (PID=435) to work on /home/airflow/.local/lib/python3.7/site-packages/airflow/example_dags/example_latest_only_with_trigger.py
[2025-03-11T05:57:44.760+0000] {processor.py:743} INFO - Processing file /home/airflow/.local/lib/python3.7/site-packages/airflow/example_dags/example_latest_only_with_trigger.py for tasks to queue
[2025-03-11T05:57:44.761+0000] {logging_mixin.py:137} INFO - [2025-03-11T05:57:44.761+0000] {dagbag.py:538} INFO - Filling up the DagBag from /home/airflow/.local/lib/python3.7/site-packages/airflow/example_dags/example_latest_only_with_trigger.py
[2025-03-11T05:57:44.774+0000] {processor.py:753} INFO - DAG(s) dict_keys(['latest_only_with_trigger']) retrieved from /home/airflow/.local/lib/python3.7/site-packages/airflow/example_dags/example_latest_only_with_trigger.py
[2025-03-11T05:57:44.805+0000] {logging_mixin.py:137} INFO - [2025-03-11T05:57:44.805+0000] {dag.py:2676} INFO - Sync 1 DAGs
[2025-03-11T05:57:44.824+0000] {logging_mixin.py:137} INFO - [2025-03-11T05:57:44.824+0000] {dag.py:3427} INFO - Setting next_dagrun for latest_only_with_trigger to 2025-03-11T01:57:44.824283+00:00, run_after=2025-03-11T05:57:44.824283+00:00
[2025-03-11T05:57:44.839+0000] {processor.py:175} INFO - Processing /home/airflow/.local/lib/python3.7/site-packages/airflow/example_dags/example_latest_only_with_trigger.py took 0.083 seconds
[2025-03-11T05:58:15.346+0000] {processor.py:153} INFO - Started process (PID=474) to work on /home/airflow/.local/lib/python3.7/site-packages/airflow/example_dags/example_latest_only_with_trigger.py
[2025-03-11T05:58:15.347+0000] {processor.py:743} INFO - Processing file /home/airflow/.local/lib/python3.7/site-packages/airflow/example_dags/example_latest_only_with_trigger.py for tasks to queue
[2025-03-11T05:58:15.348+0000] {logging_mixin.py:137} INFO - [2025-03-11T05:58:15.348+0000] {dagbag.py:538} INFO - Filling up the DagBag from /home/airflow/.local/lib/python3.7/site-packages/airflow/example_dags/example_latest_only_with_trigger.py
[2025-03-11T05:58:15.360+0000] {processor.py:753} INFO - DAG(s) dict_keys(['latest_only_with_trigger']) retrieved from /home/airflow/.local/lib/python3.7/site-packages/airflow/example_dags/example_latest_only_with_trigger.py
[2025-03-11T05:58:15.389+0000] {logging_mixin.py:137} INFO - [2025-03-11T05:58:15.388+0000] {dag.py:2676} INFO - Sync 1 DAGs
[2025-03-11T05:58:15.412+0000] {logging_mixin.py:137} INFO - [2025-03-11T05:58:15.412+0000] {dag.py:3427} INFO - Setting next_dagrun for latest_only_with_trigger to 2025-03-11T01:58:15.411996+00:00, run_after=2025-03-11T05:58:15.411996+00:00
[2025-03-11T05:58:15.427+0000] {processor.py:175} INFO - Processing /home/airflow/.local/lib/python3.7/site-packages/airflow/example_dags/example_latest_only_with_trigger.py took 0.083 seconds
[2025-03-11T05:58:45.749+0000] {processor.py:153} INFO - Started process (PID=513) to work on /home/airflow/.local/lib/python3.7/site-packages/airflow/example_dags/example_latest_only_with_trigger.py
[2025-03-11T05:58:45.750+0000] {processor.py:743} INFO - Processing file /home/airflow/.local/lib/python3.7/site-packages/airflow/example_dags/example_latest_only_with_trigger.py for tasks to queue
[2025-03-11T05:58:45.751+0000] {logging_mixin.py:137} INFO - [2025-03-11T05:58:45.751+0000] {dagbag.py:538} INFO - Filling up the DagBag from /home/airflow/.local/lib/python3.7/site-packages/airflow/example_dags/example_latest_only_with_trigger.py
[2025-03-11T05:58:45.764+0000] {processor.py:753} INFO - DAG(s) dict_keys(['latest_only_with_trigger']) retrieved from /home/airflow/.local/lib/python3.7/site-packages/airflow/example_dags/example_latest_only_with_trigger.py
[2025-03-11T05:58:45.793+0000] {logging_mixin.py:137} INFO - [2025-03-11T05:58:45.792+0000] {dag.py:2676} INFO - Sync 1 DAGs
[2025-03-11T05:58:45.815+0000] {logging_mixin.py:137} INFO - [2025-03-11T05:58:45.814+0000] {dag.py:3427} INFO - Setting next_dagrun for latest_only_with_trigger to 2025-03-11T01:58:45.814334+00:00, run_after=2025-03-11T05:58:45.814334+00:00
[2025-03-11T05:58:45.831+0000] {processor.py:175} INFO - Processing /home/airflow/.local/lib/python3.7/site-packages/airflow/example_dags/example_latest_only_with_trigger.py took 0.085 seconds
[2025-03-11T05:59:16.289+0000] {processor.py:153} INFO - Started process (PID=552) to work on /home/airflow/.local/lib/python3.7/site-packages/airflow/example_dags/example_latest_only_with_trigger.py
[2025-03-11T05:59:16.292+0000] {processor.py:743} INFO - Processing file /home/airflow/.local/lib/python3.7/site-packages/airflow/example_dags/example_latest_only_with_trigger.py for tasks to queue
[2025-03-11T05:59:16.292+0000] {logging_mixin.py:137} INFO - [2025-03-11T05:59:16.292+0000] {dagbag.py:538} INFO - Filling up the DagBag from /home/airflow/.local/lib/python3.7/site-packages/airflow/example_dags/example_latest_only_with_trigger.py
[2025-03-11T05:59:16.313+0000] {processor.py:753} INFO - DAG(s) dict_keys(['latest_only_with_trigger']) retrieved from /home/airflow/.local/lib/python3.7/site-packages/airflow/example_dags/example_latest_only_with_trigger.py
[2025-03-11T05:59:16.346+0000] {logging_mixin.py:137} INFO - [2025-03-11T05:59:16.346+0000] {dag.py:2676} INFO - Sync 1 DAGs
[2025-03-11T05:59:16.369+0000] {logging_mixin.py:137} INFO - [2025-03-11T05:59:16.369+0000] {dag.py:3427} INFO - Setting next_dagrun for latest_only_with_trigger to 2025-03-11T01:59:16.368733+00:00, run_after=2025-03-11T05:59:16.368733+00:00
[2025-03-11T05:59:16.386+0000] {processor.py:175} INFO - Processing /home/airflow/.local/lib/python3.7/site-packages/airflow/example_dags/example_latest_only_with_trigger.py took 0.098 seconds
[2025-03-11T05:59:46.878+0000] {processor.py:153} INFO - Started process (PID=591) to work on /home/airflow/.local/lib/python3.7/site-packages/airflow/example_dags/example_latest_only_with_trigger.py
[2025-03-11T05:59:46.879+0000] {processor.py:743} INFO - Processing file /home/airflow/.local/lib/python3.7/site-packages/airflow/example_dags/example_latest_only_with_trigger.py for tasks to queue
[2025-03-11T05:59:46.879+0000] {logging_mixin.py:137} INFO - [2025-03-11T05:59:46.879+0000] {dagbag.py:538} INFO - Filling up the DagBag from /home/airflow/.local/lib/python3.7/site-packages/airflow/example_dags/example_latest_only_with_trigger.py
[2025-03-11T05:59:46.893+0000] {processor.py:753} INFO - DAG(s) dict_keys(['latest_only_with_trigger']) retrieved from /home/airflow/.local/lib/python3.7/site-packages/airflow/example_dags/example_latest_only_with_trigger.py
[2025-03-11T05:59:46.931+0000] {logging_mixin.py:137} INFO - [2025-03-11T05:59:46.931+0000] {dag.py:2676} INFO - Sync 1 DAGs
[2025-03-11T05:59:46.959+0000] {logging_mixin.py:137} INFO - [2025-03-11T05:59:46.959+0000] {dag.py:3427} INFO - Setting next_dagrun for latest_only_with_trigger to 2025-03-11T01:59:46.958964+00:00, run_after=2025-03-11T05:59:46.958964+00:00
[2025-03-11T05:59:46.976+0000] {processor.py:175} INFO - Processing /home/airflow/.local/lib/python3.7/site-packages/airflow/example_dags/example_latest_only_with_trigger.py took 0.101 seconds
[2025-03-11T06:00:17.399+0000] {processor.py:153} INFO - Started process (PID=630) to work on /home/airflow/.local/lib/python3.7/site-packages/airflow/example_dags/example_latest_only_with_trigger.py
[2025-03-11T06:00:17.400+0000] {processor.py:743} INFO - Processing file /home/airflow/.local/lib/python3.7/site-packages/airflow/example_dags/example_latest_only_with_trigger.py for tasks to queue
[2025-03-11T06:00:17.401+0000] {logging_mixin.py:137} INFO - [2025-03-11T06:00:17.401+0000] {dagbag.py:538} INFO - Filling up the DagBag from /home/airflow/.local/lib/python3.7/site-packages/airflow/example_dags/example_latest_only_with_trigger.py
[2025-03-11T06:00:17.415+0000] {processor.py:753} INFO - DAG(s) dict_keys(['latest_only_with_trigger']) retrieved from /home/airflow/.local/lib/python3.7/site-packages/airflow/example_dags/example_latest_only_with_trigger.py
[2025-03-11T06:00:17.444+0000] {logging_mixin.py:137} INFO - [2025-03-11T06:00:17.444+0000] {dag.py:2676} INFO - Sync 1 DAGs
[2025-03-11T06:00:17.466+0000] {logging_mixin.py:137} INFO - [2025-03-11T06:00:17.466+0000] {dag.py:3427} INFO - Setting next_dagrun for latest_only_with_trigger to 2025-03-11T02:00:17.466122+00:00, run_after=2025-03-11T06:00:17.466122+00:00
[2025-03-11T06:00:17.485+0000] {processor.py:175} INFO - Processing /home/airflow/.local/lib/python3.7/site-packages/airflow/example_dags/example_latest_only_with_trigger.py took 0.088 seconds
[2025-03-11T06:00:48.053+0000] {processor.py:153} INFO - Started process (PID=669) to work on /home/airflow/.local/lib/python3.7/site-packages/airflow/example_dags/example_latest_only_with_trigger.py
[2025-03-11T06:00:48.054+0000] {processor.py:743} INFO - Processing file /home/airflow/.local/lib/python3.7/site-packages/airflow/example_dags/example_latest_only_with_trigger.py for tasks to queue
[2025-03-11T06:00:48.055+0000] {logging_mixin.py:137} INFO - [2025-03-11T06:00:48.055+0000] {dagbag.py:538} INFO - Filling up the DagBag from /home/airflow/.local/lib/python3.7/site-packages/airflow/example_dags/example_latest_only_with_trigger.py
[2025-03-11T06:00:48.068+0000] {processor.py:753} INFO - DAG(s) dict_keys(['latest_only_with_trigger']) retrieved from /home/airflow/.local/lib/python3.7/site-packages/airflow/example_dags/example_latest_only_with_trigger.py
[2025-03-11T06:00:48.099+0000] {logging_mixin.py:137} INFO - [2025-03-11T06:00:48.099+0000] {dag.py:2676} INFO - Sync 1 DAGs
[2025-03-11T06:00:48.119+0000] {logging_mixin.py:137} INFO - [2025-03-11T06:00:48.119+0000] {dag.py:3427} INFO - Setting next_dagrun for latest_only_with_trigger to 2025-03-11T02:00:48.119331+00:00, run_after=2025-03-11T06:00:48.119331+00:00
[2025-03-11T06:00:48.138+0000] {processor.py:175} INFO - Processing /home/airflow/.local/lib/python3.7/site-packages/airflow/example_dags/example_latest_only_with_trigger.py took 0.087 seconds
[2025-03-11T06:01:18.577+0000] {processor.py:153} INFO - Started process (PID=708) to work on /home/airflow/.local/lib/python3.7/site-packages/airflow/example_dags/example_latest_only_with_trigger.py
[2025-03-11T06:01:18.578+0000] {processor.py:743} INFO - Processing file /home/airflow/.local/lib/python3.7/site-packages/airflow/example_dags/example_latest_only_with_trigger.py for tasks to queue
[2025-03-11T06:01:18.579+0000] {logging_mixin.py:137} INFO - [2025-03-11T06:01:18.579+0000] {dagbag.py:538} INFO - Filling up the DagBag from /home/airflow/.local/lib/python3.7/site-packages/airflow/example_dags/example_latest_only_with_trigger.py
[2025-03-11T06:01:18.591+0000] {processor.py:753} INFO - DAG(s) dict_keys(['latest_only_with_trigger']) retrieved from /home/airflow/.local/lib/python3.7/site-packages/airflow/example_dags/example_latest_only_with_trigger.py
[2025-03-11T06:01:18.623+0000] {logging_mixin.py:137} INFO - [2025-03-11T06:01:18.623+0000] {dag.py:2676} INFO - Sync 1 DAGs
[2025-03-11T06:01:18.646+0000] {logging_mixin.py:137} INFO - [2025-03-11T06:01:18.646+0000] {dag.py:3427} INFO - Setting next_dagrun for latest_only_with_trigger to 2025-03-11T02:01:18.645966+00:00, run_after=2025-03-11T06:01:18.645966+00:00
[2025-03-11T06:01:18.663+0000] {processor.py:175} INFO - Processing /home/airflow/.local/lib/python3.7/site-packages/airflow/example_dags/example_latest_only_with_trigger.py took 0.088 seconds
[2025-03-11T06:01:48.945+0000] {processor.py:153} INFO - Started process (PID=747) to work on /home/airflow/.local/lib/python3.7/site-packages/airflow/example_dags/example_latest_only_with_trigger.py
[2025-03-11T06:01:48.945+0000] {processor.py:743} INFO - Processing file /home/airflow/.local/lib/python3.7/site-packages/airflow/example_dags/example_latest_only_with_trigger.py for tasks to queue
[2025-03-11T06:01:48.946+0000] {logging_mixin.py:137} INFO - [2025-03-11T06:01:48.946+0000] {dagbag.py:538} INFO - Filling up the DagBag from /home/airflow/.local/lib/python3.7/site-packages/airflow/example_dags/example_latest_only_with_trigger.py
[2025-03-11T06:01:48.959+0000] {processor.py:753} INFO - DAG(s) dict_keys(['latest_only_with_trigger']) retrieved from /home/airflow/.local/lib/python3.7/site-packages/airflow/example_dags/example_latest_only_with_trigger.py
[2025-03-11T06:01:48.991+0000] {logging_mixin.py:137} INFO - [2025-03-11T06:01:48.991+0000] {dag.py:2676} INFO - Sync 1 DAGs
[2025-03-11T06:01:49.011+0000] {logging_mixin.py:137} INFO - [2025-03-11T06:01:49.010+0000] {dag.py:3427} INFO - Setting next_dagrun for latest_only_with_trigger to 2025-03-11T02:01:49.010367+00:00, run_after=2025-03-11T06:01:49.010367+00:00
[2025-03-11T06:01:49.026+0000] {processor.py:175} INFO - Processing /home/airflow/.local/lib/python3.7/site-packages/airflow/example_dags/example_latest_only_with_trigger.py took 0.084 seconds
[2025-03-11T06:02:19.566+0000] {processor.py:153} INFO - Started process (PID=786) to work on /home/airflow/.local/lib/python3.7/site-packages/airflow/example_dags/example_latest_only_with_trigger.py
[2025-03-11T06:02:19.567+0000] {processor.py:743} INFO - Processing file /home/airflow/.local/lib/python3.7/site-packages/airflow/example_dags/example_latest_only_with_trigger.py for tasks to queue
[2025-03-11T06:02:19.568+0000] {logging_mixin.py:137} INFO - [2025-03-11T06:02:19.568+0000] {dagbag.py:538} INFO - Filling up the DagBag from /home/airflow/.local/lib/python3.7/site-packages/airflow/example_dags/example_latest_only_with_trigger.py
[2025-03-11T06:02:19.587+0000] {processor.py:753} INFO - DAG(s) dict_keys(['latest_only_with_trigger']) retrieved from /home/airflow/.local/lib/python3.7/site-packages/airflow/example_dags/example_latest_only_with_trigger.py
[2025-03-11T06:02:19.630+0000] {logging_mixin.py:137} INFO - [2025-03-11T06:02:19.630+0000] {dag.py:2676} INFO - Sync 1 DAGs
[2025-03-11T06:02:19.658+0000] {logging_mixin.py:137} INFO - [2025-03-11T06:02:19.658+0000] {dag.py:3427} INFO - Setting next_dagrun for latest_only_with_trigger to 2025-03-11T02:02:19.657896+00:00, run_after=2025-03-11T06:02:19.657896+00:00
[2025-03-11T06:02:19.686+0000] {processor.py:175} INFO - Processing /home/airflow/.local/lib/python3.7/site-packages/airflow/example_dags/example_latest_only_with_trigger.py took 0.123 seconds
[2025-03-11T06:02:50.384+0000] {processor.py:153} INFO - Started process (PID=825) to work on /home/airflow/.local/lib/python3.7/site-packages/airflow/example_dags/example_latest_only_with_trigger.py
[2025-03-11T06:02:50.385+0000] {processor.py:743} INFO - Processing file /home/airflow/.local/lib/python3.7/site-packages/airflow/example_dags/example_latest_only_with_trigger.py for tasks to queue
[2025-03-11T06:02:50.386+0000] {logging_mixin.py:137} INFO - [2025-03-11T06:02:50.386+0000] {dagbag.py:538} INFO - Filling up the DagBag from /home/airflow/.local/lib/python3.7/site-packages/airflow/example_dags/example_latest_only_with_trigger.py
[2025-03-11T06:02:50.399+0000] {processor.py:753} INFO - DAG(s) dict_keys(['latest_only_with_trigger']) retrieved from /home/airflow/.local/lib/python3.7/site-packages/airflow/example_dags/example_latest_only_with_trigger.py
[2025-03-11T06:02:50.432+0000] {logging_mixin.py:137} INFO - [2025-03-11T06:02:50.432+0000] {dag.py:2676} INFO - Sync 1 DAGs
[2025-03-11T06:02:50.453+0000] {logging_mixin.py:137} INFO - [2025-03-11T06:02:50.452+0000] {dag.py:3427} INFO - Setting next_dagrun for latest_only_with_trigger to 2025-03-11T02:02:50.452537+00:00, run_after=2025-03-11T06:02:50.452537+00:00
[2025-03-11T06:02:50.469+0000] {processor.py:175} INFO - Processing /home/airflow/.local/lib/python3.7/site-packages/airflow/example_dags/example_latest_only_with_trigger.py took 0.088 seconds
[2025-03-11T06:03:20.793+0000] {processor.py:153} INFO - Started process (PID=864) to work on /home/airflow/.local/lib/python3.7/site-packages/airflow/example_dags/example_latest_only_with_trigger.py
[2025-03-11T06:03:20.794+0000] {processor.py:743} INFO - Processing file /home/airflow/.local/lib/python3.7/site-packages/airflow/example_dags/example_latest_only_with_trigger.py for tasks to queue
[2025-03-11T06:03:20.795+0000] {logging_mixin.py:137} INFO - [2025-03-11T06:03:20.795+0000] {dagbag.py:538} INFO - Filling up the DagBag from /home/airflow/.local/lib/python3.7/site-packages/airflow/example_dags/example_latest_only_with_trigger.py
[2025-03-11T06:03:20.807+0000] {processor.py:753} INFO - DAG(s) dict_keys(['latest_only_with_trigger']) retrieved from /home/airflow/.local/lib/python3.7/site-packages/airflow/example_dags/example_latest_only_with_trigger.py
[2025-03-11T06:03:20.844+0000] {logging_mixin.py:137} INFO - [2025-03-11T06:03:20.844+0000] {dag.py:2676} INFO - Sync 1 DAGs
[2025-03-11T06:03:20.865+0000] {logging_mixin.py:137} INFO - [2025-03-11T06:03:20.865+0000] {dag.py:3427} INFO - Setting next_dagrun for latest_only_with_trigger to 2025-03-11T02:03:20.865031+00:00, run_after=2025-03-11T06:03:20.865031+00:00
[2025-03-11T06:03:20.881+0000] {processor.py:175} INFO - Processing /home/airflow/.local/lib/python3.7/site-packages/airflow/example_dags/example_latest_only_with_trigger.py took 0.091 seconds
[2025-03-11T06:03:51.185+0000] {processor.py:153} INFO - Started process (PID=903) to work on /home/airflow/.local/lib/python3.7/site-packages/airflow/example_dags/example_latest_only_with_trigger.py
[2025-03-11T06:03:51.185+0000] {processor.py:743} INFO - Processing file /home/airflow/.local/lib/python3.7/site-packages/airflow/example_dags/example_latest_only_with_trigger.py for tasks to queue
[2025-03-11T06:03:51.186+0000] {logging_mixin.py:137} INFO - [2025-03-11T06:03:51.186+0000] {dagbag.py:538} INFO - Filling up the DagBag from /home/airflow/.local/lib/python3.7/site-packages/airflow/example_dags/example_latest_only_with_trigger.py
[2025-03-11T06:03:51.199+0000] {processor.py:753} INFO - DAG(s) dict_keys(['latest_only_with_trigger']) retrieved from /home/airflow/.local/lib/python3.7/site-packages/airflow/example_dags/example_latest_only_with_trigger.py
[2025-03-11T06:03:51.234+0000] {logging_mixin.py:137} INFO - [2025-03-11T06:03:51.234+0000] {dag.py:2676} INFO - Sync 1 DAGs
[2025-03-11T06:03:51.260+0000] {logging_mixin.py:137} INFO - [2025-03-11T06:03:51.259+0000] {dag.py:3427} INFO - Setting next_dagrun for latest_only_with_trigger to 2025-03-11T02:03:51.259272+00:00, run_after=2025-03-11T06:03:51.259272+00:00
[2025-03-11T06:03:51.278+0000] {processor.py:175} INFO - Processing /home/airflow/.local/lib/python3.7/site-packages/airflow/example_dags/example_latest_only_with_trigger.py took 0.095 seconds
[2025-03-11T06:04:21.665+0000] {processor.py:153} INFO - Started process (PID=942) to work on /home/airflow/.local/lib/python3.7/site-packages/airflow/example_dags/example_latest_only_with_trigger.py
[2025-03-11T06:04:21.666+0000] {processor.py:743} INFO - Processing file /home/airflow/.local/lib/python3.7/site-packages/airflow/example_dags/example_latest_only_with_trigger.py for tasks to queue
[2025-03-11T06:04:21.667+0000] {logging_mixin.py:137} INFO - [2025-03-11T06:04:21.667+0000] {dagbag.py:538} INFO - Filling up the DagBag from /home/airflow/.local/lib/python3.7/site-packages/airflow/example_dags/example_latest_only_with_trigger.py
[2025-03-11T06:04:21.681+0000] {processor.py:753} INFO - DAG(s) dict_keys(['latest_only_with_trigger']) retrieved from /home/airflow/.local/lib/python3.7/site-packages/airflow/example_dags/example_latest_only_with_trigger.py
[2025-03-11T06:04:21.714+0000] {logging_mixin.py:137} INFO - [2025-03-11T06:04:21.713+0000] {dag.py:2676} INFO - Sync 1 DAGs
[2025-03-11T06:04:21.733+0000] {logging_mixin.py:137} INFO - [2025-03-11T06:04:21.733+0000] {dag.py:3427} INFO - Setting next_dagrun for latest_only_with_trigger to 2025-03-11T02:04:21.732753+00:00, run_after=2025-03-11T06:04:21.732753+00:00
[2025-03-11T06:04:21.748+0000] {processor.py:175} INFO - Processing /home/airflow/.local/lib/python3.7/site-packages/airflow/example_dags/example_latest_only_with_trigger.py took 0.085 seconds
[2025-03-11T06:04:52.079+0000] {processor.py:153} INFO - Started process (PID=981) to work on /home/airflow/.local/lib/python3.7/site-packages/airflow/example_dags/example_latest_only_with_trigger.py
[2025-03-11T06:04:52.080+0000] {processor.py:743} INFO - Processing file /home/airflow/.local/lib/python3.7/site-packages/airflow/example_dags/example_latest_only_with_trigger.py for tasks to queue
[2025-03-11T06:04:52.082+0000] {logging_mixin.py:137} INFO - [2025-03-11T06:04:52.082+0000] {dagbag.py:538} INFO - Filling up the DagBag from /home/airflow/.local/lib/python3.7/site-packages/airflow/example_dags/example_latest_only_with_trigger.py
[2025-03-11T06:04:52.094+0000] {processor.py:753} INFO - DAG(s) dict_keys(['latest_only_with_trigger']) retrieved from /home/airflow/.local/lib/python3.7/site-packages/airflow/example_dags/example_latest_only_with_trigger.py
[2025-03-11T06:04:52.125+0000] {logging_mixin.py:137} INFO - [2025-03-11T06:04:52.125+0000] {dag.py:2676} INFO - Sync 1 DAGs
[2025-03-11T06:04:52.146+0000] {logging_mixin.py:137} INFO - [2025-03-11T06:04:52.146+0000] {dag.py:3427} INFO - Setting next_dagrun for latest_only_with_trigger to 2025-03-11T02:04:52.145509+00:00, run_after=2025-03-11T06:04:52.145509+00:00
[2025-03-11T06:04:52.161+0000] {processor.py:175} INFO - Processing /home/airflow/.local/lib/python3.7/site-packages/airflow/example_dags/example_latest_only_with_trigger.py took 0.084 seconds
[2025-03-11T06:05:22.469+0000] {processor.py:153} INFO - Started process (PID=1020) to work on /home/airflow/.local/lib/python3.7/site-packages/airflow/example_dags/example_latest_only_with_trigger.py
[2025-03-11T06:05:22.472+0000] {processor.py:743} INFO - Processing file /home/airflow/.local/lib/python3.7/site-packages/airflow/example_dags/example_latest_only_with_trigger.py for tasks to queue
[2025-03-11T06:05:22.472+0000] {logging_mixin.py:137} INFO - [2025-03-11T06:05:22.472+0000] {dagbag.py:538} INFO - Filling up the DagBag from /home/airflow/.local/lib/python3.7/site-packages/airflow/example_dags/example_latest_only_with_trigger.py
[2025-03-11T06:05:22.484+0000] {processor.py:753} INFO - DAG(s) dict_keys(['latest_only_with_trigger']) retrieved from /home/airflow/.local/lib/python3.7/site-packages/airflow/example_dags/example_latest_only_with_trigger.py
[2025-03-11T06:05:22.518+0000] {logging_mixin.py:137} INFO - [2025-03-11T06:05:22.518+0000] {dag.py:2676} INFO - Sync 1 DAGs
[2025-03-11T06:05:22.542+0000] {logging_mixin.py:137} INFO - [2025-03-11T06:05:22.542+0000] {dag.py:3427} INFO - Setting next_dagrun for latest_only_with_trigger to 2025-03-11T02:05:22.542289+00:00, run_after=2025-03-11T06:05:22.542289+00:00
[2025-03-11T06:05:22.563+0000] {processor.py:175} INFO - Processing /home/airflow/.local/lib/python3.7/site-packages/airflow/example_dags/example_latest_only_with_trigger.py took 0.096 seconds
[2025-03-11T06:05:52.935+0000] {processor.py:153} INFO - Started process (PID=1059) to work on /home/airflow/.local/lib/python3.7/site-packages/airflow/example_dags/example_latest_only_with_trigger.py
[2025-03-11T06:05:52.936+0000] {processor.py:743} INFO - Processing file /home/airflow/.local/lib/python3.7/site-packages/airflow/example_dags/example_latest_only_with_trigger.py for tasks to queue
[2025-03-11T06:05:52.938+0000] {logging_mixin.py:137} INFO - [2025-03-11T06:05:52.937+0000] {dagbag.py:538} INFO - Filling up the DagBag from /home/airflow/.local/lib/python3.7/site-packages/airflow/example_dags/example_latest_only_with_trigger.py
[2025-03-11T06:05:52.953+0000] {processor.py:753} INFO - DAG(s) dict_keys(['latest_only_with_trigger']) retrieved from /home/airflow/.local/lib/python3.7/site-packages/airflow/example_dags/example_latest_only_with_trigger.py
[2025-03-11T06:05:52.987+0000] {logging_mixin.py:137} INFO - [2025-03-11T06:05:52.986+0000] {dag.py:2676} INFO - Sync 1 DAGs
[2025-03-11T06:05:53.008+0000] {logging_mixin.py:137} INFO - [2025-03-11T06:05:53.008+0000] {dag.py:3427} INFO - Setting next_dagrun for latest_only_with_trigger to 2025-03-11T02:05:53.008083+00:00, run_after=2025-03-11T06:05:53.008083+00:00
[2025-03-11T06:05:53.025+0000] {processor.py:175} INFO - Processing /home/airflow/.local/lib/python3.7/site-packages/airflow/example_dags/example_latest_only_with_trigger.py took 0.093 seconds
[2025-03-11T06:06:23.420+0000] {processor.py:153} INFO - Started process (PID=1098) to work on /home/airflow/.local/lib/python3.7/site-packages/airflow/example_dags/example_latest_only_with_trigger.py
[2025-03-11T06:06:23.421+0000] {processor.py:743} INFO - Processing file /home/airflow/.local/lib/python3.7/site-packages/airflow/example_dags/example_latest_only_with_trigger.py for tasks to queue
[2025-03-11T06:06:23.422+0000] {logging_mixin.py:137} INFO - [2025-03-11T06:06:23.422+0000] {dagbag.py:538} INFO - Filling up the DagBag from /home/airflow/.local/lib/python3.7/site-packages/airflow/example_dags/example_latest_only_with_trigger.py
[2025-03-11T06:06:23.438+0000] {processor.py:753} INFO - DAG(s) dict_keys(['latest_only_with_trigger']) retrieved from /home/airflow/.local/lib/python3.7/site-packages/airflow/example_dags/example_latest_only_with_trigger.py
[2025-03-11T06:06:23.468+0000] {logging_mixin.py:137} INFO - [2025-03-11T06:06:23.467+0000] {dag.py:2676} INFO - Sync 1 DAGs
[2025-03-11T06:06:23.490+0000] {logging_mixin.py:137} INFO - [2025-03-11T06:06:23.489+0000] {dag.py:3427} INFO - Setting next_dagrun for latest_only_with_trigger to 2025-03-11T02:06:23.489361+00:00, run_after=2025-03-11T06:06:23.489361+00:00
[2025-03-11T06:06:23.518+0000] {processor.py:175} INFO - Processing /home/airflow/.local/lib/python3.7/site-packages/airflow/example_dags/example_latest_only_with_trigger.py took 0.100 seconds
[2025-03-11T06:06:53.788+0000] {processor.py:153} INFO - Started process (PID=1137) to work on /home/airflow/.local/lib/python3.7/site-packages/airflow/example_dags/example_latest_only_with_trigger.py
[2025-03-11T06:06:53.789+0000] {processor.py:743} INFO - Processing file /home/airflow/.local/lib/python3.7/site-packages/airflow/example_dags/example_latest_only_with_trigger.py for tasks to queue
[2025-03-11T06:06:53.791+0000] {logging_mixin.py:137} INFO - [2025-03-11T06:06:53.790+0000] {dagbag.py:538} INFO - Filling up the DagBag from /home/airflow/.local/lib/python3.7/site-packages/airflow/example_dags/example_latest_only_with_trigger.py
[2025-03-11T06:06:53.803+0000] {processor.py:753} INFO - DAG(s) dict_keys(['latest_only_with_trigger']) retrieved from /home/airflow/.local/lib/python3.7/site-packages/airflow/example_dags/example_latest_only_with_trigger.py
[2025-03-11T06:06:53.837+0000] {logging_mixin.py:137} INFO - [2025-03-11T06:06:53.837+0000] {dag.py:2676} INFO - Sync 1 DAGs
[2025-03-11T06:06:53.858+0000] {logging_mixin.py:137} INFO - [2025-03-11T06:06:53.858+0000] {dag.py:3427} INFO - Setting next_dagrun for latest_only_with_trigger to 2025-03-11T02:06:53.857929+00:00, run_after=2025-03-11T06:06:53.857929+00:00
[2025-03-11T06:06:53.875+0000] {processor.py:175} INFO - Processing /home/airflow/.local/lib/python3.7/site-packages/airflow/example_dags/example_latest_only_with_trigger.py took 0.089 seconds
[2025-03-11T06:07:24.207+0000] {processor.py:153} INFO - Started process (PID=1176) to work on /home/airflow/.local/lib/python3.7/site-packages/airflow/example_dags/example_latest_only_with_trigger.py
[2025-03-11T06:07:24.208+0000] {processor.py:743} INFO - Processing file /home/airflow/.local/lib/python3.7/site-packages/airflow/example_dags/example_latest_only_with_trigger.py for tasks to queue
[2025-03-11T06:07:24.209+0000] {logging_mixin.py:137} INFO - [2025-03-11T06:07:24.209+0000] {dagbag.py:538} INFO - Filling up the DagBag from /home/airflow/.local/lib/python3.7/site-packages/airflow/example_dags/example_latest_only_with_trigger.py
[2025-03-11T06:07:24.224+0000] {processor.py:753} INFO - DAG(s) dict_keys(['latest_only_with_trigger']) retrieved from /home/airflow/.local/lib/python3.7/site-packages/airflow/example_dags/example_latest_only_with_trigger.py
[2025-03-11T06:07:24.260+0000] {logging_mixin.py:137} INFO - [2025-03-11T06:07:24.260+0000] {dag.py:2676} INFO - Sync 1 DAGs
[2025-03-11T06:07:24.284+0000] {logging_mixin.py:137} INFO - [2025-03-11T06:07:24.283+0000] {dag.py:3427} INFO - Setting next_dagrun for latest_only_with_trigger to 2025-03-11T02:07:24.283448+00:00, run_after=2025-03-11T06:07:24.283448+00:00
[2025-03-11T06:07:24.300+0000] {processor.py:175} INFO - Processing /home/airflow/.local/lib/python3.7/site-packages/airflow/example_dags/example_latest_only_with_trigger.py took 0.097 seconds
[2025-03-11T06:07:54.729+0000] {processor.py:153} INFO - Started process (PID=1215) to work on /home/airflow/.local/lib/python3.7/site-packages/airflow/example_dags/example_latest_only_with_trigger.py
[2025-03-11T06:07:54.730+0000] {processor.py:743} INFO - Processing file /home/airflow/.local/lib/python3.7/site-packages/airflow/example_dags/example_latest_only_with_trigger.py for tasks to queue
[2025-03-11T06:07:54.731+0000] {logging_mixin.py:137} INFO - [2025-03-11T06:07:54.731+0000] {dagbag.py:538} INFO - Filling up the DagBag from /home/airflow/.local/lib/python3.7/site-packages/airflow/example_dags/example_latest_only_with_trigger.py
[2025-03-11T06:07:54.747+0000] {processor.py:753} INFO - DAG(s) dict_keys(['latest_only_with_trigger']) retrieved from /home/airflow/.local/lib/python3.7/site-packages/airflow/example_dags/example_latest_only_with_trigger.py
[2025-03-11T06:07:54.782+0000] {logging_mixin.py:137} INFO - [2025-03-11T06:07:54.781+0000] {dag.py:2676} INFO - Sync 1 DAGs
[2025-03-11T06:07:54.802+0000] {logging_mixin.py:137} INFO - [2025-03-11T06:07:54.802+0000] {dag.py:3427} INFO - Setting next_dagrun for latest_only_with_trigger to 2025-03-11T02:07:54.802147+00:00, run_after=2025-03-11T06:07:54.802147+00:00
[2025-03-11T06:07:54.819+0000] {processor.py:175} INFO - Processing /home/airflow/.local/lib/python3.7/site-packages/airflow/example_dags/example_latest_only_with_trigger.py took 0.092 seconds
[2025-03-11T06:08:25.241+0000] {processor.py:153} INFO - Started process (PID=1254) to work on /home/airflow/.local/lib/python3.7/site-packages/airflow/example_dags/example_latest_only_with_trigger.py
[2025-03-11T06:08:25.241+0000] {processor.py:743} INFO - Processing file /home/airflow/.local/lib/python3.7/site-packages/airflow/example_dags/example_latest_only_with_trigger.py for tasks to queue
[2025-03-11T06:08:25.242+0000] {logging_mixin.py:137} INFO - [2025-03-11T06:08:25.242+0000] {dagbag.py:538} INFO - Filling up the DagBag from /home/airflow/.local/lib/python3.7/site-packages/airflow/example_dags/example_latest_only_with_trigger.py
[2025-03-11T06:08:25.256+0000] {processor.py:753} INFO - DAG(s) dict_keys(['latest_only_with_trigger']) retrieved from /home/airflow/.local/lib/python3.7/site-packages/airflow/example_dags/example_latest_only_with_trigger.py
[2025-03-11T06:08:25.289+0000] {logging_mixin.py:137} INFO - [2025-03-11T06:08:25.289+0000] {dag.py:2676} INFO - Sync 1 DAGs
[2025-03-11T06:08:25.312+0000] {logging_mixin.py:137} INFO - [2025-03-11T06:08:25.312+0000] {dag.py:3427} INFO - Setting next_dagrun for latest_only_with_trigger to 2025-03-11T02:08:25.312113+00:00, run_after=2025-03-11T06:08:25.312113+00:00
[2025-03-11T06:08:25.331+0000] {processor.py:175} INFO - Processing /home/airflow/.local/lib/python3.7/site-packages/airflow/example_dags/example_latest_only_with_trigger.py took 0.092 seconds
[2025-03-11T06:08:55.859+0000] {processor.py:153} INFO - Started process (PID=1293) to work on /home/airflow/.local/lib/python3.7/site-packages/airflow/example_dags/example_latest_only_with_trigger.py
[2025-03-11T06:08:55.860+0000] {processor.py:743} INFO - Processing file /home/airflow/.local/lib/python3.7/site-packages/airflow/example_dags/example_latest_only_with_trigger.py for tasks to queue
[2025-03-11T06:08:55.862+0000] {logging_mixin.py:137} INFO - [2025-03-11T06:08:55.862+0000] {dagbag.py:538} INFO - Filling up the DagBag from /home/airflow/.local/lib/python3.7/site-packages/airflow/example_dags/example_latest_only_with_trigger.py
[2025-03-11T06:08:55.875+0000] {processor.py:753} INFO - DAG(s) dict_keys(['latest_only_with_trigger']) retrieved from /home/airflow/.local/lib/python3.7/site-packages/airflow/example_dags/example_latest_only_with_trigger.py
[2025-03-11T06:08:55.905+0000] {logging_mixin.py:137} INFO - [2025-03-11T06:08:55.905+0000] {dag.py:2676} INFO - Sync 1 DAGs
[2025-03-11T06:08:55.925+0000] {logging_mixin.py:137} INFO - [2025-03-11T06:08:55.925+0000] {dag.py:3427} INFO - Setting next_dagrun for latest_only_with_trigger to 2025-03-11T02:08:55.925156+00:00, run_after=2025-03-11T06:08:55.925156+00:00
[2025-03-11T06:08:55.941+0000] {processor.py:175} INFO - Processing /home/airflow/.local/lib/python3.7/site-packages/airflow/example_dags/example_latest_only_with_trigger.py took 0.085 seconds
[2025-03-11T06:09:26.295+0000] {processor.py:153} INFO - Started process (PID=1332) to work on /home/airflow/.local/lib/python3.7/site-packages/airflow/example_dags/example_latest_only_with_trigger.py
[2025-03-11T06:09:26.297+0000] {processor.py:743} INFO - Processing file /home/airflow/.local/lib/python3.7/site-packages/airflow/example_dags/example_latest_only_with_trigger.py for tasks to queue
[2025-03-11T06:09:26.297+0000] {logging_mixin.py:137} INFO - [2025-03-11T06:09:26.297+0000] {dagbag.py:538} INFO - Filling up the DagBag from /home/airflow/.local/lib/python3.7/site-packages/airflow/example_dags/example_latest_only_with_trigger.py
[2025-03-11T06:09:26.313+0000] {processor.py:753} INFO - DAG(s) dict_keys(['latest_only_with_trigger']) retrieved from /home/airflow/.local/lib/python3.7/site-packages/airflow/example_dags/example_latest_only_with_trigger.py
[2025-03-11T06:09:26.341+0000] {logging_mixin.py:137} INFO - [2025-03-11T06:09:26.341+0000] {dag.py:2676} INFO - Sync 1 DAGs
[2025-03-11T06:09:26.360+0000] {logging_mixin.py:137} INFO - [2025-03-11T06:09:26.360+0000] {dag.py:3427} INFO - Setting next_dagrun for latest_only_with_trigger to 2025-03-11T02:09:26.360243+00:00, run_after=2025-03-11T06:09:26.360243+00:00
[2025-03-11T06:09:26.375+0000] {processor.py:175} INFO - Processing /home/airflow/.local/lib/python3.7/site-packages/airflow/example_dags/example_latest_only_with_trigger.py took 0.082 seconds
[2025-03-11T06:09:56.834+0000] {processor.py:153} INFO - Started process (PID=1371) to work on /home/airflow/.local/lib/python3.7/site-packages/airflow/example_dags/example_latest_only_with_trigger.py
[2025-03-11T06:09:56.834+0000] {processor.py:743} INFO - Processing file /home/airflow/.local/lib/python3.7/site-packages/airflow/example_dags/example_latest_only_with_trigger.py for tasks to queue
[2025-03-11T06:09:56.835+0000] {logging_mixin.py:137} INFO - [2025-03-11T06:09:56.835+0000] {dagbag.py:538} INFO - Filling up the DagBag from /home/airflow/.local/lib/python3.7/site-packages/airflow/example_dags/example_latest_only_with_trigger.py
[2025-03-11T06:09:56.848+0000] {processor.py:753} INFO - DAG(s) dict_keys(['latest_only_with_trigger']) retrieved from /home/airflow/.local/lib/python3.7/site-packages/airflow/example_dags/example_latest_only_with_trigger.py
[2025-03-11T06:09:56.885+0000] {logging_mixin.py:137} INFO - [2025-03-11T06:09:56.885+0000] {dag.py:2676} INFO - Sync 1 DAGs
[2025-03-11T06:09:56.906+0000] {logging_mixin.py:137} INFO - [2025-03-11T06:09:56.906+0000] {dag.py:3427} INFO - Setting next_dagrun for latest_only_with_trigger to 2025-03-11T02:09:56.905852+00:00, run_after=2025-03-11T06:09:56.905852+00:00
[2025-03-11T06:09:56.921+0000] {processor.py:175} INFO - Processing /home/airflow/.local/lib/python3.7/site-packages/airflow/example_dags/example_latest_only_with_trigger.py took 0.089 seconds
