[2025-03-11T05:52:40.346+0000] {processor.py:153} INFO - Started process (PID=50) to work on /home/airflow/.local/lib/python3.7/site-packages/airflow/example_dags/example_sla_dag.py
[2025-03-11T05:52:40.349+0000] {processor.py:743} INFO - Processing file /home/airflow/.local/lib/python3.7/site-packages/airflow/example_dags/example_sla_dag.py for tasks to queue
[2025-03-11T05:52:40.352+0000] {logging_mixin.py:137} INFO - [2025-03-11T05:52:40.352+0000] {dagbag.py:538} INFO - Filling up the DagBag from /home/airflow/.local/lib/python3.7/site-packages/airflow/example_dags/example_sla_dag.py
[2025-03-11T05:52:40.405+0000] {processor.py:753} INFO - DAG(s) dict_keys(['example_sla_dag']) retrieved from /home/airflow/.local/lib/python3.7/site-packages/airflow/example_dags/example_sla_dag.py
[2025-03-11T05:52:40.493+0000] {logging_mixin.py:137} INFO - [2025-03-11T05:52:40.492+0000] {dag.py:2676} INFO - Sync 1 DAGs
[2025-03-11T05:52:40.600+0000] {logging_mixin.py:137} INFO - [2025-03-11T05:52:40.599+0000] {dag.py:3427} INFO - Setting next_dagrun for example_sla_dag to 2025-03-11T05:50:00+00:00, run_after=2025-03-11T05:52:00+00:00
[2025-03-11T05:52:40.662+0000] {processor.py:175} INFO - Processing /home/airflow/.local/lib/python3.7/site-packages/airflow/example_dags/example_sla_dag.py took 0.328 seconds
[2025-03-11T05:53:11.542+0000] {processor.py:153} INFO - Started process (PID=89) to work on /home/airflow/.local/lib/python3.7/site-packages/airflow/example_dags/example_sla_dag.py
[2025-03-11T05:53:11.544+0000] {processor.py:743} INFO - Processing file /home/airflow/.local/lib/python3.7/site-packages/airflow/example_dags/example_sla_dag.py for tasks to queue
[2025-03-11T05:53:11.545+0000] {logging_mixin.py:137} INFO - [2025-03-11T05:53:11.545+0000] {dagbag.py:538} INFO - Filling up the DagBag from /home/airflow/.local/lib/python3.7/site-packages/airflow/example_dags/example_sla_dag.py
[2025-03-11T05:53:11.580+0000] {processor.py:753} INFO - DAG(s) dict_keys(['example_sla_dag']) retrieved from /home/airflow/.local/lib/python3.7/site-packages/airflow/example_dags/example_sla_dag.py
[2025-03-11T05:53:11.609+0000] {logging_mixin.py:137} INFO - [2025-03-11T05:53:11.609+0000] {dag.py:2676} INFO - Sync 1 DAGs
[2025-03-11T05:53:11.639+0000] {logging_mixin.py:137} INFO - [2025-03-11T05:53:11.639+0000] {dag.py:3427} INFO - Setting next_dagrun for example_sla_dag to 2025-03-11T05:50:00+00:00, run_after=2025-03-11T05:52:00+00:00
[2025-03-11T05:53:11.654+0000] {processor.py:175} INFO - Processing /home/airflow/.local/lib/python3.7/site-packages/airflow/example_dags/example_sla_dag.py took 0.117 seconds
[2025-03-11T05:53:42.234+0000] {processor.py:153} INFO - Started process (PID=128) to work on /home/airflow/.local/lib/python3.7/site-packages/airflow/example_dags/example_sla_dag.py
[2025-03-11T05:53:42.236+0000] {processor.py:743} INFO - Processing file /home/airflow/.local/lib/python3.7/site-packages/airflow/example_dags/example_sla_dag.py for tasks to queue
[2025-03-11T05:53:42.238+0000] {logging_mixin.py:137} INFO - [2025-03-11T05:53:42.238+0000] {dagbag.py:538} INFO - Filling up the DagBag from /home/airflow/.local/lib/python3.7/site-packages/airflow/example_dags/example_sla_dag.py
[2025-03-11T05:53:42.270+0000] {processor.py:753} INFO - DAG(s) dict_keys(['example_sla_dag']) retrieved from /home/airflow/.local/lib/python3.7/site-packages/airflow/example_dags/example_sla_dag.py
[2025-03-11T05:53:42.303+0000] {logging_mixin.py:137} INFO - [2025-03-11T05:53:42.303+0000] {dag.py:2676} INFO - Sync 1 DAGs
[2025-03-11T05:53:42.329+0000] {logging_mixin.py:137} INFO - [2025-03-11T05:53:42.329+0000] {dag.py:3427} INFO - Setting next_dagrun for example_sla_dag to 2025-03-11T05:50:00+00:00, run_after=2025-03-11T05:52:00+00:00
[2025-03-11T05:53:42.343+0000] {processor.py:175} INFO - Processing /home/airflow/.local/lib/python3.7/site-packages/airflow/example_dags/example_sla_dag.py took 0.114 seconds
[2025-03-11T05:54:13.090+0000] {processor.py:153} INFO - Started process (PID=167) to work on /home/airflow/.local/lib/python3.7/site-packages/airflow/example_dags/example_sla_dag.py
[2025-03-11T05:54:13.093+0000] {processor.py:743} INFO - Processing file /home/airflow/.local/lib/python3.7/site-packages/airflow/example_dags/example_sla_dag.py for tasks to queue
[2025-03-11T05:54:13.094+0000] {logging_mixin.py:137} INFO - [2025-03-11T05:54:13.093+0000] {dagbag.py:538} INFO - Filling up the DagBag from /home/airflow/.local/lib/python3.7/site-packages/airflow/example_dags/example_sla_dag.py
[2025-03-11T05:54:13.132+0000] {processor.py:753} INFO - DAG(s) dict_keys(['example_sla_dag']) retrieved from /home/airflow/.local/lib/python3.7/site-packages/airflow/example_dags/example_sla_dag.py
[2025-03-11T05:54:13.175+0000] {logging_mixin.py:137} INFO - [2025-03-11T05:54:13.175+0000] {dag.py:2676} INFO - Sync 1 DAGs
[2025-03-11T05:54:13.207+0000] {logging_mixin.py:137} INFO - [2025-03-11T05:54:13.207+0000] {dag.py:3427} INFO - Setting next_dagrun for example_sla_dag to 2025-03-11T05:52:00+00:00, run_after=2025-03-11T05:54:00+00:00
[2025-03-11T05:54:13.228+0000] {processor.py:175} INFO - Processing /home/airflow/.local/lib/python3.7/site-packages/airflow/example_dags/example_sla_dag.py took 0.147 seconds
[2025-03-11T05:54:43.305+0000] {processor.py:153} INFO - Started process (PID=206) to work on /home/airflow/.local/lib/python3.7/site-packages/airflow/example_dags/example_sla_dag.py
[2025-03-11T05:54:43.307+0000] {processor.py:743} INFO - Processing file /home/airflow/.local/lib/python3.7/site-packages/airflow/example_dags/example_sla_dag.py for tasks to queue
[2025-03-11T05:54:43.309+0000] {logging_mixin.py:137} INFO - [2025-03-11T05:54:43.309+0000] {dagbag.py:538} INFO - Filling up the DagBag from /home/airflow/.local/lib/python3.7/site-packages/airflow/example_dags/example_sla_dag.py
[2025-03-11T05:54:43.347+0000] {processor.py:753} INFO - DAG(s) dict_keys(['example_sla_dag']) retrieved from /home/airflow/.local/lib/python3.7/site-packages/airflow/example_dags/example_sla_dag.py
[2025-03-11T05:54:43.380+0000] {logging_mixin.py:137} INFO - [2025-03-11T05:54:43.380+0000] {dag.py:2676} INFO - Sync 1 DAGs
[2025-03-11T05:54:43.407+0000] {logging_mixin.py:137} INFO - [2025-03-11T05:54:43.406+0000] {dag.py:3427} INFO - Setting next_dagrun for example_sla_dag to 2025-03-11T05:52:00+00:00, run_after=2025-03-11T05:54:00+00:00
[2025-03-11T05:54:43.429+0000] {processor.py:175} INFO - Processing /home/airflow/.local/lib/python3.7/site-packages/airflow/example_dags/example_sla_dag.py took 0.128 seconds
[2025-03-11T05:55:13.780+0000] {processor.py:153} INFO - Started process (PID=245) to work on /home/airflow/.local/lib/python3.7/site-packages/airflow/example_dags/example_sla_dag.py
[2025-03-11T05:55:13.783+0000] {processor.py:743} INFO - Processing file /home/airflow/.local/lib/python3.7/site-packages/airflow/example_dags/example_sla_dag.py for tasks to queue
[2025-03-11T05:55:13.788+0000] {logging_mixin.py:137} INFO - [2025-03-11T05:55:13.787+0000] {dagbag.py:538} INFO - Filling up the DagBag from /home/airflow/.local/lib/python3.7/site-packages/airflow/example_dags/example_sla_dag.py
[2025-03-11T05:55:13.836+0000] {processor.py:753} INFO - DAG(s) dict_keys(['example_sla_dag']) retrieved from /home/airflow/.local/lib/python3.7/site-packages/airflow/example_dags/example_sla_dag.py
[2025-03-11T05:55:13.882+0000] {logging_mixin.py:137} INFO - [2025-03-11T05:55:13.882+0000] {dag.py:2676} INFO - Sync 1 DAGs
[2025-03-11T05:55:13.912+0000] {logging_mixin.py:137} INFO - [2025-03-11T05:55:13.912+0000] {dag.py:3427} INFO - Setting next_dagrun for example_sla_dag to 2025-03-11T05:52:00+00:00, run_after=2025-03-11T05:54:00+00:00
[2025-03-11T05:55:13.928+0000] {processor.py:175} INFO - Processing /home/airflow/.local/lib/python3.7/site-packages/airflow/example_dags/example_sla_dag.py took 0.155 seconds
[2025-03-11T05:55:44.428+0000] {processor.py:153} INFO - Started process (PID=284) to work on /home/airflow/.local/lib/python3.7/site-packages/airflow/example_dags/example_sla_dag.py
[2025-03-11T05:55:44.429+0000] {processor.py:743} INFO - Processing file /home/airflow/.local/lib/python3.7/site-packages/airflow/example_dags/example_sla_dag.py for tasks to queue
[2025-03-11T05:55:44.433+0000] {logging_mixin.py:137} INFO - [2025-03-11T05:55:44.433+0000] {dagbag.py:538} INFO - Filling up the DagBag from /home/airflow/.local/lib/python3.7/site-packages/airflow/example_dags/example_sla_dag.py
[2025-03-11T05:55:44.463+0000] {processor.py:753} INFO - DAG(s) dict_keys(['example_sla_dag']) retrieved from /home/airflow/.local/lib/python3.7/site-packages/airflow/example_dags/example_sla_dag.py
[2025-03-11T05:55:44.495+0000] {logging_mixin.py:137} INFO - [2025-03-11T05:55:44.495+0000] {dag.py:2676} INFO - Sync 1 DAGs
[2025-03-11T05:55:44.518+0000] {logging_mixin.py:137} INFO - [2025-03-11T05:55:44.518+0000] {dag.py:3427} INFO - Setting next_dagrun for example_sla_dag to 2025-03-11T05:52:00+00:00, run_after=2025-03-11T05:54:00+00:00
[2025-03-11T05:55:44.536+0000] {processor.py:175} INFO - Processing /home/airflow/.local/lib/python3.7/site-packages/airflow/example_dags/example_sla_dag.py took 0.113 seconds
[2025-03-11T05:56:14.842+0000] {processor.py:153} INFO - Started process (PID=323) to work on /home/airflow/.local/lib/python3.7/site-packages/airflow/example_dags/example_sla_dag.py
[2025-03-11T05:56:14.843+0000] {processor.py:743} INFO - Processing file /home/airflow/.local/lib/python3.7/site-packages/airflow/example_dags/example_sla_dag.py for tasks to queue
[2025-03-11T05:56:14.845+0000] {logging_mixin.py:137} INFO - [2025-03-11T05:56:14.844+0000] {dagbag.py:538} INFO - Filling up the DagBag from /home/airflow/.local/lib/python3.7/site-packages/airflow/example_dags/example_sla_dag.py
[2025-03-11T05:56:14.879+0000] {processor.py:753} INFO - DAG(s) dict_keys(['example_sla_dag']) retrieved from /home/airflow/.local/lib/python3.7/site-packages/airflow/example_dags/example_sla_dag.py
[2025-03-11T05:56:14.917+0000] {logging_mixin.py:137} INFO - [2025-03-11T05:56:14.917+0000] {dag.py:2676} INFO - Sync 1 DAGs
[2025-03-11T05:56:14.940+0000] {logging_mixin.py:137} INFO - [2025-03-11T05:56:14.940+0000] {dag.py:3427} INFO - Setting next_dagrun for example_sla_dag to 2025-03-11T05:54:00+00:00, run_after=2025-03-11T05:56:00+00:00
[2025-03-11T05:56:14.956+0000] {processor.py:175} INFO - Processing /home/airflow/.local/lib/python3.7/site-packages/airflow/example_dags/example_sla_dag.py took 0.119 seconds
[2025-03-11T05:56:45.128+0000] {processor.py:153} INFO - Started process (PID=362) to work on /home/airflow/.local/lib/python3.7/site-packages/airflow/example_dags/example_sla_dag.py
[2025-03-11T05:56:45.131+0000] {processor.py:743} INFO - Processing file /home/airflow/.local/lib/python3.7/site-packages/airflow/example_dags/example_sla_dag.py for tasks to queue
[2025-03-11T05:56:45.132+0000] {logging_mixin.py:137} INFO - [2025-03-11T05:56:45.132+0000] {dagbag.py:538} INFO - Filling up the DagBag from /home/airflow/.local/lib/python3.7/site-packages/airflow/example_dags/example_sla_dag.py
[2025-03-11T05:56:45.166+0000] {processor.py:753} INFO - DAG(s) dict_keys(['example_sla_dag']) retrieved from /home/airflow/.local/lib/python3.7/site-packages/airflow/example_dags/example_sla_dag.py
[2025-03-11T05:56:45.203+0000] {logging_mixin.py:137} INFO - [2025-03-11T05:56:45.202+0000] {dag.py:2676} INFO - Sync 1 DAGs
[2025-03-11T05:56:45.227+0000] {logging_mixin.py:137} INFO - [2025-03-11T05:56:45.227+0000] {dag.py:3427} INFO - Setting next_dagrun for example_sla_dag to 2025-03-11T05:54:00+00:00, run_after=2025-03-11T05:56:00+00:00
[2025-03-11T05:56:45.243+0000] {processor.py:175} INFO - Processing /home/airflow/.local/lib/python3.7/site-packages/airflow/example_dags/example_sla_dag.py took 0.120 seconds
[2025-03-11T05:57:15.565+0000] {processor.py:153} INFO - Started process (PID=401) to work on /home/airflow/.local/lib/python3.7/site-packages/airflow/example_dags/example_sla_dag.py
[2025-03-11T05:57:15.567+0000] {processor.py:743} INFO - Processing file /home/airflow/.local/lib/python3.7/site-packages/airflow/example_dags/example_sla_dag.py for tasks to queue
[2025-03-11T05:57:15.568+0000] {logging_mixin.py:137} INFO - [2025-03-11T05:57:15.568+0000] {dagbag.py:538} INFO - Filling up the DagBag from /home/airflow/.local/lib/python3.7/site-packages/airflow/example_dags/example_sla_dag.py
[2025-03-11T05:57:15.601+0000] {processor.py:753} INFO - DAG(s) dict_keys(['example_sla_dag']) retrieved from /home/airflow/.local/lib/python3.7/site-packages/airflow/example_dags/example_sla_dag.py
[2025-03-11T05:57:15.638+0000] {logging_mixin.py:137} INFO - [2025-03-11T05:57:15.638+0000] {dag.py:2676} INFO - Sync 1 DAGs
[2025-03-11T05:57:15.662+0000] {logging_mixin.py:137} INFO - [2025-03-11T05:57:15.662+0000] {dag.py:3427} INFO - Setting next_dagrun for example_sla_dag to 2025-03-11T05:54:00+00:00, run_after=2025-03-11T05:56:00+00:00
[2025-03-11T05:57:15.676+0000] {processor.py:175} INFO - Processing /home/airflow/.local/lib/python3.7/site-packages/airflow/example_dags/example_sla_dag.py took 0.116 seconds
[2025-03-11T05:57:45.989+0000] {processor.py:153} INFO - Started process (PID=440) to work on /home/airflow/.local/lib/python3.7/site-packages/airflow/example_dags/example_sla_dag.py
[2025-03-11T05:57:45.991+0000] {processor.py:743} INFO - Processing file /home/airflow/.local/lib/python3.7/site-packages/airflow/example_dags/example_sla_dag.py for tasks to queue
[2025-03-11T05:57:45.992+0000] {logging_mixin.py:137} INFO - [2025-03-11T05:57:45.992+0000] {dagbag.py:538} INFO - Filling up the DagBag from /home/airflow/.local/lib/python3.7/site-packages/airflow/example_dags/example_sla_dag.py
[2025-03-11T05:57:46.024+0000] {processor.py:753} INFO - DAG(s) dict_keys(['example_sla_dag']) retrieved from /home/airflow/.local/lib/python3.7/site-packages/airflow/example_dags/example_sla_dag.py
[2025-03-11T05:57:46.058+0000] {logging_mixin.py:137} INFO - [2025-03-11T05:57:46.058+0000] {dag.py:2676} INFO - Sync 1 DAGs
[2025-03-11T05:57:46.084+0000] {logging_mixin.py:137} INFO - [2025-03-11T05:57:46.084+0000] {dag.py:3427} INFO - Setting next_dagrun for example_sla_dag to 2025-03-11T05:54:00+00:00, run_after=2025-03-11T05:56:00+00:00
[2025-03-11T05:57:46.098+0000] {processor.py:175} INFO - Processing /home/airflow/.local/lib/python3.7/site-packages/airflow/example_dags/example_sla_dag.py took 0.115 seconds
[2025-03-11T05:58:16.583+0000] {processor.py:153} INFO - Started process (PID=479) to work on /home/airflow/.local/lib/python3.7/site-packages/airflow/example_dags/example_sla_dag.py
[2025-03-11T05:58:16.584+0000] {processor.py:743} INFO - Processing file /home/airflow/.local/lib/python3.7/site-packages/airflow/example_dags/example_sla_dag.py for tasks to queue
[2025-03-11T05:58:16.586+0000] {logging_mixin.py:137} INFO - [2025-03-11T05:58:16.586+0000] {dagbag.py:538} INFO - Filling up the DagBag from /home/airflow/.local/lib/python3.7/site-packages/airflow/example_dags/example_sla_dag.py
[2025-03-11T05:58:16.618+0000] {processor.py:753} INFO - DAG(s) dict_keys(['example_sla_dag']) retrieved from /home/airflow/.local/lib/python3.7/site-packages/airflow/example_dags/example_sla_dag.py
[2025-03-11T05:58:16.650+0000] {logging_mixin.py:137} INFO - [2025-03-11T05:58:16.650+0000] {dag.py:2676} INFO - Sync 1 DAGs
[2025-03-11T05:58:16.672+0000] {logging_mixin.py:137} INFO - [2025-03-11T05:58:16.672+0000] {dag.py:3427} INFO - Setting next_dagrun for example_sla_dag to 2025-03-11T05:56:00+00:00, run_after=2025-03-11T05:58:00+00:00
[2025-03-11T05:58:16.687+0000] {processor.py:175} INFO - Processing /home/airflow/.local/lib/python3.7/site-packages/airflow/example_dags/example_sla_dag.py took 0.108 seconds
[2025-03-11T05:58:47.007+0000] {processor.py:153} INFO - Started process (PID=518) to work on /home/airflow/.local/lib/python3.7/site-packages/airflow/example_dags/example_sla_dag.py
[2025-03-11T05:58:47.009+0000] {processor.py:743} INFO - Processing file /home/airflow/.local/lib/python3.7/site-packages/airflow/example_dags/example_sla_dag.py for tasks to queue
[2025-03-11T05:58:47.010+0000] {logging_mixin.py:137} INFO - [2025-03-11T05:58:47.010+0000] {dagbag.py:538} INFO - Filling up the DagBag from /home/airflow/.local/lib/python3.7/site-packages/airflow/example_dags/example_sla_dag.py
[2025-03-11T05:58:47.050+0000] {processor.py:753} INFO - DAG(s) dict_keys(['example_sla_dag']) retrieved from /home/airflow/.local/lib/python3.7/site-packages/airflow/example_dags/example_sla_dag.py
[2025-03-11T05:58:47.086+0000] {logging_mixin.py:137} INFO - [2025-03-11T05:58:47.086+0000] {dag.py:2676} INFO - Sync 1 DAGs
[2025-03-11T05:58:47.111+0000] {logging_mixin.py:137} INFO - [2025-03-11T05:58:47.110+0000] {dag.py:3427} INFO - Setting next_dagrun for example_sla_dag to 2025-03-11T05:56:00+00:00, run_after=2025-03-11T05:58:00+00:00
[2025-03-11T05:58:47.127+0000] {processor.py:175} INFO - Processing /home/airflow/.local/lib/python3.7/site-packages/airflow/example_dags/example_sla_dag.py took 0.124 seconds
[2025-03-11T05:59:17.563+0000] {processor.py:153} INFO - Started process (PID=557) to work on /home/airflow/.local/lib/python3.7/site-packages/airflow/example_dags/example_sla_dag.py
[2025-03-11T05:59:17.565+0000] {processor.py:743} INFO - Processing file /home/airflow/.local/lib/python3.7/site-packages/airflow/example_dags/example_sla_dag.py for tasks to queue
[2025-03-11T05:59:17.566+0000] {logging_mixin.py:137} INFO - [2025-03-11T05:59:17.566+0000] {dagbag.py:538} INFO - Filling up the DagBag from /home/airflow/.local/lib/python3.7/site-packages/airflow/example_dags/example_sla_dag.py
[2025-03-11T05:59:17.599+0000] {processor.py:753} INFO - DAG(s) dict_keys(['example_sla_dag']) retrieved from /home/airflow/.local/lib/python3.7/site-packages/airflow/example_dags/example_sla_dag.py
[2025-03-11T05:59:17.642+0000] {logging_mixin.py:137} INFO - [2025-03-11T05:59:17.642+0000] {dag.py:2676} INFO - Sync 1 DAGs
[2025-03-11T05:59:17.674+0000] {logging_mixin.py:137} INFO - [2025-03-11T05:59:17.674+0000] {dag.py:3427} INFO - Setting next_dagrun for example_sla_dag to 2025-03-11T05:56:00+00:00, run_after=2025-03-11T05:58:00+00:00
[2025-03-11T05:59:17.691+0000] {processor.py:175} INFO - Processing /home/airflow/.local/lib/python3.7/site-packages/airflow/example_dags/example_sla_dag.py took 0.133 seconds
[2025-03-11T05:59:48.147+0000] {processor.py:153} INFO - Started process (PID=596) to work on /home/airflow/.local/lib/python3.7/site-packages/airflow/example_dags/example_sla_dag.py
[2025-03-11T05:59:48.149+0000] {processor.py:743} INFO - Processing file /home/airflow/.local/lib/python3.7/site-packages/airflow/example_dags/example_sla_dag.py for tasks to queue
[2025-03-11T05:59:48.150+0000] {logging_mixin.py:137} INFO - [2025-03-11T05:59:48.150+0000] {dagbag.py:538} INFO - Filling up the DagBag from /home/airflow/.local/lib/python3.7/site-packages/airflow/example_dags/example_sla_dag.py
[2025-03-11T05:59:48.183+0000] {processor.py:753} INFO - DAG(s) dict_keys(['example_sla_dag']) retrieved from /home/airflow/.local/lib/python3.7/site-packages/airflow/example_dags/example_sla_dag.py
[2025-03-11T05:59:48.219+0000] {logging_mixin.py:137} INFO - [2025-03-11T05:59:48.219+0000] {dag.py:2676} INFO - Sync 1 DAGs
[2025-03-11T05:59:48.242+0000] {logging_mixin.py:137} INFO - [2025-03-11T05:59:48.242+0000] {dag.py:3427} INFO - Setting next_dagrun for example_sla_dag to 2025-03-11T05:56:00+00:00, run_after=2025-03-11T05:58:00+00:00
[2025-03-11T05:59:48.256+0000] {processor.py:175} INFO - Processing /home/airflow/.local/lib/python3.7/site-packages/airflow/example_dags/example_sla_dag.py took 0.114 seconds
[2025-03-11T06:00:18.645+0000] {processor.py:153} INFO - Started process (PID=635) to work on /home/airflow/.local/lib/python3.7/site-packages/airflow/example_dags/example_sla_dag.py
[2025-03-11T06:00:18.646+0000] {processor.py:743} INFO - Processing file /home/airflow/.local/lib/python3.7/site-packages/airflow/example_dags/example_sla_dag.py for tasks to queue
[2025-03-11T06:00:18.648+0000] {logging_mixin.py:137} INFO - [2025-03-11T06:00:18.647+0000] {dagbag.py:538} INFO - Filling up the DagBag from /home/airflow/.local/lib/python3.7/site-packages/airflow/example_dags/example_sla_dag.py
[2025-03-11T06:00:18.679+0000] {processor.py:753} INFO - DAG(s) dict_keys(['example_sla_dag']) retrieved from /home/airflow/.local/lib/python3.7/site-packages/airflow/example_dags/example_sla_dag.py
[2025-03-11T06:00:18.718+0000] {logging_mixin.py:137} INFO - [2025-03-11T06:00:18.718+0000] {dag.py:2676} INFO - Sync 1 DAGs
[2025-03-11T06:00:18.741+0000] {logging_mixin.py:137} INFO - [2025-03-11T06:00:18.741+0000] {dag.py:3427} INFO - Setting next_dagrun for example_sla_dag to 2025-03-11T05:58:00+00:00, run_after=2025-03-11T06:00:00+00:00
[2025-03-11T06:00:18.761+0000] {processor.py:175} INFO - Processing /home/airflow/.local/lib/python3.7/site-packages/airflow/example_dags/example_sla_dag.py took 0.121 seconds
[2025-03-11T06:00:49.290+0000] {processor.py:153} INFO - Started process (PID=674) to work on /home/airflow/.local/lib/python3.7/site-packages/airflow/example_dags/example_sla_dag.py
[2025-03-11T06:00:49.292+0000] {processor.py:743} INFO - Processing file /home/airflow/.local/lib/python3.7/site-packages/airflow/example_dags/example_sla_dag.py for tasks to queue
[2025-03-11T06:00:49.293+0000] {logging_mixin.py:137} INFO - [2025-03-11T06:00:49.293+0000] {dagbag.py:538} INFO - Filling up the DagBag from /home/airflow/.local/lib/python3.7/site-packages/airflow/example_dags/example_sla_dag.py
[2025-03-11T06:00:49.325+0000] {processor.py:753} INFO - DAG(s) dict_keys(['example_sla_dag']) retrieved from /home/airflow/.local/lib/python3.7/site-packages/airflow/example_dags/example_sla_dag.py
[2025-03-11T06:00:49.360+0000] {logging_mixin.py:137} INFO - [2025-03-11T06:00:49.360+0000] {dag.py:2676} INFO - Sync 1 DAGs
[2025-03-11T06:00:49.385+0000] {logging_mixin.py:137} INFO - [2025-03-11T06:00:49.385+0000] {dag.py:3427} INFO - Setting next_dagrun for example_sla_dag to 2025-03-11T05:58:00+00:00, run_after=2025-03-11T06:00:00+00:00
[2025-03-11T06:00:49.403+0000] {processor.py:175} INFO - Processing /home/airflow/.local/lib/python3.7/site-packages/airflow/example_dags/example_sla_dag.py took 0.118 seconds
[2025-03-11T06:01:19.840+0000] {processor.py:153} INFO - Started process (PID=713) to work on /home/airflow/.local/lib/python3.7/site-packages/airflow/example_dags/example_sla_dag.py
[2025-03-11T06:01:19.842+0000] {processor.py:743} INFO - Processing file /home/airflow/.local/lib/python3.7/site-packages/airflow/example_dags/example_sla_dag.py for tasks to queue
[2025-03-11T06:01:19.844+0000] {logging_mixin.py:137} INFO - [2025-03-11T06:01:19.843+0000] {dagbag.py:538} INFO - Filling up the DagBag from /home/airflow/.local/lib/python3.7/site-packages/airflow/example_dags/example_sla_dag.py
[2025-03-11T06:01:19.889+0000] {processor.py:753} INFO - DAG(s) dict_keys(['example_sla_dag']) retrieved from /home/airflow/.local/lib/python3.7/site-packages/airflow/example_dags/example_sla_dag.py
[2025-03-11T06:01:19.928+0000] {logging_mixin.py:137} INFO - [2025-03-11T06:01:19.928+0000] {dag.py:2676} INFO - Sync 1 DAGs
[2025-03-11T06:01:19.955+0000] {logging_mixin.py:137} INFO - [2025-03-11T06:01:19.955+0000] {dag.py:3427} INFO - Setting next_dagrun for example_sla_dag to 2025-03-11T05:58:00+00:00, run_after=2025-03-11T06:00:00+00:00
[2025-03-11T06:01:19.973+0000] {processor.py:175} INFO - Processing /home/airflow/.local/lib/python3.7/site-packages/airflow/example_dags/example_sla_dag.py took 0.140 seconds
[2025-03-11T06:01:50.177+0000] {processor.py:153} INFO - Started process (PID=752) to work on /home/airflow/.local/lib/python3.7/site-packages/airflow/example_dags/example_sla_dag.py
[2025-03-11T06:01:50.178+0000] {processor.py:743} INFO - Processing file /home/airflow/.local/lib/python3.7/site-packages/airflow/example_dags/example_sla_dag.py for tasks to queue
[2025-03-11T06:01:50.179+0000] {logging_mixin.py:137} INFO - [2025-03-11T06:01:50.179+0000] {dagbag.py:538} INFO - Filling up the DagBag from /home/airflow/.local/lib/python3.7/site-packages/airflow/example_dags/example_sla_dag.py
[2025-03-11T06:01:50.216+0000] {processor.py:753} INFO - DAG(s) dict_keys(['example_sla_dag']) retrieved from /home/airflow/.local/lib/python3.7/site-packages/airflow/example_dags/example_sla_dag.py
[2025-03-11T06:01:50.250+0000] {logging_mixin.py:137} INFO - [2025-03-11T06:01:50.250+0000] {dag.py:2676} INFO - Sync 1 DAGs
[2025-03-11T06:01:50.276+0000] {logging_mixin.py:137} INFO - [2025-03-11T06:01:50.276+0000] {dag.py:3427} INFO - Setting next_dagrun for example_sla_dag to 2025-03-11T05:58:00+00:00, run_after=2025-03-11T06:00:00+00:00
[2025-03-11T06:01:50.291+0000] {processor.py:175} INFO - Processing /home/airflow/.local/lib/python3.7/site-packages/airflow/example_dags/example_sla_dag.py took 0.119 seconds
[2025-03-11T06:02:20.900+0000] {processor.py:153} INFO - Started process (PID=791) to work on /home/airflow/.local/lib/python3.7/site-packages/airflow/example_dags/example_sla_dag.py
[2025-03-11T06:02:20.902+0000] {processor.py:743} INFO - Processing file /home/airflow/.local/lib/python3.7/site-packages/airflow/example_dags/example_sla_dag.py for tasks to queue
[2025-03-11T06:02:20.903+0000] {logging_mixin.py:137} INFO - [2025-03-11T06:02:20.903+0000] {dagbag.py:538} INFO - Filling up the DagBag from /home/airflow/.local/lib/python3.7/site-packages/airflow/example_dags/example_sla_dag.py
[2025-03-11T06:02:20.936+0000] {processor.py:753} INFO - DAG(s) dict_keys(['example_sla_dag']) retrieved from /home/airflow/.local/lib/python3.7/site-packages/airflow/example_dags/example_sla_dag.py
[2025-03-11T06:02:20.994+0000] {logging_mixin.py:137} INFO - [2025-03-11T06:02:20.994+0000] {dag.py:2676} INFO - Sync 1 DAGs
[2025-03-11T06:02:21.029+0000] {logging_mixin.py:137} INFO - [2025-03-11T06:02:21.029+0000] {dag.py:3427} INFO - Setting next_dagrun for example_sla_dag to 2025-03-11T06:00:00+00:00, run_after=2025-03-11T06:02:00+00:00
[2025-03-11T06:02:21.055+0000] {processor.py:175} INFO - Processing /home/airflow/.local/lib/python3.7/site-packages/airflow/example_dags/example_sla_dag.py took 0.159 seconds
[2025-03-11T06:02:51.623+0000] {processor.py:153} INFO - Started process (PID=830) to work on /home/airflow/.local/lib/python3.7/site-packages/airflow/example_dags/example_sla_dag.py
[2025-03-11T06:02:51.625+0000] {processor.py:743} INFO - Processing file /home/airflow/.local/lib/python3.7/site-packages/airflow/example_dags/example_sla_dag.py for tasks to queue
[2025-03-11T06:02:51.626+0000] {logging_mixin.py:137} INFO - [2025-03-11T06:02:51.626+0000] {dagbag.py:538} INFO - Filling up the DagBag from /home/airflow/.local/lib/python3.7/site-packages/airflow/example_dags/example_sla_dag.py
[2025-03-11T06:02:51.660+0000] {processor.py:753} INFO - DAG(s) dict_keys(['example_sla_dag']) retrieved from /home/airflow/.local/lib/python3.7/site-packages/airflow/example_dags/example_sla_dag.py
[2025-03-11T06:02:51.697+0000] {logging_mixin.py:137} INFO - [2025-03-11T06:02:51.697+0000] {dag.py:2676} INFO - Sync 1 DAGs
[2025-03-11T06:02:51.728+0000] {logging_mixin.py:137} INFO - [2025-03-11T06:02:51.728+0000] {dag.py:3427} INFO - Setting next_dagrun for example_sla_dag to 2025-03-11T06:00:00+00:00, run_after=2025-03-11T06:02:00+00:00
[2025-03-11T06:02:51.749+0000] {processor.py:175} INFO - Processing /home/airflow/.local/lib/python3.7/site-packages/airflow/example_dags/example_sla_dag.py took 0.130 seconds
[2025-03-11T06:03:22.027+0000] {processor.py:153} INFO - Started process (PID=869) to work on /home/airflow/.local/lib/python3.7/site-packages/airflow/example_dags/example_sla_dag.py
[2025-03-11T06:03:22.028+0000] {processor.py:743} INFO - Processing file /home/airflow/.local/lib/python3.7/site-packages/airflow/example_dags/example_sla_dag.py for tasks to queue
[2025-03-11T06:03:22.029+0000] {logging_mixin.py:137} INFO - [2025-03-11T06:03:22.029+0000] {dagbag.py:538} INFO - Filling up the DagBag from /home/airflow/.local/lib/python3.7/site-packages/airflow/example_dags/example_sla_dag.py
[2025-03-11T06:03:22.059+0000] {processor.py:753} INFO - DAG(s) dict_keys(['example_sla_dag']) retrieved from /home/airflow/.local/lib/python3.7/site-packages/airflow/example_dags/example_sla_dag.py
[2025-03-11T06:03:22.094+0000] {logging_mixin.py:137} INFO - [2025-03-11T06:03:22.094+0000] {dag.py:2676} INFO - Sync 1 DAGs
[2025-03-11T06:03:22.118+0000] {logging_mixin.py:137} INFO - [2025-03-11T06:03:22.117+0000] {dag.py:3427} INFO - Setting next_dagrun for example_sla_dag to 2025-03-11T06:00:00+00:00, run_after=2025-03-11T06:02:00+00:00
[2025-03-11T06:03:22.134+0000] {processor.py:175} INFO - Processing /home/airflow/.local/lib/python3.7/site-packages/airflow/example_dags/example_sla_dag.py took 0.112 seconds
[2025-03-11T06:03:52.461+0000] {processor.py:153} INFO - Started process (PID=908) to work on /home/airflow/.local/lib/python3.7/site-packages/airflow/example_dags/example_sla_dag.py
[2025-03-11T06:03:52.463+0000] {processor.py:743} INFO - Processing file /home/airflow/.local/lib/python3.7/site-packages/airflow/example_dags/example_sla_dag.py for tasks to queue
[2025-03-11T06:03:52.466+0000] {logging_mixin.py:137} INFO - [2025-03-11T06:03:52.465+0000] {dagbag.py:538} INFO - Filling up the DagBag from /home/airflow/.local/lib/python3.7/site-packages/airflow/example_dags/example_sla_dag.py
[2025-03-11T06:03:52.495+0000] {processor.py:753} INFO - DAG(s) dict_keys(['example_sla_dag']) retrieved from /home/airflow/.local/lib/python3.7/site-packages/airflow/example_dags/example_sla_dag.py
[2025-03-11T06:03:52.531+0000] {logging_mixin.py:137} INFO - [2025-03-11T06:03:52.531+0000] {dag.py:2676} INFO - Sync 1 DAGs
[2025-03-11T06:03:52.553+0000] {logging_mixin.py:137} INFO - [2025-03-11T06:03:52.553+0000] {dag.py:3427} INFO - Setting next_dagrun for example_sla_dag to 2025-03-11T06:00:00+00:00, run_after=2025-03-11T06:02:00+00:00
[2025-03-11T06:03:52.568+0000] {processor.py:175} INFO - Processing /home/airflow/.local/lib/python3.7/site-packages/airflow/example_dags/example_sla_dag.py took 0.111 seconds
[2025-03-11T06:04:22.906+0000] {processor.py:153} INFO - Started process (PID=947) to work on /home/airflow/.local/lib/python3.7/site-packages/airflow/example_dags/example_sla_dag.py
[2025-03-11T06:04:22.909+0000] {processor.py:743} INFO - Processing file /home/airflow/.local/lib/python3.7/site-packages/airflow/example_dags/example_sla_dag.py for tasks to queue
[2025-03-11T06:04:22.912+0000] {logging_mixin.py:137} INFO - [2025-03-11T06:04:22.911+0000] {dagbag.py:538} INFO - Filling up the DagBag from /home/airflow/.local/lib/python3.7/site-packages/airflow/example_dags/example_sla_dag.py
[2025-03-11T06:04:22.942+0000] {processor.py:753} INFO - DAG(s) dict_keys(['example_sla_dag']) retrieved from /home/airflow/.local/lib/python3.7/site-packages/airflow/example_dags/example_sla_dag.py
[2025-03-11T06:04:22.978+0000] {logging_mixin.py:137} INFO - [2025-03-11T06:04:22.978+0000] {dag.py:2676} INFO - Sync 1 DAGs
[2025-03-11T06:04:23.010+0000] {logging_mixin.py:137} INFO - [2025-03-11T06:04:23.010+0000] {dag.py:3427} INFO - Setting next_dagrun for example_sla_dag to 2025-03-11T06:02:00+00:00, run_after=2025-03-11T06:04:00+00:00
[2025-03-11T06:04:23.030+0000] {processor.py:175} INFO - Processing /home/airflow/.local/lib/python3.7/site-packages/airflow/example_dags/example_sla_dag.py took 0.129 seconds
[2025-03-11T06:04:53.321+0000] {processor.py:153} INFO - Started process (PID=986) to work on /home/airflow/.local/lib/python3.7/site-packages/airflow/example_dags/example_sla_dag.py
[2025-03-11T06:04:53.323+0000] {processor.py:743} INFO - Processing file /home/airflow/.local/lib/python3.7/site-packages/airflow/example_dags/example_sla_dag.py for tasks to queue
[2025-03-11T06:04:53.324+0000] {logging_mixin.py:137} INFO - [2025-03-11T06:04:53.324+0000] {dagbag.py:538} INFO - Filling up the DagBag from /home/airflow/.local/lib/python3.7/site-packages/airflow/example_dags/example_sla_dag.py
[2025-03-11T06:04:53.357+0000] {processor.py:753} INFO - DAG(s) dict_keys(['example_sla_dag']) retrieved from /home/airflow/.local/lib/python3.7/site-packages/airflow/example_dags/example_sla_dag.py
[2025-03-11T06:04:53.392+0000] {logging_mixin.py:137} INFO - [2025-03-11T06:04:53.392+0000] {dag.py:2676} INFO - Sync 1 DAGs
[2025-03-11T06:04:53.415+0000] {logging_mixin.py:137} INFO - [2025-03-11T06:04:53.415+0000] {dag.py:3427} INFO - Setting next_dagrun for example_sla_dag to 2025-03-11T06:02:00+00:00, run_after=2025-03-11T06:04:00+00:00
[2025-03-11T06:04:53.431+0000] {processor.py:175} INFO - Processing /home/airflow/.local/lib/python3.7/site-packages/airflow/example_dags/example_sla_dag.py took 0.114 seconds
[2025-03-11T06:05:23.726+0000] {processor.py:153} INFO - Started process (PID=1025) to work on /home/airflow/.local/lib/python3.7/site-packages/airflow/example_dags/example_sla_dag.py
[2025-03-11T06:05:23.727+0000] {processor.py:743} INFO - Processing file /home/airflow/.local/lib/python3.7/site-packages/airflow/example_dags/example_sla_dag.py for tasks to queue
[2025-03-11T06:05:23.730+0000] {logging_mixin.py:137} INFO - [2025-03-11T06:05:23.729+0000] {dagbag.py:538} INFO - Filling up the DagBag from /home/airflow/.local/lib/python3.7/site-packages/airflow/example_dags/example_sla_dag.py
[2025-03-11T06:05:23.761+0000] {processor.py:753} INFO - DAG(s) dict_keys(['example_sla_dag']) retrieved from /home/airflow/.local/lib/python3.7/site-packages/airflow/example_dags/example_sla_dag.py
[2025-03-11T06:05:23.800+0000] {logging_mixin.py:137} INFO - [2025-03-11T06:05:23.800+0000] {dag.py:2676} INFO - Sync 1 DAGs
[2025-03-11T06:05:23.827+0000] {logging_mixin.py:137} INFO - [2025-03-11T06:05:23.826+0000] {dag.py:3427} INFO - Setting next_dagrun for example_sla_dag to 2025-03-11T06:02:00+00:00, run_after=2025-03-11T06:04:00+00:00
[2025-03-11T06:05:23.842+0000] {processor.py:175} INFO - Processing /home/airflow/.local/lib/python3.7/site-packages/airflow/example_dags/example_sla_dag.py took 0.121 seconds
[2025-03-11T06:05:54.205+0000] {processor.py:153} INFO - Started process (PID=1064) to work on /home/airflow/.local/lib/python3.7/site-packages/airflow/example_dags/example_sla_dag.py
[2025-03-11T06:05:54.206+0000] {processor.py:743} INFO - Processing file /home/airflow/.local/lib/python3.7/site-packages/airflow/example_dags/example_sla_dag.py for tasks to queue
[2025-03-11T06:05:54.208+0000] {logging_mixin.py:137} INFO - [2025-03-11T06:05:54.208+0000] {dagbag.py:538} INFO - Filling up the DagBag from /home/airflow/.local/lib/python3.7/site-packages/airflow/example_dags/example_sla_dag.py
[2025-03-11T06:05:54.242+0000] {processor.py:753} INFO - DAG(s) dict_keys(['example_sla_dag']) retrieved from /home/airflow/.local/lib/python3.7/site-packages/airflow/example_dags/example_sla_dag.py
[2025-03-11T06:05:54.279+0000] {logging_mixin.py:137} INFO - [2025-03-11T06:05:54.279+0000] {dag.py:2676} INFO - Sync 1 DAGs
[2025-03-11T06:05:54.308+0000] {logging_mixin.py:137} INFO - [2025-03-11T06:05:54.306+0000] {dag.py:3427} INFO - Setting next_dagrun for example_sla_dag to 2025-03-11T06:02:00+00:00, run_after=2025-03-11T06:04:00+00:00
[2025-03-11T06:05:54.322+0000] {processor.py:175} INFO - Processing /home/airflow/.local/lib/python3.7/site-packages/airflow/example_dags/example_sla_dag.py took 0.121 seconds
[2025-03-11T06:06:24.682+0000] {processor.py:153} INFO - Started process (PID=1103) to work on /home/airflow/.local/lib/python3.7/site-packages/airflow/example_dags/example_sla_dag.py
[2025-03-11T06:06:24.684+0000] {processor.py:743} INFO - Processing file /home/airflow/.local/lib/python3.7/site-packages/airflow/example_dags/example_sla_dag.py for tasks to queue
[2025-03-11T06:06:24.686+0000] {logging_mixin.py:137} INFO - [2025-03-11T06:06:24.686+0000] {dagbag.py:538} INFO - Filling up the DagBag from /home/airflow/.local/lib/python3.7/site-packages/airflow/example_dags/example_sla_dag.py
[2025-03-11T06:06:24.717+0000] {processor.py:753} INFO - DAG(s) dict_keys(['example_sla_dag']) retrieved from /home/airflow/.local/lib/python3.7/site-packages/airflow/example_dags/example_sla_dag.py
[2025-03-11T06:06:24.749+0000] {logging_mixin.py:137} INFO - [2025-03-11T06:06:24.749+0000] {dag.py:2676} INFO - Sync 1 DAGs
[2025-03-11T06:06:24.775+0000] {logging_mixin.py:137} INFO - [2025-03-11T06:06:24.775+0000] {dag.py:3427} INFO - Setting next_dagrun for example_sla_dag to 2025-03-11T06:04:00+00:00, run_after=2025-03-11T06:06:00+00:00
[2025-03-11T06:06:24.796+0000] {processor.py:175} INFO - Processing /home/airflow/.local/lib/python3.7/site-packages/airflow/example_dags/example_sla_dag.py took 0.120 seconds
[2025-03-11T06:06:55.027+0000] {processor.py:153} INFO - Started process (PID=1142) to work on /home/airflow/.local/lib/python3.7/site-packages/airflow/example_dags/example_sla_dag.py
[2025-03-11T06:06:55.030+0000] {processor.py:743} INFO - Processing file /home/airflow/.local/lib/python3.7/site-packages/airflow/example_dags/example_sla_dag.py for tasks to queue
[2025-03-11T06:06:55.031+0000] {logging_mixin.py:137} INFO - [2025-03-11T06:06:55.031+0000] {dagbag.py:538} INFO - Filling up the DagBag from /home/airflow/.local/lib/python3.7/site-packages/airflow/example_dags/example_sla_dag.py
[2025-03-11T06:06:55.065+0000] {processor.py:753} INFO - DAG(s) dict_keys(['example_sla_dag']) retrieved from /home/airflow/.local/lib/python3.7/site-packages/airflow/example_dags/example_sla_dag.py
[2025-03-11T06:06:55.102+0000] {logging_mixin.py:137} INFO - [2025-03-11T06:06:55.102+0000] {dag.py:2676} INFO - Sync 1 DAGs
[2025-03-11T06:06:55.137+0000] {logging_mixin.py:137} INFO - [2025-03-11T06:06:55.136+0000] {dag.py:3427} INFO - Setting next_dagrun for example_sla_dag to 2025-03-11T06:04:00+00:00, run_after=2025-03-11T06:06:00+00:00
[2025-03-11T06:06:55.156+0000] {processor.py:175} INFO - Processing /home/airflow/.local/lib/python3.7/site-packages/airflow/example_dags/example_sla_dag.py took 0.133 seconds
[2025-03-11T06:07:25.466+0000] {processor.py:153} INFO - Started process (PID=1181) to work on /home/airflow/.local/lib/python3.7/site-packages/airflow/example_dags/example_sla_dag.py
[2025-03-11T06:07:25.468+0000] {processor.py:743} INFO - Processing file /home/airflow/.local/lib/python3.7/site-packages/airflow/example_dags/example_sla_dag.py for tasks to queue
[2025-03-11T06:07:25.471+0000] {logging_mixin.py:137} INFO - [2025-03-11T06:07:25.470+0000] {dagbag.py:538} INFO - Filling up the DagBag from /home/airflow/.local/lib/python3.7/site-packages/airflow/example_dags/example_sla_dag.py
[2025-03-11T06:07:25.503+0000] {processor.py:753} INFO - DAG(s) dict_keys(['example_sla_dag']) retrieved from /home/airflow/.local/lib/python3.7/site-packages/airflow/example_dags/example_sla_dag.py
[2025-03-11T06:07:25.538+0000] {logging_mixin.py:137} INFO - [2025-03-11T06:07:25.538+0000] {dag.py:2676} INFO - Sync 1 DAGs
[2025-03-11T06:07:25.562+0000] {logging_mixin.py:137} INFO - [2025-03-11T06:07:25.562+0000] {dag.py:3427} INFO - Setting next_dagrun for example_sla_dag to 2025-03-11T06:04:00+00:00, run_after=2025-03-11T06:06:00+00:00
[2025-03-11T06:07:25.577+0000] {processor.py:175} INFO - Processing /home/airflow/.local/lib/python3.7/site-packages/airflow/example_dags/example_sla_dag.py took 0.118 seconds
[2025-03-11T06:07:55.975+0000] {processor.py:153} INFO - Started process (PID=1220) to work on /home/airflow/.local/lib/python3.7/site-packages/airflow/example_dags/example_sla_dag.py
[2025-03-11T06:07:55.977+0000] {processor.py:743} INFO - Processing file /home/airflow/.local/lib/python3.7/site-packages/airflow/example_dags/example_sla_dag.py for tasks to queue
[2025-03-11T06:07:55.979+0000] {logging_mixin.py:137} INFO - [2025-03-11T06:07:55.979+0000] {dagbag.py:538} INFO - Filling up the DagBag from /home/airflow/.local/lib/python3.7/site-packages/airflow/example_dags/example_sla_dag.py
[2025-03-11T06:07:56.011+0000] {processor.py:753} INFO - DAG(s) dict_keys(['example_sla_dag']) retrieved from /home/airflow/.local/lib/python3.7/site-packages/airflow/example_dags/example_sla_dag.py
[2025-03-11T06:07:56.049+0000] {logging_mixin.py:137} INFO - [2025-03-11T06:07:56.049+0000] {dag.py:2676} INFO - Sync 1 DAGs
[2025-03-11T06:07:56.072+0000] {logging_mixin.py:137} INFO - [2025-03-11T06:07:56.072+0000] {dag.py:3427} INFO - Setting next_dagrun for example_sla_dag to 2025-03-11T06:04:00+00:00, run_after=2025-03-11T06:06:00+00:00
[2025-03-11T06:07:56.087+0000] {processor.py:175} INFO - Processing /home/airflow/.local/lib/python3.7/site-packages/airflow/example_dags/example_sla_dag.py took 0.117 seconds
[2025-03-11T06:08:26.489+0000] {processor.py:153} INFO - Started process (PID=1259) to work on /home/airflow/.local/lib/python3.7/site-packages/airflow/example_dags/example_sla_dag.py
[2025-03-11T06:08:26.491+0000] {processor.py:743} INFO - Processing file /home/airflow/.local/lib/python3.7/site-packages/airflow/example_dags/example_sla_dag.py for tasks to queue
[2025-03-11T06:08:26.492+0000] {logging_mixin.py:137} INFO - [2025-03-11T06:08:26.492+0000] {dagbag.py:538} INFO - Filling up the DagBag from /home/airflow/.local/lib/python3.7/site-packages/airflow/example_dags/example_sla_dag.py
[2025-03-11T06:08:26.525+0000] {processor.py:753} INFO - DAG(s) dict_keys(['example_sla_dag']) retrieved from /home/airflow/.local/lib/python3.7/site-packages/airflow/example_dags/example_sla_dag.py
[2025-03-11T06:08:26.559+0000] {logging_mixin.py:137} INFO - [2025-03-11T06:08:26.559+0000] {dag.py:2676} INFO - Sync 1 DAGs
[2025-03-11T06:08:26.583+0000] {logging_mixin.py:137} INFO - [2025-03-11T06:08:26.583+0000] {dag.py:3427} INFO - Setting next_dagrun for example_sla_dag to 2025-03-11T06:06:00+00:00, run_after=2025-03-11T06:08:00+00:00
[2025-03-11T06:08:26.599+0000] {processor.py:175} INFO - Processing /home/airflow/.local/lib/python3.7/site-packages/airflow/example_dags/example_sla_dag.py took 0.114 seconds
[2025-03-11T06:08:57.108+0000] {processor.py:153} INFO - Started process (PID=1298) to work on /home/airflow/.local/lib/python3.7/site-packages/airflow/example_dags/example_sla_dag.py
[2025-03-11T06:08:57.110+0000] {processor.py:743} INFO - Processing file /home/airflow/.local/lib/python3.7/site-packages/airflow/example_dags/example_sla_dag.py for tasks to queue
[2025-03-11T06:08:57.112+0000] {logging_mixin.py:137} INFO - [2025-03-11T06:08:57.112+0000] {dagbag.py:538} INFO - Filling up the DagBag from /home/airflow/.local/lib/python3.7/site-packages/airflow/example_dags/example_sla_dag.py
[2025-03-11T06:08:57.145+0000] {processor.py:753} INFO - DAG(s) dict_keys(['example_sla_dag']) retrieved from /home/airflow/.local/lib/python3.7/site-packages/airflow/example_dags/example_sla_dag.py
[2025-03-11T06:08:57.177+0000] {logging_mixin.py:137} INFO - [2025-03-11T06:08:57.177+0000] {dag.py:2676} INFO - Sync 1 DAGs
[2025-03-11T06:08:57.202+0000] {logging_mixin.py:137} INFO - [2025-03-11T06:08:57.202+0000] {dag.py:3427} INFO - Setting next_dagrun for example_sla_dag to 2025-03-11T06:06:00+00:00, run_after=2025-03-11T06:08:00+00:00
[2025-03-11T06:08:57.219+0000] {processor.py:175} INFO - Processing /home/airflow/.local/lib/python3.7/site-packages/airflow/example_dags/example_sla_dag.py took 0.118 seconds
[2025-03-11T06:09:27.542+0000] {processor.py:153} INFO - Started process (PID=1337) to work on /home/airflow/.local/lib/python3.7/site-packages/airflow/example_dags/example_sla_dag.py
[2025-03-11T06:09:27.545+0000] {processor.py:743} INFO - Processing file /home/airflow/.local/lib/python3.7/site-packages/airflow/example_dags/example_sla_dag.py for tasks to queue
[2025-03-11T06:09:27.547+0000] {logging_mixin.py:137} INFO - [2025-03-11T06:09:27.547+0000] {dagbag.py:538} INFO - Filling up the DagBag from /home/airflow/.local/lib/python3.7/site-packages/airflow/example_dags/example_sla_dag.py
[2025-03-11T06:09:27.577+0000] {processor.py:753} INFO - DAG(s) dict_keys(['example_sla_dag']) retrieved from /home/airflow/.local/lib/python3.7/site-packages/airflow/example_dags/example_sla_dag.py
[2025-03-11T06:09:27.614+0000] {logging_mixin.py:137} INFO - [2025-03-11T06:09:27.614+0000] {dag.py:2676} INFO - Sync 1 DAGs
[2025-03-11T06:09:27.637+0000] {logging_mixin.py:137} INFO - [2025-03-11T06:09:27.637+0000] {dag.py:3427} INFO - Setting next_dagrun for example_sla_dag to 2025-03-11T06:06:00+00:00, run_after=2025-03-11T06:08:00+00:00
[2025-03-11T06:09:27.655+0000] {processor.py:175} INFO - Processing /home/airflow/.local/lib/python3.7/site-packages/airflow/example_dags/example_sla_dag.py took 0.116 seconds
[2025-03-11T06:09:58.074+0000] {processor.py:153} INFO - Started process (PID=1376) to work on /home/airflow/.local/lib/python3.7/site-packages/airflow/example_dags/example_sla_dag.py
[2025-03-11T06:09:58.076+0000] {processor.py:743} INFO - Processing file /home/airflow/.local/lib/python3.7/site-packages/airflow/example_dags/example_sla_dag.py for tasks to queue
[2025-03-11T06:09:58.077+0000] {logging_mixin.py:137} INFO - [2025-03-11T06:09:58.077+0000] {dagbag.py:538} INFO - Filling up the DagBag from /home/airflow/.local/lib/python3.7/site-packages/airflow/example_dags/example_sla_dag.py
[2025-03-11T06:09:58.101+0000] {processor.py:753} INFO - DAG(s) dict_keys(['example_sla_dag']) retrieved from /home/airflow/.local/lib/python3.7/site-packages/airflow/example_dags/example_sla_dag.py
[2025-03-11T06:09:58.133+0000] {logging_mixin.py:137} INFO - [2025-03-11T06:09:58.133+0000] {dag.py:2676} INFO - Sync 1 DAGs
[2025-03-11T06:09:58.156+0000] {logging_mixin.py:137} INFO - [2025-03-11T06:09:58.156+0000] {dag.py:3427} INFO - Setting next_dagrun for example_sla_dag to 2025-03-11T06:06:00+00:00, run_after=2025-03-11T06:08:00+00:00
[2025-03-11T06:09:58.172+0000] {processor.py:175} INFO - Processing /home/airflow/.local/lib/python3.7/site-packages/airflow/example_dags/example_sla_dag.py took 0.104 seconds
