[2025-03-11T05:52:40.706+0000] {processor.py:153} INFO - Started process (PID=52) to work on /home/airflow/.local/lib/python3.7/site-packages/airflow/example_dags/example_nested_branch_dag.py
[2025-03-11T05:52:40.710+0000] {processor.py:743} INFO - Processing file /home/airflow/.local/lib/python3.7/site-packages/airflow/example_dags/example_nested_branch_dag.py for tasks to queue
[2025-03-11T05:52:40.712+0000] {logging_mixin.py:137} INFO - [2025-03-11T05:52:40.712+0000] {dagbag.py:538} INFO - Filling up the DagBag from /home/airflow/.local/lib/python3.7/site-packages/airflow/example_dags/example_nested_branch_dag.py
[2025-03-11T05:52:40.791+0000] {processor.py:753} INFO - DAG(s) dict_keys(['example_nested_branch_dag']) retrieved from /home/airflow/.local/lib/python3.7/site-packages/airflow/example_dags/example_nested_branch_dag.py
[2025-03-11T05:52:40.904+0000] {logging_mixin.py:137} INFO - [2025-03-11T05:52:40.903+0000] {dag.py:2676} INFO - Sync 1 DAGs
[2025-03-11T05:52:40.978+0000] {logging_mixin.py:137} INFO - [2025-03-11T05:52:40.977+0000] {dag.py:3427} INFO - Setting next_dagrun for example_nested_branch_dag to 2025-03-10T00:00:00+00:00, run_after=2025-03-11T00:00:00+00:00
[2025-03-11T05:52:41.047+0000] {processor.py:175} INFO - Processing /home/airflow/.local/lib/python3.7/site-packages/airflow/example_dags/example_nested_branch_dag.py took 0.349 seconds
[2025-03-11T05:53:11.668+0000] {processor.py:153} INFO - Started process (PID=91) to work on /home/airflow/.local/lib/python3.7/site-packages/airflow/example_dags/example_nested_branch_dag.py
[2025-03-11T05:53:11.669+0000] {processor.py:743} INFO - Processing file /home/airflow/.local/lib/python3.7/site-packages/airflow/example_dags/example_nested_branch_dag.py for tasks to queue
[2025-03-11T05:53:11.671+0000] {logging_mixin.py:137} INFO - [2025-03-11T05:53:11.671+0000] {dagbag.py:538} INFO - Filling up the DagBag from /home/airflow/.local/lib/python3.7/site-packages/airflow/example_dags/example_nested_branch_dag.py
[2025-03-11T05:53:11.695+0000] {processor.py:753} INFO - DAG(s) dict_keys(['example_nested_branch_dag']) retrieved from /home/airflow/.local/lib/python3.7/site-packages/airflow/example_dags/example_nested_branch_dag.py
[2025-03-11T05:53:11.719+0000] {logging_mixin.py:137} INFO - [2025-03-11T05:53:11.719+0000] {dag.py:2676} INFO - Sync 1 DAGs
[2025-03-11T05:53:11.743+0000] {logging_mixin.py:137} INFO - [2025-03-11T05:53:11.743+0000] {dag.py:3427} INFO - Setting next_dagrun for example_nested_branch_dag to 2025-03-10T00:00:00+00:00, run_after=2025-03-11T00:00:00+00:00
[2025-03-11T05:53:11.760+0000] {processor.py:175} INFO - Processing /home/airflow/.local/lib/python3.7/site-packages/airflow/example_dags/example_nested_branch_dag.py took 0.094 seconds
[2025-03-11T05:53:42.357+0000] {processor.py:153} INFO - Started process (PID=130) to work on /home/airflow/.local/lib/python3.7/site-packages/airflow/example_dags/example_nested_branch_dag.py
[2025-03-11T05:53:42.359+0000] {processor.py:743} INFO - Processing file /home/airflow/.local/lib/python3.7/site-packages/airflow/example_dags/example_nested_branch_dag.py for tasks to queue
[2025-03-11T05:53:42.360+0000] {logging_mixin.py:137} INFO - [2025-03-11T05:53:42.360+0000] {dagbag.py:538} INFO - Filling up the DagBag from /home/airflow/.local/lib/python3.7/site-packages/airflow/example_dags/example_nested_branch_dag.py
[2025-03-11T05:53:42.381+0000] {processor.py:753} INFO - DAG(s) dict_keys(['example_nested_branch_dag']) retrieved from /home/airflow/.local/lib/python3.7/site-packages/airflow/example_dags/example_nested_branch_dag.py
[2025-03-11T05:53:42.413+0000] {logging_mixin.py:137} INFO - [2025-03-11T05:53:42.413+0000] {dag.py:2676} INFO - Sync 1 DAGs
[2025-03-11T05:53:42.435+0000] {logging_mixin.py:137} INFO - [2025-03-11T05:53:42.435+0000] {dag.py:3427} INFO - Setting next_dagrun for example_nested_branch_dag to 2025-03-10T00:00:00+00:00, run_after=2025-03-11T00:00:00+00:00
[2025-03-11T05:53:42.451+0000] {processor.py:175} INFO - Processing /home/airflow/.local/lib/python3.7/site-packages/airflow/example_dags/example_nested_branch_dag.py took 0.096 seconds
[2025-03-11T05:54:13.260+0000] {processor.py:153} INFO - Started process (PID=169) to work on /home/airflow/.local/lib/python3.7/site-packages/airflow/example_dags/example_nested_branch_dag.py
[2025-03-11T05:54:13.262+0000] {processor.py:743} INFO - Processing file /home/airflow/.local/lib/python3.7/site-packages/airflow/example_dags/example_nested_branch_dag.py for tasks to queue
[2025-03-11T05:54:13.263+0000] {logging_mixin.py:137} INFO - [2025-03-11T05:54:13.263+0000] {dagbag.py:538} INFO - Filling up the DagBag from /home/airflow/.local/lib/python3.7/site-packages/airflow/example_dags/example_nested_branch_dag.py
[2025-03-11T05:54:13.318+0000] {processor.py:753} INFO - DAG(s) dict_keys(['example_nested_branch_dag']) retrieved from /home/airflow/.local/lib/python3.7/site-packages/airflow/example_dags/example_nested_branch_dag.py
[2025-03-11T05:54:13.359+0000] {logging_mixin.py:137} INFO - [2025-03-11T05:54:13.359+0000] {dag.py:2676} INFO - Sync 1 DAGs
[2025-03-11T05:54:13.385+0000] {logging_mixin.py:137} INFO - [2025-03-11T05:54:13.385+0000] {dag.py:3427} INFO - Setting next_dagrun for example_nested_branch_dag to 2025-03-10T00:00:00+00:00, run_after=2025-03-11T00:00:00+00:00
[2025-03-11T05:54:13.405+0000] {processor.py:175} INFO - Processing /home/airflow/.local/lib/python3.7/site-packages/airflow/example_dags/example_nested_branch_dag.py took 0.150 seconds
[2025-03-11T05:54:43.444+0000] {processor.py:153} INFO - Started process (PID=208) to work on /home/airflow/.local/lib/python3.7/site-packages/airflow/example_dags/example_nested_branch_dag.py
[2025-03-11T05:54:43.446+0000] {processor.py:743} INFO - Processing file /home/airflow/.local/lib/python3.7/site-packages/airflow/example_dags/example_nested_branch_dag.py for tasks to queue
[2025-03-11T05:54:43.447+0000] {logging_mixin.py:137} INFO - [2025-03-11T05:54:43.446+0000] {dagbag.py:538} INFO - Filling up the DagBag from /home/airflow/.local/lib/python3.7/site-packages/airflow/example_dags/example_nested_branch_dag.py
[2025-03-11T05:54:43.470+0000] {processor.py:753} INFO - DAG(s) dict_keys(['example_nested_branch_dag']) retrieved from /home/airflow/.local/lib/python3.7/site-packages/airflow/example_dags/example_nested_branch_dag.py
[2025-03-11T05:54:43.504+0000] {logging_mixin.py:137} INFO - [2025-03-11T05:54:43.504+0000] {dag.py:2676} INFO - Sync 1 DAGs
[2025-03-11T05:54:43.529+0000] {logging_mixin.py:137} INFO - [2025-03-11T05:54:43.529+0000] {dag.py:3427} INFO - Setting next_dagrun for example_nested_branch_dag to 2025-03-10T00:00:00+00:00, run_after=2025-03-11T00:00:00+00:00
[2025-03-11T05:54:43.547+0000] {processor.py:175} INFO - Processing /home/airflow/.local/lib/python3.7/site-packages/airflow/example_dags/example_nested_branch_dag.py took 0.106 seconds
[2025-03-11T05:55:13.945+0000] {processor.py:153} INFO - Started process (PID=247) to work on /home/airflow/.local/lib/python3.7/site-packages/airflow/example_dags/example_nested_branch_dag.py
[2025-03-11T05:55:13.947+0000] {processor.py:743} INFO - Processing file /home/airflow/.local/lib/python3.7/site-packages/airflow/example_dags/example_nested_branch_dag.py for tasks to queue
[2025-03-11T05:55:13.948+0000] {logging_mixin.py:137} INFO - [2025-03-11T05:55:13.948+0000] {dagbag.py:538} INFO - Filling up the DagBag from /home/airflow/.local/lib/python3.7/site-packages/airflow/example_dags/example_nested_branch_dag.py
[2025-03-11T05:55:13.974+0000] {processor.py:753} INFO - DAG(s) dict_keys(['example_nested_branch_dag']) retrieved from /home/airflow/.local/lib/python3.7/site-packages/airflow/example_dags/example_nested_branch_dag.py
[2025-03-11T05:55:14.006+0000] {logging_mixin.py:137} INFO - [2025-03-11T05:55:14.006+0000] {dag.py:2676} INFO - Sync 1 DAGs
[2025-03-11T05:55:14.031+0000] {logging_mixin.py:137} INFO - [2025-03-11T05:55:14.031+0000] {dag.py:3427} INFO - Setting next_dagrun for example_nested_branch_dag to 2025-03-10T00:00:00+00:00, run_after=2025-03-11T00:00:00+00:00
[2025-03-11T05:55:14.048+0000] {processor.py:175} INFO - Processing /home/airflow/.local/lib/python3.7/site-packages/airflow/example_dags/example_nested_branch_dag.py took 0.105 seconds
[2025-03-11T05:55:44.551+0000] {processor.py:153} INFO - Started process (PID=286) to work on /home/airflow/.local/lib/python3.7/site-packages/airflow/example_dags/example_nested_branch_dag.py
[2025-03-11T05:55:44.552+0000] {processor.py:743} INFO - Processing file /home/airflow/.local/lib/python3.7/site-packages/airflow/example_dags/example_nested_branch_dag.py for tasks to queue
[2025-03-11T05:55:44.553+0000] {logging_mixin.py:137} INFO - [2025-03-11T05:55:44.553+0000] {dagbag.py:538} INFO - Filling up the DagBag from /home/airflow/.local/lib/python3.7/site-packages/airflow/example_dags/example_nested_branch_dag.py
[2025-03-11T05:55:44.579+0000] {processor.py:753} INFO - DAG(s) dict_keys(['example_nested_branch_dag']) retrieved from /home/airflow/.local/lib/python3.7/site-packages/airflow/example_dags/example_nested_branch_dag.py
[2025-03-11T05:55:44.607+0000] {logging_mixin.py:137} INFO - [2025-03-11T05:55:44.607+0000] {dag.py:2676} INFO - Sync 1 DAGs
[2025-03-11T05:55:44.631+0000] {logging_mixin.py:137} INFO - [2025-03-11T05:55:44.631+0000] {dag.py:3427} INFO - Setting next_dagrun for example_nested_branch_dag to 2025-03-10T00:00:00+00:00, run_after=2025-03-11T00:00:00+00:00
[2025-03-11T05:55:44.646+0000] {processor.py:175} INFO - Processing /home/airflow/.local/lib/python3.7/site-packages/airflow/example_dags/example_nested_branch_dag.py took 0.097 seconds
[2025-03-11T05:56:14.971+0000] {processor.py:153} INFO - Started process (PID=325) to work on /home/airflow/.local/lib/python3.7/site-packages/airflow/example_dags/example_nested_branch_dag.py
[2025-03-11T05:56:14.972+0000] {processor.py:743} INFO - Processing file /home/airflow/.local/lib/python3.7/site-packages/airflow/example_dags/example_nested_branch_dag.py for tasks to queue
[2025-03-11T05:56:14.973+0000] {logging_mixin.py:137} INFO - [2025-03-11T05:56:14.973+0000] {dagbag.py:538} INFO - Filling up the DagBag from /home/airflow/.local/lib/python3.7/site-packages/airflow/example_dags/example_nested_branch_dag.py
[2025-03-11T05:56:14.996+0000] {processor.py:753} INFO - DAG(s) dict_keys(['example_nested_branch_dag']) retrieved from /home/airflow/.local/lib/python3.7/site-packages/airflow/example_dags/example_nested_branch_dag.py
[2025-03-11T05:56:15.026+0000] {logging_mixin.py:137} INFO - [2025-03-11T05:56:15.026+0000] {dag.py:2676} INFO - Sync 1 DAGs
[2025-03-11T05:56:15.048+0000] {logging_mixin.py:137} INFO - [2025-03-11T05:56:15.048+0000] {dag.py:3427} INFO - Setting next_dagrun for example_nested_branch_dag to 2025-03-10T00:00:00+00:00, run_after=2025-03-11T00:00:00+00:00
[2025-03-11T05:56:15.063+0000] {processor.py:175} INFO - Processing /home/airflow/.local/lib/python3.7/site-packages/airflow/example_dags/example_nested_branch_dag.py took 0.094 seconds
[2025-03-11T05:56:45.258+0000] {processor.py:153} INFO - Started process (PID=364) to work on /home/airflow/.local/lib/python3.7/site-packages/airflow/example_dags/example_nested_branch_dag.py
[2025-03-11T05:56:45.259+0000] {processor.py:743} INFO - Processing file /home/airflow/.local/lib/python3.7/site-packages/airflow/example_dags/example_nested_branch_dag.py for tasks to queue
[2025-03-11T05:56:45.259+0000] {logging_mixin.py:137} INFO - [2025-03-11T05:56:45.259+0000] {dagbag.py:538} INFO - Filling up the DagBag from /home/airflow/.local/lib/python3.7/site-packages/airflow/example_dags/example_nested_branch_dag.py
[2025-03-11T05:56:45.283+0000] {processor.py:753} INFO - DAG(s) dict_keys(['example_nested_branch_dag']) retrieved from /home/airflow/.local/lib/python3.7/site-packages/airflow/example_dags/example_nested_branch_dag.py
[2025-03-11T05:56:45.314+0000] {logging_mixin.py:137} INFO - [2025-03-11T05:56:45.314+0000] {dag.py:2676} INFO - Sync 1 DAGs
[2025-03-11T05:56:45.338+0000] {logging_mixin.py:137} INFO - [2025-03-11T05:56:45.338+0000] {dag.py:3427} INFO - Setting next_dagrun for example_nested_branch_dag to 2025-03-10T00:00:00+00:00, run_after=2025-03-11T00:00:00+00:00
[2025-03-11T05:56:45.353+0000] {processor.py:175} INFO - Processing /home/airflow/.local/lib/python3.7/site-packages/airflow/example_dags/example_nested_branch_dag.py took 0.097 seconds
[2025-03-11T05:57:15.690+0000] {processor.py:153} INFO - Started process (PID=403) to work on /home/airflow/.local/lib/python3.7/site-packages/airflow/example_dags/example_nested_branch_dag.py
[2025-03-11T05:57:15.692+0000] {processor.py:743} INFO - Processing file /home/airflow/.local/lib/python3.7/site-packages/airflow/example_dags/example_nested_branch_dag.py for tasks to queue
[2025-03-11T05:57:15.693+0000] {logging_mixin.py:137} INFO - [2025-03-11T05:57:15.693+0000] {dagbag.py:538} INFO - Filling up the DagBag from /home/airflow/.local/lib/python3.7/site-packages/airflow/example_dags/example_nested_branch_dag.py
[2025-03-11T05:57:15.715+0000] {processor.py:753} INFO - DAG(s) dict_keys(['example_nested_branch_dag']) retrieved from /home/airflow/.local/lib/python3.7/site-packages/airflow/example_dags/example_nested_branch_dag.py
[2025-03-11T05:57:15.744+0000] {logging_mixin.py:137} INFO - [2025-03-11T05:57:15.744+0000] {dag.py:2676} INFO - Sync 1 DAGs
[2025-03-11T05:57:15.767+0000] {logging_mixin.py:137} INFO - [2025-03-11T05:57:15.767+0000] {dag.py:3427} INFO - Setting next_dagrun for example_nested_branch_dag to 2025-03-10T00:00:00+00:00, run_after=2025-03-11T00:00:00+00:00
[2025-03-11T05:57:15.781+0000] {processor.py:175} INFO - Processing /home/airflow/.local/lib/python3.7/site-packages/airflow/example_dags/example_nested_branch_dag.py took 0.093 seconds
[2025-03-11T05:57:46.114+0000] {processor.py:153} INFO - Started process (PID=442) to work on /home/airflow/.local/lib/python3.7/site-packages/airflow/example_dags/example_nested_branch_dag.py
[2025-03-11T05:57:46.115+0000] {processor.py:743} INFO - Processing file /home/airflow/.local/lib/python3.7/site-packages/airflow/example_dags/example_nested_branch_dag.py for tasks to queue
[2025-03-11T05:57:46.115+0000] {logging_mixin.py:137} INFO - [2025-03-11T05:57:46.115+0000] {dagbag.py:538} INFO - Filling up the DagBag from /home/airflow/.local/lib/python3.7/site-packages/airflow/example_dags/example_nested_branch_dag.py
[2025-03-11T05:57:46.137+0000] {processor.py:753} INFO - DAG(s) dict_keys(['example_nested_branch_dag']) retrieved from /home/airflow/.local/lib/python3.7/site-packages/airflow/example_dags/example_nested_branch_dag.py
[2025-03-11T05:57:46.169+0000] {logging_mixin.py:137} INFO - [2025-03-11T05:57:46.168+0000] {dag.py:2676} INFO - Sync 1 DAGs
[2025-03-11T05:57:46.192+0000] {logging_mixin.py:137} INFO - [2025-03-11T05:57:46.192+0000] {dag.py:3427} INFO - Setting next_dagrun for example_nested_branch_dag to 2025-03-10T00:00:00+00:00, run_after=2025-03-11T00:00:00+00:00
[2025-03-11T05:57:46.206+0000] {processor.py:175} INFO - Processing /home/airflow/.local/lib/python3.7/site-packages/airflow/example_dags/example_nested_branch_dag.py took 0.095 seconds
[2025-03-11T05:58:16.705+0000] {processor.py:153} INFO - Started process (PID=481) to work on /home/airflow/.local/lib/python3.7/site-packages/airflow/example_dags/example_nested_branch_dag.py
[2025-03-11T05:58:16.706+0000] {processor.py:743} INFO - Processing file /home/airflow/.local/lib/python3.7/site-packages/airflow/example_dags/example_nested_branch_dag.py for tasks to queue
[2025-03-11T05:58:16.706+0000] {logging_mixin.py:137} INFO - [2025-03-11T05:58:16.706+0000] {dagbag.py:538} INFO - Filling up the DagBag from /home/airflow/.local/lib/python3.7/site-packages/airflow/example_dags/example_nested_branch_dag.py
[2025-03-11T05:58:16.730+0000] {processor.py:753} INFO - DAG(s) dict_keys(['example_nested_branch_dag']) retrieved from /home/airflow/.local/lib/python3.7/site-packages/airflow/example_dags/example_nested_branch_dag.py
[2025-03-11T05:58:16.761+0000] {logging_mixin.py:137} INFO - [2025-03-11T05:58:16.760+0000] {dag.py:2676} INFO - Sync 1 DAGs
[2025-03-11T05:58:16.783+0000] {logging_mixin.py:137} INFO - [2025-03-11T05:58:16.783+0000] {dag.py:3427} INFO - Setting next_dagrun for example_nested_branch_dag to 2025-03-10T00:00:00+00:00, run_after=2025-03-11T00:00:00+00:00
[2025-03-11T05:58:16.797+0000] {processor.py:175} INFO - Processing /home/airflow/.local/lib/python3.7/site-packages/airflow/example_dags/example_nested_branch_dag.py took 0.095 seconds
[2025-03-11T05:58:47.141+0000] {processor.py:153} INFO - Started process (PID=520) to work on /home/airflow/.local/lib/python3.7/site-packages/airflow/example_dags/example_nested_branch_dag.py
[2025-03-11T05:58:47.142+0000] {processor.py:743} INFO - Processing file /home/airflow/.local/lib/python3.7/site-packages/airflow/example_dags/example_nested_branch_dag.py for tasks to queue
[2025-03-11T05:58:47.143+0000] {logging_mixin.py:137} INFO - [2025-03-11T05:58:47.143+0000] {dagbag.py:538} INFO - Filling up the DagBag from /home/airflow/.local/lib/python3.7/site-packages/airflow/example_dags/example_nested_branch_dag.py
[2025-03-11T05:58:47.165+0000] {processor.py:753} INFO - DAG(s) dict_keys(['example_nested_branch_dag']) retrieved from /home/airflow/.local/lib/python3.7/site-packages/airflow/example_dags/example_nested_branch_dag.py
[2025-03-11T05:58:47.196+0000] {logging_mixin.py:137} INFO - [2025-03-11T05:58:47.196+0000] {dag.py:2676} INFO - Sync 1 DAGs
[2025-03-11T05:58:47.222+0000] {logging_mixin.py:137} INFO - [2025-03-11T05:58:47.221+0000] {dag.py:3427} INFO - Setting next_dagrun for example_nested_branch_dag to 2025-03-10T00:00:00+00:00, run_after=2025-03-11T00:00:00+00:00
[2025-03-11T05:58:47.238+0000] {processor.py:175} INFO - Processing /home/airflow/.local/lib/python3.7/site-packages/airflow/example_dags/example_nested_branch_dag.py took 0.099 seconds
[2025-03-11T05:59:17.707+0000] {processor.py:153} INFO - Started process (PID=559) to work on /home/airflow/.local/lib/python3.7/site-packages/airflow/example_dags/example_nested_branch_dag.py
[2025-03-11T05:59:17.708+0000] {processor.py:743} INFO - Processing file /home/airflow/.local/lib/python3.7/site-packages/airflow/example_dags/example_nested_branch_dag.py for tasks to queue
[2025-03-11T05:59:17.709+0000] {logging_mixin.py:137} INFO - [2025-03-11T05:59:17.709+0000] {dagbag.py:538} INFO - Filling up the DagBag from /home/airflow/.local/lib/python3.7/site-packages/airflow/example_dags/example_nested_branch_dag.py
[2025-03-11T05:59:17.731+0000] {processor.py:753} INFO - DAG(s) dict_keys(['example_nested_branch_dag']) retrieved from /home/airflow/.local/lib/python3.7/site-packages/airflow/example_dags/example_nested_branch_dag.py
[2025-03-11T05:59:17.775+0000] {logging_mixin.py:137} INFO - [2025-03-11T05:59:17.775+0000] {dag.py:2676} INFO - Sync 1 DAGs
[2025-03-11T05:59:17.803+0000] {logging_mixin.py:137} INFO - [2025-03-11T05:59:17.803+0000] {dag.py:3427} INFO - Setting next_dagrun for example_nested_branch_dag to 2025-03-10T00:00:00+00:00, run_after=2025-03-11T00:00:00+00:00
[2025-03-11T05:59:17.818+0000] {processor.py:175} INFO - Processing /home/airflow/.local/lib/python3.7/site-packages/airflow/example_dags/example_nested_branch_dag.py took 0.113 seconds
[2025-03-11T05:59:48.270+0000] {processor.py:153} INFO - Started process (PID=598) to work on /home/airflow/.local/lib/python3.7/site-packages/airflow/example_dags/example_nested_branch_dag.py
[2025-03-11T05:59:48.271+0000] {processor.py:743} INFO - Processing file /home/airflow/.local/lib/python3.7/site-packages/airflow/example_dags/example_nested_branch_dag.py for tasks to queue
[2025-03-11T05:59:48.272+0000] {logging_mixin.py:137} INFO - [2025-03-11T05:59:48.272+0000] {dagbag.py:538} INFO - Filling up the DagBag from /home/airflow/.local/lib/python3.7/site-packages/airflow/example_dags/example_nested_branch_dag.py
[2025-03-11T05:59:48.296+0000] {processor.py:753} INFO - DAG(s) dict_keys(['example_nested_branch_dag']) retrieved from /home/airflow/.local/lib/python3.7/site-packages/airflow/example_dags/example_nested_branch_dag.py
[2025-03-11T05:59:48.332+0000] {logging_mixin.py:137} INFO - [2025-03-11T05:59:48.332+0000] {dag.py:2676} INFO - Sync 1 DAGs
[2025-03-11T05:59:48.358+0000] {logging_mixin.py:137} INFO - [2025-03-11T05:59:48.358+0000] {dag.py:3427} INFO - Setting next_dagrun for example_nested_branch_dag to 2025-03-10T00:00:00+00:00, run_after=2025-03-11T00:00:00+00:00
[2025-03-11T05:59:48.374+0000] {processor.py:175} INFO - Processing /home/airflow/.local/lib/python3.7/site-packages/airflow/example_dags/example_nested_branch_dag.py took 0.106 seconds
[2025-03-11T06:00:18.775+0000] {processor.py:153} INFO - Started process (PID=637) to work on /home/airflow/.local/lib/python3.7/site-packages/airflow/example_dags/example_nested_branch_dag.py
[2025-03-11T06:00:18.778+0000] {processor.py:743} INFO - Processing file /home/airflow/.local/lib/python3.7/site-packages/airflow/example_dags/example_nested_branch_dag.py for tasks to queue
[2025-03-11T06:00:18.779+0000] {logging_mixin.py:137} INFO - [2025-03-11T06:00:18.779+0000] {dagbag.py:538} INFO - Filling up the DagBag from /home/airflow/.local/lib/python3.7/site-packages/airflow/example_dags/example_nested_branch_dag.py
[2025-03-11T06:00:18.804+0000] {processor.py:753} INFO - DAG(s) dict_keys(['example_nested_branch_dag']) retrieved from /home/airflow/.local/lib/python3.7/site-packages/airflow/example_dags/example_nested_branch_dag.py
[2025-03-11T06:00:18.835+0000] {logging_mixin.py:137} INFO - [2025-03-11T06:00:18.835+0000] {dag.py:2676} INFO - Sync 1 DAGs
[2025-03-11T06:00:18.857+0000] {logging_mixin.py:137} INFO - [2025-03-11T06:00:18.857+0000] {dag.py:3427} INFO - Setting next_dagrun for example_nested_branch_dag to 2025-03-10T00:00:00+00:00, run_after=2025-03-11T00:00:00+00:00
[2025-03-11T06:00:18.875+0000] {processor.py:175} INFO - Processing /home/airflow/.local/lib/python3.7/site-packages/airflow/example_dags/example_nested_branch_dag.py took 0.102 seconds
[2025-03-11T06:00:49.417+0000] {processor.py:153} INFO - Started process (PID=676) to work on /home/airflow/.local/lib/python3.7/site-packages/airflow/example_dags/example_nested_branch_dag.py
[2025-03-11T06:00:49.419+0000] {processor.py:743} INFO - Processing file /home/airflow/.local/lib/python3.7/site-packages/airflow/example_dags/example_nested_branch_dag.py for tasks to queue
[2025-03-11T06:00:49.420+0000] {logging_mixin.py:137} INFO - [2025-03-11T06:00:49.420+0000] {dagbag.py:538} INFO - Filling up the DagBag from /home/airflow/.local/lib/python3.7/site-packages/airflow/example_dags/example_nested_branch_dag.py
[2025-03-11T06:00:49.442+0000] {processor.py:753} INFO - DAG(s) dict_keys(['example_nested_branch_dag']) retrieved from /home/airflow/.local/lib/python3.7/site-packages/airflow/example_dags/example_nested_branch_dag.py
[2025-03-11T06:00:49.476+0000] {logging_mixin.py:137} INFO - [2025-03-11T06:00:49.476+0000] {dag.py:2676} INFO - Sync 1 DAGs
[2025-03-11T06:00:49.500+0000] {logging_mixin.py:137} INFO - [2025-03-11T06:00:49.500+0000] {dag.py:3427} INFO - Setting next_dagrun for example_nested_branch_dag to 2025-03-10T00:00:00+00:00, run_after=2025-03-11T00:00:00+00:00
[2025-03-11T06:00:49.515+0000] {processor.py:175} INFO - Processing /home/airflow/.local/lib/python3.7/site-packages/airflow/example_dags/example_nested_branch_dag.py took 0.100 seconds
[2025-03-11T06:01:19.988+0000] {processor.py:153} INFO - Started process (PID=715) to work on /home/airflow/.local/lib/python3.7/site-packages/airflow/example_dags/example_nested_branch_dag.py
[2025-03-11T06:01:19.990+0000] {processor.py:743} INFO - Processing file /home/airflow/.local/lib/python3.7/site-packages/airflow/example_dags/example_nested_branch_dag.py for tasks to queue
[2025-03-11T06:01:19.991+0000] {logging_mixin.py:137} INFO - [2025-03-11T06:01:19.991+0000] {dagbag.py:538} INFO - Filling up the DagBag from /home/airflow/.local/lib/python3.7/site-packages/airflow/example_dags/example_nested_branch_dag.py
[2025-03-11T06:01:20.014+0000] {processor.py:753} INFO - DAG(s) dict_keys(['example_nested_branch_dag']) retrieved from /home/airflow/.local/lib/python3.7/site-packages/airflow/example_dags/example_nested_branch_dag.py
[2025-03-11T06:01:20.045+0000] {logging_mixin.py:137} INFO - [2025-03-11T06:01:20.045+0000] {dag.py:2676} INFO - Sync 1 DAGs
[2025-03-11T06:01:20.070+0000] {logging_mixin.py:137} INFO - [2025-03-11T06:01:20.070+0000] {dag.py:3427} INFO - Setting next_dagrun for example_nested_branch_dag to 2025-03-10T00:00:00+00:00, run_after=2025-03-11T00:00:00+00:00
[2025-03-11T06:01:20.086+0000] {processor.py:175} INFO - Processing /home/airflow/.local/lib/python3.7/site-packages/airflow/example_dags/example_nested_branch_dag.py took 0.100 seconds
[2025-03-11T06:01:50.305+0000] {processor.py:153} INFO - Started process (PID=754) to work on /home/airflow/.local/lib/python3.7/site-packages/airflow/example_dags/example_nested_branch_dag.py
[2025-03-11T06:01:50.306+0000] {processor.py:743} INFO - Processing file /home/airflow/.local/lib/python3.7/site-packages/airflow/example_dags/example_nested_branch_dag.py for tasks to queue
[2025-03-11T06:01:50.307+0000] {logging_mixin.py:137} INFO - [2025-03-11T06:01:50.307+0000] {dagbag.py:538} INFO - Filling up the DagBag from /home/airflow/.local/lib/python3.7/site-packages/airflow/example_dags/example_nested_branch_dag.py
[2025-03-11T06:01:50.328+0000] {processor.py:753} INFO - DAG(s) dict_keys(['example_nested_branch_dag']) retrieved from /home/airflow/.local/lib/python3.7/site-packages/airflow/example_dags/example_nested_branch_dag.py
[2025-03-11T06:01:50.359+0000] {logging_mixin.py:137} INFO - [2025-03-11T06:01:50.359+0000] {dag.py:2676} INFO - Sync 1 DAGs
[2025-03-11T06:01:50.381+0000] {logging_mixin.py:137} INFO - [2025-03-11T06:01:50.381+0000] {dag.py:3427} INFO - Setting next_dagrun for example_nested_branch_dag to 2025-03-10T00:00:00+00:00, run_after=2025-03-11T00:00:00+00:00
[2025-03-11T06:01:50.396+0000] {processor.py:175} INFO - Processing /home/airflow/.local/lib/python3.7/site-packages/airflow/example_dags/example_nested_branch_dag.py took 0.093 seconds
[2025-03-11T06:02:21.082+0000] {processor.py:153} INFO - Started process (PID=793) to work on /home/airflow/.local/lib/python3.7/site-packages/airflow/example_dags/example_nested_branch_dag.py
[2025-03-11T06:02:21.083+0000] {processor.py:743} INFO - Processing file /home/airflow/.local/lib/python3.7/site-packages/airflow/example_dags/example_nested_branch_dag.py for tasks to queue
[2025-03-11T06:02:21.084+0000] {logging_mixin.py:137} INFO - [2025-03-11T06:02:21.084+0000] {dagbag.py:538} INFO - Filling up the DagBag from /home/airflow/.local/lib/python3.7/site-packages/airflow/example_dags/example_nested_branch_dag.py
[2025-03-11T06:02:21.119+0000] {processor.py:753} INFO - DAG(s) dict_keys(['example_nested_branch_dag']) retrieved from /home/airflow/.local/lib/python3.7/site-packages/airflow/example_dags/example_nested_branch_dag.py
[2025-03-11T06:02:21.165+0000] {logging_mixin.py:137} INFO - [2025-03-11T06:02:21.165+0000] {dag.py:2676} INFO - Sync 1 DAGs
[2025-03-11T06:02:21.198+0000] {logging_mixin.py:137} INFO - [2025-03-11T06:02:21.198+0000] {dag.py:3427} INFO - Setting next_dagrun for example_nested_branch_dag to 2025-03-10T00:00:00+00:00, run_after=2025-03-11T00:00:00+00:00
[2025-03-11T06:02:21.225+0000] {processor.py:175} INFO - Processing /home/airflow/.local/lib/python3.7/site-packages/airflow/example_dags/example_nested_branch_dag.py took 0.150 seconds
[2025-03-11T06:02:51.762+0000] {processor.py:153} INFO - Started process (PID=832) to work on /home/airflow/.local/lib/python3.7/site-packages/airflow/example_dags/example_nested_branch_dag.py
[2025-03-11T06:02:51.765+0000] {processor.py:743} INFO - Processing file /home/airflow/.local/lib/python3.7/site-packages/airflow/example_dags/example_nested_branch_dag.py for tasks to queue
[2025-03-11T06:02:51.766+0000] {logging_mixin.py:137} INFO - [2025-03-11T06:02:51.766+0000] {dagbag.py:538} INFO - Filling up the DagBag from /home/airflow/.local/lib/python3.7/site-packages/airflow/example_dags/example_nested_branch_dag.py
[2025-03-11T06:02:51.788+0000] {processor.py:753} INFO - DAG(s) dict_keys(['example_nested_branch_dag']) retrieved from /home/airflow/.local/lib/python3.7/site-packages/airflow/example_dags/example_nested_branch_dag.py
[2025-03-11T06:02:51.823+0000] {logging_mixin.py:137} INFO - [2025-03-11T06:02:51.823+0000] {dag.py:2676} INFO - Sync 1 DAGs
[2025-03-11T06:02:51.848+0000] {logging_mixin.py:137} INFO - [2025-03-11T06:02:51.848+0000] {dag.py:3427} INFO - Setting next_dagrun for example_nested_branch_dag to 2025-03-10T00:00:00+00:00, run_after=2025-03-11T00:00:00+00:00
[2025-03-11T06:02:51.865+0000] {processor.py:175} INFO - Processing /home/airflow/.local/lib/python3.7/site-packages/airflow/example_dags/example_nested_branch_dag.py took 0.104 seconds
[2025-03-11T06:03:22.148+0000] {processor.py:153} INFO - Started process (PID=871) to work on /home/airflow/.local/lib/python3.7/site-packages/airflow/example_dags/example_nested_branch_dag.py
[2025-03-11T06:03:22.148+0000] {processor.py:743} INFO - Processing file /home/airflow/.local/lib/python3.7/site-packages/airflow/example_dags/example_nested_branch_dag.py for tasks to queue
[2025-03-11T06:03:22.149+0000] {logging_mixin.py:137} INFO - [2025-03-11T06:03:22.149+0000] {dagbag.py:538} INFO - Filling up the DagBag from /home/airflow/.local/lib/python3.7/site-packages/airflow/example_dags/example_nested_branch_dag.py
[2025-03-11T06:03:22.172+0000] {processor.py:753} INFO - DAG(s) dict_keys(['example_nested_branch_dag']) retrieved from /home/airflow/.local/lib/python3.7/site-packages/airflow/example_dags/example_nested_branch_dag.py
[2025-03-11T06:03:22.208+0000] {logging_mixin.py:137} INFO - [2025-03-11T06:03:22.208+0000] {dag.py:2676} INFO - Sync 1 DAGs
[2025-03-11T06:03:22.233+0000] {logging_mixin.py:137} INFO - [2025-03-11T06:03:22.232+0000] {dag.py:3427} INFO - Setting next_dagrun for example_nested_branch_dag to 2025-03-10T00:00:00+00:00, run_after=2025-03-11T00:00:00+00:00
[2025-03-11T06:03:22.247+0000] {processor.py:175} INFO - Processing /home/airflow/.local/lib/python3.7/site-packages/airflow/example_dags/example_nested_branch_dag.py took 0.101 seconds
[2025-03-11T06:03:52.582+0000] {processor.py:153} INFO - Started process (PID=910) to work on /home/airflow/.local/lib/python3.7/site-packages/airflow/example_dags/example_nested_branch_dag.py
[2025-03-11T06:03:52.583+0000] {processor.py:743} INFO - Processing file /home/airflow/.local/lib/python3.7/site-packages/airflow/example_dags/example_nested_branch_dag.py for tasks to queue
[2025-03-11T06:03:52.584+0000] {logging_mixin.py:137} INFO - [2025-03-11T06:03:52.584+0000] {dagbag.py:538} INFO - Filling up the DagBag from /home/airflow/.local/lib/python3.7/site-packages/airflow/example_dags/example_nested_branch_dag.py
[2025-03-11T06:03:52.608+0000] {processor.py:753} INFO - DAG(s) dict_keys(['example_nested_branch_dag']) retrieved from /home/airflow/.local/lib/python3.7/site-packages/airflow/example_dags/example_nested_branch_dag.py
[2025-03-11T06:03:52.639+0000] {logging_mixin.py:137} INFO - [2025-03-11T06:03:52.639+0000] {dag.py:2676} INFO - Sync 1 DAGs
[2025-03-11T06:03:52.662+0000] {logging_mixin.py:137} INFO - [2025-03-11T06:03:52.662+0000] {dag.py:3427} INFO - Setting next_dagrun for example_nested_branch_dag to 2025-03-10T00:00:00+00:00, run_after=2025-03-11T00:00:00+00:00
[2025-03-11T06:03:52.679+0000] {processor.py:175} INFO - Processing /home/airflow/.local/lib/python3.7/site-packages/airflow/example_dags/example_nested_branch_dag.py took 0.099 seconds
[2025-03-11T06:04:23.047+0000] {processor.py:153} INFO - Started process (PID=949) to work on /home/airflow/.local/lib/python3.7/site-packages/airflow/example_dags/example_nested_branch_dag.py
[2025-03-11T06:04:23.048+0000] {processor.py:743} INFO - Processing file /home/airflow/.local/lib/python3.7/site-packages/airflow/example_dags/example_nested_branch_dag.py for tasks to queue
[2025-03-11T06:04:23.049+0000] {logging_mixin.py:137} INFO - [2025-03-11T06:04:23.049+0000] {dagbag.py:538} INFO - Filling up the DagBag from /home/airflow/.local/lib/python3.7/site-packages/airflow/example_dags/example_nested_branch_dag.py
[2025-03-11T06:04:23.074+0000] {processor.py:753} INFO - DAG(s) dict_keys(['example_nested_branch_dag']) retrieved from /home/airflow/.local/lib/python3.7/site-packages/airflow/example_dags/example_nested_branch_dag.py
[2025-03-11T06:04:23.116+0000] {logging_mixin.py:137} INFO - [2025-03-11T06:04:23.115+0000] {dag.py:2676} INFO - Sync 1 DAGs
[2025-03-11T06:04:23.144+0000] {logging_mixin.py:137} INFO - [2025-03-11T06:04:23.144+0000] {dag.py:3427} INFO - Setting next_dagrun for example_nested_branch_dag to 2025-03-10T00:00:00+00:00, run_after=2025-03-11T00:00:00+00:00
[2025-03-11T06:04:23.163+0000] {processor.py:175} INFO - Processing /home/airflow/.local/lib/python3.7/site-packages/airflow/example_dags/example_nested_branch_dag.py took 0.118 seconds
[2025-03-11T06:04:53.446+0000] {processor.py:153} INFO - Started process (PID=988) to work on /home/airflow/.local/lib/python3.7/site-packages/airflow/example_dags/example_nested_branch_dag.py
[2025-03-11T06:04:53.447+0000] {processor.py:743} INFO - Processing file /home/airflow/.local/lib/python3.7/site-packages/airflow/example_dags/example_nested_branch_dag.py for tasks to queue
[2025-03-11T06:04:53.448+0000] {logging_mixin.py:137} INFO - [2025-03-11T06:04:53.448+0000] {dagbag.py:538} INFO - Filling up the DagBag from /home/airflow/.local/lib/python3.7/site-packages/airflow/example_dags/example_nested_branch_dag.py
[2025-03-11T06:04:53.473+0000] {processor.py:753} INFO - DAG(s) dict_keys(['example_nested_branch_dag']) retrieved from /home/airflow/.local/lib/python3.7/site-packages/airflow/example_dags/example_nested_branch_dag.py
[2025-03-11T06:04:53.505+0000] {logging_mixin.py:137} INFO - [2025-03-11T06:04:53.505+0000] {dag.py:2676} INFO - Sync 1 DAGs
[2025-03-11T06:04:53.528+0000] {logging_mixin.py:137} INFO - [2025-03-11T06:04:53.528+0000] {dag.py:3427} INFO - Setting next_dagrun for example_nested_branch_dag to 2025-03-10T00:00:00+00:00, run_after=2025-03-11T00:00:00+00:00
[2025-03-11T06:04:53.544+0000] {processor.py:175} INFO - Processing /home/airflow/.local/lib/python3.7/site-packages/airflow/example_dags/example_nested_branch_dag.py took 0.101 seconds
[2025-03-11T06:05:23.856+0000] {processor.py:153} INFO - Started process (PID=1027) to work on /home/airflow/.local/lib/python3.7/site-packages/airflow/example_dags/example_nested_branch_dag.py
[2025-03-11T06:05:23.857+0000] {processor.py:743} INFO - Processing file /home/airflow/.local/lib/python3.7/site-packages/airflow/example_dags/example_nested_branch_dag.py for tasks to queue
[2025-03-11T06:05:23.858+0000] {logging_mixin.py:137} INFO - [2025-03-11T06:05:23.858+0000] {dagbag.py:538} INFO - Filling up the DagBag from /home/airflow/.local/lib/python3.7/site-packages/airflow/example_dags/example_nested_branch_dag.py
[2025-03-11T06:05:23.880+0000] {processor.py:753} INFO - DAG(s) dict_keys(['example_nested_branch_dag']) retrieved from /home/airflow/.local/lib/python3.7/site-packages/airflow/example_dags/example_nested_branch_dag.py
[2025-03-11T06:05:23.915+0000] {logging_mixin.py:137} INFO - [2025-03-11T06:05:23.915+0000] {dag.py:2676} INFO - Sync 1 DAGs
[2025-03-11T06:05:23.939+0000] {logging_mixin.py:137} INFO - [2025-03-11T06:05:23.938+0000] {dag.py:3427} INFO - Setting next_dagrun for example_nested_branch_dag to 2025-03-10T00:00:00+00:00, run_after=2025-03-11T00:00:00+00:00
[2025-03-11T06:05:23.954+0000] {processor.py:175} INFO - Processing /home/airflow/.local/lib/python3.7/site-packages/airflow/example_dags/example_nested_branch_dag.py took 0.101 seconds
[2025-03-11T06:05:54.336+0000] {processor.py:153} INFO - Started process (PID=1066) to work on /home/airflow/.local/lib/python3.7/site-packages/airflow/example_dags/example_nested_branch_dag.py
[2025-03-11T06:05:54.337+0000] {processor.py:743} INFO - Processing file /home/airflow/.local/lib/python3.7/site-packages/airflow/example_dags/example_nested_branch_dag.py for tasks to queue
[2025-03-11T06:05:54.338+0000] {logging_mixin.py:137} INFO - [2025-03-11T06:05:54.338+0000] {dagbag.py:538} INFO - Filling up the DagBag from /home/airflow/.local/lib/python3.7/site-packages/airflow/example_dags/example_nested_branch_dag.py
[2025-03-11T06:05:54.360+0000] {processor.py:753} INFO - DAG(s) dict_keys(['example_nested_branch_dag']) retrieved from /home/airflow/.local/lib/python3.7/site-packages/airflow/example_dags/example_nested_branch_dag.py
[2025-03-11T06:05:54.390+0000] {logging_mixin.py:137} INFO - [2025-03-11T06:05:54.390+0000] {dag.py:2676} INFO - Sync 1 DAGs
[2025-03-11T06:05:54.415+0000] {logging_mixin.py:137} INFO - [2025-03-11T06:05:54.415+0000] {dag.py:3427} INFO - Setting next_dagrun for example_nested_branch_dag to 2025-03-10T00:00:00+00:00, run_after=2025-03-11T00:00:00+00:00
[2025-03-11T06:05:54.431+0000] {processor.py:175} INFO - Processing /home/airflow/.local/lib/python3.7/site-packages/airflow/example_dags/example_nested_branch_dag.py took 0.096 seconds
[2025-03-11T06:06:24.815+0000] {processor.py:153} INFO - Started process (PID=1105) to work on /home/airflow/.local/lib/python3.7/site-packages/airflow/example_dags/example_nested_branch_dag.py
[2025-03-11T06:06:24.815+0000] {processor.py:743} INFO - Processing file /home/airflow/.local/lib/python3.7/site-packages/airflow/example_dags/example_nested_branch_dag.py for tasks to queue
[2025-03-11T06:06:24.816+0000] {logging_mixin.py:137} INFO - [2025-03-11T06:06:24.816+0000] {dagbag.py:538} INFO - Filling up the DagBag from /home/airflow/.local/lib/python3.7/site-packages/airflow/example_dags/example_nested_branch_dag.py
[2025-03-11T06:06:24.840+0000] {processor.py:753} INFO - DAG(s) dict_keys(['example_nested_branch_dag']) retrieved from /home/airflow/.local/lib/python3.7/site-packages/airflow/example_dags/example_nested_branch_dag.py
[2025-03-11T06:06:24.873+0000] {logging_mixin.py:137} INFO - [2025-03-11T06:06:24.873+0000] {dag.py:2676} INFO - Sync 1 DAGs
[2025-03-11T06:06:24.898+0000] {logging_mixin.py:137} INFO - [2025-03-11T06:06:24.898+0000] {dag.py:3427} INFO - Setting next_dagrun for example_nested_branch_dag to 2025-03-10T00:00:00+00:00, run_after=2025-03-11T00:00:00+00:00
[2025-03-11T06:06:24.921+0000] {processor.py:175} INFO - Processing /home/airflow/.local/lib/python3.7/site-packages/airflow/example_dags/example_nested_branch_dag.py took 0.108 seconds
[2025-03-11T06:06:55.172+0000] {processor.py:153} INFO - Started process (PID=1144) to work on /home/airflow/.local/lib/python3.7/site-packages/airflow/example_dags/example_nested_branch_dag.py
[2025-03-11T06:06:55.173+0000] {processor.py:743} INFO - Processing file /home/airflow/.local/lib/python3.7/site-packages/airflow/example_dags/example_nested_branch_dag.py for tasks to queue
[2025-03-11T06:06:55.174+0000] {logging_mixin.py:137} INFO - [2025-03-11T06:06:55.174+0000] {dagbag.py:538} INFO - Filling up the DagBag from /home/airflow/.local/lib/python3.7/site-packages/airflow/example_dags/example_nested_branch_dag.py
[2025-03-11T06:06:55.197+0000] {processor.py:753} INFO - DAG(s) dict_keys(['example_nested_branch_dag']) retrieved from /home/airflow/.local/lib/python3.7/site-packages/airflow/example_dags/example_nested_branch_dag.py
[2025-03-11T06:06:55.230+0000] {logging_mixin.py:137} INFO - [2025-03-11T06:06:55.230+0000] {dag.py:2676} INFO - Sync 1 DAGs
[2025-03-11T06:06:55.256+0000] {logging_mixin.py:137} INFO - [2025-03-11T06:06:55.255+0000] {dag.py:3427} INFO - Setting next_dagrun for example_nested_branch_dag to 2025-03-10T00:00:00+00:00, run_after=2025-03-11T00:00:00+00:00
[2025-03-11T06:06:55.271+0000] {processor.py:175} INFO - Processing /home/airflow/.local/lib/python3.7/site-packages/airflow/example_dags/example_nested_branch_dag.py took 0.101 seconds
[2025-03-11T06:07:25.591+0000] {processor.py:153} INFO - Started process (PID=1183) to work on /home/airflow/.local/lib/python3.7/site-packages/airflow/example_dags/example_nested_branch_dag.py
[2025-03-11T06:07:25.594+0000] {processor.py:743} INFO - Processing file /home/airflow/.local/lib/python3.7/site-packages/airflow/example_dags/example_nested_branch_dag.py for tasks to queue
[2025-03-11T06:07:25.594+0000] {logging_mixin.py:137} INFO - [2025-03-11T06:07:25.594+0000] {dagbag.py:538} INFO - Filling up the DagBag from /home/airflow/.local/lib/python3.7/site-packages/airflow/example_dags/example_nested_branch_dag.py
[2025-03-11T06:07:25.618+0000] {processor.py:753} INFO - DAG(s) dict_keys(['example_nested_branch_dag']) retrieved from /home/airflow/.local/lib/python3.7/site-packages/airflow/example_dags/example_nested_branch_dag.py
[2025-03-11T06:07:25.650+0000] {logging_mixin.py:137} INFO - [2025-03-11T06:07:25.650+0000] {dag.py:2676} INFO - Sync 1 DAGs
[2025-03-11T06:07:25.674+0000] {logging_mixin.py:137} INFO - [2025-03-11T06:07:25.674+0000] {dag.py:3427} INFO - Setting next_dagrun for example_nested_branch_dag to 2025-03-10T00:00:00+00:00, run_after=2025-03-11T00:00:00+00:00
[2025-03-11T06:07:25.690+0000] {processor.py:175} INFO - Processing /home/airflow/.local/lib/python3.7/site-packages/airflow/example_dags/example_nested_branch_dag.py took 0.102 seconds
[2025-03-11T06:07:56.102+0000] {processor.py:153} INFO - Started process (PID=1222) to work on /home/airflow/.local/lib/python3.7/site-packages/airflow/example_dags/example_nested_branch_dag.py
[2025-03-11T06:07:56.103+0000] {processor.py:743} INFO - Processing file /home/airflow/.local/lib/python3.7/site-packages/airflow/example_dags/example_nested_branch_dag.py for tasks to queue
[2025-03-11T06:07:56.104+0000] {logging_mixin.py:137} INFO - [2025-03-11T06:07:56.104+0000] {dagbag.py:538} INFO - Filling up the DagBag from /home/airflow/.local/lib/python3.7/site-packages/airflow/example_dags/example_nested_branch_dag.py
[2025-03-11T06:07:56.126+0000] {processor.py:753} INFO - DAG(s) dict_keys(['example_nested_branch_dag']) retrieved from /home/airflow/.local/lib/python3.7/site-packages/airflow/example_dags/example_nested_branch_dag.py
[2025-03-11T06:07:56.156+0000] {logging_mixin.py:137} INFO - [2025-03-11T06:07:56.155+0000] {dag.py:2676} INFO - Sync 1 DAGs
[2025-03-11T06:07:56.177+0000] {logging_mixin.py:137} INFO - [2025-03-11T06:07:56.177+0000] {dag.py:3427} INFO - Setting next_dagrun for example_nested_branch_dag to 2025-03-10T00:00:00+00:00, run_after=2025-03-11T00:00:00+00:00
[2025-03-11T06:07:56.193+0000] {processor.py:175} INFO - Processing /home/airflow/.local/lib/python3.7/site-packages/airflow/example_dags/example_nested_branch_dag.py took 0.093 seconds
[2025-03-11T06:08:26.614+0000] {processor.py:153} INFO - Started process (PID=1261) to work on /home/airflow/.local/lib/python3.7/site-packages/airflow/example_dags/example_nested_branch_dag.py
[2025-03-11T06:08:26.614+0000] {processor.py:743} INFO - Processing file /home/airflow/.local/lib/python3.7/site-packages/airflow/example_dags/example_nested_branch_dag.py for tasks to queue
[2025-03-11T06:08:26.615+0000] {logging_mixin.py:137} INFO - [2025-03-11T06:08:26.615+0000] {dagbag.py:538} INFO - Filling up the DagBag from /home/airflow/.local/lib/python3.7/site-packages/airflow/example_dags/example_nested_branch_dag.py
[2025-03-11T06:08:26.638+0000] {processor.py:753} INFO - DAG(s) dict_keys(['example_nested_branch_dag']) retrieved from /home/airflow/.local/lib/python3.7/site-packages/airflow/example_dags/example_nested_branch_dag.py
[2025-03-11T06:08:26.668+0000] {logging_mixin.py:137} INFO - [2025-03-11T06:08:26.668+0000] {dag.py:2676} INFO - Sync 1 DAGs
[2025-03-11T06:08:26.691+0000] {logging_mixin.py:137} INFO - [2025-03-11T06:08:26.691+0000] {dag.py:3427} INFO - Setting next_dagrun for example_nested_branch_dag to 2025-03-10T00:00:00+00:00, run_after=2025-03-11T00:00:00+00:00
[2025-03-11T06:08:26.706+0000] {processor.py:175} INFO - Processing /home/airflow/.local/lib/python3.7/site-packages/airflow/example_dags/example_nested_branch_dag.py took 0.095 seconds
[2025-03-11T06:08:57.233+0000] {processor.py:153} INFO - Started process (PID=1300) to work on /home/airflow/.local/lib/python3.7/site-packages/airflow/example_dags/example_nested_branch_dag.py
[2025-03-11T06:08:57.234+0000] {processor.py:743} INFO - Processing file /home/airflow/.local/lib/python3.7/site-packages/airflow/example_dags/example_nested_branch_dag.py for tasks to queue
[2025-03-11T06:08:57.235+0000] {logging_mixin.py:137} INFO - [2025-03-11T06:08:57.235+0000] {dagbag.py:538} INFO - Filling up the DagBag from /home/airflow/.local/lib/python3.7/site-packages/airflow/example_dags/example_nested_branch_dag.py
[2025-03-11T06:08:57.258+0000] {processor.py:753} INFO - DAG(s) dict_keys(['example_nested_branch_dag']) retrieved from /home/airflow/.local/lib/python3.7/site-packages/airflow/example_dags/example_nested_branch_dag.py
[2025-03-11T06:08:57.298+0000] {logging_mixin.py:137} INFO - [2025-03-11T06:08:57.297+0000] {dag.py:2676} INFO - Sync 1 DAGs
[2025-03-11T06:08:57.321+0000] {logging_mixin.py:137} INFO - [2025-03-11T06:08:57.320+0000] {dag.py:3427} INFO - Setting next_dagrun for example_nested_branch_dag to 2025-03-10T00:00:00+00:00, run_after=2025-03-11T00:00:00+00:00
[2025-03-11T06:08:57.335+0000] {processor.py:175} INFO - Processing /home/airflow/.local/lib/python3.7/site-packages/airflow/example_dags/example_nested_branch_dag.py took 0.104 seconds
[2025-03-11T06:09:27.669+0000] {processor.py:153} INFO - Started process (PID=1339) to work on /home/airflow/.local/lib/python3.7/site-packages/airflow/example_dags/example_nested_branch_dag.py
[2025-03-11T06:09:27.670+0000] {processor.py:743} INFO - Processing file /home/airflow/.local/lib/python3.7/site-packages/airflow/example_dags/example_nested_branch_dag.py for tasks to queue
[2025-03-11T06:09:27.670+0000] {logging_mixin.py:137} INFO - [2025-03-11T06:09:27.670+0000] {dagbag.py:538} INFO - Filling up the DagBag from /home/airflow/.local/lib/python3.7/site-packages/airflow/example_dags/example_nested_branch_dag.py
[2025-03-11T06:09:27.695+0000] {processor.py:753} INFO - DAG(s) dict_keys(['example_nested_branch_dag']) retrieved from /home/airflow/.local/lib/python3.7/site-packages/airflow/example_dags/example_nested_branch_dag.py
[2025-03-11T06:09:27.724+0000] {logging_mixin.py:137} INFO - [2025-03-11T06:09:27.724+0000] {dag.py:2676} INFO - Sync 1 DAGs
[2025-03-11T06:09:27.748+0000] {logging_mixin.py:137} INFO - [2025-03-11T06:09:27.747+0000] {dag.py:3427} INFO - Setting next_dagrun for example_nested_branch_dag to 2025-03-10T00:00:00+00:00, run_after=2025-03-11T00:00:00+00:00
[2025-03-11T06:09:27.763+0000] {processor.py:175} INFO - Processing /home/airflow/.local/lib/python3.7/site-packages/airflow/example_dags/example_nested_branch_dag.py took 0.096 seconds
[2025-03-11T06:09:58.186+0000] {processor.py:153} INFO - Started process (PID=1378) to work on /home/airflow/.local/lib/python3.7/site-packages/airflow/example_dags/example_nested_branch_dag.py
[2025-03-11T06:09:58.187+0000] {processor.py:743} INFO - Processing file /home/airflow/.local/lib/python3.7/site-packages/airflow/example_dags/example_nested_branch_dag.py for tasks to queue
[2025-03-11T06:09:58.188+0000] {logging_mixin.py:137} INFO - [2025-03-11T06:09:58.188+0000] {dagbag.py:538} INFO - Filling up the DagBag from /home/airflow/.local/lib/python3.7/site-packages/airflow/example_dags/example_nested_branch_dag.py
[2025-03-11T06:09:58.212+0000] {processor.py:753} INFO - DAG(s) dict_keys(['example_nested_branch_dag']) retrieved from /home/airflow/.local/lib/python3.7/site-packages/airflow/example_dags/example_nested_branch_dag.py
[2025-03-11T06:09:58.245+0000] {logging_mixin.py:137} INFO - [2025-03-11T06:09:58.245+0000] {dag.py:2676} INFO - Sync 1 DAGs
[2025-03-11T06:09:58.266+0000] {logging_mixin.py:137} INFO - [2025-03-11T06:09:58.266+0000] {dag.py:3427} INFO - Setting next_dagrun for example_nested_branch_dag to 2025-03-10T00:00:00+00:00, run_after=2025-03-11T00:00:00+00:00
[2025-03-11T06:09:58.282+0000] {processor.py:175} INFO - Processing /home/airflow/.local/lib/python3.7/site-packages/airflow/example_dags/example_nested_branch_dag.py took 0.098 seconds
