[2025-03-11T05:52:39.114+0000] {processor.py:153} INFO - Started process (PID=42) to work on /home/airflow/.local/lib/python3.7/site-packages/airflow/example_dags/example_branch_day_of_week_operator.py
[2025-03-11T05:52:39.117+0000] {processor.py:743} INFO - Processing file /home/airflow/.local/lib/python3.7/site-packages/airflow/example_dags/example_branch_day_of_week_operator.py for tasks to queue
[2025-03-11T05:52:39.118+0000] {logging_mixin.py:137} INFO - [2025-03-11T05:52:39.118+0000] {dagbag.py:538} INFO - Filling up the DagBag from /home/airflow/.local/lib/python3.7/site-packages/airflow/example_dags/example_branch_day_of_week_operator.py
[2025-03-11T05:52:39.143+0000] {processor.py:753} INFO - DAG(s) dict_keys(['example_weekday_branch_operator']) retrieved from /home/airflow/.local/lib/python3.7/site-packages/airflow/example_dags/example_branch_day_of_week_operator.py
[2025-03-11T05:52:39.190+0000] {logging_mixin.py:137} INFO - [2025-03-11T05:52:39.190+0000] {dag.py:2676} INFO - Sync 1 DAGs
[2025-03-11T05:52:39.236+0000] {logging_mixin.py:137} INFO - [2025-03-11T05:52:39.236+0000] {dag.py:3427} INFO - Setting next_dagrun for example_weekday_branch_operator to 2025-03-10T00:00:00+00:00, run_after=2025-03-11T00:00:00+00:00
[2025-03-11T05:52:39.431+0000] {processor.py:175} INFO - Processing /home/airflow/.local/lib/python3.7/site-packages/airflow/example_dags/example_branch_day_of_week_operator.py took 0.319 seconds
[2025-03-11T05:53:10.177+0000] {processor.py:153} INFO - Started process (PID=81) to work on /home/airflow/.local/lib/python3.7/site-packages/airflow/example_dags/example_branch_day_of_week_operator.py
[2025-03-11T05:53:10.180+0000] {processor.py:743} INFO - Processing file /home/airflow/.local/lib/python3.7/site-packages/airflow/example_dags/example_branch_day_of_week_operator.py for tasks to queue
[2025-03-11T05:53:10.181+0000] {logging_mixin.py:137} INFO - [2025-03-11T05:53:10.180+0000] {dagbag.py:538} INFO - Filling up the DagBag from /home/airflow/.local/lib/python3.7/site-packages/airflow/example_dags/example_branch_day_of_week_operator.py
[2025-03-11T05:53:10.208+0000] {processor.py:753} INFO - DAG(s) dict_keys(['example_weekday_branch_operator']) retrieved from /home/airflow/.local/lib/python3.7/site-packages/airflow/example_dags/example_branch_day_of_week_operator.py
[2025-03-11T05:53:10.232+0000] {logging_mixin.py:137} INFO - [2025-03-11T05:53:10.232+0000] {dag.py:2676} INFO - Sync 1 DAGs
[2025-03-11T05:53:10.258+0000] {logging_mixin.py:137} INFO - [2025-03-11T05:53:10.258+0000] {dag.py:3427} INFO - Setting next_dagrun for example_weekday_branch_operator to 2025-03-10T00:00:00+00:00, run_after=2025-03-11T00:00:00+00:00
[2025-03-11T05:53:10.274+0000] {processor.py:175} INFO - Processing /home/airflow/.local/lib/python3.7/site-packages/airflow/example_dags/example_branch_day_of_week_operator.py took 0.102 seconds
[2025-03-11T05:53:40.829+0000] {processor.py:153} INFO - Started process (PID=120) to work on /home/airflow/.local/lib/python3.7/site-packages/airflow/example_dags/example_branch_day_of_week_operator.py
[2025-03-11T05:53:40.830+0000] {processor.py:743} INFO - Processing file /home/airflow/.local/lib/python3.7/site-packages/airflow/example_dags/example_branch_day_of_week_operator.py for tasks to queue
[2025-03-11T05:53:40.831+0000] {logging_mixin.py:137} INFO - [2025-03-11T05:53:40.831+0000] {dagbag.py:538} INFO - Filling up the DagBag from /home/airflow/.local/lib/python3.7/site-packages/airflow/example_dags/example_branch_day_of_week_operator.py
[2025-03-11T05:53:40.859+0000] {processor.py:753} INFO - DAG(s) dict_keys(['example_weekday_branch_operator']) retrieved from /home/airflow/.local/lib/python3.7/site-packages/airflow/example_dags/example_branch_day_of_week_operator.py
[2025-03-11T05:53:40.903+0000] {logging_mixin.py:137} INFO - [2025-03-11T05:53:40.903+0000] {dag.py:2676} INFO - Sync 1 DAGs
[2025-03-11T05:53:40.925+0000] {logging_mixin.py:137} INFO - [2025-03-11T05:53:40.925+0000] {dag.py:3427} INFO - Setting next_dagrun for example_weekday_branch_operator to 2025-03-10T00:00:00+00:00, run_after=2025-03-11T00:00:00+00:00
[2025-03-11T05:53:40.948+0000] {processor.py:175} INFO - Processing /home/airflow/.local/lib/python3.7/site-packages/airflow/example_dags/example_branch_day_of_week_operator.py took 0.124 seconds
[2025-03-11T05:54:11.597+0000] {processor.py:153} INFO - Started process (PID=159) to work on /home/airflow/.local/lib/python3.7/site-packages/airflow/example_dags/example_branch_day_of_week_operator.py
[2025-03-11T05:54:11.599+0000] {processor.py:743} INFO - Processing file /home/airflow/.local/lib/python3.7/site-packages/airflow/example_dags/example_branch_day_of_week_operator.py for tasks to queue
[2025-03-11T05:54:11.600+0000] {logging_mixin.py:137} INFO - [2025-03-11T05:54:11.600+0000] {dagbag.py:538} INFO - Filling up the DagBag from /home/airflow/.local/lib/python3.7/site-packages/airflow/example_dags/example_branch_day_of_week_operator.py
[2025-03-11T05:54:11.622+0000] {processor.py:753} INFO - DAG(s) dict_keys(['example_weekday_branch_operator']) retrieved from /home/airflow/.local/lib/python3.7/site-packages/airflow/example_dags/example_branch_day_of_week_operator.py
[2025-03-11T05:54:11.666+0000] {logging_mixin.py:137} INFO - [2025-03-11T05:54:11.666+0000] {dag.py:2676} INFO - Sync 1 DAGs
[2025-03-11T05:54:11.691+0000] {logging_mixin.py:137} INFO - [2025-03-11T05:54:11.691+0000] {dag.py:3427} INFO - Setting next_dagrun for example_weekday_branch_operator to 2025-03-10T00:00:00+00:00, run_after=2025-03-11T00:00:00+00:00
[2025-03-11T05:54:11.709+0000] {processor.py:175} INFO - Processing /home/airflow/.local/lib/python3.7/site-packages/airflow/example_dags/example_branch_day_of_week_operator.py took 0.116 seconds
[2025-03-11T05:54:41.930+0000] {processor.py:153} INFO - Started process (PID=198) to work on /home/airflow/.local/lib/python3.7/site-packages/airflow/example_dags/example_branch_day_of_week_operator.py
[2025-03-11T05:54:41.932+0000] {processor.py:743} INFO - Processing file /home/airflow/.local/lib/python3.7/site-packages/airflow/example_dags/example_branch_day_of_week_operator.py for tasks to queue
[2025-03-11T05:54:41.933+0000] {logging_mixin.py:137} INFO - [2025-03-11T05:54:41.933+0000] {dagbag.py:538} INFO - Filling up the DagBag from /home/airflow/.local/lib/python3.7/site-packages/airflow/example_dags/example_branch_day_of_week_operator.py
[2025-03-11T05:54:41.958+0000] {processor.py:753} INFO - DAG(s) dict_keys(['example_weekday_branch_operator']) retrieved from /home/airflow/.local/lib/python3.7/site-packages/airflow/example_dags/example_branch_day_of_week_operator.py
[2025-03-11T05:54:41.996+0000] {logging_mixin.py:137} INFO - [2025-03-11T05:54:41.996+0000] {dag.py:2676} INFO - Sync 1 DAGs
[2025-03-11T05:54:42.020+0000] {logging_mixin.py:137} INFO - [2025-03-11T05:54:42.020+0000] {dag.py:3427} INFO - Setting next_dagrun for example_weekday_branch_operator to 2025-03-10T00:00:00+00:00, run_after=2025-03-11T00:00:00+00:00
[2025-03-11T05:54:42.035+0000] {processor.py:175} INFO - Processing /home/airflow/.local/lib/python3.7/site-packages/airflow/example_dags/example_branch_day_of_week_operator.py took 0.110 seconds
[2025-03-11T05:55:12.292+0000] {processor.py:153} INFO - Started process (PID=237) to work on /home/airflow/.local/lib/python3.7/site-packages/airflow/example_dags/example_branch_day_of_week_operator.py
[2025-03-11T05:55:12.295+0000] {processor.py:743} INFO - Processing file /home/airflow/.local/lib/python3.7/site-packages/airflow/example_dags/example_branch_day_of_week_operator.py for tasks to queue
[2025-03-11T05:55:12.296+0000] {logging_mixin.py:137} INFO - [2025-03-11T05:55:12.296+0000] {dagbag.py:538} INFO - Filling up the DagBag from /home/airflow/.local/lib/python3.7/site-packages/airflow/example_dags/example_branch_day_of_week_operator.py
[2025-03-11T05:55:12.336+0000] {processor.py:753} INFO - DAG(s) dict_keys(['example_weekday_branch_operator']) retrieved from /home/airflow/.local/lib/python3.7/site-packages/airflow/example_dags/example_branch_day_of_week_operator.py
[2025-03-11T05:55:12.381+0000] {logging_mixin.py:137} INFO - [2025-03-11T05:55:12.381+0000] {dag.py:2676} INFO - Sync 1 DAGs
[2025-03-11T05:55:12.407+0000] {logging_mixin.py:137} INFO - [2025-03-11T05:55:12.407+0000] {dag.py:3427} INFO - Setting next_dagrun for example_weekday_branch_operator to 2025-03-10T00:00:00+00:00, run_after=2025-03-11T00:00:00+00:00
[2025-03-11T05:55:12.427+0000] {processor.py:175} INFO - Processing /home/airflow/.local/lib/python3.7/site-packages/airflow/example_dags/example_branch_day_of_week_operator.py took 0.142 seconds
[2025-03-11T05:55:43.031+0000] {processor.py:153} INFO - Started process (PID=276) to work on /home/airflow/.local/lib/python3.7/site-packages/airflow/example_dags/example_branch_day_of_week_operator.py
[2025-03-11T05:55:43.033+0000] {processor.py:743} INFO - Processing file /home/airflow/.local/lib/python3.7/site-packages/airflow/example_dags/example_branch_day_of_week_operator.py for tasks to queue
[2025-03-11T05:55:43.035+0000] {logging_mixin.py:137} INFO - [2025-03-11T05:55:43.034+0000] {dagbag.py:538} INFO - Filling up the DagBag from /home/airflow/.local/lib/python3.7/site-packages/airflow/example_dags/example_branch_day_of_week_operator.py
[2025-03-11T05:55:43.061+0000] {processor.py:753} INFO - DAG(s) dict_keys(['example_weekday_branch_operator']) retrieved from /home/airflow/.local/lib/python3.7/site-packages/airflow/example_dags/example_branch_day_of_week_operator.py
[2025-03-11T05:55:43.104+0000] {logging_mixin.py:137} INFO - [2025-03-11T05:55:43.103+0000] {dag.py:2676} INFO - Sync 1 DAGs
[2025-03-11T05:55:43.128+0000] {logging_mixin.py:137} INFO - [2025-03-11T05:55:43.128+0000] {dag.py:3427} INFO - Setting next_dagrun for example_weekday_branch_operator to 2025-03-10T00:00:00+00:00, run_after=2025-03-11T00:00:00+00:00
[2025-03-11T05:55:43.148+0000] {processor.py:175} INFO - Processing /home/airflow/.local/lib/python3.7/site-packages/airflow/example_dags/example_branch_day_of_week_operator.py took 0.123 seconds
[2025-03-11T05:56:13.424+0000] {processor.py:153} INFO - Started process (PID=315) to work on /home/airflow/.local/lib/python3.7/site-packages/airflow/example_dags/example_branch_day_of_week_operator.py
[2025-03-11T05:56:13.427+0000] {processor.py:743} INFO - Processing file /home/airflow/.local/lib/python3.7/site-packages/airflow/example_dags/example_branch_day_of_week_operator.py for tasks to queue
[2025-03-11T05:56:13.428+0000] {logging_mixin.py:137} INFO - [2025-03-11T05:56:13.428+0000] {dagbag.py:538} INFO - Filling up the DagBag from /home/airflow/.local/lib/python3.7/site-packages/airflow/example_dags/example_branch_day_of_week_operator.py
[2025-03-11T05:56:13.460+0000] {processor.py:753} INFO - DAG(s) dict_keys(['example_weekday_branch_operator']) retrieved from /home/airflow/.local/lib/python3.7/site-packages/airflow/example_dags/example_branch_day_of_week_operator.py
[2025-03-11T05:56:13.502+0000] {logging_mixin.py:137} INFO - [2025-03-11T05:56:13.502+0000] {dag.py:2676} INFO - Sync 1 DAGs
[2025-03-11T05:56:13.523+0000] {logging_mixin.py:137} INFO - [2025-03-11T05:56:13.523+0000] {dag.py:3427} INFO - Setting next_dagrun for example_weekday_branch_operator to 2025-03-10T00:00:00+00:00, run_after=2025-03-11T00:00:00+00:00
[2025-03-11T05:56:13.544+0000] {processor.py:175} INFO - Processing /home/airflow/.local/lib/python3.7/site-packages/airflow/example_dags/example_branch_day_of_week_operator.py took 0.127 seconds
[2025-03-11T05:56:43.750+0000] {processor.py:153} INFO - Started process (PID=354) to work on /home/airflow/.local/lib/python3.7/site-packages/airflow/example_dags/example_branch_day_of_week_operator.py
[2025-03-11T05:56:43.752+0000] {processor.py:743} INFO - Processing file /home/airflow/.local/lib/python3.7/site-packages/airflow/example_dags/example_branch_day_of_week_operator.py for tasks to queue
[2025-03-11T05:56:43.753+0000] {logging_mixin.py:137} INFO - [2025-03-11T05:56:43.753+0000] {dagbag.py:538} INFO - Filling up the DagBag from /home/airflow/.local/lib/python3.7/site-packages/airflow/example_dags/example_branch_day_of_week_operator.py
[2025-03-11T05:56:43.778+0000] {processor.py:753} INFO - DAG(s) dict_keys(['example_weekday_branch_operator']) retrieved from /home/airflow/.local/lib/python3.7/site-packages/airflow/example_dags/example_branch_day_of_week_operator.py
[2025-03-11T05:56:43.814+0000] {logging_mixin.py:137} INFO - [2025-03-11T05:56:43.814+0000] {dag.py:2676} INFO - Sync 1 DAGs
[2025-03-11T05:56:43.834+0000] {logging_mixin.py:137} INFO - [2025-03-11T05:56:43.834+0000] {dag.py:3427} INFO - Setting next_dagrun for example_weekday_branch_operator to 2025-03-10T00:00:00+00:00, run_after=2025-03-11T00:00:00+00:00
[2025-03-11T05:56:43.852+0000] {processor.py:175} INFO - Processing /home/airflow/.local/lib/python3.7/site-packages/airflow/example_dags/example_branch_day_of_week_operator.py took 0.106 seconds
[2025-03-11T05:57:14.192+0000] {processor.py:153} INFO - Started process (PID=393) to work on /home/airflow/.local/lib/python3.7/site-packages/airflow/example_dags/example_branch_day_of_week_operator.py
[2025-03-11T05:57:14.194+0000] {processor.py:743} INFO - Processing file /home/airflow/.local/lib/python3.7/site-packages/airflow/example_dags/example_branch_day_of_week_operator.py for tasks to queue
[2025-03-11T05:57:14.195+0000] {logging_mixin.py:137} INFO - [2025-03-11T05:57:14.195+0000] {dagbag.py:538} INFO - Filling up the DagBag from /home/airflow/.local/lib/python3.7/site-packages/airflow/example_dags/example_branch_day_of_week_operator.py
[2025-03-11T05:57:14.222+0000] {processor.py:753} INFO - DAG(s) dict_keys(['example_weekday_branch_operator']) retrieved from /home/airflow/.local/lib/python3.7/site-packages/airflow/example_dags/example_branch_day_of_week_operator.py
[2025-03-11T05:57:14.259+0000] {logging_mixin.py:137} INFO - [2025-03-11T05:57:14.259+0000] {dag.py:2676} INFO - Sync 1 DAGs
[2025-03-11T05:57:14.282+0000] {logging_mixin.py:137} INFO - [2025-03-11T05:57:14.281+0000] {dag.py:3427} INFO - Setting next_dagrun for example_weekday_branch_operator to 2025-03-10T00:00:00+00:00, run_after=2025-03-11T00:00:00+00:00
[2025-03-11T05:57:14.298+0000] {processor.py:175} INFO - Processing /home/airflow/.local/lib/python3.7/site-packages/airflow/example_dags/example_branch_day_of_week_operator.py took 0.113 seconds
[2025-03-11T05:57:44.631+0000] {processor.py:153} INFO - Started process (PID=432) to work on /home/airflow/.local/lib/python3.7/site-packages/airflow/example_dags/example_branch_day_of_week_operator.py
[2025-03-11T05:57:44.634+0000] {processor.py:743} INFO - Processing file /home/airflow/.local/lib/python3.7/site-packages/airflow/example_dags/example_branch_day_of_week_operator.py for tasks to queue
[2025-03-11T05:57:44.636+0000] {logging_mixin.py:137} INFO - [2025-03-11T05:57:44.636+0000] {dagbag.py:538} INFO - Filling up the DagBag from /home/airflow/.local/lib/python3.7/site-packages/airflow/example_dags/example_branch_day_of_week_operator.py
[2025-03-11T05:57:44.660+0000] {processor.py:753} INFO - DAG(s) dict_keys(['example_weekday_branch_operator']) retrieved from /home/airflow/.local/lib/python3.7/site-packages/airflow/example_dags/example_branch_day_of_week_operator.py
[2025-03-11T05:57:44.697+0000] {logging_mixin.py:137} INFO - [2025-03-11T05:57:44.697+0000] {dag.py:2676} INFO - Sync 1 DAGs
[2025-03-11T05:57:44.720+0000] {logging_mixin.py:137} INFO - [2025-03-11T05:57:44.720+0000] {dag.py:3427} INFO - Setting next_dagrun for example_weekday_branch_operator to 2025-03-10T00:00:00+00:00, run_after=2025-03-11T00:00:00+00:00
[2025-03-11T05:57:44.739+0000] {processor.py:175} INFO - Processing /home/airflow/.local/lib/python3.7/site-packages/airflow/example_dags/example_branch_day_of_week_operator.py took 0.113 seconds
[2025-03-11T05:58:15.210+0000] {processor.py:153} INFO - Started process (PID=471) to work on /home/airflow/.local/lib/python3.7/site-packages/airflow/example_dags/example_branch_day_of_week_operator.py
[2025-03-11T05:58:15.213+0000] {processor.py:743} INFO - Processing file /home/airflow/.local/lib/python3.7/site-packages/airflow/example_dags/example_branch_day_of_week_operator.py for tasks to queue
[2025-03-11T05:58:15.214+0000] {logging_mixin.py:137} INFO - [2025-03-11T05:58:15.214+0000] {dagbag.py:538} INFO - Filling up the DagBag from /home/airflow/.local/lib/python3.7/site-packages/airflow/example_dags/example_branch_day_of_week_operator.py
[2025-03-11T05:58:15.244+0000] {processor.py:753} INFO - DAG(s) dict_keys(['example_weekday_branch_operator']) retrieved from /home/airflow/.local/lib/python3.7/site-packages/airflow/example_dags/example_branch_day_of_week_operator.py
[2025-03-11T05:58:15.284+0000] {logging_mixin.py:137} INFO - [2025-03-11T05:58:15.284+0000] {dag.py:2676} INFO - Sync 1 DAGs
[2025-03-11T05:58:15.307+0000] {logging_mixin.py:137} INFO - [2025-03-11T05:58:15.307+0000] {dag.py:3427} INFO - Setting next_dagrun for example_weekday_branch_operator to 2025-03-10T00:00:00+00:00, run_after=2025-03-11T00:00:00+00:00
[2025-03-11T05:58:15.323+0000] {processor.py:175} INFO - Processing /home/airflow/.local/lib/python3.7/site-packages/airflow/example_dags/example_branch_day_of_week_operator.py took 0.120 seconds
[2025-03-11T05:58:45.614+0000] {processor.py:153} INFO - Started process (PID=510) to work on /home/airflow/.local/lib/python3.7/site-packages/airflow/example_dags/example_branch_day_of_week_operator.py
[2025-03-11T05:58:45.615+0000] {processor.py:743} INFO - Processing file /home/airflow/.local/lib/python3.7/site-packages/airflow/example_dags/example_branch_day_of_week_operator.py for tasks to queue
[2025-03-11T05:58:45.617+0000] {logging_mixin.py:137} INFO - [2025-03-11T05:58:45.616+0000] {dagbag.py:538} INFO - Filling up the DagBag from /home/airflow/.local/lib/python3.7/site-packages/airflow/example_dags/example_branch_day_of_week_operator.py
[2025-03-11T05:58:45.641+0000] {processor.py:753} INFO - DAG(s) dict_keys(['example_weekday_branch_operator']) retrieved from /home/airflow/.local/lib/python3.7/site-packages/airflow/example_dags/example_branch_day_of_week_operator.py
[2025-03-11T05:58:45.678+0000] {logging_mixin.py:137} INFO - [2025-03-11T05:58:45.678+0000] {dag.py:2676} INFO - Sync 1 DAGs
[2025-03-11T05:58:45.699+0000] {logging_mixin.py:137} INFO - [2025-03-11T05:58:45.699+0000] {dag.py:3427} INFO - Setting next_dagrun for example_weekday_branch_operator to 2025-03-10T00:00:00+00:00, run_after=2025-03-11T00:00:00+00:00
[2025-03-11T05:58:45.713+0000] {processor.py:175} INFO - Processing /home/airflow/.local/lib/python3.7/site-packages/airflow/example_dags/example_branch_day_of_week_operator.py took 0.104 seconds
[2025-03-11T05:59:16.154+0000] {processor.py:153} INFO - Started process (PID=549) to work on /home/airflow/.local/lib/python3.7/site-packages/airflow/example_dags/example_branch_day_of_week_operator.py
[2025-03-11T05:59:16.156+0000] {processor.py:743} INFO - Processing file /home/airflow/.local/lib/python3.7/site-packages/airflow/example_dags/example_branch_day_of_week_operator.py for tasks to queue
[2025-03-11T05:59:16.157+0000] {logging_mixin.py:137} INFO - [2025-03-11T05:59:16.157+0000] {dagbag.py:538} INFO - Filling up the DagBag from /home/airflow/.local/lib/python3.7/site-packages/airflow/example_dags/example_branch_day_of_week_operator.py
[2025-03-11T05:59:16.181+0000] {processor.py:753} INFO - DAG(s) dict_keys(['example_weekday_branch_operator']) retrieved from /home/airflow/.local/lib/python3.7/site-packages/airflow/example_dags/example_branch_day_of_week_operator.py
[2025-03-11T05:59:16.222+0000] {logging_mixin.py:137} INFO - [2025-03-11T05:59:16.221+0000] {dag.py:2676} INFO - Sync 1 DAGs
[2025-03-11T05:59:16.245+0000] {logging_mixin.py:137} INFO - [2025-03-11T05:59:16.245+0000] {dag.py:3427} INFO - Setting next_dagrun for example_weekday_branch_operator to 2025-03-10T00:00:00+00:00, run_after=2025-03-11T00:00:00+00:00
[2025-03-11T05:59:16.266+0000] {processor.py:175} INFO - Processing /home/airflow/.local/lib/python3.7/site-packages/airflow/example_dags/example_branch_day_of_week_operator.py took 0.118 seconds
[2025-03-11T05:59:46.735+0000] {processor.py:153} INFO - Started process (PID=588) to work on /home/airflow/.local/lib/python3.7/site-packages/airflow/example_dags/example_branch_day_of_week_operator.py
[2025-03-11T05:59:46.737+0000] {processor.py:743} INFO - Processing file /home/airflow/.local/lib/python3.7/site-packages/airflow/example_dags/example_branch_day_of_week_operator.py for tasks to queue
[2025-03-11T05:59:46.738+0000] {logging_mixin.py:137} INFO - [2025-03-11T05:59:46.738+0000] {dagbag.py:538} INFO - Filling up the DagBag from /home/airflow/.local/lib/python3.7/site-packages/airflow/example_dags/example_branch_day_of_week_operator.py
[2025-03-11T05:59:46.764+0000] {processor.py:753} INFO - DAG(s) dict_keys(['example_weekday_branch_operator']) retrieved from /home/airflow/.local/lib/python3.7/site-packages/airflow/example_dags/example_branch_day_of_week_operator.py
[2025-03-11T05:59:46.807+0000] {logging_mixin.py:137} INFO - [2025-03-11T05:59:46.807+0000] {dag.py:2676} INFO - Sync 1 DAGs
[2025-03-11T05:59:46.830+0000] {logging_mixin.py:137} INFO - [2025-03-11T05:59:46.830+0000] {dag.py:3427} INFO - Setting next_dagrun for example_weekday_branch_operator to 2025-03-10T00:00:00+00:00, run_after=2025-03-11T00:00:00+00:00
[2025-03-11T05:59:46.850+0000] {processor.py:175} INFO - Processing /home/airflow/.local/lib/python3.7/site-packages/airflow/example_dags/example_branch_day_of_week_operator.py took 0.121 seconds
[2025-03-11T06:00:17.265+0000] {processor.py:153} INFO - Started process (PID=627) to work on /home/airflow/.local/lib/python3.7/site-packages/airflow/example_dags/example_branch_day_of_week_operator.py
[2025-03-11T06:00:17.267+0000] {processor.py:743} INFO - Processing file /home/airflow/.local/lib/python3.7/site-packages/airflow/example_dags/example_branch_day_of_week_operator.py for tasks to queue
[2025-03-11T06:00:17.268+0000] {logging_mixin.py:137} INFO - [2025-03-11T06:00:17.268+0000] {dagbag.py:538} INFO - Filling up the DagBag from /home/airflow/.local/lib/python3.7/site-packages/airflow/example_dags/example_branch_day_of_week_operator.py
[2025-03-11T06:00:17.292+0000] {processor.py:753} INFO - DAG(s) dict_keys(['example_weekday_branch_operator']) retrieved from /home/airflow/.local/lib/python3.7/site-packages/airflow/example_dags/example_branch_day_of_week_operator.py
[2025-03-11T06:00:17.330+0000] {logging_mixin.py:137} INFO - [2025-03-11T06:00:17.330+0000] {dag.py:2676} INFO - Sync 1 DAGs
[2025-03-11T06:00:17.351+0000] {logging_mixin.py:137} INFO - [2025-03-11T06:00:17.351+0000] {dag.py:3427} INFO - Setting next_dagrun for example_weekday_branch_operator to 2025-03-10T00:00:00+00:00, run_after=2025-03-11T00:00:00+00:00
[2025-03-11T06:00:17.372+0000] {processor.py:175} INFO - Processing /home/airflow/.local/lib/python3.7/site-packages/airflow/example_dags/example_branch_day_of_week_operator.py took 0.112 seconds
[2025-03-11T06:00:47.919+0000] {processor.py:153} INFO - Started process (PID=666) to work on /home/airflow/.local/lib/python3.7/site-packages/airflow/example_dags/example_branch_day_of_week_operator.py
[2025-03-11T06:00:47.922+0000] {processor.py:743} INFO - Processing file /home/airflow/.local/lib/python3.7/site-packages/airflow/example_dags/example_branch_day_of_week_operator.py for tasks to queue
[2025-03-11T06:00:47.923+0000] {logging_mixin.py:137} INFO - [2025-03-11T06:00:47.922+0000] {dagbag.py:538} INFO - Filling up the DagBag from /home/airflow/.local/lib/python3.7/site-packages/airflow/example_dags/example_branch_day_of_week_operator.py
[2025-03-11T06:00:47.950+0000] {processor.py:753} INFO - DAG(s) dict_keys(['example_weekday_branch_operator']) retrieved from /home/airflow/.local/lib/python3.7/site-packages/airflow/example_dags/example_branch_day_of_week_operator.py
[2025-03-11T06:00:47.986+0000] {logging_mixin.py:137} INFO - [2025-03-11T06:00:47.986+0000] {dag.py:2676} INFO - Sync 1 DAGs
[2025-03-11T06:00:48.010+0000] {logging_mixin.py:137} INFO - [2025-03-11T06:00:48.010+0000] {dag.py:3427} INFO - Setting next_dagrun for example_weekday_branch_operator to 2025-03-10T00:00:00+00:00, run_after=2025-03-11T00:00:00+00:00
[2025-03-11T06:00:48.029+0000] {processor.py:175} INFO - Processing /home/airflow/.local/lib/python3.7/site-packages/airflow/example_dags/example_branch_day_of_week_operator.py took 0.116 seconds
[2025-03-11T06:01:18.446+0000] {processor.py:153} INFO - Started process (PID=705) to work on /home/airflow/.local/lib/python3.7/site-packages/airflow/example_dags/example_branch_day_of_week_operator.py
[2025-03-11T06:01:18.448+0000] {processor.py:743} INFO - Processing file /home/airflow/.local/lib/python3.7/site-packages/airflow/example_dags/example_branch_day_of_week_operator.py for tasks to queue
[2025-03-11T06:01:18.449+0000] {logging_mixin.py:137} INFO - [2025-03-11T06:01:18.449+0000] {dagbag.py:538} INFO - Filling up the DagBag from /home/airflow/.local/lib/python3.7/site-packages/airflow/example_dags/example_branch_day_of_week_operator.py
[2025-03-11T06:01:18.474+0000] {processor.py:753} INFO - DAG(s) dict_keys(['example_weekday_branch_operator']) retrieved from /home/airflow/.local/lib/python3.7/site-packages/airflow/example_dags/example_branch_day_of_week_operator.py
[2025-03-11T06:01:18.514+0000] {logging_mixin.py:137} INFO - [2025-03-11T06:01:18.513+0000] {dag.py:2676} INFO - Sync 1 DAGs
[2025-03-11T06:01:18.536+0000] {logging_mixin.py:137} INFO - [2025-03-11T06:01:18.536+0000] {dag.py:3427} INFO - Setting next_dagrun for example_weekday_branch_operator to 2025-03-10T00:00:00+00:00, run_after=2025-03-11T00:00:00+00:00
[2025-03-11T06:01:18.553+0000] {processor.py:175} INFO - Processing /home/airflow/.local/lib/python3.7/site-packages/airflow/example_dags/example_branch_day_of_week_operator.py took 0.112 seconds
[2025-03-11T06:01:48.815+0000] {processor.py:153} INFO - Started process (PID=744) to work on /home/airflow/.local/lib/python3.7/site-packages/airflow/example_dags/example_branch_day_of_week_operator.py
[2025-03-11T06:01:48.816+0000] {processor.py:743} INFO - Processing file /home/airflow/.local/lib/python3.7/site-packages/airflow/example_dags/example_branch_day_of_week_operator.py for tasks to queue
[2025-03-11T06:01:48.818+0000] {logging_mixin.py:137} INFO - [2025-03-11T06:01:48.817+0000] {dagbag.py:538} INFO - Filling up the DagBag from /home/airflow/.local/lib/python3.7/site-packages/airflow/example_dags/example_branch_day_of_week_operator.py
[2025-03-11T06:01:48.844+0000] {processor.py:753} INFO - DAG(s) dict_keys(['example_weekday_branch_operator']) retrieved from /home/airflow/.local/lib/python3.7/site-packages/airflow/example_dags/example_branch_day_of_week_operator.py
[2025-03-11T06:01:48.881+0000] {logging_mixin.py:137} INFO - [2025-03-11T06:01:48.881+0000] {dag.py:2676} INFO - Sync 1 DAGs
[2025-03-11T06:01:48.903+0000] {logging_mixin.py:137} INFO - [2025-03-11T06:01:48.903+0000] {dag.py:3427} INFO - Setting next_dagrun for example_weekday_branch_operator to 2025-03-10T00:00:00+00:00, run_after=2025-03-11T00:00:00+00:00
[2025-03-11T06:01:48.917+0000] {processor.py:175} INFO - Processing /home/airflow/.local/lib/python3.7/site-packages/airflow/example_dags/example_branch_day_of_week_operator.py took 0.107 seconds
[2025-03-11T06:02:19.391+0000] {processor.py:153} INFO - Started process (PID=783) to work on /home/airflow/.local/lib/python3.7/site-packages/airflow/example_dags/example_branch_day_of_week_operator.py
[2025-03-11T06:02:19.394+0000] {processor.py:743} INFO - Processing file /home/airflow/.local/lib/python3.7/site-packages/airflow/example_dags/example_branch_day_of_week_operator.py for tasks to queue
[2025-03-11T06:02:19.394+0000] {logging_mixin.py:137} INFO - [2025-03-11T06:02:19.394+0000] {dagbag.py:538} INFO - Filling up the DagBag from /home/airflow/.local/lib/python3.7/site-packages/airflow/example_dags/example_branch_day_of_week_operator.py
[2025-03-11T06:02:19.418+0000] {processor.py:753} INFO - DAG(s) dict_keys(['example_weekday_branch_operator']) retrieved from /home/airflow/.local/lib/python3.7/site-packages/airflow/example_dags/example_branch_day_of_week_operator.py
[2025-03-11T06:02:19.468+0000] {logging_mixin.py:137} INFO - [2025-03-11T06:02:19.468+0000] {dag.py:2676} INFO - Sync 1 DAGs
[2025-03-11T06:02:19.500+0000] {logging_mixin.py:137} INFO - [2025-03-11T06:02:19.500+0000] {dag.py:3427} INFO - Setting next_dagrun for example_weekday_branch_operator to 2025-03-10T00:00:00+00:00, run_after=2025-03-11T00:00:00+00:00
[2025-03-11T06:02:19.526+0000] {processor.py:175} INFO - Processing /home/airflow/.local/lib/python3.7/site-packages/airflow/example_dags/example_branch_day_of_week_operator.py took 0.139 seconds
[2025-03-11T06:02:50.258+0000] {processor.py:153} INFO - Started process (PID=822) to work on /home/airflow/.local/lib/python3.7/site-packages/airflow/example_dags/example_branch_day_of_week_operator.py
[2025-03-11T06:02:50.259+0000] {processor.py:743} INFO - Processing file /home/airflow/.local/lib/python3.7/site-packages/airflow/example_dags/example_branch_day_of_week_operator.py for tasks to queue
[2025-03-11T06:02:50.260+0000] {logging_mixin.py:137} INFO - [2025-03-11T06:02:50.260+0000] {dagbag.py:538} INFO - Filling up the DagBag from /home/airflow/.local/lib/python3.7/site-packages/airflow/example_dags/example_branch_day_of_week_operator.py
[2025-03-11T06:02:50.285+0000] {processor.py:753} INFO - DAG(s) dict_keys(['example_weekday_branch_operator']) retrieved from /home/airflow/.local/lib/python3.7/site-packages/airflow/example_dags/example_branch_day_of_week_operator.py
[2025-03-11T06:02:50.325+0000] {logging_mixin.py:137} INFO - [2025-03-11T06:02:50.325+0000] {dag.py:2676} INFO - Sync 1 DAGs
[2025-03-11T06:02:50.346+0000] {logging_mixin.py:137} INFO - [2025-03-11T06:02:50.346+0000] {dag.py:3427} INFO - Setting next_dagrun for example_weekday_branch_operator to 2025-03-10T00:00:00+00:00, run_after=2025-03-11T00:00:00+00:00
[2025-03-11T06:02:50.365+0000] {processor.py:175} INFO - Processing /home/airflow/.local/lib/python3.7/site-packages/airflow/example_dags/example_branch_day_of_week_operator.py took 0.112 seconds
[2025-03-11T06:03:20.665+0000] {processor.py:153} INFO - Started process (PID=861) to work on /home/airflow/.local/lib/python3.7/site-packages/airflow/example_dags/example_branch_day_of_week_operator.py
[2025-03-11T06:03:20.667+0000] {processor.py:743} INFO - Processing file /home/airflow/.local/lib/python3.7/site-packages/airflow/example_dags/example_branch_day_of_week_operator.py for tasks to queue
[2025-03-11T06:03:20.668+0000] {logging_mixin.py:137} INFO - [2025-03-11T06:03:20.668+0000] {dagbag.py:538} INFO - Filling up the DagBag from /home/airflow/.local/lib/python3.7/site-packages/airflow/example_dags/example_branch_day_of_week_operator.py
[2025-03-11T06:03:20.691+0000] {processor.py:753} INFO - DAG(s) dict_keys(['example_weekday_branch_operator']) retrieved from /home/airflow/.local/lib/python3.7/site-packages/airflow/example_dags/example_branch_day_of_week_operator.py
[2025-03-11T06:03:20.728+0000] {logging_mixin.py:137} INFO - [2025-03-11T06:03:20.728+0000] {dag.py:2676} INFO - Sync 1 DAGs
[2025-03-11T06:03:20.752+0000] {logging_mixin.py:137} INFO - [2025-03-11T06:03:20.751+0000] {dag.py:3427} INFO - Setting next_dagrun for example_weekday_branch_operator to 2025-03-10T00:00:00+00:00, run_after=2025-03-11T00:00:00+00:00
[2025-03-11T06:03:20.769+0000] {processor.py:175} INFO - Processing /home/airflow/.local/lib/python3.7/site-packages/airflow/example_dags/example_branch_day_of_week_operator.py took 0.110 seconds
[2025-03-11T06:03:51.049+0000] {processor.py:153} INFO - Started process (PID=900) to work on /home/airflow/.local/lib/python3.7/site-packages/airflow/example_dags/example_branch_day_of_week_operator.py
[2025-03-11T06:03:51.050+0000] {processor.py:743} INFO - Processing file /home/airflow/.local/lib/python3.7/site-packages/airflow/example_dags/example_branch_day_of_week_operator.py for tasks to queue
[2025-03-11T06:03:51.052+0000] {logging_mixin.py:137} INFO - [2025-03-11T06:03:51.051+0000] {dagbag.py:538} INFO - Filling up the DagBag from /home/airflow/.local/lib/python3.7/site-packages/airflow/example_dags/example_branch_day_of_week_operator.py
[2025-03-11T06:03:51.080+0000] {processor.py:753} INFO - DAG(s) dict_keys(['example_weekday_branch_operator']) retrieved from /home/airflow/.local/lib/python3.7/site-packages/airflow/example_dags/example_branch_day_of_week_operator.py
[2025-03-11T06:03:51.116+0000] {logging_mixin.py:137} INFO - [2025-03-11T06:03:51.116+0000] {dag.py:2676} INFO - Sync 1 DAGs
[2025-03-11T06:03:51.141+0000] {logging_mixin.py:137} INFO - [2025-03-11T06:03:51.141+0000] {dag.py:3427} INFO - Setting next_dagrun for example_weekday_branch_operator to 2025-03-10T00:00:00+00:00, run_after=2025-03-11T00:00:00+00:00
[2025-03-11T06:03:51.160+0000] {processor.py:175} INFO - Processing /home/airflow/.local/lib/python3.7/site-packages/airflow/example_dags/example_branch_day_of_week_operator.py took 0.117 seconds
[2025-03-11T06:04:21.531+0000] {processor.py:153} INFO - Started process (PID=939) to work on /home/airflow/.local/lib/python3.7/site-packages/airflow/example_dags/example_branch_day_of_week_operator.py
[2025-03-11T06:04:21.533+0000] {processor.py:743} INFO - Processing file /home/airflow/.local/lib/python3.7/site-packages/airflow/example_dags/example_branch_day_of_week_operator.py for tasks to queue
[2025-03-11T06:04:21.535+0000] {logging_mixin.py:137} INFO - [2025-03-11T06:04:21.535+0000] {dagbag.py:538} INFO - Filling up the DagBag from /home/airflow/.local/lib/python3.7/site-packages/airflow/example_dags/example_branch_day_of_week_operator.py
[2025-03-11T06:04:21.559+0000] {processor.py:753} INFO - DAG(s) dict_keys(['example_weekday_branch_operator']) retrieved from /home/airflow/.local/lib/python3.7/site-packages/airflow/example_dags/example_branch_day_of_week_operator.py
[2025-03-11T06:04:21.599+0000] {logging_mixin.py:137} INFO - [2025-03-11T06:04:21.599+0000] {dag.py:2676} INFO - Sync 1 DAGs
[2025-03-11T06:04:21.621+0000] {logging_mixin.py:137} INFO - [2025-03-11T06:04:21.621+0000] {dag.py:3427} INFO - Setting next_dagrun for example_weekday_branch_operator to 2025-03-10T00:00:00+00:00, run_after=2025-03-11T00:00:00+00:00
[2025-03-11T06:04:21.637+0000] {processor.py:175} INFO - Processing /home/airflow/.local/lib/python3.7/site-packages/airflow/example_dags/example_branch_day_of_week_operator.py took 0.111 seconds
[2025-03-11T06:04:51.950+0000] {processor.py:153} INFO - Started process (PID=978) to work on /home/airflow/.local/lib/python3.7/site-packages/airflow/example_dags/example_branch_day_of_week_operator.py
[2025-03-11T06:04:51.952+0000] {processor.py:743} INFO - Processing file /home/airflow/.local/lib/python3.7/site-packages/airflow/example_dags/example_branch_day_of_week_operator.py for tasks to queue
[2025-03-11T06:04:51.953+0000] {logging_mixin.py:137} INFO - [2025-03-11T06:04:51.953+0000] {dagbag.py:538} INFO - Filling up the DagBag from /home/airflow/.local/lib/python3.7/site-packages/airflow/example_dags/example_branch_day_of_week_operator.py
[2025-03-11T06:04:51.979+0000] {processor.py:753} INFO - DAG(s) dict_keys(['example_weekday_branch_operator']) retrieved from /home/airflow/.local/lib/python3.7/site-packages/airflow/example_dags/example_branch_day_of_week_operator.py
[2025-03-11T06:04:52.015+0000] {logging_mixin.py:137} INFO - [2025-03-11T06:04:52.014+0000] {dag.py:2676} INFO - Sync 1 DAGs
[2025-03-11T06:04:52.037+0000] {logging_mixin.py:137} INFO - [2025-03-11T06:04:52.037+0000] {dag.py:3427} INFO - Setting next_dagrun for example_weekday_branch_operator to 2025-03-10T00:00:00+00:00, run_after=2025-03-11T00:00:00+00:00
[2025-03-11T06:04:52.056+0000] {processor.py:175} INFO - Processing /home/airflow/.local/lib/python3.7/site-packages/airflow/example_dags/example_branch_day_of_week_operator.py took 0.112 seconds
[2025-03-11T06:05:22.339+0000] {processor.py:153} INFO - Started process (PID=1017) to work on /home/airflow/.local/lib/python3.7/site-packages/airflow/example_dags/example_branch_day_of_week_operator.py
[2025-03-11T06:05:22.340+0000] {processor.py:743} INFO - Processing file /home/airflow/.local/lib/python3.7/site-packages/airflow/example_dags/example_branch_day_of_week_operator.py for tasks to queue
[2025-03-11T06:05:22.342+0000] {logging_mixin.py:137} INFO - [2025-03-11T06:05:22.342+0000] {dagbag.py:538} INFO - Filling up the DagBag from /home/airflow/.local/lib/python3.7/site-packages/airflow/example_dags/example_branch_day_of_week_operator.py
[2025-03-11T06:05:22.367+0000] {processor.py:753} INFO - DAG(s) dict_keys(['example_weekday_branch_operator']) retrieved from /home/airflow/.local/lib/python3.7/site-packages/airflow/example_dags/example_branch_day_of_week_operator.py
[2025-03-11T06:05:22.407+0000] {logging_mixin.py:137} INFO - [2025-03-11T06:05:22.406+0000] {dag.py:2676} INFO - Sync 1 DAGs
[2025-03-11T06:05:22.429+0000] {logging_mixin.py:137} INFO - [2025-03-11T06:05:22.429+0000] {dag.py:3427} INFO - Setting next_dagrun for example_weekday_branch_operator to 2025-03-10T00:00:00+00:00, run_after=2025-03-11T00:00:00+00:00
[2025-03-11T06:05:22.445+0000] {processor.py:175} INFO - Processing /home/airflow/.local/lib/python3.7/site-packages/airflow/example_dags/example_branch_day_of_week_operator.py took 0.112 seconds
[2025-03-11T06:05:52.793+0000] {processor.py:153} INFO - Started process (PID=1056) to work on /home/airflow/.local/lib/python3.7/site-packages/airflow/example_dags/example_branch_day_of_week_operator.py
[2025-03-11T06:05:52.795+0000] {processor.py:743} INFO - Processing file /home/airflow/.local/lib/python3.7/site-packages/airflow/example_dags/example_branch_day_of_week_operator.py for tasks to queue
[2025-03-11T06:05:52.797+0000] {logging_mixin.py:137} INFO - [2025-03-11T06:05:52.797+0000] {dagbag.py:538} INFO - Filling up the DagBag from /home/airflow/.local/lib/python3.7/site-packages/airflow/example_dags/example_branch_day_of_week_operator.py
[2025-03-11T06:05:52.821+0000] {processor.py:753} INFO - DAG(s) dict_keys(['example_weekday_branch_operator']) retrieved from /home/airflow/.local/lib/python3.7/site-packages/airflow/example_dags/example_branch_day_of_week_operator.py
[2025-03-11T06:05:52.866+0000] {logging_mixin.py:137} INFO - [2025-03-11T06:05:52.866+0000] {dag.py:2676} INFO - Sync 1 DAGs
[2025-03-11T06:05:52.892+0000] {logging_mixin.py:137} INFO - [2025-03-11T06:05:52.892+0000] {dag.py:3427} INFO - Setting next_dagrun for example_weekday_branch_operator to 2025-03-10T00:00:00+00:00, run_after=2025-03-11T00:00:00+00:00
[2025-03-11T06:05:52.912+0000] {processor.py:175} INFO - Processing /home/airflow/.local/lib/python3.7/site-packages/airflow/example_dags/example_branch_day_of_week_operator.py took 0.126 seconds
[2025-03-11T06:06:23.285+0000] {processor.py:153} INFO - Started process (PID=1095) to work on /home/airflow/.local/lib/python3.7/site-packages/airflow/example_dags/example_branch_day_of_week_operator.py
[2025-03-11T06:06:23.286+0000] {processor.py:743} INFO - Processing file /home/airflow/.local/lib/python3.7/site-packages/airflow/example_dags/example_branch_day_of_week_operator.py for tasks to queue
[2025-03-11T06:06:23.288+0000] {logging_mixin.py:137} INFO - [2025-03-11T06:06:23.287+0000] {dagbag.py:538} INFO - Filling up the DagBag from /home/airflow/.local/lib/python3.7/site-packages/airflow/example_dags/example_branch_day_of_week_operator.py
[2025-03-11T06:06:23.312+0000] {processor.py:753} INFO - DAG(s) dict_keys(['example_weekday_branch_operator']) retrieved from /home/airflow/.local/lib/python3.7/site-packages/airflow/example_dags/example_branch_day_of_week_operator.py
[2025-03-11T06:06:23.351+0000] {logging_mixin.py:137} INFO - [2025-03-11T06:06:23.351+0000] {dag.py:2676} INFO - Sync 1 DAGs
[2025-03-11T06:06:23.374+0000] {logging_mixin.py:137} INFO - [2025-03-11T06:06:23.374+0000] {dag.py:3427} INFO - Setting next_dagrun for example_weekday_branch_operator to 2025-03-10T00:00:00+00:00, run_after=2025-03-11T00:00:00+00:00
[2025-03-11T06:06:23.387+0000] {processor.py:175} INFO - Processing /home/airflow/.local/lib/python3.7/site-packages/airflow/example_dags/example_branch_day_of_week_operator.py took 0.108 seconds
[2025-03-11T06:06:53.656+0000] {processor.py:153} INFO - Started process (PID=1134) to work on /home/airflow/.local/lib/python3.7/site-packages/airflow/example_dags/example_branch_day_of_week_operator.py
[2025-03-11T06:06:53.657+0000] {processor.py:743} INFO - Processing file /home/airflow/.local/lib/python3.7/site-packages/airflow/example_dags/example_branch_day_of_week_operator.py for tasks to queue
[2025-03-11T06:06:53.658+0000] {logging_mixin.py:137} INFO - [2025-03-11T06:06:53.658+0000] {dagbag.py:538} INFO - Filling up the DagBag from /home/airflow/.local/lib/python3.7/site-packages/airflow/example_dags/example_branch_day_of_week_operator.py
[2025-03-11T06:06:53.688+0000] {processor.py:753} INFO - DAG(s) dict_keys(['example_weekday_branch_operator']) retrieved from /home/airflow/.local/lib/python3.7/site-packages/airflow/example_dags/example_branch_day_of_week_operator.py
[2025-03-11T06:06:53.726+0000] {logging_mixin.py:137} INFO - [2025-03-11T06:06:53.726+0000] {dag.py:2676} INFO - Sync 1 DAGs
[2025-03-11T06:06:53.747+0000] {logging_mixin.py:137} INFO - [2025-03-11T06:06:53.747+0000] {dag.py:3427} INFO - Setting next_dagrun for example_weekday_branch_operator to 2025-03-10T00:00:00+00:00, run_after=2025-03-11T00:00:00+00:00
[2025-03-11T06:06:53.766+0000] {processor.py:175} INFO - Processing /home/airflow/.local/lib/python3.7/site-packages/airflow/example_dags/example_branch_day_of_week_operator.py took 0.114 seconds
[2025-03-11T06:07:24.065+0000] {processor.py:153} INFO - Started process (PID=1173) to work on /home/airflow/.local/lib/python3.7/site-packages/airflow/example_dags/example_branch_day_of_week_operator.py
[2025-03-11T06:07:24.067+0000] {processor.py:743} INFO - Processing file /home/airflow/.local/lib/python3.7/site-packages/airflow/example_dags/example_branch_day_of_week_operator.py for tasks to queue
[2025-03-11T06:07:24.068+0000] {logging_mixin.py:137} INFO - [2025-03-11T06:07:24.068+0000] {dagbag.py:538} INFO - Filling up the DagBag from /home/airflow/.local/lib/python3.7/site-packages/airflow/example_dags/example_branch_day_of_week_operator.py
[2025-03-11T06:07:24.098+0000] {processor.py:753} INFO - DAG(s) dict_keys(['example_weekday_branch_operator']) retrieved from /home/airflow/.local/lib/python3.7/site-packages/airflow/example_dags/example_branch_day_of_week_operator.py
[2025-03-11T06:07:24.139+0000] {logging_mixin.py:137} INFO - [2025-03-11T06:07:24.139+0000] {dag.py:2676} INFO - Sync 1 DAGs
[2025-03-11T06:07:24.164+0000] {logging_mixin.py:137} INFO - [2025-03-11T06:07:24.163+0000] {dag.py:3427} INFO - Setting next_dagrun for example_weekday_branch_operator to 2025-03-10T00:00:00+00:00, run_after=2025-03-11T00:00:00+00:00
[2025-03-11T06:07:24.179+0000] {processor.py:175} INFO - Processing /home/airflow/.local/lib/python3.7/site-packages/airflow/example_dags/example_branch_day_of_week_operator.py took 0.120 seconds
[2025-03-11T06:07:54.597+0000] {processor.py:153} INFO - Started process (PID=1212) to work on /home/airflow/.local/lib/python3.7/site-packages/airflow/example_dags/example_branch_day_of_week_operator.py
[2025-03-11T06:07:54.599+0000] {processor.py:743} INFO - Processing file /home/airflow/.local/lib/python3.7/site-packages/airflow/example_dags/example_branch_day_of_week_operator.py for tasks to queue
[2025-03-11T06:07:54.600+0000] {logging_mixin.py:137} INFO - [2025-03-11T06:07:54.600+0000] {dagbag.py:538} INFO - Filling up the DagBag from /home/airflow/.local/lib/python3.7/site-packages/airflow/example_dags/example_branch_day_of_week_operator.py
[2025-03-11T06:07:54.627+0000] {processor.py:753} INFO - DAG(s) dict_keys(['example_weekday_branch_operator']) retrieved from /home/airflow/.local/lib/python3.7/site-packages/airflow/example_dags/example_branch_day_of_week_operator.py
[2025-03-11T06:07:54.668+0000] {logging_mixin.py:137} INFO - [2025-03-11T06:07:54.668+0000] {dag.py:2676} INFO - Sync 1 DAGs
[2025-03-11T06:07:54.689+0000] {logging_mixin.py:137} INFO - [2025-03-11T06:07:54.689+0000] {dag.py:3427} INFO - Setting next_dagrun for example_weekday_branch_operator to 2025-03-10T00:00:00+00:00, run_after=2025-03-11T00:00:00+00:00
[2025-03-11T06:07:54.705+0000] {processor.py:175} INFO - Processing /home/airflow/.local/lib/python3.7/site-packages/airflow/example_dags/example_branch_day_of_week_operator.py took 0.113 seconds
[2025-03-11T06:08:25.123+0000] {processor.py:153} INFO - Started process (PID=1251) to work on /home/airflow/.local/lib/python3.7/site-packages/airflow/example_dags/example_branch_day_of_week_operator.py
[2025-03-11T06:08:25.124+0000] {processor.py:743} INFO - Processing file /home/airflow/.local/lib/python3.7/site-packages/airflow/example_dags/example_branch_day_of_week_operator.py for tasks to queue
[2025-03-11T06:08:25.125+0000] {logging_mixin.py:137} INFO - [2025-03-11T06:08:25.125+0000] {dagbag.py:538} INFO - Filling up the DagBag from /home/airflow/.local/lib/python3.7/site-packages/airflow/example_dags/example_branch_day_of_week_operator.py
[2025-03-11T06:08:25.142+0000] {processor.py:753} INFO - DAG(s) dict_keys(['example_weekday_branch_operator']) retrieved from /home/airflow/.local/lib/python3.7/site-packages/airflow/example_dags/example_branch_day_of_week_operator.py
[2025-03-11T06:08:25.175+0000] {logging_mixin.py:137} INFO - [2025-03-11T06:08:25.175+0000] {dag.py:2676} INFO - Sync 1 DAGs
[2025-03-11T06:08:25.198+0000] {logging_mixin.py:137} INFO - [2025-03-11T06:08:25.198+0000] {dag.py:3427} INFO - Setting next_dagrun for example_weekday_branch_operator to 2025-03-10T00:00:00+00:00, run_after=2025-03-11T00:00:00+00:00
[2025-03-11T06:08:25.216+0000] {processor.py:175} INFO - Processing /home/airflow/.local/lib/python3.7/site-packages/airflow/example_dags/example_branch_day_of_week_operator.py took 0.096 seconds
[2025-03-11T06:08:55.719+0000] {processor.py:153} INFO - Started process (PID=1290) to work on /home/airflow/.local/lib/python3.7/site-packages/airflow/example_dags/example_branch_day_of_week_operator.py
[2025-03-11T06:08:55.721+0000] {processor.py:743} INFO - Processing file /home/airflow/.local/lib/python3.7/site-packages/airflow/example_dags/example_branch_day_of_week_operator.py for tasks to queue
[2025-03-11T06:08:55.722+0000] {logging_mixin.py:137} INFO - [2025-03-11T06:08:55.721+0000] {dagbag.py:538} INFO - Filling up the DagBag from /home/airflow/.local/lib/python3.7/site-packages/airflow/example_dags/example_branch_day_of_week_operator.py
[2025-03-11T06:08:55.752+0000] {processor.py:753} INFO - DAG(s) dict_keys(['example_weekday_branch_operator']) retrieved from /home/airflow/.local/lib/python3.7/site-packages/airflow/example_dags/example_branch_day_of_week_operator.py
[2025-03-11T06:08:55.787+0000] {logging_mixin.py:137} INFO - [2025-03-11T06:08:55.787+0000] {dag.py:2676} INFO - Sync 1 DAGs
[2025-03-11T06:08:55.811+0000] {logging_mixin.py:137} INFO - [2025-03-11T06:08:55.811+0000] {dag.py:3427} INFO - Setting next_dagrun for example_weekday_branch_operator to 2025-03-10T00:00:00+00:00, run_after=2025-03-11T00:00:00+00:00
[2025-03-11T06:08:55.833+0000] {processor.py:175} INFO - Processing /home/airflow/.local/lib/python3.7/site-packages/airflow/example_dags/example_branch_day_of_week_operator.py took 0.120 seconds
[2025-03-11T06:09:26.162+0000] {processor.py:153} INFO - Started process (PID=1329) to work on /home/airflow/.local/lib/python3.7/site-packages/airflow/example_dags/example_branch_day_of_week_operator.py
[2025-03-11T06:09:26.164+0000] {processor.py:743} INFO - Processing file /home/airflow/.local/lib/python3.7/site-packages/airflow/example_dags/example_branch_day_of_week_operator.py for tasks to queue
[2025-03-11T06:09:26.165+0000] {logging_mixin.py:137} INFO - [2025-03-11T06:09:26.165+0000] {dagbag.py:538} INFO - Filling up the DagBag from /home/airflow/.local/lib/python3.7/site-packages/airflow/example_dags/example_branch_day_of_week_operator.py
[2025-03-11T06:09:26.190+0000] {processor.py:753} INFO - DAG(s) dict_keys(['example_weekday_branch_operator']) retrieved from /home/airflow/.local/lib/python3.7/site-packages/airflow/example_dags/example_branch_day_of_week_operator.py
[2025-03-11T06:09:26.229+0000] {logging_mixin.py:137} INFO - [2025-03-11T06:09:26.229+0000] {dag.py:2676} INFO - Sync 1 DAGs
[2025-03-11T06:09:26.250+0000] {logging_mixin.py:137} INFO - [2025-03-11T06:09:26.250+0000] {dag.py:3427} INFO - Setting next_dagrun for example_weekday_branch_operator to 2025-03-10T00:00:00+00:00, run_after=2025-03-11T00:00:00+00:00
[2025-03-11T06:09:26.270+0000] {processor.py:175} INFO - Processing /home/airflow/.local/lib/python3.7/site-packages/airflow/example_dags/example_branch_day_of_week_operator.py took 0.113 seconds
[2025-03-11T06:09:56.703+0000] {processor.py:153} INFO - Started process (PID=1368) to work on /home/airflow/.local/lib/python3.7/site-packages/airflow/example_dags/example_branch_day_of_week_operator.py
[2025-03-11T06:09:56.708+0000] {processor.py:743} INFO - Processing file /home/airflow/.local/lib/python3.7/site-packages/airflow/example_dags/example_branch_day_of_week_operator.py for tasks to queue
[2025-03-11T06:09:56.709+0000] {logging_mixin.py:137} INFO - [2025-03-11T06:09:56.709+0000] {dagbag.py:538} INFO - Filling up the DagBag from /home/airflow/.local/lib/python3.7/site-packages/airflow/example_dags/example_branch_day_of_week_operator.py
[2025-03-11T06:09:56.733+0000] {processor.py:753} INFO - DAG(s) dict_keys(['example_weekday_branch_operator']) retrieved from /home/airflow/.local/lib/python3.7/site-packages/airflow/example_dags/example_branch_day_of_week_operator.py
[2025-03-11T06:09:56.770+0000] {logging_mixin.py:137} INFO - [2025-03-11T06:09:56.770+0000] {dag.py:2676} INFO - Sync 1 DAGs
[2025-03-11T06:09:56.791+0000] {logging_mixin.py:137} INFO - [2025-03-11T06:09:56.791+0000] {dag.py:3427} INFO - Setting next_dagrun for example_weekday_branch_operator to 2025-03-10T00:00:00+00:00, run_after=2025-03-11T00:00:00+00:00
[2025-03-11T06:09:56.806+0000] {processor.py:175} INFO - Processing /home/airflow/.local/lib/python3.7/site-packages/airflow/example_dags/example_branch_day_of_week_operator.py took 0.109 seconds
