[2025-03-11T05:52:42.471+0000] {processor.py:153} INFO - Started process (PID=61) to work on /home/airflow/.local/lib/python3.7/site-packages/airflow/example_dags/example_dag_decorator.py
[2025-03-11T05:52:42.476+0000] {processor.py:743} INFO - Processing file /home/airflow/.local/lib/python3.7/site-packages/airflow/example_dags/example_dag_decorator.py for tasks to queue
[2025-03-11T05:52:42.478+0000] {logging_mixin.py:137} INFO - [2025-03-11T05:52:42.478+0000] {dagbag.py:538} INFO - Filling up the DagBag from /home/airflow/.local/lib/python3.7/site-packages/airflow/example_dags/example_dag_decorator.py
[2025-03-11T05:52:42.531+0000] {logging_mixin.py:137} INFO - [2025-03-11T05:52:42.530+0000] {taskmixin.py:205} WARNING - Dependency <Task(_PythonDecoratedOperator): prepare_email>, send_email already registered for DAG: example_dag_decorator
[2025-03-11T05:52:42.533+0000] {logging_mixin.py:137} INFO - [2025-03-11T05:52:42.532+0000] {taskmixin.py:205} WARNING - Dependency <Task(EmailOperator): send_email>, prepare_email already registered for DAG: example_dag_decorator
[2025-03-11T05:52:42.571+0000] {processor.py:753} INFO - DAG(s) dict_keys(['example_dag_decorator']) retrieved from /home/airflow/.local/lib/python3.7/site-packages/airflow/example_dags/example_dag_decorator.py
[2025-03-11T05:52:42.634+0000] {logging_mixin.py:137} INFO - [2025-03-11T05:52:42.633+0000] {dag.py:2676} INFO - Sync 1 DAGs
[2025-03-11T05:52:42.694+0000] {logging_mixin.py:137} INFO - [2025-03-11T05:52:42.694+0000] {dag.py:3427} INFO - Setting next_dagrun for example_dag_decorator to None, run_after=None
[2025-03-11T05:52:42.767+0000] {processor.py:175} INFO - Processing /home/airflow/.local/lib/python3.7/site-packages/airflow/example_dags/example_dag_decorator.py took 0.305 seconds
[2025-03-11T05:53:13.168+0000] {processor.py:153} INFO - Started process (PID=100) to work on /home/airflow/.local/lib/python3.7/site-packages/airflow/example_dags/example_dag_decorator.py
[2025-03-11T05:53:13.168+0000] {processor.py:743} INFO - Processing file /home/airflow/.local/lib/python3.7/site-packages/airflow/example_dags/example_dag_decorator.py for tasks to queue
[2025-03-11T05:53:13.170+0000] {logging_mixin.py:137} INFO - [2025-03-11T05:53:13.170+0000] {dagbag.py:538} INFO - Filling up the DagBag from /home/airflow/.local/lib/python3.7/site-packages/airflow/example_dags/example_dag_decorator.py
[2025-03-11T05:53:13.185+0000] {logging_mixin.py:137} INFO - [2025-03-11T05:53:13.185+0000] {taskmixin.py:205} WARNING - Dependency <Task(_PythonDecoratedOperator): prepare_email>, send_email already registered for DAG: example_dag_decorator
[2025-03-11T05:53:13.186+0000] {logging_mixin.py:137} INFO - [2025-03-11T05:53:13.185+0000] {taskmixin.py:205} WARNING - Dependency <Task(EmailOperator): send_email>, prepare_email already registered for DAG: example_dag_decorator
[2025-03-11T05:53:13.195+0000] {processor.py:753} INFO - DAG(s) dict_keys(['example_dag_decorator']) retrieved from /home/airflow/.local/lib/python3.7/site-packages/airflow/example_dags/example_dag_decorator.py
[2025-03-11T05:53:13.218+0000] {logging_mixin.py:137} INFO - [2025-03-11T05:53:13.218+0000] {dag.py:2676} INFO - Sync 1 DAGs
[2025-03-11T05:53:13.238+0000] {logging_mixin.py:137} INFO - [2025-03-11T05:53:13.238+0000] {dag.py:3427} INFO - Setting next_dagrun for example_dag_decorator to None, run_after=None
[2025-03-11T05:53:13.258+0000] {processor.py:175} INFO - Processing /home/airflow/.local/lib/python3.7/site-packages/airflow/example_dags/example_dag_decorator.py took 0.092 seconds
[2025-03-11T05:53:43.914+0000] {processor.py:153} INFO - Started process (PID=139) to work on /home/airflow/.local/lib/python3.7/site-packages/airflow/example_dags/example_dag_decorator.py
[2025-03-11T05:53:43.916+0000] {processor.py:743} INFO - Processing file /home/airflow/.local/lib/python3.7/site-packages/airflow/example_dags/example_dag_decorator.py for tasks to queue
[2025-03-11T05:53:43.918+0000] {logging_mixin.py:137} INFO - [2025-03-11T05:53:43.917+0000] {dagbag.py:538} INFO - Filling up the DagBag from /home/airflow/.local/lib/python3.7/site-packages/airflow/example_dags/example_dag_decorator.py
[2025-03-11T05:53:43.933+0000] {logging_mixin.py:137} INFO - [2025-03-11T05:53:43.932+0000] {taskmixin.py:205} WARNING - Dependency <Task(_PythonDecoratedOperator): prepare_email>, send_email already registered for DAG: example_dag_decorator
[2025-03-11T05:53:43.933+0000] {logging_mixin.py:137} INFO - [2025-03-11T05:53:43.933+0000] {taskmixin.py:205} WARNING - Dependency <Task(EmailOperator): send_email>, prepare_email already registered for DAG: example_dag_decorator
[2025-03-11T05:53:43.942+0000] {processor.py:753} INFO - DAG(s) dict_keys(['example_dag_decorator']) retrieved from /home/airflow/.local/lib/python3.7/site-packages/airflow/example_dags/example_dag_decorator.py
[2025-03-11T05:53:44.012+0000] {logging_mixin.py:137} INFO - [2025-03-11T05:53:44.012+0000] {dag.py:2676} INFO - Sync 1 DAGs
[2025-03-11T05:53:44.032+0000] {logging_mixin.py:137} INFO - [2025-03-11T05:53:44.032+0000] {dag.py:3427} INFO - Setting next_dagrun for example_dag_decorator to None, run_after=None
[2025-03-11T05:53:44.049+0000] {processor.py:175} INFO - Processing /home/airflow/.local/lib/python3.7/site-packages/airflow/example_dags/example_dag_decorator.py took 0.136 seconds
[2025-03-11T05:54:14.906+0000] {processor.py:153} INFO - Started process (PID=178) to work on /home/airflow/.local/lib/python3.7/site-packages/airflow/example_dags/example_dag_decorator.py
[2025-03-11T05:54:14.907+0000] {processor.py:743} INFO - Processing file /home/airflow/.local/lib/python3.7/site-packages/airflow/example_dags/example_dag_decorator.py for tasks to queue
[2025-03-11T05:54:14.908+0000] {logging_mixin.py:137} INFO - [2025-03-11T05:54:14.908+0000] {dagbag.py:538} INFO - Filling up the DagBag from /home/airflow/.local/lib/python3.7/site-packages/airflow/example_dags/example_dag_decorator.py
[2025-03-11T05:54:14.923+0000] {logging_mixin.py:137} INFO - [2025-03-11T05:54:14.923+0000] {taskmixin.py:205} WARNING - Dependency <Task(_PythonDecoratedOperator): prepare_email>, send_email already registered for DAG: example_dag_decorator
[2025-03-11T05:54:14.923+0000] {logging_mixin.py:137} INFO - [2025-03-11T05:54:14.923+0000] {taskmixin.py:205} WARNING - Dependency <Task(EmailOperator): send_email>, prepare_email already registered for DAG: example_dag_decorator
[2025-03-11T05:54:14.934+0000] {processor.py:753} INFO - DAG(s) dict_keys(['example_dag_decorator']) retrieved from /home/airflow/.local/lib/python3.7/site-packages/airflow/example_dags/example_dag_decorator.py
[2025-03-11T05:54:15.006+0000] {logging_mixin.py:137} INFO - [2025-03-11T05:54:15.006+0000] {dag.py:2676} INFO - Sync 1 DAGs
[2025-03-11T05:54:15.038+0000] {logging_mixin.py:137} INFO - [2025-03-11T05:54:15.037+0000] {dag.py:3427} INFO - Setting next_dagrun for example_dag_decorator to None, run_after=None
[2025-03-11T05:54:15.054+0000] {processor.py:175} INFO - Processing /home/airflow/.local/lib/python3.7/site-packages/airflow/example_dags/example_dag_decorator.py took 0.151 seconds
[2025-03-11T05:54:45.451+0000] {processor.py:153} INFO - Started process (PID=217) to work on /home/airflow/.local/lib/python3.7/site-packages/airflow/example_dags/example_dag_decorator.py
[2025-03-11T05:54:45.452+0000] {processor.py:743} INFO - Processing file /home/airflow/.local/lib/python3.7/site-packages/airflow/example_dags/example_dag_decorator.py for tasks to queue
[2025-03-11T05:54:45.453+0000] {logging_mixin.py:137} INFO - [2025-03-11T05:54:45.453+0000] {dagbag.py:538} INFO - Filling up the DagBag from /home/airflow/.local/lib/python3.7/site-packages/airflow/example_dags/example_dag_decorator.py
[2025-03-11T05:54:45.483+0000] {logging_mixin.py:137} INFO - [2025-03-11T05:54:45.482+0000] {taskmixin.py:205} WARNING - Dependency <Task(_PythonDecoratedOperator): prepare_email>, send_email already registered for DAG: example_dag_decorator
[2025-03-11T05:54:45.483+0000] {logging_mixin.py:137} INFO - [2025-03-11T05:54:45.483+0000] {taskmixin.py:205} WARNING - Dependency <Task(EmailOperator): send_email>, prepare_email already registered for DAG: example_dag_decorator
[2025-03-11T05:54:45.502+0000] {processor.py:753} INFO - DAG(s) dict_keys(['example_dag_decorator']) retrieved from /home/airflow/.local/lib/python3.7/site-packages/airflow/example_dags/example_dag_decorator.py
[2025-03-11T05:54:45.594+0000] {logging_mixin.py:137} INFO - [2025-03-11T05:54:45.594+0000] {dag.py:2676} INFO - Sync 1 DAGs
[2025-03-11T05:54:45.698+0000] {logging_mixin.py:137} INFO - [2025-03-11T05:54:45.698+0000] {dag.py:3427} INFO - Setting next_dagrun for example_dag_decorator to None, run_after=None
[2025-03-11T05:54:45.740+0000] {processor.py:175} INFO - Processing /home/airflow/.local/lib/python3.7/site-packages/airflow/example_dags/example_dag_decorator.py took 0.291 seconds
[2025-03-11T05:55:16.563+0000] {processor.py:153} INFO - Started process (PID=256) to work on /home/airflow/.local/lib/python3.7/site-packages/airflow/example_dags/example_dag_decorator.py
[2025-03-11T05:55:16.565+0000] {processor.py:743} INFO - Processing file /home/airflow/.local/lib/python3.7/site-packages/airflow/example_dags/example_dag_decorator.py for tasks to queue
[2025-03-11T05:55:16.568+0000] {logging_mixin.py:137} INFO - [2025-03-11T05:55:16.567+0000] {dagbag.py:538} INFO - Filling up the DagBag from /home/airflow/.local/lib/python3.7/site-packages/airflow/example_dags/example_dag_decorator.py
[2025-03-11T05:55:16.591+0000] {logging_mixin.py:137} INFO - [2025-03-11T05:55:16.591+0000] {taskmixin.py:205} WARNING - Dependency <Task(_PythonDecoratedOperator): prepare_email>, send_email already registered for DAG: example_dag_decorator
[2025-03-11T05:55:16.591+0000] {logging_mixin.py:137} INFO - [2025-03-11T05:55:16.591+0000] {taskmixin.py:205} WARNING - Dependency <Task(EmailOperator): send_email>, prepare_email already registered for DAG: example_dag_decorator
[2025-03-11T05:55:16.603+0000] {processor.py:753} INFO - DAG(s) dict_keys(['example_dag_decorator']) retrieved from /home/airflow/.local/lib/python3.7/site-packages/airflow/example_dags/example_dag_decorator.py
[2025-03-11T05:55:16.690+0000] {logging_mixin.py:137} INFO - [2025-03-11T05:55:16.690+0000] {dag.py:2676} INFO - Sync 1 DAGs
[2025-03-11T05:55:16.710+0000] {logging_mixin.py:137} INFO - [2025-03-11T05:55:16.710+0000] {dag.py:3427} INFO - Setting next_dagrun for example_dag_decorator to None, run_after=None
[2025-03-11T05:55:16.733+0000] {processor.py:175} INFO - Processing /home/airflow/.local/lib/python3.7/site-packages/airflow/example_dags/example_dag_decorator.py took 0.173 seconds
[2025-03-11T05:55:47.009+0000] {processor.py:153} INFO - Started process (PID=295) to work on /home/airflow/.local/lib/python3.7/site-packages/airflow/example_dags/example_dag_decorator.py
[2025-03-11T05:55:47.011+0000] {processor.py:743} INFO - Processing file /home/airflow/.local/lib/python3.7/site-packages/airflow/example_dags/example_dag_decorator.py for tasks to queue
[2025-03-11T05:55:47.013+0000] {logging_mixin.py:137} INFO - [2025-03-11T05:55:47.013+0000] {dagbag.py:538} INFO - Filling up the DagBag from /home/airflow/.local/lib/python3.7/site-packages/airflow/example_dags/example_dag_decorator.py
[2025-03-11T05:55:47.039+0000] {logging_mixin.py:137} INFO - [2025-03-11T05:55:47.039+0000] {taskmixin.py:205} WARNING - Dependency <Task(_PythonDecoratedOperator): prepare_email>, send_email already registered for DAG: example_dag_decorator
[2025-03-11T05:55:47.040+0000] {logging_mixin.py:137} INFO - [2025-03-11T05:55:47.040+0000] {taskmixin.py:205} WARNING - Dependency <Task(EmailOperator): send_email>, prepare_email already registered for DAG: example_dag_decorator
[2025-03-11T05:55:47.053+0000] {processor.py:753} INFO - DAG(s) dict_keys(['example_dag_decorator']) retrieved from /home/airflow/.local/lib/python3.7/site-packages/airflow/example_dags/example_dag_decorator.py
[2025-03-11T05:55:47.124+0000] {logging_mixin.py:137} INFO - [2025-03-11T05:55:47.124+0000] {dag.py:2676} INFO - Sync 1 DAGs
[2025-03-11T05:55:47.145+0000] {logging_mixin.py:137} INFO - [2025-03-11T05:55:47.145+0000] {dag.py:3427} INFO - Setting next_dagrun for example_dag_decorator to None, run_after=None
[2025-03-11T05:55:47.162+0000] {processor.py:175} INFO - Processing /home/airflow/.local/lib/python3.7/site-packages/airflow/example_dags/example_dag_decorator.py took 0.158 seconds
[2025-03-11T05:56:17.643+0000] {processor.py:153} INFO - Started process (PID=334) to work on /home/airflow/.local/lib/python3.7/site-packages/airflow/example_dags/example_dag_decorator.py
[2025-03-11T05:56:17.648+0000] {processor.py:743} INFO - Processing file /home/airflow/.local/lib/python3.7/site-packages/airflow/example_dags/example_dag_decorator.py for tasks to queue
[2025-03-11T05:56:17.650+0000] {logging_mixin.py:137} INFO - [2025-03-11T05:56:17.650+0000] {dagbag.py:538} INFO - Filling up the DagBag from /home/airflow/.local/lib/python3.7/site-packages/airflow/example_dags/example_dag_decorator.py
[2025-03-11T05:56:17.712+0000] {logging_mixin.py:137} INFO - [2025-03-11T05:56:17.711+0000] {taskmixin.py:205} WARNING - Dependency <Task(_PythonDecoratedOperator): prepare_email>, send_email already registered for DAG: example_dag_decorator
[2025-03-11T05:56:17.713+0000] {logging_mixin.py:137} INFO - [2025-03-11T05:56:17.713+0000] {taskmixin.py:205} WARNING - Dependency <Task(EmailOperator): send_email>, prepare_email already registered for DAG: example_dag_decorator
[2025-03-11T05:56:17.737+0000] {processor.py:753} INFO - DAG(s) dict_keys(['example_dag_decorator']) retrieved from /home/airflow/.local/lib/python3.7/site-packages/airflow/example_dags/example_dag_decorator.py
[2025-03-11T05:56:17.838+0000] {logging_mixin.py:137} INFO - [2025-03-11T05:56:17.837+0000] {dag.py:2676} INFO - Sync 1 DAGs
[2025-03-11T05:56:17.862+0000] {logging_mixin.py:137} INFO - [2025-03-11T05:56:17.862+0000] {dag.py:3427} INFO - Setting next_dagrun for example_dag_decorator to None, run_after=None
[2025-03-11T05:56:17.883+0000] {processor.py:175} INFO - Processing /home/airflow/.local/lib/python3.7/site-packages/airflow/example_dags/example_dag_decorator.py took 0.255 seconds
[2025-03-11T05:56:48.724+0000] {processor.py:153} INFO - Started process (PID=373) to work on /home/airflow/.local/lib/python3.7/site-packages/airflow/example_dags/example_dag_decorator.py
[2025-03-11T05:56:48.727+0000] {processor.py:743} INFO - Processing file /home/airflow/.local/lib/python3.7/site-packages/airflow/example_dags/example_dag_decorator.py for tasks to queue
[2025-03-11T05:56:48.727+0000] {logging_mixin.py:137} INFO - [2025-03-11T05:56:48.727+0000] {dagbag.py:538} INFO - Filling up the DagBag from /home/airflow/.local/lib/python3.7/site-packages/airflow/example_dags/example_dag_decorator.py
[2025-03-11T05:56:48.743+0000] {logging_mixin.py:137} INFO - [2025-03-11T05:56:48.743+0000] {taskmixin.py:205} WARNING - Dependency <Task(_PythonDecoratedOperator): prepare_email>, send_email already registered for DAG: example_dag_decorator
[2025-03-11T05:56:48.744+0000] {logging_mixin.py:137} INFO - [2025-03-11T05:56:48.744+0000] {taskmixin.py:205} WARNING - Dependency <Task(EmailOperator): send_email>, prepare_email already registered for DAG: example_dag_decorator
[2025-03-11T05:56:48.754+0000] {processor.py:753} INFO - DAG(s) dict_keys(['example_dag_decorator']) retrieved from /home/airflow/.local/lib/python3.7/site-packages/airflow/example_dags/example_dag_decorator.py
[2025-03-11T05:56:48.823+0000] {logging_mixin.py:137} INFO - [2025-03-11T05:56:48.823+0000] {dag.py:2676} INFO - Sync 1 DAGs
[2025-03-11T05:56:48.846+0000] {logging_mixin.py:137} INFO - [2025-03-11T05:56:48.846+0000] {dag.py:3427} INFO - Setting next_dagrun for example_dag_decorator to None, run_after=None
[2025-03-11T05:56:48.861+0000] {processor.py:175} INFO - Processing /home/airflow/.local/lib/python3.7/site-packages/airflow/example_dags/example_dag_decorator.py took 0.139 seconds
[2025-03-11T05:57:19.122+0000] {processor.py:153} INFO - Started process (PID=412) to work on /home/airflow/.local/lib/python3.7/site-packages/airflow/example_dags/example_dag_decorator.py
[2025-03-11T05:57:19.124+0000] {processor.py:743} INFO - Processing file /home/airflow/.local/lib/python3.7/site-packages/airflow/example_dags/example_dag_decorator.py for tasks to queue
[2025-03-11T05:57:19.126+0000] {logging_mixin.py:137} INFO - [2025-03-11T05:57:19.126+0000] {dagbag.py:538} INFO - Filling up the DagBag from /home/airflow/.local/lib/python3.7/site-packages/airflow/example_dags/example_dag_decorator.py
[2025-03-11T05:57:19.145+0000] {logging_mixin.py:137} INFO - [2025-03-11T05:57:19.145+0000] {taskmixin.py:205} WARNING - Dependency <Task(_PythonDecoratedOperator): prepare_email>, send_email already registered for DAG: example_dag_decorator
[2025-03-11T05:57:19.147+0000] {logging_mixin.py:137} INFO - [2025-03-11T05:57:19.147+0000] {taskmixin.py:205} WARNING - Dependency <Task(EmailOperator): send_email>, prepare_email already registered for DAG: example_dag_decorator
[2025-03-11T05:57:19.159+0000] {processor.py:753} INFO - DAG(s) dict_keys(['example_dag_decorator']) retrieved from /home/airflow/.local/lib/python3.7/site-packages/airflow/example_dags/example_dag_decorator.py
[2025-03-11T05:57:19.231+0000] {logging_mixin.py:137} INFO - [2025-03-11T05:57:19.231+0000] {dag.py:2676} INFO - Sync 1 DAGs
[2025-03-11T05:57:19.252+0000] {logging_mixin.py:137} INFO - [2025-03-11T05:57:19.252+0000] {dag.py:3427} INFO - Setting next_dagrun for example_dag_decorator to None, run_after=None
[2025-03-11T05:57:19.269+0000] {processor.py:175} INFO - Processing /home/airflow/.local/lib/python3.7/site-packages/airflow/example_dags/example_dag_decorator.py took 0.150 seconds
[2025-03-11T05:57:49.729+0000] {processor.py:153} INFO - Started process (PID=451) to work on /home/airflow/.local/lib/python3.7/site-packages/airflow/example_dags/example_dag_decorator.py
[2025-03-11T05:57:49.731+0000] {processor.py:743} INFO - Processing file /home/airflow/.local/lib/python3.7/site-packages/airflow/example_dags/example_dag_decorator.py for tasks to queue
[2025-03-11T05:57:49.733+0000] {logging_mixin.py:137} INFO - [2025-03-11T05:57:49.733+0000] {dagbag.py:538} INFO - Filling up the DagBag from /home/airflow/.local/lib/python3.7/site-packages/airflow/example_dags/example_dag_decorator.py
[2025-03-11T05:57:49.760+0000] {logging_mixin.py:137} INFO - [2025-03-11T05:57:49.760+0000] {taskmixin.py:205} WARNING - Dependency <Task(_PythonDecoratedOperator): prepare_email>, send_email already registered for DAG: example_dag_decorator
[2025-03-11T05:57:49.762+0000] {logging_mixin.py:137} INFO - [2025-03-11T05:57:49.762+0000] {taskmixin.py:205} WARNING - Dependency <Task(EmailOperator): send_email>, prepare_email already registered for DAG: example_dag_decorator
[2025-03-11T05:57:49.780+0000] {processor.py:753} INFO - DAG(s) dict_keys(['example_dag_decorator']) retrieved from /home/airflow/.local/lib/python3.7/site-packages/airflow/example_dags/example_dag_decorator.py
[2025-03-11T05:57:49.873+0000] {logging_mixin.py:137} INFO - [2025-03-11T05:57:49.873+0000] {dag.py:2676} INFO - Sync 1 DAGs
[2025-03-11T05:57:49.901+0000] {logging_mixin.py:137} INFO - [2025-03-11T05:57:49.901+0000] {dag.py:3427} INFO - Setting next_dagrun for example_dag_decorator to None, run_after=None
[2025-03-11T05:57:49.920+0000] {processor.py:175} INFO - Processing /home/airflow/.local/lib/python3.7/site-packages/airflow/example_dags/example_dag_decorator.py took 0.201 seconds
[2025-03-11T05:58:20.180+0000] {processor.py:153} INFO - Started process (PID=490) to work on /home/airflow/.local/lib/python3.7/site-packages/airflow/example_dags/example_dag_decorator.py
[2025-03-11T05:58:20.183+0000] {processor.py:743} INFO - Processing file /home/airflow/.local/lib/python3.7/site-packages/airflow/example_dags/example_dag_decorator.py for tasks to queue
[2025-03-11T05:58:20.184+0000] {logging_mixin.py:137} INFO - [2025-03-11T05:58:20.184+0000] {dagbag.py:538} INFO - Filling up the DagBag from /home/airflow/.local/lib/python3.7/site-packages/airflow/example_dags/example_dag_decorator.py
[2025-03-11T05:58:20.204+0000] {logging_mixin.py:137} INFO - [2025-03-11T05:58:20.204+0000] {taskmixin.py:205} WARNING - Dependency <Task(_PythonDecoratedOperator): prepare_email>, send_email already registered for DAG: example_dag_decorator
[2025-03-11T05:58:20.205+0000] {logging_mixin.py:137} INFO - [2025-03-11T05:58:20.205+0000] {taskmixin.py:205} WARNING - Dependency <Task(EmailOperator): send_email>, prepare_email already registered for DAG: example_dag_decorator
[2025-03-11T05:58:20.216+0000] {processor.py:753} INFO - DAG(s) dict_keys(['example_dag_decorator']) retrieved from /home/airflow/.local/lib/python3.7/site-packages/airflow/example_dags/example_dag_decorator.py
[2025-03-11T05:58:20.287+0000] {logging_mixin.py:137} INFO - [2025-03-11T05:58:20.286+0000] {dag.py:2676} INFO - Sync 1 DAGs
[2025-03-11T05:58:20.307+0000] {logging_mixin.py:137} INFO - [2025-03-11T05:58:20.307+0000] {dag.py:3427} INFO - Setting next_dagrun for example_dag_decorator to None, run_after=None
[2025-03-11T05:58:20.324+0000] {processor.py:175} INFO - Processing /home/airflow/.local/lib/python3.7/site-packages/airflow/example_dags/example_dag_decorator.py took 0.148 seconds
[2025-03-11T05:58:50.633+0000] {processor.py:153} INFO - Started process (PID=529) to work on /home/airflow/.local/lib/python3.7/site-packages/airflow/example_dags/example_dag_decorator.py
[2025-03-11T05:58:50.636+0000] {processor.py:743} INFO - Processing file /home/airflow/.local/lib/python3.7/site-packages/airflow/example_dags/example_dag_decorator.py for tasks to queue
[2025-03-11T05:58:50.637+0000] {logging_mixin.py:137} INFO - [2025-03-11T05:58:50.637+0000] {dagbag.py:538} INFO - Filling up the DagBag from /home/airflow/.local/lib/python3.7/site-packages/airflow/example_dags/example_dag_decorator.py
[2025-03-11T05:58:50.664+0000] {logging_mixin.py:137} INFO - [2025-03-11T05:58:50.664+0000] {taskmixin.py:205} WARNING - Dependency <Task(_PythonDecoratedOperator): prepare_email>, send_email already registered for DAG: example_dag_decorator
[2025-03-11T05:58:50.664+0000] {logging_mixin.py:137} INFO - [2025-03-11T05:58:50.664+0000] {taskmixin.py:205} WARNING - Dependency <Task(EmailOperator): send_email>, prepare_email already registered for DAG: example_dag_decorator
[2025-03-11T05:58:50.677+0000] {processor.py:753} INFO - DAG(s) dict_keys(['example_dag_decorator']) retrieved from /home/airflow/.local/lib/python3.7/site-packages/airflow/example_dags/example_dag_decorator.py
[2025-03-11T05:58:50.747+0000] {logging_mixin.py:137} INFO - [2025-03-11T05:58:50.747+0000] {dag.py:2676} INFO - Sync 1 DAGs
[2025-03-11T05:58:50.766+0000] {logging_mixin.py:137} INFO - [2025-03-11T05:58:50.766+0000] {dag.py:3427} INFO - Setting next_dagrun for example_dag_decorator to None, run_after=None
[2025-03-11T05:58:50.782+0000] {processor.py:175} INFO - Processing /home/airflow/.local/lib/python3.7/site-packages/airflow/example_dags/example_dag_decorator.py took 0.153 seconds
[2025-03-11T05:59:21.217+0000] {processor.py:153} INFO - Started process (PID=568) to work on /home/airflow/.local/lib/python3.7/site-packages/airflow/example_dags/example_dag_decorator.py
[2025-03-11T05:59:21.219+0000] {processor.py:743} INFO - Processing file /home/airflow/.local/lib/python3.7/site-packages/airflow/example_dags/example_dag_decorator.py for tasks to queue
[2025-03-11T05:59:21.222+0000] {logging_mixin.py:137} INFO - [2025-03-11T05:59:21.221+0000] {dagbag.py:538} INFO - Filling up the DagBag from /home/airflow/.local/lib/python3.7/site-packages/airflow/example_dags/example_dag_decorator.py
[2025-03-11T05:59:21.247+0000] {logging_mixin.py:137} INFO - [2025-03-11T05:59:21.247+0000] {taskmixin.py:205} WARNING - Dependency <Task(_PythonDecoratedOperator): prepare_email>, send_email already registered for DAG: example_dag_decorator
[2025-03-11T05:59:21.248+0000] {logging_mixin.py:137} INFO - [2025-03-11T05:59:21.248+0000] {taskmixin.py:205} WARNING - Dependency <Task(EmailOperator): send_email>, prepare_email already registered for DAG: example_dag_decorator
[2025-03-11T05:59:21.261+0000] {processor.py:753} INFO - DAG(s) dict_keys(['example_dag_decorator']) retrieved from /home/airflow/.local/lib/python3.7/site-packages/airflow/example_dags/example_dag_decorator.py
[2025-03-11T05:59:21.336+0000] {logging_mixin.py:137} INFO - [2025-03-11T05:59:21.335+0000] {dag.py:2676} INFO - Sync 1 DAGs
[2025-03-11T05:59:21.358+0000] {logging_mixin.py:137} INFO - [2025-03-11T05:59:21.357+0000] {dag.py:3427} INFO - Setting next_dagrun for example_dag_decorator to None, run_after=None
[2025-03-11T05:59:21.374+0000] {processor.py:175} INFO - Processing /home/airflow/.local/lib/python3.7/site-packages/airflow/example_dags/example_dag_decorator.py took 0.162 seconds
[2025-03-11T05:59:51.770+0000] {processor.py:153} INFO - Started process (PID=607) to work on /home/airflow/.local/lib/python3.7/site-packages/airflow/example_dags/example_dag_decorator.py
[2025-03-11T05:59:51.772+0000] {processor.py:743} INFO - Processing file /home/airflow/.local/lib/python3.7/site-packages/airflow/example_dags/example_dag_decorator.py for tasks to queue
[2025-03-11T05:59:51.774+0000] {logging_mixin.py:137} INFO - [2025-03-11T05:59:51.773+0000] {dagbag.py:538} INFO - Filling up the DagBag from /home/airflow/.local/lib/python3.7/site-packages/airflow/example_dags/example_dag_decorator.py
[2025-03-11T05:59:51.801+0000] {logging_mixin.py:137} INFO - [2025-03-11T05:59:51.801+0000] {taskmixin.py:205} WARNING - Dependency <Task(_PythonDecoratedOperator): prepare_email>, send_email already registered for DAG: example_dag_decorator
[2025-03-11T05:59:51.803+0000] {logging_mixin.py:137} INFO - [2025-03-11T05:59:51.803+0000] {taskmixin.py:205} WARNING - Dependency <Task(EmailOperator): send_email>, prepare_email already registered for DAG: example_dag_decorator
[2025-03-11T05:59:51.816+0000] {processor.py:753} INFO - DAG(s) dict_keys(['example_dag_decorator']) retrieved from /home/airflow/.local/lib/python3.7/site-packages/airflow/example_dags/example_dag_decorator.py
[2025-03-11T05:59:51.887+0000] {logging_mixin.py:137} INFO - [2025-03-11T05:59:51.887+0000] {dag.py:2676} INFO - Sync 1 DAGs
[2025-03-11T05:59:51.912+0000] {logging_mixin.py:137} INFO - [2025-03-11T05:59:51.912+0000] {dag.py:3427} INFO - Setting next_dagrun for example_dag_decorator to None, run_after=None
[2025-03-11T05:59:51.929+0000] {processor.py:175} INFO - Processing /home/airflow/.local/lib/python3.7/site-packages/airflow/example_dags/example_dag_decorator.py took 0.164 seconds
[2025-03-11T06:00:22.304+0000] {processor.py:153} INFO - Started process (PID=646) to work on /home/airflow/.local/lib/python3.7/site-packages/airflow/example_dags/example_dag_decorator.py
[2025-03-11T06:00:22.306+0000] {processor.py:743} INFO - Processing file /home/airflow/.local/lib/python3.7/site-packages/airflow/example_dags/example_dag_decorator.py for tasks to queue
[2025-03-11T06:00:22.308+0000] {logging_mixin.py:137} INFO - [2025-03-11T06:00:22.308+0000] {dagbag.py:538} INFO - Filling up the DagBag from /home/airflow/.local/lib/python3.7/site-packages/airflow/example_dags/example_dag_decorator.py
[2025-03-11T06:00:22.335+0000] {logging_mixin.py:137} INFO - [2025-03-11T06:00:22.335+0000] {taskmixin.py:205} WARNING - Dependency <Task(_PythonDecoratedOperator): prepare_email>, send_email already registered for DAG: example_dag_decorator
[2025-03-11T06:00:22.336+0000] {logging_mixin.py:137} INFO - [2025-03-11T06:00:22.336+0000] {taskmixin.py:205} WARNING - Dependency <Task(EmailOperator): send_email>, prepare_email already registered for DAG: example_dag_decorator
[2025-03-11T06:00:22.350+0000] {processor.py:753} INFO - DAG(s) dict_keys(['example_dag_decorator']) retrieved from /home/airflow/.local/lib/python3.7/site-packages/airflow/example_dags/example_dag_decorator.py
[2025-03-11T06:00:22.429+0000] {logging_mixin.py:137} INFO - [2025-03-11T06:00:22.429+0000] {dag.py:2676} INFO - Sync 1 DAGs
[2025-03-11T06:00:22.451+0000] {logging_mixin.py:137} INFO - [2025-03-11T06:00:22.451+0000] {dag.py:3427} INFO - Setting next_dagrun for example_dag_decorator to None, run_after=None
[2025-03-11T06:00:22.473+0000] {processor.py:175} INFO - Processing /home/airflow/.local/lib/python3.7/site-packages/airflow/example_dags/example_dag_decorator.py took 0.174 seconds
[2025-03-11T06:00:52.912+0000] {processor.py:153} INFO - Started process (PID=685) to work on /home/airflow/.local/lib/python3.7/site-packages/airflow/example_dags/example_dag_decorator.py
[2025-03-11T06:00:52.916+0000] {processor.py:743} INFO - Processing file /home/airflow/.local/lib/python3.7/site-packages/airflow/example_dags/example_dag_decorator.py for tasks to queue
[2025-03-11T06:00:52.919+0000] {logging_mixin.py:137} INFO - [2025-03-11T06:00:52.919+0000] {dagbag.py:538} INFO - Filling up the DagBag from /home/airflow/.local/lib/python3.7/site-packages/airflow/example_dags/example_dag_decorator.py
[2025-03-11T06:00:52.946+0000] {logging_mixin.py:137} INFO - [2025-03-11T06:00:52.946+0000] {taskmixin.py:205} WARNING - Dependency <Task(_PythonDecoratedOperator): prepare_email>, send_email already registered for DAG: example_dag_decorator
[2025-03-11T06:00:52.947+0000] {logging_mixin.py:137} INFO - [2025-03-11T06:00:52.947+0000] {taskmixin.py:205} WARNING - Dependency <Task(EmailOperator): send_email>, prepare_email already registered for DAG: example_dag_decorator
[2025-03-11T06:00:53.003+0000] {processor.py:753} INFO - DAG(s) dict_keys(['example_dag_decorator']) retrieved from /home/airflow/.local/lib/python3.7/site-packages/airflow/example_dags/example_dag_decorator.py
[2025-03-11T06:00:53.123+0000] {logging_mixin.py:137} INFO - [2025-03-11T06:00:53.122+0000] {dag.py:2676} INFO - Sync 1 DAGs
[2025-03-11T06:00:53.150+0000] {logging_mixin.py:137} INFO - [2025-03-11T06:00:53.150+0000] {dag.py:3427} INFO - Setting next_dagrun for example_dag_decorator to None, run_after=None
[2025-03-11T06:00:53.172+0000] {processor.py:175} INFO - Processing /home/airflow/.local/lib/python3.7/site-packages/airflow/example_dags/example_dag_decorator.py took 0.263 seconds
[2025-03-11T06:01:23.479+0000] {processor.py:153} INFO - Started process (PID=724) to work on /home/airflow/.local/lib/python3.7/site-packages/airflow/example_dags/example_dag_decorator.py
[2025-03-11T06:01:23.480+0000] {processor.py:743} INFO - Processing file /home/airflow/.local/lib/python3.7/site-packages/airflow/example_dags/example_dag_decorator.py for tasks to queue
[2025-03-11T06:01:23.483+0000] {logging_mixin.py:137} INFO - [2025-03-11T06:01:23.483+0000] {dagbag.py:538} INFO - Filling up the DagBag from /home/airflow/.local/lib/python3.7/site-packages/airflow/example_dags/example_dag_decorator.py
[2025-03-11T06:01:23.507+0000] {logging_mixin.py:137} INFO - [2025-03-11T06:01:23.506+0000] {taskmixin.py:205} WARNING - Dependency <Task(_PythonDecoratedOperator): prepare_email>, send_email already registered for DAG: example_dag_decorator
[2025-03-11T06:01:23.507+0000] {logging_mixin.py:137} INFO - [2025-03-11T06:01:23.507+0000] {taskmixin.py:205} WARNING - Dependency <Task(EmailOperator): send_email>, prepare_email already registered for DAG: example_dag_decorator
[2025-03-11T06:01:23.520+0000] {processor.py:753} INFO - DAG(s) dict_keys(['example_dag_decorator']) retrieved from /home/airflow/.local/lib/python3.7/site-packages/airflow/example_dags/example_dag_decorator.py
[2025-03-11T06:01:23.590+0000] {logging_mixin.py:137} INFO - [2025-03-11T06:01:23.590+0000] {dag.py:2676} INFO - Sync 1 DAGs
[2025-03-11T06:01:23.609+0000] {logging_mixin.py:137} INFO - [2025-03-11T06:01:23.609+0000] {dag.py:3427} INFO - Setting next_dagrun for example_dag_decorator to None, run_after=None
[2025-03-11T06:01:23.626+0000] {processor.py:175} INFO - Processing /home/airflow/.local/lib/python3.7/site-packages/airflow/example_dags/example_dag_decorator.py took 0.152 seconds
[2025-03-11T06:01:53.767+0000] {processor.py:153} INFO - Started process (PID=763) to work on /home/airflow/.local/lib/python3.7/site-packages/airflow/example_dags/example_dag_decorator.py
[2025-03-11T06:01:53.770+0000] {processor.py:743} INFO - Processing file /home/airflow/.local/lib/python3.7/site-packages/airflow/example_dags/example_dag_decorator.py for tasks to queue
[2025-03-11T06:01:53.771+0000] {logging_mixin.py:137} INFO - [2025-03-11T06:01:53.771+0000] {dagbag.py:538} INFO - Filling up the DagBag from /home/airflow/.local/lib/python3.7/site-packages/airflow/example_dags/example_dag_decorator.py
[2025-03-11T06:01:53.795+0000] {logging_mixin.py:137} INFO - [2025-03-11T06:01:53.795+0000] {taskmixin.py:205} WARNING - Dependency <Task(_PythonDecoratedOperator): prepare_email>, send_email already registered for DAG: example_dag_decorator
[2025-03-11T06:01:53.796+0000] {logging_mixin.py:137} INFO - [2025-03-11T06:01:53.796+0000] {taskmixin.py:205} WARNING - Dependency <Task(EmailOperator): send_email>, prepare_email already registered for DAG: example_dag_decorator
[2025-03-11T06:01:53.809+0000] {processor.py:753} INFO - DAG(s) dict_keys(['example_dag_decorator']) retrieved from /home/airflow/.local/lib/python3.7/site-packages/airflow/example_dags/example_dag_decorator.py
[2025-03-11T06:01:53.874+0000] {logging_mixin.py:137} INFO - [2025-03-11T06:01:53.874+0000] {dag.py:2676} INFO - Sync 1 DAGs
[2025-03-11T06:01:53.894+0000] {logging_mixin.py:137} INFO - [2025-03-11T06:01:53.893+0000] {dag.py:3427} INFO - Setting next_dagrun for example_dag_decorator to None, run_after=None
[2025-03-11T06:01:53.909+0000] {processor.py:175} INFO - Processing /home/airflow/.local/lib/python3.7/site-packages/airflow/example_dags/example_dag_decorator.py took 0.147 seconds
[2025-03-11T06:02:24.739+0000] {processor.py:153} INFO - Started process (PID=802) to work on /home/airflow/.local/lib/python3.7/site-packages/airflow/example_dags/example_dag_decorator.py
[2025-03-11T06:02:24.741+0000] {processor.py:743} INFO - Processing file /home/airflow/.local/lib/python3.7/site-packages/airflow/example_dags/example_dag_decorator.py for tasks to queue
[2025-03-11T06:02:24.742+0000] {logging_mixin.py:137} INFO - [2025-03-11T06:02:24.742+0000] {dagbag.py:538} INFO - Filling up the DagBag from /home/airflow/.local/lib/python3.7/site-packages/airflow/example_dags/example_dag_decorator.py
[2025-03-11T06:02:24.766+0000] {logging_mixin.py:137} INFO - [2025-03-11T06:02:24.766+0000] {taskmixin.py:205} WARNING - Dependency <Task(_PythonDecoratedOperator): prepare_email>, send_email already registered for DAG: example_dag_decorator
[2025-03-11T06:02:24.768+0000] {logging_mixin.py:137} INFO - [2025-03-11T06:02:24.768+0000] {taskmixin.py:205} WARNING - Dependency <Task(EmailOperator): send_email>, prepare_email already registered for DAG: example_dag_decorator
[2025-03-11T06:02:24.781+0000] {processor.py:753} INFO - DAG(s) dict_keys(['example_dag_decorator']) retrieved from /home/airflow/.local/lib/python3.7/site-packages/airflow/example_dags/example_dag_decorator.py
[2025-03-11T06:02:24.850+0000] {logging_mixin.py:137} INFO - [2025-03-11T06:02:24.850+0000] {dag.py:2676} INFO - Sync 1 DAGs
[2025-03-11T06:02:24.872+0000] {logging_mixin.py:137} INFO - [2025-03-11T06:02:24.872+0000] {dag.py:3427} INFO - Setting next_dagrun for example_dag_decorator to None, run_after=None
[2025-03-11T06:02:24.887+0000] {processor.py:175} INFO - Processing /home/airflow/.local/lib/python3.7/site-packages/airflow/example_dags/example_dag_decorator.py took 0.152 seconds
[2025-03-11T06:02:55.240+0000] {processor.py:153} INFO - Started process (PID=841) to work on /home/airflow/.local/lib/python3.7/site-packages/airflow/example_dags/example_dag_decorator.py
[2025-03-11T06:02:55.241+0000] {processor.py:743} INFO - Processing file /home/airflow/.local/lib/python3.7/site-packages/airflow/example_dags/example_dag_decorator.py for tasks to queue
[2025-03-11T06:02:55.243+0000] {logging_mixin.py:137} INFO - [2025-03-11T06:02:55.243+0000] {dagbag.py:538} INFO - Filling up the DagBag from /home/airflow/.local/lib/python3.7/site-packages/airflow/example_dags/example_dag_decorator.py
[2025-03-11T06:02:55.268+0000] {logging_mixin.py:137} INFO - [2025-03-11T06:02:55.267+0000] {taskmixin.py:205} WARNING - Dependency <Task(_PythonDecoratedOperator): prepare_email>, send_email already registered for DAG: example_dag_decorator
[2025-03-11T06:02:55.268+0000] {logging_mixin.py:137} INFO - [2025-03-11T06:02:55.268+0000] {taskmixin.py:205} WARNING - Dependency <Task(EmailOperator): send_email>, prepare_email already registered for DAG: example_dag_decorator
[2025-03-11T06:02:55.281+0000] {processor.py:753} INFO - DAG(s) dict_keys(['example_dag_decorator']) retrieved from /home/airflow/.local/lib/python3.7/site-packages/airflow/example_dags/example_dag_decorator.py
[2025-03-11T06:02:55.353+0000] {logging_mixin.py:137} INFO - [2025-03-11T06:02:55.353+0000] {dag.py:2676} INFO - Sync 1 DAGs
[2025-03-11T06:02:55.373+0000] {logging_mixin.py:137} INFO - [2025-03-11T06:02:55.373+0000] {dag.py:3427} INFO - Setting next_dagrun for example_dag_decorator to None, run_after=None
[2025-03-11T06:02:55.388+0000] {processor.py:175} INFO - Processing /home/airflow/.local/lib/python3.7/site-packages/airflow/example_dags/example_dag_decorator.py took 0.152 seconds
[2025-03-11T06:03:25.661+0000] {processor.py:153} INFO - Started process (PID=880) to work on /home/airflow/.local/lib/python3.7/site-packages/airflow/example_dags/example_dag_decorator.py
[2025-03-11T06:03:25.663+0000] {processor.py:743} INFO - Processing file /home/airflow/.local/lib/python3.7/site-packages/airflow/example_dags/example_dag_decorator.py for tasks to queue
[2025-03-11T06:03:25.665+0000] {logging_mixin.py:137} INFO - [2025-03-11T06:03:25.664+0000] {dagbag.py:538} INFO - Filling up the DagBag from /home/airflow/.local/lib/python3.7/site-packages/airflow/example_dags/example_dag_decorator.py
[2025-03-11T06:03:25.697+0000] {logging_mixin.py:137} INFO - [2025-03-11T06:03:25.697+0000] {taskmixin.py:205} WARNING - Dependency <Task(_PythonDecoratedOperator): prepare_email>, send_email already registered for DAG: example_dag_decorator
[2025-03-11T06:03:25.699+0000] {logging_mixin.py:137} INFO - [2025-03-11T06:03:25.699+0000] {taskmixin.py:205} WARNING - Dependency <Task(EmailOperator): send_email>, prepare_email already registered for DAG: example_dag_decorator
[2025-03-11T06:03:25.713+0000] {processor.py:753} INFO - DAG(s) dict_keys(['example_dag_decorator']) retrieved from /home/airflow/.local/lib/python3.7/site-packages/airflow/example_dags/example_dag_decorator.py
[2025-03-11T06:03:25.788+0000] {logging_mixin.py:137} INFO - [2025-03-11T06:03:25.788+0000] {dag.py:2676} INFO - Sync 1 DAGs
[2025-03-11T06:03:25.811+0000] {logging_mixin.py:137} INFO - [2025-03-11T06:03:25.811+0000] {dag.py:3427} INFO - Setting next_dagrun for example_dag_decorator to None, run_after=None
[2025-03-11T06:03:25.828+0000] {processor.py:175} INFO - Processing /home/airflow/.local/lib/python3.7/site-packages/airflow/example_dags/example_dag_decorator.py took 0.173 seconds
[2025-03-11T06:03:56.093+0000] {processor.py:153} INFO - Started process (PID=919) to work on /home/airflow/.local/lib/python3.7/site-packages/airflow/example_dags/example_dag_decorator.py
[2025-03-11T06:03:56.095+0000] {processor.py:743} INFO - Processing file /home/airflow/.local/lib/python3.7/site-packages/airflow/example_dags/example_dag_decorator.py for tasks to queue
[2025-03-11T06:03:56.097+0000] {logging_mixin.py:137} INFO - [2025-03-11T06:03:56.096+0000] {dagbag.py:538} INFO - Filling up the DagBag from /home/airflow/.local/lib/python3.7/site-packages/airflow/example_dags/example_dag_decorator.py
[2025-03-11T06:03:56.124+0000] {logging_mixin.py:137} INFO - [2025-03-11T06:03:56.123+0000] {taskmixin.py:205} WARNING - Dependency <Task(_PythonDecoratedOperator): prepare_email>, send_email already registered for DAG: example_dag_decorator
[2025-03-11T06:03:56.124+0000] {logging_mixin.py:137} INFO - [2025-03-11T06:03:56.124+0000] {taskmixin.py:205} WARNING - Dependency <Task(EmailOperator): send_email>, prepare_email already registered for DAG: example_dag_decorator
[2025-03-11T06:03:56.136+0000] {processor.py:753} INFO - DAG(s) dict_keys(['example_dag_decorator']) retrieved from /home/airflow/.local/lib/python3.7/site-packages/airflow/example_dags/example_dag_decorator.py
[2025-03-11T06:03:56.204+0000] {logging_mixin.py:137} INFO - [2025-03-11T06:03:56.203+0000] {dag.py:2676} INFO - Sync 1 DAGs
[2025-03-11T06:03:56.224+0000] {logging_mixin.py:137} INFO - [2025-03-11T06:03:56.224+0000] {dag.py:3427} INFO - Setting next_dagrun for example_dag_decorator to None, run_after=None
[2025-03-11T06:03:56.239+0000] {processor.py:175} INFO - Processing /home/airflow/.local/lib/python3.7/site-packages/airflow/example_dags/example_dag_decorator.py took 0.150 seconds
[2025-03-11T06:04:26.560+0000] {processor.py:153} INFO - Started process (PID=958) to work on /home/airflow/.local/lib/python3.7/site-packages/airflow/example_dags/example_dag_decorator.py
[2025-03-11T06:04:26.561+0000] {processor.py:743} INFO - Processing file /home/airflow/.local/lib/python3.7/site-packages/airflow/example_dags/example_dag_decorator.py for tasks to queue
[2025-03-11T06:04:26.564+0000] {logging_mixin.py:137} INFO - [2025-03-11T06:04:26.563+0000] {dagbag.py:538} INFO - Filling up the DagBag from /home/airflow/.local/lib/python3.7/site-packages/airflow/example_dags/example_dag_decorator.py
[2025-03-11T06:04:26.588+0000] {logging_mixin.py:137} INFO - [2025-03-11T06:04:26.588+0000] {taskmixin.py:205} WARNING - Dependency <Task(_PythonDecoratedOperator): prepare_email>, send_email already registered for DAG: example_dag_decorator
[2025-03-11T06:04:26.590+0000] {logging_mixin.py:137} INFO - [2025-03-11T06:04:26.590+0000] {taskmixin.py:205} WARNING - Dependency <Task(EmailOperator): send_email>, prepare_email already registered for DAG: example_dag_decorator
[2025-03-11T06:04:26.603+0000] {processor.py:753} INFO - DAG(s) dict_keys(['example_dag_decorator']) retrieved from /home/airflow/.local/lib/python3.7/site-packages/airflow/example_dags/example_dag_decorator.py
[2025-03-11T06:04:26.675+0000] {logging_mixin.py:137} INFO - [2025-03-11T06:04:26.674+0000] {dag.py:2676} INFO - Sync 1 DAGs
[2025-03-11T06:04:26.694+0000] {logging_mixin.py:137} INFO - [2025-03-11T06:04:26.694+0000] {dag.py:3427} INFO - Setting next_dagrun for example_dag_decorator to None, run_after=None
[2025-03-11T06:04:26.714+0000] {processor.py:175} INFO - Processing /home/airflow/.local/lib/python3.7/site-packages/airflow/example_dags/example_dag_decorator.py took 0.159 seconds
[2025-03-11T06:04:56.930+0000] {processor.py:153} INFO - Started process (PID=997) to work on /home/airflow/.local/lib/python3.7/site-packages/airflow/example_dags/example_dag_decorator.py
[2025-03-11T06:04:56.931+0000] {processor.py:743} INFO - Processing file /home/airflow/.local/lib/python3.7/site-packages/airflow/example_dags/example_dag_decorator.py for tasks to queue
[2025-03-11T06:04:56.933+0000] {logging_mixin.py:137} INFO - [2025-03-11T06:04:56.932+0000] {dagbag.py:538} INFO - Filling up the DagBag from /home/airflow/.local/lib/python3.7/site-packages/airflow/example_dags/example_dag_decorator.py
[2025-03-11T06:04:56.960+0000] {logging_mixin.py:137} INFO - [2025-03-11T06:04:56.960+0000] {taskmixin.py:205} WARNING - Dependency <Task(_PythonDecoratedOperator): prepare_email>, send_email already registered for DAG: example_dag_decorator
[2025-03-11T06:04:56.961+0000] {logging_mixin.py:137} INFO - [2025-03-11T06:04:56.961+0000] {taskmixin.py:205} WARNING - Dependency <Task(EmailOperator): send_email>, prepare_email already registered for DAG: example_dag_decorator
[2025-03-11T06:04:56.975+0000] {processor.py:753} INFO - DAG(s) dict_keys(['example_dag_decorator']) retrieved from /home/airflow/.local/lib/python3.7/site-packages/airflow/example_dags/example_dag_decorator.py
[2025-03-11T06:04:57.047+0000] {logging_mixin.py:137} INFO - [2025-03-11T06:04:57.047+0000] {dag.py:2676} INFO - Sync 1 DAGs
[2025-03-11T06:04:57.071+0000] {logging_mixin.py:137} INFO - [2025-03-11T06:04:57.071+0000] {dag.py:3427} INFO - Setting next_dagrun for example_dag_decorator to None, run_after=None
[2025-03-11T06:04:57.089+0000] {processor.py:175} INFO - Processing /home/airflow/.local/lib/python3.7/site-packages/airflow/example_dags/example_dag_decorator.py took 0.165 seconds
[2025-03-11T06:05:27.367+0000] {processor.py:153} INFO - Started process (PID=1036) to work on /home/airflow/.local/lib/python3.7/site-packages/airflow/example_dags/example_dag_decorator.py
[2025-03-11T06:05:27.369+0000] {processor.py:743} INFO - Processing file /home/airflow/.local/lib/python3.7/site-packages/airflow/example_dags/example_dag_decorator.py for tasks to queue
[2025-03-11T06:05:27.371+0000] {logging_mixin.py:137} INFO - [2025-03-11T06:05:27.370+0000] {dagbag.py:538} INFO - Filling up the DagBag from /home/airflow/.local/lib/python3.7/site-packages/airflow/example_dags/example_dag_decorator.py
[2025-03-11T06:05:27.397+0000] {logging_mixin.py:137} INFO - [2025-03-11T06:05:27.397+0000] {taskmixin.py:205} WARNING - Dependency <Task(_PythonDecoratedOperator): prepare_email>, send_email already registered for DAG: example_dag_decorator
[2025-03-11T06:05:27.398+0000] {logging_mixin.py:137} INFO - [2025-03-11T06:05:27.398+0000] {taskmixin.py:205} WARNING - Dependency <Task(EmailOperator): send_email>, prepare_email already registered for DAG: example_dag_decorator
[2025-03-11T06:05:27.410+0000] {processor.py:753} INFO - DAG(s) dict_keys(['example_dag_decorator']) retrieved from /home/airflow/.local/lib/python3.7/site-packages/airflow/example_dags/example_dag_decorator.py
[2025-03-11T06:05:27.478+0000] {logging_mixin.py:137} INFO - [2025-03-11T06:05:27.478+0000] {dag.py:2676} INFO - Sync 1 DAGs
[2025-03-11T06:05:27.501+0000] {logging_mixin.py:137} INFO - [2025-03-11T06:05:27.501+0000] {dag.py:3427} INFO - Setting next_dagrun for example_dag_decorator to None, run_after=None
[2025-03-11T06:05:27.516+0000] {processor.py:175} INFO - Processing /home/airflow/.local/lib/python3.7/site-packages/airflow/example_dags/example_dag_decorator.py took 0.154 seconds
[2025-03-11T06:05:57.857+0000] {processor.py:153} INFO - Started process (PID=1075) to work on /home/airflow/.local/lib/python3.7/site-packages/airflow/example_dags/example_dag_decorator.py
[2025-03-11T06:05:57.858+0000] {processor.py:743} INFO - Processing file /home/airflow/.local/lib/python3.7/site-packages/airflow/example_dags/example_dag_decorator.py for tasks to queue
[2025-03-11T06:05:57.860+0000] {logging_mixin.py:137} INFO - [2025-03-11T06:05:57.860+0000] {dagbag.py:538} INFO - Filling up the DagBag from /home/airflow/.local/lib/python3.7/site-packages/airflow/example_dags/example_dag_decorator.py
[2025-03-11T06:05:57.885+0000] {logging_mixin.py:137} INFO - [2025-03-11T06:05:57.885+0000] {taskmixin.py:205} WARNING - Dependency <Task(_PythonDecoratedOperator): prepare_email>, send_email already registered for DAG: example_dag_decorator
[2025-03-11T06:05:57.887+0000] {logging_mixin.py:137} INFO - [2025-03-11T06:05:57.887+0000] {taskmixin.py:205} WARNING - Dependency <Task(EmailOperator): send_email>, prepare_email already registered for DAG: example_dag_decorator
[2025-03-11T06:05:57.902+0000] {processor.py:753} INFO - DAG(s) dict_keys(['example_dag_decorator']) retrieved from /home/airflow/.local/lib/python3.7/site-packages/airflow/example_dags/example_dag_decorator.py
[2025-03-11T06:05:57.970+0000] {logging_mixin.py:137} INFO - [2025-03-11T06:05:57.970+0000] {dag.py:2676} INFO - Sync 1 DAGs
[2025-03-11T06:05:57.993+0000] {logging_mixin.py:137} INFO - [2025-03-11T06:05:57.993+0000] {dag.py:3427} INFO - Setting next_dagrun for example_dag_decorator to None, run_after=None
[2025-03-11T06:05:58.008+0000] {processor.py:175} INFO - Processing /home/airflow/.local/lib/python3.7/site-packages/airflow/example_dags/example_dag_decorator.py took 0.156 seconds
[2025-03-11T06:06:28.277+0000] {processor.py:153} INFO - Started process (PID=1114) to work on /home/airflow/.local/lib/python3.7/site-packages/airflow/example_dags/example_dag_decorator.py
[2025-03-11T06:06:28.280+0000] {processor.py:743} INFO - Processing file /home/airflow/.local/lib/python3.7/site-packages/airflow/example_dags/example_dag_decorator.py for tasks to queue
[2025-03-11T06:06:28.281+0000] {logging_mixin.py:137} INFO - [2025-03-11T06:06:28.281+0000] {dagbag.py:538} INFO - Filling up the DagBag from /home/airflow/.local/lib/python3.7/site-packages/airflow/example_dags/example_dag_decorator.py
[2025-03-11T06:06:28.306+0000] {logging_mixin.py:137} INFO - [2025-03-11T06:06:28.306+0000] {taskmixin.py:205} WARNING - Dependency <Task(_PythonDecoratedOperator): prepare_email>, send_email already registered for DAG: example_dag_decorator
[2025-03-11T06:06:28.306+0000] {logging_mixin.py:137} INFO - [2025-03-11T06:06:28.306+0000] {taskmixin.py:205} WARNING - Dependency <Task(EmailOperator): send_email>, prepare_email already registered for DAG: example_dag_decorator
[2025-03-11T06:06:28.320+0000] {processor.py:753} INFO - DAG(s) dict_keys(['example_dag_decorator']) retrieved from /home/airflow/.local/lib/python3.7/site-packages/airflow/example_dags/example_dag_decorator.py
[2025-03-11T06:06:28.385+0000] {logging_mixin.py:137} INFO - [2025-03-11T06:06:28.384+0000] {dag.py:2676} INFO - Sync 1 DAGs
[2025-03-11T06:06:28.403+0000] {logging_mixin.py:137} INFO - [2025-03-11T06:06:28.403+0000] {dag.py:3427} INFO - Setting next_dagrun for example_dag_decorator to None, run_after=None
[2025-03-11T06:06:28.422+0000] {processor.py:175} INFO - Processing /home/airflow/.local/lib/python3.7/site-packages/airflow/example_dags/example_dag_decorator.py took 0.149 seconds
[2025-03-11T06:06:58.642+0000] {processor.py:153} INFO - Started process (PID=1153) to work on /home/airflow/.local/lib/python3.7/site-packages/airflow/example_dags/example_dag_decorator.py
[2025-03-11T06:06:58.644+0000] {processor.py:743} INFO - Processing file /home/airflow/.local/lib/python3.7/site-packages/airflow/example_dags/example_dag_decorator.py for tasks to queue
[2025-03-11T06:06:58.648+0000] {logging_mixin.py:137} INFO - [2025-03-11T06:06:58.648+0000] {dagbag.py:538} INFO - Filling up the DagBag from /home/airflow/.local/lib/python3.7/site-packages/airflow/example_dags/example_dag_decorator.py
[2025-03-11T06:06:58.670+0000] {logging_mixin.py:137} INFO - [2025-03-11T06:06:58.670+0000] {taskmixin.py:205} WARNING - Dependency <Task(_PythonDecoratedOperator): prepare_email>, send_email already registered for DAG: example_dag_decorator
[2025-03-11T06:06:58.670+0000] {logging_mixin.py:137} INFO - [2025-03-11T06:06:58.670+0000] {taskmixin.py:205} WARNING - Dependency <Task(EmailOperator): send_email>, prepare_email already registered for DAG: example_dag_decorator
[2025-03-11T06:06:58.682+0000] {processor.py:753} INFO - DAG(s) dict_keys(['example_dag_decorator']) retrieved from /home/airflow/.local/lib/python3.7/site-packages/airflow/example_dags/example_dag_decorator.py
[2025-03-11T06:06:58.757+0000] {logging_mixin.py:137} INFO - [2025-03-11T06:06:58.756+0000] {dag.py:2676} INFO - Sync 1 DAGs
[2025-03-11T06:06:58.776+0000] {logging_mixin.py:137} INFO - [2025-03-11T06:06:58.776+0000] {dag.py:3427} INFO - Setting next_dagrun for example_dag_decorator to None, run_after=None
[2025-03-11T06:06:58.800+0000] {processor.py:175} INFO - Processing /home/airflow/.local/lib/python3.7/site-packages/airflow/example_dags/example_dag_decorator.py took 0.163 seconds
[2025-03-11T06:07:29.068+0000] {processor.py:153} INFO - Started process (PID=1192) to work on /home/airflow/.local/lib/python3.7/site-packages/airflow/example_dags/example_dag_decorator.py
[2025-03-11T06:07:29.069+0000] {processor.py:743} INFO - Processing file /home/airflow/.local/lib/python3.7/site-packages/airflow/example_dags/example_dag_decorator.py for tasks to queue
[2025-03-11T06:07:29.071+0000] {logging_mixin.py:137} INFO - [2025-03-11T06:07:29.070+0000] {dagbag.py:538} INFO - Filling up the DagBag from /home/airflow/.local/lib/python3.7/site-packages/airflow/example_dags/example_dag_decorator.py
[2025-03-11T06:07:29.101+0000] {logging_mixin.py:137} INFO - [2025-03-11T06:07:29.100+0000] {taskmixin.py:205} WARNING - Dependency <Task(_PythonDecoratedOperator): prepare_email>, send_email already registered for DAG: example_dag_decorator
[2025-03-11T06:07:29.103+0000] {logging_mixin.py:137} INFO - [2025-03-11T06:07:29.103+0000] {taskmixin.py:205} WARNING - Dependency <Task(EmailOperator): send_email>, prepare_email already registered for DAG: example_dag_decorator
[2025-03-11T06:07:29.116+0000] {processor.py:753} INFO - DAG(s) dict_keys(['example_dag_decorator']) retrieved from /home/airflow/.local/lib/python3.7/site-packages/airflow/example_dags/example_dag_decorator.py
[2025-03-11T06:07:29.190+0000] {logging_mixin.py:137} INFO - [2025-03-11T06:07:29.190+0000] {dag.py:2676} INFO - Sync 1 DAGs
[2025-03-11T06:07:29.211+0000] {logging_mixin.py:137} INFO - [2025-03-11T06:07:29.210+0000] {dag.py:3427} INFO - Setting next_dagrun for example_dag_decorator to None, run_after=None
[2025-03-11T06:07:29.228+0000] {processor.py:175} INFO - Processing /home/airflow/.local/lib/python3.7/site-packages/airflow/example_dags/example_dag_decorator.py took 0.165 seconds
[2025-03-11T06:07:59.593+0000] {processor.py:153} INFO - Started process (PID=1231) to work on /home/airflow/.local/lib/python3.7/site-packages/airflow/example_dags/example_dag_decorator.py
[2025-03-11T06:07:59.595+0000] {processor.py:743} INFO - Processing file /home/airflow/.local/lib/python3.7/site-packages/airflow/example_dags/example_dag_decorator.py for tasks to queue
[2025-03-11T06:07:59.597+0000] {logging_mixin.py:137} INFO - [2025-03-11T06:07:59.597+0000] {dagbag.py:538} INFO - Filling up the DagBag from /home/airflow/.local/lib/python3.7/site-packages/airflow/example_dags/example_dag_decorator.py
[2025-03-11T06:07:59.632+0000] {logging_mixin.py:137} INFO - [2025-03-11T06:07:59.631+0000] {taskmixin.py:205} WARNING - Dependency <Task(_PythonDecoratedOperator): prepare_email>, send_email already registered for DAG: example_dag_decorator
[2025-03-11T06:07:59.632+0000] {logging_mixin.py:137} INFO - [2025-03-11T06:07:59.632+0000] {taskmixin.py:205} WARNING - Dependency <Task(EmailOperator): send_email>, prepare_email already registered for DAG: example_dag_decorator
[2025-03-11T06:07:59.647+0000] {processor.py:753} INFO - DAG(s) dict_keys(['example_dag_decorator']) retrieved from /home/airflow/.local/lib/python3.7/site-packages/airflow/example_dags/example_dag_decorator.py
[2025-03-11T06:07:59.721+0000] {logging_mixin.py:137} INFO - [2025-03-11T06:07:59.721+0000] {dag.py:2676} INFO - Sync 1 DAGs
[2025-03-11T06:07:59.742+0000] {logging_mixin.py:137} INFO - [2025-03-11T06:07:59.742+0000] {dag.py:3427} INFO - Setting next_dagrun for example_dag_decorator to None, run_after=None
[2025-03-11T06:07:59.760+0000] {processor.py:175} INFO - Processing /home/airflow/.local/lib/python3.7/site-packages/airflow/example_dags/example_dag_decorator.py took 0.174 seconds
[2025-03-11T06:08:30.100+0000] {processor.py:153} INFO - Started process (PID=1270) to work on /home/airflow/.local/lib/python3.7/site-packages/airflow/example_dags/example_dag_decorator.py
[2025-03-11T06:08:30.102+0000] {processor.py:743} INFO - Processing file /home/airflow/.local/lib/python3.7/site-packages/airflow/example_dags/example_dag_decorator.py for tasks to queue
[2025-03-11T06:08:30.103+0000] {logging_mixin.py:137} INFO - [2025-03-11T06:08:30.102+0000] {dagbag.py:538} INFO - Filling up the DagBag from /home/airflow/.local/lib/python3.7/site-packages/airflow/example_dags/example_dag_decorator.py
[2025-03-11T06:08:30.132+0000] {logging_mixin.py:137} INFO - [2025-03-11T06:08:30.132+0000] {taskmixin.py:205} WARNING - Dependency <Task(_PythonDecoratedOperator): prepare_email>, send_email already registered for DAG: example_dag_decorator
[2025-03-11T06:08:30.134+0000] {logging_mixin.py:137} INFO - [2025-03-11T06:08:30.134+0000] {taskmixin.py:205} WARNING - Dependency <Task(EmailOperator): send_email>, prepare_email already registered for DAG: example_dag_decorator
[2025-03-11T06:08:30.151+0000] {processor.py:753} INFO - DAG(s) dict_keys(['example_dag_decorator']) retrieved from /home/airflow/.local/lib/python3.7/site-packages/airflow/example_dags/example_dag_decorator.py
[2025-03-11T06:08:30.225+0000] {logging_mixin.py:137} INFO - [2025-03-11T06:08:30.225+0000] {dag.py:2676} INFO - Sync 1 DAGs
[2025-03-11T06:08:30.248+0000] {logging_mixin.py:137} INFO - [2025-03-11T06:08:30.248+0000] {dag.py:3427} INFO - Setting next_dagrun for example_dag_decorator to None, run_after=None
[2025-03-11T06:08:30.264+0000] {processor.py:175} INFO - Processing /home/airflow/.local/lib/python3.7/site-packages/airflow/example_dags/example_dag_decorator.py took 0.168 seconds
[2025-03-11T06:09:00.711+0000] {processor.py:153} INFO - Started process (PID=1309) to work on /home/airflow/.local/lib/python3.7/site-packages/airflow/example_dags/example_dag_decorator.py
[2025-03-11T06:09:00.712+0000] {processor.py:743} INFO - Processing file /home/airflow/.local/lib/python3.7/site-packages/airflow/example_dags/example_dag_decorator.py for tasks to queue
[2025-03-11T06:09:00.714+0000] {logging_mixin.py:137} INFO - [2025-03-11T06:09:00.713+0000] {dagbag.py:538} INFO - Filling up the DagBag from /home/airflow/.local/lib/python3.7/site-packages/airflow/example_dags/example_dag_decorator.py
[2025-03-11T06:09:00.740+0000] {logging_mixin.py:137} INFO - [2025-03-11T06:09:00.739+0000] {taskmixin.py:205} WARNING - Dependency <Task(_PythonDecoratedOperator): prepare_email>, send_email already registered for DAG: example_dag_decorator
[2025-03-11T06:09:00.740+0000] {logging_mixin.py:137} INFO - [2025-03-11T06:09:00.740+0000] {taskmixin.py:205} WARNING - Dependency <Task(EmailOperator): send_email>, prepare_email already registered for DAG: example_dag_decorator
[2025-03-11T06:09:00.753+0000] {processor.py:753} INFO - DAG(s) dict_keys(['example_dag_decorator']) retrieved from /home/airflow/.local/lib/python3.7/site-packages/airflow/example_dags/example_dag_decorator.py
[2025-03-11T06:09:00.826+0000] {logging_mixin.py:137} INFO - [2025-03-11T06:09:00.826+0000] {dag.py:2676} INFO - Sync 1 DAGs
[2025-03-11T06:09:00.847+0000] {logging_mixin.py:137} INFO - [2025-03-11T06:09:00.847+0000] {dag.py:3427} INFO - Setting next_dagrun for example_dag_decorator to None, run_after=None
[2025-03-11T06:09:00.864+0000] {processor.py:175} INFO - Processing /home/airflow/.local/lib/python3.7/site-packages/airflow/example_dags/example_dag_decorator.py took 0.158 seconds
[2025-03-11T06:09:31.152+0000] {processor.py:153} INFO - Started process (PID=1348) to work on /home/airflow/.local/lib/python3.7/site-packages/airflow/example_dags/example_dag_decorator.py
[2025-03-11T06:09:31.155+0000] {processor.py:743} INFO - Processing file /home/airflow/.local/lib/python3.7/site-packages/airflow/example_dags/example_dag_decorator.py for tasks to queue
[2025-03-11T06:09:31.156+0000] {logging_mixin.py:137} INFO - [2025-03-11T06:09:31.156+0000] {dagbag.py:538} INFO - Filling up the DagBag from /home/airflow/.local/lib/python3.7/site-packages/airflow/example_dags/example_dag_decorator.py
[2025-03-11T06:09:31.184+0000] {logging_mixin.py:137} INFO - [2025-03-11T06:09:31.184+0000] {taskmixin.py:205} WARNING - Dependency <Task(_PythonDecoratedOperator): prepare_email>, send_email already registered for DAG: example_dag_decorator
[2025-03-11T06:09:31.186+0000] {logging_mixin.py:137} INFO - [2025-03-11T06:09:31.186+0000] {taskmixin.py:205} WARNING - Dependency <Task(EmailOperator): send_email>, prepare_email already registered for DAG: example_dag_decorator
[2025-03-11T06:09:31.200+0000] {processor.py:753} INFO - DAG(s) dict_keys(['example_dag_decorator']) retrieved from /home/airflow/.local/lib/python3.7/site-packages/airflow/example_dags/example_dag_decorator.py
[2025-03-11T06:09:31.270+0000] {logging_mixin.py:137} INFO - [2025-03-11T06:09:31.270+0000] {dag.py:2676} INFO - Sync 1 DAGs
[2025-03-11T06:09:31.290+0000] {logging_mixin.py:137} INFO - [2025-03-11T06:09:31.290+0000] {dag.py:3427} INFO - Setting next_dagrun for example_dag_decorator to None, run_after=None
[2025-03-11T06:09:31.305+0000] {processor.py:175} INFO - Processing /home/airflow/.local/lib/python3.7/site-packages/airflow/example_dags/example_dag_decorator.py took 0.159 seconds
[2025-03-11T06:10:01.680+0000] {processor.py:153} INFO - Started process (PID=1387) to work on /home/airflow/.local/lib/python3.7/site-packages/airflow/example_dags/example_dag_decorator.py
[2025-03-11T06:10:01.682+0000] {processor.py:743} INFO - Processing file /home/airflow/.local/lib/python3.7/site-packages/airflow/example_dags/example_dag_decorator.py for tasks to queue
[2025-03-11T06:10:01.683+0000] {logging_mixin.py:137} INFO - [2025-03-11T06:10:01.683+0000] {dagbag.py:538} INFO - Filling up the DagBag from /home/airflow/.local/lib/python3.7/site-packages/airflow/example_dags/example_dag_decorator.py
[2025-03-11T06:10:01.710+0000] {logging_mixin.py:137} INFO - [2025-03-11T06:10:01.709+0000] {taskmixin.py:205} WARNING - Dependency <Task(_PythonDecoratedOperator): prepare_email>, send_email already registered for DAG: example_dag_decorator
[2025-03-11T06:10:01.710+0000] {logging_mixin.py:137} INFO - [2025-03-11T06:10:01.710+0000] {taskmixin.py:205} WARNING - Dependency <Task(EmailOperator): send_email>, prepare_email already registered for DAG: example_dag_decorator
[2025-03-11T06:10:01.723+0000] {processor.py:753} INFO - DAG(s) dict_keys(['example_dag_decorator']) retrieved from /home/airflow/.local/lib/python3.7/site-packages/airflow/example_dags/example_dag_decorator.py
[2025-03-11T06:10:01.793+0000] {logging_mixin.py:137} INFO - [2025-03-11T06:10:01.793+0000] {dag.py:2676} INFO - Sync 1 DAGs
[2025-03-11T06:10:01.815+0000] {logging_mixin.py:137} INFO - [2025-03-11T06:10:01.815+0000] {dag.py:3427} INFO - Setting next_dagrun for example_dag_decorator to None, run_after=None
[2025-03-11T06:10:01.830+0000] {processor.py:175} INFO - Processing /home/airflow/.local/lib/python3.7/site-packages/airflow/example_dags/example_dag_decorator.py took 0.158 seconds
