[2025-03-11T05:52:44.049+0000] {processor.py:153} INFO - Started process (PID=70) to work on /home/airflow/.local/lib/python3.7/site-packages/airflow/example_dags/example_datasets.py
[2025-03-11T05:52:44.050+0000] {processor.py:743} INFO - Processing file /home/airflow/.local/lib/python3.7/site-packages/airflow/example_dags/example_datasets.py for tasks to queue
[2025-03-11T05:52:44.051+0000] {logging_mixin.py:137} INFO - [2025-03-11T05:52:44.050+0000] {dagbag.py:538} INFO - Filling up the DagBag from /home/airflow/.local/lib/python3.7/site-packages/airflow/example_dags/example_datasets.py
[2025-03-11T05:52:44.086+0000] {processor.py:753} INFO - DAG(s) dict_keys(['dataset_consumes_1_never_scheduled', 'dataset_consumes_unknown_never_scheduled', 'dataset_consumes_1_and_2', 'dataset_produces_1', 'dataset_consumes_1', 'dataset_produces_2']) retrieved from /home/airflow/.local/lib/python3.7/site-packages/airflow/example_dags/example_datasets.py
[2025-03-11T05:52:44.139+0000] {logging_mixin.py:137} INFO - [2025-03-11T05:52:44.139+0000] {dag.py:2676} INFO - Sync 6 DAGs
[2025-03-11T05:52:44.179+0000] {logging_mixin.py:137} INFO - [2025-03-11T05:52:44.179+0000] {dag.py:3427} INFO - Setting next_dagrun for dataset_consumes_1 to None, run_after=None
[2025-03-11T05:52:44.185+0000] {logging_mixin.py:137} INFO - [2025-03-11T05:52:44.185+0000] {dag.py:3427} INFO - Setting next_dagrun for dataset_consumes_1_and_2 to None, run_after=None
[2025-03-11T05:52:44.187+0000] {logging_mixin.py:137} INFO - [2025-03-11T05:52:44.187+0000] {dag.py:3427} INFO - Setting next_dagrun for dataset_consumes_1_never_scheduled to None, run_after=None
[2025-03-11T05:52:44.188+0000] {logging_mixin.py:137} INFO - [2025-03-11T05:52:44.188+0000] {dag.py:3427} INFO - Setting next_dagrun for dataset_consumes_unknown_never_scheduled to None, run_after=None
[2025-03-11T05:52:44.192+0000] {logging_mixin.py:137} INFO - [2025-03-11T05:52:44.191+0000] {dag.py:3427} INFO - Setting next_dagrun for dataset_produces_1 to 2025-03-10T00:00:00+00:00, run_after=2025-03-11T00:00:00+00:00
[2025-03-11T05:52:44.194+0000] {logging_mixin.py:137} INFO - [2025-03-11T05:52:44.194+0000] {dag.py:3427} INFO - Setting next_dagrun for dataset_produces_2 to None, run_after=None
[2025-03-11T05:52:44.245+0000] {processor.py:175} INFO - Processing /home/airflow/.local/lib/python3.7/site-packages/airflow/example_dags/example_datasets.py took 0.200 seconds
[2025-03-11T05:53:14.647+0000] {processor.py:153} INFO - Started process (PID=109) to work on /home/airflow/.local/lib/python3.7/site-packages/airflow/example_dags/example_datasets.py
[2025-03-11T05:53:14.650+0000] {processor.py:743} INFO - Processing file /home/airflow/.local/lib/python3.7/site-packages/airflow/example_dags/example_datasets.py for tasks to queue
[2025-03-11T05:53:14.650+0000] {logging_mixin.py:137} INFO - [2025-03-11T05:53:14.650+0000] {dagbag.py:538} INFO - Filling up the DagBag from /home/airflow/.local/lib/python3.7/site-packages/airflow/example_dags/example_datasets.py
[2025-03-11T05:53:14.667+0000] {processor.py:753} INFO - DAG(s) dict_keys(['dataset_consumes_1_never_scheduled', 'dataset_consumes_1', 'dataset_produces_1', 'dataset_consumes_1_and_2', 'dataset_consumes_unknown_never_scheduled', 'dataset_produces_2']) retrieved from /home/airflow/.local/lib/python3.7/site-packages/airflow/example_dags/example_datasets.py
[2025-03-11T05:53:14.693+0000] {logging_mixin.py:137} INFO - [2025-03-11T05:53:14.693+0000] {dag.py:2676} INFO - Sync 6 DAGs
[2025-03-11T05:53:14.720+0000] {logging_mixin.py:137} INFO - [2025-03-11T05:53:14.719+0000] {dag.py:3427} INFO - Setting next_dagrun for dataset_consumes_1 to None, run_after=None
[2025-03-11T05:53:14.723+0000] {logging_mixin.py:137} INFO - [2025-03-11T05:53:14.723+0000] {dag.py:3427} INFO - Setting next_dagrun for dataset_consumes_1_and_2 to None, run_after=None
[2025-03-11T05:53:14.725+0000] {logging_mixin.py:137} INFO - [2025-03-11T05:53:14.725+0000] {dag.py:3427} INFO - Setting next_dagrun for dataset_consumes_1_never_scheduled to None, run_after=None
[2025-03-11T05:53:14.726+0000] {logging_mixin.py:137} INFO - [2025-03-11T05:53:14.726+0000] {dag.py:3427} INFO - Setting next_dagrun for dataset_consumes_unknown_never_scheduled to None, run_after=None
[2025-03-11T05:53:14.732+0000] {logging_mixin.py:137} INFO - [2025-03-11T05:53:14.731+0000] {dag.py:3427} INFO - Setting next_dagrun for dataset_produces_1 to 2025-03-10T00:00:00+00:00, run_after=2025-03-11T00:00:00+00:00
[2025-03-11T05:53:14.733+0000] {logging_mixin.py:137} INFO - [2025-03-11T05:53:14.733+0000] {dag.py:3427} INFO - Setting next_dagrun for dataset_produces_2 to None, run_after=None
[2025-03-11T05:53:14.768+0000] {processor.py:175} INFO - Processing /home/airflow/.local/lib/python3.7/site-packages/airflow/example_dags/example_datasets.py took 0.123 seconds
[2025-03-11T05:53:45.478+0000] {processor.py:153} INFO - Started process (PID=148) to work on /home/airflow/.local/lib/python3.7/site-packages/airflow/example_dags/example_datasets.py
[2025-03-11T05:53:45.479+0000] {processor.py:743} INFO - Processing file /home/airflow/.local/lib/python3.7/site-packages/airflow/example_dags/example_datasets.py for tasks to queue
[2025-03-11T05:53:45.480+0000] {logging_mixin.py:137} INFO - [2025-03-11T05:53:45.479+0000] {dagbag.py:538} INFO - Filling up the DagBag from /home/airflow/.local/lib/python3.7/site-packages/airflow/example_dags/example_datasets.py
[2025-03-11T05:53:45.494+0000] {processor.py:753} INFO - DAG(s) dict_keys(['dataset_produces_2', 'dataset_consumes_1_and_2', 'dataset_consumes_unknown_never_scheduled', 'dataset_consumes_1_never_scheduled', 'dataset_consumes_1', 'dataset_produces_1']) retrieved from /home/airflow/.local/lib/python3.7/site-packages/airflow/example_dags/example_datasets.py
[2025-03-11T05:53:45.582+0000] {logging_mixin.py:137} INFO - [2025-03-11T05:53:45.582+0000] {dag.py:2676} INFO - Sync 6 DAGs
[2025-03-11T05:53:45.603+0000] {logging_mixin.py:137} INFO - [2025-03-11T05:53:45.603+0000] {dag.py:3427} INFO - Setting next_dagrun for dataset_consumes_1 to None, run_after=None
[2025-03-11T05:53:45.605+0000] {logging_mixin.py:137} INFO - [2025-03-11T05:53:45.605+0000] {dag.py:3427} INFO - Setting next_dagrun for dataset_consumes_1_and_2 to None, run_after=None
[2025-03-11T05:53:45.607+0000] {logging_mixin.py:137} INFO - [2025-03-11T05:53:45.606+0000] {dag.py:3427} INFO - Setting next_dagrun for dataset_consumes_1_never_scheduled to None, run_after=None
[2025-03-11T05:53:45.608+0000] {logging_mixin.py:137} INFO - [2025-03-11T05:53:45.608+0000] {dag.py:3427} INFO - Setting next_dagrun for dataset_consumes_unknown_never_scheduled to None, run_after=None
[2025-03-11T05:53:45.612+0000] {logging_mixin.py:137} INFO - [2025-03-11T05:53:45.611+0000] {dag.py:3427} INFO - Setting next_dagrun for dataset_produces_1 to 2025-03-10T00:00:00+00:00, run_after=2025-03-11T00:00:00+00:00
[2025-03-11T05:53:45.613+0000] {logging_mixin.py:137} INFO - [2025-03-11T05:53:45.613+0000] {dag.py:3427} INFO - Setting next_dagrun for dataset_produces_2 to None, run_after=None
[2025-03-11T05:53:45.650+0000] {processor.py:175} INFO - Processing /home/airflow/.local/lib/python3.7/site-packages/airflow/example_dags/example_datasets.py took 0.173 seconds
[2025-03-11T05:54:16.801+0000] {processor.py:153} INFO - Started process (PID=187) to work on /home/airflow/.local/lib/python3.7/site-packages/airflow/example_dags/example_datasets.py
[2025-03-11T05:54:16.802+0000] {processor.py:743} INFO - Processing file /home/airflow/.local/lib/python3.7/site-packages/airflow/example_dags/example_datasets.py for tasks to queue
[2025-03-11T05:54:16.803+0000] {logging_mixin.py:137} INFO - [2025-03-11T05:54:16.802+0000] {dagbag.py:538} INFO - Filling up the DagBag from /home/airflow/.local/lib/python3.7/site-packages/airflow/example_dags/example_datasets.py
[2025-03-11T05:54:16.819+0000] {processor.py:753} INFO - DAG(s) dict_keys(['dataset_consumes_1_and_2', 'dataset_consumes_1_never_scheduled', 'dataset_produces_2', 'dataset_consumes_unknown_never_scheduled', 'dataset_produces_1', 'dataset_consumes_1']) retrieved from /home/airflow/.local/lib/python3.7/site-packages/airflow/example_dags/example_datasets.py
[2025-03-11T05:54:16.865+0000] {logging_mixin.py:137} INFO - [2025-03-11T05:54:16.865+0000] {dag.py:2676} INFO - Sync 6 DAGs
[2025-03-11T05:54:16.902+0000] {logging_mixin.py:137} INFO - [2025-03-11T05:54:16.902+0000] {dag.py:3427} INFO - Setting next_dagrun for dataset_consumes_1 to None, run_after=None
[2025-03-11T05:54:16.908+0000] {logging_mixin.py:137} INFO - [2025-03-11T05:54:16.908+0000] {dag.py:3427} INFO - Setting next_dagrun for dataset_consumes_1_and_2 to None, run_after=None
[2025-03-11T05:54:16.911+0000] {logging_mixin.py:137} INFO - [2025-03-11T05:54:16.911+0000] {dag.py:3427} INFO - Setting next_dagrun for dataset_consumes_1_never_scheduled to None, run_after=None
[2025-03-11T05:54:16.913+0000] {logging_mixin.py:137} INFO - [2025-03-11T05:54:16.913+0000] {dag.py:3427} INFO - Setting next_dagrun for dataset_consumes_unknown_never_scheduled to None, run_after=None
[2025-03-11T05:54:16.916+0000] {logging_mixin.py:137} INFO - [2025-03-11T05:54:16.915+0000] {dag.py:3427} INFO - Setting next_dagrun for dataset_produces_1 to 2025-03-10T00:00:00+00:00, run_after=2025-03-11T00:00:00+00:00
[2025-03-11T05:54:16.917+0000] {logging_mixin.py:137} INFO - [2025-03-11T05:54:16.917+0000] {dag.py:3427} INFO - Setting next_dagrun for dataset_produces_2 to None, run_after=None
[2025-03-11T05:54:16.957+0000] {processor.py:175} INFO - Processing /home/airflow/.local/lib/python3.7/site-packages/airflow/example_dags/example_datasets.py took 0.158 seconds
[2025-03-11T05:54:47.248+0000] {processor.py:153} INFO - Started process (PID=226) to work on /home/airflow/.local/lib/python3.7/site-packages/airflow/example_dags/example_datasets.py
[2025-03-11T05:54:47.251+0000] {processor.py:743} INFO - Processing file /home/airflow/.local/lib/python3.7/site-packages/airflow/example_dags/example_datasets.py for tasks to queue
[2025-03-11T05:54:47.253+0000] {logging_mixin.py:137} INFO - [2025-03-11T05:54:47.253+0000] {dagbag.py:538} INFO - Filling up the DagBag from /home/airflow/.local/lib/python3.7/site-packages/airflow/example_dags/example_datasets.py
[2025-03-11T05:54:47.269+0000] {processor.py:753} INFO - DAG(s) dict_keys(['dataset_produces_2', 'dataset_consumes_1_never_scheduled', 'dataset_consumes_1_and_2', 'dataset_consumes_1', 'dataset_consumes_unknown_never_scheduled', 'dataset_produces_1']) retrieved from /home/airflow/.local/lib/python3.7/site-packages/airflow/example_dags/example_datasets.py
[2025-03-11T05:54:47.311+0000] {logging_mixin.py:137} INFO - [2025-03-11T05:54:47.311+0000] {dag.py:2676} INFO - Sync 6 DAGs
[2025-03-11T05:54:47.334+0000] {logging_mixin.py:137} INFO - [2025-03-11T05:54:47.334+0000] {dag.py:3427} INFO - Setting next_dagrun for dataset_consumes_1 to None, run_after=None
[2025-03-11T05:54:47.337+0000] {logging_mixin.py:137} INFO - [2025-03-11T05:54:47.337+0000] {dag.py:3427} INFO - Setting next_dagrun for dataset_consumes_1_and_2 to None, run_after=None
[2025-03-11T05:54:47.339+0000] {logging_mixin.py:137} INFO - [2025-03-11T05:54:47.339+0000] {dag.py:3427} INFO - Setting next_dagrun for dataset_consumes_1_never_scheduled to None, run_after=None
[2025-03-11T05:54:47.340+0000] {logging_mixin.py:137} INFO - [2025-03-11T05:54:47.340+0000] {dag.py:3427} INFO - Setting next_dagrun for dataset_consumes_unknown_never_scheduled to None, run_after=None
[2025-03-11T05:54:47.343+0000] {logging_mixin.py:137} INFO - [2025-03-11T05:54:47.343+0000] {dag.py:3427} INFO - Setting next_dagrun for dataset_produces_1 to 2025-03-10T00:00:00+00:00, run_after=2025-03-11T00:00:00+00:00
[2025-03-11T05:54:47.344+0000] {logging_mixin.py:137} INFO - [2025-03-11T05:54:47.344+0000] {dag.py:3427} INFO - Setting next_dagrun for dataset_produces_2 to None, run_after=None
[2025-03-11T05:54:47.372+0000] {processor.py:175} INFO - Processing /home/airflow/.local/lib/python3.7/site-packages/airflow/example_dags/example_datasets.py took 0.127 seconds
[2025-03-11T05:55:18.229+0000] {processor.py:153} INFO - Started process (PID=265) to work on /home/airflow/.local/lib/python3.7/site-packages/airflow/example_dags/example_datasets.py
[2025-03-11T05:55:18.231+0000] {processor.py:743} INFO - Processing file /home/airflow/.local/lib/python3.7/site-packages/airflow/example_dags/example_datasets.py for tasks to queue
[2025-03-11T05:55:18.231+0000] {logging_mixin.py:137} INFO - [2025-03-11T05:55:18.231+0000] {dagbag.py:538} INFO - Filling up the DagBag from /home/airflow/.local/lib/python3.7/site-packages/airflow/example_dags/example_datasets.py
[2025-03-11T05:55:18.248+0000] {processor.py:753} INFO - DAG(s) dict_keys(['dataset_consumes_1', 'dataset_consumes_1_and_2', 'dataset_produces_1', 'dataset_consumes_unknown_never_scheduled', 'dataset_consumes_1_never_scheduled', 'dataset_produces_2']) retrieved from /home/airflow/.local/lib/python3.7/site-packages/airflow/example_dags/example_datasets.py
[2025-03-11T05:55:18.293+0000] {logging_mixin.py:137} INFO - [2025-03-11T05:55:18.293+0000] {dag.py:2676} INFO - Sync 6 DAGs
[2025-03-11T05:55:18.315+0000] {logging_mixin.py:137} INFO - [2025-03-11T05:55:18.315+0000] {dag.py:3427} INFO - Setting next_dagrun for dataset_consumes_1 to None, run_after=None
[2025-03-11T05:55:18.319+0000] {logging_mixin.py:137} INFO - [2025-03-11T05:55:18.319+0000] {dag.py:3427} INFO - Setting next_dagrun for dataset_consumes_1_and_2 to None, run_after=None
[2025-03-11T05:55:18.322+0000] {logging_mixin.py:137} INFO - [2025-03-11T05:55:18.321+0000] {dag.py:3427} INFO - Setting next_dagrun for dataset_consumes_1_never_scheduled to None, run_after=None
[2025-03-11T05:55:18.322+0000] {logging_mixin.py:137} INFO - [2025-03-11T05:55:18.322+0000] {dag.py:3427} INFO - Setting next_dagrun for dataset_consumes_unknown_never_scheduled to None, run_after=None
[2025-03-11T05:55:18.326+0000] {logging_mixin.py:137} INFO - [2025-03-11T05:55:18.325+0000] {dag.py:3427} INFO - Setting next_dagrun for dataset_produces_1 to 2025-03-10T00:00:00+00:00, run_after=2025-03-11T00:00:00+00:00
[2025-03-11T05:55:18.327+0000] {logging_mixin.py:137} INFO - [2025-03-11T05:55:18.327+0000] {dag.py:3427} INFO - Setting next_dagrun for dataset_produces_2 to None, run_after=None
[2025-03-11T05:55:18.365+0000] {processor.py:175} INFO - Processing /home/airflow/.local/lib/python3.7/site-packages/airflow/example_dags/example_datasets.py took 0.138 seconds
[2025-03-11T05:55:48.529+0000] {processor.py:153} INFO - Started process (PID=304) to work on /home/airflow/.local/lib/python3.7/site-packages/airflow/example_dags/example_datasets.py
[2025-03-11T05:55:48.531+0000] {processor.py:743} INFO - Processing file /home/airflow/.local/lib/python3.7/site-packages/airflow/example_dags/example_datasets.py for tasks to queue
[2025-03-11T05:55:48.531+0000] {logging_mixin.py:137} INFO - [2025-03-11T05:55:48.531+0000] {dagbag.py:538} INFO - Filling up the DagBag from /home/airflow/.local/lib/python3.7/site-packages/airflow/example_dags/example_datasets.py
[2025-03-11T05:55:48.545+0000] {processor.py:753} INFO - DAG(s) dict_keys(['dataset_consumes_1', 'dataset_consumes_1_never_scheduled', 'dataset_consumes_1_and_2', 'dataset_produces_2', 'dataset_produces_1', 'dataset_consumes_unknown_never_scheduled']) retrieved from /home/airflow/.local/lib/python3.7/site-packages/airflow/example_dags/example_datasets.py
[2025-03-11T05:55:48.587+0000] {logging_mixin.py:137} INFO - [2025-03-11T05:55:48.587+0000] {dag.py:2676} INFO - Sync 6 DAGs
[2025-03-11T05:55:48.611+0000] {logging_mixin.py:137} INFO - [2025-03-11T05:55:48.611+0000] {dag.py:3427} INFO - Setting next_dagrun for dataset_consumes_1 to None, run_after=None
[2025-03-11T05:55:48.614+0000] {logging_mixin.py:137} INFO - [2025-03-11T05:55:48.614+0000] {dag.py:3427} INFO - Setting next_dagrun for dataset_consumes_1_and_2 to None, run_after=None
[2025-03-11T05:55:48.615+0000] {logging_mixin.py:137} INFO - [2025-03-11T05:55:48.615+0000] {dag.py:3427} INFO - Setting next_dagrun for dataset_consumes_1_never_scheduled to None, run_after=None
[2025-03-11T05:55:48.616+0000] {logging_mixin.py:137} INFO - [2025-03-11T05:55:48.616+0000] {dag.py:3427} INFO - Setting next_dagrun for dataset_consumes_unknown_never_scheduled to None, run_after=None
[2025-03-11T05:55:48.620+0000] {logging_mixin.py:137} INFO - [2025-03-11T05:55:48.620+0000] {dag.py:3427} INFO - Setting next_dagrun for dataset_produces_1 to 2025-03-10T00:00:00+00:00, run_after=2025-03-11T00:00:00+00:00
[2025-03-11T05:55:48.622+0000] {logging_mixin.py:137} INFO - [2025-03-11T05:55:48.622+0000] {dag.py:3427} INFO - Setting next_dagrun for dataset_produces_2 to None, run_after=None
[2025-03-11T05:55:48.656+0000] {processor.py:175} INFO - Processing /home/airflow/.local/lib/python3.7/site-packages/airflow/example_dags/example_datasets.py took 0.129 seconds
[2025-03-11T05:56:19.635+0000] {processor.py:153} INFO - Started process (PID=343) to work on /home/airflow/.local/lib/python3.7/site-packages/airflow/example_dags/example_datasets.py
[2025-03-11T05:56:19.636+0000] {processor.py:743} INFO - Processing file /home/airflow/.local/lib/python3.7/site-packages/airflow/example_dags/example_datasets.py for tasks to queue
[2025-03-11T05:56:19.637+0000] {logging_mixin.py:137} INFO - [2025-03-11T05:56:19.637+0000] {dagbag.py:538} INFO - Filling up the DagBag from /home/airflow/.local/lib/python3.7/site-packages/airflow/example_dags/example_datasets.py
[2025-03-11T05:56:19.651+0000] {processor.py:753} INFO - DAG(s) dict_keys(['dataset_produces_1', 'dataset_consumes_1_never_scheduled', 'dataset_consumes_1', 'dataset_consumes_unknown_never_scheduled', 'dataset_produces_2', 'dataset_consumes_1_and_2']) retrieved from /home/airflow/.local/lib/python3.7/site-packages/airflow/example_dags/example_datasets.py
[2025-03-11T05:56:19.700+0000] {logging_mixin.py:137} INFO - [2025-03-11T05:56:19.700+0000] {dag.py:2676} INFO - Sync 6 DAGs
[2025-03-11T05:56:19.721+0000] {logging_mixin.py:137} INFO - [2025-03-11T05:56:19.720+0000] {dag.py:3427} INFO - Setting next_dagrun for dataset_consumes_1 to None, run_after=None
[2025-03-11T05:56:19.724+0000] {logging_mixin.py:137} INFO - [2025-03-11T05:56:19.724+0000] {dag.py:3427} INFO - Setting next_dagrun for dataset_consumes_1_and_2 to None, run_after=None
[2025-03-11T05:56:19.726+0000] {logging_mixin.py:137} INFO - [2025-03-11T05:56:19.726+0000] {dag.py:3427} INFO - Setting next_dagrun for dataset_consumes_1_never_scheduled to None, run_after=None
[2025-03-11T05:56:19.727+0000] {logging_mixin.py:137} INFO - [2025-03-11T05:56:19.727+0000] {dag.py:3427} INFO - Setting next_dagrun for dataset_consumes_unknown_never_scheduled to None, run_after=None
[2025-03-11T05:56:19.730+0000] {logging_mixin.py:137} INFO - [2025-03-11T05:56:19.730+0000] {dag.py:3427} INFO - Setting next_dagrun for dataset_produces_1 to 2025-03-10T00:00:00+00:00, run_after=2025-03-11T00:00:00+00:00
[2025-03-11T05:56:19.731+0000] {logging_mixin.py:137} INFO - [2025-03-11T05:56:19.731+0000] {dag.py:3427} INFO - Setting next_dagrun for dataset_produces_2 to None, run_after=None
[2025-03-11T05:56:19.758+0000] {processor.py:175} INFO - Processing /home/airflow/.local/lib/python3.7/site-packages/airflow/example_dags/example_datasets.py took 0.125 seconds
[2025-03-11T05:56:50.337+0000] {processor.py:153} INFO - Started process (PID=382) to work on /home/airflow/.local/lib/python3.7/site-packages/airflow/example_dags/example_datasets.py
[2025-03-11T05:56:50.338+0000] {processor.py:743} INFO - Processing file /home/airflow/.local/lib/python3.7/site-packages/airflow/example_dags/example_datasets.py for tasks to queue
[2025-03-11T05:56:50.338+0000] {logging_mixin.py:137} INFO - [2025-03-11T05:56:50.338+0000] {dagbag.py:538} INFO - Filling up the DagBag from /home/airflow/.local/lib/python3.7/site-packages/airflow/example_dags/example_datasets.py
[2025-03-11T05:56:50.355+0000] {processor.py:753} INFO - DAG(s) dict_keys(['dataset_consumes_1', 'dataset_consumes_1_never_scheduled', 'dataset_consumes_unknown_never_scheduled', 'dataset_produces_1', 'dataset_produces_2', 'dataset_consumes_1_and_2']) retrieved from /home/airflow/.local/lib/python3.7/site-packages/airflow/example_dags/example_datasets.py
[2025-03-11T05:56:50.398+0000] {logging_mixin.py:137} INFO - [2025-03-11T05:56:50.398+0000] {dag.py:2676} INFO - Sync 6 DAGs
[2025-03-11T05:56:50.418+0000] {logging_mixin.py:137} INFO - [2025-03-11T05:56:50.418+0000] {dag.py:3427} INFO - Setting next_dagrun for dataset_consumes_1 to None, run_after=None
[2025-03-11T05:56:50.424+0000] {logging_mixin.py:137} INFO - [2025-03-11T05:56:50.424+0000] {dag.py:3427} INFO - Setting next_dagrun for dataset_consumes_1_and_2 to None, run_after=None
[2025-03-11T05:56:50.425+0000] {logging_mixin.py:137} INFO - [2025-03-11T05:56:50.425+0000] {dag.py:3427} INFO - Setting next_dagrun for dataset_consumes_1_never_scheduled to None, run_after=None
[2025-03-11T05:56:50.428+0000] {logging_mixin.py:137} INFO - [2025-03-11T05:56:50.428+0000] {dag.py:3427} INFO - Setting next_dagrun for dataset_consumes_unknown_never_scheduled to None, run_after=None
[2025-03-11T05:56:50.431+0000] {logging_mixin.py:137} INFO - [2025-03-11T05:56:50.430+0000] {dag.py:3427} INFO - Setting next_dagrun for dataset_produces_1 to 2025-03-10T00:00:00+00:00, run_after=2025-03-11T00:00:00+00:00
[2025-03-11T05:56:50.432+0000] {logging_mixin.py:137} INFO - [2025-03-11T05:56:50.432+0000] {dag.py:3427} INFO - Setting next_dagrun for dataset_produces_2 to None, run_after=None
[2025-03-11T05:56:50.460+0000] {processor.py:175} INFO - Processing /home/airflow/.local/lib/python3.7/site-packages/airflow/example_dags/example_datasets.py took 0.125 seconds
[2025-03-11T05:57:20.722+0000] {processor.py:153} INFO - Started process (PID=421) to work on /home/airflow/.local/lib/python3.7/site-packages/airflow/example_dags/example_datasets.py
[2025-03-11T05:57:20.723+0000] {processor.py:743} INFO - Processing file /home/airflow/.local/lib/python3.7/site-packages/airflow/example_dags/example_datasets.py for tasks to queue
[2025-03-11T05:57:20.724+0000] {logging_mixin.py:137} INFO - [2025-03-11T05:57:20.724+0000] {dagbag.py:538} INFO - Filling up the DagBag from /home/airflow/.local/lib/python3.7/site-packages/airflow/example_dags/example_datasets.py
[2025-03-11T05:57:20.740+0000] {processor.py:753} INFO - DAG(s) dict_keys(['dataset_produces_1', 'dataset_consumes_1', 'dataset_consumes_1_and_2', 'dataset_consumes_1_never_scheduled', 'dataset_produces_2', 'dataset_consumes_unknown_never_scheduled']) retrieved from /home/airflow/.local/lib/python3.7/site-packages/airflow/example_dags/example_datasets.py
[2025-03-11T05:57:20.780+0000] {logging_mixin.py:137} INFO - [2025-03-11T05:57:20.780+0000] {dag.py:2676} INFO - Sync 6 DAGs
[2025-03-11T05:57:20.801+0000] {logging_mixin.py:137} INFO - [2025-03-11T05:57:20.801+0000] {dag.py:3427} INFO - Setting next_dagrun for dataset_consumes_1 to None, run_after=None
[2025-03-11T05:57:20.804+0000] {logging_mixin.py:137} INFO - [2025-03-11T05:57:20.804+0000] {dag.py:3427} INFO - Setting next_dagrun for dataset_consumes_1_and_2 to None, run_after=None
[2025-03-11T05:57:20.805+0000] {logging_mixin.py:137} INFO - [2025-03-11T05:57:20.805+0000] {dag.py:3427} INFO - Setting next_dagrun for dataset_consumes_1_never_scheduled to None, run_after=None
[2025-03-11T05:57:20.806+0000] {logging_mixin.py:137} INFO - [2025-03-11T05:57:20.806+0000] {dag.py:3427} INFO - Setting next_dagrun for dataset_consumes_unknown_never_scheduled to None, run_after=None
[2025-03-11T05:57:20.809+0000] {logging_mixin.py:137} INFO - [2025-03-11T05:57:20.808+0000] {dag.py:3427} INFO - Setting next_dagrun for dataset_produces_1 to 2025-03-10T00:00:00+00:00, run_after=2025-03-11T00:00:00+00:00
[2025-03-11T05:57:20.810+0000] {logging_mixin.py:137} INFO - [2025-03-11T05:57:20.810+0000] {dag.py:3427} INFO - Setting next_dagrun for dataset_produces_2 to None, run_after=None
[2025-03-11T05:57:20.836+0000] {processor.py:175} INFO - Processing /home/airflow/.local/lib/python3.7/site-packages/airflow/example_dags/example_datasets.py took 0.116 seconds
[2025-03-11T05:57:51.298+0000] {processor.py:153} INFO - Started process (PID=460) to work on /home/airflow/.local/lib/python3.7/site-packages/airflow/example_dags/example_datasets.py
[2025-03-11T05:57:51.298+0000] {processor.py:743} INFO - Processing file /home/airflow/.local/lib/python3.7/site-packages/airflow/example_dags/example_datasets.py for tasks to queue
[2025-03-11T05:57:51.300+0000] {logging_mixin.py:137} INFO - [2025-03-11T05:57:51.300+0000] {dagbag.py:538} INFO - Filling up the DagBag from /home/airflow/.local/lib/python3.7/site-packages/airflow/example_dags/example_datasets.py
[2025-03-11T05:57:51.314+0000] {processor.py:753} INFO - DAG(s) dict_keys(['dataset_produces_2', 'dataset_produces_1', 'dataset_consumes_1_never_scheduled', 'dataset_consumes_1', 'dataset_consumes_1_and_2', 'dataset_consumes_unknown_never_scheduled']) retrieved from /home/airflow/.local/lib/python3.7/site-packages/airflow/example_dags/example_datasets.py
[2025-03-11T05:57:51.354+0000] {logging_mixin.py:137} INFO - [2025-03-11T05:57:51.354+0000] {dag.py:2676} INFO - Sync 6 DAGs
[2025-03-11T05:57:51.374+0000] {logging_mixin.py:137} INFO - [2025-03-11T05:57:51.373+0000] {dag.py:3427} INFO - Setting next_dagrun for dataset_consumes_1 to None, run_after=None
[2025-03-11T05:57:51.378+0000] {logging_mixin.py:137} INFO - [2025-03-11T05:57:51.378+0000] {dag.py:3427} INFO - Setting next_dagrun for dataset_consumes_1_and_2 to None, run_after=None
[2025-03-11T05:57:51.380+0000] {logging_mixin.py:137} INFO - [2025-03-11T05:57:51.380+0000] {dag.py:3427} INFO - Setting next_dagrun for dataset_consumes_1_never_scheduled to None, run_after=None
[2025-03-11T05:57:51.381+0000] {logging_mixin.py:137} INFO - [2025-03-11T05:57:51.381+0000] {dag.py:3427} INFO - Setting next_dagrun for dataset_consumes_unknown_never_scheduled to None, run_after=None
[2025-03-11T05:57:51.384+0000] {logging_mixin.py:137} INFO - [2025-03-11T05:57:51.384+0000] {dag.py:3427} INFO - Setting next_dagrun for dataset_produces_1 to 2025-03-10T00:00:00+00:00, run_after=2025-03-11T00:00:00+00:00
[2025-03-11T05:57:51.386+0000] {logging_mixin.py:137} INFO - [2025-03-11T05:57:51.386+0000] {dag.py:3427} INFO - Setting next_dagrun for dataset_produces_2 to None, run_after=None
[2025-03-11T05:57:51.412+0000] {processor.py:175} INFO - Processing /home/airflow/.local/lib/python3.7/site-packages/airflow/example_dags/example_datasets.py took 0.116 seconds
[2025-03-11T05:58:21.767+0000] {processor.py:153} INFO - Started process (PID=499) to work on /home/airflow/.local/lib/python3.7/site-packages/airflow/example_dags/example_datasets.py
[2025-03-11T05:58:21.768+0000] {processor.py:743} INFO - Processing file /home/airflow/.local/lib/python3.7/site-packages/airflow/example_dags/example_datasets.py for tasks to queue
[2025-03-11T05:58:21.769+0000] {logging_mixin.py:137} INFO - [2025-03-11T05:58:21.769+0000] {dagbag.py:538} INFO - Filling up the DagBag from /home/airflow/.local/lib/python3.7/site-packages/airflow/example_dags/example_datasets.py
[2025-03-11T05:58:21.783+0000] {processor.py:753} INFO - DAG(s) dict_keys(['dataset_consumes_unknown_never_scheduled', 'dataset_produces_1', 'dataset_consumes_1_never_scheduled', 'dataset_consumes_1_and_2', 'dataset_produces_2', 'dataset_consumes_1']) retrieved from /home/airflow/.local/lib/python3.7/site-packages/airflow/example_dags/example_datasets.py
[2025-03-11T05:58:21.826+0000] {logging_mixin.py:137} INFO - [2025-03-11T05:58:21.826+0000] {dag.py:2676} INFO - Sync 6 DAGs
[2025-03-11T05:58:21.846+0000] {logging_mixin.py:137} INFO - [2025-03-11T05:58:21.846+0000] {dag.py:3427} INFO - Setting next_dagrun for dataset_consumes_1 to None, run_after=None
[2025-03-11T05:58:21.849+0000] {logging_mixin.py:137} INFO - [2025-03-11T05:58:21.849+0000] {dag.py:3427} INFO - Setting next_dagrun for dataset_consumes_1_and_2 to None, run_after=None
[2025-03-11T05:58:21.850+0000] {logging_mixin.py:137} INFO - [2025-03-11T05:58:21.850+0000] {dag.py:3427} INFO - Setting next_dagrun for dataset_consumes_1_never_scheduled to None, run_after=None
[2025-03-11T05:58:21.851+0000] {logging_mixin.py:137} INFO - [2025-03-11T05:58:21.851+0000] {dag.py:3427} INFO - Setting next_dagrun for dataset_consumes_unknown_never_scheduled to None, run_after=None
[2025-03-11T05:58:21.853+0000] {logging_mixin.py:137} INFO - [2025-03-11T05:58:21.853+0000] {dag.py:3427} INFO - Setting next_dagrun for dataset_produces_1 to 2025-03-10T00:00:00+00:00, run_after=2025-03-11T00:00:00+00:00
[2025-03-11T05:58:21.855+0000] {logging_mixin.py:137} INFO - [2025-03-11T05:58:21.855+0000] {dag.py:3427} INFO - Setting next_dagrun for dataset_produces_2 to None, run_after=None
[2025-03-11T05:58:21.882+0000] {processor.py:175} INFO - Processing /home/airflow/.local/lib/python3.7/site-packages/airflow/example_dags/example_datasets.py took 0.116 seconds
[2025-03-11T05:58:52.216+0000] {processor.py:153} INFO - Started process (PID=538) to work on /home/airflow/.local/lib/python3.7/site-packages/airflow/example_dags/example_datasets.py
[2025-03-11T05:58:52.216+0000] {processor.py:743} INFO - Processing file /home/airflow/.local/lib/python3.7/site-packages/airflow/example_dags/example_datasets.py for tasks to queue
[2025-03-11T05:58:52.217+0000] {logging_mixin.py:137} INFO - [2025-03-11T05:58:52.217+0000] {dagbag.py:538} INFO - Filling up the DagBag from /home/airflow/.local/lib/python3.7/site-packages/airflow/example_dags/example_datasets.py
[2025-03-11T05:58:52.231+0000] {processor.py:753} INFO - DAG(s) dict_keys(['dataset_produces_2', 'dataset_consumes_1_never_scheduled', 'dataset_produces_1', 'dataset_consumes_unknown_never_scheduled', 'dataset_consumes_1', 'dataset_consumes_1_and_2']) retrieved from /home/airflow/.local/lib/python3.7/site-packages/airflow/example_dags/example_datasets.py
[2025-03-11T05:58:52.274+0000] {logging_mixin.py:137} INFO - [2025-03-11T05:58:52.274+0000] {dag.py:2676} INFO - Sync 6 DAGs
[2025-03-11T05:58:52.296+0000] {logging_mixin.py:137} INFO - [2025-03-11T05:58:52.295+0000] {dag.py:3427} INFO - Setting next_dagrun for dataset_consumes_1 to None, run_after=None
[2025-03-11T05:58:52.299+0000] {logging_mixin.py:137} INFO - [2025-03-11T05:58:52.299+0000] {dag.py:3427} INFO - Setting next_dagrun for dataset_consumes_1_and_2 to None, run_after=None
[2025-03-11T05:58:52.300+0000] {logging_mixin.py:137} INFO - [2025-03-11T05:58:52.300+0000] {dag.py:3427} INFO - Setting next_dagrun for dataset_consumes_1_never_scheduled to None, run_after=None
[2025-03-11T05:58:52.301+0000] {logging_mixin.py:137} INFO - [2025-03-11T05:58:52.301+0000] {dag.py:3427} INFO - Setting next_dagrun for dataset_consumes_unknown_never_scheduled to None, run_after=None
[2025-03-11T05:58:52.303+0000] {logging_mixin.py:137} INFO - [2025-03-11T05:58:52.303+0000] {dag.py:3427} INFO - Setting next_dagrun for dataset_produces_1 to 2025-03-10T00:00:00+00:00, run_after=2025-03-11T00:00:00+00:00
[2025-03-11T05:58:52.306+0000] {logging_mixin.py:137} INFO - [2025-03-11T05:58:52.306+0000] {dag.py:3427} INFO - Setting next_dagrun for dataset_produces_2 to None, run_after=None
[2025-03-11T05:58:52.332+0000] {processor.py:175} INFO - Processing /home/airflow/.local/lib/python3.7/site-packages/airflow/example_dags/example_datasets.py took 0.119 seconds
[2025-03-11T05:59:22.784+0000] {processor.py:153} INFO - Started process (PID=577) to work on /home/airflow/.local/lib/python3.7/site-packages/airflow/example_dags/example_datasets.py
[2025-03-11T05:59:22.785+0000] {processor.py:743} INFO - Processing file /home/airflow/.local/lib/python3.7/site-packages/airflow/example_dags/example_datasets.py for tasks to queue
[2025-03-11T05:59:22.787+0000] {logging_mixin.py:137} INFO - [2025-03-11T05:59:22.786+0000] {dagbag.py:538} INFO - Filling up the DagBag from /home/airflow/.local/lib/python3.7/site-packages/airflow/example_dags/example_datasets.py
[2025-03-11T05:59:22.801+0000] {processor.py:753} INFO - DAG(s) dict_keys(['dataset_consumes_unknown_never_scheduled', 'dataset_consumes_1_never_scheduled', 'dataset_consumes_1_and_2', 'dataset_produces_1', 'dataset_consumes_1', 'dataset_produces_2']) retrieved from /home/airflow/.local/lib/python3.7/site-packages/airflow/example_dags/example_datasets.py
[2025-03-11T05:59:22.852+0000] {logging_mixin.py:137} INFO - [2025-03-11T05:59:22.852+0000] {dag.py:2676} INFO - Sync 6 DAGs
[2025-03-11T05:59:22.879+0000] {logging_mixin.py:137} INFO - [2025-03-11T05:59:22.879+0000] {dag.py:3427} INFO - Setting next_dagrun for dataset_consumes_1 to None, run_after=None
[2025-03-11T05:59:22.882+0000] {logging_mixin.py:137} INFO - [2025-03-11T05:59:22.882+0000] {dag.py:3427} INFO - Setting next_dagrun for dataset_consumes_1_and_2 to None, run_after=None
[2025-03-11T05:59:22.884+0000] {logging_mixin.py:137} INFO - [2025-03-11T05:59:22.884+0000] {dag.py:3427} INFO - Setting next_dagrun for dataset_consumes_1_never_scheduled to None, run_after=None
[2025-03-11T05:59:22.885+0000] {logging_mixin.py:137} INFO - [2025-03-11T05:59:22.885+0000] {dag.py:3427} INFO - Setting next_dagrun for dataset_consumes_unknown_never_scheduled to None, run_after=None
[2025-03-11T05:59:22.887+0000] {logging_mixin.py:137} INFO - [2025-03-11T05:59:22.887+0000] {dag.py:3427} INFO - Setting next_dagrun for dataset_produces_1 to 2025-03-10T00:00:00+00:00, run_after=2025-03-11T00:00:00+00:00
[2025-03-11T05:59:22.888+0000] {logging_mixin.py:137} INFO - [2025-03-11T05:59:22.888+0000] {dag.py:3427} INFO - Setting next_dagrun for dataset_produces_2 to None, run_after=None
[2025-03-11T05:59:22.922+0000] {processor.py:175} INFO - Processing /home/airflow/.local/lib/python3.7/site-packages/airflow/example_dags/example_datasets.py took 0.140 seconds
[2025-03-11T05:59:53.386+0000] {processor.py:153} INFO - Started process (PID=616) to work on /home/airflow/.local/lib/python3.7/site-packages/airflow/example_dags/example_datasets.py
[2025-03-11T05:59:53.386+0000] {processor.py:743} INFO - Processing file /home/airflow/.local/lib/python3.7/site-packages/airflow/example_dags/example_datasets.py for tasks to queue
[2025-03-11T05:59:53.387+0000] {logging_mixin.py:137} INFO - [2025-03-11T05:59:53.387+0000] {dagbag.py:538} INFO - Filling up the DagBag from /home/airflow/.local/lib/python3.7/site-packages/airflow/example_dags/example_datasets.py
[2025-03-11T05:59:53.400+0000] {processor.py:753} INFO - DAG(s) dict_keys(['dataset_consumes_1', 'dataset_consumes_1_never_scheduled', 'dataset_produces_1', 'dataset_consumes_unknown_never_scheduled', 'dataset_consumes_1_and_2', 'dataset_produces_2']) retrieved from /home/airflow/.local/lib/python3.7/site-packages/airflow/example_dags/example_datasets.py
[2025-03-11T05:59:53.437+0000] {logging_mixin.py:137} INFO - [2025-03-11T05:59:53.437+0000] {dag.py:2676} INFO - Sync 6 DAGs
[2025-03-11T05:59:53.456+0000] {logging_mixin.py:137} INFO - [2025-03-11T05:59:53.455+0000] {dag.py:3427} INFO - Setting next_dagrun for dataset_consumes_1 to None, run_after=None
[2025-03-11T05:59:53.458+0000] {logging_mixin.py:137} INFO - [2025-03-11T05:59:53.458+0000] {dag.py:3427} INFO - Setting next_dagrun for dataset_consumes_1_and_2 to None, run_after=None
[2025-03-11T05:59:53.459+0000] {logging_mixin.py:137} INFO - [2025-03-11T05:59:53.459+0000] {dag.py:3427} INFO - Setting next_dagrun for dataset_consumes_1_never_scheduled to None, run_after=None
[2025-03-11T05:59:53.460+0000] {logging_mixin.py:137} INFO - [2025-03-11T05:59:53.459+0000] {dag.py:3427} INFO - Setting next_dagrun for dataset_consumes_unknown_never_scheduled to None, run_after=None
[2025-03-11T05:59:53.462+0000] {logging_mixin.py:137} INFO - [2025-03-11T05:59:53.462+0000] {dag.py:3427} INFO - Setting next_dagrun for dataset_produces_1 to 2025-03-10T00:00:00+00:00, run_after=2025-03-11T00:00:00+00:00
[2025-03-11T05:59:53.463+0000] {logging_mixin.py:137} INFO - [2025-03-11T05:59:53.463+0000] {dag.py:3427} INFO - Setting next_dagrun for dataset_produces_2 to None, run_after=None
[2025-03-11T05:59:53.484+0000] {processor.py:175} INFO - Processing /home/airflow/.local/lib/python3.7/site-packages/airflow/example_dags/example_datasets.py took 0.101 seconds
[2025-03-11T06:00:23.861+0000] {processor.py:153} INFO - Started process (PID=655) to work on /home/airflow/.local/lib/python3.7/site-packages/airflow/example_dags/example_datasets.py
[2025-03-11T06:00:23.862+0000] {processor.py:743} INFO - Processing file /home/airflow/.local/lib/python3.7/site-packages/airflow/example_dags/example_datasets.py for tasks to queue
[2025-03-11T06:00:23.864+0000] {logging_mixin.py:137} INFO - [2025-03-11T06:00:23.864+0000] {dagbag.py:538} INFO - Filling up the DagBag from /home/airflow/.local/lib/python3.7/site-packages/airflow/example_dags/example_datasets.py
[2025-03-11T06:00:23.878+0000] {processor.py:753} INFO - DAG(s) dict_keys(['dataset_produces_1', 'dataset_consumes_1', 'dataset_consumes_1_never_scheduled', 'dataset_produces_2', 'dataset_consumes_1_and_2', 'dataset_consumes_unknown_never_scheduled']) retrieved from /home/airflow/.local/lib/python3.7/site-packages/airflow/example_dags/example_datasets.py
[2025-03-11T06:00:23.922+0000] {logging_mixin.py:137} INFO - [2025-03-11T06:00:23.922+0000] {dag.py:2676} INFO - Sync 6 DAGs
[2025-03-11T06:00:23.950+0000] {logging_mixin.py:137} INFO - [2025-03-11T06:00:23.950+0000] {dag.py:3427} INFO - Setting next_dagrun for dataset_consumes_1 to None, run_after=None
[2025-03-11T06:00:23.953+0000] {logging_mixin.py:137} INFO - [2025-03-11T06:00:23.953+0000] {dag.py:3427} INFO - Setting next_dagrun for dataset_consumes_1_and_2 to None, run_after=None
[2025-03-11T06:00:23.954+0000] {logging_mixin.py:137} INFO - [2025-03-11T06:00:23.954+0000] {dag.py:3427} INFO - Setting next_dagrun for dataset_consumes_1_never_scheduled to None, run_after=None
[2025-03-11T06:00:23.955+0000] {logging_mixin.py:137} INFO - [2025-03-11T06:00:23.955+0000] {dag.py:3427} INFO - Setting next_dagrun for dataset_consumes_unknown_never_scheduled to None, run_after=None
[2025-03-11T06:00:23.958+0000] {logging_mixin.py:137} INFO - [2025-03-11T06:00:23.958+0000] {dag.py:3427} INFO - Setting next_dagrun for dataset_produces_1 to 2025-03-10T00:00:00+00:00, run_after=2025-03-11T00:00:00+00:00
[2025-03-11T06:00:23.960+0000] {logging_mixin.py:137} INFO - [2025-03-11T06:00:23.959+0000] {dag.py:3427} INFO - Setting next_dagrun for dataset_produces_2 to None, run_after=None
[2025-03-11T06:00:23.986+0000] {processor.py:175} INFO - Processing /home/airflow/.local/lib/python3.7/site-packages/airflow/example_dags/example_datasets.py took 0.127 seconds
[2025-03-11T06:00:54.560+0000] {processor.py:153} INFO - Started process (PID=694) to work on /home/airflow/.local/lib/python3.7/site-packages/airflow/example_dags/example_datasets.py
[2025-03-11T06:00:54.562+0000] {processor.py:743} INFO - Processing file /home/airflow/.local/lib/python3.7/site-packages/airflow/example_dags/example_datasets.py for tasks to queue
[2025-03-11T06:00:54.563+0000] {logging_mixin.py:137} INFO - [2025-03-11T06:00:54.563+0000] {dagbag.py:538} INFO - Filling up the DagBag from /home/airflow/.local/lib/python3.7/site-packages/airflow/example_dags/example_datasets.py
[2025-03-11T06:00:54.581+0000] {processor.py:753} INFO - DAG(s) dict_keys(['dataset_consumes_1', 'dataset_consumes_1_and_2', 'dataset_consumes_unknown_never_scheduled', 'dataset_produces_1', 'dataset_produces_2', 'dataset_consumes_1_never_scheduled']) retrieved from /home/airflow/.local/lib/python3.7/site-packages/airflow/example_dags/example_datasets.py
[2025-03-11T06:00:54.632+0000] {logging_mixin.py:137} INFO - [2025-03-11T06:00:54.632+0000] {dag.py:2676} INFO - Sync 6 DAGs
[2025-03-11T06:00:54.659+0000] {logging_mixin.py:137} INFO - [2025-03-11T06:00:54.658+0000] {dag.py:3427} INFO - Setting next_dagrun for dataset_consumes_1 to None, run_after=None
[2025-03-11T06:00:54.662+0000] {logging_mixin.py:137} INFO - [2025-03-11T06:00:54.662+0000] {dag.py:3427} INFO - Setting next_dagrun for dataset_consumes_1_and_2 to None, run_after=None
[2025-03-11T06:00:54.663+0000] {logging_mixin.py:137} INFO - [2025-03-11T06:00:54.663+0000] {dag.py:3427} INFO - Setting next_dagrun for dataset_consumes_1_never_scheduled to None, run_after=None
[2025-03-11T06:00:54.664+0000] {logging_mixin.py:137} INFO - [2025-03-11T06:00:54.664+0000] {dag.py:3427} INFO - Setting next_dagrun for dataset_consumes_unknown_never_scheduled to None, run_after=None
[2025-03-11T06:00:54.667+0000] {logging_mixin.py:137} INFO - [2025-03-11T06:00:54.667+0000] {dag.py:3427} INFO - Setting next_dagrun for dataset_produces_1 to 2025-03-10T00:00:00+00:00, run_after=2025-03-11T00:00:00+00:00
[2025-03-11T06:00:54.669+0000] {logging_mixin.py:137} INFO - [2025-03-11T06:00:54.669+0000] {dag.py:3427} INFO - Setting next_dagrun for dataset_produces_2 to None, run_after=None
[2025-03-11T06:00:54.700+0000] {processor.py:175} INFO - Processing /home/airflow/.local/lib/python3.7/site-packages/airflow/example_dags/example_datasets.py took 0.143 seconds
[2025-03-11T06:01:25.004+0000] {processor.py:153} INFO - Started process (PID=733) to work on /home/airflow/.local/lib/python3.7/site-packages/airflow/example_dags/example_datasets.py
[2025-03-11T06:01:25.006+0000] {processor.py:743} INFO - Processing file /home/airflow/.local/lib/python3.7/site-packages/airflow/example_dags/example_datasets.py for tasks to queue
[2025-03-11T06:01:25.007+0000] {logging_mixin.py:137} INFO - [2025-03-11T06:01:25.006+0000] {dagbag.py:538} INFO - Filling up the DagBag from /home/airflow/.local/lib/python3.7/site-packages/airflow/example_dags/example_datasets.py
[2025-03-11T06:01:25.021+0000] {processor.py:753} INFO - DAG(s) dict_keys(['dataset_consumes_1_and_2', 'dataset_consumes_1_never_scheduled', 'dataset_produces_1', 'dataset_consumes_1', 'dataset_produces_2', 'dataset_consumes_unknown_never_scheduled']) retrieved from /home/airflow/.local/lib/python3.7/site-packages/airflow/example_dags/example_datasets.py
[2025-03-11T06:01:25.065+0000] {logging_mixin.py:137} INFO - [2025-03-11T06:01:25.065+0000] {dag.py:2676} INFO - Sync 6 DAGs
[2025-03-11T06:01:25.087+0000] {logging_mixin.py:137} INFO - [2025-03-11T06:01:25.087+0000] {dag.py:3427} INFO - Setting next_dagrun for dataset_consumes_1 to None, run_after=None
[2025-03-11T06:01:25.090+0000] {logging_mixin.py:137} INFO - [2025-03-11T06:01:25.090+0000] {dag.py:3427} INFO - Setting next_dagrun for dataset_consumes_1_and_2 to None, run_after=None
[2025-03-11T06:01:25.091+0000] {logging_mixin.py:137} INFO - [2025-03-11T06:01:25.091+0000] {dag.py:3427} INFO - Setting next_dagrun for dataset_consumes_1_never_scheduled to None, run_after=None
[2025-03-11T06:01:25.092+0000] {logging_mixin.py:137} INFO - [2025-03-11T06:01:25.092+0000] {dag.py:3427} INFO - Setting next_dagrun for dataset_consumes_unknown_never_scheduled to None, run_after=None
[2025-03-11T06:01:25.096+0000] {logging_mixin.py:137} INFO - [2025-03-11T06:01:25.096+0000] {dag.py:3427} INFO - Setting next_dagrun for dataset_produces_1 to 2025-03-10T00:00:00+00:00, run_after=2025-03-11T00:00:00+00:00
[2025-03-11T06:01:25.100+0000] {logging_mixin.py:137} INFO - [2025-03-11T06:01:25.100+0000] {dag.py:3427} INFO - Setting next_dagrun for dataset_produces_2 to None, run_after=None
[2025-03-11T06:01:25.126+0000] {processor.py:175} INFO - Processing /home/airflow/.local/lib/python3.7/site-packages/airflow/example_dags/example_datasets.py took 0.124 seconds
[2025-03-11T06:01:55.268+0000] {processor.py:153} INFO - Started process (PID=772) to work on /home/airflow/.local/lib/python3.7/site-packages/airflow/example_dags/example_datasets.py
[2025-03-11T06:01:55.269+0000] {processor.py:743} INFO - Processing file /home/airflow/.local/lib/python3.7/site-packages/airflow/example_dags/example_datasets.py for tasks to queue
[2025-03-11T06:01:55.270+0000] {logging_mixin.py:137} INFO - [2025-03-11T06:01:55.270+0000] {dagbag.py:538} INFO - Filling up the DagBag from /home/airflow/.local/lib/python3.7/site-packages/airflow/example_dags/example_datasets.py
[2025-03-11T06:01:55.285+0000] {processor.py:753} INFO - DAG(s) dict_keys(['dataset_consumes_1', 'dataset_produces_2', 'dataset_consumes_1_never_scheduled', 'dataset_produces_1', 'dataset_consumes_1_and_2', 'dataset_consumes_unknown_never_scheduled']) retrieved from /home/airflow/.local/lib/python3.7/site-packages/airflow/example_dags/example_datasets.py
[2025-03-11T06:01:55.330+0000] {logging_mixin.py:137} INFO - [2025-03-11T06:01:55.330+0000] {dag.py:2676} INFO - Sync 6 DAGs
[2025-03-11T06:01:55.350+0000] {logging_mixin.py:137} INFO - [2025-03-11T06:01:55.350+0000] {dag.py:3427} INFO - Setting next_dagrun for dataset_consumes_1 to None, run_after=None
[2025-03-11T06:01:55.354+0000] {logging_mixin.py:137} INFO - [2025-03-11T06:01:55.353+0000] {dag.py:3427} INFO - Setting next_dagrun for dataset_consumes_1_and_2 to None, run_after=None
[2025-03-11T06:01:55.355+0000] {logging_mixin.py:137} INFO - [2025-03-11T06:01:55.354+0000] {dag.py:3427} INFO - Setting next_dagrun for dataset_consumes_1_never_scheduled to None, run_after=None
[2025-03-11T06:01:55.355+0000] {logging_mixin.py:137} INFO - [2025-03-11T06:01:55.355+0000] {dag.py:3427} INFO - Setting next_dagrun for dataset_consumes_unknown_never_scheduled to None, run_after=None
[2025-03-11T06:01:55.358+0000] {logging_mixin.py:137} INFO - [2025-03-11T06:01:55.358+0000] {dag.py:3427} INFO - Setting next_dagrun for dataset_produces_1 to 2025-03-10T00:00:00+00:00, run_after=2025-03-11T00:00:00+00:00
[2025-03-11T06:01:55.360+0000] {logging_mixin.py:137} INFO - [2025-03-11T06:01:55.360+0000] {dag.py:3427} INFO - Setting next_dagrun for dataset_produces_2 to None, run_after=None
[2025-03-11T06:01:55.384+0000] {processor.py:175} INFO - Processing /home/airflow/.local/lib/python3.7/site-packages/airflow/example_dags/example_datasets.py took 0.119 seconds
[2025-03-11T06:02:26.335+0000] {processor.py:153} INFO - Started process (PID=811) to work on /home/airflow/.local/lib/python3.7/site-packages/airflow/example_dags/example_datasets.py
[2025-03-11T06:02:26.336+0000] {processor.py:743} INFO - Processing file /home/airflow/.local/lib/python3.7/site-packages/airflow/example_dags/example_datasets.py for tasks to queue
[2025-03-11T06:02:26.336+0000] {logging_mixin.py:137} INFO - [2025-03-11T06:02:26.336+0000] {dagbag.py:538} INFO - Filling up the DagBag from /home/airflow/.local/lib/python3.7/site-packages/airflow/example_dags/example_datasets.py
[2025-03-11T06:02:26.351+0000] {processor.py:753} INFO - DAG(s) dict_keys(['dataset_consumes_1_and_2', 'dataset_consumes_unknown_never_scheduled', 'dataset_produces_1', 'dataset_consumes_1', 'dataset_produces_2', 'dataset_consumes_1_never_scheduled']) retrieved from /home/airflow/.local/lib/python3.7/site-packages/airflow/example_dags/example_datasets.py
[2025-03-11T06:02:26.390+0000] {logging_mixin.py:137} INFO - [2025-03-11T06:02:26.390+0000] {dag.py:2676} INFO - Sync 6 DAGs
[2025-03-11T06:02:26.411+0000] {logging_mixin.py:137} INFO - [2025-03-11T06:02:26.411+0000] {dag.py:3427} INFO - Setting next_dagrun for dataset_consumes_1 to None, run_after=None
[2025-03-11T06:02:26.414+0000] {logging_mixin.py:137} INFO - [2025-03-11T06:02:26.414+0000] {dag.py:3427} INFO - Setting next_dagrun for dataset_consumes_1_and_2 to None, run_after=None
[2025-03-11T06:02:26.416+0000] {logging_mixin.py:137} INFO - [2025-03-11T06:02:26.415+0000] {dag.py:3427} INFO - Setting next_dagrun for dataset_consumes_1_never_scheduled to None, run_after=None
[2025-03-11T06:02:26.418+0000] {logging_mixin.py:137} INFO - [2025-03-11T06:02:26.418+0000] {dag.py:3427} INFO - Setting next_dagrun for dataset_consumes_unknown_never_scheduled to None, run_after=None
[2025-03-11T06:02:26.421+0000] {logging_mixin.py:137} INFO - [2025-03-11T06:02:26.421+0000] {dag.py:3427} INFO - Setting next_dagrun for dataset_produces_1 to 2025-03-10T00:00:00+00:00, run_after=2025-03-11T00:00:00+00:00
[2025-03-11T06:02:26.422+0000] {logging_mixin.py:137} INFO - [2025-03-11T06:02:26.422+0000] {dag.py:3427} INFO - Setting next_dagrun for dataset_produces_2 to None, run_after=None
[2025-03-11T06:02:26.453+0000] {processor.py:175} INFO - Processing /home/airflow/.local/lib/python3.7/site-packages/airflow/example_dags/example_datasets.py took 0.120 seconds
[2025-03-11T06:02:56.851+0000] {processor.py:153} INFO - Started process (PID=850) to work on /home/airflow/.local/lib/python3.7/site-packages/airflow/example_dags/example_datasets.py
[2025-03-11T06:02:56.853+0000] {processor.py:743} INFO - Processing file /home/airflow/.local/lib/python3.7/site-packages/airflow/example_dags/example_datasets.py for tasks to queue
[2025-03-11T06:02:56.854+0000] {logging_mixin.py:137} INFO - [2025-03-11T06:02:56.854+0000] {dagbag.py:538} INFO - Filling up the DagBag from /home/airflow/.local/lib/python3.7/site-packages/airflow/example_dags/example_datasets.py
[2025-03-11T06:02:56.868+0000] {processor.py:753} INFO - DAG(s) dict_keys(['dataset_produces_2', 'dataset_produces_1', 'dataset_consumes_unknown_never_scheduled', 'dataset_consumes_1_and_2', 'dataset_consumes_1_never_scheduled', 'dataset_consumes_1']) retrieved from /home/airflow/.local/lib/python3.7/site-packages/airflow/example_dags/example_datasets.py
[2025-03-11T06:02:56.914+0000] {logging_mixin.py:137} INFO - [2025-03-11T06:02:56.914+0000] {dag.py:2676} INFO - Sync 6 DAGs
[2025-03-11T06:02:56.936+0000] {logging_mixin.py:137} INFO - [2025-03-11T06:02:56.936+0000] {dag.py:3427} INFO - Setting next_dagrun for dataset_consumes_1 to None, run_after=None
[2025-03-11T06:02:56.942+0000] {logging_mixin.py:137} INFO - [2025-03-11T06:02:56.942+0000] {dag.py:3427} INFO - Setting next_dagrun for dataset_consumes_1_and_2 to None, run_after=None
[2025-03-11T06:02:56.943+0000] {logging_mixin.py:137} INFO - [2025-03-11T06:02:56.943+0000] {dag.py:3427} INFO - Setting next_dagrun for dataset_consumes_1_never_scheduled to None, run_after=None
[2025-03-11T06:02:56.945+0000] {logging_mixin.py:137} INFO - [2025-03-11T06:02:56.945+0000] {dag.py:3427} INFO - Setting next_dagrun for dataset_consumes_unknown_never_scheduled to None, run_after=None
[2025-03-11T06:02:56.948+0000] {logging_mixin.py:137} INFO - [2025-03-11T06:02:56.948+0000] {dag.py:3427} INFO - Setting next_dagrun for dataset_produces_1 to 2025-03-10T00:00:00+00:00, run_after=2025-03-11T00:00:00+00:00
[2025-03-11T06:02:56.949+0000] {logging_mixin.py:137} INFO - [2025-03-11T06:02:56.949+0000] {dag.py:3427} INFO - Setting next_dagrun for dataset_produces_2 to None, run_after=None
[2025-03-11T06:02:56.976+0000] {processor.py:175} INFO - Processing /home/airflow/.local/lib/python3.7/site-packages/airflow/example_dags/example_datasets.py took 0.128 seconds
[2025-03-11T06:03:27.210+0000] {processor.py:153} INFO - Started process (PID=889) to work on /home/airflow/.local/lib/python3.7/site-packages/airflow/example_dags/example_datasets.py
[2025-03-11T06:03:27.211+0000] {processor.py:743} INFO - Processing file /home/airflow/.local/lib/python3.7/site-packages/airflow/example_dags/example_datasets.py for tasks to queue
[2025-03-11T06:03:27.212+0000] {logging_mixin.py:137} INFO - [2025-03-11T06:03:27.212+0000] {dagbag.py:538} INFO - Filling up the DagBag from /home/airflow/.local/lib/python3.7/site-packages/airflow/example_dags/example_datasets.py
[2025-03-11T06:03:27.227+0000] {processor.py:753} INFO - DAG(s) dict_keys(['dataset_produces_2', 'dataset_produces_1', 'dataset_consumes_1_never_scheduled', 'dataset_consumes_1_and_2', 'dataset_consumes_1', 'dataset_consumes_unknown_never_scheduled']) retrieved from /home/airflow/.local/lib/python3.7/site-packages/airflow/example_dags/example_datasets.py
[2025-03-11T06:03:27.272+0000] {logging_mixin.py:137} INFO - [2025-03-11T06:03:27.272+0000] {dag.py:2676} INFO - Sync 6 DAGs
[2025-03-11T06:03:27.298+0000] {logging_mixin.py:137} INFO - [2025-03-11T06:03:27.298+0000] {dag.py:3427} INFO - Setting next_dagrun for dataset_consumes_1 to None, run_after=None
[2025-03-11T06:03:27.301+0000] {logging_mixin.py:137} INFO - [2025-03-11T06:03:27.301+0000] {dag.py:3427} INFO - Setting next_dagrun for dataset_consumes_1_and_2 to None, run_after=None
[2025-03-11T06:03:27.302+0000] {logging_mixin.py:137} INFO - [2025-03-11T06:03:27.302+0000] {dag.py:3427} INFO - Setting next_dagrun for dataset_consumes_1_never_scheduled to None, run_after=None
[2025-03-11T06:03:27.304+0000] {logging_mixin.py:137} INFO - [2025-03-11T06:03:27.303+0000] {dag.py:3427} INFO - Setting next_dagrun for dataset_consumes_unknown_never_scheduled to None, run_after=None
[2025-03-11T06:03:27.307+0000] {logging_mixin.py:137} INFO - [2025-03-11T06:03:27.307+0000] {dag.py:3427} INFO - Setting next_dagrun for dataset_produces_1 to 2025-03-10T00:00:00+00:00, run_after=2025-03-11T00:00:00+00:00
[2025-03-11T06:03:27.309+0000] {logging_mixin.py:137} INFO - [2025-03-11T06:03:27.309+0000] {dag.py:3427} INFO - Setting next_dagrun for dataset_produces_2 to None, run_after=None
[2025-03-11T06:03:27.336+0000] {processor.py:175} INFO - Processing /home/airflow/.local/lib/python3.7/site-packages/airflow/example_dags/example_datasets.py took 0.129 seconds
[2025-03-11T06:03:57.695+0000] {processor.py:153} INFO - Started process (PID=928) to work on /home/airflow/.local/lib/python3.7/site-packages/airflow/example_dags/example_datasets.py
[2025-03-11T06:03:57.695+0000] {processor.py:743} INFO - Processing file /home/airflow/.local/lib/python3.7/site-packages/airflow/example_dags/example_datasets.py for tasks to queue
[2025-03-11T06:03:57.696+0000] {logging_mixin.py:137} INFO - [2025-03-11T06:03:57.696+0000] {dagbag.py:538} INFO - Filling up the DagBag from /home/airflow/.local/lib/python3.7/site-packages/airflow/example_dags/example_datasets.py
[2025-03-11T06:03:57.710+0000] {processor.py:753} INFO - DAG(s) dict_keys(['dataset_produces_1', 'dataset_consumes_1_never_scheduled', 'dataset_consumes_1_and_2', 'dataset_produces_2', 'dataset_consumes_1', 'dataset_consumes_unknown_never_scheduled']) retrieved from /home/airflow/.local/lib/python3.7/site-packages/airflow/example_dags/example_datasets.py
[2025-03-11T06:03:57.752+0000] {logging_mixin.py:137} INFO - [2025-03-11T06:03:57.751+0000] {dag.py:2676} INFO - Sync 6 DAGs
[2025-03-11T06:03:57.773+0000] {logging_mixin.py:137} INFO - [2025-03-11T06:03:57.773+0000] {dag.py:3427} INFO - Setting next_dagrun for dataset_consumes_1 to None, run_after=None
[2025-03-11T06:03:57.776+0000] {logging_mixin.py:137} INFO - [2025-03-11T06:03:57.776+0000] {dag.py:3427} INFO - Setting next_dagrun for dataset_consumes_1_and_2 to None, run_after=None
[2025-03-11T06:03:57.778+0000] {logging_mixin.py:137} INFO - [2025-03-11T06:03:57.778+0000] {dag.py:3427} INFO - Setting next_dagrun for dataset_consumes_1_never_scheduled to None, run_after=None
[2025-03-11T06:03:57.780+0000] {logging_mixin.py:137} INFO - [2025-03-11T06:03:57.780+0000] {dag.py:3427} INFO - Setting next_dagrun for dataset_consumes_unknown_never_scheduled to None, run_after=None
[2025-03-11T06:03:57.783+0000] {logging_mixin.py:137} INFO - [2025-03-11T06:03:57.783+0000] {dag.py:3427} INFO - Setting next_dagrun for dataset_produces_1 to 2025-03-10T00:00:00+00:00, run_after=2025-03-11T00:00:00+00:00
[2025-03-11T06:03:57.784+0000] {logging_mixin.py:137} INFO - [2025-03-11T06:03:57.784+0000] {dag.py:3427} INFO - Setting next_dagrun for dataset_produces_2 to None, run_after=None
[2025-03-11T06:03:57.811+0000] {processor.py:175} INFO - Processing /home/airflow/.local/lib/python3.7/site-packages/airflow/example_dags/example_datasets.py took 0.119 seconds
[2025-03-11T06:04:28.151+0000] {processor.py:153} INFO - Started process (PID=967) to work on /home/airflow/.local/lib/python3.7/site-packages/airflow/example_dags/example_datasets.py
[2025-03-11T06:04:28.152+0000] {processor.py:743} INFO - Processing file /home/airflow/.local/lib/python3.7/site-packages/airflow/example_dags/example_datasets.py for tasks to queue
[2025-03-11T06:04:28.152+0000] {logging_mixin.py:137} INFO - [2025-03-11T06:04:28.152+0000] {dagbag.py:538} INFO - Filling up the DagBag from /home/airflow/.local/lib/python3.7/site-packages/airflow/example_dags/example_datasets.py
[2025-03-11T06:04:28.166+0000] {processor.py:753} INFO - DAG(s) dict_keys(['dataset_produces_1', 'dataset_consumes_unknown_never_scheduled', 'dataset_produces_2', 'dataset_consumes_1', 'dataset_consumes_1_never_scheduled', 'dataset_consumes_1_and_2']) retrieved from /home/airflow/.local/lib/python3.7/site-packages/airflow/example_dags/example_datasets.py
[2025-03-11T06:04:28.208+0000] {logging_mixin.py:137} INFO - [2025-03-11T06:04:28.207+0000] {dag.py:2676} INFO - Sync 6 DAGs
[2025-03-11T06:04:28.228+0000] {logging_mixin.py:137} INFO - [2025-03-11T06:04:28.228+0000] {dag.py:3427} INFO - Setting next_dagrun for dataset_consumes_1 to None, run_after=None
[2025-03-11T06:04:28.231+0000] {logging_mixin.py:137} INFO - [2025-03-11T06:04:28.230+0000] {dag.py:3427} INFO - Setting next_dagrun for dataset_consumes_1_and_2 to None, run_after=None
[2025-03-11T06:04:28.232+0000] {logging_mixin.py:137} INFO - [2025-03-11T06:04:28.232+0000] {dag.py:3427} INFO - Setting next_dagrun for dataset_consumes_1_never_scheduled to None, run_after=None
[2025-03-11T06:04:28.234+0000] {logging_mixin.py:137} INFO - [2025-03-11T06:04:28.234+0000] {dag.py:3427} INFO - Setting next_dagrun for dataset_consumes_unknown_never_scheduled to None, run_after=None
[2025-03-11T06:04:28.238+0000] {logging_mixin.py:137} INFO - [2025-03-11T06:04:28.238+0000] {dag.py:3427} INFO - Setting next_dagrun for dataset_produces_1 to 2025-03-10T00:00:00+00:00, run_after=2025-03-11T00:00:00+00:00
[2025-03-11T06:04:28.239+0000] {logging_mixin.py:137} INFO - [2025-03-11T06:04:28.239+0000] {dag.py:3427} INFO - Setting next_dagrun for dataset_produces_2 to None, run_after=None
[2025-03-11T06:04:28.269+0000] {processor.py:175} INFO - Processing /home/airflow/.local/lib/python3.7/site-packages/airflow/example_dags/example_datasets.py took 0.120 seconds
[2025-03-11T06:04:58.539+0000] {processor.py:153} INFO - Started process (PID=1006) to work on /home/airflow/.local/lib/python3.7/site-packages/airflow/example_dags/example_datasets.py
[2025-03-11T06:04:58.540+0000] {processor.py:743} INFO - Processing file /home/airflow/.local/lib/python3.7/site-packages/airflow/example_dags/example_datasets.py for tasks to queue
[2025-03-11T06:04:58.540+0000] {logging_mixin.py:137} INFO - [2025-03-11T06:04:58.540+0000] {dagbag.py:538} INFO - Filling up the DagBag from /home/airflow/.local/lib/python3.7/site-packages/airflow/example_dags/example_datasets.py
[2025-03-11T06:04:58.556+0000] {processor.py:753} INFO - DAG(s) dict_keys(['dataset_consumes_1_never_scheduled', 'dataset_consumes_1_and_2', 'dataset_produces_1', 'dataset_consumes_unknown_never_scheduled', 'dataset_consumes_1', 'dataset_produces_2']) retrieved from /home/airflow/.local/lib/python3.7/site-packages/airflow/example_dags/example_datasets.py
[2025-03-11T06:04:58.597+0000] {logging_mixin.py:137} INFO - [2025-03-11T06:04:58.597+0000] {dag.py:2676} INFO - Sync 6 DAGs
[2025-03-11T06:04:58.617+0000] {logging_mixin.py:137} INFO - [2025-03-11T06:04:58.617+0000] {dag.py:3427} INFO - Setting next_dagrun for dataset_consumes_1 to None, run_after=None
[2025-03-11T06:04:58.621+0000] {logging_mixin.py:137} INFO - [2025-03-11T06:04:58.621+0000] {dag.py:3427} INFO - Setting next_dagrun for dataset_consumes_1_and_2 to None, run_after=None
[2025-03-11T06:04:58.624+0000] {logging_mixin.py:137} INFO - [2025-03-11T06:04:58.624+0000] {dag.py:3427} INFO - Setting next_dagrun for dataset_consumes_1_never_scheduled to None, run_after=None
[2025-03-11T06:04:58.626+0000] {logging_mixin.py:137} INFO - [2025-03-11T06:04:58.625+0000] {dag.py:3427} INFO - Setting next_dagrun for dataset_consumes_unknown_never_scheduled to None, run_after=None
[2025-03-11T06:04:58.629+0000] {logging_mixin.py:137} INFO - [2025-03-11T06:04:58.629+0000] {dag.py:3427} INFO - Setting next_dagrun for dataset_produces_1 to 2025-03-10T00:00:00+00:00, run_after=2025-03-11T00:00:00+00:00
[2025-03-11T06:04:58.630+0000] {logging_mixin.py:137} INFO - [2025-03-11T06:04:58.630+0000] {dag.py:3427} INFO - Setting next_dagrun for dataset_produces_2 to None, run_after=None
[2025-03-11T06:04:58.657+0000] {processor.py:175} INFO - Processing /home/airflow/.local/lib/python3.7/site-packages/airflow/example_dags/example_datasets.py took 0.121 seconds
[2025-03-11T06:05:28.919+0000] {processor.py:153} INFO - Started process (PID=1045) to work on /home/airflow/.local/lib/python3.7/site-packages/airflow/example_dags/example_datasets.py
[2025-03-11T06:05:28.920+0000] {processor.py:743} INFO - Processing file /home/airflow/.local/lib/python3.7/site-packages/airflow/example_dags/example_datasets.py for tasks to queue
[2025-03-11T06:05:28.920+0000] {logging_mixin.py:137} INFO - [2025-03-11T06:05:28.920+0000] {dagbag.py:538} INFO - Filling up the DagBag from /home/airflow/.local/lib/python3.7/site-packages/airflow/example_dags/example_datasets.py
[2025-03-11T06:05:28.938+0000] {processor.py:753} INFO - DAG(s) dict_keys(['dataset_consumes_1_never_scheduled', 'dataset_produces_2', 'dataset_consumes_unknown_never_scheduled', 'dataset_consumes_1', 'dataset_consumes_1_and_2', 'dataset_produces_1']) retrieved from /home/airflow/.local/lib/python3.7/site-packages/airflow/example_dags/example_datasets.py
[2025-03-11T06:05:28.992+0000] {logging_mixin.py:137} INFO - [2025-03-11T06:05:28.992+0000] {dag.py:2676} INFO - Sync 6 DAGs
[2025-03-11T06:05:29.015+0000] {logging_mixin.py:137} INFO - [2025-03-11T06:05:29.015+0000] {dag.py:3427} INFO - Setting next_dagrun for dataset_consumes_1 to None, run_after=None
[2025-03-11T06:05:29.019+0000] {logging_mixin.py:137} INFO - [2025-03-11T06:05:29.019+0000] {dag.py:3427} INFO - Setting next_dagrun for dataset_consumes_1_and_2 to None, run_after=None
[2025-03-11T06:05:29.022+0000] {logging_mixin.py:137} INFO - [2025-03-11T06:05:29.022+0000] {dag.py:3427} INFO - Setting next_dagrun for dataset_consumes_1_never_scheduled to None, run_after=None
[2025-03-11T06:05:29.026+0000] {logging_mixin.py:137} INFO - [2025-03-11T06:05:29.026+0000] {dag.py:3427} INFO - Setting next_dagrun for dataset_consumes_unknown_never_scheduled to None, run_after=None
[2025-03-11T06:05:29.028+0000] {logging_mixin.py:137} INFO - [2025-03-11T06:05:29.028+0000] {dag.py:3427} INFO - Setting next_dagrun for dataset_produces_1 to 2025-03-10T00:00:00+00:00, run_after=2025-03-11T00:00:00+00:00
[2025-03-11T06:05:29.029+0000] {logging_mixin.py:137} INFO - [2025-03-11T06:05:29.029+0000] {dag.py:3427} INFO - Setting next_dagrun for dataset_produces_2 to None, run_after=None
[2025-03-11T06:05:29.066+0000] {processor.py:175} INFO - Processing /home/airflow/.local/lib/python3.7/site-packages/airflow/example_dags/example_datasets.py took 0.149 seconds
[2025-03-11T06:05:59.483+0000] {processor.py:153} INFO - Started process (PID=1084) to work on /home/airflow/.local/lib/python3.7/site-packages/airflow/example_dags/example_datasets.py
[2025-03-11T06:05:59.484+0000] {processor.py:743} INFO - Processing file /home/airflow/.local/lib/python3.7/site-packages/airflow/example_dags/example_datasets.py for tasks to queue
[2025-03-11T06:05:59.486+0000] {logging_mixin.py:137} INFO - [2025-03-11T06:05:59.486+0000] {dagbag.py:538} INFO - Filling up the DagBag from /home/airflow/.local/lib/python3.7/site-packages/airflow/example_dags/example_datasets.py
[2025-03-11T06:05:59.501+0000] {processor.py:753} INFO - DAG(s) dict_keys(['dataset_produces_2', 'dataset_produces_1', 'dataset_consumes_1_and_2', 'dataset_consumes_1', 'dataset_consumes_unknown_never_scheduled', 'dataset_consumes_1_never_scheduled']) retrieved from /home/airflow/.local/lib/python3.7/site-packages/airflow/example_dags/example_datasets.py
[2025-03-11T06:05:59.550+0000] {logging_mixin.py:137} INFO - [2025-03-11T06:05:59.549+0000] {dag.py:2676} INFO - Sync 6 DAGs
[2025-03-11T06:05:59.572+0000] {logging_mixin.py:137} INFO - [2025-03-11T06:05:59.572+0000] {dag.py:3427} INFO - Setting next_dagrun for dataset_consumes_1 to None, run_after=None
[2025-03-11T06:05:59.575+0000] {logging_mixin.py:137} INFO - [2025-03-11T06:05:59.575+0000] {dag.py:3427} INFO - Setting next_dagrun for dataset_consumes_1_and_2 to None, run_after=None
[2025-03-11T06:05:59.577+0000] {logging_mixin.py:137} INFO - [2025-03-11T06:05:59.577+0000] {dag.py:3427} INFO - Setting next_dagrun for dataset_consumes_1_never_scheduled to None, run_after=None
[2025-03-11T06:05:59.580+0000] {logging_mixin.py:137} INFO - [2025-03-11T06:05:59.579+0000] {dag.py:3427} INFO - Setting next_dagrun for dataset_consumes_unknown_never_scheduled to None, run_after=None
[2025-03-11T06:05:59.583+0000] {logging_mixin.py:137} INFO - [2025-03-11T06:05:59.582+0000] {dag.py:3427} INFO - Setting next_dagrun for dataset_produces_1 to 2025-03-10T00:00:00+00:00, run_after=2025-03-11T00:00:00+00:00
[2025-03-11T06:05:59.584+0000] {logging_mixin.py:137} INFO - [2025-03-11T06:05:59.584+0000] {dag.py:3427} INFO - Setting next_dagrun for dataset_produces_2 to None, run_after=None
[2025-03-11T06:05:59.615+0000] {processor.py:175} INFO - Processing /home/airflow/.local/lib/python3.7/site-packages/airflow/example_dags/example_datasets.py took 0.134 seconds
[2025-03-11T06:06:29.798+0000] {processor.py:153} INFO - Started process (PID=1123) to work on /home/airflow/.local/lib/python3.7/site-packages/airflow/example_dags/example_datasets.py
[2025-03-11T06:06:29.798+0000] {processor.py:743} INFO - Processing file /home/airflow/.local/lib/python3.7/site-packages/airflow/example_dags/example_datasets.py for tasks to queue
[2025-03-11T06:06:29.799+0000] {logging_mixin.py:137} INFO - [2025-03-11T06:06:29.799+0000] {dagbag.py:538} INFO - Filling up the DagBag from /home/airflow/.local/lib/python3.7/site-packages/airflow/example_dags/example_datasets.py
[2025-03-11T06:06:29.814+0000] {processor.py:753} INFO - DAG(s) dict_keys(['dataset_consumes_1_and_2', 'dataset_produces_1', 'dataset_produces_2', 'dataset_consumes_1_never_scheduled', 'dataset_consumes_unknown_never_scheduled', 'dataset_consumes_1']) retrieved from /home/airflow/.local/lib/python3.7/site-packages/airflow/example_dags/example_datasets.py
[2025-03-11T06:06:29.854+0000] {logging_mixin.py:137} INFO - [2025-03-11T06:06:29.854+0000] {dag.py:2676} INFO - Sync 6 DAGs
[2025-03-11T06:06:29.881+0000] {logging_mixin.py:137} INFO - [2025-03-11T06:06:29.881+0000] {dag.py:3427} INFO - Setting next_dagrun for dataset_consumes_1 to None, run_after=None
[2025-03-11T06:06:29.886+0000] {logging_mixin.py:137} INFO - [2025-03-11T06:06:29.885+0000] {dag.py:3427} INFO - Setting next_dagrun for dataset_consumes_1_and_2 to None, run_after=None
[2025-03-11T06:06:29.887+0000] {logging_mixin.py:137} INFO - [2025-03-11T06:06:29.887+0000] {dag.py:3427} INFO - Setting next_dagrun for dataset_consumes_1_never_scheduled to None, run_after=None
[2025-03-11T06:06:29.888+0000] {logging_mixin.py:137} INFO - [2025-03-11T06:06:29.887+0000] {dag.py:3427} INFO - Setting next_dagrun for dataset_consumes_unknown_never_scheduled to None, run_after=None
[2025-03-11T06:06:29.890+0000] {logging_mixin.py:137} INFO - [2025-03-11T06:06:29.890+0000] {dag.py:3427} INFO - Setting next_dagrun for dataset_produces_1 to 2025-03-10T00:00:00+00:00, run_after=2025-03-11T00:00:00+00:00
[2025-03-11T06:06:29.891+0000] {logging_mixin.py:137} INFO - [2025-03-11T06:06:29.891+0000] {dag.py:3427} INFO - Setting next_dagrun for dataset_produces_2 to None, run_after=None
[2025-03-11T06:06:29.919+0000] {processor.py:175} INFO - Processing /home/airflow/.local/lib/python3.7/site-packages/airflow/example_dags/example_datasets.py took 0.124 seconds
[2025-03-11T06:07:00.257+0000] {processor.py:153} INFO - Started process (PID=1162) to work on /home/airflow/.local/lib/python3.7/site-packages/airflow/example_dags/example_datasets.py
[2025-03-11T06:07:00.258+0000] {processor.py:743} INFO - Processing file /home/airflow/.local/lib/python3.7/site-packages/airflow/example_dags/example_datasets.py for tasks to queue
[2025-03-11T06:07:00.258+0000] {logging_mixin.py:137} INFO - [2025-03-11T06:07:00.258+0000] {dagbag.py:538} INFO - Filling up the DagBag from /home/airflow/.local/lib/python3.7/site-packages/airflow/example_dags/example_datasets.py
[2025-03-11T06:07:00.274+0000] {processor.py:753} INFO - DAG(s) dict_keys(['dataset_consumes_unknown_never_scheduled', 'dataset_produces_1', 'dataset_consumes_1', 'dataset_produces_2', 'dataset_consumes_1_and_2', 'dataset_consumes_1_never_scheduled']) retrieved from /home/airflow/.local/lib/python3.7/site-packages/airflow/example_dags/example_datasets.py
[2025-03-11T06:07:00.313+0000] {logging_mixin.py:137} INFO - [2025-03-11T06:07:00.313+0000] {dag.py:2676} INFO - Sync 6 DAGs
[2025-03-11T06:07:00.338+0000] {logging_mixin.py:137} INFO - [2025-03-11T06:07:00.338+0000] {dag.py:3427} INFO - Setting next_dagrun for dataset_consumes_1 to None, run_after=None
[2025-03-11T06:07:00.341+0000] {logging_mixin.py:137} INFO - [2025-03-11T06:07:00.341+0000] {dag.py:3427} INFO - Setting next_dagrun for dataset_consumes_1_and_2 to None, run_after=None
[2025-03-11T06:07:00.343+0000] {logging_mixin.py:137} INFO - [2025-03-11T06:07:00.343+0000] {dag.py:3427} INFO - Setting next_dagrun for dataset_consumes_1_never_scheduled to None, run_after=None
[2025-03-11T06:07:00.344+0000] {logging_mixin.py:137} INFO - [2025-03-11T06:07:00.344+0000] {dag.py:3427} INFO - Setting next_dagrun for dataset_consumes_unknown_never_scheduled to None, run_after=None
[2025-03-11T06:07:00.347+0000] {logging_mixin.py:137} INFO - [2025-03-11T06:07:00.347+0000] {dag.py:3427} INFO - Setting next_dagrun for dataset_produces_1 to 2025-03-10T00:00:00+00:00, run_after=2025-03-11T00:00:00+00:00
[2025-03-11T06:07:00.349+0000] {logging_mixin.py:137} INFO - [2025-03-11T06:07:00.349+0000] {dag.py:3427} INFO - Setting next_dagrun for dataset_produces_2 to None, run_after=None
[2025-03-11T06:07:00.382+0000] {processor.py:175} INFO - Processing /home/airflow/.local/lib/python3.7/site-packages/airflow/example_dags/example_datasets.py took 0.127 seconds
[2025-03-11T06:07:30.693+0000] {processor.py:153} INFO - Started process (PID=1201) to work on /home/airflow/.local/lib/python3.7/site-packages/airflow/example_dags/example_datasets.py
[2025-03-11T06:07:30.694+0000] {processor.py:743} INFO - Processing file /home/airflow/.local/lib/python3.7/site-packages/airflow/example_dags/example_datasets.py for tasks to queue
[2025-03-11T06:07:30.695+0000] {logging_mixin.py:137} INFO - [2025-03-11T06:07:30.695+0000] {dagbag.py:538} INFO - Filling up the DagBag from /home/airflow/.local/lib/python3.7/site-packages/airflow/example_dags/example_datasets.py
[2025-03-11T06:07:30.709+0000] {processor.py:753} INFO - DAG(s) dict_keys(['dataset_consumes_1_and_2', 'dataset_consumes_unknown_never_scheduled', 'dataset_produces_1', 'dataset_consumes_1', 'dataset_consumes_1_never_scheduled', 'dataset_produces_2']) retrieved from /home/airflow/.local/lib/python3.7/site-packages/airflow/example_dags/example_datasets.py
[2025-03-11T06:07:30.756+0000] {logging_mixin.py:137} INFO - [2025-03-11T06:07:30.756+0000] {dag.py:2676} INFO - Sync 6 DAGs
[2025-03-11T06:07:30.776+0000] {logging_mixin.py:137} INFO - [2025-03-11T06:07:30.776+0000] {dag.py:3427} INFO - Setting next_dagrun for dataset_consumes_1 to None, run_after=None
[2025-03-11T06:07:30.779+0000] {logging_mixin.py:137} INFO - [2025-03-11T06:07:30.779+0000] {dag.py:3427} INFO - Setting next_dagrun for dataset_consumes_1_and_2 to None, run_after=None
[2025-03-11T06:07:30.781+0000] {logging_mixin.py:137} INFO - [2025-03-11T06:07:30.781+0000] {dag.py:3427} INFO - Setting next_dagrun for dataset_consumes_1_never_scheduled to None, run_after=None
[2025-03-11T06:07:30.783+0000] {logging_mixin.py:137} INFO - [2025-03-11T06:07:30.783+0000] {dag.py:3427} INFO - Setting next_dagrun for dataset_consumes_unknown_never_scheduled to None, run_after=None
[2025-03-11T06:07:30.786+0000] {logging_mixin.py:137} INFO - [2025-03-11T06:07:30.786+0000] {dag.py:3427} INFO - Setting next_dagrun for dataset_produces_1 to 2025-03-10T00:00:00+00:00, run_after=2025-03-11T00:00:00+00:00
[2025-03-11T06:07:30.787+0000] {logging_mixin.py:137} INFO - [2025-03-11T06:07:30.787+0000] {dag.py:3427} INFO - Setting next_dagrun for dataset_produces_2 to None, run_after=None
[2025-03-11T06:07:30.813+0000] {processor.py:175} INFO - Processing /home/airflow/.local/lib/python3.7/site-packages/airflow/example_dags/example_datasets.py took 0.122 seconds
[2025-03-11T06:08:01.274+0000] {processor.py:153} INFO - Started process (PID=1241) to work on /home/airflow/.local/lib/python3.7/site-packages/airflow/example_dags/example_datasets.py
[2025-03-11T06:08:01.275+0000] {processor.py:743} INFO - Processing file /home/airflow/.local/lib/python3.7/site-packages/airflow/example_dags/example_datasets.py for tasks to queue
[2025-03-11T06:08:01.276+0000] {logging_mixin.py:137} INFO - [2025-03-11T06:08:01.276+0000] {dagbag.py:538} INFO - Filling up the DagBag from /home/airflow/.local/lib/python3.7/site-packages/airflow/example_dags/example_datasets.py
[2025-03-11T06:08:01.292+0000] {processor.py:753} INFO - DAG(s) dict_keys(['dataset_produces_1', 'dataset_consumes_unknown_never_scheduled', 'dataset_consumes_1_and_2', 'dataset_produces_2', 'dataset_consumes_1_never_scheduled', 'dataset_consumes_1']) retrieved from /home/airflow/.local/lib/python3.7/site-packages/airflow/example_dags/example_datasets.py
[2025-03-11T06:08:01.341+0000] {logging_mixin.py:137} INFO - [2025-03-11T06:08:01.341+0000] {dag.py:2676} INFO - Sync 6 DAGs
[2025-03-11T06:08:01.364+0000] {logging_mixin.py:137} INFO - [2025-03-11T06:08:01.363+0000] {dag.py:3427} INFO - Setting next_dagrun for dataset_consumes_1 to None, run_after=None
[2025-03-11T06:08:01.367+0000] {logging_mixin.py:137} INFO - [2025-03-11T06:08:01.367+0000] {dag.py:3427} INFO - Setting next_dagrun for dataset_consumes_1_and_2 to None, run_after=None
[2025-03-11T06:08:01.369+0000] {logging_mixin.py:137} INFO - [2025-03-11T06:08:01.369+0000] {dag.py:3427} INFO - Setting next_dagrun for dataset_consumes_1_never_scheduled to None, run_after=None
[2025-03-11T06:08:01.372+0000] {logging_mixin.py:137} INFO - [2025-03-11T06:08:01.372+0000] {dag.py:3427} INFO - Setting next_dagrun for dataset_consumes_unknown_never_scheduled to None, run_after=None
[2025-03-11T06:08:01.374+0000] {logging_mixin.py:137} INFO - [2025-03-11T06:08:01.374+0000] {dag.py:3427} INFO - Setting next_dagrun for dataset_produces_1 to 2025-03-10T00:00:00+00:00, run_after=2025-03-11T00:00:00+00:00
[2025-03-11T06:08:01.375+0000] {logging_mixin.py:137} INFO - [2025-03-11T06:08:01.375+0000] {dag.py:3427} INFO - Setting next_dagrun for dataset_produces_2 to None, run_after=None
[2025-03-11T06:08:01.412+0000] {processor.py:175} INFO - Processing /home/airflow/.local/lib/python3.7/site-packages/airflow/example_dags/example_datasets.py took 0.139 seconds
[2025-03-11T06:08:31.813+0000] {processor.py:153} INFO - Started process (PID=1280) to work on /home/airflow/.local/lib/python3.7/site-packages/airflow/example_dags/example_datasets.py
[2025-03-11T06:08:31.813+0000] {processor.py:743} INFO - Processing file /home/airflow/.local/lib/python3.7/site-packages/airflow/example_dags/example_datasets.py for tasks to queue
[2025-03-11T06:08:31.814+0000] {logging_mixin.py:137} INFO - [2025-03-11T06:08:31.814+0000] {dagbag.py:538} INFO - Filling up the DagBag from /home/airflow/.local/lib/python3.7/site-packages/airflow/example_dags/example_datasets.py
[2025-03-11T06:08:31.828+0000] {processor.py:753} INFO - DAG(s) dict_keys(['dataset_produces_1', 'dataset_consumes_unknown_never_scheduled', 'dataset_consumes_1', 'dataset_consumes_1_and_2', 'dataset_produces_2', 'dataset_consumes_1_never_scheduled']) retrieved from /home/airflow/.local/lib/python3.7/site-packages/airflow/example_dags/example_datasets.py
[2025-03-11T06:08:31.892+0000] {logging_mixin.py:137} INFO - [2025-03-11T06:08:31.891+0000] {dag.py:2676} INFO - Sync 6 DAGs
[2025-03-11T06:08:31.916+0000] {logging_mixin.py:137} INFO - [2025-03-11T06:08:31.916+0000] {dag.py:3427} INFO - Setting next_dagrun for dataset_consumes_1 to None, run_after=None
[2025-03-11T06:08:31.921+0000] {logging_mixin.py:137} INFO - [2025-03-11T06:08:31.921+0000] {dag.py:3427} INFO - Setting next_dagrun for dataset_consumes_1_and_2 to None, run_after=None
[2025-03-11T06:08:31.923+0000] {logging_mixin.py:137} INFO - [2025-03-11T06:08:31.923+0000] {dag.py:3427} INFO - Setting next_dagrun for dataset_consumes_1_never_scheduled to None, run_after=None
[2025-03-11T06:08:31.924+0000] {logging_mixin.py:137} INFO - [2025-03-11T06:08:31.924+0000] {dag.py:3427} INFO - Setting next_dagrun for dataset_consumes_unknown_never_scheduled to None, run_after=None
[2025-03-11T06:08:31.927+0000] {logging_mixin.py:137} INFO - [2025-03-11T06:08:31.927+0000] {dag.py:3427} INFO - Setting next_dagrun for dataset_produces_1 to 2025-03-10T00:00:00+00:00, run_after=2025-03-11T00:00:00+00:00
[2025-03-11T06:08:31.929+0000] {logging_mixin.py:137} INFO - [2025-03-11T06:08:31.929+0000] {dag.py:3427} INFO - Setting next_dagrun for dataset_produces_2 to None, run_after=None
[2025-03-11T06:08:31.961+0000] {processor.py:175} INFO - Processing /home/airflow/.local/lib/python3.7/site-packages/airflow/example_dags/example_datasets.py took 0.151 seconds
[2025-03-11T06:09:02.364+0000] {processor.py:153} INFO - Started process (PID=1319) to work on /home/airflow/.local/lib/python3.7/site-packages/airflow/example_dags/example_datasets.py
[2025-03-11T06:09:02.365+0000] {processor.py:743} INFO - Processing file /home/airflow/.local/lib/python3.7/site-packages/airflow/example_dags/example_datasets.py for tasks to queue
[2025-03-11T06:09:02.365+0000] {logging_mixin.py:137} INFO - [2025-03-11T06:09:02.365+0000] {dagbag.py:538} INFO - Filling up the DagBag from /home/airflow/.local/lib/python3.7/site-packages/airflow/example_dags/example_datasets.py
[2025-03-11T06:09:02.380+0000] {processor.py:753} INFO - DAG(s) dict_keys(['dataset_consumes_unknown_never_scheduled', 'dataset_consumes_1_and_2', 'dataset_consumes_1_never_scheduled', 'dataset_produces_1', 'dataset_produces_2', 'dataset_consumes_1']) retrieved from /home/airflow/.local/lib/python3.7/site-packages/airflow/example_dags/example_datasets.py
[2025-03-11T06:09:02.424+0000] {logging_mixin.py:137} INFO - [2025-03-11T06:09:02.424+0000] {dag.py:2676} INFO - Sync 6 DAGs
[2025-03-11T06:09:02.445+0000] {logging_mixin.py:137} INFO - [2025-03-11T06:09:02.445+0000] {dag.py:3427} INFO - Setting next_dagrun for dataset_consumes_1 to None, run_after=None
[2025-03-11T06:09:02.448+0000] {logging_mixin.py:137} INFO - [2025-03-11T06:09:02.447+0000] {dag.py:3427} INFO - Setting next_dagrun for dataset_consumes_1_and_2 to None, run_after=None
[2025-03-11T06:09:02.448+0000] {logging_mixin.py:137} INFO - [2025-03-11T06:09:02.448+0000] {dag.py:3427} INFO - Setting next_dagrun for dataset_consumes_1_never_scheduled to None, run_after=None
[2025-03-11T06:09:02.449+0000] {logging_mixin.py:137} INFO - [2025-03-11T06:09:02.449+0000] {dag.py:3427} INFO - Setting next_dagrun for dataset_consumes_unknown_never_scheduled to None, run_after=None
[2025-03-11T06:09:02.452+0000] {logging_mixin.py:137} INFO - [2025-03-11T06:09:02.452+0000] {dag.py:3427} INFO - Setting next_dagrun for dataset_produces_1 to 2025-03-10T00:00:00+00:00, run_after=2025-03-11T00:00:00+00:00
[2025-03-11T06:09:02.453+0000] {logging_mixin.py:137} INFO - [2025-03-11T06:09:02.453+0000] {dag.py:3427} INFO - Setting next_dagrun for dataset_produces_2 to None, run_after=None
[2025-03-11T06:09:02.482+0000] {processor.py:175} INFO - Processing /home/airflow/.local/lib/python3.7/site-packages/airflow/example_dags/example_datasets.py took 0.121 seconds
[2025-03-11T06:09:32.705+0000] {processor.py:153} INFO - Started process (PID=1357) to work on /home/airflow/.local/lib/python3.7/site-packages/airflow/example_dags/example_datasets.py
[2025-03-11T06:09:32.706+0000] {processor.py:743} INFO - Processing file /home/airflow/.local/lib/python3.7/site-packages/airflow/example_dags/example_datasets.py for tasks to queue
[2025-03-11T06:09:32.709+0000] {logging_mixin.py:137} INFO - [2025-03-11T06:09:32.708+0000] {dagbag.py:538} INFO - Filling up the DagBag from /home/airflow/.local/lib/python3.7/site-packages/airflow/example_dags/example_datasets.py
[2025-03-11T06:09:32.724+0000] {processor.py:753} INFO - DAG(s) dict_keys(['dataset_consumes_1', 'dataset_consumes_unknown_never_scheduled', 'dataset_consumes_1_never_scheduled', 'dataset_consumes_1_and_2', 'dataset_produces_1', 'dataset_produces_2']) retrieved from /home/airflow/.local/lib/python3.7/site-packages/airflow/example_dags/example_datasets.py
[2025-03-11T06:09:32.769+0000] {logging_mixin.py:137} INFO - [2025-03-11T06:09:32.769+0000] {dag.py:2676} INFO - Sync 6 DAGs
[2025-03-11T06:09:32.791+0000] {logging_mixin.py:137} INFO - [2025-03-11T06:09:32.791+0000] {dag.py:3427} INFO - Setting next_dagrun for dataset_consumes_1 to None, run_after=None
[2025-03-11T06:09:32.795+0000] {logging_mixin.py:137} INFO - [2025-03-11T06:09:32.795+0000] {dag.py:3427} INFO - Setting next_dagrun for dataset_consumes_1_and_2 to None, run_after=None
[2025-03-11T06:09:32.796+0000] {logging_mixin.py:137} INFO - [2025-03-11T06:09:32.796+0000] {dag.py:3427} INFO - Setting next_dagrun for dataset_consumes_1_never_scheduled to None, run_after=None
[2025-03-11T06:09:32.797+0000] {logging_mixin.py:137} INFO - [2025-03-11T06:09:32.797+0000] {dag.py:3427} INFO - Setting next_dagrun for dataset_consumes_unknown_never_scheduled to None, run_after=None
[2025-03-11T06:09:32.800+0000] {logging_mixin.py:137} INFO - [2025-03-11T06:09:32.799+0000] {dag.py:3427} INFO - Setting next_dagrun for dataset_produces_1 to 2025-03-10T00:00:00+00:00, run_after=2025-03-11T00:00:00+00:00
[2025-03-11T06:09:32.801+0000] {logging_mixin.py:137} INFO - [2025-03-11T06:09:32.801+0000] {dag.py:3427} INFO - Setting next_dagrun for dataset_produces_2 to None, run_after=None
[2025-03-11T06:09:32.827+0000] {processor.py:175} INFO - Processing /home/airflow/.local/lib/python3.7/site-packages/airflow/example_dags/example_datasets.py took 0.123 seconds
[2025-03-11T06:10:03.279+0000] {processor.py:153} INFO - Started process (PID=1396) to work on /home/airflow/.local/lib/python3.7/site-packages/airflow/example_dags/example_datasets.py
[2025-03-11T06:10:03.279+0000] {processor.py:743} INFO - Processing file /home/airflow/.local/lib/python3.7/site-packages/airflow/example_dags/example_datasets.py for tasks to queue
[2025-03-11T06:10:03.280+0000] {logging_mixin.py:137} INFO - [2025-03-11T06:10:03.280+0000] {dagbag.py:538} INFO - Filling up the DagBag from /home/airflow/.local/lib/python3.7/site-packages/airflow/example_dags/example_datasets.py
[2025-03-11T06:10:03.293+0000] {processor.py:753} INFO - DAG(s) dict_keys(['dataset_consumes_1', 'dataset_consumes_1_and_2', 'dataset_consumes_1_never_scheduled', 'dataset_produces_2', 'dataset_consumes_unknown_never_scheduled', 'dataset_produces_1']) retrieved from /home/airflow/.local/lib/python3.7/site-packages/airflow/example_dags/example_datasets.py
[2025-03-11T06:10:03.330+0000] {logging_mixin.py:137} INFO - [2025-03-11T06:10:03.330+0000] {dag.py:2676} INFO - Sync 6 DAGs
[2025-03-11T06:10:03.348+0000] {logging_mixin.py:137} INFO - [2025-03-11T06:10:03.348+0000] {dag.py:3427} INFO - Setting next_dagrun for dataset_consumes_1 to None, run_after=None
[2025-03-11T06:10:03.351+0000] {logging_mixin.py:137} INFO - [2025-03-11T06:10:03.350+0000] {dag.py:3427} INFO - Setting next_dagrun for dataset_consumes_1_and_2 to None, run_after=None
[2025-03-11T06:10:03.351+0000] {logging_mixin.py:137} INFO - [2025-03-11T06:10:03.351+0000] {dag.py:3427} INFO - Setting next_dagrun for dataset_consumes_1_never_scheduled to None, run_after=None
[2025-03-11T06:10:03.352+0000] {logging_mixin.py:137} INFO - [2025-03-11T06:10:03.352+0000] {dag.py:3427} INFO - Setting next_dagrun for dataset_consumes_unknown_never_scheduled to None, run_after=None
[2025-03-11T06:10:03.354+0000] {logging_mixin.py:137} INFO - [2025-03-11T06:10:03.354+0000] {dag.py:3427} INFO - Setting next_dagrun for dataset_produces_1 to 2025-03-10T00:00:00+00:00, run_after=2025-03-11T00:00:00+00:00
[2025-03-11T06:10:03.355+0000] {logging_mixin.py:137} INFO - [2025-03-11T06:10:03.355+0000] {dag.py:3427} INFO - Setting next_dagrun for dataset_produces_2 to None, run_after=None
[2025-03-11T06:10:03.379+0000] {processor.py:175} INFO - Processing /home/airflow/.local/lib/python3.7/site-packages/airflow/example_dags/example_datasets.py took 0.102 seconds
