[2025-03-11T05:52:39.116+0000] {processor.py:153} INFO - Started process (PID=43) to work on /home/airflow/.local/lib/python3.7/site-packages/airflow/example_dags/example_branch_python_dop_operator_3.py
[2025-03-11T05:52:39.117+0000] {processor.py:743} INFO - Processing file /home/airflow/.local/lib/python3.7/site-packages/airflow/example_dags/example_branch_python_dop_operator_3.py for tasks to queue
[2025-03-11T05:52:39.120+0000] {logging_mixin.py:137} INFO - [2025-03-11T05:52:39.118+0000] {dagbag.py:538} INFO - Filling up the DagBag from /home/airflow/.local/lib/python3.7/site-packages/airflow/example_dags/example_branch_python_dop_operator_3.py
[2025-03-11T05:52:39.166+0000] {processor.py:753} INFO - DAG(s) dict_keys(['example_branch_dop_operator_v3']) retrieved from /home/airflow/.local/lib/python3.7/site-packages/airflow/example_dags/example_branch_python_dop_operator_3.py
[2025-03-11T05:52:39.206+0000] {logging_mixin.py:137} INFO - [2025-03-11T05:52:39.206+0000] {dag.py:2676} INFO - Sync 1 DAGs
[2025-03-11T05:52:39.265+0000] {logging_mixin.py:137} INFO - [2025-03-11T05:52:39.265+0000] {dag.py:3427} INFO - Setting next_dagrun for example_branch_dop_operator_v3 to 2025-03-11T05:51:00+00:00, run_after=2025-03-11T05:52:00+00:00
[2025-03-11T05:52:39.488+0000] {processor.py:175} INFO - Processing /home/airflow/.local/lib/python3.7/site-packages/airflow/example_dags/example_branch_python_dop_operator_3.py took 0.375 seconds
[2025-03-11T05:53:10.181+0000] {processor.py:153} INFO - Started process (PID=82) to work on /home/airflow/.local/lib/python3.7/site-packages/airflow/example_dags/example_branch_python_dop_operator_3.py
[2025-03-11T05:53:10.183+0000] {processor.py:743} INFO - Processing file /home/airflow/.local/lib/python3.7/site-packages/airflow/example_dags/example_branch_python_dop_operator_3.py for tasks to queue
[2025-03-11T05:53:10.184+0000] {logging_mixin.py:137} INFO - [2025-03-11T05:53:10.184+0000] {dagbag.py:538} INFO - Filling up the DagBag from /home/airflow/.local/lib/python3.7/site-packages/airflow/example_dags/example_branch_python_dop_operator_3.py
[2025-03-11T05:53:10.220+0000] {processor.py:753} INFO - DAG(s) dict_keys(['example_branch_dop_operator_v3']) retrieved from /home/airflow/.local/lib/python3.7/site-packages/airflow/example_dags/example_branch_python_dop_operator_3.py
[2025-03-11T05:53:10.246+0000] {logging_mixin.py:137} INFO - [2025-03-11T05:53:10.246+0000] {dag.py:2676} INFO - Sync 1 DAGs
[2025-03-11T05:53:10.274+0000] {logging_mixin.py:137} INFO - [2025-03-11T05:53:10.273+0000] {dag.py:3427} INFO - Setting next_dagrun for example_branch_dop_operator_v3 to 2025-03-11T05:52:00+00:00, run_after=2025-03-11T05:53:00+00:00
[2025-03-11T05:53:10.292+0000] {processor.py:175} INFO - Processing /home/airflow/.local/lib/python3.7/site-packages/airflow/example_dags/example_branch_python_dop_operator_3.py took 0.116 seconds
[2025-03-11T05:53:40.832+0000] {processor.py:153} INFO - Started process (PID=121) to work on /home/airflow/.local/lib/python3.7/site-packages/airflow/example_dags/example_branch_python_dop_operator_3.py
[2025-03-11T05:53:40.835+0000] {processor.py:743} INFO - Processing file /home/airflow/.local/lib/python3.7/site-packages/airflow/example_dags/example_branch_python_dop_operator_3.py for tasks to queue
[2025-03-11T05:53:40.836+0000] {logging_mixin.py:137} INFO - [2025-03-11T05:53:40.835+0000] {dagbag.py:538} INFO - Filling up the DagBag from /home/airflow/.local/lib/python3.7/site-packages/airflow/example_dags/example_branch_python_dop_operator_3.py
[2025-03-11T05:53:40.869+0000] {processor.py:753} INFO - DAG(s) dict_keys(['example_branch_dop_operator_v3']) retrieved from /home/airflow/.local/lib/python3.7/site-packages/airflow/example_dags/example_branch_python_dop_operator_3.py
[2025-03-11T05:53:40.908+0000] {logging_mixin.py:137} INFO - [2025-03-11T05:53:40.908+0000] {dag.py:2676} INFO - Sync 1 DAGs
[2025-03-11T05:53:40.935+0000] {logging_mixin.py:137} INFO - [2025-03-11T05:53:40.935+0000] {dag.py:3427} INFO - Setting next_dagrun for example_branch_dop_operator_v3 to 2025-03-11T05:52:00+00:00, run_after=2025-03-11T05:53:00+00:00
[2025-03-11T05:53:40.957+0000] {processor.py:175} INFO - Processing /home/airflow/.local/lib/python3.7/site-packages/airflow/example_dags/example_branch_python_dop_operator_3.py took 0.129 seconds
[2025-03-11T05:54:11.600+0000] {processor.py:153} INFO - Started process (PID=160) to work on /home/airflow/.local/lib/python3.7/site-packages/airflow/example_dags/example_branch_python_dop_operator_3.py
[2025-03-11T05:54:11.601+0000] {processor.py:743} INFO - Processing file /home/airflow/.local/lib/python3.7/site-packages/airflow/example_dags/example_branch_python_dop_operator_3.py for tasks to queue
[2025-03-11T05:54:11.602+0000] {logging_mixin.py:137} INFO - [2025-03-11T05:54:11.602+0000] {dagbag.py:538} INFO - Filling up the DagBag from /home/airflow/.local/lib/python3.7/site-packages/airflow/example_dags/example_branch_python_dop_operator_3.py
[2025-03-11T05:54:11.631+0000] {processor.py:753} INFO - DAG(s) dict_keys(['example_branch_dop_operator_v3']) retrieved from /home/airflow/.local/lib/python3.7/site-packages/airflow/example_dags/example_branch_python_dop_operator_3.py
[2025-03-11T05:54:11.663+0000] {logging_mixin.py:137} INFO - [2025-03-11T05:54:11.662+0000] {dag.py:2676} INFO - Sync 1 DAGs
[2025-03-11T05:54:11.689+0000] {logging_mixin.py:137} INFO - [2025-03-11T05:54:11.689+0000] {dag.py:3427} INFO - Setting next_dagrun for example_branch_dop_operator_v3 to 2025-03-11T05:53:00+00:00, run_after=2025-03-11T05:54:00+00:00
[2025-03-11T05:54:11.709+0000] {processor.py:175} INFO - Processing /home/airflow/.local/lib/python3.7/site-packages/airflow/example_dags/example_branch_python_dop_operator_3.py took 0.114 seconds
[2025-03-11T05:54:41.933+0000] {processor.py:153} INFO - Started process (PID=199) to work on /home/airflow/.local/lib/python3.7/site-packages/airflow/example_dags/example_branch_python_dop_operator_3.py
[2025-03-11T05:54:41.934+0000] {processor.py:743} INFO - Processing file /home/airflow/.local/lib/python3.7/site-packages/airflow/example_dags/example_branch_python_dop_operator_3.py for tasks to queue
[2025-03-11T05:54:41.935+0000] {logging_mixin.py:137} INFO - [2025-03-11T05:54:41.935+0000] {dagbag.py:538} INFO - Filling up the DagBag from /home/airflow/.local/lib/python3.7/site-packages/airflow/example_dags/example_branch_python_dop_operator_3.py
[2025-03-11T05:54:41.969+0000] {processor.py:753} INFO - DAG(s) dict_keys(['example_branch_dop_operator_v3']) retrieved from /home/airflow/.local/lib/python3.7/site-packages/airflow/example_dags/example_branch_python_dop_operator_3.py
[2025-03-11T05:54:42.004+0000] {logging_mixin.py:137} INFO - [2025-03-11T05:54:42.004+0000] {dag.py:2676} INFO - Sync 1 DAGs
[2025-03-11T05:54:42.031+0000] {logging_mixin.py:137} INFO - [2025-03-11T05:54:42.031+0000] {dag.py:3427} INFO - Setting next_dagrun for example_branch_dop_operator_v3 to 2025-03-11T05:53:00+00:00, run_after=2025-03-11T05:54:00+00:00
[2025-03-11T05:54:42.047+0000] {processor.py:175} INFO - Processing /home/airflow/.local/lib/python3.7/site-packages/airflow/example_dags/example_branch_python_dop_operator_3.py took 0.120 seconds
[2025-03-11T05:55:12.294+0000] {processor.py:153} INFO - Started process (PID=238) to work on /home/airflow/.local/lib/python3.7/site-packages/airflow/example_dags/example_branch_python_dop_operator_3.py
[2025-03-11T05:55:12.296+0000] {processor.py:743} INFO - Processing file /home/airflow/.local/lib/python3.7/site-packages/airflow/example_dags/example_branch_python_dop_operator_3.py for tasks to queue
[2025-03-11T05:55:12.297+0000] {logging_mixin.py:137} INFO - [2025-03-11T05:55:12.297+0000] {dagbag.py:538} INFO - Filling up the DagBag from /home/airflow/.local/lib/python3.7/site-packages/airflow/example_dags/example_branch_python_dop_operator_3.py
[2025-03-11T05:55:12.338+0000] {processor.py:753} INFO - DAG(s) dict_keys(['example_branch_dop_operator_v3']) retrieved from /home/airflow/.local/lib/python3.7/site-packages/airflow/example_dags/example_branch_python_dop_operator_3.py
[2025-03-11T05:55:12.378+0000] {logging_mixin.py:137} INFO - [2025-03-11T05:55:12.378+0000] {dag.py:2676} INFO - Sync 1 DAGs
[2025-03-11T05:55:12.408+0000] {logging_mixin.py:137} INFO - [2025-03-11T05:55:12.408+0000] {dag.py:3427} INFO - Setting next_dagrun for example_branch_dop_operator_v3 to 2025-03-11T05:54:00+00:00, run_after=2025-03-11T05:55:00+00:00
[2025-03-11T05:55:12.428+0000] {processor.py:175} INFO - Processing /home/airflow/.local/lib/python3.7/site-packages/airflow/example_dags/example_branch_python_dop_operator_3.py took 0.140 seconds
[2025-03-11T05:55:43.032+0000] {processor.py:153} INFO - Started process (PID=277) to work on /home/airflow/.local/lib/python3.7/site-packages/airflow/example_dags/example_branch_python_dop_operator_3.py
[2025-03-11T05:55:43.034+0000] {processor.py:743} INFO - Processing file /home/airflow/.local/lib/python3.7/site-packages/airflow/example_dags/example_branch_python_dop_operator_3.py for tasks to queue
[2025-03-11T05:55:43.035+0000] {logging_mixin.py:137} INFO - [2025-03-11T05:55:43.035+0000] {dagbag.py:538} INFO - Filling up the DagBag from /home/airflow/.local/lib/python3.7/site-packages/airflow/example_dags/example_branch_python_dop_operator_3.py
[2025-03-11T05:55:43.069+0000] {processor.py:753} INFO - DAG(s) dict_keys(['example_branch_dop_operator_v3']) retrieved from /home/airflow/.local/lib/python3.7/site-packages/airflow/example_dags/example_branch_python_dop_operator_3.py
[2025-03-11T05:55:43.109+0000] {logging_mixin.py:137} INFO - [2025-03-11T05:55:43.109+0000] {dag.py:2676} INFO - Sync 1 DAGs
[2025-03-11T05:55:43.138+0000] {logging_mixin.py:137} INFO - [2025-03-11T05:55:43.138+0000] {dag.py:3427} INFO - Setting next_dagrun for example_branch_dop_operator_v3 to 2025-03-11T05:54:00+00:00, run_after=2025-03-11T05:55:00+00:00
[2025-03-11T05:55:43.159+0000] {processor.py:175} INFO - Processing /home/airflow/.local/lib/python3.7/site-packages/airflow/example_dags/example_branch_python_dop_operator_3.py took 0.132 seconds
[2025-03-11T05:56:13.430+0000] {processor.py:153} INFO - Started process (PID=316) to work on /home/airflow/.local/lib/python3.7/site-packages/airflow/example_dags/example_branch_python_dop_operator_3.py
[2025-03-11T05:56:13.432+0000] {processor.py:743} INFO - Processing file /home/airflow/.local/lib/python3.7/site-packages/airflow/example_dags/example_branch_python_dop_operator_3.py for tasks to queue
[2025-03-11T05:56:13.435+0000] {logging_mixin.py:137} INFO - [2025-03-11T05:56:13.435+0000] {dagbag.py:538} INFO - Filling up the DagBag from /home/airflow/.local/lib/python3.7/site-packages/airflow/example_dags/example_branch_python_dop_operator_3.py
[2025-03-11T05:56:13.470+0000] {processor.py:753} INFO - DAG(s) dict_keys(['example_branch_dop_operator_v3']) retrieved from /home/airflow/.local/lib/python3.7/site-packages/airflow/example_dags/example_branch_python_dop_operator_3.py
[2025-03-11T05:56:13.506+0000] {logging_mixin.py:137} INFO - [2025-03-11T05:56:13.506+0000] {dag.py:2676} INFO - Sync 1 DAGs
[2025-03-11T05:56:13.532+0000] {logging_mixin.py:137} INFO - [2025-03-11T05:56:13.532+0000] {dag.py:3427} INFO - Setting next_dagrun for example_branch_dop_operator_v3 to 2025-03-11T05:55:00+00:00, run_after=2025-03-11T05:56:00+00:00
[2025-03-11T05:56:13.551+0000] {processor.py:175} INFO - Processing /home/airflow/.local/lib/python3.7/site-packages/airflow/example_dags/example_branch_python_dop_operator_3.py took 0.128 seconds
[2025-03-11T05:56:43.753+0000] {processor.py:153} INFO - Started process (PID=355) to work on /home/airflow/.local/lib/python3.7/site-packages/airflow/example_dags/example_branch_python_dop_operator_3.py
[2025-03-11T05:56:43.756+0000] {processor.py:743} INFO - Processing file /home/airflow/.local/lib/python3.7/site-packages/airflow/example_dags/example_branch_python_dop_operator_3.py for tasks to queue
[2025-03-11T05:56:43.758+0000] {logging_mixin.py:137} INFO - [2025-03-11T05:56:43.758+0000] {dagbag.py:538} INFO - Filling up the DagBag from /home/airflow/.local/lib/python3.7/site-packages/airflow/example_dags/example_branch_python_dop_operator_3.py
[2025-03-11T05:56:43.788+0000] {processor.py:753} INFO - DAG(s) dict_keys(['example_branch_dop_operator_v3']) retrieved from /home/airflow/.local/lib/python3.7/site-packages/airflow/example_dags/example_branch_python_dop_operator_3.py
[2025-03-11T05:56:43.819+0000] {logging_mixin.py:137} INFO - [2025-03-11T05:56:43.819+0000] {dag.py:2676} INFO - Sync 1 DAGs
[2025-03-11T05:56:43.842+0000] {logging_mixin.py:137} INFO - [2025-03-11T05:56:43.842+0000] {dag.py:3427} INFO - Setting next_dagrun for example_branch_dop_operator_v3 to 2025-03-11T05:55:00+00:00, run_after=2025-03-11T05:56:00+00:00
[2025-03-11T05:56:43.860+0000] {processor.py:175} INFO - Processing /home/airflow/.local/lib/python3.7/site-packages/airflow/example_dags/example_branch_python_dop_operator_3.py took 0.111 seconds
[2025-03-11T05:57:14.195+0000] {processor.py:153} INFO - Started process (PID=394) to work on /home/airflow/.local/lib/python3.7/site-packages/airflow/example_dags/example_branch_python_dop_operator_3.py
[2025-03-11T05:57:14.197+0000] {processor.py:743} INFO - Processing file /home/airflow/.local/lib/python3.7/site-packages/airflow/example_dags/example_branch_python_dop_operator_3.py for tasks to queue
[2025-03-11T05:57:14.200+0000] {logging_mixin.py:137} INFO - [2025-03-11T05:57:14.200+0000] {dagbag.py:538} INFO - Filling up the DagBag from /home/airflow/.local/lib/python3.7/site-packages/airflow/example_dags/example_branch_python_dop_operator_3.py
[2025-03-11T05:57:14.232+0000] {processor.py:753} INFO - DAG(s) dict_keys(['example_branch_dop_operator_v3']) retrieved from /home/airflow/.local/lib/python3.7/site-packages/airflow/example_dags/example_branch_python_dop_operator_3.py
[2025-03-11T05:57:14.264+0000] {logging_mixin.py:137} INFO - [2025-03-11T05:57:14.264+0000] {dag.py:2676} INFO - Sync 1 DAGs
[2025-03-11T05:57:14.290+0000] {logging_mixin.py:137} INFO - [2025-03-11T05:57:14.290+0000] {dag.py:3427} INFO - Setting next_dagrun for example_branch_dop_operator_v3 to 2025-03-11T05:56:00+00:00, run_after=2025-03-11T05:57:00+00:00
[2025-03-11T05:57:14.306+0000] {processor.py:175} INFO - Processing /home/airflow/.local/lib/python3.7/site-packages/airflow/example_dags/example_branch_python_dop_operator_3.py took 0.115 seconds
[2025-03-11T05:57:44.635+0000] {processor.py:153} INFO - Started process (PID=433) to work on /home/airflow/.local/lib/python3.7/site-packages/airflow/example_dags/example_branch_python_dop_operator_3.py
[2025-03-11T05:57:44.636+0000] {processor.py:743} INFO - Processing file /home/airflow/.local/lib/python3.7/site-packages/airflow/example_dags/example_branch_python_dop_operator_3.py for tasks to queue
[2025-03-11T05:57:44.637+0000] {logging_mixin.py:137} INFO - [2025-03-11T05:57:44.637+0000] {dagbag.py:538} INFO - Filling up the DagBag from /home/airflow/.local/lib/python3.7/site-packages/airflow/example_dags/example_branch_python_dop_operator_3.py
[2025-03-11T05:57:44.669+0000] {processor.py:753} INFO - DAG(s) dict_keys(['example_branch_dop_operator_v3']) retrieved from /home/airflow/.local/lib/python3.7/site-packages/airflow/example_dags/example_branch_python_dop_operator_3.py
[2025-03-11T05:57:44.702+0000] {logging_mixin.py:137} INFO - [2025-03-11T05:57:44.702+0000] {dag.py:2676} INFO - Sync 1 DAGs
[2025-03-11T05:57:44.728+0000] {logging_mixin.py:137} INFO - [2025-03-11T05:57:44.728+0000] {dag.py:3427} INFO - Setting next_dagrun for example_branch_dop_operator_v3 to 2025-03-11T05:56:00+00:00, run_after=2025-03-11T05:57:00+00:00
[2025-03-11T05:57:44.744+0000] {processor.py:175} INFO - Processing /home/airflow/.local/lib/python3.7/site-packages/airflow/example_dags/example_branch_python_dop_operator_3.py took 0.114 seconds
[2025-03-11T05:58:15.211+0000] {processor.py:153} INFO - Started process (PID=472) to work on /home/airflow/.local/lib/python3.7/site-packages/airflow/example_dags/example_branch_python_dop_operator_3.py
[2025-03-11T05:58:15.213+0000] {processor.py:743} INFO - Processing file /home/airflow/.local/lib/python3.7/site-packages/airflow/example_dags/example_branch_python_dop_operator_3.py for tasks to queue
[2025-03-11T05:58:15.215+0000] {logging_mixin.py:137} INFO - [2025-03-11T05:58:15.215+0000] {dagbag.py:538} INFO - Filling up the DagBag from /home/airflow/.local/lib/python3.7/site-packages/airflow/example_dags/example_branch_python_dop_operator_3.py
[2025-03-11T05:58:15.254+0000] {processor.py:753} INFO - DAG(s) dict_keys(['example_branch_dop_operator_v3']) retrieved from /home/airflow/.local/lib/python3.7/site-packages/airflow/example_dags/example_branch_python_dop_operator_3.py
[2025-03-11T05:58:15.292+0000] {logging_mixin.py:137} INFO - [2025-03-11T05:58:15.292+0000] {dag.py:2676} INFO - Sync 1 DAGs
[2025-03-11T05:58:15.316+0000] {logging_mixin.py:137} INFO - [2025-03-11T05:58:15.316+0000] {dag.py:3427} INFO - Setting next_dagrun for example_branch_dop_operator_v3 to 2025-03-11T05:57:00+00:00, run_after=2025-03-11T05:58:00+00:00
[2025-03-11T05:58:15.331+0000] {processor.py:175} INFO - Processing /home/airflow/.local/lib/python3.7/site-packages/airflow/example_dags/example_branch_python_dop_operator_3.py took 0.125 seconds
[2025-03-11T05:58:45.617+0000] {processor.py:153} INFO - Started process (PID=511) to work on /home/airflow/.local/lib/python3.7/site-packages/airflow/example_dags/example_branch_python_dop_operator_3.py
[2025-03-11T05:58:45.619+0000] {processor.py:743} INFO - Processing file /home/airflow/.local/lib/python3.7/site-packages/airflow/example_dags/example_branch_python_dop_operator_3.py for tasks to queue
[2025-03-11T05:58:45.620+0000] {logging_mixin.py:137} INFO - [2025-03-11T05:58:45.620+0000] {dagbag.py:538} INFO - Filling up the DagBag from /home/airflow/.local/lib/python3.7/site-packages/airflow/example_dags/example_branch_python_dop_operator_3.py
[2025-03-11T05:58:45.655+0000] {processor.py:753} INFO - DAG(s) dict_keys(['example_branch_dop_operator_v3']) retrieved from /home/airflow/.local/lib/python3.7/site-packages/airflow/example_dags/example_branch_python_dop_operator_3.py
[2025-03-11T05:58:45.690+0000] {logging_mixin.py:137} INFO - [2025-03-11T05:58:45.690+0000] {dag.py:2676} INFO - Sync 1 DAGs
[2025-03-11T05:58:45.717+0000] {logging_mixin.py:137} INFO - [2025-03-11T05:58:45.716+0000] {dag.py:3427} INFO - Setting next_dagrun for example_branch_dop_operator_v3 to 2025-03-11T05:57:00+00:00, run_after=2025-03-11T05:58:00+00:00
[2025-03-11T05:58:45.734+0000] {processor.py:175} INFO - Processing /home/airflow/.local/lib/python3.7/site-packages/airflow/example_dags/example_branch_python_dop_operator_3.py took 0.121 seconds
[2025-03-11T05:59:16.155+0000] {processor.py:153} INFO - Started process (PID=550) to work on /home/airflow/.local/lib/python3.7/site-packages/airflow/example_dags/example_branch_python_dop_operator_3.py
[2025-03-11T05:59:16.156+0000] {processor.py:743} INFO - Processing file /home/airflow/.local/lib/python3.7/site-packages/airflow/example_dags/example_branch_python_dop_operator_3.py for tasks to queue
[2025-03-11T05:59:16.158+0000] {logging_mixin.py:137} INFO - [2025-03-11T05:59:16.158+0000] {dagbag.py:538} INFO - Filling up the DagBag from /home/airflow/.local/lib/python3.7/site-packages/airflow/example_dags/example_branch_python_dop_operator_3.py
[2025-03-11T05:59:16.191+0000] {processor.py:753} INFO - DAG(s) dict_keys(['example_branch_dop_operator_v3']) retrieved from /home/airflow/.local/lib/python3.7/site-packages/airflow/example_dags/example_branch_python_dop_operator_3.py
[2025-03-11T05:59:16.229+0000] {logging_mixin.py:137} INFO - [2025-03-11T05:59:16.229+0000] {dag.py:2676} INFO - Sync 1 DAGs
[2025-03-11T05:59:16.257+0000] {logging_mixin.py:137} INFO - [2025-03-11T05:59:16.257+0000] {dag.py:3427} INFO - Setting next_dagrun for example_branch_dop_operator_v3 to 2025-03-11T05:58:00+00:00, run_after=2025-03-11T05:59:00+00:00
[2025-03-11T05:59:16.274+0000] {processor.py:175} INFO - Processing /home/airflow/.local/lib/python3.7/site-packages/airflow/example_dags/example_branch_python_dop_operator_3.py took 0.124 seconds
[2025-03-11T05:59:46.742+0000] {processor.py:153} INFO - Started process (PID=589) to work on /home/airflow/.local/lib/python3.7/site-packages/airflow/example_dags/example_branch_python_dop_operator_3.py
[2025-03-11T05:59:46.746+0000] {processor.py:743} INFO - Processing file /home/airflow/.local/lib/python3.7/site-packages/airflow/example_dags/example_branch_python_dop_operator_3.py for tasks to queue
[2025-03-11T05:59:46.747+0000] {logging_mixin.py:137} INFO - [2025-03-11T05:59:46.747+0000] {dagbag.py:538} INFO - Filling up the DagBag from /home/airflow/.local/lib/python3.7/site-packages/airflow/example_dags/example_branch_python_dop_operator_3.py
[2025-03-11T05:59:46.777+0000] {processor.py:753} INFO - DAG(s) dict_keys(['example_branch_dop_operator_v3']) retrieved from /home/airflow/.local/lib/python3.7/site-packages/airflow/example_dags/example_branch_python_dop_operator_3.py
[2025-03-11T05:59:46.816+0000] {logging_mixin.py:137} INFO - [2025-03-11T05:59:46.816+0000] {dag.py:2676} INFO - Sync 1 DAGs
[2025-03-11T05:59:46.846+0000] {logging_mixin.py:137} INFO - [2025-03-11T05:59:46.846+0000] {dag.py:3427} INFO - Setting next_dagrun for example_branch_dop_operator_v3 to 2025-03-11T05:58:00+00:00, run_after=2025-03-11T05:59:00+00:00
[2025-03-11T05:59:46.863+0000] {processor.py:175} INFO - Processing /home/airflow/.local/lib/python3.7/site-packages/airflow/example_dags/example_branch_python_dop_operator_3.py took 0.126 seconds
[2025-03-11T06:00:17.268+0000] {processor.py:153} INFO - Started process (PID=628) to work on /home/airflow/.local/lib/python3.7/site-packages/airflow/example_dags/example_branch_python_dop_operator_3.py
[2025-03-11T06:00:17.270+0000] {processor.py:743} INFO - Processing file /home/airflow/.local/lib/python3.7/site-packages/airflow/example_dags/example_branch_python_dop_operator_3.py for tasks to queue
[2025-03-11T06:00:17.272+0000] {logging_mixin.py:137} INFO - [2025-03-11T06:00:17.271+0000] {dagbag.py:538} INFO - Filling up the DagBag from /home/airflow/.local/lib/python3.7/site-packages/airflow/example_dags/example_branch_python_dop_operator_3.py
[2025-03-11T06:00:17.304+0000] {processor.py:753} INFO - DAG(s) dict_keys(['example_branch_dop_operator_v3']) retrieved from /home/airflow/.local/lib/python3.7/site-packages/airflow/example_dags/example_branch_python_dop_operator_3.py
[2025-03-11T06:00:17.339+0000] {logging_mixin.py:137} INFO - [2025-03-11T06:00:17.339+0000] {dag.py:2676} INFO - Sync 1 DAGs
[2025-03-11T06:00:17.364+0000] {logging_mixin.py:137} INFO - [2025-03-11T06:00:17.364+0000] {dag.py:3427} INFO - Setting next_dagrun for example_branch_dop_operator_v3 to 2025-03-11T05:59:00+00:00, run_after=2025-03-11T06:00:00+00:00
[2025-03-11T06:00:17.383+0000] {processor.py:175} INFO - Processing /home/airflow/.local/lib/python3.7/site-packages/airflow/example_dags/example_branch_python_dop_operator_3.py took 0.119 seconds
[2025-03-11T06:00:47.923+0000] {processor.py:153} INFO - Started process (PID=667) to work on /home/airflow/.local/lib/python3.7/site-packages/airflow/example_dags/example_branch_python_dop_operator_3.py
[2025-03-11T06:00:47.925+0000] {processor.py:743} INFO - Processing file /home/airflow/.local/lib/python3.7/site-packages/airflow/example_dags/example_branch_python_dop_operator_3.py for tasks to queue
[2025-03-11T06:00:47.927+0000] {logging_mixin.py:137} INFO - [2025-03-11T06:00:47.927+0000] {dagbag.py:538} INFO - Filling up the DagBag from /home/airflow/.local/lib/python3.7/site-packages/airflow/example_dags/example_branch_python_dop_operator_3.py
[2025-03-11T06:00:47.960+0000] {processor.py:753} INFO - DAG(s) dict_keys(['example_branch_dop_operator_v3']) retrieved from /home/airflow/.local/lib/python3.7/site-packages/airflow/example_dags/example_branch_python_dop_operator_3.py
[2025-03-11T06:00:47.993+0000] {logging_mixin.py:137} INFO - [2025-03-11T06:00:47.993+0000] {dag.py:2676} INFO - Sync 1 DAGs
[2025-03-11T06:00:48.021+0000] {logging_mixin.py:137} INFO - [2025-03-11T06:00:48.020+0000] {dag.py:3427} INFO - Setting next_dagrun for example_branch_dop_operator_v3 to 2025-03-11T05:59:00+00:00, run_after=2025-03-11T06:00:00+00:00
[2025-03-11T06:00:48.038+0000] {processor.py:175} INFO - Processing /home/airflow/.local/lib/python3.7/site-packages/airflow/example_dags/example_branch_python_dop_operator_3.py took 0.119 seconds
[2025-03-11T06:01:18.450+0000] {processor.py:153} INFO - Started process (PID=706) to work on /home/airflow/.local/lib/python3.7/site-packages/airflow/example_dags/example_branch_python_dop_operator_3.py
[2025-03-11T06:01:18.452+0000] {processor.py:743} INFO - Processing file /home/airflow/.local/lib/python3.7/site-packages/airflow/example_dags/example_branch_python_dop_operator_3.py for tasks to queue
[2025-03-11T06:01:18.454+0000] {logging_mixin.py:137} INFO - [2025-03-11T06:01:18.454+0000] {dagbag.py:538} INFO - Filling up the DagBag from /home/airflow/.local/lib/python3.7/site-packages/airflow/example_dags/example_branch_python_dop_operator_3.py
[2025-03-11T06:01:18.484+0000] {processor.py:753} INFO - DAG(s) dict_keys(['example_branch_dop_operator_v3']) retrieved from /home/airflow/.local/lib/python3.7/site-packages/airflow/example_dags/example_branch_python_dop_operator_3.py
[2025-03-11T06:01:18.519+0000] {logging_mixin.py:137} INFO - [2025-03-11T06:01:18.519+0000] {dag.py:2676} INFO - Sync 1 DAGs
[2025-03-11T06:01:18.545+0000] {logging_mixin.py:137} INFO - [2025-03-11T06:01:18.544+0000] {dag.py:3427} INFO - Setting next_dagrun for example_branch_dop_operator_v3 to 2025-03-11T06:00:00+00:00, run_after=2025-03-11T06:01:00+00:00
[2025-03-11T06:01:18.562+0000] {processor.py:175} INFO - Processing /home/airflow/.local/lib/python3.7/site-packages/airflow/example_dags/example_branch_python_dop_operator_3.py took 0.116 seconds
[2025-03-11T06:01:48.818+0000] {processor.py:153} INFO - Started process (PID=745) to work on /home/airflow/.local/lib/python3.7/site-packages/airflow/example_dags/example_branch_python_dop_operator_3.py
[2025-03-11T06:01:48.820+0000] {processor.py:743} INFO - Processing file /home/airflow/.local/lib/python3.7/site-packages/airflow/example_dags/example_branch_python_dop_operator_3.py for tasks to queue
[2025-03-11T06:01:48.822+0000] {logging_mixin.py:137} INFO - [2025-03-11T06:01:48.821+0000] {dagbag.py:538} INFO - Filling up the DagBag from /home/airflow/.local/lib/python3.7/site-packages/airflow/example_dags/example_branch_python_dop_operator_3.py
[2025-03-11T06:01:48.857+0000] {processor.py:753} INFO - DAG(s) dict_keys(['example_branch_dop_operator_v3']) retrieved from /home/airflow/.local/lib/python3.7/site-packages/airflow/example_dags/example_branch_python_dop_operator_3.py
[2025-03-11T06:01:48.892+0000] {logging_mixin.py:137} INFO - [2025-03-11T06:01:48.891+0000] {dag.py:2676} INFO - Sync 1 DAGs
[2025-03-11T06:01:48.916+0000] {logging_mixin.py:137} INFO - [2025-03-11T06:01:48.915+0000] {dag.py:3427} INFO - Setting next_dagrun for example_branch_dop_operator_v3 to 2025-03-11T06:00:00+00:00, run_after=2025-03-11T06:01:00+00:00
[2025-03-11T06:01:48.931+0000] {processor.py:175} INFO - Processing /home/airflow/.local/lib/python3.7/site-packages/airflow/example_dags/example_branch_python_dop_operator_3.py took 0.117 seconds
[2025-03-11T06:02:19.395+0000] {processor.py:153} INFO - Started process (PID=784) to work on /home/airflow/.local/lib/python3.7/site-packages/airflow/example_dags/example_branch_python_dop_operator_3.py
[2025-03-11T06:02:19.397+0000] {processor.py:743} INFO - Processing file /home/airflow/.local/lib/python3.7/site-packages/airflow/example_dags/example_branch_python_dop_operator_3.py for tasks to queue
[2025-03-11T06:02:19.398+0000] {logging_mixin.py:137} INFO - [2025-03-11T06:02:19.398+0000] {dagbag.py:538} INFO - Filling up the DagBag from /home/airflow/.local/lib/python3.7/site-packages/airflow/example_dags/example_branch_python_dop_operator_3.py
[2025-03-11T06:02:19.434+0000] {processor.py:753} INFO - DAG(s) dict_keys(['example_branch_dop_operator_v3']) retrieved from /home/airflow/.local/lib/python3.7/site-packages/airflow/example_dags/example_branch_python_dop_operator_3.py
[2025-03-11T06:02:19.483+0000] {logging_mixin.py:137} INFO - [2025-03-11T06:02:19.483+0000] {dag.py:2676} INFO - Sync 1 DAGs
[2025-03-11T06:02:19.517+0000] {logging_mixin.py:137} INFO - [2025-03-11T06:02:19.517+0000] {dag.py:3427} INFO - Setting next_dagrun for example_branch_dop_operator_v3 to 2025-03-11T06:01:00+00:00, run_after=2025-03-11T06:02:00+00:00
[2025-03-11T06:02:19.543+0000] {processor.py:175} INFO - Processing /home/airflow/.local/lib/python3.7/site-packages/airflow/example_dags/example_branch_python_dop_operator_3.py took 0.151 seconds
[2025-03-11T06:02:50.260+0000] {processor.py:153} INFO - Started process (PID=823) to work on /home/airflow/.local/lib/python3.7/site-packages/airflow/example_dags/example_branch_python_dop_operator_3.py
[2025-03-11T06:02:50.261+0000] {processor.py:743} INFO - Processing file /home/airflow/.local/lib/python3.7/site-packages/airflow/example_dags/example_branch_python_dop_operator_3.py for tasks to queue
[2025-03-11T06:02:50.262+0000] {logging_mixin.py:137} INFO - [2025-03-11T06:02:50.262+0000] {dagbag.py:538} INFO - Filling up the DagBag from /home/airflow/.local/lib/python3.7/site-packages/airflow/example_dags/example_branch_python_dop_operator_3.py
[2025-03-11T06:02:50.294+0000] {processor.py:753} INFO - DAG(s) dict_keys(['example_branch_dop_operator_v3']) retrieved from /home/airflow/.local/lib/python3.7/site-packages/airflow/example_dags/example_branch_python_dop_operator_3.py
[2025-03-11T06:02:50.329+0000] {logging_mixin.py:137} INFO - [2025-03-11T06:02:50.329+0000] {dag.py:2676} INFO - Sync 1 DAGs
[2025-03-11T06:02:50.354+0000] {logging_mixin.py:137} INFO - [2025-03-11T06:02:50.354+0000] {dag.py:3427} INFO - Setting next_dagrun for example_branch_dop_operator_v3 to 2025-03-11T06:01:00+00:00, run_after=2025-03-11T06:02:00+00:00
[2025-03-11T06:02:50.369+0000] {processor.py:175} INFO - Processing /home/airflow/.local/lib/python3.7/site-packages/airflow/example_dags/example_branch_python_dop_operator_3.py took 0.113 seconds
[2025-03-11T06:03:20.666+0000] {processor.py:153} INFO - Started process (PID=862) to work on /home/airflow/.local/lib/python3.7/site-packages/airflow/example_dags/example_branch_python_dop_operator_3.py
[2025-03-11T06:03:20.668+0000] {processor.py:743} INFO - Processing file /home/airflow/.local/lib/python3.7/site-packages/airflow/example_dags/example_branch_python_dop_operator_3.py for tasks to queue
[2025-03-11T06:03:20.671+0000] {logging_mixin.py:137} INFO - [2025-03-11T06:03:20.671+0000] {dagbag.py:538} INFO - Filling up the DagBag from /home/airflow/.local/lib/python3.7/site-packages/airflow/example_dags/example_branch_python_dop_operator_3.py
[2025-03-11T06:03:20.703+0000] {processor.py:753} INFO - DAG(s) dict_keys(['example_branch_dop_operator_v3']) retrieved from /home/airflow/.local/lib/python3.7/site-packages/airflow/example_dags/example_branch_python_dop_operator_3.py
[2025-03-11T06:03:20.738+0000] {logging_mixin.py:137} INFO - [2025-03-11T06:03:20.738+0000] {dag.py:2676} INFO - Sync 1 DAGs
[2025-03-11T06:03:20.763+0000] {logging_mixin.py:137} INFO - [2025-03-11T06:03:20.763+0000] {dag.py:3427} INFO - Setting next_dagrun for example_branch_dop_operator_v3 to 2025-03-11T06:02:00+00:00, run_after=2025-03-11T06:03:00+00:00
[2025-03-11T06:03:20.779+0000] {processor.py:175} INFO - Processing /home/airflow/.local/lib/python3.7/site-packages/airflow/example_dags/example_branch_python_dop_operator_3.py took 0.117 seconds
[2025-03-11T06:03:51.053+0000] {processor.py:153} INFO - Started process (PID=901) to work on /home/airflow/.local/lib/python3.7/site-packages/airflow/example_dags/example_branch_python_dop_operator_3.py
[2025-03-11T06:03:51.054+0000] {processor.py:743} INFO - Processing file /home/airflow/.local/lib/python3.7/site-packages/airflow/example_dags/example_branch_python_dop_operator_3.py for tasks to queue
[2025-03-11T06:03:51.055+0000] {logging_mixin.py:137} INFO - [2025-03-11T06:03:51.055+0000] {dagbag.py:538} INFO - Filling up the DagBag from /home/airflow/.local/lib/python3.7/site-packages/airflow/example_dags/example_branch_python_dop_operator_3.py
[2025-03-11T06:03:51.092+0000] {processor.py:753} INFO - DAG(s) dict_keys(['example_branch_dop_operator_v3']) retrieved from /home/airflow/.local/lib/python3.7/site-packages/airflow/example_dags/example_branch_python_dop_operator_3.py
[2025-03-11T06:03:51.131+0000] {logging_mixin.py:137} INFO - [2025-03-11T06:03:51.131+0000] {dag.py:2676} INFO - Sync 1 DAGs
[2025-03-11T06:03:51.155+0000] {logging_mixin.py:137} INFO - [2025-03-11T06:03:51.155+0000] {dag.py:3427} INFO - Setting next_dagrun for example_branch_dop_operator_v3 to 2025-03-11T06:02:00+00:00, run_after=2025-03-11T06:03:00+00:00
[2025-03-11T06:03:51.171+0000] {processor.py:175} INFO - Processing /home/airflow/.local/lib/python3.7/site-packages/airflow/example_dags/example_branch_python_dop_operator_3.py took 0.122 seconds
[2025-03-11T06:04:21.533+0000] {processor.py:153} INFO - Started process (PID=940) to work on /home/airflow/.local/lib/python3.7/site-packages/airflow/example_dags/example_branch_python_dop_operator_3.py
[2025-03-11T06:04:21.534+0000] {processor.py:743} INFO - Processing file /home/airflow/.local/lib/python3.7/site-packages/airflow/example_dags/example_branch_python_dop_operator_3.py for tasks to queue
[2025-03-11T06:04:21.535+0000] {logging_mixin.py:137} INFO - [2025-03-11T06:04:21.535+0000] {dagbag.py:538} INFO - Filling up the DagBag from /home/airflow/.local/lib/python3.7/site-packages/airflow/example_dags/example_branch_python_dop_operator_3.py
[2025-03-11T06:04:21.570+0000] {processor.py:753} INFO - DAG(s) dict_keys(['example_branch_dop_operator_v3']) retrieved from /home/airflow/.local/lib/python3.7/site-packages/airflow/example_dags/example_branch_python_dop_operator_3.py
[2025-03-11T06:04:21.607+0000] {logging_mixin.py:137} INFO - [2025-03-11T06:04:21.606+0000] {dag.py:2676} INFO - Sync 1 DAGs
[2025-03-11T06:04:21.631+0000] {logging_mixin.py:137} INFO - [2025-03-11T06:04:21.631+0000] {dag.py:3427} INFO - Setting next_dagrun for example_branch_dop_operator_v3 to 2025-03-11T06:03:00+00:00, run_after=2025-03-11T06:04:00+00:00
[2025-03-11T06:04:21.650+0000] {processor.py:175} INFO - Processing /home/airflow/.local/lib/python3.7/site-packages/airflow/example_dags/example_branch_python_dop_operator_3.py took 0.121 seconds
[2025-03-11T06:04:51.952+0000] {processor.py:153} INFO - Started process (PID=979) to work on /home/airflow/.local/lib/python3.7/site-packages/airflow/example_dags/example_branch_python_dop_operator_3.py
[2025-03-11T06:04:51.954+0000] {processor.py:743} INFO - Processing file /home/airflow/.local/lib/python3.7/site-packages/airflow/example_dags/example_branch_python_dop_operator_3.py for tasks to queue
[2025-03-11T06:04:51.955+0000] {logging_mixin.py:137} INFO - [2025-03-11T06:04:51.955+0000] {dagbag.py:538} INFO - Filling up the DagBag from /home/airflow/.local/lib/python3.7/site-packages/airflow/example_dags/example_branch_python_dop_operator_3.py
[2025-03-11T06:04:51.987+0000] {processor.py:753} INFO - DAG(s) dict_keys(['example_branch_dop_operator_v3']) retrieved from /home/airflow/.local/lib/python3.7/site-packages/airflow/example_dags/example_branch_python_dop_operator_3.py
[2025-03-11T06:04:52.021+0000] {logging_mixin.py:137} INFO - [2025-03-11T06:04:52.020+0000] {dag.py:2676} INFO - Sync 1 DAGs
[2025-03-11T06:04:52.046+0000] {logging_mixin.py:137} INFO - [2025-03-11T06:04:52.046+0000] {dag.py:3427} INFO - Setting next_dagrun for example_branch_dop_operator_v3 to 2025-03-11T06:03:00+00:00, run_after=2025-03-11T06:04:00+00:00
[2025-03-11T06:04:52.065+0000] {processor.py:175} INFO - Processing /home/airflow/.local/lib/python3.7/site-packages/airflow/example_dags/example_branch_python_dop_operator_3.py took 0.117 seconds
[2025-03-11T06:05:22.342+0000] {processor.py:153} INFO - Started process (PID=1018) to work on /home/airflow/.local/lib/python3.7/site-packages/airflow/example_dags/example_branch_python_dop_operator_3.py
[2025-03-11T06:05:22.344+0000] {processor.py:743} INFO - Processing file /home/airflow/.local/lib/python3.7/site-packages/airflow/example_dags/example_branch_python_dop_operator_3.py for tasks to queue
[2025-03-11T06:05:22.347+0000] {logging_mixin.py:137} INFO - [2025-03-11T06:05:22.346+0000] {dagbag.py:538} INFO - Filling up the DagBag from /home/airflow/.local/lib/python3.7/site-packages/airflow/example_dags/example_branch_python_dop_operator_3.py
[2025-03-11T06:05:22.378+0000] {processor.py:753} INFO - DAG(s) dict_keys(['example_branch_dop_operator_v3']) retrieved from /home/airflow/.local/lib/python3.7/site-packages/airflow/example_dags/example_branch_python_dop_operator_3.py
[2025-03-11T06:05:22.415+0000] {logging_mixin.py:137} INFO - [2025-03-11T06:05:22.414+0000] {dag.py:2676} INFO - Sync 1 DAGs
[2025-03-11T06:05:22.438+0000] {logging_mixin.py:137} INFO - [2025-03-11T06:05:22.438+0000] {dag.py:3427} INFO - Setting next_dagrun for example_branch_dop_operator_v3 to 2025-03-11T06:04:00+00:00, run_after=2025-03-11T06:05:00+00:00
[2025-03-11T06:05:22.455+0000] {processor.py:175} INFO - Processing /home/airflow/.local/lib/python3.7/site-packages/airflow/example_dags/example_branch_python_dop_operator_3.py took 0.118 seconds
[2025-03-11T06:05:52.794+0000] {processor.py:153} INFO - Started process (PID=1057) to work on /home/airflow/.local/lib/python3.7/site-packages/airflow/example_dags/example_branch_python_dop_operator_3.py
[2025-03-11T06:05:52.796+0000] {processor.py:743} INFO - Processing file /home/airflow/.local/lib/python3.7/site-packages/airflow/example_dags/example_branch_python_dop_operator_3.py for tasks to queue
[2025-03-11T06:05:52.797+0000] {logging_mixin.py:137} INFO - [2025-03-11T06:05:52.796+0000] {dagbag.py:538} INFO - Filling up the DagBag from /home/airflow/.local/lib/python3.7/site-packages/airflow/example_dags/example_branch_python_dop_operator_3.py
[2025-03-11T06:05:52.831+0000] {processor.py:753} INFO - DAG(s) dict_keys(['example_branch_dop_operator_v3']) retrieved from /home/airflow/.local/lib/python3.7/site-packages/airflow/example_dags/example_branch_python_dop_operator_3.py
[2025-03-11T06:05:52.874+0000] {logging_mixin.py:137} INFO - [2025-03-11T06:05:52.874+0000] {dag.py:2676} INFO - Sync 1 DAGs
[2025-03-11T06:05:52.903+0000] {logging_mixin.py:137} INFO - [2025-03-11T06:05:52.903+0000] {dag.py:3427} INFO - Setting next_dagrun for example_branch_dop_operator_v3 to 2025-03-11T06:04:00+00:00, run_after=2025-03-11T06:05:00+00:00
[2025-03-11T06:05:52.920+0000] {processor.py:175} INFO - Processing /home/airflow/.local/lib/python3.7/site-packages/airflow/example_dags/example_branch_python_dop_operator_3.py took 0.131 seconds
[2025-03-11T06:06:23.290+0000] {processor.py:153} INFO - Started process (PID=1096) to work on /home/airflow/.local/lib/python3.7/site-packages/airflow/example_dags/example_branch_python_dop_operator_3.py
[2025-03-11T06:06:23.291+0000] {processor.py:743} INFO - Processing file /home/airflow/.local/lib/python3.7/site-packages/airflow/example_dags/example_branch_python_dop_operator_3.py for tasks to queue
[2025-03-11T06:06:23.293+0000] {logging_mixin.py:137} INFO - [2025-03-11T06:06:23.292+0000] {dagbag.py:538} INFO - Filling up the DagBag from /home/airflow/.local/lib/python3.7/site-packages/airflow/example_dags/example_branch_python_dop_operator_3.py
[2025-03-11T06:06:23.325+0000] {processor.py:753} INFO - DAG(s) dict_keys(['example_branch_dop_operator_v3']) retrieved from /home/airflow/.local/lib/python3.7/site-packages/airflow/example_dags/example_branch_python_dop_operator_3.py
[2025-03-11T06:06:23.362+0000] {logging_mixin.py:137} INFO - [2025-03-11T06:06:23.361+0000] {dag.py:2676} INFO - Sync 1 DAGs
[2025-03-11T06:06:23.387+0000] {logging_mixin.py:137} INFO - [2025-03-11T06:06:23.387+0000] {dag.py:3427} INFO - Setting next_dagrun for example_branch_dop_operator_v3 to 2025-03-11T06:05:00+00:00, run_after=2025-03-11T06:06:00+00:00
[2025-03-11T06:06:23.406+0000] {processor.py:175} INFO - Processing /home/airflow/.local/lib/python3.7/site-packages/airflow/example_dags/example_branch_python_dop_operator_3.py took 0.120 seconds
[2025-03-11T06:06:53.659+0000] {processor.py:153} INFO - Started process (PID=1135) to work on /home/airflow/.local/lib/python3.7/site-packages/airflow/example_dags/example_branch_python_dop_operator_3.py
[2025-03-11T06:06:53.660+0000] {processor.py:743} INFO - Processing file /home/airflow/.local/lib/python3.7/site-packages/airflow/example_dags/example_branch_python_dop_operator_3.py for tasks to queue
[2025-03-11T06:06:53.663+0000] {logging_mixin.py:137} INFO - [2025-03-11T06:06:53.663+0000] {dagbag.py:538} INFO - Filling up the DagBag from /home/airflow/.local/lib/python3.7/site-packages/airflow/example_dags/example_branch_python_dop_operator_3.py
[2025-03-11T06:06:53.698+0000] {processor.py:753} INFO - DAG(s) dict_keys(['example_branch_dop_operator_v3']) retrieved from /home/airflow/.local/lib/python3.7/site-packages/airflow/example_dags/example_branch_python_dop_operator_3.py
[2025-03-11T06:06:53.731+0000] {logging_mixin.py:137} INFO - [2025-03-11T06:06:53.731+0000] {dag.py:2676} INFO - Sync 1 DAGs
[2025-03-11T06:06:53.755+0000] {logging_mixin.py:137} INFO - [2025-03-11T06:06:53.755+0000] {dag.py:3427} INFO - Setting next_dagrun for example_branch_dop_operator_v3 to 2025-03-11T06:05:00+00:00, run_after=2025-03-11T06:06:00+00:00
[2025-03-11T06:06:53.774+0000] {processor.py:175} INFO - Processing /home/airflow/.local/lib/python3.7/site-packages/airflow/example_dags/example_branch_python_dop_operator_3.py took 0.120 seconds
[2025-03-11T06:07:24.072+0000] {processor.py:153} INFO - Started process (PID=1174) to work on /home/airflow/.local/lib/python3.7/site-packages/airflow/example_dags/example_branch_python_dop_operator_3.py
[2025-03-11T06:07:24.075+0000] {processor.py:743} INFO - Processing file /home/airflow/.local/lib/python3.7/site-packages/airflow/example_dags/example_branch_python_dop_operator_3.py for tasks to queue
[2025-03-11T06:07:24.078+0000] {logging_mixin.py:137} INFO - [2025-03-11T06:07:24.077+0000] {dagbag.py:538} INFO - Filling up the DagBag from /home/airflow/.local/lib/python3.7/site-packages/airflow/example_dags/example_branch_python_dop_operator_3.py
[2025-03-11T06:07:24.112+0000] {processor.py:753} INFO - DAG(s) dict_keys(['example_branch_dop_operator_v3']) retrieved from /home/airflow/.local/lib/python3.7/site-packages/airflow/example_dags/example_branch_python_dop_operator_3.py
[2025-03-11T06:07:24.149+0000] {logging_mixin.py:137} INFO - [2025-03-11T06:07:24.149+0000] {dag.py:2676} INFO - Sync 1 DAGs
[2025-03-11T06:07:24.174+0000] {logging_mixin.py:137} INFO - [2025-03-11T06:07:24.174+0000] {dag.py:3427} INFO - Setting next_dagrun for example_branch_dop_operator_v3 to 2025-03-11T06:06:00+00:00, run_after=2025-03-11T06:07:00+00:00
[2025-03-11T06:07:24.192+0000] {processor.py:175} INFO - Processing /home/airflow/.local/lib/python3.7/site-packages/airflow/example_dags/example_branch_python_dop_operator_3.py took 0.126 seconds
[2025-03-11T06:07:54.600+0000] {processor.py:153} INFO - Started process (PID=1213) to work on /home/airflow/.local/lib/python3.7/site-packages/airflow/example_dags/example_branch_python_dop_operator_3.py
[2025-03-11T06:07:54.604+0000] {processor.py:743} INFO - Processing file /home/airflow/.local/lib/python3.7/site-packages/airflow/example_dags/example_branch_python_dop_operator_3.py for tasks to queue
[2025-03-11T06:07:54.605+0000] {logging_mixin.py:137} INFO - [2025-03-11T06:07:54.605+0000] {dagbag.py:538} INFO - Filling up the DagBag from /home/airflow/.local/lib/python3.7/site-packages/airflow/example_dags/example_branch_python_dop_operator_3.py
[2025-03-11T06:07:54.637+0000] {processor.py:753} INFO - DAG(s) dict_keys(['example_branch_dop_operator_v3']) retrieved from /home/airflow/.local/lib/python3.7/site-packages/airflow/example_dags/example_branch_python_dop_operator_3.py
[2025-03-11T06:07:54.673+0000] {logging_mixin.py:137} INFO - [2025-03-11T06:07:54.673+0000] {dag.py:2676} INFO - Sync 1 DAGs
[2025-03-11T06:07:54.699+0000] {logging_mixin.py:137} INFO - [2025-03-11T06:07:54.698+0000] {dag.py:3427} INFO - Setting next_dagrun for example_branch_dop_operator_v3 to 2025-03-11T06:06:00+00:00, run_after=2025-03-11T06:07:00+00:00
[2025-03-11T06:07:54.715+0000] {processor.py:175} INFO - Processing /home/airflow/.local/lib/python3.7/site-packages/airflow/example_dags/example_branch_python_dop_operator_3.py took 0.119 seconds
[2025-03-11T06:08:25.125+0000] {processor.py:153} INFO - Started process (PID=1252) to work on /home/airflow/.local/lib/python3.7/site-packages/airflow/example_dags/example_branch_python_dop_operator_3.py
[2025-03-11T06:08:25.128+0000] {processor.py:743} INFO - Processing file /home/airflow/.local/lib/python3.7/site-packages/airflow/example_dags/example_branch_python_dop_operator_3.py for tasks to queue
[2025-03-11T06:08:25.129+0000] {logging_mixin.py:137} INFO - [2025-03-11T06:08:25.128+0000] {dagbag.py:538} INFO - Filling up the DagBag from /home/airflow/.local/lib/python3.7/site-packages/airflow/example_dags/example_branch_python_dop_operator_3.py
[2025-03-11T06:08:25.153+0000] {processor.py:753} INFO - DAG(s) dict_keys(['example_branch_dop_operator_v3']) retrieved from /home/airflow/.local/lib/python3.7/site-packages/airflow/example_dags/example_branch_python_dop_operator_3.py
[2025-03-11T06:08:25.183+0000] {logging_mixin.py:137} INFO - [2025-03-11T06:08:25.183+0000] {dag.py:2676} INFO - Sync 1 DAGs
[2025-03-11T06:08:25.210+0000] {logging_mixin.py:137} INFO - [2025-03-11T06:08:25.210+0000] {dag.py:3427} INFO - Setting next_dagrun for example_branch_dop_operator_v3 to 2025-03-11T06:07:00+00:00, run_after=2025-03-11T06:08:00+00:00
[2025-03-11T06:08:25.227+0000] {processor.py:175} INFO - Processing /home/airflow/.local/lib/python3.7/site-packages/airflow/example_dags/example_branch_python_dop_operator_3.py took 0.104 seconds
[2025-03-11T06:08:55.723+0000] {processor.py:153} INFO - Started process (PID=1291) to work on /home/airflow/.local/lib/python3.7/site-packages/airflow/example_dags/example_branch_python_dop_operator_3.py
[2025-03-11T06:08:55.725+0000] {processor.py:743} INFO - Processing file /home/airflow/.local/lib/python3.7/site-packages/airflow/example_dags/example_branch_python_dop_operator_3.py for tasks to queue
[2025-03-11T06:08:55.727+0000] {logging_mixin.py:137} INFO - [2025-03-11T06:08:55.727+0000] {dagbag.py:538} INFO - Filling up the DagBag from /home/airflow/.local/lib/python3.7/site-packages/airflow/example_dags/example_branch_python_dop_operator_3.py
[2025-03-11T06:08:55.763+0000] {processor.py:753} INFO - DAG(s) dict_keys(['example_branch_dop_operator_v3']) retrieved from /home/airflow/.local/lib/python3.7/site-packages/airflow/example_dags/example_branch_python_dop_operator_3.py
[2025-03-11T06:08:55.796+0000] {logging_mixin.py:137} INFO - [2025-03-11T06:08:55.796+0000] {dag.py:2676} INFO - Sync 1 DAGs
[2025-03-11T06:08:55.826+0000] {logging_mixin.py:137} INFO - [2025-03-11T06:08:55.826+0000] {dag.py:3427} INFO - Setting next_dagrun for example_branch_dop_operator_v3 to 2025-03-11T06:07:00+00:00, run_after=2025-03-11T06:08:00+00:00
[2025-03-11T06:08:55.843+0000] {processor.py:175} INFO - Processing /home/airflow/.local/lib/python3.7/site-packages/airflow/example_dags/example_branch_python_dop_operator_3.py took 0.125 seconds
[2025-03-11T06:09:26.166+0000] {processor.py:153} INFO - Started process (PID=1330) to work on /home/airflow/.local/lib/python3.7/site-packages/airflow/example_dags/example_branch_python_dop_operator_3.py
[2025-03-11T06:09:26.168+0000] {processor.py:743} INFO - Processing file /home/airflow/.local/lib/python3.7/site-packages/airflow/example_dags/example_branch_python_dop_operator_3.py for tasks to queue
[2025-03-11T06:09:26.169+0000] {logging_mixin.py:137} INFO - [2025-03-11T06:09:26.169+0000] {dagbag.py:538} INFO - Filling up the DagBag from /home/airflow/.local/lib/python3.7/site-packages/airflow/example_dags/example_branch_python_dop_operator_3.py
[2025-03-11T06:09:26.202+0000] {processor.py:753} INFO - DAG(s) dict_keys(['example_branch_dop_operator_v3']) retrieved from /home/airflow/.local/lib/python3.7/site-packages/airflow/example_dags/example_branch_python_dop_operator_3.py
[2025-03-11T06:09:26.238+0000] {logging_mixin.py:137} INFO - [2025-03-11T06:09:26.238+0000] {dag.py:2676} INFO - Sync 1 DAGs
[2025-03-11T06:09:26.261+0000] {logging_mixin.py:137} INFO - [2025-03-11T06:09:26.261+0000] {dag.py:3427} INFO - Setting next_dagrun for example_branch_dop_operator_v3 to 2025-03-11T06:08:00+00:00, run_after=2025-03-11T06:09:00+00:00
[2025-03-11T06:09:26.281+0000] {processor.py:175} INFO - Processing /home/airflow/.local/lib/python3.7/site-packages/airflow/example_dags/example_branch_python_dop_operator_3.py took 0.119 seconds
[2025-03-11T06:09:56.712+0000] {processor.py:153} INFO - Started process (PID=1369) to work on /home/airflow/.local/lib/python3.7/site-packages/airflow/example_dags/example_branch_python_dop_operator_3.py
[2025-03-11T06:09:56.713+0000] {processor.py:743} INFO - Processing file /home/airflow/.local/lib/python3.7/site-packages/airflow/example_dags/example_branch_python_dop_operator_3.py for tasks to queue
[2025-03-11T06:09:56.715+0000] {logging_mixin.py:137} INFO - [2025-03-11T06:09:56.714+0000] {dagbag.py:538} INFO - Filling up the DagBag from /home/airflow/.local/lib/python3.7/site-packages/airflow/example_dags/example_branch_python_dop_operator_3.py
[2025-03-11T06:09:56.745+0000] {processor.py:753} INFO - DAG(s) dict_keys(['example_branch_dop_operator_v3']) retrieved from /home/airflow/.local/lib/python3.7/site-packages/airflow/example_dags/example_branch_python_dop_operator_3.py
[2025-03-11T06:09:56.777+0000] {logging_mixin.py:137} INFO - [2025-03-11T06:09:56.777+0000] {dag.py:2676} INFO - Sync 1 DAGs
[2025-03-11T06:09:56.801+0000] {logging_mixin.py:137} INFO - [2025-03-11T06:09:56.801+0000] {dag.py:3427} INFO - Setting next_dagrun for example_branch_dop_operator_v3 to 2025-03-11T06:08:00+00:00, run_after=2025-03-11T06:09:00+00:00
[2025-03-11T06:09:56.819+0000] {processor.py:175} INFO - Processing /home/airflow/.local/lib/python3.7/site-packages/airflow/example_dags/example_branch_python_dop_operator_3.py took 0.114 seconds
