[2025-03-11T05:52:43.705+0000] {processor.py:153} INFO - Started process (PID=67) to work on /home/airflow/.local/lib/python3.7/site-packages/airflow/example_dags/example_branch_operator_decorator.py
[2025-03-11T05:52:43.706+0000] {processor.py:743} INFO - Processing file /home/airflow/.local/lib/python3.7/site-packages/airflow/example_dags/example_branch_operator_decorator.py for tasks to queue
[2025-03-11T05:52:43.707+0000] {logging_mixin.py:137} INFO - [2025-03-11T05:52:43.707+0000] {dagbag.py:538} INFO - Filling up the DagBag from /home/airflow/.local/lib/python3.7/site-packages/airflow/example_dags/example_branch_operator_decorator.py
[2025-03-11T05:52:43.737+0000] {processor.py:753} INFO - DAG(s) dict_keys(['example_branch_python_operator_decorator']) retrieved from /home/airflow/.local/lib/python3.7/site-packages/airflow/example_dags/example_branch_operator_decorator.py
[2025-03-11T05:52:43.768+0000] {logging_mixin.py:137} INFO - [2025-03-11T05:52:43.767+0000] {dag.py:2676} INFO - Sync 1 DAGs
[2025-03-11T05:52:43.801+0000] {logging_mixin.py:137} INFO - [2025-03-11T05:52:43.801+0000] {dag.py:3427} INFO - Setting next_dagrun for example_branch_python_operator_decorator to 2025-03-10T00:00:00+00:00, run_after=2025-03-11T00:00:00+00:00
[2025-03-11T05:52:43.825+0000] {processor.py:175} INFO - Processing /home/airflow/.local/lib/python3.7/site-packages/airflow/example_dags/example_branch_operator_decorator.py took 0.122 seconds
[2025-03-11T05:53:14.501+0000] {processor.py:153} INFO - Started process (PID=106) to work on /home/airflow/.local/lib/python3.7/site-packages/airflow/example_dags/example_branch_operator_decorator.py
[2025-03-11T05:53:14.502+0000] {processor.py:743} INFO - Processing file /home/airflow/.local/lib/python3.7/site-packages/airflow/example_dags/example_branch_operator_decorator.py for tasks to queue
[2025-03-11T05:53:14.505+0000] {logging_mixin.py:137} INFO - [2025-03-11T05:53:14.505+0000] {dagbag.py:538} INFO - Filling up the DagBag from /home/airflow/.local/lib/python3.7/site-packages/airflow/example_dags/example_branch_operator_decorator.py
[2025-03-11T05:53:14.540+0000] {processor.py:753} INFO - DAG(s) dict_keys(['example_branch_python_operator_decorator']) retrieved from /home/airflow/.local/lib/python3.7/site-packages/airflow/example_dags/example_branch_operator_decorator.py
[2025-03-11T05:53:14.562+0000] {logging_mixin.py:137} INFO - [2025-03-11T05:53:14.562+0000] {dag.py:2676} INFO - Sync 1 DAGs
[2025-03-11T05:53:14.594+0000] {logging_mixin.py:137} INFO - [2025-03-11T05:53:14.594+0000] {dag.py:3427} INFO - Setting next_dagrun for example_branch_python_operator_decorator to 2025-03-10T00:00:00+00:00, run_after=2025-03-11T00:00:00+00:00
[2025-03-11T05:53:14.610+0000] {processor.py:175} INFO - Processing /home/airflow/.local/lib/python3.7/site-packages/airflow/example_dags/example_branch_operator_decorator.py took 0.110 seconds
[2025-03-11T05:53:45.275+0000] {processor.py:153} INFO - Started process (PID=145) to work on /home/airflow/.local/lib/python3.7/site-packages/airflow/example_dags/example_branch_operator_decorator.py
[2025-03-11T05:53:45.276+0000] {processor.py:743} INFO - Processing file /home/airflow/.local/lib/python3.7/site-packages/airflow/example_dags/example_branch_operator_decorator.py for tasks to queue
[2025-03-11T05:53:45.277+0000] {logging_mixin.py:137} INFO - [2025-03-11T05:53:45.277+0000] {dagbag.py:538} INFO - Filling up the DagBag from /home/airflow/.local/lib/python3.7/site-packages/airflow/example_dags/example_branch_operator_decorator.py
[2025-03-11T05:53:45.302+0000] {processor.py:753} INFO - DAG(s) dict_keys(['example_branch_python_operator_decorator']) retrieved from /home/airflow/.local/lib/python3.7/site-packages/airflow/example_dags/example_branch_operator_decorator.py
[2025-03-11T05:53:45.339+0000] {logging_mixin.py:137} INFO - [2025-03-11T05:53:45.339+0000] {dag.py:2676} INFO - Sync 1 DAGs
[2025-03-11T05:53:45.361+0000] {logging_mixin.py:137} INFO - [2025-03-11T05:53:45.361+0000] {dag.py:3427} INFO - Setting next_dagrun for example_branch_python_operator_decorator to 2025-03-10T00:00:00+00:00, run_after=2025-03-11T00:00:00+00:00
[2025-03-11T05:53:45.379+0000] {processor.py:175} INFO - Processing /home/airflow/.local/lib/python3.7/site-packages/airflow/example_dags/example_branch_operator_decorator.py took 0.106 seconds
[2025-03-11T05:54:16.575+0000] {processor.py:153} INFO - Started process (PID=184) to work on /home/airflow/.local/lib/python3.7/site-packages/airflow/example_dags/example_branch_operator_decorator.py
[2025-03-11T05:54:16.576+0000] {processor.py:743} INFO - Processing file /home/airflow/.local/lib/python3.7/site-packages/airflow/example_dags/example_branch_operator_decorator.py for tasks to queue
[2025-03-11T05:54:16.576+0000] {logging_mixin.py:137} INFO - [2025-03-11T05:54:16.576+0000] {dagbag.py:538} INFO - Filling up the DagBag from /home/airflow/.local/lib/python3.7/site-packages/airflow/example_dags/example_branch_operator_decorator.py
[2025-03-11T05:54:16.600+0000] {processor.py:753} INFO - DAG(s) dict_keys(['example_branch_python_operator_decorator']) retrieved from /home/airflow/.local/lib/python3.7/site-packages/airflow/example_dags/example_branch_operator_decorator.py
[2025-03-11T05:54:16.641+0000] {logging_mixin.py:137} INFO - [2025-03-11T05:54:16.641+0000] {dag.py:2676} INFO - Sync 1 DAGs
[2025-03-11T05:54:16.665+0000] {logging_mixin.py:137} INFO - [2025-03-11T05:54:16.665+0000] {dag.py:3427} INFO - Setting next_dagrun for example_branch_python_operator_decorator to 2025-03-10T00:00:00+00:00, run_after=2025-03-11T00:00:00+00:00
[2025-03-11T05:54:16.681+0000] {processor.py:175} INFO - Processing /home/airflow/.local/lib/python3.7/site-packages/airflow/example_dags/example_branch_operator_decorator.py took 0.109 seconds
[2025-03-11T05:54:47.105+0000] {processor.py:153} INFO - Started process (PID=223) to work on /home/airflow/.local/lib/python3.7/site-packages/airflow/example_dags/example_branch_operator_decorator.py
[2025-03-11T05:54:47.107+0000] {processor.py:743} INFO - Processing file /home/airflow/.local/lib/python3.7/site-packages/airflow/example_dags/example_branch_operator_decorator.py for tasks to queue
[2025-03-11T05:54:47.109+0000] {logging_mixin.py:137} INFO - [2025-03-11T05:54:47.109+0000] {dagbag.py:538} INFO - Filling up the DagBag from /home/airflow/.local/lib/python3.7/site-packages/airflow/example_dags/example_branch_operator_decorator.py
[2025-03-11T05:54:47.138+0000] {processor.py:753} INFO - DAG(s) dict_keys(['example_branch_python_operator_decorator']) retrieved from /home/airflow/.local/lib/python3.7/site-packages/airflow/example_dags/example_branch_operator_decorator.py
[2025-03-11T05:54:47.175+0000] {logging_mixin.py:137} INFO - [2025-03-11T05:54:47.175+0000] {dag.py:2676} INFO - Sync 1 DAGs
[2025-03-11T05:54:47.200+0000] {logging_mixin.py:137} INFO - [2025-03-11T05:54:47.200+0000] {dag.py:3427} INFO - Setting next_dagrun for example_branch_python_operator_decorator to 2025-03-10T00:00:00+00:00, run_after=2025-03-11T00:00:00+00:00
[2025-03-11T05:54:47.219+0000] {processor.py:175} INFO - Processing /home/airflow/.local/lib/python3.7/site-packages/airflow/example_dags/example_branch_operator_decorator.py took 0.118 seconds
[2025-03-11T05:55:18.025+0000] {processor.py:153} INFO - Started process (PID=262) to work on /home/airflow/.local/lib/python3.7/site-packages/airflow/example_dags/example_branch_operator_decorator.py
[2025-03-11T05:55:18.026+0000] {processor.py:743} INFO - Processing file /home/airflow/.local/lib/python3.7/site-packages/airflow/example_dags/example_branch_operator_decorator.py for tasks to queue
[2025-03-11T05:55:18.026+0000] {logging_mixin.py:137} INFO - [2025-03-11T05:55:18.026+0000] {dagbag.py:538} INFO - Filling up the DagBag from /home/airflow/.local/lib/python3.7/site-packages/airflow/example_dags/example_branch_operator_decorator.py
[2025-03-11T05:55:18.051+0000] {processor.py:753} INFO - DAG(s) dict_keys(['example_branch_python_operator_decorator']) retrieved from /home/airflow/.local/lib/python3.7/site-packages/airflow/example_dags/example_branch_operator_decorator.py
[2025-03-11T05:55:18.086+0000] {logging_mixin.py:137} INFO - [2025-03-11T05:55:18.086+0000] {dag.py:2676} INFO - Sync 1 DAGs
[2025-03-11T05:55:18.111+0000] {logging_mixin.py:137} INFO - [2025-03-11T05:55:18.111+0000] {dag.py:3427} INFO - Setting next_dagrun for example_branch_python_operator_decorator to 2025-03-10T00:00:00+00:00, run_after=2025-03-11T00:00:00+00:00
[2025-03-11T05:55:18.128+0000] {processor.py:175} INFO - Processing /home/airflow/.local/lib/python3.7/site-packages/airflow/example_dags/example_branch_operator_decorator.py took 0.105 seconds
[2025-03-11T05:55:48.411+0000] {processor.py:153} INFO - Started process (PID=301) to work on /home/airflow/.local/lib/python3.7/site-packages/airflow/example_dags/example_branch_operator_decorator.py
[2025-03-11T05:55:48.413+0000] {processor.py:743} INFO - Processing file /home/airflow/.local/lib/python3.7/site-packages/airflow/example_dags/example_branch_operator_decorator.py for tasks to queue
[2025-03-11T05:55:48.413+0000] {logging_mixin.py:137} INFO - [2025-03-11T05:55:48.413+0000] {dagbag.py:538} INFO - Filling up the DagBag from /home/airflow/.local/lib/python3.7/site-packages/airflow/example_dags/example_branch_operator_decorator.py
[2025-03-11T05:55:48.438+0000] {processor.py:753} INFO - DAG(s) dict_keys(['example_branch_python_operator_decorator']) retrieved from /home/airflow/.local/lib/python3.7/site-packages/airflow/example_dags/example_branch_operator_decorator.py
[2025-03-11T05:55:48.469+0000] {logging_mixin.py:137} INFO - [2025-03-11T05:55:48.469+0000] {dag.py:2676} INFO - Sync 1 DAGs
[2025-03-11T05:55:48.490+0000] {logging_mixin.py:137} INFO - [2025-03-11T05:55:48.490+0000] {dag.py:3427} INFO - Setting next_dagrun for example_branch_python_operator_decorator to 2025-03-10T00:00:00+00:00, run_after=2025-03-11T00:00:00+00:00
[2025-03-11T05:55:48.506+0000] {processor.py:175} INFO - Processing /home/airflow/.local/lib/python3.7/site-packages/airflow/example_dags/example_branch_operator_decorator.py took 0.097 seconds
[2025-03-11T05:56:19.413+0000] {processor.py:153} INFO - Started process (PID=340) to work on /home/airflow/.local/lib/python3.7/site-packages/airflow/example_dags/example_branch_operator_decorator.py
[2025-03-11T05:56:19.414+0000] {processor.py:743} INFO - Processing file /home/airflow/.local/lib/python3.7/site-packages/airflow/example_dags/example_branch_operator_decorator.py for tasks to queue
[2025-03-11T05:56:19.415+0000] {logging_mixin.py:137} INFO - [2025-03-11T05:56:19.415+0000] {dagbag.py:538} INFO - Filling up the DagBag from /home/airflow/.local/lib/python3.7/site-packages/airflow/example_dags/example_branch_operator_decorator.py
[2025-03-11T05:56:19.448+0000] {processor.py:753} INFO - DAG(s) dict_keys(['example_branch_python_operator_decorator']) retrieved from /home/airflow/.local/lib/python3.7/site-packages/airflow/example_dags/example_branch_operator_decorator.py
[2025-03-11T05:56:19.485+0000] {logging_mixin.py:137} INFO - [2025-03-11T05:56:19.485+0000] {dag.py:2676} INFO - Sync 1 DAGs
[2025-03-11T05:56:19.513+0000] {logging_mixin.py:137} INFO - [2025-03-11T05:56:19.512+0000] {dag.py:3427} INFO - Setting next_dagrun for example_branch_python_operator_decorator to 2025-03-10T00:00:00+00:00, run_after=2025-03-11T00:00:00+00:00
[2025-03-11T05:56:19.530+0000] {processor.py:175} INFO - Processing /home/airflow/.local/lib/python3.7/site-packages/airflow/example_dags/example_branch_operator_decorator.py took 0.124 seconds
[2025-03-11T05:56:50.153+0000] {processor.py:153} INFO - Started process (PID=379) to work on /home/airflow/.local/lib/python3.7/site-packages/airflow/example_dags/example_branch_operator_decorator.py
[2025-03-11T05:56:50.154+0000] {processor.py:743} INFO - Processing file /home/airflow/.local/lib/python3.7/site-packages/airflow/example_dags/example_branch_operator_decorator.py for tasks to queue
[2025-03-11T05:56:50.154+0000] {logging_mixin.py:137} INFO - [2025-03-11T05:56:50.154+0000] {dagbag.py:538} INFO - Filling up the DagBag from /home/airflow/.local/lib/python3.7/site-packages/airflow/example_dags/example_branch_operator_decorator.py
[2025-03-11T05:56:50.176+0000] {processor.py:753} INFO - DAG(s) dict_keys(['example_branch_python_operator_decorator']) retrieved from /home/airflow/.local/lib/python3.7/site-packages/airflow/example_dags/example_branch_operator_decorator.py
[2025-03-11T05:56:50.205+0000] {logging_mixin.py:137} INFO - [2025-03-11T05:56:50.205+0000] {dag.py:2676} INFO - Sync 1 DAGs
[2025-03-11T05:56:50.226+0000] {logging_mixin.py:137} INFO - [2025-03-11T05:56:50.226+0000] {dag.py:3427} INFO - Setting next_dagrun for example_branch_python_operator_decorator to 2025-03-10T00:00:00+00:00, run_after=2025-03-11T00:00:00+00:00
[2025-03-11T05:56:50.240+0000] {processor.py:175} INFO - Processing /home/airflow/.local/lib/python3.7/site-packages/airflow/example_dags/example_branch_operator_decorator.py took 0.089 seconds
[2025-03-11T05:57:20.533+0000] {processor.py:153} INFO - Started process (PID=418) to work on /home/airflow/.local/lib/python3.7/site-packages/airflow/example_dags/example_branch_operator_decorator.py
[2025-03-11T05:57:20.534+0000] {processor.py:743} INFO - Processing file /home/airflow/.local/lib/python3.7/site-packages/airflow/example_dags/example_branch_operator_decorator.py for tasks to queue
[2025-03-11T05:57:20.535+0000] {logging_mixin.py:137} INFO - [2025-03-11T05:57:20.535+0000] {dagbag.py:538} INFO - Filling up the DagBag from /home/airflow/.local/lib/python3.7/site-packages/airflow/example_dags/example_branch_operator_decorator.py
[2025-03-11T05:57:20.559+0000] {processor.py:753} INFO - DAG(s) dict_keys(['example_branch_python_operator_decorator']) retrieved from /home/airflow/.local/lib/python3.7/site-packages/airflow/example_dags/example_branch_operator_decorator.py
[2025-03-11T05:57:20.589+0000] {logging_mixin.py:137} INFO - [2025-03-11T05:57:20.589+0000] {dag.py:2676} INFO - Sync 1 DAGs
[2025-03-11T05:57:20.610+0000] {logging_mixin.py:137} INFO - [2025-03-11T05:57:20.610+0000] {dag.py:3427} INFO - Setting next_dagrun for example_branch_python_operator_decorator to 2025-03-10T00:00:00+00:00, run_after=2025-03-11T00:00:00+00:00
[2025-03-11T05:57:20.626+0000] {processor.py:175} INFO - Processing /home/airflow/.local/lib/python3.7/site-packages/airflow/example_dags/example_branch_operator_decorator.py took 0.095 seconds
[2025-03-11T05:57:51.190+0000] {processor.py:153} INFO - Started process (PID=457) to work on /home/airflow/.local/lib/python3.7/site-packages/airflow/example_dags/example_branch_operator_decorator.py
[2025-03-11T05:57:51.191+0000] {processor.py:743} INFO - Processing file /home/airflow/.local/lib/python3.7/site-packages/airflow/example_dags/example_branch_operator_decorator.py for tasks to queue
[2025-03-11T05:57:51.191+0000] {logging_mixin.py:137} INFO - [2025-03-11T05:57:51.191+0000] {dagbag.py:538} INFO - Filling up the DagBag from /home/airflow/.local/lib/python3.7/site-packages/airflow/example_dags/example_branch_operator_decorator.py
[2025-03-11T05:57:51.214+0000] {processor.py:753} INFO - DAG(s) dict_keys(['example_branch_python_operator_decorator']) retrieved from /home/airflow/.local/lib/python3.7/site-packages/airflow/example_dags/example_branch_operator_decorator.py
[2025-03-11T05:57:51.244+0000] {logging_mixin.py:137} INFO - [2025-03-11T05:57:51.244+0000] {dag.py:2676} INFO - Sync 1 DAGs
[2025-03-11T05:57:51.268+0000] {logging_mixin.py:137} INFO - [2025-03-11T05:57:51.268+0000] {dag.py:3427} INFO - Setting next_dagrun for example_branch_python_operator_decorator to 2025-03-10T00:00:00+00:00, run_after=2025-03-11T00:00:00+00:00
[2025-03-11T05:57:51.283+0000] {processor.py:175} INFO - Processing /home/airflow/.local/lib/python3.7/site-packages/airflow/example_dags/example_branch_operator_decorator.py took 0.096 seconds
[2025-03-11T05:58:21.580+0000] {processor.py:153} INFO - Started process (PID=496) to work on /home/airflow/.local/lib/python3.7/site-packages/airflow/example_dags/example_branch_operator_decorator.py
[2025-03-11T05:58:21.581+0000] {processor.py:743} INFO - Processing file /home/airflow/.local/lib/python3.7/site-packages/airflow/example_dags/example_branch_operator_decorator.py for tasks to queue
[2025-03-11T05:58:21.581+0000] {logging_mixin.py:137} INFO - [2025-03-11T05:58:21.581+0000] {dagbag.py:538} INFO - Filling up the DagBag from /home/airflow/.local/lib/python3.7/site-packages/airflow/example_dags/example_branch_operator_decorator.py
[2025-03-11T05:58:21.603+0000] {processor.py:753} INFO - DAG(s) dict_keys(['example_branch_python_operator_decorator']) retrieved from /home/airflow/.local/lib/python3.7/site-packages/airflow/example_dags/example_branch_operator_decorator.py
[2025-03-11T05:58:21.633+0000] {logging_mixin.py:137} INFO - [2025-03-11T05:58:21.633+0000] {dag.py:2676} INFO - Sync 1 DAGs
[2025-03-11T05:58:21.653+0000] {logging_mixin.py:137} INFO - [2025-03-11T05:58:21.653+0000] {dag.py:3427} INFO - Setting next_dagrun for example_branch_python_operator_decorator to 2025-03-10T00:00:00+00:00, run_after=2025-03-11T00:00:00+00:00
[2025-03-11T05:58:21.669+0000] {processor.py:175} INFO - Processing /home/airflow/.local/lib/python3.7/site-packages/airflow/example_dags/example_branch_operator_decorator.py took 0.092 seconds
[2025-03-11T05:58:52.020+0000] {processor.py:153} INFO - Started process (PID=535) to work on /home/airflow/.local/lib/python3.7/site-packages/airflow/example_dags/example_branch_operator_decorator.py
[2025-03-11T05:58:52.021+0000] {processor.py:743} INFO - Processing file /home/airflow/.local/lib/python3.7/site-packages/airflow/example_dags/example_branch_operator_decorator.py for tasks to queue
[2025-03-11T05:58:52.021+0000] {logging_mixin.py:137} INFO - [2025-03-11T05:58:52.021+0000] {dagbag.py:538} INFO - Filling up the DagBag from /home/airflow/.local/lib/python3.7/site-packages/airflow/example_dags/example_branch_operator_decorator.py
[2025-03-11T05:58:52.047+0000] {processor.py:753} INFO - DAG(s) dict_keys(['example_branch_python_operator_decorator']) retrieved from /home/airflow/.local/lib/python3.7/site-packages/airflow/example_dags/example_branch_operator_decorator.py
[2025-03-11T05:58:52.083+0000] {logging_mixin.py:137} INFO - [2025-03-11T05:58:52.082+0000] {dag.py:2676} INFO - Sync 1 DAGs
[2025-03-11T05:58:52.106+0000] {logging_mixin.py:137} INFO - [2025-03-11T05:58:52.105+0000] {dag.py:3427} INFO - Setting next_dagrun for example_branch_python_operator_decorator to 2025-03-10T00:00:00+00:00, run_after=2025-03-11T00:00:00+00:00
[2025-03-11T05:58:52.119+0000] {processor.py:175} INFO - Processing /home/airflow/.local/lib/python3.7/site-packages/airflow/example_dags/example_branch_operator_decorator.py took 0.101 seconds
[2025-03-11T05:59:22.657+0000] {processor.py:153} INFO - Started process (PID=574) to work on /home/airflow/.local/lib/python3.7/site-packages/airflow/example_dags/example_branch_operator_decorator.py
[2025-03-11T05:59:22.659+0000] {processor.py:743} INFO - Processing file /home/airflow/.local/lib/python3.7/site-packages/airflow/example_dags/example_branch_operator_decorator.py for tasks to queue
[2025-03-11T05:59:22.660+0000] {logging_mixin.py:137} INFO - [2025-03-11T05:59:22.660+0000] {dagbag.py:538} INFO - Filling up the DagBag from /home/airflow/.local/lib/python3.7/site-packages/airflow/example_dags/example_branch_operator_decorator.py
[2025-03-11T05:59:22.684+0000] {processor.py:753} INFO - DAG(s) dict_keys(['example_branch_python_operator_decorator']) retrieved from /home/airflow/.local/lib/python3.7/site-packages/airflow/example_dags/example_branch_operator_decorator.py
[2025-03-11T05:59:22.720+0000] {logging_mixin.py:137} INFO - [2025-03-11T05:59:22.720+0000] {dag.py:2676} INFO - Sync 1 DAGs
[2025-03-11T05:59:22.741+0000] {logging_mixin.py:137} INFO - [2025-03-11T05:59:22.741+0000] {dag.py:3427} INFO - Setting next_dagrun for example_branch_python_operator_decorator to 2025-03-10T00:00:00+00:00, run_after=2025-03-11T00:00:00+00:00
[2025-03-11T05:59:22.760+0000] {processor.py:175} INFO - Processing /home/airflow/.local/lib/python3.7/site-packages/airflow/example_dags/example_branch_operator_decorator.py took 0.105 seconds
[2025-03-11T05:59:53.198+0000] {processor.py:153} INFO - Started process (PID=613) to work on /home/airflow/.local/lib/python3.7/site-packages/airflow/example_dags/example_branch_operator_decorator.py
[2025-03-11T05:59:53.200+0000] {processor.py:743} INFO - Processing file /home/airflow/.local/lib/python3.7/site-packages/airflow/example_dags/example_branch_operator_decorator.py for tasks to queue
[2025-03-11T05:59:53.200+0000] {logging_mixin.py:137} INFO - [2025-03-11T05:59:53.200+0000] {dagbag.py:538} INFO - Filling up the DagBag from /home/airflow/.local/lib/python3.7/site-packages/airflow/example_dags/example_branch_operator_decorator.py
[2025-03-11T05:59:53.223+0000] {processor.py:753} INFO - DAG(s) dict_keys(['example_branch_python_operator_decorator']) retrieved from /home/airflow/.local/lib/python3.7/site-packages/airflow/example_dags/example_branch_operator_decorator.py
[2025-03-11T05:59:53.255+0000] {logging_mixin.py:137} INFO - [2025-03-11T05:59:53.255+0000] {dag.py:2676} INFO - Sync 1 DAGs
[2025-03-11T05:59:53.275+0000] {logging_mixin.py:137} INFO - [2025-03-11T05:59:53.275+0000] {dag.py:3427} INFO - Setting next_dagrun for example_branch_python_operator_decorator to 2025-03-10T00:00:00+00:00, run_after=2025-03-11T00:00:00+00:00
[2025-03-11T05:59:53.291+0000] {processor.py:175} INFO - Processing /home/airflow/.local/lib/python3.7/site-packages/airflow/example_dags/example_branch_operator_decorator.py took 0.095 seconds
[2025-03-11T06:00:23.741+0000] {processor.py:153} INFO - Started process (PID=652) to work on /home/airflow/.local/lib/python3.7/site-packages/airflow/example_dags/example_branch_operator_decorator.py
[2025-03-11T06:00:23.742+0000] {processor.py:743} INFO - Processing file /home/airflow/.local/lib/python3.7/site-packages/airflow/example_dags/example_branch_operator_decorator.py for tasks to queue
[2025-03-11T06:00:23.743+0000] {logging_mixin.py:137} INFO - [2025-03-11T06:00:23.743+0000] {dagbag.py:538} INFO - Filling up the DagBag from /home/airflow/.local/lib/python3.7/site-packages/airflow/example_dags/example_branch_operator_decorator.py
[2025-03-11T06:00:23.770+0000] {processor.py:753} INFO - DAG(s) dict_keys(['example_branch_python_operator_decorator']) retrieved from /home/airflow/.local/lib/python3.7/site-packages/airflow/example_dags/example_branch_operator_decorator.py
[2025-03-11T06:00:23.801+0000] {logging_mixin.py:137} INFO - [2025-03-11T06:00:23.801+0000] {dag.py:2676} INFO - Sync 1 DAGs
[2025-03-11T06:00:23.821+0000] {logging_mixin.py:137} INFO - [2025-03-11T06:00:23.821+0000] {dag.py:3427} INFO - Setting next_dagrun for example_branch_python_operator_decorator to 2025-03-10T00:00:00+00:00, run_after=2025-03-11T00:00:00+00:00
[2025-03-11T06:00:23.838+0000] {processor.py:175} INFO - Processing /home/airflow/.local/lib/python3.7/site-packages/airflow/example_dags/example_branch_operator_decorator.py took 0.098 seconds
[2025-03-11T06:00:54.441+0000] {processor.py:153} INFO - Started process (PID=691) to work on /home/airflow/.local/lib/python3.7/site-packages/airflow/example_dags/example_branch_operator_decorator.py
[2025-03-11T06:00:54.442+0000] {processor.py:743} INFO - Processing file /home/airflow/.local/lib/python3.7/site-packages/airflow/example_dags/example_branch_operator_decorator.py for tasks to queue
[2025-03-11T06:00:54.443+0000] {logging_mixin.py:137} INFO - [2025-03-11T06:00:54.443+0000] {dagbag.py:538} INFO - Filling up the DagBag from /home/airflow/.local/lib/python3.7/site-packages/airflow/example_dags/example_branch_operator_decorator.py
[2025-03-11T06:00:54.468+0000] {processor.py:753} INFO - DAG(s) dict_keys(['example_branch_python_operator_decorator']) retrieved from /home/airflow/.local/lib/python3.7/site-packages/airflow/example_dags/example_branch_operator_decorator.py
[2025-03-11T06:00:54.500+0000] {logging_mixin.py:137} INFO - [2025-03-11T06:00:54.500+0000] {dag.py:2676} INFO - Sync 1 DAGs
[2025-03-11T06:00:54.523+0000] {logging_mixin.py:137} INFO - [2025-03-11T06:00:54.523+0000] {dag.py:3427} INFO - Setting next_dagrun for example_branch_python_operator_decorator to 2025-03-10T00:00:00+00:00, run_after=2025-03-11T00:00:00+00:00
[2025-03-11T06:00:54.545+0000] {processor.py:175} INFO - Processing /home/airflow/.local/lib/python3.7/site-packages/airflow/example_dags/example_branch_operator_decorator.py took 0.107 seconds
[2025-03-11T06:01:24.880+0000] {processor.py:153} INFO - Started process (PID=730) to work on /home/airflow/.local/lib/python3.7/site-packages/airflow/example_dags/example_branch_operator_decorator.py
[2025-03-11T06:01:24.881+0000] {processor.py:743} INFO - Processing file /home/airflow/.local/lib/python3.7/site-packages/airflow/example_dags/example_branch_operator_decorator.py for tasks to queue
[2025-03-11T06:01:24.882+0000] {logging_mixin.py:137} INFO - [2025-03-11T06:01:24.881+0000] {dagbag.py:538} INFO - Filling up the DagBag from /home/airflow/.local/lib/python3.7/site-packages/airflow/example_dags/example_branch_operator_decorator.py
[2025-03-11T06:01:24.909+0000] {processor.py:753} INFO - DAG(s) dict_keys(['example_branch_python_operator_decorator']) retrieved from /home/airflow/.local/lib/python3.7/site-packages/airflow/example_dags/example_branch_operator_decorator.py
[2025-03-11T06:01:24.941+0000] {logging_mixin.py:137} INFO - [2025-03-11T06:01:24.941+0000] {dag.py:2676} INFO - Sync 1 DAGs
[2025-03-11T06:01:24.963+0000] {logging_mixin.py:137} INFO - [2025-03-11T06:01:24.963+0000] {dag.py:3427} INFO - Setting next_dagrun for example_branch_python_operator_decorator to 2025-03-10T00:00:00+00:00, run_after=2025-03-11T00:00:00+00:00
[2025-03-11T06:01:24.981+0000] {processor.py:175} INFO - Processing /home/airflow/.local/lib/python3.7/site-packages/airflow/example_dags/example_branch_operator_decorator.py took 0.103 seconds
[2025-03-11T06:01:55.157+0000] {processor.py:153} INFO - Started process (PID=769) to work on /home/airflow/.local/lib/python3.7/site-packages/airflow/example_dags/example_branch_operator_decorator.py
[2025-03-11T06:01:55.158+0000] {processor.py:743} INFO - Processing file /home/airflow/.local/lib/python3.7/site-packages/airflow/example_dags/example_branch_operator_decorator.py for tasks to queue
[2025-03-11T06:01:55.159+0000] {logging_mixin.py:137} INFO - [2025-03-11T06:01:55.158+0000] {dagbag.py:538} INFO - Filling up the DagBag from /home/airflow/.local/lib/python3.7/site-packages/airflow/example_dags/example_branch_operator_decorator.py
[2025-03-11T06:01:55.181+0000] {processor.py:753} INFO - DAG(s) dict_keys(['example_branch_python_operator_decorator']) retrieved from /home/airflow/.local/lib/python3.7/site-packages/airflow/example_dags/example_branch_operator_decorator.py
[2025-03-11T06:01:55.212+0000] {logging_mixin.py:137} INFO - [2025-03-11T06:01:55.212+0000] {dag.py:2676} INFO - Sync 1 DAGs
[2025-03-11T06:01:55.234+0000] {logging_mixin.py:137} INFO - [2025-03-11T06:01:55.234+0000] {dag.py:3427} INFO - Setting next_dagrun for example_branch_python_operator_decorator to 2025-03-10T00:00:00+00:00, run_after=2025-03-11T00:00:00+00:00
[2025-03-11T06:01:55.253+0000] {processor.py:175} INFO - Processing /home/airflow/.local/lib/python3.7/site-packages/airflow/example_dags/example_branch_operator_decorator.py took 0.098 seconds
[2025-03-11T06:02:26.141+0000] {processor.py:153} INFO - Started process (PID=808) to work on /home/airflow/.local/lib/python3.7/site-packages/airflow/example_dags/example_branch_operator_decorator.py
[2025-03-11T06:02:26.143+0000] {processor.py:743} INFO - Processing file /home/airflow/.local/lib/python3.7/site-packages/airflow/example_dags/example_branch_operator_decorator.py for tasks to queue
[2025-03-11T06:02:26.143+0000] {logging_mixin.py:137} INFO - [2025-03-11T06:02:26.143+0000] {dagbag.py:538} INFO - Filling up the DagBag from /home/airflow/.local/lib/python3.7/site-packages/airflow/example_dags/example_branch_operator_decorator.py
[2025-03-11T06:02:26.166+0000] {processor.py:753} INFO - DAG(s) dict_keys(['example_branch_python_operator_decorator']) retrieved from /home/airflow/.local/lib/python3.7/site-packages/airflow/example_dags/example_branch_operator_decorator.py
[2025-03-11T06:02:26.196+0000] {logging_mixin.py:137} INFO - [2025-03-11T06:02:26.196+0000] {dag.py:2676} INFO - Sync 1 DAGs
[2025-03-11T06:02:26.217+0000] {logging_mixin.py:137} INFO - [2025-03-11T06:02:26.216+0000] {dag.py:3427} INFO - Setting next_dagrun for example_branch_python_operator_decorator to 2025-03-10T00:00:00+00:00, run_after=2025-03-11T00:00:00+00:00
[2025-03-11T06:02:26.238+0000] {processor.py:175} INFO - Processing /home/airflow/.local/lib/python3.7/site-packages/airflow/example_dags/example_branch_operator_decorator.py took 0.099 seconds
[2025-03-11T06:02:56.646+0000] {processor.py:153} INFO - Started process (PID=847) to work on /home/airflow/.local/lib/python3.7/site-packages/airflow/example_dags/example_branch_operator_decorator.py
[2025-03-11T06:02:56.647+0000] {processor.py:743} INFO - Processing file /home/airflow/.local/lib/python3.7/site-packages/airflow/example_dags/example_branch_operator_decorator.py for tasks to queue
[2025-03-11T06:02:56.648+0000] {logging_mixin.py:137} INFO - [2025-03-11T06:02:56.648+0000] {dagbag.py:538} INFO - Filling up the DagBag from /home/airflow/.local/lib/python3.7/site-packages/airflow/example_dags/example_branch_operator_decorator.py
[2025-03-11T06:02:56.671+0000] {processor.py:753} INFO - DAG(s) dict_keys(['example_branch_python_operator_decorator']) retrieved from /home/airflow/.local/lib/python3.7/site-packages/airflow/example_dags/example_branch_operator_decorator.py
[2025-03-11T06:02:56.705+0000] {logging_mixin.py:137} INFO - [2025-03-11T06:02:56.705+0000] {dag.py:2676} INFO - Sync 1 DAGs
[2025-03-11T06:02:56.726+0000] {logging_mixin.py:137} INFO - [2025-03-11T06:02:56.726+0000] {dag.py:3427} INFO - Setting next_dagrun for example_branch_python_operator_decorator to 2025-03-10T00:00:00+00:00, run_after=2025-03-11T00:00:00+00:00
[2025-03-11T06:02:56.746+0000] {processor.py:175} INFO - Processing /home/airflow/.local/lib/python3.7/site-packages/airflow/example_dags/example_branch_operator_decorator.py took 0.102 seconds
[2025-03-11T06:03:27.088+0000] {processor.py:153} INFO - Started process (PID=886) to work on /home/airflow/.local/lib/python3.7/site-packages/airflow/example_dags/example_branch_operator_decorator.py
[2025-03-11T06:03:27.090+0000] {processor.py:743} INFO - Processing file /home/airflow/.local/lib/python3.7/site-packages/airflow/example_dags/example_branch_operator_decorator.py for tasks to queue
[2025-03-11T06:03:27.090+0000] {logging_mixin.py:137} INFO - [2025-03-11T06:03:27.090+0000] {dagbag.py:538} INFO - Filling up the DagBag from /home/airflow/.local/lib/python3.7/site-packages/airflow/example_dags/example_branch_operator_decorator.py
[2025-03-11T06:03:27.113+0000] {processor.py:753} INFO - DAG(s) dict_keys(['example_branch_python_operator_decorator']) retrieved from /home/airflow/.local/lib/python3.7/site-packages/airflow/example_dags/example_branch_operator_decorator.py
[2025-03-11T06:03:27.145+0000] {logging_mixin.py:137} INFO - [2025-03-11T06:03:27.144+0000] {dag.py:2676} INFO - Sync 1 DAGs
[2025-03-11T06:03:27.167+0000] {logging_mixin.py:137} INFO - [2025-03-11T06:03:27.167+0000] {dag.py:3427} INFO - Setting next_dagrun for example_branch_python_operator_decorator to 2025-03-10T00:00:00+00:00, run_after=2025-03-11T00:00:00+00:00
[2025-03-11T06:03:27.183+0000] {processor.py:175} INFO - Processing /home/airflow/.local/lib/python3.7/site-packages/airflow/example_dags/example_branch_operator_decorator.py took 0.097 seconds
[2025-03-11T06:03:57.505+0000] {processor.py:153} INFO - Started process (PID=925) to work on /home/airflow/.local/lib/python3.7/site-packages/airflow/example_dags/example_branch_operator_decorator.py
[2025-03-11T06:03:57.506+0000] {processor.py:743} INFO - Processing file /home/airflow/.local/lib/python3.7/site-packages/airflow/example_dags/example_branch_operator_decorator.py for tasks to queue
[2025-03-11T06:03:57.507+0000] {logging_mixin.py:137} INFO - [2025-03-11T06:03:57.507+0000] {dagbag.py:538} INFO - Filling up the DagBag from /home/airflow/.local/lib/python3.7/site-packages/airflow/example_dags/example_branch_operator_decorator.py
[2025-03-11T06:03:57.532+0000] {processor.py:753} INFO - DAG(s) dict_keys(['example_branch_python_operator_decorator']) retrieved from /home/airflow/.local/lib/python3.7/site-packages/airflow/example_dags/example_branch_operator_decorator.py
[2025-03-11T06:03:57.564+0000] {logging_mixin.py:137} INFO - [2025-03-11T06:03:57.564+0000] {dag.py:2676} INFO - Sync 1 DAGs
[2025-03-11T06:03:57.584+0000] {logging_mixin.py:137} INFO - [2025-03-11T06:03:57.584+0000] {dag.py:3427} INFO - Setting next_dagrun for example_branch_python_operator_decorator to 2025-03-10T00:00:00+00:00, run_after=2025-03-11T00:00:00+00:00
[2025-03-11T06:03:57.600+0000] {processor.py:175} INFO - Processing /home/airflow/.local/lib/python3.7/site-packages/airflow/example_dags/example_branch_operator_decorator.py took 0.096 seconds
[2025-03-11T06:04:27.955+0000] {processor.py:153} INFO - Started process (PID=964) to work on /home/airflow/.local/lib/python3.7/site-packages/airflow/example_dags/example_branch_operator_decorator.py
[2025-03-11T06:04:27.956+0000] {processor.py:743} INFO - Processing file /home/airflow/.local/lib/python3.7/site-packages/airflow/example_dags/example_branch_operator_decorator.py for tasks to queue
[2025-03-11T06:04:27.957+0000] {logging_mixin.py:137} INFO - [2025-03-11T06:04:27.957+0000] {dagbag.py:538} INFO - Filling up the DagBag from /home/airflow/.local/lib/python3.7/site-packages/airflow/example_dags/example_branch_operator_decorator.py
[2025-03-11T06:04:27.980+0000] {processor.py:753} INFO - DAG(s) dict_keys(['example_branch_python_operator_decorator']) retrieved from /home/airflow/.local/lib/python3.7/site-packages/airflow/example_dags/example_branch_operator_decorator.py
[2025-03-11T06:04:28.010+0000] {logging_mixin.py:137} INFO - [2025-03-11T06:04:28.010+0000] {dag.py:2676} INFO - Sync 1 DAGs
[2025-03-11T06:04:28.033+0000] {logging_mixin.py:137} INFO - [2025-03-11T06:04:28.033+0000] {dag.py:3427} INFO - Setting next_dagrun for example_branch_python_operator_decorator to 2025-03-10T00:00:00+00:00, run_after=2025-03-11T00:00:00+00:00
[2025-03-11T06:04:28.052+0000] {processor.py:175} INFO - Processing /home/airflow/.local/lib/python3.7/site-packages/airflow/example_dags/example_branch_operator_decorator.py took 0.099 seconds
[2025-03-11T06:04:58.349+0000] {processor.py:153} INFO - Started process (PID=1003) to work on /home/airflow/.local/lib/python3.7/site-packages/airflow/example_dags/example_branch_operator_decorator.py
[2025-03-11T06:04:58.350+0000] {processor.py:743} INFO - Processing file /home/airflow/.local/lib/python3.7/site-packages/airflow/example_dags/example_branch_operator_decorator.py for tasks to queue
[2025-03-11T06:04:58.351+0000] {logging_mixin.py:137} INFO - [2025-03-11T06:04:58.351+0000] {dagbag.py:538} INFO - Filling up the DagBag from /home/airflow/.local/lib/python3.7/site-packages/airflow/example_dags/example_branch_operator_decorator.py
[2025-03-11T06:04:58.374+0000] {processor.py:753} INFO - DAG(s) dict_keys(['example_branch_python_operator_decorator']) retrieved from /home/airflow/.local/lib/python3.7/site-packages/airflow/example_dags/example_branch_operator_decorator.py
[2025-03-11T06:04:58.403+0000] {logging_mixin.py:137} INFO - [2025-03-11T06:04:58.403+0000] {dag.py:2676} INFO - Sync 1 DAGs
[2025-03-11T06:04:58.426+0000] {logging_mixin.py:137} INFO - [2025-03-11T06:04:58.426+0000] {dag.py:3427} INFO - Setting next_dagrun for example_branch_python_operator_decorator to 2025-03-10T00:00:00+00:00, run_after=2025-03-11T00:00:00+00:00
[2025-03-11T06:04:58.441+0000] {processor.py:175} INFO - Processing /home/airflow/.local/lib/python3.7/site-packages/airflow/example_dags/example_branch_operator_decorator.py took 0.094 seconds
[2025-03-11T06:05:28.786+0000] {processor.py:153} INFO - Started process (PID=1042) to work on /home/airflow/.local/lib/python3.7/site-packages/airflow/example_dags/example_branch_operator_decorator.py
[2025-03-11T06:05:28.787+0000] {processor.py:743} INFO - Processing file /home/airflow/.local/lib/python3.7/site-packages/airflow/example_dags/example_branch_operator_decorator.py for tasks to queue
[2025-03-11T06:05:28.788+0000] {logging_mixin.py:137} INFO - [2025-03-11T06:05:28.788+0000] {dagbag.py:538} INFO - Filling up the DagBag from /home/airflow/.local/lib/python3.7/site-packages/airflow/example_dags/example_branch_operator_decorator.py
[2025-03-11T06:05:28.811+0000] {processor.py:753} INFO - DAG(s) dict_keys(['example_branch_python_operator_decorator']) retrieved from /home/airflow/.local/lib/python3.7/site-packages/airflow/example_dags/example_branch_operator_decorator.py
[2025-03-11T06:05:28.846+0000] {logging_mixin.py:137} INFO - [2025-03-11T06:05:28.846+0000] {dag.py:2676} INFO - Sync 1 DAGs
[2025-03-11T06:05:28.872+0000] {logging_mixin.py:137} INFO - [2025-03-11T06:05:28.872+0000] {dag.py:3427} INFO - Setting next_dagrun for example_branch_python_operator_decorator to 2025-03-10T00:00:00+00:00, run_after=2025-03-11T00:00:00+00:00
[2025-03-11T06:05:28.886+0000] {processor.py:175} INFO - Processing /home/airflow/.local/lib/python3.7/site-packages/airflow/example_dags/example_branch_operator_decorator.py took 0.104 seconds
[2025-03-11T06:05:59.285+0000] {processor.py:153} INFO - Started process (PID=1081) to work on /home/airflow/.local/lib/python3.7/site-packages/airflow/example_dags/example_branch_operator_decorator.py
[2025-03-11T06:05:59.286+0000] {processor.py:743} INFO - Processing file /home/airflow/.local/lib/python3.7/site-packages/airflow/example_dags/example_branch_operator_decorator.py for tasks to queue
[2025-03-11T06:05:59.287+0000] {logging_mixin.py:137} INFO - [2025-03-11T06:05:59.286+0000] {dagbag.py:538} INFO - Filling up the DagBag from /home/airflow/.local/lib/python3.7/site-packages/airflow/example_dags/example_branch_operator_decorator.py
[2025-03-11T06:05:59.313+0000] {processor.py:753} INFO - DAG(s) dict_keys(['example_branch_python_operator_decorator']) retrieved from /home/airflow/.local/lib/python3.7/site-packages/airflow/example_dags/example_branch_operator_decorator.py
[2025-03-11T06:05:59.345+0000] {logging_mixin.py:137} INFO - [2025-03-11T06:05:59.344+0000] {dag.py:2676} INFO - Sync 1 DAGs
[2025-03-11T06:05:59.365+0000] {logging_mixin.py:137} INFO - [2025-03-11T06:05:59.364+0000] {dag.py:3427} INFO - Setting next_dagrun for example_branch_python_operator_decorator to 2025-03-10T00:00:00+00:00, run_after=2025-03-11T00:00:00+00:00
[2025-03-11T06:05:59.384+0000] {processor.py:175} INFO - Processing /home/airflow/.local/lib/python3.7/site-packages/airflow/example_dags/example_branch_operator_decorator.py took 0.101 seconds
[2025-03-11T06:06:29.673+0000] {processor.py:153} INFO - Started process (PID=1120) to work on /home/airflow/.local/lib/python3.7/site-packages/airflow/example_dags/example_branch_operator_decorator.py
[2025-03-11T06:06:29.674+0000] {processor.py:743} INFO - Processing file /home/airflow/.local/lib/python3.7/site-packages/airflow/example_dags/example_branch_operator_decorator.py for tasks to queue
[2025-03-11T06:06:29.675+0000] {logging_mixin.py:137} INFO - [2025-03-11T06:06:29.674+0000] {dagbag.py:538} INFO - Filling up the DagBag from /home/airflow/.local/lib/python3.7/site-packages/airflow/example_dags/example_branch_operator_decorator.py
[2025-03-11T06:06:29.697+0000] {processor.py:753} INFO - DAG(s) dict_keys(['example_branch_python_operator_decorator']) retrieved from /home/airflow/.local/lib/python3.7/site-packages/airflow/example_dags/example_branch_operator_decorator.py
[2025-03-11T06:06:29.728+0000] {logging_mixin.py:137} INFO - [2025-03-11T06:06:29.728+0000] {dag.py:2676} INFO - Sync 1 DAGs
[2025-03-11T06:06:29.750+0000] {logging_mixin.py:137} INFO - [2025-03-11T06:06:29.750+0000] {dag.py:3427} INFO - Setting next_dagrun for example_branch_python_operator_decorator to 2025-03-10T00:00:00+00:00, run_after=2025-03-11T00:00:00+00:00
[2025-03-11T06:06:29.765+0000] {processor.py:175} INFO - Processing /home/airflow/.local/lib/python3.7/site-packages/airflow/example_dags/example_branch_operator_decorator.py took 0.093 seconds
[2025-03-11T06:07:00.060+0000] {processor.py:153} INFO - Started process (PID=1159) to work on /home/airflow/.local/lib/python3.7/site-packages/airflow/example_dags/example_branch_operator_decorator.py
[2025-03-11T06:07:00.060+0000] {processor.py:743} INFO - Processing file /home/airflow/.local/lib/python3.7/site-packages/airflow/example_dags/example_branch_operator_decorator.py for tasks to queue
[2025-03-11T06:07:00.063+0000] {logging_mixin.py:137} INFO - [2025-03-11T06:07:00.062+0000] {dagbag.py:538} INFO - Filling up the DagBag from /home/airflow/.local/lib/python3.7/site-packages/airflow/example_dags/example_branch_operator_decorator.py
[2025-03-11T06:07:00.085+0000] {processor.py:753} INFO - DAG(s) dict_keys(['example_branch_python_operator_decorator']) retrieved from /home/airflow/.local/lib/python3.7/site-packages/airflow/example_dags/example_branch_operator_decorator.py
[2025-03-11T06:07:00.117+0000] {logging_mixin.py:137} INFO - [2025-03-11T06:07:00.117+0000] {dag.py:2676} INFO - Sync 1 DAGs
[2025-03-11T06:07:00.143+0000] {logging_mixin.py:137} INFO - [2025-03-11T06:07:00.143+0000] {dag.py:3427} INFO - Setting next_dagrun for example_branch_python_operator_decorator to 2025-03-10T00:00:00+00:00, run_after=2025-03-11T00:00:00+00:00
[2025-03-11T06:07:00.159+0000] {processor.py:175} INFO - Processing /home/airflow/.local/lib/python3.7/site-packages/airflow/example_dags/example_branch_operator_decorator.py took 0.101 seconds
[2025-03-11T06:07:30.499+0000] {processor.py:153} INFO - Started process (PID=1198) to work on /home/airflow/.local/lib/python3.7/site-packages/airflow/example_dags/example_branch_operator_decorator.py
[2025-03-11T06:07:30.500+0000] {processor.py:743} INFO - Processing file /home/airflow/.local/lib/python3.7/site-packages/airflow/example_dags/example_branch_operator_decorator.py for tasks to queue
[2025-03-11T06:07:30.500+0000] {logging_mixin.py:137} INFO - [2025-03-11T06:07:30.500+0000] {dagbag.py:538} INFO - Filling up the DagBag from /home/airflow/.local/lib/python3.7/site-packages/airflow/example_dags/example_branch_operator_decorator.py
[2025-03-11T06:07:30.524+0000] {processor.py:753} INFO - DAG(s) dict_keys(['example_branch_python_operator_decorator']) retrieved from /home/airflow/.local/lib/python3.7/site-packages/airflow/example_dags/example_branch_operator_decorator.py
[2025-03-11T06:07:30.558+0000] {logging_mixin.py:137} INFO - [2025-03-11T06:07:30.558+0000] {dag.py:2676} INFO - Sync 1 DAGs
[2025-03-11T06:07:30.579+0000] {logging_mixin.py:137} INFO - [2025-03-11T06:07:30.579+0000] {dag.py:3427} INFO - Setting next_dagrun for example_branch_python_operator_decorator to 2025-03-10T00:00:00+00:00, run_after=2025-03-11T00:00:00+00:00
[2025-03-11T06:07:30.597+0000] {processor.py:175} INFO - Processing /home/airflow/.local/lib/python3.7/site-packages/airflow/example_dags/example_branch_operator_decorator.py took 0.100 seconds
[2025-03-11T06:08:01.068+0000] {processor.py:153} INFO - Started process (PID=1237) to work on /home/airflow/.local/lib/python3.7/site-packages/airflow/example_dags/example_branch_operator_decorator.py
[2025-03-11T06:08:01.070+0000] {processor.py:743} INFO - Processing file /home/airflow/.local/lib/python3.7/site-packages/airflow/example_dags/example_branch_operator_decorator.py for tasks to queue
[2025-03-11T06:08:01.071+0000] {logging_mixin.py:137} INFO - [2025-03-11T06:08:01.071+0000] {dagbag.py:538} INFO - Filling up the DagBag from /home/airflow/.local/lib/python3.7/site-packages/airflow/example_dags/example_branch_operator_decorator.py
[2025-03-11T06:08:01.094+0000] {processor.py:753} INFO - DAG(s) dict_keys(['example_branch_python_operator_decorator']) retrieved from /home/airflow/.local/lib/python3.7/site-packages/airflow/example_dags/example_branch_operator_decorator.py
[2025-03-11T06:08:01.128+0000] {logging_mixin.py:137} INFO - [2025-03-11T06:08:01.128+0000] {dag.py:2676} INFO - Sync 1 DAGs
[2025-03-11T06:08:01.149+0000] {logging_mixin.py:137} INFO - [2025-03-11T06:08:01.149+0000] {dag.py:3427} INFO - Setting next_dagrun for example_branch_python_operator_decorator to 2025-03-10T00:00:00+00:00, run_after=2025-03-11T00:00:00+00:00
[2025-03-11T06:08:01.168+0000] {processor.py:175} INFO - Processing /home/airflow/.local/lib/python3.7/site-packages/airflow/example_dags/example_branch_operator_decorator.py took 0.102 seconds
[2025-03-11T06:08:31.528+0000] {processor.py:153} INFO - Started process (PID=1276) to work on /home/airflow/.local/lib/python3.7/site-packages/airflow/example_dags/example_branch_operator_decorator.py
[2025-03-11T06:08:31.529+0000] {processor.py:743} INFO - Processing file /home/airflow/.local/lib/python3.7/site-packages/airflow/example_dags/example_branch_operator_decorator.py for tasks to queue
[2025-03-11T06:08:31.530+0000] {logging_mixin.py:137} INFO - [2025-03-11T06:08:31.530+0000] {dagbag.py:538} INFO - Filling up the DagBag from /home/airflow/.local/lib/python3.7/site-packages/airflow/example_dags/example_branch_operator_decorator.py
[2025-03-11T06:08:31.555+0000] {processor.py:753} INFO - DAG(s) dict_keys(['example_branch_python_operator_decorator']) retrieved from /home/airflow/.local/lib/python3.7/site-packages/airflow/example_dags/example_branch_operator_decorator.py
[2025-03-11T06:08:31.586+0000] {logging_mixin.py:137} INFO - [2025-03-11T06:08:31.586+0000] {dag.py:2676} INFO - Sync 1 DAGs
[2025-03-11T06:08:31.609+0000] {logging_mixin.py:137} INFO - [2025-03-11T06:08:31.609+0000] {dag.py:3427} INFO - Setting next_dagrun for example_branch_python_operator_decorator to 2025-03-10T00:00:00+00:00, run_after=2025-03-11T00:00:00+00:00
[2025-03-11T06:08:31.627+0000] {processor.py:175} INFO - Processing /home/airflow/.local/lib/python3.7/site-packages/airflow/example_dags/example_branch_operator_decorator.py took 0.101 seconds
[2025-03-11T06:09:02.126+0000] {processor.py:153} INFO - Started process (PID=1315) to work on /home/airflow/.local/lib/python3.7/site-packages/airflow/example_dags/example_branch_operator_decorator.py
[2025-03-11T06:09:02.127+0000] {processor.py:743} INFO - Processing file /home/airflow/.local/lib/python3.7/site-packages/airflow/example_dags/example_branch_operator_decorator.py for tasks to queue
[2025-03-11T06:09:02.128+0000] {logging_mixin.py:137} INFO - [2025-03-11T06:09:02.128+0000] {dagbag.py:538} INFO - Filling up the DagBag from /home/airflow/.local/lib/python3.7/site-packages/airflow/example_dags/example_branch_operator_decorator.py
[2025-03-11T06:09:02.153+0000] {processor.py:753} INFO - DAG(s) dict_keys(['example_branch_python_operator_decorator']) retrieved from /home/airflow/.local/lib/python3.7/site-packages/airflow/example_dags/example_branch_operator_decorator.py
[2025-03-11T06:09:02.186+0000] {logging_mixin.py:137} INFO - [2025-03-11T06:09:02.186+0000] {dag.py:2676} INFO - Sync 1 DAGs
[2025-03-11T06:09:02.215+0000] {logging_mixin.py:137} INFO - [2025-03-11T06:09:02.215+0000] {dag.py:3427} INFO - Setting next_dagrun for example_branch_python_operator_decorator to 2025-03-10T00:00:00+00:00, run_after=2025-03-11T00:00:00+00:00
[2025-03-11T06:09:02.230+0000] {processor.py:175} INFO - Processing /home/airflow/.local/lib/python3.7/site-packages/airflow/example_dags/example_branch_operator_decorator.py took 0.106 seconds
[2025-03-11T06:09:32.598+0000] {processor.py:153} INFO - Started process (PID=1354) to work on /home/airflow/.local/lib/python3.7/site-packages/airflow/example_dags/example_branch_operator_decorator.py
[2025-03-11T06:09:32.598+0000] {processor.py:743} INFO - Processing file /home/airflow/.local/lib/python3.7/site-packages/airflow/example_dags/example_branch_operator_decorator.py for tasks to queue
[2025-03-11T06:09:32.599+0000] {logging_mixin.py:137} INFO - [2025-03-11T06:09:32.599+0000] {dagbag.py:538} INFO - Filling up the DagBag from /home/airflow/.local/lib/python3.7/site-packages/airflow/example_dags/example_branch_operator_decorator.py
[2025-03-11T06:09:32.621+0000] {processor.py:753} INFO - DAG(s) dict_keys(['example_branch_python_operator_decorator']) retrieved from /home/airflow/.local/lib/python3.7/site-packages/airflow/example_dags/example_branch_operator_decorator.py
[2025-03-11T06:09:32.650+0000] {logging_mixin.py:137} INFO - [2025-03-11T06:09:32.650+0000] {dag.py:2676} INFO - Sync 1 DAGs
[2025-03-11T06:09:32.670+0000] {logging_mixin.py:137} INFO - [2025-03-11T06:09:32.670+0000] {dag.py:3427} INFO - Setting next_dagrun for example_branch_python_operator_decorator to 2025-03-10T00:00:00+00:00, run_after=2025-03-11T00:00:00+00:00
[2025-03-11T06:09:32.690+0000] {processor.py:175} INFO - Processing /home/airflow/.local/lib/python3.7/site-packages/airflow/example_dags/example_branch_operator_decorator.py took 0.094 seconds
[2025-03-11T06:10:03.082+0000] {processor.py:153} INFO - Started process (PID=1393) to work on /home/airflow/.local/lib/python3.7/site-packages/airflow/example_dags/example_branch_operator_decorator.py
[2025-03-11T06:10:03.083+0000] {processor.py:743} INFO - Processing file /home/airflow/.local/lib/python3.7/site-packages/airflow/example_dags/example_branch_operator_decorator.py for tasks to queue
[2025-03-11T06:10:03.084+0000] {logging_mixin.py:137} INFO - [2025-03-11T06:10:03.084+0000] {dagbag.py:538} INFO - Filling up the DagBag from /home/airflow/.local/lib/python3.7/site-packages/airflow/example_dags/example_branch_operator_decorator.py
[2025-03-11T06:10:03.108+0000] {processor.py:753} INFO - DAG(s) dict_keys(['example_branch_python_operator_decorator']) retrieved from /home/airflow/.local/lib/python3.7/site-packages/airflow/example_dags/example_branch_operator_decorator.py
[2025-03-11T06:10:03.143+0000] {logging_mixin.py:137} INFO - [2025-03-11T06:10:03.143+0000] {dag.py:2676} INFO - Sync 1 DAGs
[2025-03-11T06:10:03.164+0000] {logging_mixin.py:137} INFO - [2025-03-11T06:10:03.164+0000] {dag.py:3427} INFO - Setting next_dagrun for example_branch_python_operator_decorator to 2025-03-10T00:00:00+00:00, run_after=2025-03-11T00:00:00+00:00
[2025-03-11T06:10:03.181+0000] {processor.py:175} INFO - Processing /home/airflow/.local/lib/python3.7/site-packages/airflow/example_dags/example_branch_operator_decorator.py took 0.100 seconds
