[2025-03-11T05:52:38.262+0000] {processor.py:153} INFO - Started process (PID=38) to work on /home/airflow/.local/lib/python3.7/site-packages/airflow/example_dags/example_local_kubernetes_executor.py
[2025-03-11T05:52:38.269+0000] {processor.py:743} INFO - Processing file /home/airflow/.local/lib/python3.7/site-packages/airflow/example_dags/example_local_kubernetes_executor.py for tasks to queue
[2025-03-11T05:52:38.275+0000] {logging_mixin.py:137} INFO - [2025-03-11T05:52:38.274+0000] {dagbag.py:538} INFO - Filling up the DagBag from /home/airflow/.local/lib/python3.7/site-packages/airflow/example_dags/example_local_kubernetes_executor.py
[2025-03-11T05:52:38.457+0000] {processor.py:753} INFO - DAG(s) dict_keys(['example_local_kubernetes_executor']) retrieved from /home/airflow/.local/lib/python3.7/site-packages/airflow/example_dags/example_local_kubernetes_executor.py
[2025-03-11T05:52:38.521+0000] {logging_mixin.py:137} INFO - [2025-03-11T05:52:38.521+0000] {dag.py:2676} INFO - Sync 1 DAGs
[2025-03-11T05:52:38.558+0000] {logging_mixin.py:137} INFO - [2025-03-11T05:52:38.558+0000] {dag.py:3427} INFO - Setting next_dagrun for example_local_kubernetes_executor to None, run_after=None
[2025-03-11T05:52:38.604+0000] {processor.py:175} INFO - Processing /home/airflow/.local/lib/python3.7/site-packages/airflow/example_dags/example_local_kubernetes_executor.py took 0.351 seconds
[2025-03-11T05:53:08.766+0000] {processor.py:153} INFO - Started process (PID=77) to work on /home/airflow/.local/lib/python3.7/site-packages/airflow/example_dags/example_local_kubernetes_executor.py
[2025-03-11T05:53:08.768+0000] {processor.py:743} INFO - Processing file /home/airflow/.local/lib/python3.7/site-packages/airflow/example_dags/example_local_kubernetes_executor.py for tasks to queue
[2025-03-11T05:53:08.772+0000] {logging_mixin.py:137} INFO - [2025-03-11T05:53:08.772+0000] {dagbag.py:538} INFO - Filling up the DagBag from /home/airflow/.local/lib/python3.7/site-packages/airflow/example_dags/example_local_kubernetes_executor.py
[2025-03-11T05:53:08.859+0000] {processor.py:753} INFO - DAG(s) dict_keys(['example_local_kubernetes_executor']) retrieved from /home/airflow/.local/lib/python3.7/site-packages/airflow/example_dags/example_local_kubernetes_executor.py
[2025-03-11T05:53:08.896+0000] {logging_mixin.py:137} INFO - [2025-03-11T05:53:08.895+0000] {dag.py:2676} INFO - Sync 1 DAGs
[2025-03-11T05:53:08.931+0000] {logging_mixin.py:137} INFO - [2025-03-11T05:53:08.931+0000] {dag.py:3427} INFO - Setting next_dagrun for example_local_kubernetes_executor to None, run_after=None
[2025-03-11T05:53:08.962+0000] {processor.py:175} INFO - Processing /home/airflow/.local/lib/python3.7/site-packages/airflow/example_dags/example_local_kubernetes_executor.py took 0.204 seconds
[2025-03-11T05:53:39.357+0000] {processor.py:153} INFO - Started process (PID=116) to work on /home/airflow/.local/lib/python3.7/site-packages/airflow/example_dags/example_local_kubernetes_executor.py
[2025-03-11T05:53:39.359+0000] {processor.py:743} INFO - Processing file /home/airflow/.local/lib/python3.7/site-packages/airflow/example_dags/example_local_kubernetes_executor.py for tasks to queue
[2025-03-11T05:53:39.361+0000] {logging_mixin.py:137} INFO - [2025-03-11T05:53:39.361+0000] {dagbag.py:538} INFO - Filling up the DagBag from /home/airflow/.local/lib/python3.7/site-packages/airflow/example_dags/example_local_kubernetes_executor.py
[2025-03-11T05:53:39.410+0000] {processor.py:753} INFO - DAG(s) dict_keys(['example_local_kubernetes_executor']) retrieved from /home/airflow/.local/lib/python3.7/site-packages/airflow/example_dags/example_local_kubernetes_executor.py
[2025-03-11T05:53:39.489+0000] {logging_mixin.py:137} INFO - [2025-03-11T05:53:39.489+0000] {dag.py:2676} INFO - Sync 1 DAGs
[2025-03-11T05:53:39.516+0000] {logging_mixin.py:137} INFO - [2025-03-11T05:53:39.516+0000] {dag.py:3427} INFO - Setting next_dagrun for example_local_kubernetes_executor to None, run_after=None
[2025-03-11T05:53:39.541+0000] {processor.py:175} INFO - Processing /home/airflow/.local/lib/python3.7/site-packages/airflow/example_dags/example_local_kubernetes_executor.py took 0.190 seconds
[2025-03-11T05:54:10.206+0000] {processor.py:153} INFO - Started process (PID=155) to work on /home/airflow/.local/lib/python3.7/site-packages/airflow/example_dags/example_local_kubernetes_executor.py
[2025-03-11T05:54:10.208+0000] {processor.py:743} INFO - Processing file /home/airflow/.local/lib/python3.7/site-packages/airflow/example_dags/example_local_kubernetes_executor.py for tasks to queue
[2025-03-11T05:54:10.209+0000] {logging_mixin.py:137} INFO - [2025-03-11T05:54:10.209+0000] {dagbag.py:538} INFO - Filling up the DagBag from /home/airflow/.local/lib/python3.7/site-packages/airflow/example_dags/example_local_kubernetes_executor.py
[2025-03-11T05:54:10.252+0000] {processor.py:753} INFO - DAG(s) dict_keys(['example_local_kubernetes_executor']) retrieved from /home/airflow/.local/lib/python3.7/site-packages/airflow/example_dags/example_local_kubernetes_executor.py
[2025-03-11T05:54:10.351+0000] {logging_mixin.py:137} INFO - [2025-03-11T05:54:10.351+0000] {dag.py:2676} INFO - Sync 1 DAGs
[2025-03-11T05:54:10.400+0000] {logging_mixin.py:137} INFO - [2025-03-11T05:54:10.400+0000] {dag.py:3427} INFO - Setting next_dagrun for example_local_kubernetes_executor to None, run_after=None
[2025-03-11T05:54:10.442+0000] {processor.py:175} INFO - Processing /home/airflow/.local/lib/python3.7/site-packages/airflow/example_dags/example_local_kubernetes_executor.py took 0.248 seconds
[2025-03-11T05:54:40.586+0000] {processor.py:153} INFO - Started process (PID=194) to work on /home/airflow/.local/lib/python3.7/site-packages/airflow/example_dags/example_local_kubernetes_executor.py
[2025-03-11T05:54:40.588+0000] {processor.py:743} INFO - Processing file /home/airflow/.local/lib/python3.7/site-packages/airflow/example_dags/example_local_kubernetes_executor.py for tasks to queue
[2025-03-11T05:54:40.590+0000] {logging_mixin.py:137} INFO - [2025-03-11T05:54:40.589+0000] {dagbag.py:538} INFO - Filling up the DagBag from /home/airflow/.local/lib/python3.7/site-packages/airflow/example_dags/example_local_kubernetes_executor.py
[2025-03-11T05:54:40.634+0000] {processor.py:753} INFO - DAG(s) dict_keys(['example_local_kubernetes_executor']) retrieved from /home/airflow/.local/lib/python3.7/site-packages/airflow/example_dags/example_local_kubernetes_executor.py
[2025-03-11T05:54:40.703+0000] {logging_mixin.py:137} INFO - [2025-03-11T05:54:40.702+0000] {dag.py:2676} INFO - Sync 1 DAGs
[2025-03-11T05:54:40.736+0000] {logging_mixin.py:137} INFO - [2025-03-11T05:54:40.736+0000] {dag.py:3427} INFO - Setting next_dagrun for example_local_kubernetes_executor to None, run_after=None
[2025-03-11T05:54:40.761+0000] {processor.py:175} INFO - Processing /home/airflow/.local/lib/python3.7/site-packages/airflow/example_dags/example_local_kubernetes_executor.py took 0.184 seconds
[2025-03-11T05:55:11.006+0000] {processor.py:153} INFO - Started process (PID=233) to work on /home/airflow/.local/lib/python3.7/site-packages/airflow/example_dags/example_local_kubernetes_executor.py
[2025-03-11T05:55:11.008+0000] {processor.py:743} INFO - Processing file /home/airflow/.local/lib/python3.7/site-packages/airflow/example_dags/example_local_kubernetes_executor.py for tasks to queue
[2025-03-11T05:55:11.009+0000] {logging_mixin.py:137} INFO - [2025-03-11T05:55:11.009+0000] {dagbag.py:538} INFO - Filling up the DagBag from /home/airflow/.local/lib/python3.7/site-packages/airflow/example_dags/example_local_kubernetes_executor.py
[2025-03-11T05:55:11.055+0000] {processor.py:753} INFO - DAG(s) dict_keys(['example_local_kubernetes_executor']) retrieved from /home/airflow/.local/lib/python3.7/site-packages/airflow/example_dags/example_local_kubernetes_executor.py
[2025-03-11T05:55:11.110+0000] {logging_mixin.py:137} INFO - [2025-03-11T05:55:11.110+0000] {dag.py:2676} INFO - Sync 1 DAGs
[2025-03-11T05:55:11.136+0000] {logging_mixin.py:137} INFO - [2025-03-11T05:55:11.136+0000] {dag.py:3427} INFO - Setting next_dagrun for example_local_kubernetes_executor to None, run_after=None
[2025-03-11T05:55:11.154+0000] {processor.py:175} INFO - Processing /home/airflow/.local/lib/python3.7/site-packages/airflow/example_dags/example_local_kubernetes_executor.py took 0.155 seconds
[2025-03-11T05:55:41.760+0000] {processor.py:153} INFO - Started process (PID=272) to work on /home/airflow/.local/lib/python3.7/site-packages/airflow/example_dags/example_local_kubernetes_executor.py
[2025-03-11T05:55:41.762+0000] {processor.py:743} INFO - Processing file /home/airflow/.local/lib/python3.7/site-packages/airflow/example_dags/example_local_kubernetes_executor.py for tasks to queue
[2025-03-11T05:55:41.763+0000] {logging_mixin.py:137} INFO - [2025-03-11T05:55:41.763+0000] {dagbag.py:538} INFO - Filling up the DagBag from /home/airflow/.local/lib/python3.7/site-packages/airflow/example_dags/example_local_kubernetes_executor.py
[2025-03-11T05:55:41.800+0000] {processor.py:753} INFO - DAG(s) dict_keys(['example_local_kubernetes_executor']) retrieved from /home/airflow/.local/lib/python3.7/site-packages/airflow/example_dags/example_local_kubernetes_executor.py
[2025-03-11T05:55:41.846+0000] {logging_mixin.py:137} INFO - [2025-03-11T05:55:41.846+0000] {dag.py:2676} INFO - Sync 1 DAGs
[2025-03-11T05:55:41.873+0000] {logging_mixin.py:137} INFO - [2025-03-11T05:55:41.873+0000] {dag.py:3427} INFO - Setting next_dagrun for example_local_kubernetes_executor to None, run_after=None
[2025-03-11T05:55:41.894+0000] {processor.py:175} INFO - Processing /home/airflow/.local/lib/python3.7/site-packages/airflow/example_dags/example_local_kubernetes_executor.py took 0.139 seconds
[2025-03-11T05:56:12.124+0000] {processor.py:153} INFO - Started process (PID=311) to work on /home/airflow/.local/lib/python3.7/site-packages/airflow/example_dags/example_local_kubernetes_executor.py
[2025-03-11T05:56:12.127+0000] {processor.py:743} INFO - Processing file /home/airflow/.local/lib/python3.7/site-packages/airflow/example_dags/example_local_kubernetes_executor.py for tasks to queue
[2025-03-11T05:56:12.129+0000] {logging_mixin.py:137} INFO - [2025-03-11T05:56:12.128+0000] {dagbag.py:538} INFO - Filling up the DagBag from /home/airflow/.local/lib/python3.7/site-packages/airflow/example_dags/example_local_kubernetes_executor.py
[2025-03-11T05:56:12.183+0000] {processor.py:753} INFO - DAG(s) dict_keys(['example_local_kubernetes_executor']) retrieved from /home/airflow/.local/lib/python3.7/site-packages/airflow/example_dags/example_local_kubernetes_executor.py
[2025-03-11T05:56:12.245+0000] {logging_mixin.py:137} INFO - [2025-03-11T05:56:12.245+0000] {dag.py:2676} INFO - Sync 1 DAGs
[2025-03-11T05:56:12.274+0000] {logging_mixin.py:137} INFO - [2025-03-11T05:56:12.274+0000] {dag.py:3427} INFO - Setting next_dagrun for example_local_kubernetes_executor to None, run_after=None
[2025-03-11T05:56:12.295+0000] {processor.py:175} INFO - Processing /home/airflow/.local/lib/python3.7/site-packages/airflow/example_dags/example_local_kubernetes_executor.py took 0.180 seconds
[2025-03-11T05:56:42.477+0000] {processor.py:153} INFO - Started process (PID=350) to work on /home/airflow/.local/lib/python3.7/site-packages/airflow/example_dags/example_local_kubernetes_executor.py
[2025-03-11T05:56:42.479+0000] {processor.py:743} INFO - Processing file /home/airflow/.local/lib/python3.7/site-packages/airflow/example_dags/example_local_kubernetes_executor.py for tasks to queue
[2025-03-11T05:56:42.481+0000] {logging_mixin.py:137} INFO - [2025-03-11T05:56:42.480+0000] {dagbag.py:538} INFO - Filling up the DagBag from /home/airflow/.local/lib/python3.7/site-packages/airflow/example_dags/example_local_kubernetes_executor.py
[2025-03-11T05:56:42.518+0000] {processor.py:753} INFO - DAG(s) dict_keys(['example_local_kubernetes_executor']) retrieved from /home/airflow/.local/lib/python3.7/site-packages/airflow/example_dags/example_local_kubernetes_executor.py
[2025-03-11T05:56:42.558+0000] {logging_mixin.py:137} INFO - [2025-03-11T05:56:42.558+0000] {dag.py:2676} INFO - Sync 1 DAGs
[2025-03-11T05:56:42.578+0000] {logging_mixin.py:137} INFO - [2025-03-11T05:56:42.578+0000] {dag.py:3427} INFO - Setting next_dagrun for example_local_kubernetes_executor to None, run_after=None
[2025-03-11T05:56:42.596+0000] {processor.py:175} INFO - Processing /home/airflow/.local/lib/python3.7/site-packages/airflow/example_dags/example_local_kubernetes_executor.py took 0.127 seconds
[2025-03-11T05:57:12.911+0000] {processor.py:153} INFO - Started process (PID=389) to work on /home/airflow/.local/lib/python3.7/site-packages/airflow/example_dags/example_local_kubernetes_executor.py
[2025-03-11T05:57:12.913+0000] {processor.py:743} INFO - Processing file /home/airflow/.local/lib/python3.7/site-packages/airflow/example_dags/example_local_kubernetes_executor.py for tasks to queue
[2025-03-11T05:57:12.914+0000] {logging_mixin.py:137} INFO - [2025-03-11T05:57:12.914+0000] {dagbag.py:538} INFO - Filling up the DagBag from /home/airflow/.local/lib/python3.7/site-packages/airflow/example_dags/example_local_kubernetes_executor.py
[2025-03-11T05:57:12.952+0000] {processor.py:753} INFO - DAG(s) dict_keys(['example_local_kubernetes_executor']) retrieved from /home/airflow/.local/lib/python3.7/site-packages/airflow/example_dags/example_local_kubernetes_executor.py
[2025-03-11T05:57:12.993+0000] {logging_mixin.py:137} INFO - [2025-03-11T05:57:12.992+0000] {dag.py:2676} INFO - Sync 1 DAGs
[2025-03-11T05:57:13.021+0000] {logging_mixin.py:137} INFO - [2025-03-11T05:57:13.021+0000] {dag.py:3427} INFO - Setting next_dagrun for example_local_kubernetes_executor to None, run_after=None
[2025-03-11T05:57:13.037+0000] {processor.py:175} INFO - Processing /home/airflow/.local/lib/python3.7/site-packages/airflow/example_dags/example_local_kubernetes_executor.py took 0.131 seconds
[2025-03-11T05:57:43.375+0000] {processor.py:153} INFO - Started process (PID=428) to work on /home/airflow/.local/lib/python3.7/site-packages/airflow/example_dags/example_local_kubernetes_executor.py
[2025-03-11T05:57:43.380+0000] {processor.py:743} INFO - Processing file /home/airflow/.local/lib/python3.7/site-packages/airflow/example_dags/example_local_kubernetes_executor.py for tasks to queue
[2025-03-11T05:57:43.382+0000] {logging_mixin.py:137} INFO - [2025-03-11T05:57:43.381+0000] {dagbag.py:538} INFO - Filling up the DagBag from /home/airflow/.local/lib/python3.7/site-packages/airflow/example_dags/example_local_kubernetes_executor.py
[2025-03-11T05:57:43.473+0000] {processor.py:753} INFO - DAG(s) dict_keys(['example_local_kubernetes_executor']) retrieved from /home/airflow/.local/lib/python3.7/site-packages/airflow/example_dags/example_local_kubernetes_executor.py
[2025-03-11T05:57:43.545+0000] {logging_mixin.py:137} INFO - [2025-03-11T05:57:43.545+0000] {dag.py:2676} INFO - Sync 1 DAGs
[2025-03-11T05:57:43.573+0000] {logging_mixin.py:137} INFO - [2025-03-11T05:57:43.572+0000] {dag.py:3427} INFO - Setting next_dagrun for example_local_kubernetes_executor to None, run_after=None
[2025-03-11T05:57:43.592+0000] {processor.py:175} INFO - Processing /home/airflow/.local/lib/python3.7/site-packages/airflow/example_dags/example_local_kubernetes_executor.py took 0.233 seconds
[2025-03-11T05:58:13.916+0000] {processor.py:153} INFO - Started process (PID=467) to work on /home/airflow/.local/lib/python3.7/site-packages/airflow/example_dags/example_local_kubernetes_executor.py
[2025-03-11T05:58:13.919+0000] {processor.py:743} INFO - Processing file /home/airflow/.local/lib/python3.7/site-packages/airflow/example_dags/example_local_kubernetes_executor.py for tasks to queue
[2025-03-11T05:58:13.921+0000] {logging_mixin.py:137} INFO - [2025-03-11T05:58:13.920+0000] {dagbag.py:538} INFO - Filling up the DagBag from /home/airflow/.local/lib/python3.7/site-packages/airflow/example_dags/example_local_kubernetes_executor.py
[2025-03-11T05:58:13.960+0000] {processor.py:753} INFO - DAG(s) dict_keys(['example_local_kubernetes_executor']) retrieved from /home/airflow/.local/lib/python3.7/site-packages/airflow/example_dags/example_local_kubernetes_executor.py
[2025-03-11T05:58:14.003+0000] {logging_mixin.py:137} INFO - [2025-03-11T05:58:14.003+0000] {dag.py:2676} INFO - Sync 1 DAGs
[2025-03-11T05:58:14.028+0000] {logging_mixin.py:137} INFO - [2025-03-11T05:58:14.028+0000] {dag.py:3427} INFO - Setting next_dagrun for example_local_kubernetes_executor to None, run_after=None
[2025-03-11T05:58:14.059+0000] {processor.py:175} INFO - Processing /home/airflow/.local/lib/python3.7/site-packages/airflow/example_dags/example_local_kubernetes_executor.py took 0.148 seconds
[2025-03-11T05:58:44.336+0000] {processor.py:153} INFO - Started process (PID=506) to work on /home/airflow/.local/lib/python3.7/site-packages/airflow/example_dags/example_local_kubernetes_executor.py
[2025-03-11T05:58:44.339+0000] {processor.py:743} INFO - Processing file /home/airflow/.local/lib/python3.7/site-packages/airflow/example_dags/example_local_kubernetes_executor.py for tasks to queue
[2025-03-11T05:58:44.340+0000] {logging_mixin.py:137} INFO - [2025-03-11T05:58:44.340+0000] {dagbag.py:538} INFO - Filling up the DagBag from /home/airflow/.local/lib/python3.7/site-packages/airflow/example_dags/example_local_kubernetes_executor.py
[2025-03-11T05:58:44.376+0000] {processor.py:753} INFO - DAG(s) dict_keys(['example_local_kubernetes_executor']) retrieved from /home/airflow/.local/lib/python3.7/site-packages/airflow/example_dags/example_local_kubernetes_executor.py
[2025-03-11T05:58:44.418+0000] {logging_mixin.py:137} INFO - [2025-03-11T05:58:44.418+0000] {dag.py:2676} INFO - Sync 1 DAGs
[2025-03-11T05:58:44.442+0000] {logging_mixin.py:137} INFO - [2025-03-11T05:58:44.442+0000] {dag.py:3427} INFO - Setting next_dagrun for example_local_kubernetes_executor to None, run_after=None
[2025-03-11T05:58:44.458+0000] {processor.py:175} INFO - Processing /home/airflow/.local/lib/python3.7/site-packages/airflow/example_dags/example_local_kubernetes_executor.py took 0.128 seconds
[2025-03-11T05:59:14.847+0000] {processor.py:153} INFO - Started process (PID=545) to work on /home/airflow/.local/lib/python3.7/site-packages/airflow/example_dags/example_local_kubernetes_executor.py
[2025-03-11T05:59:14.849+0000] {processor.py:743} INFO - Processing file /home/airflow/.local/lib/python3.7/site-packages/airflow/example_dags/example_local_kubernetes_executor.py for tasks to queue
[2025-03-11T05:59:14.851+0000] {logging_mixin.py:137} INFO - [2025-03-11T05:59:14.851+0000] {dagbag.py:538} INFO - Filling up the DagBag from /home/airflow/.local/lib/python3.7/site-packages/airflow/example_dags/example_local_kubernetes_executor.py
[2025-03-11T05:59:14.902+0000] {processor.py:753} INFO - DAG(s) dict_keys(['example_local_kubernetes_executor']) retrieved from /home/airflow/.local/lib/python3.7/site-packages/airflow/example_dags/example_local_kubernetes_executor.py
[2025-03-11T05:59:14.957+0000] {logging_mixin.py:137} INFO - [2025-03-11T05:59:14.957+0000] {dag.py:2676} INFO - Sync 1 DAGs
[2025-03-11T05:59:14.983+0000] {logging_mixin.py:137} INFO - [2025-03-11T05:59:14.982+0000] {dag.py:3427} INFO - Setting next_dagrun for example_local_kubernetes_executor to None, run_after=None
[2025-03-11T05:59:15.011+0000] {processor.py:175} INFO - Processing /home/airflow/.local/lib/python3.7/site-packages/airflow/example_dags/example_local_kubernetes_executor.py took 0.173 seconds
[2025-03-11T05:59:45.441+0000] {processor.py:153} INFO - Started process (PID=584) to work on /home/airflow/.local/lib/python3.7/site-packages/airflow/example_dags/example_local_kubernetes_executor.py
[2025-03-11T05:59:45.443+0000] {processor.py:743} INFO - Processing file /home/airflow/.local/lib/python3.7/site-packages/airflow/example_dags/example_local_kubernetes_executor.py for tasks to queue
[2025-03-11T05:59:45.445+0000] {logging_mixin.py:137} INFO - [2025-03-11T05:59:45.444+0000] {dagbag.py:538} INFO - Filling up the DagBag from /home/airflow/.local/lib/python3.7/site-packages/airflow/example_dags/example_local_kubernetes_executor.py
[2025-03-11T05:59:45.488+0000] {processor.py:753} INFO - DAG(s) dict_keys(['example_local_kubernetes_executor']) retrieved from /home/airflow/.local/lib/python3.7/site-packages/airflow/example_dags/example_local_kubernetes_executor.py
[2025-03-11T05:59:45.535+0000] {logging_mixin.py:137} INFO - [2025-03-11T05:59:45.535+0000] {dag.py:2676} INFO - Sync 1 DAGs
[2025-03-11T05:59:45.559+0000] {logging_mixin.py:137} INFO - [2025-03-11T05:59:45.559+0000] {dag.py:3427} INFO - Setting next_dagrun for example_local_kubernetes_executor to None, run_after=None
[2025-03-11T05:59:45.580+0000] {processor.py:175} INFO - Processing /home/airflow/.local/lib/python3.7/site-packages/airflow/example_dags/example_local_kubernetes_executor.py took 0.148 seconds
[2025-03-11T06:00:15.994+0000] {processor.py:153} INFO - Started process (PID=623) to work on /home/airflow/.local/lib/python3.7/site-packages/airflow/example_dags/example_local_kubernetes_executor.py
[2025-03-11T06:00:15.996+0000] {processor.py:743} INFO - Processing file /home/airflow/.local/lib/python3.7/site-packages/airflow/example_dags/example_local_kubernetes_executor.py for tasks to queue
[2025-03-11T06:00:15.997+0000] {logging_mixin.py:137} INFO - [2025-03-11T06:00:15.997+0000] {dagbag.py:538} INFO - Filling up the DagBag from /home/airflow/.local/lib/python3.7/site-packages/airflow/example_dags/example_local_kubernetes_executor.py
[2025-03-11T06:00:16.038+0000] {processor.py:753} INFO - DAG(s) dict_keys(['example_local_kubernetes_executor']) retrieved from /home/airflow/.local/lib/python3.7/site-packages/airflow/example_dags/example_local_kubernetes_executor.py
[2025-03-11T06:00:16.085+0000] {logging_mixin.py:137} INFO - [2025-03-11T06:00:16.085+0000] {dag.py:2676} INFO - Sync 1 DAGs
[2025-03-11T06:00:16.106+0000] {logging_mixin.py:137} INFO - [2025-03-11T06:00:16.105+0000] {dag.py:3427} INFO - Setting next_dagrun for example_local_kubernetes_executor to None, run_after=None
[2025-03-11T06:00:16.123+0000] {processor.py:175} INFO - Processing /home/airflow/.local/lib/python3.7/site-packages/airflow/example_dags/example_local_kubernetes_executor.py took 0.137 seconds
[2025-03-11T06:00:46.581+0000] {processor.py:153} INFO - Started process (PID=662) to work on /home/airflow/.local/lib/python3.7/site-packages/airflow/example_dags/example_local_kubernetes_executor.py
[2025-03-11T06:00:46.585+0000] {processor.py:743} INFO - Processing file /home/airflow/.local/lib/python3.7/site-packages/airflow/example_dags/example_local_kubernetes_executor.py for tasks to queue
[2025-03-11T06:00:46.588+0000] {logging_mixin.py:137} INFO - [2025-03-11T06:00:46.588+0000] {dagbag.py:538} INFO - Filling up the DagBag from /home/airflow/.local/lib/python3.7/site-packages/airflow/example_dags/example_local_kubernetes_executor.py
[2025-03-11T06:00:46.651+0000] {processor.py:753} INFO - DAG(s) dict_keys(['example_local_kubernetes_executor']) retrieved from /home/airflow/.local/lib/python3.7/site-packages/airflow/example_dags/example_local_kubernetes_executor.py
[2025-03-11T06:00:46.734+0000] {logging_mixin.py:137} INFO - [2025-03-11T06:00:46.733+0000] {dag.py:2676} INFO - Sync 1 DAGs
[2025-03-11T06:00:46.766+0000] {logging_mixin.py:137} INFO - [2025-03-11T06:00:46.766+0000] {dag.py:3427} INFO - Setting next_dagrun for example_local_kubernetes_executor to None, run_after=None
[2025-03-11T06:00:46.786+0000] {processor.py:175} INFO - Processing /home/airflow/.local/lib/python3.7/site-packages/airflow/example_dags/example_local_kubernetes_executor.py took 0.218 seconds
[2025-03-11T06:01:17.195+0000] {processor.py:153} INFO - Started process (PID=701) to work on /home/airflow/.local/lib/python3.7/site-packages/airflow/example_dags/example_local_kubernetes_executor.py
[2025-03-11T06:01:17.196+0000] {processor.py:743} INFO - Processing file /home/airflow/.local/lib/python3.7/site-packages/airflow/example_dags/example_local_kubernetes_executor.py for tasks to queue
[2025-03-11T06:01:17.197+0000] {logging_mixin.py:137} INFO - [2025-03-11T06:01:17.197+0000] {dagbag.py:538} INFO - Filling up the DagBag from /home/airflow/.local/lib/python3.7/site-packages/airflow/example_dags/example_local_kubernetes_executor.py
[2025-03-11T06:01:17.220+0000] {processor.py:753} INFO - DAG(s) dict_keys(['example_local_kubernetes_executor']) retrieved from /home/airflow/.local/lib/python3.7/site-packages/airflow/example_dags/example_local_kubernetes_executor.py
[2025-03-11T06:01:17.259+0000] {logging_mixin.py:137} INFO - [2025-03-11T06:01:17.259+0000] {dag.py:2676} INFO - Sync 1 DAGs
[2025-03-11T06:01:17.281+0000] {logging_mixin.py:137} INFO - [2025-03-11T06:01:17.281+0000] {dag.py:3427} INFO - Setting next_dagrun for example_local_kubernetes_executor to None, run_after=None
[2025-03-11T06:01:17.303+0000] {processor.py:175} INFO - Processing /home/airflow/.local/lib/python3.7/site-packages/airflow/example_dags/example_local_kubernetes_executor.py took 0.112 seconds
[2025-03-11T06:01:47.579+0000] {processor.py:153} INFO - Started process (PID=740) to work on /home/airflow/.local/lib/python3.7/site-packages/airflow/example_dags/example_local_kubernetes_executor.py
[2025-03-11T06:01:47.580+0000] {processor.py:743} INFO - Processing file /home/airflow/.local/lib/python3.7/site-packages/airflow/example_dags/example_local_kubernetes_executor.py for tasks to queue
[2025-03-11T06:01:47.581+0000] {logging_mixin.py:137} INFO - [2025-03-11T06:01:47.580+0000] {dagbag.py:538} INFO - Filling up the DagBag from /home/airflow/.local/lib/python3.7/site-packages/airflow/example_dags/example_local_kubernetes_executor.py
[2025-03-11T06:01:47.604+0000] {processor.py:753} INFO - DAG(s) dict_keys(['example_local_kubernetes_executor']) retrieved from /home/airflow/.local/lib/python3.7/site-packages/airflow/example_dags/example_local_kubernetes_executor.py
[2025-03-11T06:01:47.646+0000] {logging_mixin.py:137} INFO - [2025-03-11T06:01:47.646+0000] {dag.py:2676} INFO - Sync 1 DAGs
[2025-03-11T06:01:47.668+0000] {logging_mixin.py:137} INFO - [2025-03-11T06:01:47.668+0000] {dag.py:3427} INFO - Setting next_dagrun for example_local_kubernetes_executor to None, run_after=None
[2025-03-11T06:01:47.684+0000] {processor.py:175} INFO - Processing /home/airflow/.local/lib/python3.7/site-packages/airflow/example_dags/example_local_kubernetes_executor.py took 0.108 seconds
[2025-03-11T06:02:17.975+0000] {processor.py:153} INFO - Started process (PID=779) to work on /home/airflow/.local/lib/python3.7/site-packages/airflow/example_dags/example_local_kubernetes_executor.py
[2025-03-11T06:02:17.979+0000] {processor.py:743} INFO - Processing file /home/airflow/.local/lib/python3.7/site-packages/airflow/example_dags/example_local_kubernetes_executor.py for tasks to queue
[2025-03-11T06:02:17.980+0000] {logging_mixin.py:137} INFO - [2025-03-11T06:02:17.980+0000] {dagbag.py:538} INFO - Filling up the DagBag from /home/airflow/.local/lib/python3.7/site-packages/airflow/example_dags/example_local_kubernetes_executor.py
[2025-03-11T06:02:18.057+0000] {processor.py:753} INFO - DAG(s) dict_keys(['example_local_kubernetes_executor']) retrieved from /home/airflow/.local/lib/python3.7/site-packages/airflow/example_dags/example_local_kubernetes_executor.py
[2025-03-11T06:02:18.157+0000] {logging_mixin.py:137} INFO - [2025-03-11T06:02:18.156+0000] {dag.py:2676} INFO - Sync 1 DAGs
[2025-03-11T06:02:18.199+0000] {logging_mixin.py:137} INFO - [2025-03-11T06:02:18.198+0000] {dag.py:3427} INFO - Setting next_dagrun for example_local_kubernetes_executor to None, run_after=None
[2025-03-11T06:02:18.226+0000] {processor.py:175} INFO - Processing /home/airflow/.local/lib/python3.7/site-packages/airflow/example_dags/example_local_kubernetes_executor.py took 0.263 seconds
[2025-03-11T06:02:48.969+0000] {processor.py:153} INFO - Started process (PID=818) to work on /home/airflow/.local/lib/python3.7/site-packages/airflow/example_dags/example_local_kubernetes_executor.py
[2025-03-11T06:02:48.970+0000] {processor.py:743} INFO - Processing file /home/airflow/.local/lib/python3.7/site-packages/airflow/example_dags/example_local_kubernetes_executor.py for tasks to queue
[2025-03-11T06:02:48.972+0000] {logging_mixin.py:137} INFO - [2025-03-11T06:02:48.971+0000] {dagbag.py:538} INFO - Filling up the DagBag from /home/airflow/.local/lib/python3.7/site-packages/airflow/example_dags/example_local_kubernetes_executor.py
[2025-03-11T06:02:49.009+0000] {processor.py:753} INFO - DAG(s) dict_keys(['example_local_kubernetes_executor']) retrieved from /home/airflow/.local/lib/python3.7/site-packages/airflow/example_dags/example_local_kubernetes_executor.py
[2025-03-11T06:02:49.050+0000] {logging_mixin.py:137} INFO - [2025-03-11T06:02:49.049+0000] {dag.py:2676} INFO - Sync 1 DAGs
[2025-03-11T06:02:49.077+0000] {logging_mixin.py:137} INFO - [2025-03-11T06:02:49.077+0000] {dag.py:3427} INFO - Setting next_dagrun for example_local_kubernetes_executor to None, run_after=None
[2025-03-11T06:02:49.097+0000] {processor.py:175} INFO - Processing /home/airflow/.local/lib/python3.7/site-packages/airflow/example_dags/example_local_kubernetes_executor.py took 0.136 seconds
[2025-03-11T06:03:19.407+0000] {processor.py:153} INFO - Started process (PID=857) to work on /home/airflow/.local/lib/python3.7/site-packages/airflow/example_dags/example_local_kubernetes_executor.py
[2025-03-11T06:03:19.408+0000] {processor.py:743} INFO - Processing file /home/airflow/.local/lib/python3.7/site-packages/airflow/example_dags/example_local_kubernetes_executor.py for tasks to queue
[2025-03-11T06:03:19.410+0000] {logging_mixin.py:137} INFO - [2025-03-11T06:03:19.409+0000] {dagbag.py:538} INFO - Filling up the DagBag from /home/airflow/.local/lib/python3.7/site-packages/airflow/example_dags/example_local_kubernetes_executor.py
[2025-03-11T06:03:19.445+0000] {processor.py:753} INFO - DAG(s) dict_keys(['example_local_kubernetes_executor']) retrieved from /home/airflow/.local/lib/python3.7/site-packages/airflow/example_dags/example_local_kubernetes_executor.py
[2025-03-11T06:03:19.483+0000] {logging_mixin.py:137} INFO - [2025-03-11T06:03:19.483+0000] {dag.py:2676} INFO - Sync 1 DAGs
[2025-03-11T06:03:19.503+0000] {logging_mixin.py:137} INFO - [2025-03-11T06:03:19.503+0000] {dag.py:3427} INFO - Setting next_dagrun for example_local_kubernetes_executor to None, run_after=None
[2025-03-11T06:03:19.521+0000] {processor.py:175} INFO - Processing /home/airflow/.local/lib/python3.7/site-packages/airflow/example_dags/example_local_kubernetes_executor.py took 0.119 seconds
[2025-03-11T06:03:49.789+0000] {processor.py:153} INFO - Started process (PID=896) to work on /home/airflow/.local/lib/python3.7/site-packages/airflow/example_dags/example_local_kubernetes_executor.py
[2025-03-11T06:03:49.791+0000] {processor.py:743} INFO - Processing file /home/airflow/.local/lib/python3.7/site-packages/airflow/example_dags/example_local_kubernetes_executor.py for tasks to queue
[2025-03-11T06:03:49.792+0000] {logging_mixin.py:137} INFO - [2025-03-11T06:03:49.792+0000] {dagbag.py:538} INFO - Filling up the DagBag from /home/airflow/.local/lib/python3.7/site-packages/airflow/example_dags/example_local_kubernetes_executor.py
[2025-03-11T06:03:49.829+0000] {processor.py:753} INFO - DAG(s) dict_keys(['example_local_kubernetes_executor']) retrieved from /home/airflow/.local/lib/python3.7/site-packages/airflow/example_dags/example_local_kubernetes_executor.py
[2025-03-11T06:03:49.868+0000] {logging_mixin.py:137} INFO - [2025-03-11T06:03:49.868+0000] {dag.py:2676} INFO - Sync 1 DAGs
[2025-03-11T06:03:49.893+0000] {logging_mixin.py:137} INFO - [2025-03-11T06:03:49.893+0000] {dag.py:3427} INFO - Setting next_dagrun for example_local_kubernetes_executor to None, run_after=None
[2025-03-11T06:03:49.909+0000] {processor.py:175} INFO - Processing /home/airflow/.local/lib/python3.7/site-packages/airflow/example_dags/example_local_kubernetes_executor.py took 0.125 seconds
[2025-03-11T06:04:20.264+0000] {processor.py:153} INFO - Started process (PID=935) to work on /home/airflow/.local/lib/python3.7/site-packages/airflow/example_dags/example_local_kubernetes_executor.py
[2025-03-11T06:04:20.267+0000] {processor.py:743} INFO - Processing file /home/airflow/.local/lib/python3.7/site-packages/airflow/example_dags/example_local_kubernetes_executor.py for tasks to queue
[2025-03-11T06:04:20.268+0000] {logging_mixin.py:137} INFO - [2025-03-11T06:04:20.268+0000] {dagbag.py:538} INFO - Filling up the DagBag from /home/airflow/.local/lib/python3.7/site-packages/airflow/example_dags/example_local_kubernetes_executor.py
[2025-03-11T06:04:20.310+0000] {processor.py:753} INFO - DAG(s) dict_keys(['example_local_kubernetes_executor']) retrieved from /home/airflow/.local/lib/python3.7/site-packages/airflow/example_dags/example_local_kubernetes_executor.py
[2025-03-11T06:04:20.360+0000] {logging_mixin.py:137} INFO - [2025-03-11T06:04:20.360+0000] {dag.py:2676} INFO - Sync 1 DAGs
[2025-03-11T06:04:20.385+0000] {logging_mixin.py:137} INFO - [2025-03-11T06:04:20.385+0000] {dag.py:3427} INFO - Setting next_dagrun for example_local_kubernetes_executor to None, run_after=None
[2025-03-11T06:04:20.403+0000] {processor.py:175} INFO - Processing /home/airflow/.local/lib/python3.7/site-packages/airflow/example_dags/example_local_kubernetes_executor.py took 0.144 seconds
[2025-03-11T06:04:50.680+0000] {processor.py:153} INFO - Started process (PID=974) to work on /home/airflow/.local/lib/python3.7/site-packages/airflow/example_dags/example_local_kubernetes_executor.py
[2025-03-11T06:04:50.682+0000] {processor.py:743} INFO - Processing file /home/airflow/.local/lib/python3.7/site-packages/airflow/example_dags/example_local_kubernetes_executor.py for tasks to queue
[2025-03-11T06:04:50.685+0000] {logging_mixin.py:137} INFO - [2025-03-11T06:04:50.684+0000] {dagbag.py:538} INFO - Filling up the DagBag from /home/airflow/.local/lib/python3.7/site-packages/airflow/example_dags/example_local_kubernetes_executor.py
[2025-03-11T06:04:50.730+0000] {processor.py:753} INFO - DAG(s) dict_keys(['example_local_kubernetes_executor']) retrieved from /home/airflow/.local/lib/python3.7/site-packages/airflow/example_dags/example_local_kubernetes_executor.py
[2025-03-11T06:04:50.778+0000] {logging_mixin.py:137} INFO - [2025-03-11T06:04:50.778+0000] {dag.py:2676} INFO - Sync 1 DAGs
[2025-03-11T06:04:50.804+0000] {logging_mixin.py:137} INFO - [2025-03-11T06:04:50.804+0000] {dag.py:3427} INFO - Setting next_dagrun for example_local_kubernetes_executor to None, run_after=None
[2025-03-11T06:04:50.823+0000] {processor.py:175} INFO - Processing /home/airflow/.local/lib/python3.7/site-packages/airflow/example_dags/example_local_kubernetes_executor.py took 0.148 seconds
[2025-03-11T06:05:21.061+0000] {processor.py:153} INFO - Started process (PID=1013) to work on /home/airflow/.local/lib/python3.7/site-packages/airflow/example_dags/example_local_kubernetes_executor.py
[2025-03-11T06:05:21.063+0000] {processor.py:743} INFO - Processing file /home/airflow/.local/lib/python3.7/site-packages/airflow/example_dags/example_local_kubernetes_executor.py for tasks to queue
[2025-03-11T06:05:21.066+0000] {logging_mixin.py:137} INFO - [2025-03-11T06:05:21.065+0000] {dagbag.py:538} INFO - Filling up the DagBag from /home/airflow/.local/lib/python3.7/site-packages/airflow/example_dags/example_local_kubernetes_executor.py
[2025-03-11T06:05:21.102+0000] {processor.py:753} INFO - DAG(s) dict_keys(['example_local_kubernetes_executor']) retrieved from /home/airflow/.local/lib/python3.7/site-packages/airflow/example_dags/example_local_kubernetes_executor.py
[2025-03-11T06:05:21.147+0000] {logging_mixin.py:137} INFO - [2025-03-11T06:05:21.146+0000] {dag.py:2676} INFO - Sync 1 DAGs
[2025-03-11T06:05:21.167+0000] {logging_mixin.py:137} INFO - [2025-03-11T06:05:21.167+0000] {dag.py:3427} INFO - Setting next_dagrun for example_local_kubernetes_executor to None, run_after=None
[2025-03-11T06:05:21.188+0000] {processor.py:175} INFO - Processing /home/airflow/.local/lib/python3.7/site-packages/airflow/example_dags/example_local_kubernetes_executor.py took 0.132 seconds
[2025-03-11T06:05:51.517+0000] {processor.py:153} INFO - Started process (PID=1052) to work on /home/airflow/.local/lib/python3.7/site-packages/airflow/example_dags/example_local_kubernetes_executor.py
[2025-03-11T06:05:51.520+0000] {processor.py:743} INFO - Processing file /home/airflow/.local/lib/python3.7/site-packages/airflow/example_dags/example_local_kubernetes_executor.py for tasks to queue
[2025-03-11T06:05:51.521+0000] {logging_mixin.py:137} INFO - [2025-03-11T06:05:51.521+0000] {dagbag.py:538} INFO - Filling up the DagBag from /home/airflow/.local/lib/python3.7/site-packages/airflow/example_dags/example_local_kubernetes_executor.py
[2025-03-11T06:05:51.569+0000] {processor.py:753} INFO - DAG(s) dict_keys(['example_local_kubernetes_executor']) retrieved from /home/airflow/.local/lib/python3.7/site-packages/airflow/example_dags/example_local_kubernetes_executor.py
[2025-03-11T06:05:51.622+0000] {logging_mixin.py:137} INFO - [2025-03-11T06:05:51.622+0000] {dag.py:2676} INFO - Sync 1 DAGs
[2025-03-11T06:05:51.647+0000] {logging_mixin.py:137} INFO - [2025-03-11T06:05:51.646+0000] {dag.py:3427} INFO - Setting next_dagrun for example_local_kubernetes_executor to None, run_after=None
[2025-03-11T06:05:51.665+0000] {processor.py:175} INFO - Processing /home/airflow/.local/lib/python3.7/site-packages/airflow/example_dags/example_local_kubernetes_executor.py took 0.158 seconds
[2025-03-11T06:06:22.033+0000] {processor.py:153} INFO - Started process (PID=1091) to work on /home/airflow/.local/lib/python3.7/site-packages/airflow/example_dags/example_local_kubernetes_executor.py
[2025-03-11T06:06:22.035+0000] {processor.py:743} INFO - Processing file /home/airflow/.local/lib/python3.7/site-packages/airflow/example_dags/example_local_kubernetes_executor.py for tasks to queue
[2025-03-11T06:06:22.036+0000] {logging_mixin.py:137} INFO - [2025-03-11T06:06:22.036+0000] {dagbag.py:538} INFO - Filling up the DagBag from /home/airflow/.local/lib/python3.7/site-packages/airflow/example_dags/example_local_kubernetes_executor.py
[2025-03-11T06:06:22.071+0000] {processor.py:753} INFO - DAG(s) dict_keys(['example_local_kubernetes_executor']) retrieved from /home/airflow/.local/lib/python3.7/site-packages/airflow/example_dags/example_local_kubernetes_executor.py
[2025-03-11T06:06:22.108+0000] {logging_mixin.py:137} INFO - [2025-03-11T06:06:22.108+0000] {dag.py:2676} INFO - Sync 1 DAGs
[2025-03-11T06:06:22.128+0000] {logging_mixin.py:137} INFO - [2025-03-11T06:06:22.127+0000] {dag.py:3427} INFO - Setting next_dagrun for example_local_kubernetes_executor to None, run_after=None
[2025-03-11T06:06:22.146+0000] {processor.py:175} INFO - Processing /home/airflow/.local/lib/python3.7/site-packages/airflow/example_dags/example_local_kubernetes_executor.py took 0.118 seconds
[2025-03-11T06:06:52.377+0000] {processor.py:153} INFO - Started process (PID=1130) to work on /home/airflow/.local/lib/python3.7/site-packages/airflow/example_dags/example_local_kubernetes_executor.py
[2025-03-11T06:06:52.379+0000] {processor.py:743} INFO - Processing file /home/airflow/.local/lib/python3.7/site-packages/airflow/example_dags/example_local_kubernetes_executor.py for tasks to queue
[2025-03-11T06:06:52.380+0000] {logging_mixin.py:137} INFO - [2025-03-11T06:06:52.380+0000] {dagbag.py:538} INFO - Filling up the DagBag from /home/airflow/.local/lib/python3.7/site-packages/airflow/example_dags/example_local_kubernetes_executor.py
[2025-03-11T06:06:52.420+0000] {processor.py:753} INFO - DAG(s) dict_keys(['example_local_kubernetes_executor']) retrieved from /home/airflow/.local/lib/python3.7/site-packages/airflow/example_dags/example_local_kubernetes_executor.py
[2025-03-11T06:06:52.465+0000] {logging_mixin.py:137} INFO - [2025-03-11T06:06:52.465+0000] {dag.py:2676} INFO - Sync 1 DAGs
[2025-03-11T06:06:52.490+0000] {logging_mixin.py:137} INFO - [2025-03-11T06:06:52.489+0000] {dag.py:3427} INFO - Setting next_dagrun for example_local_kubernetes_executor to None, run_after=None
[2025-03-11T06:06:52.507+0000] {processor.py:175} INFO - Processing /home/airflow/.local/lib/python3.7/site-packages/airflow/example_dags/example_local_kubernetes_executor.py took 0.138 seconds
[2025-03-11T06:07:22.878+0000] {processor.py:153} INFO - Started process (PID=1169) to work on /home/airflow/.local/lib/python3.7/site-packages/airflow/example_dags/example_local_kubernetes_executor.py
[2025-03-11T06:07:22.880+0000] {processor.py:743} INFO - Processing file /home/airflow/.local/lib/python3.7/site-packages/airflow/example_dags/example_local_kubernetes_executor.py for tasks to queue
[2025-03-11T06:07:22.882+0000] {logging_mixin.py:137} INFO - [2025-03-11T06:07:22.882+0000] {dagbag.py:538} INFO - Filling up the DagBag from /home/airflow/.local/lib/python3.7/site-packages/airflow/example_dags/example_local_kubernetes_executor.py
[2025-03-11T06:07:22.928+0000] {processor.py:753} INFO - DAG(s) dict_keys(['example_local_kubernetes_executor']) retrieved from /home/airflow/.local/lib/python3.7/site-packages/airflow/example_dags/example_local_kubernetes_executor.py
[2025-03-11T06:07:22.979+0000] {logging_mixin.py:137} INFO - [2025-03-11T06:07:22.979+0000] {dag.py:2676} INFO - Sync 1 DAGs
[2025-03-11T06:07:23.003+0000] {logging_mixin.py:137} INFO - [2025-03-11T06:07:23.003+0000] {dag.py:3427} INFO - Setting next_dagrun for example_local_kubernetes_executor to None, run_after=None
[2025-03-11T06:07:23.020+0000] {processor.py:175} INFO - Processing /home/airflow/.local/lib/python3.7/site-packages/airflow/example_dags/example_local_kubernetes_executor.py took 0.151 seconds
[2025-03-11T06:07:53.349+0000] {processor.py:153} INFO - Started process (PID=1208) to work on /home/airflow/.local/lib/python3.7/site-packages/airflow/example_dags/example_local_kubernetes_executor.py
[2025-03-11T06:07:53.350+0000] {processor.py:743} INFO - Processing file /home/airflow/.local/lib/python3.7/site-packages/airflow/example_dags/example_local_kubernetes_executor.py for tasks to queue
[2025-03-11T06:07:53.351+0000] {logging_mixin.py:137} INFO - [2025-03-11T06:07:53.351+0000] {dagbag.py:538} INFO - Filling up the DagBag from /home/airflow/.local/lib/python3.7/site-packages/airflow/example_dags/example_local_kubernetes_executor.py
[2025-03-11T06:07:53.379+0000] {processor.py:753} INFO - DAG(s) dict_keys(['example_local_kubernetes_executor']) retrieved from /home/airflow/.local/lib/python3.7/site-packages/airflow/example_dags/example_local_kubernetes_executor.py
[2025-03-11T06:07:53.416+0000] {logging_mixin.py:137} INFO - [2025-03-11T06:07:53.416+0000] {dag.py:2676} INFO - Sync 1 DAGs
[2025-03-11T06:07:53.436+0000] {logging_mixin.py:137} INFO - [2025-03-11T06:07:53.436+0000] {dag.py:3427} INFO - Setting next_dagrun for example_local_kubernetes_executor to None, run_after=None
[2025-03-11T06:07:53.452+0000] {processor.py:175} INFO - Processing /home/airflow/.local/lib/python3.7/site-packages/airflow/example_dags/example_local_kubernetes_executor.py took 0.107 seconds
[2025-03-11T06:08:23.882+0000] {processor.py:153} INFO - Started process (PID=1247) to work on /home/airflow/.local/lib/python3.7/site-packages/airflow/example_dags/example_local_kubernetes_executor.py
[2025-03-11T06:08:23.884+0000] {processor.py:743} INFO - Processing file /home/airflow/.local/lib/python3.7/site-packages/airflow/example_dags/example_local_kubernetes_executor.py for tasks to queue
[2025-03-11T06:08:23.885+0000] {logging_mixin.py:137} INFO - [2025-03-11T06:08:23.885+0000] {dagbag.py:538} INFO - Filling up the DagBag from /home/airflow/.local/lib/python3.7/site-packages/airflow/example_dags/example_local_kubernetes_executor.py
[2025-03-11T06:08:23.925+0000] {processor.py:753} INFO - DAG(s) dict_keys(['example_local_kubernetes_executor']) retrieved from /home/airflow/.local/lib/python3.7/site-packages/airflow/example_dags/example_local_kubernetes_executor.py
[2025-03-11T06:08:23.962+0000] {logging_mixin.py:137} INFO - [2025-03-11T06:08:23.962+0000] {dag.py:2676} INFO - Sync 1 DAGs
[2025-03-11T06:08:23.983+0000] {logging_mixin.py:137} INFO - [2025-03-11T06:08:23.983+0000] {dag.py:3427} INFO - Setting next_dagrun for example_local_kubernetes_executor to None, run_after=None
[2025-03-11T06:08:24.001+0000] {processor.py:175} INFO - Processing /home/airflow/.local/lib/python3.7/site-packages/airflow/example_dags/example_local_kubernetes_executor.py took 0.125 seconds
[2025-03-11T06:08:54.423+0000] {processor.py:153} INFO - Started process (PID=1286) to work on /home/airflow/.local/lib/python3.7/site-packages/airflow/example_dags/example_local_kubernetes_executor.py
[2025-03-11T06:08:54.425+0000] {processor.py:743} INFO - Processing file /home/airflow/.local/lib/python3.7/site-packages/airflow/example_dags/example_local_kubernetes_executor.py for tasks to queue
[2025-03-11T06:08:54.426+0000] {logging_mixin.py:137} INFO - [2025-03-11T06:08:54.426+0000] {dagbag.py:538} INFO - Filling up the DagBag from /home/airflow/.local/lib/python3.7/site-packages/airflow/example_dags/example_local_kubernetes_executor.py
[2025-03-11T06:08:54.473+0000] {processor.py:753} INFO - DAG(s) dict_keys(['example_local_kubernetes_executor']) retrieved from /home/airflow/.local/lib/python3.7/site-packages/airflow/example_dags/example_local_kubernetes_executor.py
[2025-03-11T06:08:54.522+0000] {logging_mixin.py:137} INFO - [2025-03-11T06:08:54.522+0000] {dag.py:2676} INFO - Sync 1 DAGs
[2025-03-11T06:08:54.545+0000] {logging_mixin.py:137} INFO - [2025-03-11T06:08:54.545+0000] {dag.py:3427} INFO - Setting next_dagrun for example_local_kubernetes_executor to None, run_after=None
[2025-03-11T06:08:54.561+0000] {processor.py:175} INFO - Processing /home/airflow/.local/lib/python3.7/site-packages/airflow/example_dags/example_local_kubernetes_executor.py took 0.146 seconds
[2025-03-11T06:09:24.867+0000] {processor.py:153} INFO - Started process (PID=1325) to work on /home/airflow/.local/lib/python3.7/site-packages/airflow/example_dags/example_local_kubernetes_executor.py
[2025-03-11T06:09:24.870+0000] {processor.py:743} INFO - Processing file /home/airflow/.local/lib/python3.7/site-packages/airflow/example_dags/example_local_kubernetes_executor.py for tasks to queue
[2025-03-11T06:09:24.871+0000] {logging_mixin.py:137} INFO - [2025-03-11T06:09:24.871+0000] {dagbag.py:538} INFO - Filling up the DagBag from /home/airflow/.local/lib/python3.7/site-packages/airflow/example_dags/example_local_kubernetes_executor.py
[2025-03-11T06:09:24.912+0000] {processor.py:753} INFO - DAG(s) dict_keys(['example_local_kubernetes_executor']) retrieved from /home/airflow/.local/lib/python3.7/site-packages/airflow/example_dags/example_local_kubernetes_executor.py
[2025-03-11T06:09:24.957+0000] {logging_mixin.py:137} INFO - [2025-03-11T06:09:24.957+0000] {dag.py:2676} INFO - Sync 1 DAGs
[2025-03-11T06:09:24.982+0000] {logging_mixin.py:137} INFO - [2025-03-11T06:09:24.982+0000] {dag.py:3427} INFO - Setting next_dagrun for example_local_kubernetes_executor to None, run_after=None
[2025-03-11T06:09:24.998+0000] {processor.py:175} INFO - Processing /home/airflow/.local/lib/python3.7/site-packages/airflow/example_dags/example_local_kubernetes_executor.py took 0.137 seconds
[2025-03-11T06:09:55.441+0000] {processor.py:153} INFO - Started process (PID=1364) to work on /home/airflow/.local/lib/python3.7/site-packages/airflow/example_dags/example_local_kubernetes_executor.py
[2025-03-11T06:09:55.443+0000] {processor.py:743} INFO - Processing file /home/airflow/.local/lib/python3.7/site-packages/airflow/example_dags/example_local_kubernetes_executor.py for tasks to queue
[2025-03-11T06:09:55.444+0000] {logging_mixin.py:137} INFO - [2025-03-11T06:09:55.444+0000] {dagbag.py:538} INFO - Filling up the DagBag from /home/airflow/.local/lib/python3.7/site-packages/airflow/example_dags/example_local_kubernetes_executor.py
[2025-03-11T06:09:55.480+0000] {processor.py:753} INFO - DAG(s) dict_keys(['example_local_kubernetes_executor']) retrieved from /home/airflow/.local/lib/python3.7/site-packages/airflow/example_dags/example_local_kubernetes_executor.py
[2025-03-11T06:09:55.521+0000] {logging_mixin.py:137} INFO - [2025-03-11T06:09:55.520+0000] {dag.py:2676} INFO - Sync 1 DAGs
[2025-03-11T06:09:55.543+0000] {logging_mixin.py:137} INFO - [2025-03-11T06:09:55.543+0000] {dag.py:3427} INFO - Setting next_dagrun for example_local_kubernetes_executor to None, run_after=None
[2025-03-11T06:09:55.560+0000] {processor.py:175} INFO - Processing /home/airflow/.local/lib/python3.7/site-packages/airflow/example_dags/example_local_kubernetes_executor.py took 0.124 seconds
