[2025-03-11T05:52:43.116+0000] {processor.py:153} INFO - Started process (PID=64) to work on /home/airflow/.local/lib/python3.7/site-packages/airflow/example_dags/example_subdag_operator.py
[2025-03-11T05:52:43.119+0000] {processor.py:743} INFO - Processing file /home/airflow/.local/lib/python3.7/site-packages/airflow/example_dags/example_subdag_operator.py for tasks to queue
[2025-03-11T05:52:43.121+0000] {logging_mixin.py:137} INFO - [2025-03-11T05:52:43.121+0000] {dagbag.py:538} INFO - Filling up the DagBag from /home/airflow/.local/lib/python3.7/site-packages/airflow/example_dags/example_subdag_operator.py
[2025-03-11T05:52:43.244+0000] {processor.py:753} INFO - DAG(s) dict_keys(['example_subdag_operator.section-1', 'example_subdag_operator.section-2', 'example_subdag_operator']) retrieved from /home/airflow/.local/lib/python3.7/site-packages/airflow/example_dags/example_subdag_operator.py
[2025-03-11T05:52:43.307+0000] {logging_mixin.py:137} INFO - [2025-03-11T05:52:43.306+0000] {dag.py:2676} INFO - Sync 3 DAGs
[2025-03-11T05:52:43.382+0000] {logging_mixin.py:137} INFO - [2025-03-11T05:52:43.380+0000] {dag.py:3427} INFO - Setting next_dagrun for example_subdag_operator to 2022-01-01T00:00:00+00:00, run_after=2022-01-01T00:00:00+00:00
[2025-03-11T05:52:43.396+0000] {logging_mixin.py:137} INFO - [2025-03-11T05:52:43.396+0000] {dag.py:3427} INFO - Setting next_dagrun for example_subdag_operator.section-1 to None, run_after=None
[2025-03-11T05:52:43.403+0000] {logging_mixin.py:137} INFO - [2025-03-11T05:52:43.402+0000] {dag.py:3427} INFO - Setting next_dagrun for example_subdag_operator.section-2 to None, run_after=None
[2025-03-11T05:52:43.430+0000] {logging_mixin.py:137} INFO - [2025-03-11T05:52:43.430+0000] {dag.py:2676} INFO - Sync 2 DAGs
[2025-03-11T05:52:43.464+0000] {logging_mixin.py:137} INFO - [2025-03-11T05:52:43.462+0000] {dag.py:3427} INFO - Setting next_dagrun for example_subdag_operator.section-1 to None, run_after=None
[2025-03-11T05:52:43.468+0000] {logging_mixin.py:137} INFO - [2025-03-11T05:52:43.467+0000] {dag.py:3427} INFO - Setting next_dagrun for example_subdag_operator.section-2 to None, run_after=None
[2025-03-11T05:52:43.508+0000] {processor.py:175} INFO - Processing /home/airflow/.local/lib/python3.7/site-packages/airflow/example_dags/example_subdag_operator.py took 0.402 seconds
[2025-03-11T05:53:14.299+0000] {processor.py:153} INFO - Started process (PID=103) to work on /home/airflow/.local/lib/python3.7/site-packages/airflow/example_dags/example_subdag_operator.py
[2025-03-11T05:53:14.304+0000] {processor.py:743} INFO - Processing file /home/airflow/.local/lib/python3.7/site-packages/airflow/example_dags/example_subdag_operator.py for tasks to queue
[2025-03-11T05:53:14.305+0000] {logging_mixin.py:137} INFO - [2025-03-11T05:53:14.305+0000] {dagbag.py:538} INFO - Filling up the DagBag from /home/airflow/.local/lib/python3.7/site-packages/airflow/example_dags/example_subdag_operator.py
[2025-03-11T05:53:14.350+0000] {processor.py:753} INFO - DAG(s) dict_keys(['example_subdag_operator.section-1', 'example_subdag_operator.section-2', 'example_subdag_operator']) retrieved from /home/airflow/.local/lib/python3.7/site-packages/airflow/example_dags/example_subdag_operator.py
[2025-03-11T05:53:14.368+0000] {logging_mixin.py:137} INFO - [2025-03-11T05:53:14.368+0000] {dag.py:2676} INFO - Sync 3 DAGs
[2025-03-11T05:53:14.393+0000] {logging_mixin.py:137} INFO - [2025-03-11T05:53:14.393+0000] {dag.py:3427} INFO - Setting next_dagrun for example_subdag_operator to 2022-01-01T00:00:00+00:00, run_after=2022-01-01T00:00:00+00:00
[2025-03-11T05:53:14.398+0000] {logging_mixin.py:137} INFO - [2025-03-11T05:53:14.398+0000] {dag.py:3427} INFO - Setting next_dagrun for example_subdag_operator.section-1 to None, run_after=None
[2025-03-11T05:53:14.400+0000] {logging_mixin.py:137} INFO - [2025-03-11T05:53:14.400+0000] {dag.py:3427} INFO - Setting next_dagrun for example_subdag_operator.section-2 to None, run_after=None
[2025-03-11T05:53:14.409+0000] {logging_mixin.py:137} INFO - [2025-03-11T05:53:14.409+0000] {dag.py:2676} INFO - Sync 2 DAGs
[2025-03-11T05:53:14.414+0000] {logging_mixin.py:137} INFO - [2025-03-11T05:53:14.414+0000] {dag.py:3427} INFO - Setting next_dagrun for example_subdag_operator.section-1 to None, run_after=None
[2025-03-11T05:53:14.414+0000] {logging_mixin.py:137} INFO - [2025-03-11T05:53:14.414+0000] {dag.py:3427} INFO - Setting next_dagrun for example_subdag_operator.section-2 to None, run_after=None
[2025-03-11T05:53:14.425+0000] {processor.py:175} INFO - Processing /home/airflow/.local/lib/python3.7/site-packages/airflow/example_dags/example_subdag_operator.py took 0.131 seconds
[2025-03-11T05:53:45.074+0000] {processor.py:153} INFO - Started process (PID=142) to work on /home/airflow/.local/lib/python3.7/site-packages/airflow/example_dags/example_subdag_operator.py
[2025-03-11T05:53:45.076+0000] {processor.py:743} INFO - Processing file /home/airflow/.local/lib/python3.7/site-packages/airflow/example_dags/example_subdag_operator.py for tasks to queue
[2025-03-11T05:53:45.078+0000] {logging_mixin.py:137} INFO - [2025-03-11T05:53:45.078+0000] {dagbag.py:538} INFO - Filling up the DagBag from /home/airflow/.local/lib/python3.7/site-packages/airflow/example_dags/example_subdag_operator.py
[2025-03-11T05:53:45.113+0000] {processor.py:753} INFO - DAG(s) dict_keys(['example_subdag_operator.section-1', 'example_subdag_operator.section-2', 'example_subdag_operator']) retrieved from /home/airflow/.local/lib/python3.7/site-packages/airflow/example_dags/example_subdag_operator.py
[2025-03-11T05:53:45.140+0000] {logging_mixin.py:137} INFO - [2025-03-11T05:53:45.140+0000] {dag.py:2676} INFO - Sync 3 DAGs
[2025-03-11T05:53:45.159+0000] {logging_mixin.py:137} INFO - [2025-03-11T05:53:45.158+0000] {dag.py:3427} INFO - Setting next_dagrun for example_subdag_operator to 2022-01-01T00:00:00+00:00, run_after=2022-01-01T00:00:00+00:00
[2025-03-11T05:53:45.161+0000] {logging_mixin.py:137} INFO - [2025-03-11T05:53:45.161+0000] {dag.py:3427} INFO - Setting next_dagrun for example_subdag_operator.section-1 to None, run_after=None
[2025-03-11T05:53:45.163+0000] {logging_mixin.py:137} INFO - [2025-03-11T05:53:45.163+0000] {dag.py:3427} INFO - Setting next_dagrun for example_subdag_operator.section-2 to None, run_after=None
[2025-03-11T05:53:45.170+0000] {logging_mixin.py:137} INFO - [2025-03-11T05:53:45.170+0000] {dag.py:2676} INFO - Sync 2 DAGs
[2025-03-11T05:53:45.175+0000] {logging_mixin.py:137} INFO - [2025-03-11T05:53:45.175+0000] {dag.py:3427} INFO - Setting next_dagrun for example_subdag_operator.section-1 to None, run_after=None
[2025-03-11T05:53:45.175+0000] {logging_mixin.py:137} INFO - [2025-03-11T05:53:45.175+0000] {dag.py:3427} INFO - Setting next_dagrun for example_subdag_operator.section-2 to None, run_after=None
[2025-03-11T05:53:45.183+0000] {processor.py:175} INFO - Processing /home/airflow/.local/lib/python3.7/site-packages/airflow/example_dags/example_subdag_operator.py took 0.112 seconds
[2025-03-11T05:54:16.117+0000] {processor.py:153} INFO - Started process (PID=181) to work on /home/airflow/.local/lib/python3.7/site-packages/airflow/example_dags/example_subdag_operator.py
[2025-03-11T05:54:16.119+0000] {processor.py:743} INFO - Processing file /home/airflow/.local/lib/python3.7/site-packages/airflow/example_dags/example_subdag_operator.py for tasks to queue
[2025-03-11T05:54:16.120+0000] {logging_mixin.py:137} INFO - [2025-03-11T05:54:16.120+0000] {dagbag.py:538} INFO - Filling up the DagBag from /home/airflow/.local/lib/python3.7/site-packages/airflow/example_dags/example_subdag_operator.py
[2025-03-11T05:54:16.186+0000] {processor.py:753} INFO - DAG(s) dict_keys(['example_subdag_operator.section-1', 'example_subdag_operator.section-2', 'example_subdag_operator']) retrieved from /home/airflow/.local/lib/python3.7/site-packages/airflow/example_dags/example_subdag_operator.py
[2025-03-11T05:54:16.279+0000] {logging_mixin.py:137} INFO - [2025-03-11T05:54:16.278+0000] {dag.py:2676} INFO - Sync 3 DAGs
[2025-03-11T05:54:16.344+0000] {logging_mixin.py:137} INFO - [2025-03-11T05:54:16.344+0000] {dag.py:3427} INFO - Setting next_dagrun for example_subdag_operator to 2022-01-01T00:00:00+00:00, run_after=2022-01-01T00:00:00+00:00
[2025-03-11T05:54:16.355+0000] {logging_mixin.py:137} INFO - [2025-03-11T05:54:16.354+0000] {dag.py:3427} INFO - Setting next_dagrun for example_subdag_operator.section-1 to None, run_after=None
[2025-03-11T05:54:16.358+0000] {logging_mixin.py:137} INFO - [2025-03-11T05:54:16.358+0000] {dag.py:3427} INFO - Setting next_dagrun for example_subdag_operator.section-2 to None, run_after=None
[2025-03-11T05:54:16.368+0000] {logging_mixin.py:137} INFO - [2025-03-11T05:54:16.368+0000] {dag.py:2676} INFO - Sync 2 DAGs
[2025-03-11T05:54:16.377+0000] {logging_mixin.py:137} INFO - [2025-03-11T05:54:16.376+0000] {dag.py:3427} INFO - Setting next_dagrun for example_subdag_operator.section-1 to None, run_after=None
[2025-03-11T05:54:16.378+0000] {logging_mixin.py:137} INFO - [2025-03-11T05:54:16.378+0000] {dag.py:3427} INFO - Setting next_dagrun for example_subdag_operator.section-2 to None, run_after=None
[2025-03-11T05:54:16.413+0000] {processor.py:175} INFO - Processing /home/airflow/.local/lib/python3.7/site-packages/airflow/example_dags/example_subdag_operator.py took 0.302 seconds
[2025-03-11T05:54:46.798+0000] {processor.py:153} INFO - Started process (PID=220) to work on /home/airflow/.local/lib/python3.7/site-packages/airflow/example_dags/example_subdag_operator.py
[2025-03-11T05:54:46.803+0000] {processor.py:743} INFO - Processing file /home/airflow/.local/lib/python3.7/site-packages/airflow/example_dags/example_subdag_operator.py for tasks to queue
[2025-03-11T05:54:46.804+0000] {logging_mixin.py:137} INFO - [2025-03-11T05:54:46.804+0000] {dagbag.py:538} INFO - Filling up the DagBag from /home/airflow/.local/lib/python3.7/site-packages/airflow/example_dags/example_subdag_operator.py
[2025-03-11T05:54:46.874+0000] {processor.py:753} INFO - DAG(s) dict_keys(['example_subdag_operator.section-1', 'example_subdag_operator.section-2', 'example_subdag_operator']) retrieved from /home/airflow/.local/lib/python3.7/site-packages/airflow/example_dags/example_subdag_operator.py
[2025-03-11T05:54:46.922+0000] {logging_mixin.py:137} INFO - [2025-03-11T05:54:46.921+0000] {dag.py:2676} INFO - Sync 3 DAGs
[2025-03-11T05:54:46.947+0000] {logging_mixin.py:137} INFO - [2025-03-11T05:54:46.947+0000] {dag.py:3427} INFO - Setting next_dagrun for example_subdag_operator to 2022-01-01T00:00:00+00:00, run_after=2022-01-01T00:00:00+00:00
[2025-03-11T05:54:46.953+0000] {logging_mixin.py:137} INFO - [2025-03-11T05:54:46.953+0000] {dag.py:3427} INFO - Setting next_dagrun for example_subdag_operator.section-1 to None, run_after=None
[2025-03-11T05:54:46.955+0000] {logging_mixin.py:137} INFO - [2025-03-11T05:54:46.955+0000] {dag.py:3427} INFO - Setting next_dagrun for example_subdag_operator.section-2 to None, run_after=None
[2025-03-11T05:54:46.964+0000] {logging_mixin.py:137} INFO - [2025-03-11T05:54:46.964+0000] {dag.py:2676} INFO - Sync 2 DAGs
[2025-03-11T05:54:46.970+0000] {logging_mixin.py:137} INFO - [2025-03-11T05:54:46.969+0000] {dag.py:3427} INFO - Setting next_dagrun for example_subdag_operator.section-1 to None, run_after=None
[2025-03-11T05:54:46.970+0000] {logging_mixin.py:137} INFO - [2025-03-11T05:54:46.970+0000] {dag.py:3427} INFO - Setting next_dagrun for example_subdag_operator.section-2 to None, run_after=None
[2025-03-11T05:54:46.982+0000] {processor.py:175} INFO - Processing /home/airflow/.local/lib/python3.7/site-packages/airflow/example_dags/example_subdag_operator.py took 0.190 seconds
[2025-03-11T05:55:17.783+0000] {processor.py:153} INFO - Started process (PID=259) to work on /home/airflow/.local/lib/python3.7/site-packages/airflow/example_dags/example_subdag_operator.py
[2025-03-11T05:55:17.786+0000] {processor.py:743} INFO - Processing file /home/airflow/.local/lib/python3.7/site-packages/airflow/example_dags/example_subdag_operator.py for tasks to queue
[2025-03-11T05:55:17.790+0000] {logging_mixin.py:137} INFO - [2025-03-11T05:55:17.790+0000] {dagbag.py:538} INFO - Filling up the DagBag from /home/airflow/.local/lib/python3.7/site-packages/airflow/example_dags/example_subdag_operator.py
[2025-03-11T05:55:17.830+0000] {processor.py:753} INFO - DAG(s) dict_keys(['example_subdag_operator.section-1', 'example_subdag_operator.section-2', 'example_subdag_operator']) retrieved from /home/airflow/.local/lib/python3.7/site-packages/airflow/example_dags/example_subdag_operator.py
[2025-03-11T05:55:17.861+0000] {logging_mixin.py:137} INFO - [2025-03-11T05:55:17.861+0000] {dag.py:2676} INFO - Sync 3 DAGs
[2025-03-11T05:55:17.882+0000] {logging_mixin.py:137} INFO - [2025-03-11T05:55:17.882+0000] {dag.py:3427} INFO - Setting next_dagrun for example_subdag_operator to 2022-01-01T00:00:00+00:00, run_after=2022-01-01T00:00:00+00:00
[2025-03-11T05:55:17.885+0000] {logging_mixin.py:137} INFO - [2025-03-11T05:55:17.885+0000] {dag.py:3427} INFO - Setting next_dagrun for example_subdag_operator.section-1 to None, run_after=None
[2025-03-11T05:55:17.887+0000] {logging_mixin.py:137} INFO - [2025-03-11T05:55:17.887+0000] {dag.py:3427} INFO - Setting next_dagrun for example_subdag_operator.section-2 to None, run_after=None
[2025-03-11T05:55:17.894+0000] {logging_mixin.py:137} INFO - [2025-03-11T05:55:17.893+0000] {dag.py:2676} INFO - Sync 2 DAGs
[2025-03-11T05:55:17.899+0000] {logging_mixin.py:137} INFO - [2025-03-11T05:55:17.899+0000] {dag.py:3427} INFO - Setting next_dagrun for example_subdag_operator.section-1 to None, run_after=None
[2025-03-11T05:55:17.900+0000] {logging_mixin.py:137} INFO - [2025-03-11T05:55:17.900+0000] {dag.py:3427} INFO - Setting next_dagrun for example_subdag_operator.section-2 to None, run_after=None
[2025-03-11T05:55:17.909+0000] {processor.py:175} INFO - Processing /home/airflow/.local/lib/python3.7/site-packages/airflow/example_dags/example_subdag_operator.py took 0.131 seconds
[2025-03-11T05:55:48.203+0000] {processor.py:153} INFO - Started process (PID=298) to work on /home/airflow/.local/lib/python3.7/site-packages/airflow/example_dags/example_subdag_operator.py
[2025-03-11T05:55:48.204+0000] {processor.py:743} INFO - Processing file /home/airflow/.local/lib/python3.7/site-packages/airflow/example_dags/example_subdag_operator.py for tasks to queue
[2025-03-11T05:55:48.207+0000] {logging_mixin.py:137} INFO - [2025-03-11T05:55:48.207+0000] {dagbag.py:538} INFO - Filling up the DagBag from /home/airflow/.local/lib/python3.7/site-packages/airflow/example_dags/example_subdag_operator.py
[2025-03-11T05:55:48.247+0000] {processor.py:753} INFO - DAG(s) dict_keys(['example_subdag_operator.section-1', 'example_subdag_operator.section-2', 'example_subdag_operator']) retrieved from /home/airflow/.local/lib/python3.7/site-packages/airflow/example_dags/example_subdag_operator.py
[2025-03-11T05:55:48.277+0000] {logging_mixin.py:137} INFO - [2025-03-11T05:55:48.277+0000] {dag.py:2676} INFO - Sync 3 DAGs
[2025-03-11T05:55:48.296+0000] {logging_mixin.py:137} INFO - [2025-03-11T05:55:48.296+0000] {dag.py:3427} INFO - Setting next_dagrun for example_subdag_operator to 2022-01-01T00:00:00+00:00, run_after=2022-01-01T00:00:00+00:00
[2025-03-11T05:55:48.299+0000] {logging_mixin.py:137} INFO - [2025-03-11T05:55:48.299+0000] {dag.py:3427} INFO - Setting next_dagrun for example_subdag_operator.section-1 to None, run_after=None
[2025-03-11T05:55:48.301+0000] {logging_mixin.py:137} INFO - [2025-03-11T05:55:48.301+0000] {dag.py:3427} INFO - Setting next_dagrun for example_subdag_operator.section-2 to None, run_after=None
[2025-03-11T05:55:48.308+0000] {logging_mixin.py:137} INFO - [2025-03-11T05:55:48.308+0000] {dag.py:2676} INFO - Sync 2 DAGs
[2025-03-11T05:55:48.313+0000] {logging_mixin.py:137} INFO - [2025-03-11T05:55:48.313+0000] {dag.py:3427} INFO - Setting next_dagrun for example_subdag_operator.section-1 to None, run_after=None
[2025-03-11T05:55:48.313+0000] {logging_mixin.py:137} INFO - [2025-03-11T05:55:48.313+0000] {dag.py:3427} INFO - Setting next_dagrun for example_subdag_operator.section-2 to None, run_after=None
[2025-03-11T05:55:48.323+0000] {processor.py:175} INFO - Processing /home/airflow/.local/lib/python3.7/site-packages/airflow/example_dags/example_subdag_operator.py took 0.124 seconds
[2025-03-11T05:56:18.994+0000] {processor.py:153} INFO - Started process (PID=337) to work on /home/airflow/.local/lib/python3.7/site-packages/airflow/example_dags/example_subdag_operator.py
[2025-03-11T05:56:18.996+0000] {processor.py:743} INFO - Processing file /home/airflow/.local/lib/python3.7/site-packages/airflow/example_dags/example_subdag_operator.py for tasks to queue
[2025-03-11T05:56:18.998+0000] {logging_mixin.py:137} INFO - [2025-03-11T05:56:18.997+0000] {dagbag.py:538} INFO - Filling up the DagBag from /home/airflow/.local/lib/python3.7/site-packages/airflow/example_dags/example_subdag_operator.py
[2025-03-11T05:56:19.117+0000] {processor.py:753} INFO - DAG(s) dict_keys(['example_subdag_operator.section-1', 'example_subdag_operator.section-2', 'example_subdag_operator']) retrieved from /home/airflow/.local/lib/python3.7/site-packages/airflow/example_dags/example_subdag_operator.py
[2025-03-11T05:56:19.181+0000] {logging_mixin.py:137} INFO - [2025-03-11T05:56:19.181+0000] {dag.py:2676} INFO - Sync 3 DAGs
[2025-03-11T05:56:19.221+0000] {logging_mixin.py:137} INFO - [2025-03-11T05:56:19.221+0000] {dag.py:3427} INFO - Setting next_dagrun for example_subdag_operator to 2022-01-01T00:00:00+00:00, run_after=2022-01-01T00:00:00+00:00
[2025-03-11T05:56:19.231+0000] {logging_mixin.py:137} INFO - [2025-03-11T05:56:19.231+0000] {dag.py:3427} INFO - Setting next_dagrun for example_subdag_operator.section-1 to None, run_after=None
[2025-03-11T05:56:19.234+0000] {logging_mixin.py:137} INFO - [2025-03-11T05:56:19.234+0000] {dag.py:3427} INFO - Setting next_dagrun for example_subdag_operator.section-2 to None, run_after=None
[2025-03-11T05:56:19.246+0000] {logging_mixin.py:137} INFO - [2025-03-11T05:56:19.246+0000] {dag.py:2676} INFO - Sync 2 DAGs
[2025-03-11T05:56:19.254+0000] {logging_mixin.py:137} INFO - [2025-03-11T05:56:19.253+0000] {dag.py:3427} INFO - Setting next_dagrun for example_subdag_operator.section-1 to None, run_after=None
[2025-03-11T05:56:19.255+0000] {logging_mixin.py:137} INFO - [2025-03-11T05:56:19.255+0000] {dag.py:3427} INFO - Setting next_dagrun for example_subdag_operator.section-2 to None, run_after=None
[2025-03-11T05:56:19.268+0000] {processor.py:175} INFO - Processing /home/airflow/.local/lib/python3.7/site-packages/airflow/example_dags/example_subdag_operator.py took 0.281 seconds
[2025-03-11T05:56:49.915+0000] {processor.py:153} INFO - Started process (PID=376) to work on /home/airflow/.local/lib/python3.7/site-packages/airflow/example_dags/example_subdag_operator.py
[2025-03-11T05:56:49.916+0000] {processor.py:743} INFO - Processing file /home/airflow/.local/lib/python3.7/site-packages/airflow/example_dags/example_subdag_operator.py for tasks to queue
[2025-03-11T05:56:49.918+0000] {logging_mixin.py:137} INFO - [2025-03-11T05:56:49.918+0000] {dagbag.py:538} INFO - Filling up the DagBag from /home/airflow/.local/lib/python3.7/site-packages/airflow/example_dags/example_subdag_operator.py
[2025-03-11T05:56:49.959+0000] {processor.py:753} INFO - DAG(s) dict_keys(['example_subdag_operator.section-1', 'example_subdag_operator.section-2', 'example_subdag_operator']) retrieved from /home/airflow/.local/lib/python3.7/site-packages/airflow/example_dags/example_subdag_operator.py
[2025-03-11T05:56:49.989+0000] {logging_mixin.py:137} INFO - [2025-03-11T05:56:49.989+0000] {dag.py:2676} INFO - Sync 3 DAGs
[2025-03-11T05:56:50.016+0000] {logging_mixin.py:137} INFO - [2025-03-11T05:56:50.015+0000] {dag.py:3427} INFO - Setting next_dagrun for example_subdag_operator to 2022-01-01T00:00:00+00:00, run_after=2022-01-01T00:00:00+00:00
[2025-03-11T05:56:50.019+0000] {logging_mixin.py:137} INFO - [2025-03-11T05:56:50.018+0000] {dag.py:3427} INFO - Setting next_dagrun for example_subdag_operator.section-1 to None, run_after=None
[2025-03-11T05:56:50.019+0000] {logging_mixin.py:137} INFO - [2025-03-11T05:56:50.019+0000] {dag.py:3427} INFO - Setting next_dagrun for example_subdag_operator.section-2 to None, run_after=None
[2025-03-11T05:56:50.027+0000] {logging_mixin.py:137} INFO - [2025-03-11T05:56:50.027+0000] {dag.py:2676} INFO - Sync 2 DAGs
[2025-03-11T05:56:50.032+0000] {logging_mixin.py:137} INFO - [2025-03-11T05:56:50.032+0000] {dag.py:3427} INFO - Setting next_dagrun for example_subdag_operator.section-1 to None, run_after=None
[2025-03-11T05:56:50.032+0000] {logging_mixin.py:137} INFO - [2025-03-11T05:56:50.032+0000] {dag.py:3427} INFO - Setting next_dagrun for example_subdag_operator.section-2 to None, run_after=None
[2025-03-11T05:56:50.041+0000] {processor.py:175} INFO - Processing /home/airflow/.local/lib/python3.7/site-packages/airflow/example_dags/example_subdag_operator.py took 0.133 seconds
[2025-03-11T05:57:20.311+0000] {processor.py:153} INFO - Started process (PID=415) to work on /home/airflow/.local/lib/python3.7/site-packages/airflow/example_dags/example_subdag_operator.py
[2025-03-11T05:57:20.314+0000] {processor.py:743} INFO - Processing file /home/airflow/.local/lib/python3.7/site-packages/airflow/example_dags/example_subdag_operator.py for tasks to queue
[2025-03-11T05:57:20.315+0000] {logging_mixin.py:137} INFO - [2025-03-11T05:57:20.315+0000] {dagbag.py:538} INFO - Filling up the DagBag from /home/airflow/.local/lib/python3.7/site-packages/airflow/example_dags/example_subdag_operator.py
[2025-03-11T05:57:20.355+0000] {processor.py:753} INFO - DAG(s) dict_keys(['example_subdag_operator.section-1', 'example_subdag_operator.section-2', 'example_subdag_operator']) retrieved from /home/airflow/.local/lib/python3.7/site-packages/airflow/example_dags/example_subdag_operator.py
[2025-03-11T05:57:20.385+0000] {logging_mixin.py:137} INFO - [2025-03-11T05:57:20.385+0000] {dag.py:2676} INFO - Sync 3 DAGs
[2025-03-11T05:57:20.409+0000] {logging_mixin.py:137} INFO - [2025-03-11T05:57:20.409+0000] {dag.py:3427} INFO - Setting next_dagrun for example_subdag_operator to 2022-01-01T00:00:00+00:00, run_after=2022-01-01T00:00:00+00:00
[2025-03-11T05:57:20.412+0000] {logging_mixin.py:137} INFO - [2025-03-11T05:57:20.412+0000] {dag.py:3427} INFO - Setting next_dagrun for example_subdag_operator.section-1 to None, run_after=None
[2025-03-11T05:57:20.414+0000] {logging_mixin.py:137} INFO - [2025-03-11T05:57:20.414+0000] {dag.py:3427} INFO - Setting next_dagrun for example_subdag_operator.section-2 to None, run_after=None
[2025-03-11T05:57:20.421+0000] {logging_mixin.py:137} INFO - [2025-03-11T05:57:20.421+0000] {dag.py:2676} INFO - Sync 2 DAGs
[2025-03-11T05:57:20.427+0000] {logging_mixin.py:137} INFO - [2025-03-11T05:57:20.427+0000] {dag.py:3427} INFO - Setting next_dagrun for example_subdag_operator.section-1 to None, run_after=None
[2025-03-11T05:57:20.428+0000] {logging_mixin.py:137} INFO - [2025-03-11T05:57:20.427+0000] {dag.py:3427} INFO - Setting next_dagrun for example_subdag_operator.section-2 to None, run_after=None
[2025-03-11T05:57:20.437+0000] {processor.py:175} INFO - Processing /home/airflow/.local/lib/python3.7/site-packages/airflow/example_dags/example_subdag_operator.py took 0.131 seconds
[2025-03-11T05:57:50.966+0000] {processor.py:153} INFO - Started process (PID=454) to work on /home/airflow/.local/lib/python3.7/site-packages/airflow/example_dags/example_subdag_operator.py
[2025-03-11T05:57:50.968+0000] {processor.py:743} INFO - Processing file /home/airflow/.local/lib/python3.7/site-packages/airflow/example_dags/example_subdag_operator.py for tasks to queue
[2025-03-11T05:57:50.970+0000] {logging_mixin.py:137} INFO - [2025-03-11T05:57:50.970+0000] {dagbag.py:538} INFO - Filling up the DagBag from /home/airflow/.local/lib/python3.7/site-packages/airflow/example_dags/example_subdag_operator.py
[2025-03-11T05:57:51.013+0000] {processor.py:753} INFO - DAG(s) dict_keys(['example_subdag_operator.section-1', 'example_subdag_operator.section-2', 'example_subdag_operator']) retrieved from /home/airflow/.local/lib/python3.7/site-packages/airflow/example_dags/example_subdag_operator.py
[2025-03-11T05:57:51.043+0000] {logging_mixin.py:137} INFO - [2025-03-11T05:57:51.042+0000] {dag.py:2676} INFO - Sync 3 DAGs
[2025-03-11T05:57:51.065+0000] {logging_mixin.py:137} INFO - [2025-03-11T05:57:51.065+0000] {dag.py:3427} INFO - Setting next_dagrun for example_subdag_operator to 2022-01-01T00:00:00+00:00, run_after=2022-01-01T00:00:00+00:00
[2025-03-11T05:57:51.068+0000] {logging_mixin.py:137} INFO - [2025-03-11T05:57:51.068+0000] {dag.py:3427} INFO - Setting next_dagrun for example_subdag_operator.section-1 to None, run_after=None
[2025-03-11T05:57:51.069+0000] {logging_mixin.py:137} INFO - [2025-03-11T05:57:51.069+0000] {dag.py:3427} INFO - Setting next_dagrun for example_subdag_operator.section-2 to None, run_after=None
[2025-03-11T05:57:51.076+0000] {logging_mixin.py:137} INFO - [2025-03-11T05:57:51.076+0000] {dag.py:2676} INFO - Sync 2 DAGs
[2025-03-11T05:57:51.082+0000] {logging_mixin.py:137} INFO - [2025-03-11T05:57:51.081+0000] {dag.py:3427} INFO - Setting next_dagrun for example_subdag_operator.section-1 to None, run_after=None
[2025-03-11T05:57:51.082+0000] {logging_mixin.py:137} INFO - [2025-03-11T05:57:51.082+0000] {dag.py:3427} INFO - Setting next_dagrun for example_subdag_operator.section-2 to None, run_after=None
[2025-03-11T05:57:51.091+0000] {processor.py:175} INFO - Processing /home/airflow/.local/lib/python3.7/site-packages/airflow/example_dags/example_subdag_operator.py took 0.130 seconds
[2025-03-11T05:58:21.365+0000] {processor.py:153} INFO - Started process (PID=493) to work on /home/airflow/.local/lib/python3.7/site-packages/airflow/example_dags/example_subdag_operator.py
[2025-03-11T05:58:21.367+0000] {processor.py:743} INFO - Processing file /home/airflow/.local/lib/python3.7/site-packages/airflow/example_dags/example_subdag_operator.py for tasks to queue
[2025-03-11T05:58:21.369+0000] {logging_mixin.py:137} INFO - [2025-03-11T05:58:21.369+0000] {dagbag.py:538} INFO - Filling up the DagBag from /home/airflow/.local/lib/python3.7/site-packages/airflow/example_dags/example_subdag_operator.py
[2025-03-11T05:58:21.410+0000] {processor.py:753} INFO - DAG(s) dict_keys(['example_subdag_operator.section-1', 'example_subdag_operator.section-2', 'example_subdag_operator']) retrieved from /home/airflow/.local/lib/python3.7/site-packages/airflow/example_dags/example_subdag_operator.py
[2025-03-11T05:58:21.438+0000] {logging_mixin.py:137} INFO - [2025-03-11T05:58:21.438+0000] {dag.py:2676} INFO - Sync 3 DAGs
[2025-03-11T05:58:21.457+0000] {logging_mixin.py:137} INFO - [2025-03-11T05:58:21.457+0000] {dag.py:3427} INFO - Setting next_dagrun for example_subdag_operator to 2022-01-01T00:00:00+00:00, run_after=2022-01-01T00:00:00+00:00
[2025-03-11T05:58:21.460+0000] {logging_mixin.py:137} INFO - [2025-03-11T05:58:21.460+0000] {dag.py:3427} INFO - Setting next_dagrun for example_subdag_operator.section-1 to None, run_after=None
[2025-03-11T05:58:21.462+0000] {logging_mixin.py:137} INFO - [2025-03-11T05:58:21.462+0000] {dag.py:3427} INFO - Setting next_dagrun for example_subdag_operator.section-2 to None, run_after=None
[2025-03-11T05:58:21.469+0000] {logging_mixin.py:137} INFO - [2025-03-11T05:58:21.469+0000] {dag.py:2676} INFO - Sync 2 DAGs
[2025-03-11T05:58:21.473+0000] {logging_mixin.py:137} INFO - [2025-03-11T05:58:21.473+0000] {dag.py:3427} INFO - Setting next_dagrun for example_subdag_operator.section-1 to None, run_after=None
[2025-03-11T05:58:21.473+0000] {logging_mixin.py:137} INFO - [2025-03-11T05:58:21.473+0000] {dag.py:3427} INFO - Setting next_dagrun for example_subdag_operator.section-2 to None, run_after=None
[2025-03-11T05:58:21.482+0000] {processor.py:175} INFO - Processing /home/airflow/.local/lib/python3.7/site-packages/airflow/example_dags/example_subdag_operator.py took 0.121 seconds
[2025-03-11T05:58:51.819+0000] {processor.py:153} INFO - Started process (PID=532) to work on /home/airflow/.local/lib/python3.7/site-packages/airflow/example_dags/example_subdag_operator.py
[2025-03-11T05:58:51.822+0000] {processor.py:743} INFO - Processing file /home/airflow/.local/lib/python3.7/site-packages/airflow/example_dags/example_subdag_operator.py for tasks to queue
[2025-03-11T05:58:51.823+0000] {logging_mixin.py:137} INFO - [2025-03-11T05:58:51.823+0000] {dagbag.py:538} INFO - Filling up the DagBag from /home/airflow/.local/lib/python3.7/site-packages/airflow/example_dags/example_subdag_operator.py
[2025-03-11T05:58:51.860+0000] {processor.py:753} INFO - DAG(s) dict_keys(['example_subdag_operator.section-1', 'example_subdag_operator.section-2', 'example_subdag_operator']) retrieved from /home/airflow/.local/lib/python3.7/site-packages/airflow/example_dags/example_subdag_operator.py
[2025-03-11T05:58:51.888+0000] {logging_mixin.py:137} INFO - [2025-03-11T05:58:51.887+0000] {dag.py:2676} INFO - Sync 3 DAGs
[2025-03-11T05:58:51.909+0000] {logging_mixin.py:137} INFO - [2025-03-11T05:58:51.909+0000] {dag.py:3427} INFO - Setting next_dagrun for example_subdag_operator to 2022-01-01T00:00:00+00:00, run_after=2022-01-01T00:00:00+00:00
[2025-03-11T05:58:51.912+0000] {logging_mixin.py:137} INFO - [2025-03-11T05:58:51.912+0000] {dag.py:3427} INFO - Setting next_dagrun for example_subdag_operator.section-1 to None, run_after=None
[2025-03-11T05:58:51.913+0000] {logging_mixin.py:137} INFO - [2025-03-11T05:58:51.913+0000] {dag.py:3427} INFO - Setting next_dagrun for example_subdag_operator.section-2 to None, run_after=None
[2025-03-11T05:58:51.920+0000] {logging_mixin.py:137} INFO - [2025-03-11T05:58:51.920+0000] {dag.py:2676} INFO - Sync 2 DAGs
[2025-03-11T05:58:51.925+0000] {logging_mixin.py:137} INFO - [2025-03-11T05:58:51.925+0000] {dag.py:3427} INFO - Setting next_dagrun for example_subdag_operator.section-1 to None, run_after=None
[2025-03-11T05:58:51.925+0000] {logging_mixin.py:137} INFO - [2025-03-11T05:58:51.925+0000] {dag.py:3427} INFO - Setting next_dagrun for example_subdag_operator.section-2 to None, run_after=None
[2025-03-11T05:58:51.934+0000] {processor.py:175} INFO - Processing /home/airflow/.local/lib/python3.7/site-packages/airflow/example_dags/example_subdag_operator.py took 0.119 seconds
[2025-03-11T05:59:22.419+0000] {processor.py:153} INFO - Started process (PID=571) to work on /home/airflow/.local/lib/python3.7/site-packages/airflow/example_dags/example_subdag_operator.py
[2025-03-11T05:59:22.422+0000] {processor.py:743} INFO - Processing file /home/airflow/.local/lib/python3.7/site-packages/airflow/example_dags/example_subdag_operator.py for tasks to queue
[2025-03-11T05:59:22.427+0000] {logging_mixin.py:137} INFO - [2025-03-11T05:59:22.426+0000] {dagbag.py:538} INFO - Filling up the DagBag from /home/airflow/.local/lib/python3.7/site-packages/airflow/example_dags/example_subdag_operator.py
[2025-03-11T05:59:22.462+0000] {processor.py:753} INFO - DAG(s) dict_keys(['example_subdag_operator.section-1', 'example_subdag_operator.section-2', 'example_subdag_operator']) retrieved from /home/airflow/.local/lib/python3.7/site-packages/airflow/example_dags/example_subdag_operator.py
[2025-03-11T05:59:22.501+0000] {logging_mixin.py:137} INFO - [2025-03-11T05:59:22.501+0000] {dag.py:2676} INFO - Sync 3 DAGs
[2025-03-11T05:59:22.528+0000] {logging_mixin.py:137} INFO - [2025-03-11T05:59:22.527+0000] {dag.py:3427} INFO - Setting next_dagrun for example_subdag_operator to 2022-01-01T00:00:00+00:00, run_after=2022-01-01T00:00:00+00:00
[2025-03-11T05:59:22.533+0000] {logging_mixin.py:137} INFO - [2025-03-11T05:59:22.533+0000] {dag.py:3427} INFO - Setting next_dagrun for example_subdag_operator.section-1 to None, run_after=None
[2025-03-11T05:59:22.534+0000] {logging_mixin.py:137} INFO - [2025-03-11T05:59:22.534+0000] {dag.py:3427} INFO - Setting next_dagrun for example_subdag_operator.section-2 to None, run_after=None
[2025-03-11T05:59:22.543+0000] {logging_mixin.py:137} INFO - [2025-03-11T05:59:22.543+0000] {dag.py:2676} INFO - Sync 2 DAGs
[2025-03-11T05:59:22.548+0000] {logging_mixin.py:137} INFO - [2025-03-11T05:59:22.548+0000] {dag.py:3427} INFO - Setting next_dagrun for example_subdag_operator.section-1 to None, run_after=None
[2025-03-11T05:59:22.548+0000] {logging_mixin.py:137} INFO - [2025-03-11T05:59:22.548+0000] {dag.py:3427} INFO - Setting next_dagrun for example_subdag_operator.section-2 to None, run_after=None
[2025-03-11T05:59:22.560+0000] {processor.py:175} INFO - Processing /home/airflow/.local/lib/python3.7/site-packages/airflow/example_dags/example_subdag_operator.py took 0.146 seconds
[2025-03-11T05:59:52.972+0000] {processor.py:153} INFO - Started process (PID=610) to work on /home/airflow/.local/lib/python3.7/site-packages/airflow/example_dags/example_subdag_operator.py
[2025-03-11T05:59:52.974+0000] {processor.py:743} INFO - Processing file /home/airflow/.local/lib/python3.7/site-packages/airflow/example_dags/example_subdag_operator.py for tasks to queue
[2025-03-11T05:59:52.975+0000] {logging_mixin.py:137} INFO - [2025-03-11T05:59:52.974+0000] {dagbag.py:538} INFO - Filling up the DagBag from /home/airflow/.local/lib/python3.7/site-packages/airflow/example_dags/example_subdag_operator.py
[2025-03-11T05:59:53.014+0000] {processor.py:753} INFO - DAG(s) dict_keys(['example_subdag_operator.section-1', 'example_subdag_operator.section-2', 'example_subdag_operator']) retrieved from /home/airflow/.local/lib/python3.7/site-packages/airflow/example_dags/example_subdag_operator.py
[2025-03-11T05:59:53.048+0000] {logging_mixin.py:137} INFO - [2025-03-11T05:59:53.048+0000] {dag.py:2676} INFO - Sync 3 DAGs
[2025-03-11T05:59:53.067+0000] {logging_mixin.py:137} INFO - [2025-03-11T05:59:53.067+0000] {dag.py:3427} INFO - Setting next_dagrun for example_subdag_operator to 2022-01-01T00:00:00+00:00, run_after=2022-01-01T00:00:00+00:00
[2025-03-11T05:59:53.071+0000] {logging_mixin.py:137} INFO - [2025-03-11T05:59:53.071+0000] {dag.py:3427} INFO - Setting next_dagrun for example_subdag_operator.section-1 to None, run_after=None
[2025-03-11T05:59:53.073+0000] {logging_mixin.py:137} INFO - [2025-03-11T05:59:53.073+0000] {dag.py:3427} INFO - Setting next_dagrun for example_subdag_operator.section-2 to None, run_after=None
[2025-03-11T05:59:53.081+0000] {logging_mixin.py:137} INFO - [2025-03-11T05:59:53.081+0000] {dag.py:2676} INFO - Sync 2 DAGs
[2025-03-11T05:59:53.086+0000] {logging_mixin.py:137} INFO - [2025-03-11T05:59:53.085+0000] {dag.py:3427} INFO - Setting next_dagrun for example_subdag_operator.section-1 to None, run_after=None
[2025-03-11T05:59:53.086+0000] {logging_mixin.py:137} INFO - [2025-03-11T05:59:53.086+0000] {dag.py:3427} INFO - Setting next_dagrun for example_subdag_operator.section-2 to None, run_after=None
[2025-03-11T05:59:53.094+0000] {processor.py:175} INFO - Processing /home/airflow/.local/lib/python3.7/site-packages/airflow/example_dags/example_subdag_operator.py took 0.126 seconds
[2025-03-11T06:00:23.517+0000] {processor.py:153} INFO - Started process (PID=649) to work on /home/airflow/.local/lib/python3.7/site-packages/airflow/example_dags/example_subdag_operator.py
[2025-03-11T06:00:23.520+0000] {processor.py:743} INFO - Processing file /home/airflow/.local/lib/python3.7/site-packages/airflow/example_dags/example_subdag_operator.py for tasks to queue
[2025-03-11T06:00:23.522+0000] {logging_mixin.py:137} INFO - [2025-03-11T06:00:23.522+0000] {dagbag.py:538} INFO - Filling up the DagBag from /home/airflow/.local/lib/python3.7/site-packages/airflow/example_dags/example_subdag_operator.py
[2025-03-11T06:00:23.563+0000] {processor.py:753} INFO - DAG(s) dict_keys(['example_subdag_operator.section-1', 'example_subdag_operator.section-2', 'example_subdag_operator']) retrieved from /home/airflow/.local/lib/python3.7/site-packages/airflow/example_dags/example_subdag_operator.py
[2025-03-11T06:00:23.593+0000] {logging_mixin.py:137} INFO - [2025-03-11T06:00:23.593+0000] {dag.py:2676} INFO - Sync 3 DAGs
[2025-03-11T06:00:23.612+0000] {logging_mixin.py:137} INFO - [2025-03-11T06:00:23.612+0000] {dag.py:3427} INFO - Setting next_dagrun for example_subdag_operator to 2022-01-01T00:00:00+00:00, run_after=2022-01-01T00:00:00+00:00
[2025-03-11T06:00:23.615+0000] {logging_mixin.py:137} INFO - [2025-03-11T06:00:23.615+0000] {dag.py:3427} INFO - Setting next_dagrun for example_subdag_operator.section-1 to None, run_after=None
[2025-03-11T06:00:23.617+0000] {logging_mixin.py:137} INFO - [2025-03-11T06:00:23.617+0000] {dag.py:3427} INFO - Setting next_dagrun for example_subdag_operator.section-2 to None, run_after=None
[2025-03-11T06:00:23.624+0000] {logging_mixin.py:137} INFO - [2025-03-11T06:00:23.623+0000] {dag.py:2676} INFO - Sync 2 DAGs
[2025-03-11T06:00:23.629+0000] {logging_mixin.py:137} INFO - [2025-03-11T06:00:23.629+0000] {dag.py:3427} INFO - Setting next_dagrun for example_subdag_operator.section-1 to None, run_after=None
[2025-03-11T06:00:23.629+0000] {logging_mixin.py:137} INFO - [2025-03-11T06:00:23.629+0000] {dag.py:3427} INFO - Setting next_dagrun for example_subdag_operator.section-2 to None, run_after=None
[2025-03-11T06:00:23.638+0000] {processor.py:175} INFO - Processing /home/airflow/.local/lib/python3.7/site-packages/airflow/example_dags/example_subdag_operator.py took 0.125 seconds
[2025-03-11T06:00:54.214+0000] {processor.py:153} INFO - Started process (PID=688) to work on /home/airflow/.local/lib/python3.7/site-packages/airflow/example_dags/example_subdag_operator.py
[2025-03-11T06:00:54.216+0000] {processor.py:743} INFO - Processing file /home/airflow/.local/lib/python3.7/site-packages/airflow/example_dags/example_subdag_operator.py for tasks to queue
[2025-03-11T06:00:54.217+0000] {logging_mixin.py:137} INFO - [2025-03-11T06:00:54.217+0000] {dagbag.py:538} INFO - Filling up the DagBag from /home/airflow/.local/lib/python3.7/site-packages/airflow/example_dags/example_subdag_operator.py
[2025-03-11T06:00:54.256+0000] {processor.py:753} INFO - DAG(s) dict_keys(['example_subdag_operator.section-1', 'example_subdag_operator.section-2', 'example_subdag_operator']) retrieved from /home/airflow/.local/lib/python3.7/site-packages/airflow/example_dags/example_subdag_operator.py
[2025-03-11T06:00:54.294+0000] {logging_mixin.py:137} INFO - [2025-03-11T06:00:54.294+0000] {dag.py:2676} INFO - Sync 3 DAGs
[2025-03-11T06:00:54.316+0000] {logging_mixin.py:137} INFO - [2025-03-11T06:00:54.316+0000] {dag.py:3427} INFO - Setting next_dagrun for example_subdag_operator to 2022-01-01T00:00:00+00:00, run_after=2022-01-01T00:00:00+00:00
[2025-03-11T06:00:54.320+0000] {logging_mixin.py:137} INFO - [2025-03-11T06:00:54.320+0000] {dag.py:3427} INFO - Setting next_dagrun for example_subdag_operator.section-1 to None, run_after=None
[2025-03-11T06:00:54.323+0000] {logging_mixin.py:137} INFO - [2025-03-11T06:00:54.323+0000] {dag.py:3427} INFO - Setting next_dagrun for example_subdag_operator.section-2 to None, run_after=None
[2025-03-11T06:00:54.330+0000] {logging_mixin.py:137} INFO - [2025-03-11T06:00:54.329+0000] {dag.py:2676} INFO - Sync 2 DAGs
[2025-03-11T06:00:54.334+0000] {logging_mixin.py:137} INFO - [2025-03-11T06:00:54.334+0000] {dag.py:3427} INFO - Setting next_dagrun for example_subdag_operator.section-1 to None, run_after=None
[2025-03-11T06:00:54.334+0000] {logging_mixin.py:137} INFO - [2025-03-11T06:00:54.334+0000] {dag.py:3427} INFO - Setting next_dagrun for example_subdag_operator.section-2 to None, run_after=None
[2025-03-11T06:00:54.344+0000] {processor.py:175} INFO - Processing /home/airflow/.local/lib/python3.7/site-packages/airflow/example_dags/example_subdag_operator.py took 0.136 seconds
[2025-03-11T06:01:24.668+0000] {processor.py:153} INFO - Started process (PID=727) to work on /home/airflow/.local/lib/python3.7/site-packages/airflow/example_dags/example_subdag_operator.py
[2025-03-11T06:01:24.669+0000] {processor.py:743} INFO - Processing file /home/airflow/.local/lib/python3.7/site-packages/airflow/example_dags/example_subdag_operator.py for tasks to queue
[2025-03-11T06:01:24.671+0000] {logging_mixin.py:137} INFO - [2025-03-11T06:01:24.671+0000] {dagbag.py:538} INFO - Filling up the DagBag from /home/airflow/.local/lib/python3.7/site-packages/airflow/example_dags/example_subdag_operator.py
[2025-03-11T06:01:24.714+0000] {processor.py:753} INFO - DAG(s) dict_keys(['example_subdag_operator.section-1', 'example_subdag_operator.section-2', 'example_subdag_operator']) retrieved from /home/airflow/.local/lib/python3.7/site-packages/airflow/example_dags/example_subdag_operator.py
[2025-03-11T06:01:24.741+0000] {logging_mixin.py:137} INFO - [2025-03-11T06:01:24.741+0000] {dag.py:2676} INFO - Sync 3 DAGs
[2025-03-11T06:01:24.762+0000] {logging_mixin.py:137} INFO - [2025-03-11T06:01:24.761+0000] {dag.py:3427} INFO - Setting next_dagrun for example_subdag_operator to 2022-01-01T00:00:00+00:00, run_after=2022-01-01T00:00:00+00:00
[2025-03-11T06:01:24.765+0000] {logging_mixin.py:137} INFO - [2025-03-11T06:01:24.765+0000] {dag.py:3427} INFO - Setting next_dagrun for example_subdag_operator.section-1 to None, run_after=None
[2025-03-11T06:01:24.767+0000] {logging_mixin.py:137} INFO - [2025-03-11T06:01:24.767+0000] {dag.py:3427} INFO - Setting next_dagrun for example_subdag_operator.section-2 to None, run_after=None
[2025-03-11T06:01:24.773+0000] {logging_mixin.py:137} INFO - [2025-03-11T06:01:24.773+0000] {dag.py:2676} INFO - Sync 2 DAGs
[2025-03-11T06:01:24.778+0000] {logging_mixin.py:137} INFO - [2025-03-11T06:01:24.778+0000] {dag.py:3427} INFO - Setting next_dagrun for example_subdag_operator.section-1 to None, run_after=None
[2025-03-11T06:01:24.778+0000] {logging_mixin.py:137} INFO - [2025-03-11T06:01:24.778+0000] {dag.py:3427} INFO - Setting next_dagrun for example_subdag_operator.section-2 to None, run_after=None
[2025-03-11T06:01:24.787+0000] {processor.py:175} INFO - Processing /home/airflow/.local/lib/python3.7/site-packages/airflow/example_dags/example_subdag_operator.py took 0.123 seconds
[2025-03-11T06:01:54.951+0000] {processor.py:153} INFO - Started process (PID=766) to work on /home/airflow/.local/lib/python3.7/site-packages/airflow/example_dags/example_subdag_operator.py
[2025-03-11T06:01:54.952+0000] {processor.py:743} INFO - Processing file /home/airflow/.local/lib/python3.7/site-packages/airflow/example_dags/example_subdag_operator.py for tasks to queue
[2025-03-11T06:01:54.955+0000] {logging_mixin.py:137} INFO - [2025-03-11T06:01:54.954+0000] {dagbag.py:538} INFO - Filling up the DagBag from /home/airflow/.local/lib/python3.7/site-packages/airflow/example_dags/example_subdag_operator.py
[2025-03-11T06:01:54.991+0000] {processor.py:753} INFO - DAG(s) dict_keys(['example_subdag_operator.section-1', 'example_subdag_operator.section-2', 'example_subdag_operator']) retrieved from /home/airflow/.local/lib/python3.7/site-packages/airflow/example_dags/example_subdag_operator.py
[2025-03-11T06:01:55.020+0000] {logging_mixin.py:137} INFO - [2025-03-11T06:01:55.019+0000] {dag.py:2676} INFO - Sync 3 DAGs
[2025-03-11T06:01:55.039+0000] {logging_mixin.py:137} INFO - [2025-03-11T06:01:55.038+0000] {dag.py:3427} INFO - Setting next_dagrun for example_subdag_operator to 2022-01-01T00:00:00+00:00, run_after=2022-01-01T00:00:00+00:00
[2025-03-11T06:01:55.041+0000] {logging_mixin.py:137} INFO - [2025-03-11T06:01:55.041+0000] {dag.py:3427} INFO - Setting next_dagrun for example_subdag_operator.section-1 to None, run_after=None
[2025-03-11T06:01:55.043+0000] {logging_mixin.py:137} INFO - [2025-03-11T06:01:55.043+0000] {dag.py:3427} INFO - Setting next_dagrun for example_subdag_operator.section-2 to None, run_after=None
[2025-03-11T06:01:55.049+0000] {logging_mixin.py:137} INFO - [2025-03-11T06:01:55.049+0000] {dag.py:2676} INFO - Sync 2 DAGs
[2025-03-11T06:01:55.054+0000] {logging_mixin.py:137} INFO - [2025-03-11T06:01:55.054+0000] {dag.py:3427} INFO - Setting next_dagrun for example_subdag_operator.section-1 to None, run_after=None
[2025-03-11T06:01:55.054+0000] {logging_mixin.py:137} INFO - [2025-03-11T06:01:55.054+0000] {dag.py:3427} INFO - Setting next_dagrun for example_subdag_operator.section-2 to None, run_after=None
[2025-03-11T06:01:55.063+0000] {processor.py:175} INFO - Processing /home/airflow/.local/lib/python3.7/site-packages/airflow/example_dags/example_subdag_operator.py took 0.116 seconds
[2025-03-11T06:02:25.931+0000] {processor.py:153} INFO - Started process (PID=805) to work on /home/airflow/.local/lib/python3.7/site-packages/airflow/example_dags/example_subdag_operator.py
[2025-03-11T06:02:25.934+0000] {processor.py:743} INFO - Processing file /home/airflow/.local/lib/python3.7/site-packages/airflow/example_dags/example_subdag_operator.py for tasks to queue
[2025-03-11T06:02:25.935+0000] {logging_mixin.py:137} INFO - [2025-03-11T06:02:25.935+0000] {dagbag.py:538} INFO - Filling up the DagBag from /home/airflow/.local/lib/python3.7/site-packages/airflow/example_dags/example_subdag_operator.py
[2025-03-11T06:02:25.972+0000] {processor.py:753} INFO - DAG(s) dict_keys(['example_subdag_operator.section-1', 'example_subdag_operator.section-2', 'example_subdag_operator']) retrieved from /home/airflow/.local/lib/python3.7/site-packages/airflow/example_dags/example_subdag_operator.py
[2025-03-11T06:02:26.002+0000] {logging_mixin.py:137} INFO - [2025-03-11T06:02:26.002+0000] {dag.py:2676} INFO - Sync 3 DAGs
[2025-03-11T06:02:26.021+0000] {logging_mixin.py:137} INFO - [2025-03-11T06:02:26.021+0000] {dag.py:3427} INFO - Setting next_dagrun for example_subdag_operator to 2022-01-01T00:00:00+00:00, run_after=2022-01-01T00:00:00+00:00
[2025-03-11T06:02:26.024+0000] {logging_mixin.py:137} INFO - [2025-03-11T06:02:26.023+0000] {dag.py:3427} INFO - Setting next_dagrun for example_subdag_operator.section-1 to None, run_after=None
[2025-03-11T06:02:26.024+0000] {logging_mixin.py:137} INFO - [2025-03-11T06:02:26.024+0000] {dag.py:3427} INFO - Setting next_dagrun for example_subdag_operator.section-2 to None, run_after=None
[2025-03-11T06:02:26.031+0000] {logging_mixin.py:137} INFO - [2025-03-11T06:02:26.031+0000] {dag.py:2676} INFO - Sync 2 DAGs
[2025-03-11T06:02:26.038+0000] {logging_mixin.py:137} INFO - [2025-03-11T06:02:26.038+0000] {dag.py:3427} INFO - Setting next_dagrun for example_subdag_operator.section-1 to None, run_after=None
[2025-03-11T06:02:26.038+0000] {logging_mixin.py:137} INFO - [2025-03-11T06:02:26.038+0000] {dag.py:3427} INFO - Setting next_dagrun for example_subdag_operator.section-2 to None, run_after=None
[2025-03-11T06:02:26.047+0000] {processor.py:175} INFO - Processing /home/airflow/.local/lib/python3.7/site-packages/airflow/example_dags/example_subdag_operator.py took 0.120 seconds
[2025-03-11T06:02:56.429+0000] {processor.py:153} INFO - Started process (PID=844) to work on /home/airflow/.local/lib/python3.7/site-packages/airflow/example_dags/example_subdag_operator.py
[2025-03-11T06:02:56.430+0000] {processor.py:743} INFO - Processing file /home/airflow/.local/lib/python3.7/site-packages/airflow/example_dags/example_subdag_operator.py for tasks to queue
[2025-03-11T06:02:56.431+0000] {logging_mixin.py:137} INFO - [2025-03-11T06:02:56.431+0000] {dagbag.py:538} INFO - Filling up the DagBag from /home/airflow/.local/lib/python3.7/site-packages/airflow/example_dags/example_subdag_operator.py
[2025-03-11T06:02:56.470+0000] {processor.py:753} INFO - DAG(s) dict_keys(['example_subdag_operator.section-1', 'example_subdag_operator.section-2', 'example_subdag_operator']) retrieved from /home/airflow/.local/lib/python3.7/site-packages/airflow/example_dags/example_subdag_operator.py
[2025-03-11T06:02:56.500+0000] {logging_mixin.py:137} INFO - [2025-03-11T06:02:56.500+0000] {dag.py:2676} INFO - Sync 3 DAGs
[2025-03-11T06:02:56.520+0000] {logging_mixin.py:137} INFO - [2025-03-11T06:02:56.520+0000] {dag.py:3427} INFO - Setting next_dagrun for example_subdag_operator to 2022-01-01T00:00:00+00:00, run_after=2022-01-01T00:00:00+00:00
[2025-03-11T06:02:56.523+0000] {logging_mixin.py:137} INFO - [2025-03-11T06:02:56.523+0000] {dag.py:3427} INFO - Setting next_dagrun for example_subdag_operator.section-1 to None, run_after=None
[2025-03-11T06:02:56.525+0000] {logging_mixin.py:137} INFO - [2025-03-11T06:02:56.525+0000] {dag.py:3427} INFO - Setting next_dagrun for example_subdag_operator.section-2 to None, run_after=None
[2025-03-11T06:02:56.531+0000] {logging_mixin.py:137} INFO - [2025-03-11T06:02:56.531+0000] {dag.py:2676} INFO - Sync 2 DAGs
[2025-03-11T06:02:56.535+0000] {logging_mixin.py:137} INFO - [2025-03-11T06:02:56.535+0000] {dag.py:3427} INFO - Setting next_dagrun for example_subdag_operator.section-1 to None, run_after=None
[2025-03-11T06:02:56.536+0000] {logging_mixin.py:137} INFO - [2025-03-11T06:02:56.535+0000] {dag.py:3427} INFO - Setting next_dagrun for example_subdag_operator.section-2 to None, run_after=None
[2025-03-11T06:02:56.545+0000] {processor.py:175} INFO - Processing /home/airflow/.local/lib/python3.7/site-packages/airflow/example_dags/example_subdag_operator.py took 0.120 seconds
[2025-03-11T06:03:26.872+0000] {processor.py:153} INFO - Started process (PID=883) to work on /home/airflow/.local/lib/python3.7/site-packages/airflow/example_dags/example_subdag_operator.py
[2025-03-11T06:03:26.875+0000] {processor.py:743} INFO - Processing file /home/airflow/.local/lib/python3.7/site-packages/airflow/example_dags/example_subdag_operator.py for tasks to queue
[2025-03-11T06:03:26.876+0000] {logging_mixin.py:137} INFO - [2025-03-11T06:03:26.876+0000] {dagbag.py:538} INFO - Filling up the DagBag from /home/airflow/.local/lib/python3.7/site-packages/airflow/example_dags/example_subdag_operator.py
[2025-03-11T06:03:26.913+0000] {processor.py:753} INFO - DAG(s) dict_keys(['example_subdag_operator.section-1', 'example_subdag_operator.section-2', 'example_subdag_operator']) retrieved from /home/airflow/.local/lib/python3.7/site-packages/airflow/example_dags/example_subdag_operator.py
[2025-03-11T06:03:26.943+0000] {logging_mixin.py:137} INFO - [2025-03-11T06:03:26.943+0000] {dag.py:2676} INFO - Sync 3 DAGs
[2025-03-11T06:03:26.964+0000] {logging_mixin.py:137} INFO - [2025-03-11T06:03:26.964+0000] {dag.py:3427} INFO - Setting next_dagrun for example_subdag_operator to 2022-01-01T00:00:00+00:00, run_after=2022-01-01T00:00:00+00:00
[2025-03-11T06:03:26.967+0000] {logging_mixin.py:137} INFO - [2025-03-11T06:03:26.967+0000] {dag.py:3427} INFO - Setting next_dagrun for example_subdag_operator.section-1 to None, run_after=None
[2025-03-11T06:03:26.968+0000] {logging_mixin.py:137} INFO - [2025-03-11T06:03:26.968+0000] {dag.py:3427} INFO - Setting next_dagrun for example_subdag_operator.section-2 to None, run_after=None
[2025-03-11T06:03:26.975+0000] {logging_mixin.py:137} INFO - [2025-03-11T06:03:26.975+0000] {dag.py:2676} INFO - Sync 2 DAGs
[2025-03-11T06:03:26.981+0000] {logging_mixin.py:137} INFO - [2025-03-11T06:03:26.981+0000] {dag.py:3427} INFO - Setting next_dagrun for example_subdag_operator.section-1 to None, run_after=None
[2025-03-11T06:03:26.981+0000] {logging_mixin.py:137} INFO - [2025-03-11T06:03:26.981+0000] {dag.py:3427} INFO - Setting next_dagrun for example_subdag_operator.section-2 to None, run_after=None
[2025-03-11T06:03:26.990+0000] {processor.py:175} INFO - Processing /home/airflow/.local/lib/python3.7/site-packages/airflow/example_dags/example_subdag_operator.py took 0.124 seconds
[2025-03-11T06:03:57.278+0000] {processor.py:153} INFO - Started process (PID=922) to work on /home/airflow/.local/lib/python3.7/site-packages/airflow/example_dags/example_subdag_operator.py
[2025-03-11T06:03:57.280+0000] {processor.py:743} INFO - Processing file /home/airflow/.local/lib/python3.7/site-packages/airflow/example_dags/example_subdag_operator.py for tasks to queue
[2025-03-11T06:03:57.281+0000] {logging_mixin.py:137} INFO - [2025-03-11T06:03:57.281+0000] {dagbag.py:538} INFO - Filling up the DagBag from /home/airflow/.local/lib/python3.7/site-packages/airflow/example_dags/example_subdag_operator.py
[2025-03-11T06:03:57.323+0000] {processor.py:753} INFO - DAG(s) dict_keys(['example_subdag_operator.section-1', 'example_subdag_operator.section-2', 'example_subdag_operator']) retrieved from /home/airflow/.local/lib/python3.7/site-packages/airflow/example_dags/example_subdag_operator.py
[2025-03-11T06:03:57.354+0000] {logging_mixin.py:137} INFO - [2025-03-11T06:03:57.354+0000] {dag.py:2676} INFO - Sync 3 DAGs
[2025-03-11T06:03:57.379+0000] {logging_mixin.py:137} INFO - [2025-03-11T06:03:57.378+0000] {dag.py:3427} INFO - Setting next_dagrun for example_subdag_operator to 2022-01-01T00:00:00+00:00, run_after=2022-01-01T00:00:00+00:00
[2025-03-11T06:03:57.383+0000] {logging_mixin.py:137} INFO - [2025-03-11T06:03:57.382+0000] {dag.py:3427} INFO - Setting next_dagrun for example_subdag_operator.section-1 to None, run_after=None
[2025-03-11T06:03:57.384+0000] {logging_mixin.py:137} INFO - [2025-03-11T06:03:57.384+0000] {dag.py:3427} INFO - Setting next_dagrun for example_subdag_operator.section-2 to None, run_after=None
[2025-03-11T06:03:57.394+0000] {logging_mixin.py:137} INFO - [2025-03-11T06:03:57.394+0000] {dag.py:2676} INFO - Sync 2 DAGs
[2025-03-11T06:03:57.399+0000] {logging_mixin.py:137} INFO - [2025-03-11T06:03:57.399+0000] {dag.py:3427} INFO - Setting next_dagrun for example_subdag_operator.section-1 to None, run_after=None
[2025-03-11T06:03:57.400+0000] {logging_mixin.py:137} INFO - [2025-03-11T06:03:57.400+0000] {dag.py:3427} INFO - Setting next_dagrun for example_subdag_operator.section-2 to None, run_after=None
[2025-03-11T06:03:57.409+0000] {processor.py:175} INFO - Processing /home/airflow/.local/lib/python3.7/site-packages/airflow/example_dags/example_subdag_operator.py took 0.135 seconds
[2025-03-11T06:04:27.745+0000] {processor.py:153} INFO - Started process (PID=961) to work on /home/airflow/.local/lib/python3.7/site-packages/airflow/example_dags/example_subdag_operator.py
[2025-03-11T06:04:27.747+0000] {processor.py:743} INFO - Processing file /home/airflow/.local/lib/python3.7/site-packages/airflow/example_dags/example_subdag_operator.py for tasks to queue
[2025-03-11T06:04:27.749+0000] {logging_mixin.py:137} INFO - [2025-03-11T06:04:27.748+0000] {dagbag.py:538} INFO - Filling up the DagBag from /home/airflow/.local/lib/python3.7/site-packages/airflow/example_dags/example_subdag_operator.py
[2025-03-11T06:04:27.785+0000] {processor.py:753} INFO - DAG(s) dict_keys(['example_subdag_operator.section-1', 'example_subdag_operator.section-2', 'example_subdag_operator']) retrieved from /home/airflow/.local/lib/python3.7/site-packages/airflow/example_dags/example_subdag_operator.py
[2025-03-11T06:04:27.813+0000] {logging_mixin.py:137} INFO - [2025-03-11T06:04:27.813+0000] {dag.py:2676} INFO - Sync 3 DAGs
[2025-03-11T06:04:27.832+0000] {logging_mixin.py:137} INFO - [2025-03-11T06:04:27.832+0000] {dag.py:3427} INFO - Setting next_dagrun for example_subdag_operator to 2022-01-01T00:00:00+00:00, run_after=2022-01-01T00:00:00+00:00
[2025-03-11T06:04:27.834+0000] {logging_mixin.py:137} INFO - [2025-03-11T06:04:27.834+0000] {dag.py:3427} INFO - Setting next_dagrun for example_subdag_operator.section-1 to None, run_after=None
[2025-03-11T06:04:27.836+0000] {logging_mixin.py:137} INFO - [2025-03-11T06:04:27.836+0000] {dag.py:3427} INFO - Setting next_dagrun for example_subdag_operator.section-2 to None, run_after=None
[2025-03-11T06:04:27.844+0000] {logging_mixin.py:137} INFO - [2025-03-11T06:04:27.844+0000] {dag.py:2676} INFO - Sync 2 DAGs
[2025-03-11T06:04:27.851+0000] {logging_mixin.py:137} INFO - [2025-03-11T06:04:27.850+0000] {dag.py:3427} INFO - Setting next_dagrun for example_subdag_operator.section-1 to None, run_after=None
[2025-03-11T06:04:27.851+0000] {logging_mixin.py:137} INFO - [2025-03-11T06:04:27.851+0000] {dag.py:3427} INFO - Setting next_dagrun for example_subdag_operator.section-2 to None, run_after=None
[2025-03-11T06:04:27.862+0000] {processor.py:175} INFO - Processing /home/airflow/.local/lib/python3.7/site-packages/airflow/example_dags/example_subdag_operator.py took 0.120 seconds
[2025-03-11T06:04:58.132+0000] {processor.py:153} INFO - Started process (PID=1000) to work on /home/airflow/.local/lib/python3.7/site-packages/airflow/example_dags/example_subdag_operator.py
[2025-03-11T06:04:58.134+0000] {processor.py:743} INFO - Processing file /home/airflow/.local/lib/python3.7/site-packages/airflow/example_dags/example_subdag_operator.py for tasks to queue
[2025-03-11T06:04:58.136+0000] {logging_mixin.py:137} INFO - [2025-03-11T06:04:58.136+0000] {dagbag.py:538} INFO - Filling up the DagBag from /home/airflow/.local/lib/python3.7/site-packages/airflow/example_dags/example_subdag_operator.py
[2025-03-11T06:04:58.173+0000] {processor.py:753} INFO - DAG(s) dict_keys(['example_subdag_operator.section-1', 'example_subdag_operator.section-2', 'example_subdag_operator']) retrieved from /home/airflow/.local/lib/python3.7/site-packages/airflow/example_dags/example_subdag_operator.py
[2025-03-11T06:04:58.201+0000] {logging_mixin.py:137} INFO - [2025-03-11T06:04:58.201+0000] {dag.py:2676} INFO - Sync 3 DAGs
[2025-03-11T06:04:58.223+0000] {logging_mixin.py:137} INFO - [2025-03-11T06:04:58.223+0000] {dag.py:3427} INFO - Setting next_dagrun for example_subdag_operator to 2022-01-01T00:00:00+00:00, run_after=2022-01-01T00:00:00+00:00
[2025-03-11T06:04:58.226+0000] {logging_mixin.py:137} INFO - [2025-03-11T06:04:58.226+0000] {dag.py:3427} INFO - Setting next_dagrun for example_subdag_operator.section-1 to None, run_after=None
[2025-03-11T06:04:58.228+0000] {logging_mixin.py:137} INFO - [2025-03-11T06:04:58.228+0000] {dag.py:3427} INFO - Setting next_dagrun for example_subdag_operator.section-2 to None, run_after=None
[2025-03-11T06:04:58.236+0000] {logging_mixin.py:137} INFO - [2025-03-11T06:04:58.236+0000] {dag.py:2676} INFO - Sync 2 DAGs
[2025-03-11T06:04:58.242+0000] {logging_mixin.py:137} INFO - [2025-03-11T06:04:58.241+0000] {dag.py:3427} INFO - Setting next_dagrun for example_subdag_operator.section-1 to None, run_after=None
[2025-03-11T06:04:58.242+0000] {logging_mixin.py:137} INFO - [2025-03-11T06:04:58.242+0000] {dag.py:3427} INFO - Setting next_dagrun for example_subdag_operator.section-2 to None, run_after=None
[2025-03-11T06:04:58.250+0000] {processor.py:175} INFO - Processing /home/airflow/.local/lib/python3.7/site-packages/airflow/example_dags/example_subdag_operator.py took 0.122 seconds
[2025-03-11T06:05:28.556+0000] {processor.py:153} INFO - Started process (PID=1039) to work on /home/airflow/.local/lib/python3.7/site-packages/airflow/example_dags/example_subdag_operator.py
[2025-03-11T06:05:28.557+0000] {processor.py:743} INFO - Processing file /home/airflow/.local/lib/python3.7/site-packages/airflow/example_dags/example_subdag_operator.py for tasks to queue
[2025-03-11T06:05:28.559+0000] {logging_mixin.py:137} INFO - [2025-03-11T06:05:28.558+0000] {dagbag.py:538} INFO - Filling up the DagBag from /home/airflow/.local/lib/python3.7/site-packages/airflow/example_dags/example_subdag_operator.py
[2025-03-11T06:05:28.600+0000] {processor.py:753} INFO - DAG(s) dict_keys(['example_subdag_operator.section-1', 'example_subdag_operator.section-2', 'example_subdag_operator']) retrieved from /home/airflow/.local/lib/python3.7/site-packages/airflow/example_dags/example_subdag_operator.py
[2025-03-11T06:05:28.631+0000] {logging_mixin.py:137} INFO - [2025-03-11T06:05:28.631+0000] {dag.py:2676} INFO - Sync 3 DAGs
[2025-03-11T06:05:28.655+0000] {logging_mixin.py:137} INFO - [2025-03-11T06:05:28.655+0000] {dag.py:3427} INFO - Setting next_dagrun for example_subdag_operator to 2022-01-01T00:00:00+00:00, run_after=2022-01-01T00:00:00+00:00
[2025-03-11T06:05:28.659+0000] {logging_mixin.py:137} INFO - [2025-03-11T06:05:28.659+0000] {dag.py:3427} INFO - Setting next_dagrun for example_subdag_operator.section-1 to None, run_after=None
[2025-03-11T06:05:28.661+0000] {logging_mixin.py:137} INFO - [2025-03-11T06:05:28.661+0000] {dag.py:3427} INFO - Setting next_dagrun for example_subdag_operator.section-2 to None, run_after=None
[2025-03-11T06:05:28.669+0000] {logging_mixin.py:137} INFO - [2025-03-11T06:05:28.669+0000] {dag.py:2676} INFO - Sync 2 DAGs
[2025-03-11T06:05:28.674+0000] {logging_mixin.py:137} INFO - [2025-03-11T06:05:28.674+0000] {dag.py:3427} INFO - Setting next_dagrun for example_subdag_operator.section-1 to None, run_after=None
[2025-03-11T06:05:28.674+0000] {logging_mixin.py:137} INFO - [2025-03-11T06:05:28.674+0000] {dag.py:3427} INFO - Setting next_dagrun for example_subdag_operator.section-2 to None, run_after=None
[2025-03-11T06:05:28.682+0000] {processor.py:175} INFO - Processing /home/airflow/.local/lib/python3.7/site-packages/airflow/example_dags/example_subdag_operator.py took 0.131 seconds
[2025-03-11T06:05:59.048+0000] {processor.py:153} INFO - Started process (PID=1078) to work on /home/airflow/.local/lib/python3.7/site-packages/airflow/example_dags/example_subdag_operator.py
[2025-03-11T06:05:59.049+0000] {processor.py:743} INFO - Processing file /home/airflow/.local/lib/python3.7/site-packages/airflow/example_dags/example_subdag_operator.py for tasks to queue
[2025-03-11T06:05:59.051+0000] {logging_mixin.py:137} INFO - [2025-03-11T06:05:59.051+0000] {dagbag.py:538} INFO - Filling up the DagBag from /home/airflow/.local/lib/python3.7/site-packages/airflow/example_dags/example_subdag_operator.py
[2025-03-11T06:05:59.092+0000] {processor.py:753} INFO - DAG(s) dict_keys(['example_subdag_operator.section-1', 'example_subdag_operator.section-2', 'example_subdag_operator']) retrieved from /home/airflow/.local/lib/python3.7/site-packages/airflow/example_dags/example_subdag_operator.py
[2025-03-11T06:05:59.127+0000] {logging_mixin.py:137} INFO - [2025-03-11T06:05:59.127+0000] {dag.py:2676} INFO - Sync 3 DAGs
[2025-03-11T06:05:59.149+0000] {logging_mixin.py:137} INFO - [2025-03-11T06:05:59.149+0000] {dag.py:3427} INFO - Setting next_dagrun for example_subdag_operator to 2022-01-01T00:00:00+00:00, run_after=2022-01-01T00:00:00+00:00
[2025-03-11T06:05:59.152+0000] {logging_mixin.py:137} INFO - [2025-03-11T06:05:59.152+0000] {dag.py:3427} INFO - Setting next_dagrun for example_subdag_operator.section-1 to None, run_after=None
[2025-03-11T06:05:59.154+0000] {logging_mixin.py:137} INFO - [2025-03-11T06:05:59.154+0000] {dag.py:3427} INFO - Setting next_dagrun for example_subdag_operator.section-2 to None, run_after=None
[2025-03-11T06:05:59.162+0000] {logging_mixin.py:137} INFO - [2025-03-11T06:05:59.162+0000] {dag.py:2676} INFO - Sync 2 DAGs
[2025-03-11T06:05:59.168+0000] {logging_mixin.py:137} INFO - [2025-03-11T06:05:59.168+0000] {dag.py:3427} INFO - Setting next_dagrun for example_subdag_operator.section-1 to None, run_after=None
[2025-03-11T06:05:59.168+0000] {logging_mixin.py:137} INFO - [2025-03-11T06:05:59.168+0000] {dag.py:3427} INFO - Setting next_dagrun for example_subdag_operator.section-2 to None, run_after=None
[2025-03-11T06:05:59.178+0000] {processor.py:175} INFO - Processing /home/airflow/.local/lib/python3.7/site-packages/airflow/example_dags/example_subdag_operator.py took 0.135 seconds
[2025-03-11T06:06:29.463+0000] {processor.py:153} INFO - Started process (PID=1117) to work on /home/airflow/.local/lib/python3.7/site-packages/airflow/example_dags/example_subdag_operator.py
[2025-03-11T06:06:29.464+0000] {processor.py:743} INFO - Processing file /home/airflow/.local/lib/python3.7/site-packages/airflow/example_dags/example_subdag_operator.py for tasks to queue
[2025-03-11T06:06:29.466+0000] {logging_mixin.py:137} INFO - [2025-03-11T06:06:29.465+0000] {dagbag.py:538} INFO - Filling up the DagBag from /home/airflow/.local/lib/python3.7/site-packages/airflow/example_dags/example_subdag_operator.py
[2025-03-11T06:06:29.510+0000] {processor.py:753} INFO - DAG(s) dict_keys(['example_subdag_operator.section-1', 'example_subdag_operator.section-2', 'example_subdag_operator']) retrieved from /home/airflow/.local/lib/python3.7/site-packages/airflow/example_dags/example_subdag_operator.py
[2025-03-11T06:06:29.537+0000] {logging_mixin.py:137} INFO - [2025-03-11T06:06:29.537+0000] {dag.py:2676} INFO - Sync 3 DAGs
[2025-03-11T06:06:29.556+0000] {logging_mixin.py:137} INFO - [2025-03-11T06:06:29.556+0000] {dag.py:3427} INFO - Setting next_dagrun for example_subdag_operator to 2022-01-01T00:00:00+00:00, run_after=2022-01-01T00:00:00+00:00
[2025-03-11T06:06:29.559+0000] {logging_mixin.py:137} INFO - [2025-03-11T06:06:29.559+0000] {dag.py:3427} INFO - Setting next_dagrun for example_subdag_operator.section-1 to None, run_after=None
[2025-03-11T06:06:29.561+0000] {logging_mixin.py:137} INFO - [2025-03-11T06:06:29.561+0000] {dag.py:3427} INFO - Setting next_dagrun for example_subdag_operator.section-2 to None, run_after=None
[2025-03-11T06:06:29.571+0000] {logging_mixin.py:137} INFO - [2025-03-11T06:06:29.571+0000] {dag.py:2676} INFO - Sync 2 DAGs
[2025-03-11T06:06:29.576+0000] {logging_mixin.py:137} INFO - [2025-03-11T06:06:29.576+0000] {dag.py:3427} INFO - Setting next_dagrun for example_subdag_operator.section-1 to None, run_after=None
[2025-03-11T06:06:29.576+0000] {logging_mixin.py:137} INFO - [2025-03-11T06:06:29.576+0000] {dag.py:3427} INFO - Setting next_dagrun for example_subdag_operator.section-2 to None, run_after=None
[2025-03-11T06:06:29.585+0000] {processor.py:175} INFO - Processing /home/airflow/.local/lib/python3.7/site-packages/airflow/example_dags/example_subdag_operator.py took 0.126 seconds
[2025-03-11T06:06:59.842+0000] {processor.py:153} INFO - Started process (PID=1156) to work on /home/airflow/.local/lib/python3.7/site-packages/airflow/example_dags/example_subdag_operator.py
[2025-03-11T06:06:59.844+0000] {processor.py:743} INFO - Processing file /home/airflow/.local/lib/python3.7/site-packages/airflow/example_dags/example_subdag_operator.py for tasks to queue
[2025-03-11T06:06:59.845+0000] {logging_mixin.py:137} INFO - [2025-03-11T06:06:59.845+0000] {dagbag.py:538} INFO - Filling up the DagBag from /home/airflow/.local/lib/python3.7/site-packages/airflow/example_dags/example_subdag_operator.py
[2025-03-11T06:06:59.886+0000] {processor.py:753} INFO - DAG(s) dict_keys(['example_subdag_operator.section-1', 'example_subdag_operator.section-2', 'example_subdag_operator']) retrieved from /home/airflow/.local/lib/python3.7/site-packages/airflow/example_dags/example_subdag_operator.py
[2025-03-11T06:06:59.916+0000] {logging_mixin.py:137} INFO - [2025-03-11T06:06:59.916+0000] {dag.py:2676} INFO - Sync 3 DAGs
[2025-03-11T06:06:59.936+0000] {logging_mixin.py:137} INFO - [2025-03-11T06:06:59.935+0000] {dag.py:3427} INFO - Setting next_dagrun for example_subdag_operator to 2022-01-01T00:00:00+00:00, run_after=2022-01-01T00:00:00+00:00
[2025-03-11T06:06:59.938+0000] {logging_mixin.py:137} INFO - [2025-03-11T06:06:59.938+0000] {dag.py:3427} INFO - Setting next_dagrun for example_subdag_operator.section-1 to None, run_after=None
[2025-03-11T06:06:59.939+0000] {logging_mixin.py:137} INFO - [2025-03-11T06:06:59.939+0000] {dag.py:3427} INFO - Setting next_dagrun for example_subdag_operator.section-2 to None, run_after=None
[2025-03-11T06:06:59.946+0000] {logging_mixin.py:137} INFO - [2025-03-11T06:06:59.946+0000] {dag.py:2676} INFO - Sync 2 DAGs
[2025-03-11T06:06:59.951+0000] {logging_mixin.py:137} INFO - [2025-03-11T06:06:59.951+0000] {dag.py:3427} INFO - Setting next_dagrun for example_subdag_operator.section-1 to None, run_after=None
[2025-03-11T06:06:59.951+0000] {logging_mixin.py:137} INFO - [2025-03-11T06:06:59.951+0000] {dag.py:3427} INFO - Setting next_dagrun for example_subdag_operator.section-2 to None, run_after=None
[2025-03-11T06:06:59.960+0000] {processor.py:175} INFO - Processing /home/airflow/.local/lib/python3.7/site-packages/airflow/example_dags/example_subdag_operator.py took 0.123 seconds
[2025-03-11T06:07:30.275+0000] {processor.py:153} INFO - Started process (PID=1195) to work on /home/airflow/.local/lib/python3.7/site-packages/airflow/example_dags/example_subdag_operator.py
[2025-03-11T06:07:30.276+0000] {processor.py:743} INFO - Processing file /home/airflow/.local/lib/python3.7/site-packages/airflow/example_dags/example_subdag_operator.py for tasks to queue
[2025-03-11T06:07:30.277+0000] {logging_mixin.py:137} INFO - [2025-03-11T06:07:30.277+0000] {dagbag.py:538} INFO - Filling up the DagBag from /home/airflow/.local/lib/python3.7/site-packages/airflow/example_dags/example_subdag_operator.py
[2025-03-11T06:07:30.317+0000] {processor.py:753} INFO - DAG(s) dict_keys(['example_subdag_operator.section-1', 'example_subdag_operator.section-2', 'example_subdag_operator']) retrieved from /home/airflow/.local/lib/python3.7/site-packages/airflow/example_dags/example_subdag_operator.py
[2025-03-11T06:07:30.352+0000] {logging_mixin.py:137} INFO - [2025-03-11T06:07:30.352+0000] {dag.py:2676} INFO - Sync 3 DAGs
[2025-03-11T06:07:30.372+0000] {logging_mixin.py:137} INFO - [2025-03-11T06:07:30.371+0000] {dag.py:3427} INFO - Setting next_dagrun for example_subdag_operator to 2022-01-01T00:00:00+00:00, run_after=2022-01-01T00:00:00+00:00
[2025-03-11T06:07:30.375+0000] {logging_mixin.py:137} INFO - [2025-03-11T06:07:30.375+0000] {dag.py:3427} INFO - Setting next_dagrun for example_subdag_operator.section-1 to None, run_after=None
[2025-03-11T06:07:30.377+0000] {logging_mixin.py:137} INFO - [2025-03-11T06:07:30.377+0000] {dag.py:3427} INFO - Setting next_dagrun for example_subdag_operator.section-2 to None, run_after=None
[2025-03-11T06:07:30.383+0000] {logging_mixin.py:137} INFO - [2025-03-11T06:07:30.383+0000] {dag.py:2676} INFO - Sync 2 DAGs
[2025-03-11T06:07:30.389+0000] {logging_mixin.py:137} INFO - [2025-03-11T06:07:30.388+0000] {dag.py:3427} INFO - Setting next_dagrun for example_subdag_operator.section-1 to None, run_after=None
[2025-03-11T06:07:30.389+0000] {logging_mixin.py:137} INFO - [2025-03-11T06:07:30.389+0000] {dag.py:3427} INFO - Setting next_dagrun for example_subdag_operator.section-2 to None, run_after=None
[2025-03-11T06:07:30.398+0000] {processor.py:175} INFO - Processing /home/airflow/.local/lib/python3.7/site-packages/airflow/example_dags/example_subdag_operator.py took 0.127 seconds
[2025-03-11T06:08:00.816+0000] {processor.py:153} INFO - Started process (PID=1234) to work on /home/airflow/.local/lib/python3.7/site-packages/airflow/example_dags/example_subdag_operator.py
[2025-03-11T06:08:00.818+0000] {processor.py:743} INFO - Processing file /home/airflow/.local/lib/python3.7/site-packages/airflow/example_dags/example_subdag_operator.py for tasks to queue
[2025-03-11T06:08:00.819+0000] {logging_mixin.py:137} INFO - [2025-03-11T06:08:00.819+0000] {dagbag.py:538} INFO - Filling up the DagBag from /home/airflow/.local/lib/python3.7/site-packages/airflow/example_dags/example_subdag_operator.py
[2025-03-11T06:08:00.867+0000] {processor.py:753} INFO - DAG(s) dict_keys(['example_subdag_operator.section-1', 'example_subdag_operator.section-2', 'example_subdag_operator']) retrieved from /home/airflow/.local/lib/python3.7/site-packages/airflow/example_dags/example_subdag_operator.py
[2025-03-11T06:08:00.901+0000] {logging_mixin.py:137} INFO - [2025-03-11T06:08:00.901+0000] {dag.py:2676} INFO - Sync 3 DAGs
[2025-03-11T06:08:00.924+0000] {logging_mixin.py:137} INFO - [2025-03-11T06:08:00.924+0000] {dag.py:3427} INFO - Setting next_dagrun for example_subdag_operator to 2022-01-01T00:00:00+00:00, run_after=2022-01-01T00:00:00+00:00
[2025-03-11T06:08:00.927+0000] {logging_mixin.py:137} INFO - [2025-03-11T06:08:00.927+0000] {dag.py:3427} INFO - Setting next_dagrun for example_subdag_operator.section-1 to None, run_after=None
[2025-03-11T06:08:00.930+0000] {logging_mixin.py:137} INFO - [2025-03-11T06:08:00.930+0000] {dag.py:3427} INFO - Setting next_dagrun for example_subdag_operator.section-2 to None, run_after=None
[2025-03-11T06:08:00.937+0000] {logging_mixin.py:137} INFO - [2025-03-11T06:08:00.936+0000] {dag.py:2676} INFO - Sync 2 DAGs
[2025-03-11T06:08:00.943+0000] {logging_mixin.py:137} INFO - [2025-03-11T06:08:00.943+0000] {dag.py:3427} INFO - Setting next_dagrun for example_subdag_operator.section-1 to None, run_after=None
[2025-03-11T06:08:00.943+0000] {logging_mixin.py:137} INFO - [2025-03-11T06:08:00.943+0000] {dag.py:3427} INFO - Setting next_dagrun for example_subdag_operator.section-2 to None, run_after=None
[2025-03-11T06:08:00.957+0000] {processor.py:175} INFO - Processing /home/airflow/.local/lib/python3.7/site-packages/airflow/example_dags/example_subdag_operator.py took 0.148 seconds
[2025-03-11T06:08:31.311+0000] {processor.py:153} INFO - Started process (PID=1273) to work on /home/airflow/.local/lib/python3.7/site-packages/airflow/example_dags/example_subdag_operator.py
[2025-03-11T06:08:31.313+0000] {processor.py:743} INFO - Processing file /home/airflow/.local/lib/python3.7/site-packages/airflow/example_dags/example_subdag_operator.py for tasks to queue
[2025-03-11T06:08:31.314+0000] {logging_mixin.py:137} INFO - [2025-03-11T06:08:31.314+0000] {dagbag.py:538} INFO - Filling up the DagBag from /home/airflow/.local/lib/python3.7/site-packages/airflow/example_dags/example_subdag_operator.py
[2025-03-11T06:08:31.352+0000] {processor.py:753} INFO - DAG(s) dict_keys(['example_subdag_operator.section-1', 'example_subdag_operator.section-2', 'example_subdag_operator']) retrieved from /home/airflow/.local/lib/python3.7/site-packages/airflow/example_dags/example_subdag_operator.py
[2025-03-11T06:08:31.382+0000] {logging_mixin.py:137} INFO - [2025-03-11T06:08:31.382+0000] {dag.py:2676} INFO - Sync 3 DAGs
[2025-03-11T06:08:31.403+0000] {logging_mixin.py:137} INFO - [2025-03-11T06:08:31.403+0000] {dag.py:3427} INFO - Setting next_dagrun for example_subdag_operator to 2022-01-01T00:00:00+00:00, run_after=2022-01-01T00:00:00+00:00
[2025-03-11T06:08:31.410+0000] {logging_mixin.py:137} INFO - [2025-03-11T06:08:31.409+0000] {dag.py:3427} INFO - Setting next_dagrun for example_subdag_operator.section-1 to None, run_after=None
[2025-03-11T06:08:31.412+0000] {logging_mixin.py:137} INFO - [2025-03-11T06:08:31.412+0000] {dag.py:3427} INFO - Setting next_dagrun for example_subdag_operator.section-2 to None, run_after=None
[2025-03-11T06:08:31.418+0000] {logging_mixin.py:137} INFO - [2025-03-11T06:08:31.418+0000] {dag.py:2676} INFO - Sync 2 DAGs
[2025-03-11T06:08:31.423+0000] {logging_mixin.py:137} INFO - [2025-03-11T06:08:31.423+0000] {dag.py:3427} INFO - Setting next_dagrun for example_subdag_operator.section-1 to None, run_after=None
[2025-03-11T06:08:31.423+0000] {logging_mixin.py:137} INFO - [2025-03-11T06:08:31.423+0000] {dag.py:3427} INFO - Setting next_dagrun for example_subdag_operator.section-2 to None, run_after=None
[2025-03-11T06:08:31.433+0000] {processor.py:175} INFO - Processing /home/airflow/.local/lib/python3.7/site-packages/airflow/example_dags/example_subdag_operator.py took 0.128 seconds
[2025-03-11T06:09:01.911+0000] {processor.py:153} INFO - Started process (PID=1312) to work on /home/airflow/.local/lib/python3.7/site-packages/airflow/example_dags/example_subdag_operator.py
[2025-03-11T06:09:01.914+0000] {processor.py:743} INFO - Processing file /home/airflow/.local/lib/python3.7/site-packages/airflow/example_dags/example_subdag_operator.py for tasks to queue
[2025-03-11T06:09:01.916+0000] {logging_mixin.py:137} INFO - [2025-03-11T06:09:01.916+0000] {dagbag.py:538} INFO - Filling up the DagBag from /home/airflow/.local/lib/python3.7/site-packages/airflow/example_dags/example_subdag_operator.py
[2025-03-11T06:09:01.954+0000] {processor.py:753} INFO - DAG(s) dict_keys(['example_subdag_operator.section-1', 'example_subdag_operator.section-2', 'example_subdag_operator']) retrieved from /home/airflow/.local/lib/python3.7/site-packages/airflow/example_dags/example_subdag_operator.py
[2025-03-11T06:09:01.982+0000] {logging_mixin.py:137} INFO - [2025-03-11T06:09:01.982+0000] {dag.py:2676} INFO - Sync 3 DAGs
[2025-03-11T06:09:02.004+0000] {logging_mixin.py:137} INFO - [2025-03-11T06:09:02.003+0000] {dag.py:3427} INFO - Setting next_dagrun for example_subdag_operator to 2022-01-01T00:00:00+00:00, run_after=2022-01-01T00:00:00+00:00
[2025-03-11T06:09:02.008+0000] {logging_mixin.py:137} INFO - [2025-03-11T06:09:02.008+0000] {dag.py:3427} INFO - Setting next_dagrun for example_subdag_operator.section-1 to None, run_after=None
[2025-03-11T06:09:02.010+0000] {logging_mixin.py:137} INFO - [2025-03-11T06:09:02.010+0000] {dag.py:3427} INFO - Setting next_dagrun for example_subdag_operator.section-2 to None, run_after=None
[2025-03-11T06:09:02.018+0000] {logging_mixin.py:137} INFO - [2025-03-11T06:09:02.018+0000] {dag.py:2676} INFO - Sync 2 DAGs
[2025-03-11T06:09:02.024+0000] {logging_mixin.py:137} INFO - [2025-03-11T06:09:02.024+0000] {dag.py:3427} INFO - Setting next_dagrun for example_subdag_operator.section-1 to None, run_after=None
[2025-03-11T06:09:02.024+0000] {logging_mixin.py:137} INFO - [2025-03-11T06:09:02.024+0000] {dag.py:3427} INFO - Setting next_dagrun for example_subdag_operator.section-2 to None, run_after=None
[2025-03-11T06:09:02.033+0000] {processor.py:175} INFO - Processing /home/airflow/.local/lib/python3.7/site-packages/airflow/example_dags/example_subdag_operator.py took 0.126 seconds
[2025-03-11T06:09:32.335+0000] {processor.py:153} INFO - Started process (PID=1351) to work on /home/airflow/.local/lib/python3.7/site-packages/airflow/example_dags/example_subdag_operator.py
[2025-03-11T06:09:32.336+0000] {processor.py:743} INFO - Processing file /home/airflow/.local/lib/python3.7/site-packages/airflow/example_dags/example_subdag_operator.py for tasks to queue
[2025-03-11T06:09:32.339+0000] {logging_mixin.py:137} INFO - [2025-03-11T06:09:32.339+0000] {dagbag.py:538} INFO - Filling up the DagBag from /home/airflow/.local/lib/python3.7/site-packages/airflow/example_dags/example_subdag_operator.py
[2025-03-11T06:09:32.383+0000] {processor.py:753} INFO - DAG(s) dict_keys(['example_subdag_operator.section-1', 'example_subdag_operator.section-2', 'example_subdag_operator']) retrieved from /home/airflow/.local/lib/python3.7/site-packages/airflow/example_dags/example_subdag_operator.py
[2025-03-11T06:09:32.424+0000] {logging_mixin.py:137} INFO - [2025-03-11T06:09:32.424+0000] {dag.py:2676} INFO - Sync 3 DAGs
[2025-03-11T06:09:32.449+0000] {logging_mixin.py:137} INFO - [2025-03-11T06:09:32.449+0000] {dag.py:3427} INFO - Setting next_dagrun for example_subdag_operator to 2022-01-01T00:00:00+00:00, run_after=2022-01-01T00:00:00+00:00
[2025-03-11T06:09:32.454+0000] {logging_mixin.py:137} INFO - [2025-03-11T06:09:32.454+0000] {dag.py:3427} INFO - Setting next_dagrun for example_subdag_operator.section-1 to None, run_after=None
[2025-03-11T06:09:32.456+0000] {logging_mixin.py:137} INFO - [2025-03-11T06:09:32.456+0000] {dag.py:3427} INFO - Setting next_dagrun for example_subdag_operator.section-2 to None, run_after=None
[2025-03-11T06:09:32.473+0000] {logging_mixin.py:137} INFO - [2025-03-11T06:09:32.472+0000] {dag.py:2676} INFO - Sync 2 DAGs
[2025-03-11T06:09:32.478+0000] {logging_mixin.py:137} INFO - [2025-03-11T06:09:32.478+0000] {dag.py:3427} INFO - Setting next_dagrun for example_subdag_operator.section-1 to None, run_after=None
[2025-03-11T06:09:32.478+0000] {logging_mixin.py:137} INFO - [2025-03-11T06:09:32.478+0000] {dag.py:3427} INFO - Setting next_dagrun for example_subdag_operator.section-2 to None, run_after=None
[2025-03-11T06:09:32.488+0000] {processor.py:175} INFO - Processing /home/airflow/.local/lib/python3.7/site-packages/airflow/example_dags/example_subdag_operator.py took 0.157 seconds
[2025-03-11T06:10:02.868+0000] {processor.py:153} INFO - Started process (PID=1390) to work on /home/airflow/.local/lib/python3.7/site-packages/airflow/example_dags/example_subdag_operator.py
[2025-03-11T06:10:02.869+0000] {processor.py:743} INFO - Processing file /home/airflow/.local/lib/python3.7/site-packages/airflow/example_dags/example_subdag_operator.py for tasks to queue
[2025-03-11T06:10:02.872+0000] {logging_mixin.py:137} INFO - [2025-03-11T06:10:02.871+0000] {dagbag.py:538} INFO - Filling up the DagBag from /home/airflow/.local/lib/python3.7/site-packages/airflow/example_dags/example_subdag_operator.py
[2025-03-11T06:10:02.910+0000] {processor.py:753} INFO - DAG(s) dict_keys(['example_subdag_operator.section-1', 'example_subdag_operator.section-2', 'example_subdag_operator']) retrieved from /home/airflow/.local/lib/python3.7/site-packages/airflow/example_dags/example_subdag_operator.py
[2025-03-11T06:10:02.940+0000] {logging_mixin.py:137} INFO - [2025-03-11T06:10:02.940+0000] {dag.py:2676} INFO - Sync 3 DAGs
[2025-03-11T06:10:02.960+0000] {logging_mixin.py:137} INFO - [2025-03-11T06:10:02.960+0000] {dag.py:3427} INFO - Setting next_dagrun for example_subdag_operator to 2022-01-01T00:00:00+00:00, run_after=2022-01-01T00:00:00+00:00
[2025-03-11T06:10:02.963+0000] {logging_mixin.py:137} INFO - [2025-03-11T06:10:02.963+0000] {dag.py:3427} INFO - Setting next_dagrun for example_subdag_operator.section-1 to None, run_after=None
[2025-03-11T06:10:02.965+0000] {logging_mixin.py:137} INFO - [2025-03-11T06:10:02.964+0000] {dag.py:3427} INFO - Setting next_dagrun for example_subdag_operator.section-2 to None, run_after=None
[2025-03-11T06:10:02.973+0000] {logging_mixin.py:137} INFO - [2025-03-11T06:10:02.973+0000] {dag.py:2676} INFO - Sync 2 DAGs
[2025-03-11T06:10:02.978+0000] {logging_mixin.py:137} INFO - [2025-03-11T06:10:02.978+0000] {dag.py:3427} INFO - Setting next_dagrun for example_subdag_operator.section-1 to None, run_after=None
[2025-03-11T06:10:02.979+0000] {logging_mixin.py:137} INFO - [2025-03-11T06:10:02.978+0000] {dag.py:3427} INFO - Setting next_dagrun for example_subdag_operator.section-2 to None, run_after=None
[2025-03-11T06:10:02.988+0000] {processor.py:175} INFO - Processing /home/airflow/.local/lib/python3.7/site-packages/airflow/example_dags/example_subdag_operator.py took 0.125 seconds
