[2025-03-11T05:52:43.863+0000] {processor.py:153} INFO - Started process (PID=68) to work on /home/airflow/.local/lib/python3.7/site-packages/airflow/example_dags/example_latest_only.py
[2025-03-11T05:52:43.864+0000] {processor.py:743} INFO - Processing file /home/airflow/.local/lib/python3.7/site-packages/airflow/example_dags/example_latest_only.py for tasks to queue
[2025-03-11T05:52:43.864+0000] {logging_mixin.py:137} INFO - [2025-03-11T05:52:43.864+0000] {dagbag.py:538} INFO - Filling up the DagBag from /home/airflow/.local/lib/python3.7/site-packages/airflow/example_dags/example_latest_only.py
[2025-03-11T05:52:43.890+0000] {processor.py:753} INFO - DAG(s) dict_keys(['latest_only']) retrieved from /home/airflow/.local/lib/python3.7/site-packages/airflow/example_dags/example_latest_only.py
[2025-03-11T05:52:43.922+0000] {logging_mixin.py:137} INFO - [2025-03-11T05:52:43.922+0000] {dag.py:2676} INFO - Sync 1 DAGs
[2025-03-11T05:52:43.955+0000] {logging_mixin.py:137} INFO - [2025-03-11T05:52:43.955+0000] {dag.py:3427} INFO - Setting next_dagrun for latest_only to 2025-03-11T01:52:43.953911+00:00, run_after=2025-03-11T05:52:43.953911+00:00
[2025-03-11T05:52:44.022+0000] {processor.py:175} INFO - Processing /home/airflow/.local/lib/python3.7/site-packages/airflow/example_dags/example_latest_only.py took 0.162 seconds
[2025-03-11T05:53:14.545+0000] {processor.py:153} INFO - Started process (PID=107) to work on /home/airflow/.local/lib/python3.7/site-packages/airflow/example_dags/example_latest_only.py
[2025-03-11T05:53:14.547+0000] {processor.py:743} INFO - Processing file /home/airflow/.local/lib/python3.7/site-packages/airflow/example_dags/example_latest_only.py for tasks to queue
[2025-03-11T05:53:14.548+0000] {logging_mixin.py:137} INFO - [2025-03-11T05:53:14.548+0000] {dagbag.py:538} INFO - Filling up the DagBag from /home/airflow/.local/lib/python3.7/site-packages/airflow/example_dags/example_latest_only.py
[2025-03-11T05:53:14.565+0000] {processor.py:753} INFO - DAG(s) dict_keys(['latest_only']) retrieved from /home/airflow/.local/lib/python3.7/site-packages/airflow/example_dags/example_latest_only.py
[2025-03-11T05:53:14.591+0000] {logging_mixin.py:137} INFO - [2025-03-11T05:53:14.590+0000] {dag.py:2676} INFO - Sync 1 DAGs
[2025-03-11T05:53:14.612+0000] {logging_mixin.py:137} INFO - [2025-03-11T05:53:14.612+0000] {dag.py:3427} INFO - Setting next_dagrun for latest_only to 2025-03-11T01:53:14.611592+00:00, run_after=2025-03-11T05:53:14.611592+00:00
[2025-03-11T05:53:14.634+0000] {processor.py:175} INFO - Processing /home/airflow/.local/lib/python3.7/site-packages/airflow/example_dags/example_latest_only.py took 0.091 seconds
[2025-03-11T05:53:45.298+0000] {processor.py:153} INFO - Started process (PID=146) to work on /home/airflow/.local/lib/python3.7/site-packages/airflow/example_dags/example_latest_only.py
[2025-03-11T05:53:45.299+0000] {processor.py:743} INFO - Processing file /home/airflow/.local/lib/python3.7/site-packages/airflow/example_dags/example_latest_only.py for tasks to queue
[2025-03-11T05:53:45.299+0000] {logging_mixin.py:137} INFO - [2025-03-11T05:53:45.299+0000] {dagbag.py:538} INFO - Filling up the DagBag from /home/airflow/.local/lib/python3.7/site-packages/airflow/example_dags/example_latest_only.py
[2025-03-11T05:53:45.311+0000] {processor.py:753} INFO - DAG(s) dict_keys(['latest_only']) retrieved from /home/airflow/.local/lib/python3.7/site-packages/airflow/example_dags/example_latest_only.py
[2025-03-11T05:53:45.344+0000] {logging_mixin.py:137} INFO - [2025-03-11T05:53:45.344+0000] {dag.py:2676} INFO - Sync 1 DAGs
[2025-03-11T05:53:45.363+0000] {logging_mixin.py:137} INFO - [2025-03-11T05:53:45.363+0000] {dag.py:3427} INFO - Setting next_dagrun for latest_only to 2025-03-11T01:53:45.363277+00:00, run_after=2025-03-11T05:53:45.363277+00:00
[2025-03-11T05:53:45.382+0000] {processor.py:175} INFO - Processing /home/airflow/.local/lib/python3.7/site-packages/airflow/example_dags/example_latest_only.py took 0.087 seconds
[2025-03-11T05:54:16.584+0000] {processor.py:153} INFO - Started process (PID=185) to work on /home/airflow/.local/lib/python3.7/site-packages/airflow/example_dags/example_latest_only.py
[2025-03-11T05:54:16.586+0000] {processor.py:743} INFO - Processing file /home/airflow/.local/lib/python3.7/site-packages/airflow/example_dags/example_latest_only.py for tasks to queue
[2025-03-11T05:54:16.588+0000] {logging_mixin.py:137} INFO - [2025-03-11T05:54:16.588+0000] {dagbag.py:538} INFO - Filling up the DagBag from /home/airflow/.local/lib/python3.7/site-packages/airflow/example_dags/example_latest_only.py
[2025-03-11T05:54:16.601+0000] {processor.py:753} INFO - DAG(s) dict_keys(['latest_only']) retrieved from /home/airflow/.local/lib/python3.7/site-packages/airflow/example_dags/example_latest_only.py
[2025-03-11T05:54:16.643+0000] {logging_mixin.py:137} INFO - [2025-03-11T05:54:16.643+0000] {dag.py:2676} INFO - Sync 1 DAGs
[2025-03-11T05:54:16.666+0000] {logging_mixin.py:137} INFO - [2025-03-11T05:54:16.665+0000] {dag.py:3427} INFO - Setting next_dagrun for latest_only to 2025-03-11T01:54:16.665444+00:00, run_after=2025-03-11T05:54:16.665444+00:00
[2025-03-11T05:54:16.683+0000] {processor.py:175} INFO - Processing /home/airflow/.local/lib/python3.7/site-packages/airflow/example_dags/example_latest_only.py took 0.101 seconds
[2025-03-11T05:54:47.140+0000] {processor.py:153} INFO - Started process (PID=224) to work on /home/airflow/.local/lib/python3.7/site-packages/airflow/example_dags/example_latest_only.py
[2025-03-11T05:54:47.141+0000] {processor.py:743} INFO - Processing file /home/airflow/.local/lib/python3.7/site-packages/airflow/example_dags/example_latest_only.py for tasks to queue
[2025-03-11T05:54:47.142+0000] {logging_mixin.py:137} INFO - [2025-03-11T05:54:47.142+0000] {dagbag.py:538} INFO - Filling up the DagBag from /home/airflow/.local/lib/python3.7/site-packages/airflow/example_dags/example_latest_only.py
[2025-03-11T05:54:47.156+0000] {processor.py:753} INFO - DAG(s) dict_keys(['latest_only']) retrieved from /home/airflow/.local/lib/python3.7/site-packages/airflow/example_dags/example_latest_only.py
[2025-03-11T05:54:47.186+0000] {logging_mixin.py:137} INFO - [2025-03-11T05:54:47.186+0000] {dag.py:2676} INFO - Sync 1 DAGs
[2025-03-11T05:54:47.207+0000] {logging_mixin.py:137} INFO - [2025-03-11T05:54:47.207+0000] {dag.py:3427} INFO - Setting next_dagrun for latest_only to 2025-03-11T01:54:47.206637+00:00, run_after=2025-03-11T05:54:47.206637+00:00
[2025-03-11T05:54:47.231+0000] {processor.py:175} INFO - Processing /home/airflow/.local/lib/python3.7/site-packages/airflow/example_dags/example_latest_only.py took 0.093 seconds
[2025-03-11T05:55:18.035+0000] {processor.py:153} INFO - Started process (PID=263) to work on /home/airflow/.local/lib/python3.7/site-packages/airflow/example_dags/example_latest_only.py
[2025-03-11T05:55:18.036+0000] {processor.py:743} INFO - Processing file /home/airflow/.local/lib/python3.7/site-packages/airflow/example_dags/example_latest_only.py for tasks to queue
[2025-03-11T05:55:18.037+0000] {logging_mixin.py:137} INFO - [2025-03-11T05:55:18.037+0000] {dagbag.py:538} INFO - Filling up the DagBag from /home/airflow/.local/lib/python3.7/site-packages/airflow/example_dags/example_latest_only.py
[2025-03-11T05:55:18.057+0000] {processor.py:753} INFO - DAG(s) dict_keys(['latest_only']) retrieved from /home/airflow/.local/lib/python3.7/site-packages/airflow/example_dags/example_latest_only.py
[2025-03-11T05:55:18.092+0000] {logging_mixin.py:137} INFO - [2025-03-11T05:55:18.092+0000] {dag.py:2676} INFO - Sync 1 DAGs
[2025-03-11T05:55:18.112+0000] {logging_mixin.py:137} INFO - [2025-03-11T05:55:18.112+0000] {dag.py:3427} INFO - Setting next_dagrun for latest_only to 2025-03-11T01:55:18.112198+00:00, run_after=2025-03-11T05:55:18.112198+00:00
[2025-03-11T05:55:18.127+0000] {processor.py:175} INFO - Processing /home/airflow/.local/lib/python3.7/site-packages/airflow/example_dags/example_latest_only.py took 0.094 seconds
[2025-03-11T05:55:48.432+0000] {processor.py:153} INFO - Started process (PID=302) to work on /home/airflow/.local/lib/python3.7/site-packages/airflow/example_dags/example_latest_only.py
[2025-03-11T05:55:48.433+0000] {processor.py:743} INFO - Processing file /home/airflow/.local/lib/python3.7/site-packages/airflow/example_dags/example_latest_only.py for tasks to queue
[2025-03-11T05:55:48.434+0000] {logging_mixin.py:137} INFO - [2025-03-11T05:55:48.434+0000] {dagbag.py:538} INFO - Filling up the DagBag from /home/airflow/.local/lib/python3.7/site-packages/airflow/example_dags/example_latest_only.py
[2025-03-11T05:55:48.445+0000] {processor.py:753} INFO - DAG(s) dict_keys(['latest_only']) retrieved from /home/airflow/.local/lib/python3.7/site-packages/airflow/example_dags/example_latest_only.py
[2025-03-11T05:55:48.475+0000] {logging_mixin.py:137} INFO - [2025-03-11T05:55:48.475+0000] {dag.py:2676} INFO - Sync 1 DAGs
[2025-03-11T05:55:48.497+0000] {logging_mixin.py:137} INFO - [2025-03-11T05:55:48.497+0000] {dag.py:3427} INFO - Setting next_dagrun for latest_only to 2025-03-11T01:55:48.496935+00:00, run_after=2025-03-11T05:55:48.496935+00:00
[2025-03-11T05:55:48.515+0000] {processor.py:175} INFO - Processing /home/airflow/.local/lib/python3.7/site-packages/airflow/example_dags/example_latest_only.py took 0.085 seconds
[2025-03-11T05:56:19.426+0000] {processor.py:153} INFO - Started process (PID=341) to work on /home/airflow/.local/lib/python3.7/site-packages/airflow/example_dags/example_latest_only.py
[2025-03-11T05:56:19.427+0000] {processor.py:743} INFO - Processing file /home/airflow/.local/lib/python3.7/site-packages/airflow/example_dags/example_latest_only.py for tasks to queue
[2025-03-11T05:56:19.428+0000] {logging_mixin.py:137} INFO - [2025-03-11T05:56:19.428+0000] {dagbag.py:538} INFO - Filling up the DagBag from /home/airflow/.local/lib/python3.7/site-packages/airflow/example_dags/example_latest_only.py
[2025-03-11T05:56:19.451+0000] {processor.py:753} INFO - DAG(s) dict_keys(['latest_only']) retrieved from /home/airflow/.local/lib/python3.7/site-packages/airflow/example_dags/example_latest_only.py
[2025-03-11T05:56:19.485+0000] {logging_mixin.py:137} INFO - [2025-03-11T05:56:19.485+0000] {dag.py:2676} INFO - Sync 1 DAGs
[2025-03-11T05:56:19.512+0000] {logging_mixin.py:137} INFO - [2025-03-11T05:56:19.511+0000] {dag.py:3427} INFO - Setting next_dagrun for latest_only to 2025-03-11T01:56:19.511137+00:00, run_after=2025-03-11T05:56:19.511137+00:00
[2025-03-11T05:56:19.530+0000] {processor.py:175} INFO - Processing /home/airflow/.local/lib/python3.7/site-packages/airflow/example_dags/example_latest_only.py took 0.107 seconds
[2025-03-11T05:56:50.161+0000] {processor.py:153} INFO - Started process (PID=380) to work on /home/airflow/.local/lib/python3.7/site-packages/airflow/example_dags/example_latest_only.py
[2025-03-11T05:56:50.162+0000] {processor.py:743} INFO - Processing file /home/airflow/.local/lib/python3.7/site-packages/airflow/example_dags/example_latest_only.py for tasks to queue
[2025-03-11T05:56:50.163+0000] {logging_mixin.py:137} INFO - [2025-03-11T05:56:50.163+0000] {dagbag.py:538} INFO - Filling up the DagBag from /home/airflow/.local/lib/python3.7/site-packages/airflow/example_dags/example_latest_only.py
[2025-03-11T05:56:50.175+0000] {processor.py:753} INFO - DAG(s) dict_keys(['latest_only']) retrieved from /home/airflow/.local/lib/python3.7/site-packages/airflow/example_dags/example_latest_only.py
[2025-03-11T05:56:50.206+0000] {logging_mixin.py:137} INFO - [2025-03-11T05:56:50.205+0000] {dag.py:2676} INFO - Sync 1 DAGs
[2025-03-11T05:56:50.224+0000] {logging_mixin.py:137} INFO - [2025-03-11T05:56:50.224+0000] {dag.py:3427} INFO - Setting next_dagrun for latest_only to 2025-03-11T01:56:50.224344+00:00, run_after=2025-03-11T05:56:50.224344+00:00
[2025-03-11T05:56:50.241+0000] {processor.py:175} INFO - Processing /home/airflow/.local/lib/python3.7/site-packages/airflow/example_dags/example_latest_only.py took 0.082 seconds
[2025-03-11T05:57:20.546+0000] {processor.py:153} INFO - Started process (PID=419) to work on /home/airflow/.local/lib/python3.7/site-packages/airflow/example_dags/example_latest_only.py
[2025-03-11T05:57:20.548+0000] {processor.py:743} INFO - Processing file /home/airflow/.local/lib/python3.7/site-packages/airflow/example_dags/example_latest_only.py for tasks to queue
[2025-03-11T05:57:20.550+0000] {logging_mixin.py:137} INFO - [2025-03-11T05:57:20.549+0000] {dagbag.py:538} INFO - Filling up the DagBag from /home/airflow/.local/lib/python3.7/site-packages/airflow/example_dags/example_latest_only.py
[2025-03-11T05:57:20.560+0000] {processor.py:753} INFO - DAG(s) dict_keys(['latest_only']) retrieved from /home/airflow/.local/lib/python3.7/site-packages/airflow/example_dags/example_latest_only.py
[2025-03-11T05:57:20.587+0000] {logging_mixin.py:137} INFO - [2025-03-11T05:57:20.587+0000] {dag.py:2676} INFO - Sync 1 DAGs
[2025-03-11T05:57:20.607+0000] {logging_mixin.py:137} INFO - [2025-03-11T05:57:20.607+0000] {dag.py:3427} INFO - Setting next_dagrun for latest_only to 2025-03-11T01:57:20.607141+00:00, run_after=2025-03-11T05:57:20.607141+00:00
[2025-03-11T05:57:20.622+0000] {processor.py:175} INFO - Processing /home/airflow/.local/lib/python3.7/site-packages/airflow/example_dags/example_latest_only.py took 0.079 seconds
[2025-03-11T05:57:51.199+0000] {processor.py:153} INFO - Started process (PID=458) to work on /home/airflow/.local/lib/python3.7/site-packages/airflow/example_dags/example_latest_only.py
[2025-03-11T05:57:51.200+0000] {processor.py:743} INFO - Processing file /home/airflow/.local/lib/python3.7/site-packages/airflow/example_dags/example_latest_only.py for tasks to queue
[2025-03-11T05:57:51.201+0000] {logging_mixin.py:137} INFO - [2025-03-11T05:57:51.201+0000] {dagbag.py:538} INFO - Filling up the DagBag from /home/airflow/.local/lib/python3.7/site-packages/airflow/example_dags/example_latest_only.py
[2025-03-11T05:57:51.214+0000] {processor.py:753} INFO - DAG(s) dict_keys(['latest_only']) retrieved from /home/airflow/.local/lib/python3.7/site-packages/airflow/example_dags/example_latest_only.py
[2025-03-11T05:57:51.242+0000] {logging_mixin.py:137} INFO - [2025-03-11T05:57:51.242+0000] {dag.py:2676} INFO - Sync 1 DAGs
[2025-03-11T05:57:51.262+0000] {logging_mixin.py:137} INFO - [2025-03-11T05:57:51.262+0000] {dag.py:3427} INFO - Setting next_dagrun for latest_only to 2025-03-11T01:57:51.262059+00:00, run_after=2025-03-11T05:57:51.262059+00:00
[2025-03-11T05:57:51.282+0000] {processor.py:175} INFO - Processing /home/airflow/.local/lib/python3.7/site-packages/airflow/example_dags/example_latest_only.py took 0.085 seconds
[2025-03-11T05:58:21.590+0000] {processor.py:153} INFO - Started process (PID=497) to work on /home/airflow/.local/lib/python3.7/site-packages/airflow/example_dags/example_latest_only.py
[2025-03-11T05:58:21.592+0000] {processor.py:743} INFO - Processing file /home/airflow/.local/lib/python3.7/site-packages/airflow/example_dags/example_latest_only.py for tasks to queue
[2025-03-11T05:58:21.593+0000] {logging_mixin.py:137} INFO - [2025-03-11T05:58:21.593+0000] {dagbag.py:538} INFO - Filling up the DagBag from /home/airflow/.local/lib/python3.7/site-packages/airflow/example_dags/example_latest_only.py
[2025-03-11T05:58:21.605+0000] {processor.py:753} INFO - DAG(s) dict_keys(['latest_only']) retrieved from /home/airflow/.local/lib/python3.7/site-packages/airflow/example_dags/example_latest_only.py
[2025-03-11T05:58:21.634+0000] {logging_mixin.py:137} INFO - [2025-03-11T05:58:21.634+0000] {dag.py:2676} INFO - Sync 1 DAGs
[2025-03-11T05:58:21.654+0000] {logging_mixin.py:137} INFO - [2025-03-11T05:58:21.654+0000] {dag.py:3427} INFO - Setting next_dagrun for latest_only to 2025-03-11T01:58:21.653999+00:00, run_after=2025-03-11T05:58:21.653999+00:00
[2025-03-11T05:58:21.667+0000] {processor.py:175} INFO - Processing /home/airflow/.local/lib/python3.7/site-packages/airflow/example_dags/example_latest_only.py took 0.080 seconds
[2025-03-11T05:58:52.039+0000] {processor.py:153} INFO - Started process (PID=536) to work on /home/airflow/.local/lib/python3.7/site-packages/airflow/example_dags/example_latest_only.py
[2025-03-11T05:58:52.040+0000] {processor.py:743} INFO - Processing file /home/airflow/.local/lib/python3.7/site-packages/airflow/example_dags/example_latest_only.py for tasks to queue
[2025-03-11T05:58:52.041+0000] {logging_mixin.py:137} INFO - [2025-03-11T05:58:52.041+0000] {dagbag.py:538} INFO - Filling up the DagBag from /home/airflow/.local/lib/python3.7/site-packages/airflow/example_dags/example_latest_only.py
[2025-03-11T05:58:52.053+0000] {processor.py:753} INFO - DAG(s) dict_keys(['latest_only']) retrieved from /home/airflow/.local/lib/python3.7/site-packages/airflow/example_dags/example_latest_only.py
[2025-03-11T05:58:52.084+0000] {logging_mixin.py:137} INFO - [2025-03-11T05:58:52.084+0000] {dag.py:2676} INFO - Sync 1 DAGs
[2025-03-11T05:58:52.103+0000] {logging_mixin.py:137} INFO - [2025-03-11T05:58:52.103+0000] {dag.py:3427} INFO - Setting next_dagrun for latest_only to 2025-03-11T01:58:52.103306+00:00, run_after=2025-03-11T05:58:52.103306+00:00
[2025-03-11T05:58:52.118+0000] {processor.py:175} INFO - Processing /home/airflow/.local/lib/python3.7/site-packages/airflow/example_dags/example_latest_only.py took 0.082 seconds
[2025-03-11T05:59:22.683+0000] {processor.py:153} INFO - Started process (PID=575) to work on /home/airflow/.local/lib/python3.7/site-packages/airflow/example_dags/example_latest_only.py
[2025-03-11T05:59:22.684+0000] {processor.py:743} INFO - Processing file /home/airflow/.local/lib/python3.7/site-packages/airflow/example_dags/example_latest_only.py for tasks to queue
[2025-03-11T05:59:22.685+0000] {logging_mixin.py:137} INFO - [2025-03-11T05:59:22.685+0000] {dagbag.py:538} INFO - Filling up the DagBag from /home/airflow/.local/lib/python3.7/site-packages/airflow/example_dags/example_latest_only.py
[2025-03-11T05:59:22.698+0000] {processor.py:753} INFO - DAG(s) dict_keys(['latest_only']) retrieved from /home/airflow/.local/lib/python3.7/site-packages/airflow/example_dags/example_latest_only.py
[2025-03-11T05:59:22.730+0000] {logging_mixin.py:137} INFO - [2025-03-11T05:59:22.730+0000] {dag.py:2676} INFO - Sync 1 DAGs
[2025-03-11T05:59:22.751+0000] {logging_mixin.py:137} INFO - [2025-03-11T05:59:22.751+0000] {dag.py:3427} INFO - Setting next_dagrun for latest_only to 2025-03-11T01:59:22.750725+00:00, run_after=2025-03-11T05:59:22.750725+00:00
[2025-03-11T05:59:22.770+0000] {processor.py:175} INFO - Processing /home/airflow/.local/lib/python3.7/site-packages/airflow/example_dags/example_latest_only.py took 0.089 seconds
[2025-03-11T05:59:53.209+0000] {processor.py:153} INFO - Started process (PID=614) to work on /home/airflow/.local/lib/python3.7/site-packages/airflow/example_dags/example_latest_only.py
[2025-03-11T05:59:53.210+0000] {processor.py:743} INFO - Processing file /home/airflow/.local/lib/python3.7/site-packages/airflow/example_dags/example_latest_only.py for tasks to queue
[2025-03-11T05:59:53.211+0000] {logging_mixin.py:137} INFO - [2025-03-11T05:59:53.211+0000] {dagbag.py:538} INFO - Filling up the DagBag from /home/airflow/.local/lib/python3.7/site-packages/airflow/example_dags/example_latest_only.py
[2025-03-11T05:59:53.223+0000] {processor.py:753} INFO - DAG(s) dict_keys(['latest_only']) retrieved from /home/airflow/.local/lib/python3.7/site-packages/airflow/example_dags/example_latest_only.py
[2025-03-11T05:59:53.254+0000] {logging_mixin.py:137} INFO - [2025-03-11T05:59:53.254+0000] {dag.py:2676} INFO - Sync 1 DAGs
[2025-03-11T05:59:53.273+0000] {logging_mixin.py:137} INFO - [2025-03-11T05:59:53.273+0000] {dag.py:3427} INFO - Setting next_dagrun for latest_only to 2025-03-11T01:59:53.273004+00:00, run_after=2025-03-11T05:59:53.273004+00:00
[2025-03-11T05:59:53.288+0000] {processor.py:175} INFO - Processing /home/airflow/.local/lib/python3.7/site-packages/airflow/example_dags/example_latest_only.py took 0.081 seconds
[2025-03-11T06:00:23.752+0000] {processor.py:153} INFO - Started process (PID=653) to work on /home/airflow/.local/lib/python3.7/site-packages/airflow/example_dags/example_latest_only.py
[2025-03-11T06:00:23.756+0000] {processor.py:743} INFO - Processing file /home/airflow/.local/lib/python3.7/site-packages/airflow/example_dags/example_latest_only.py for tasks to queue
[2025-03-11T06:00:23.758+0000] {logging_mixin.py:137} INFO - [2025-03-11T06:00:23.758+0000] {dagbag.py:538} INFO - Filling up the DagBag from /home/airflow/.local/lib/python3.7/site-packages/airflow/example_dags/example_latest_only.py
[2025-03-11T06:00:23.773+0000] {processor.py:753} INFO - DAG(s) dict_keys(['latest_only']) retrieved from /home/airflow/.local/lib/python3.7/site-packages/airflow/example_dags/example_latest_only.py
[2025-03-11T06:00:23.810+0000] {logging_mixin.py:137} INFO - [2025-03-11T06:00:23.810+0000] {dag.py:2676} INFO - Sync 1 DAGs
[2025-03-11T06:00:23.830+0000] {logging_mixin.py:137} INFO - [2025-03-11T06:00:23.830+0000] {dag.py:3427} INFO - Setting next_dagrun for latest_only to 2025-03-11T02:00:23.830280+00:00, run_after=2025-03-11T06:00:23.830280+00:00
[2025-03-11T06:00:23.847+0000] {processor.py:175} INFO - Processing /home/airflow/.local/lib/python3.7/site-packages/airflow/example_dags/example_latest_only.py took 0.097 seconds
[2025-03-11T06:00:54.458+0000] {processor.py:153} INFO - Started process (PID=692) to work on /home/airflow/.local/lib/python3.7/site-packages/airflow/example_dags/example_latest_only.py
[2025-03-11T06:00:54.459+0000] {processor.py:743} INFO - Processing file /home/airflow/.local/lib/python3.7/site-packages/airflow/example_dags/example_latest_only.py for tasks to queue
[2025-03-11T06:00:54.460+0000] {logging_mixin.py:137} INFO - [2025-03-11T06:00:54.459+0000] {dagbag.py:538} INFO - Filling up the DagBag from /home/airflow/.local/lib/python3.7/site-packages/airflow/example_dags/example_latest_only.py
[2025-03-11T06:00:54.471+0000] {processor.py:753} INFO - DAG(s) dict_keys(['latest_only']) retrieved from /home/airflow/.local/lib/python3.7/site-packages/airflow/example_dags/example_latest_only.py
[2025-03-11T06:00:54.500+0000] {logging_mixin.py:137} INFO - [2025-03-11T06:00:54.500+0000] {dag.py:2676} INFO - Sync 1 DAGs
[2025-03-11T06:00:54.521+0000] {logging_mixin.py:137} INFO - [2025-03-11T06:00:54.520+0000] {dag.py:3427} INFO - Setting next_dagrun for latest_only to 2025-03-11T02:00:54.520434+00:00, run_after=2025-03-11T06:00:54.520434+00:00
[2025-03-11T06:00:54.539+0000] {processor.py:175} INFO - Processing /home/airflow/.local/lib/python3.7/site-packages/airflow/example_dags/example_latest_only.py took 0.083 seconds
[2025-03-11T06:01:24.904+0000] {processor.py:153} INFO - Started process (PID=731) to work on /home/airflow/.local/lib/python3.7/site-packages/airflow/example_dags/example_latest_only.py
[2025-03-11T06:01:24.906+0000] {processor.py:743} INFO - Processing file /home/airflow/.local/lib/python3.7/site-packages/airflow/example_dags/example_latest_only.py for tasks to queue
[2025-03-11T06:01:24.907+0000] {logging_mixin.py:137} INFO - [2025-03-11T06:01:24.907+0000] {dagbag.py:538} INFO - Filling up the DagBag from /home/airflow/.local/lib/python3.7/site-packages/airflow/example_dags/example_latest_only.py
[2025-03-11T06:01:24.918+0000] {processor.py:753} INFO - DAG(s) dict_keys(['latest_only']) retrieved from /home/airflow/.local/lib/python3.7/site-packages/airflow/example_dags/example_latest_only.py
[2025-03-11T06:01:24.951+0000] {logging_mixin.py:137} INFO - [2025-03-11T06:01:24.951+0000] {dag.py:2676} INFO - Sync 1 DAGs
[2025-03-11T06:01:24.973+0000] {logging_mixin.py:137} INFO - [2025-03-11T06:01:24.973+0000] {dag.py:3427} INFO - Setting next_dagrun for latest_only to 2025-03-11T02:01:24.973114+00:00, run_after=2025-03-11T06:01:24.973114+00:00
[2025-03-11T06:01:24.990+0000] {processor.py:175} INFO - Processing /home/airflow/.local/lib/python3.7/site-packages/airflow/example_dags/example_latest_only.py took 0.089 seconds
[2025-03-11T06:01:55.168+0000] {processor.py:153} INFO - Started process (PID=770) to work on /home/airflow/.local/lib/python3.7/site-packages/airflow/example_dags/example_latest_only.py
[2025-03-11T06:01:55.168+0000] {processor.py:743} INFO - Processing file /home/airflow/.local/lib/python3.7/site-packages/airflow/example_dags/example_latest_only.py for tasks to queue
[2025-03-11T06:01:55.169+0000] {logging_mixin.py:137} INFO - [2025-03-11T06:01:55.169+0000] {dagbag.py:538} INFO - Filling up the DagBag from /home/airflow/.local/lib/python3.7/site-packages/airflow/example_dags/example_latest_only.py
[2025-03-11T06:01:55.182+0000] {processor.py:753} INFO - DAG(s) dict_keys(['latest_only']) retrieved from /home/airflow/.local/lib/python3.7/site-packages/airflow/example_dags/example_latest_only.py
[2025-03-11T06:01:55.210+0000] {logging_mixin.py:137} INFO - [2025-03-11T06:01:55.209+0000] {dag.py:2676} INFO - Sync 1 DAGs
[2025-03-11T06:01:55.230+0000] {logging_mixin.py:137} INFO - [2025-03-11T06:01:55.230+0000] {dag.py:3427} INFO - Setting next_dagrun for latest_only to 2025-03-11T02:01:55.229715+00:00, run_after=2025-03-11T06:01:55.229715+00:00
[2025-03-11T06:01:55.248+0000] {processor.py:175} INFO - Processing /home/airflow/.local/lib/python3.7/site-packages/airflow/example_dags/example_latest_only.py took 0.083 seconds
[2025-03-11T06:02:26.157+0000] {processor.py:153} INFO - Started process (PID=809) to work on /home/airflow/.local/lib/python3.7/site-packages/airflow/example_dags/example_latest_only.py
[2025-03-11T06:02:26.159+0000] {processor.py:743} INFO - Processing file /home/airflow/.local/lib/python3.7/site-packages/airflow/example_dags/example_latest_only.py for tasks to queue
[2025-03-11T06:02:26.160+0000] {logging_mixin.py:137} INFO - [2025-03-11T06:02:26.159+0000] {dagbag.py:538} INFO - Filling up the DagBag from /home/airflow/.local/lib/python3.7/site-packages/airflow/example_dags/example_latest_only.py
[2025-03-11T06:02:26.172+0000] {processor.py:753} INFO - DAG(s) dict_keys(['latest_only']) retrieved from /home/airflow/.local/lib/python3.7/site-packages/airflow/example_dags/example_latest_only.py
[2025-03-11T06:02:26.203+0000] {logging_mixin.py:137} INFO - [2025-03-11T06:02:26.203+0000] {dag.py:2676} INFO - Sync 1 DAGs
[2025-03-11T06:02:26.223+0000] {logging_mixin.py:137} INFO - [2025-03-11T06:02:26.223+0000] {dag.py:3427} INFO - Setting next_dagrun for latest_only to 2025-03-11T02:02:26.222799+00:00, run_after=2025-03-11T06:02:26.222799+00:00
[2025-03-11T06:02:26.242+0000] {processor.py:175} INFO - Processing /home/airflow/.local/lib/python3.7/site-packages/airflow/example_dags/example_latest_only.py took 0.087 seconds
[2025-03-11T06:02:56.659+0000] {processor.py:153} INFO - Started process (PID=848) to work on /home/airflow/.local/lib/python3.7/site-packages/airflow/example_dags/example_latest_only.py
[2025-03-11T06:02:56.660+0000] {processor.py:743} INFO - Processing file /home/airflow/.local/lib/python3.7/site-packages/airflow/example_dags/example_latest_only.py for tasks to queue
[2025-03-11T06:02:56.661+0000] {logging_mixin.py:137} INFO - [2025-03-11T06:02:56.661+0000] {dagbag.py:538} INFO - Filling up the DagBag from /home/airflow/.local/lib/python3.7/site-packages/airflow/example_dags/example_latest_only.py
[2025-03-11T06:02:56.673+0000] {processor.py:753} INFO - DAG(s) dict_keys(['latest_only']) retrieved from /home/airflow/.local/lib/python3.7/site-packages/airflow/example_dags/example_latest_only.py
[2025-03-11T06:02:56.701+0000] {logging_mixin.py:137} INFO - [2025-03-11T06:02:56.701+0000] {dag.py:2676} INFO - Sync 1 DAGs
[2025-03-11T06:02:56.723+0000] {logging_mixin.py:137} INFO - [2025-03-11T06:02:56.723+0000] {dag.py:3427} INFO - Setting next_dagrun for latest_only to 2025-03-11T02:02:56.723045+00:00, run_after=2025-03-11T06:02:56.723045+00:00
[2025-03-11T06:02:56.743+0000] {processor.py:175} INFO - Processing /home/airflow/.local/lib/python3.7/site-packages/airflow/example_dags/example_latest_only.py took 0.085 seconds
[2025-03-11T06:03:27.115+0000] {processor.py:153} INFO - Started process (PID=887) to work on /home/airflow/.local/lib/python3.7/site-packages/airflow/example_dags/example_latest_only.py
[2025-03-11T06:03:27.116+0000] {processor.py:743} INFO - Processing file /home/airflow/.local/lib/python3.7/site-packages/airflow/example_dags/example_latest_only.py for tasks to queue
[2025-03-11T06:03:27.116+0000] {logging_mixin.py:137} INFO - [2025-03-11T06:03:27.116+0000] {dagbag.py:538} INFO - Filling up the DagBag from /home/airflow/.local/lib/python3.7/site-packages/airflow/example_dags/example_latest_only.py
[2025-03-11T06:03:27.130+0000] {processor.py:753} INFO - DAG(s) dict_keys(['latest_only']) retrieved from /home/airflow/.local/lib/python3.7/site-packages/airflow/example_dags/example_latest_only.py
[2025-03-11T06:03:27.160+0000] {logging_mixin.py:137} INFO - [2025-03-11T06:03:27.160+0000] {dag.py:2676} INFO - Sync 1 DAGs
[2025-03-11T06:03:27.180+0000] {logging_mixin.py:137} INFO - [2025-03-11T06:03:27.180+0000] {dag.py:3427} INFO - Setting next_dagrun for latest_only to 2025-03-11T02:03:27.180328+00:00, run_after=2025-03-11T06:03:27.180328+00:00
[2025-03-11T06:03:27.195+0000] {processor.py:175} INFO - Processing /home/airflow/.local/lib/python3.7/site-packages/airflow/example_dags/example_latest_only.py took 0.083 seconds
[2025-03-11T06:03:57.523+0000] {processor.py:153} INFO - Started process (PID=926) to work on /home/airflow/.local/lib/python3.7/site-packages/airflow/example_dags/example_latest_only.py
[2025-03-11T06:03:57.523+0000] {processor.py:743} INFO - Processing file /home/airflow/.local/lib/python3.7/site-packages/airflow/example_dags/example_latest_only.py for tasks to queue
[2025-03-11T06:03:57.524+0000] {logging_mixin.py:137} INFO - [2025-03-11T06:03:57.524+0000] {dagbag.py:538} INFO - Filling up the DagBag from /home/airflow/.local/lib/python3.7/site-packages/airflow/example_dags/example_latest_only.py
[2025-03-11T06:03:57.535+0000] {processor.py:753} INFO - DAG(s) dict_keys(['latest_only']) retrieved from /home/airflow/.local/lib/python3.7/site-packages/airflow/example_dags/example_latest_only.py
[2025-03-11T06:03:57.563+0000] {logging_mixin.py:137} INFO - [2025-03-11T06:03:57.563+0000] {dag.py:2676} INFO - Sync 1 DAGs
[2025-03-11T06:03:57.583+0000] {logging_mixin.py:137} INFO - [2025-03-11T06:03:57.582+0000] {dag.py:3427} INFO - Setting next_dagrun for latest_only to 2025-03-11T02:03:57.582408+00:00, run_after=2025-03-11T06:03:57.582408+00:00
[2025-03-11T06:03:57.598+0000] {processor.py:175} INFO - Processing /home/airflow/.local/lib/python3.7/site-packages/airflow/example_dags/example_latest_only.py took 0.077 seconds
[2025-03-11T06:04:27.967+0000] {processor.py:153} INFO - Started process (PID=965) to work on /home/airflow/.local/lib/python3.7/site-packages/airflow/example_dags/example_latest_only.py
[2025-03-11T06:04:27.968+0000] {processor.py:743} INFO - Processing file /home/airflow/.local/lib/python3.7/site-packages/airflow/example_dags/example_latest_only.py for tasks to queue
[2025-03-11T06:04:27.968+0000] {logging_mixin.py:137} INFO - [2025-03-11T06:04:27.968+0000] {dagbag.py:538} INFO - Filling up the DagBag from /home/airflow/.local/lib/python3.7/site-packages/airflow/example_dags/example_latest_only.py
[2025-03-11T06:04:27.980+0000] {processor.py:753} INFO - DAG(s) dict_keys(['latest_only']) retrieved from /home/airflow/.local/lib/python3.7/site-packages/airflow/example_dags/example_latest_only.py
[2025-03-11T06:04:28.013+0000] {logging_mixin.py:137} INFO - [2025-03-11T06:04:28.012+0000] {dag.py:2676} INFO - Sync 1 DAGs
[2025-03-11T06:04:28.031+0000] {logging_mixin.py:137} INFO - [2025-03-11T06:04:28.031+0000] {dag.py:3427} INFO - Setting next_dagrun for latest_only to 2025-03-11T02:04:28.030785+00:00, run_after=2025-03-11T06:04:28.030785+00:00
[2025-03-11T06:04:28.050+0000] {processor.py:175} INFO - Processing /home/airflow/.local/lib/python3.7/site-packages/airflow/example_dags/example_latest_only.py took 0.085 seconds
[2025-03-11T06:04:58.366+0000] {processor.py:153} INFO - Started process (PID=1004) to work on /home/airflow/.local/lib/python3.7/site-packages/airflow/example_dags/example_latest_only.py
[2025-03-11T06:04:58.366+0000] {processor.py:743} INFO - Processing file /home/airflow/.local/lib/python3.7/site-packages/airflow/example_dags/example_latest_only.py for tasks to queue
[2025-03-11T06:04:58.367+0000] {logging_mixin.py:137} INFO - [2025-03-11T06:04:58.367+0000] {dagbag.py:538} INFO - Filling up the DagBag from /home/airflow/.local/lib/python3.7/site-packages/airflow/example_dags/example_latest_only.py
[2025-03-11T06:04:58.379+0000] {processor.py:753} INFO - DAG(s) dict_keys(['latest_only']) retrieved from /home/airflow/.local/lib/python3.7/site-packages/airflow/example_dags/example_latest_only.py
[2025-03-11T06:04:58.406+0000] {logging_mixin.py:137} INFO - [2025-03-11T06:04:58.406+0000] {dag.py:2676} INFO - Sync 1 DAGs
[2025-03-11T06:04:58.426+0000] {logging_mixin.py:137} INFO - [2025-03-11T06:04:58.426+0000] {dag.py:3427} INFO - Setting next_dagrun for latest_only to 2025-03-11T02:04:58.426291+00:00, run_after=2025-03-11T06:04:58.426291+00:00
[2025-03-11T06:04:58.442+0000] {processor.py:175} INFO - Processing /home/airflow/.local/lib/python3.7/site-packages/airflow/example_dags/example_latest_only.py took 0.079 seconds
[2025-03-11T06:05:28.815+0000] {processor.py:153} INFO - Started process (PID=1043) to work on /home/airflow/.local/lib/python3.7/site-packages/airflow/example_dags/example_latest_only.py
[2025-03-11T06:05:28.817+0000] {processor.py:743} INFO - Processing file /home/airflow/.local/lib/python3.7/site-packages/airflow/example_dags/example_latest_only.py for tasks to queue
[2025-03-11T06:05:28.818+0000] {logging_mixin.py:137} INFO - [2025-03-11T06:05:28.817+0000] {dagbag.py:538} INFO - Filling up the DagBag from /home/airflow/.local/lib/python3.7/site-packages/airflow/example_dags/example_latest_only.py
[2025-03-11T06:05:28.831+0000] {processor.py:753} INFO - DAG(s) dict_keys(['latest_only']) retrieved from /home/airflow/.local/lib/python3.7/site-packages/airflow/example_dags/example_latest_only.py
[2025-03-11T06:05:28.869+0000] {logging_mixin.py:137} INFO - [2025-03-11T06:05:28.868+0000] {dag.py:2676} INFO - Sync 1 DAGs
[2025-03-11T06:05:28.890+0000] {logging_mixin.py:137} INFO - [2025-03-11T06:05:28.890+0000] {dag.py:3427} INFO - Setting next_dagrun for latest_only to 2025-03-11T02:05:28.890149+00:00, run_after=2025-03-11T06:05:28.890149+00:00
[2025-03-11T06:05:28.905+0000] {processor.py:175} INFO - Processing /home/airflow/.local/lib/python3.7/site-packages/airflow/example_dags/example_latest_only.py took 0.092 seconds
[2025-03-11T06:05:59.302+0000] {processor.py:153} INFO - Started process (PID=1082) to work on /home/airflow/.local/lib/python3.7/site-packages/airflow/example_dags/example_latest_only.py
[2025-03-11T06:05:59.304+0000] {processor.py:743} INFO - Processing file /home/airflow/.local/lib/python3.7/site-packages/airflow/example_dags/example_latest_only.py for tasks to queue
[2025-03-11T06:05:59.305+0000] {logging_mixin.py:137} INFO - [2025-03-11T06:05:59.305+0000] {dagbag.py:538} INFO - Filling up the DagBag from /home/airflow/.local/lib/python3.7/site-packages/airflow/example_dags/example_latest_only.py
[2025-03-11T06:05:59.316+0000] {processor.py:753} INFO - DAG(s) dict_keys(['latest_only']) retrieved from /home/airflow/.local/lib/python3.7/site-packages/airflow/example_dags/example_latest_only.py
[2025-03-11T06:05:59.348+0000] {logging_mixin.py:137} INFO - [2025-03-11T06:05:59.348+0000] {dag.py:2676} INFO - Sync 1 DAGs
[2025-03-11T06:05:59.368+0000] {logging_mixin.py:137} INFO - [2025-03-11T06:05:59.368+0000] {dag.py:3427} INFO - Setting next_dagrun for latest_only to 2025-03-11T02:05:59.367788+00:00, run_after=2025-03-11T06:05:59.367788+00:00
[2025-03-11T06:05:59.386+0000] {processor.py:175} INFO - Processing /home/airflow/.local/lib/python3.7/site-packages/airflow/example_dags/example_latest_only.py took 0.086 seconds
[2025-03-11T06:06:29.701+0000] {processor.py:153} INFO - Started process (PID=1121) to work on /home/airflow/.local/lib/python3.7/site-packages/airflow/example_dags/example_latest_only.py
[2025-03-11T06:06:29.703+0000] {processor.py:743} INFO - Processing file /home/airflow/.local/lib/python3.7/site-packages/airflow/example_dags/example_latest_only.py for tasks to queue
[2025-03-11T06:06:29.704+0000] {logging_mixin.py:137} INFO - [2025-03-11T06:06:29.704+0000] {dagbag.py:538} INFO - Filling up the DagBag from /home/airflow/.local/lib/python3.7/site-packages/airflow/example_dags/example_latest_only.py
[2025-03-11T06:06:29.717+0000] {processor.py:753} INFO - DAG(s) dict_keys(['latest_only']) retrieved from /home/airflow/.local/lib/python3.7/site-packages/airflow/example_dags/example_latest_only.py
[2025-03-11T06:06:29.746+0000] {logging_mixin.py:137} INFO - [2025-03-11T06:06:29.745+0000] {dag.py:2676} INFO - Sync 1 DAGs
[2025-03-11T06:06:29.767+0000] {logging_mixin.py:137} INFO - [2025-03-11T06:06:29.767+0000] {dag.py:3427} INFO - Setting next_dagrun for latest_only to 2025-03-11T02:06:29.767003+00:00, run_after=2025-03-11T06:06:29.767003+00:00
[2025-03-11T06:06:29.784+0000] {processor.py:175} INFO - Processing /home/airflow/.local/lib/python3.7/site-packages/airflow/example_dags/example_latest_only.py took 0.085 seconds
[2025-03-11T06:07:00.073+0000] {processor.py:153} INFO - Started process (PID=1160) to work on /home/airflow/.local/lib/python3.7/site-packages/airflow/example_dags/example_latest_only.py
[2025-03-11T06:07:00.074+0000] {processor.py:743} INFO - Processing file /home/airflow/.local/lib/python3.7/site-packages/airflow/example_dags/example_latest_only.py for tasks to queue
[2025-03-11T06:07:00.074+0000] {logging_mixin.py:137} INFO - [2025-03-11T06:07:00.074+0000] {dagbag.py:538} INFO - Filling up the DagBag from /home/airflow/.local/lib/python3.7/site-packages/airflow/example_dags/example_latest_only.py
[2025-03-11T06:07:00.086+0000] {processor.py:753} INFO - DAG(s) dict_keys(['latest_only']) retrieved from /home/airflow/.local/lib/python3.7/site-packages/airflow/example_dags/example_latest_only.py
[2025-03-11T06:07:00.118+0000] {logging_mixin.py:137} INFO - [2025-03-11T06:07:00.117+0000] {dag.py:2676} INFO - Sync 1 DAGs
[2025-03-11T06:07:00.142+0000] {logging_mixin.py:137} INFO - [2025-03-11T06:07:00.142+0000] {dag.py:3427} INFO - Setting next_dagrun for latest_only to 2025-03-11T02:07:00.142270+00:00, run_after=2025-03-11T06:07:00.142270+00:00
[2025-03-11T06:07:00.159+0000] {processor.py:175} INFO - Processing /home/airflow/.local/lib/python3.7/site-packages/airflow/example_dags/example_latest_only.py took 0.088 seconds
[2025-03-11T06:07:30.509+0000] {processor.py:153} INFO - Started process (PID=1199) to work on /home/airflow/.local/lib/python3.7/site-packages/airflow/example_dags/example_latest_only.py
[2025-03-11T06:07:30.510+0000] {processor.py:743} INFO - Processing file /home/airflow/.local/lib/python3.7/site-packages/airflow/example_dags/example_latest_only.py for tasks to queue
[2025-03-11T06:07:30.511+0000] {logging_mixin.py:137} INFO - [2025-03-11T06:07:30.511+0000] {dagbag.py:538} INFO - Filling up the DagBag from /home/airflow/.local/lib/python3.7/site-packages/airflow/example_dags/example_latest_only.py
[2025-03-11T06:07:30.523+0000] {processor.py:753} INFO - DAG(s) dict_keys(['latest_only']) retrieved from /home/airflow/.local/lib/python3.7/site-packages/airflow/example_dags/example_latest_only.py
[2025-03-11T06:07:30.558+0000] {logging_mixin.py:137} INFO - [2025-03-11T06:07:30.558+0000] {dag.py:2676} INFO - Sync 1 DAGs
[2025-03-11T06:07:30.577+0000] {logging_mixin.py:137} INFO - [2025-03-11T06:07:30.577+0000] {dag.py:3427} INFO - Setting next_dagrun for latest_only to 2025-03-11T02:07:30.577163+00:00, run_after=2025-03-11T06:07:30.577163+00:00
[2025-03-11T06:07:30.595+0000] {processor.py:175} INFO - Processing /home/airflow/.local/lib/python3.7/site-packages/airflow/example_dags/example_latest_only.py took 0.089 seconds
[2025-03-11T06:08:01.074+0000] {processor.py:153} INFO - Started process (PID=1238) to work on /home/airflow/.local/lib/python3.7/site-packages/airflow/example_dags/example_latest_only.py
[2025-03-11T06:08:01.075+0000] {processor.py:743} INFO - Processing file /home/airflow/.local/lib/python3.7/site-packages/airflow/example_dags/example_latest_only.py for tasks to queue
[2025-03-11T06:08:01.076+0000] {logging_mixin.py:137} INFO - [2025-03-11T06:08:01.075+0000] {dagbag.py:538} INFO - Filling up the DagBag from /home/airflow/.local/lib/python3.7/site-packages/airflow/example_dags/example_latest_only.py
[2025-03-11T06:08:01.088+0000] {processor.py:753} INFO - DAG(s) dict_keys(['latest_only']) retrieved from /home/airflow/.local/lib/python3.7/site-packages/airflow/example_dags/example_latest_only.py
[2025-03-11T06:08:01.120+0000] {logging_mixin.py:137} INFO - [2025-03-11T06:08:01.120+0000] {dag.py:2676} INFO - Sync 1 DAGs
[2025-03-11T06:08:01.140+0000] {logging_mixin.py:137} INFO - [2025-03-11T06:08:01.140+0000] {dag.py:3427} INFO - Setting next_dagrun for latest_only to 2025-03-11T02:08:01.140073+00:00, run_after=2025-03-11T06:08:01.140073+00:00
[2025-03-11T06:08:01.157+0000] {processor.py:175} INFO - Processing /home/airflow/.local/lib/python3.7/site-packages/airflow/example_dags/example_latest_only.py took 0.086 seconds
[2025-03-11T06:08:31.544+0000] {processor.py:153} INFO - Started process (PID=1277) to work on /home/airflow/.local/lib/python3.7/site-packages/airflow/example_dags/example_latest_only.py
[2025-03-11T06:08:31.544+0000] {processor.py:743} INFO - Processing file /home/airflow/.local/lib/python3.7/site-packages/airflow/example_dags/example_latest_only.py for tasks to queue
[2025-03-11T06:08:31.545+0000] {logging_mixin.py:137} INFO - [2025-03-11T06:08:31.545+0000] {dagbag.py:538} INFO - Filling up the DagBag from /home/airflow/.local/lib/python3.7/site-packages/airflow/example_dags/example_latest_only.py
[2025-03-11T06:08:31.556+0000] {processor.py:753} INFO - DAG(s) dict_keys(['latest_only']) retrieved from /home/airflow/.local/lib/python3.7/site-packages/airflow/example_dags/example_latest_only.py
[2025-03-11T06:08:31.587+0000] {logging_mixin.py:137} INFO - [2025-03-11T06:08:31.586+0000] {dag.py:2676} INFO - Sync 1 DAGs
[2025-03-11T06:08:31.609+0000] {logging_mixin.py:137} INFO - [2025-03-11T06:08:31.609+0000] {dag.py:3427} INFO - Setting next_dagrun for latest_only to 2025-03-11T02:08:31.609126+00:00, run_after=2025-03-11T06:08:31.609126+00:00
[2025-03-11T06:08:31.630+0000] {processor.py:175} INFO - Processing /home/airflow/.local/lib/python3.7/site-packages/airflow/example_dags/example_latest_only.py took 0.088 seconds
[2025-03-11T06:09:02.156+0000] {processor.py:153} INFO - Started process (PID=1316) to work on /home/airflow/.local/lib/python3.7/site-packages/airflow/example_dags/example_latest_only.py
[2025-03-11T06:09:02.157+0000] {processor.py:743} INFO - Processing file /home/airflow/.local/lib/python3.7/site-packages/airflow/example_dags/example_latest_only.py for tasks to queue
[2025-03-11T06:09:02.158+0000] {logging_mixin.py:137} INFO - [2025-03-11T06:09:02.157+0000] {dagbag.py:538} INFO - Filling up the DagBag from /home/airflow/.local/lib/python3.7/site-packages/airflow/example_dags/example_latest_only.py
[2025-03-11T06:09:02.171+0000] {processor.py:753} INFO - DAG(s) dict_keys(['latest_only']) retrieved from /home/airflow/.local/lib/python3.7/site-packages/airflow/example_dags/example_latest_only.py
[2025-03-11T06:09:02.205+0000] {logging_mixin.py:137} INFO - [2025-03-11T06:09:02.205+0000] {dag.py:2676} INFO - Sync 1 DAGs
[2025-03-11T06:09:02.227+0000] {logging_mixin.py:137} INFO - [2025-03-11T06:09:02.227+0000] {dag.py:3427} INFO - Setting next_dagrun for latest_only to 2025-03-11T02:09:02.226639+00:00, run_after=2025-03-11T06:09:02.226639+00:00
[2025-03-11T06:09:02.244+0000] {processor.py:175} INFO - Processing /home/airflow/.local/lib/python3.7/site-packages/airflow/example_dags/example_latest_only.py took 0.091 seconds
[2025-03-11T06:09:32.604+0000] {processor.py:153} INFO - Started process (PID=1355) to work on /home/airflow/.local/lib/python3.7/site-packages/airflow/example_dags/example_latest_only.py
[2025-03-11T06:09:32.605+0000] {processor.py:743} INFO - Processing file /home/airflow/.local/lib/python3.7/site-packages/airflow/example_dags/example_latest_only.py for tasks to queue
[2025-03-11T06:09:32.607+0000] {logging_mixin.py:137} INFO - [2025-03-11T06:09:32.607+0000] {dagbag.py:538} INFO - Filling up the DagBag from /home/airflow/.local/lib/python3.7/site-packages/airflow/example_dags/example_latest_only.py
[2025-03-11T06:09:32.619+0000] {processor.py:753} INFO - DAG(s) dict_keys(['latest_only']) retrieved from /home/airflow/.local/lib/python3.7/site-packages/airflow/example_dags/example_latest_only.py
[2025-03-11T06:09:32.648+0000] {logging_mixin.py:137} INFO - [2025-03-11T06:09:32.648+0000] {dag.py:2676} INFO - Sync 1 DAGs
[2025-03-11T06:09:32.668+0000] {logging_mixin.py:137} INFO - [2025-03-11T06:09:32.667+0000] {dag.py:3427} INFO - Setting next_dagrun for latest_only to 2025-03-11T02:09:32.667376+00:00, run_after=2025-03-11T06:09:32.667376+00:00
[2025-03-11T06:09:32.683+0000] {processor.py:175} INFO - Processing /home/airflow/.local/lib/python3.7/site-packages/airflow/example_dags/example_latest_only.py took 0.081 seconds
[2025-03-11T06:10:03.101+0000] {processor.py:153} INFO - Started process (PID=1394) to work on /home/airflow/.local/lib/python3.7/site-packages/airflow/example_dags/example_latest_only.py
[2025-03-11T06:10:03.102+0000] {processor.py:743} INFO - Processing file /home/airflow/.local/lib/python3.7/site-packages/airflow/example_dags/example_latest_only.py for tasks to queue
[2025-03-11T06:10:03.103+0000] {logging_mixin.py:137} INFO - [2025-03-11T06:10:03.102+0000] {dagbag.py:538} INFO - Filling up the DagBag from /home/airflow/.local/lib/python3.7/site-packages/airflow/example_dags/example_latest_only.py
[2025-03-11T06:10:03.115+0000] {processor.py:753} INFO - DAG(s) dict_keys(['latest_only']) retrieved from /home/airflow/.local/lib/python3.7/site-packages/airflow/example_dags/example_latest_only.py
[2025-03-11T06:10:03.147+0000] {logging_mixin.py:137} INFO - [2025-03-11T06:10:03.147+0000] {dag.py:2676} INFO - Sync 1 DAGs
[2025-03-11T06:10:03.167+0000] {logging_mixin.py:137} INFO - [2025-03-11T06:10:03.167+0000] {dag.py:3427} INFO - Setting next_dagrun for latest_only to 2025-03-11T02:10:03.166917+00:00, run_after=2025-03-11T06:10:03.166917+00:00
[2025-03-11T06:10:03.185+0000] {processor.py:175} INFO - Processing /home/airflow/.local/lib/python3.7/site-packages/airflow/example_dags/example_latest_only.py took 0.087 seconds
