[2025-03-11T05:52:39.739+0000] {processor.py:153} INFO - Started process (PID=46) to work on /home/airflow/.local/lib/python3.7/site-packages/airflow/example_dags/example_trigger_target_dag.py
[2025-03-11T05:52:39.740+0000] {processor.py:743} INFO - Processing file /home/airflow/.local/lib/python3.7/site-packages/airflow/example_dags/example_trigger_target_dag.py for tasks to queue
[2025-03-11T05:52:39.744+0000] {logging_mixin.py:137} INFO - [2025-03-11T05:52:39.743+0000] {dagbag.py:538} INFO - Filling up the DagBag from /home/airflow/.local/lib/python3.7/site-packages/airflow/example_dags/example_trigger_target_dag.py
[2025-03-11T05:52:39.823+0000] {processor.py:753} INFO - DAG(s) dict_keys(['example_trigger_target_dag']) retrieved from /home/airflow/.local/lib/python3.7/site-packages/airflow/example_dags/example_trigger_target_dag.py
[2025-03-11T05:52:39.907+0000] {logging_mixin.py:137} INFO - [2025-03-11T05:52:39.907+0000] {dag.py:2676} INFO - Sync 1 DAGs
[2025-03-11T05:52:39.963+0000] {logging_mixin.py:137} INFO - [2025-03-11T05:52:39.962+0000] {dag.py:3427} INFO - Setting next_dagrun for example_trigger_target_dag to None, run_after=None
[2025-03-11T05:52:40.033+0000] {processor.py:175} INFO - Processing /home/airflow/.local/lib/python3.7/site-packages/airflow/example_dags/example_trigger_target_dag.py took 0.298 seconds
[2025-03-11T05:53:10.374+0000] {processor.py:153} INFO - Started process (PID=85) to work on /home/airflow/.local/lib/python3.7/site-packages/airflow/example_dags/example_trigger_target_dag.py
[2025-03-11T05:53:10.376+0000] {processor.py:743} INFO - Processing file /home/airflow/.local/lib/python3.7/site-packages/airflow/example_dags/example_trigger_target_dag.py for tasks to queue
[2025-03-11T05:53:10.376+0000] {logging_mixin.py:137} INFO - [2025-03-11T05:53:10.376+0000] {dagbag.py:538} INFO - Filling up the DagBag from /home/airflow/.local/lib/python3.7/site-packages/airflow/example_dags/example_trigger_target_dag.py
[2025-03-11T05:53:10.398+0000] {processor.py:753} INFO - DAG(s) dict_keys(['example_trigger_target_dag']) retrieved from /home/airflow/.local/lib/python3.7/site-packages/airflow/example_dags/example_trigger_target_dag.py
[2025-03-11T05:53:10.416+0000] {logging_mixin.py:137} INFO - [2025-03-11T05:53:10.416+0000] {dag.py:2676} INFO - Sync 1 DAGs
[2025-03-11T05:53:10.441+0000] {logging_mixin.py:137} INFO - [2025-03-11T05:53:10.441+0000] {dag.py:3427} INFO - Setting next_dagrun for example_trigger_target_dag to None, run_after=None
[2025-03-11T05:53:10.460+0000] {processor.py:175} INFO - Processing /home/airflow/.local/lib/python3.7/site-packages/airflow/example_dags/example_trigger_target_dag.py took 0.088 seconds
[2025-03-11T05:53:41.062+0000] {processor.py:153} INFO - Started process (PID=124) to work on /home/airflow/.local/lib/python3.7/site-packages/airflow/example_dags/example_trigger_target_dag.py
[2025-03-11T05:53:41.063+0000] {processor.py:743} INFO - Processing file /home/airflow/.local/lib/python3.7/site-packages/airflow/example_dags/example_trigger_target_dag.py for tasks to queue
[2025-03-11T05:53:41.064+0000] {logging_mixin.py:137} INFO - [2025-03-11T05:53:41.064+0000] {dagbag.py:538} INFO - Filling up the DagBag from /home/airflow/.local/lib/python3.7/site-packages/airflow/example_dags/example_trigger_target_dag.py
[2025-03-11T05:53:41.084+0000] {processor.py:753} INFO - DAG(s) dict_keys(['example_trigger_target_dag']) retrieved from /home/airflow/.local/lib/python3.7/site-packages/airflow/example_dags/example_trigger_target_dag.py
[2025-03-11T05:53:41.113+0000] {logging_mixin.py:137} INFO - [2025-03-11T05:53:41.113+0000] {dag.py:2676} INFO - Sync 1 DAGs
[2025-03-11T05:53:41.135+0000] {logging_mixin.py:137} INFO - [2025-03-11T05:53:41.135+0000] {dag.py:3427} INFO - Setting next_dagrun for example_trigger_target_dag to None, run_after=None
[2025-03-11T05:53:41.152+0000] {processor.py:175} INFO - Processing /home/airflow/.local/lib/python3.7/site-packages/airflow/example_dags/example_trigger_target_dag.py took 0.091 seconds
[2025-03-11T05:54:11.812+0000] {processor.py:153} INFO - Started process (PID=163) to work on /home/airflow/.local/lib/python3.7/site-packages/airflow/example_dags/example_trigger_target_dag.py
[2025-03-11T05:54:11.814+0000] {processor.py:743} INFO - Processing file /home/airflow/.local/lib/python3.7/site-packages/airflow/example_dags/example_trigger_target_dag.py for tasks to queue
[2025-03-11T05:54:11.814+0000] {logging_mixin.py:137} INFO - [2025-03-11T05:54:11.814+0000] {dagbag.py:538} INFO - Filling up the DagBag from /home/airflow/.local/lib/python3.7/site-packages/airflow/example_dags/example_trigger_target_dag.py
[2025-03-11T05:54:11.835+0000] {processor.py:753} INFO - DAG(s) dict_keys(['example_trigger_target_dag']) retrieved from /home/airflow/.local/lib/python3.7/site-packages/airflow/example_dags/example_trigger_target_dag.py
[2025-03-11T05:54:11.867+0000] {logging_mixin.py:137} INFO - [2025-03-11T05:54:11.867+0000] {dag.py:2676} INFO - Sync 1 DAGs
[2025-03-11T05:54:11.892+0000] {logging_mixin.py:137} INFO - [2025-03-11T05:54:11.891+0000] {dag.py:3427} INFO - Setting next_dagrun for example_trigger_target_dag to None, run_after=None
[2025-03-11T05:54:11.913+0000] {processor.py:175} INFO - Processing /home/airflow/.local/lib/python3.7/site-packages/airflow/example_dags/example_trigger_target_dag.py took 0.103 seconds
[2025-03-11T05:54:42.136+0000] {processor.py:153} INFO - Started process (PID=202) to work on /home/airflow/.local/lib/python3.7/site-packages/airflow/example_dags/example_trigger_target_dag.py
[2025-03-11T05:54:42.136+0000] {processor.py:743} INFO - Processing file /home/airflow/.local/lib/python3.7/site-packages/airflow/example_dags/example_trigger_target_dag.py for tasks to queue
[2025-03-11T05:54:42.137+0000] {logging_mixin.py:137} INFO - [2025-03-11T05:54:42.137+0000] {dagbag.py:538} INFO - Filling up the DagBag from /home/airflow/.local/lib/python3.7/site-packages/airflow/example_dags/example_trigger_target_dag.py
[2025-03-11T05:54:42.158+0000] {processor.py:753} INFO - DAG(s) dict_keys(['example_trigger_target_dag']) retrieved from /home/airflow/.local/lib/python3.7/site-packages/airflow/example_dags/example_trigger_target_dag.py
[2025-03-11T05:54:42.189+0000] {logging_mixin.py:137} INFO - [2025-03-11T05:54:42.189+0000] {dag.py:2676} INFO - Sync 1 DAGs
[2025-03-11T05:54:42.216+0000] {logging_mixin.py:137} INFO - [2025-03-11T05:54:42.215+0000] {dag.py:3427} INFO - Setting next_dagrun for example_trigger_target_dag to None, run_after=None
[2025-03-11T05:54:42.231+0000] {processor.py:175} INFO - Processing /home/airflow/.local/lib/python3.7/site-packages/airflow/example_dags/example_trigger_target_dag.py took 0.098 seconds
[2025-03-11T05:55:12.525+0000] {processor.py:153} INFO - Started process (PID=241) to work on /home/airflow/.local/lib/python3.7/site-packages/airflow/example_dags/example_trigger_target_dag.py
[2025-03-11T05:55:12.526+0000] {processor.py:743} INFO - Processing file /home/airflow/.local/lib/python3.7/site-packages/airflow/example_dags/example_trigger_target_dag.py for tasks to queue
[2025-03-11T05:55:12.527+0000] {logging_mixin.py:137} INFO - [2025-03-11T05:55:12.527+0000] {dagbag.py:538} INFO - Filling up the DagBag from /home/airflow/.local/lib/python3.7/site-packages/airflow/example_dags/example_trigger_target_dag.py
[2025-03-11T05:55:12.555+0000] {processor.py:753} INFO - DAG(s) dict_keys(['example_trigger_target_dag']) retrieved from /home/airflow/.local/lib/python3.7/site-packages/airflow/example_dags/example_trigger_target_dag.py
[2025-03-11T05:55:12.588+0000] {logging_mixin.py:137} INFO - [2025-03-11T05:55:12.588+0000] {dag.py:2676} INFO - Sync 1 DAGs
[2025-03-11T05:55:12.610+0000] {logging_mixin.py:137} INFO - [2025-03-11T05:55:12.610+0000] {dag.py:3427} INFO - Setting next_dagrun for example_trigger_target_dag to None, run_after=None
[2025-03-11T05:55:12.629+0000] {processor.py:175} INFO - Processing /home/airflow/.local/lib/python3.7/site-packages/airflow/example_dags/example_trigger_target_dag.py took 0.106 seconds
[2025-03-11T05:55:43.262+0000] {processor.py:153} INFO - Started process (PID=280) to work on /home/airflow/.local/lib/python3.7/site-packages/airflow/example_dags/example_trigger_target_dag.py
[2025-03-11T05:55:43.264+0000] {processor.py:743} INFO - Processing file /home/airflow/.local/lib/python3.7/site-packages/airflow/example_dags/example_trigger_target_dag.py for tasks to queue
[2025-03-11T05:55:43.264+0000] {logging_mixin.py:137} INFO - [2025-03-11T05:55:43.264+0000] {dagbag.py:538} INFO - Filling up the DagBag from /home/airflow/.local/lib/python3.7/site-packages/airflow/example_dags/example_trigger_target_dag.py
[2025-03-11T05:55:43.287+0000] {processor.py:753} INFO - DAG(s) dict_keys(['example_trigger_target_dag']) retrieved from /home/airflow/.local/lib/python3.7/site-packages/airflow/example_dags/example_trigger_target_dag.py
[2025-03-11T05:55:43.323+0000] {logging_mixin.py:137} INFO - [2025-03-11T05:55:43.323+0000] {dag.py:2676} INFO - Sync 1 DAGs
[2025-03-11T05:55:43.343+0000] {logging_mixin.py:137} INFO - [2025-03-11T05:55:43.343+0000] {dag.py:3427} INFO - Setting next_dagrun for example_trigger_target_dag to None, run_after=None
[2025-03-11T05:55:43.356+0000] {processor.py:175} INFO - Processing /home/airflow/.local/lib/python3.7/site-packages/airflow/example_dags/example_trigger_target_dag.py took 0.097 seconds
[2025-03-11T05:56:13.658+0000] {processor.py:153} INFO - Started process (PID=319) to work on /home/airflow/.local/lib/python3.7/site-packages/airflow/example_dags/example_trigger_target_dag.py
[2025-03-11T05:56:13.659+0000] {processor.py:743} INFO - Processing file /home/airflow/.local/lib/python3.7/site-packages/airflow/example_dags/example_trigger_target_dag.py for tasks to queue
[2025-03-11T05:56:13.660+0000] {logging_mixin.py:137} INFO - [2025-03-11T05:56:13.660+0000] {dagbag.py:538} INFO - Filling up the DagBag from /home/airflow/.local/lib/python3.7/site-packages/airflow/example_dags/example_trigger_target_dag.py
[2025-03-11T05:56:13.680+0000] {processor.py:753} INFO - DAG(s) dict_keys(['example_trigger_target_dag']) retrieved from /home/airflow/.local/lib/python3.7/site-packages/airflow/example_dags/example_trigger_target_dag.py
[2025-03-11T05:56:13.718+0000] {logging_mixin.py:137} INFO - [2025-03-11T05:56:13.718+0000] {dag.py:2676} INFO - Sync 1 DAGs
[2025-03-11T05:56:13.740+0000] {logging_mixin.py:137} INFO - [2025-03-11T05:56:13.740+0000] {dag.py:3427} INFO - Setting next_dagrun for example_trigger_target_dag to None, run_after=None
[2025-03-11T05:56:13.764+0000] {processor.py:175} INFO - Processing /home/airflow/.local/lib/python3.7/site-packages/airflow/example_dags/example_trigger_target_dag.py took 0.108 seconds
[2025-03-11T05:56:43.961+0000] {processor.py:153} INFO - Started process (PID=358) to work on /home/airflow/.local/lib/python3.7/site-packages/airflow/example_dags/example_trigger_target_dag.py
[2025-03-11T05:56:43.962+0000] {processor.py:743} INFO - Processing file /home/airflow/.local/lib/python3.7/site-packages/airflow/example_dags/example_trigger_target_dag.py for tasks to queue
[2025-03-11T05:56:43.962+0000] {logging_mixin.py:137} INFO - [2025-03-11T05:56:43.962+0000] {dagbag.py:538} INFO - Filling up the DagBag from /home/airflow/.local/lib/python3.7/site-packages/airflow/example_dags/example_trigger_target_dag.py
[2025-03-11T05:56:43.984+0000] {processor.py:753} INFO - DAG(s) dict_keys(['example_trigger_target_dag']) retrieved from /home/airflow/.local/lib/python3.7/site-packages/airflow/example_dags/example_trigger_target_dag.py
[2025-03-11T05:56:44.020+0000] {logging_mixin.py:137} INFO - [2025-03-11T05:56:44.020+0000] {dag.py:2676} INFO - Sync 1 DAGs
[2025-03-11T05:56:44.040+0000] {logging_mixin.py:137} INFO - [2025-03-11T05:56:44.040+0000] {dag.py:3427} INFO - Setting next_dagrun for example_trigger_target_dag to None, run_after=None
[2025-03-11T05:56:44.054+0000] {processor.py:175} INFO - Processing /home/airflow/.local/lib/python3.7/site-packages/airflow/example_dags/example_trigger_target_dag.py took 0.096 seconds
[2025-03-11T05:57:14.406+0000] {processor.py:153} INFO - Started process (PID=397) to work on /home/airflow/.local/lib/python3.7/site-packages/airflow/example_dags/example_trigger_target_dag.py
[2025-03-11T05:57:14.407+0000] {processor.py:743} INFO - Processing file /home/airflow/.local/lib/python3.7/site-packages/airflow/example_dags/example_trigger_target_dag.py for tasks to queue
[2025-03-11T05:57:14.408+0000] {logging_mixin.py:137} INFO - [2025-03-11T05:57:14.408+0000] {dagbag.py:538} INFO - Filling up the DagBag from /home/airflow/.local/lib/python3.7/site-packages/airflow/example_dags/example_trigger_target_dag.py
[2025-03-11T05:57:14.428+0000] {processor.py:753} INFO - DAG(s) dict_keys(['example_trigger_target_dag']) retrieved from /home/airflow/.local/lib/python3.7/site-packages/airflow/example_dags/example_trigger_target_dag.py
[2025-03-11T05:57:14.458+0000] {logging_mixin.py:137} INFO - [2025-03-11T05:57:14.458+0000] {dag.py:2676} INFO - Sync 1 DAGs
[2025-03-11T05:57:14.480+0000] {logging_mixin.py:137} INFO - [2025-03-11T05:57:14.480+0000] {dag.py:3427} INFO - Setting next_dagrun for example_trigger_target_dag to None, run_after=None
[2025-03-11T05:57:14.493+0000] {processor.py:175} INFO - Processing /home/airflow/.local/lib/python3.7/site-packages/airflow/example_dags/example_trigger_target_dag.py took 0.089 seconds
[2025-03-11T05:57:44.842+0000] {processor.py:153} INFO - Started process (PID=436) to work on /home/airflow/.local/lib/python3.7/site-packages/airflow/example_dags/example_trigger_target_dag.py
[2025-03-11T05:57:44.843+0000] {processor.py:743} INFO - Processing file /home/airflow/.local/lib/python3.7/site-packages/airflow/example_dags/example_trigger_target_dag.py for tasks to queue
[2025-03-11T05:57:44.844+0000] {logging_mixin.py:137} INFO - [2025-03-11T05:57:44.844+0000] {dagbag.py:538} INFO - Filling up the DagBag from /home/airflow/.local/lib/python3.7/site-packages/airflow/example_dags/example_trigger_target_dag.py
[2025-03-11T05:57:44.865+0000] {processor.py:753} INFO - DAG(s) dict_keys(['example_trigger_target_dag']) retrieved from /home/airflow/.local/lib/python3.7/site-packages/airflow/example_dags/example_trigger_target_dag.py
[2025-03-11T05:57:44.896+0000] {logging_mixin.py:137} INFO - [2025-03-11T05:57:44.896+0000] {dag.py:2676} INFO - Sync 1 DAGs
[2025-03-11T05:57:44.917+0000] {logging_mixin.py:137} INFO - [2025-03-11T05:57:44.917+0000] {dag.py:3427} INFO - Setting next_dagrun for example_trigger_target_dag to None, run_after=None
[2025-03-11T05:57:44.931+0000] {processor.py:175} INFO - Processing /home/airflow/.local/lib/python3.7/site-packages/airflow/example_dags/example_trigger_target_dag.py took 0.091 seconds
[2025-03-11T05:58:15.429+0000] {processor.py:153} INFO - Started process (PID=475) to work on /home/airflow/.local/lib/python3.7/site-packages/airflow/example_dags/example_trigger_target_dag.py
[2025-03-11T05:58:15.430+0000] {processor.py:743} INFO - Processing file /home/airflow/.local/lib/python3.7/site-packages/airflow/example_dags/example_trigger_target_dag.py for tasks to queue
[2025-03-11T05:58:15.431+0000] {logging_mixin.py:137} INFO - [2025-03-11T05:58:15.431+0000] {dagbag.py:538} INFO - Filling up the DagBag from /home/airflow/.local/lib/python3.7/site-packages/airflow/example_dags/example_trigger_target_dag.py
[2025-03-11T05:58:15.450+0000] {processor.py:753} INFO - DAG(s) dict_keys(['example_trigger_target_dag']) retrieved from /home/airflow/.local/lib/python3.7/site-packages/airflow/example_dags/example_trigger_target_dag.py
[2025-03-11T05:58:15.481+0000] {logging_mixin.py:137} INFO - [2025-03-11T05:58:15.480+0000] {dag.py:2676} INFO - Sync 1 DAGs
[2025-03-11T05:58:15.501+0000] {logging_mixin.py:137} INFO - [2025-03-11T05:58:15.501+0000] {dag.py:3427} INFO - Setting next_dagrun for example_trigger_target_dag to None, run_after=None
[2025-03-11T05:58:15.516+0000] {processor.py:175} INFO - Processing /home/airflow/.local/lib/python3.7/site-packages/airflow/example_dags/example_trigger_target_dag.py took 0.089 seconds
[2025-03-11T05:58:45.820+0000] {processor.py:153} INFO - Started process (PID=514) to work on /home/airflow/.local/lib/python3.7/site-packages/airflow/example_dags/example_trigger_target_dag.py
[2025-03-11T05:58:45.821+0000] {processor.py:743} INFO - Processing file /home/airflow/.local/lib/python3.7/site-packages/airflow/example_dags/example_trigger_target_dag.py for tasks to queue
[2025-03-11T05:58:45.822+0000] {logging_mixin.py:137} INFO - [2025-03-11T05:58:45.822+0000] {dagbag.py:538} INFO - Filling up the DagBag from /home/airflow/.local/lib/python3.7/site-packages/airflow/example_dags/example_trigger_target_dag.py
[2025-03-11T05:58:45.845+0000] {processor.py:753} INFO - DAG(s) dict_keys(['example_trigger_target_dag']) retrieved from /home/airflow/.local/lib/python3.7/site-packages/airflow/example_dags/example_trigger_target_dag.py
[2025-03-11T05:58:45.885+0000] {logging_mixin.py:137} INFO - [2025-03-11T05:58:45.884+0000] {dag.py:2676} INFO - Sync 1 DAGs
[2025-03-11T05:58:45.907+0000] {logging_mixin.py:137} INFO - [2025-03-11T05:58:45.907+0000] {dag.py:3427} INFO - Setting next_dagrun for example_trigger_target_dag to None, run_after=None
[2025-03-11T05:58:45.921+0000] {processor.py:175} INFO - Processing /home/airflow/.local/lib/python3.7/site-packages/airflow/example_dags/example_trigger_target_dag.py took 0.104 seconds
[2025-03-11T05:59:16.389+0000] {processor.py:153} INFO - Started process (PID=553) to work on /home/airflow/.local/lib/python3.7/site-packages/airflow/example_dags/example_trigger_target_dag.py
[2025-03-11T05:59:16.390+0000] {processor.py:743} INFO - Processing file /home/airflow/.local/lib/python3.7/site-packages/airflow/example_dags/example_trigger_target_dag.py for tasks to queue
[2025-03-11T05:59:16.390+0000] {logging_mixin.py:137} INFO - [2025-03-11T05:59:16.390+0000] {dagbag.py:538} INFO - Filling up the DagBag from /home/airflow/.local/lib/python3.7/site-packages/airflow/example_dags/example_trigger_target_dag.py
[2025-03-11T05:59:16.411+0000] {processor.py:753} INFO - DAG(s) dict_keys(['example_trigger_target_dag']) retrieved from /home/airflow/.local/lib/python3.7/site-packages/airflow/example_dags/example_trigger_target_dag.py
[2025-03-11T05:59:16.449+0000] {logging_mixin.py:137} INFO - [2025-03-11T05:59:16.449+0000] {dag.py:2676} INFO - Sync 1 DAGs
[2025-03-11T05:59:16.472+0000] {logging_mixin.py:137} INFO - [2025-03-11T05:59:16.472+0000] {dag.py:3427} INFO - Setting next_dagrun for example_trigger_target_dag to None, run_after=None
[2025-03-11T05:59:16.494+0000] {processor.py:175} INFO - Processing /home/airflow/.local/lib/python3.7/site-packages/airflow/example_dags/example_trigger_target_dag.py took 0.109 seconds
[2025-03-11T05:59:46.979+0000] {processor.py:153} INFO - Started process (PID=592) to work on /home/airflow/.local/lib/python3.7/site-packages/airflow/example_dags/example_trigger_target_dag.py
[2025-03-11T05:59:46.981+0000] {processor.py:743} INFO - Processing file /home/airflow/.local/lib/python3.7/site-packages/airflow/example_dags/example_trigger_target_dag.py for tasks to queue
[2025-03-11T05:59:46.981+0000] {logging_mixin.py:137} INFO - [2025-03-11T05:59:46.981+0000] {dagbag.py:538} INFO - Filling up the DagBag from /home/airflow/.local/lib/python3.7/site-packages/airflow/example_dags/example_trigger_target_dag.py
[2025-03-11T05:59:47.001+0000] {processor.py:753} INFO - DAG(s) dict_keys(['example_trigger_target_dag']) retrieved from /home/airflow/.local/lib/python3.7/site-packages/airflow/example_dags/example_trigger_target_dag.py
[2025-03-11T05:59:47.036+0000] {logging_mixin.py:137} INFO - [2025-03-11T05:59:47.036+0000] {dag.py:2676} INFO - Sync 1 DAGs
[2025-03-11T05:59:47.058+0000] {logging_mixin.py:137} INFO - [2025-03-11T05:59:47.058+0000] {dag.py:3427} INFO - Setting next_dagrun for example_trigger_target_dag to None, run_after=None
[2025-03-11T05:59:47.080+0000] {processor.py:175} INFO - Processing /home/airflow/.local/lib/python3.7/site-packages/airflow/example_dags/example_trigger_target_dag.py took 0.103 seconds
[2025-03-11T06:00:17.493+0000] {processor.py:153} INFO - Started process (PID=631) to work on /home/airflow/.local/lib/python3.7/site-packages/airflow/example_dags/example_trigger_target_dag.py
[2025-03-11T06:00:17.494+0000] {processor.py:743} INFO - Processing file /home/airflow/.local/lib/python3.7/site-packages/airflow/example_dags/example_trigger_target_dag.py for tasks to queue
[2025-03-11T06:00:17.494+0000] {logging_mixin.py:137} INFO - [2025-03-11T06:00:17.494+0000] {dagbag.py:538} INFO - Filling up the DagBag from /home/airflow/.local/lib/python3.7/site-packages/airflow/example_dags/example_trigger_target_dag.py
[2025-03-11T06:00:17.515+0000] {processor.py:753} INFO - DAG(s) dict_keys(['example_trigger_target_dag']) retrieved from /home/airflow/.local/lib/python3.7/site-packages/airflow/example_dags/example_trigger_target_dag.py
[2025-03-11T06:00:17.548+0000] {logging_mixin.py:137} INFO - [2025-03-11T06:00:17.548+0000] {dag.py:2676} INFO - Sync 1 DAGs
[2025-03-11T06:00:17.568+0000] {logging_mixin.py:137} INFO - [2025-03-11T06:00:17.568+0000] {dag.py:3427} INFO - Setting next_dagrun for example_trigger_target_dag to None, run_after=None
[2025-03-11T06:00:17.586+0000] {processor.py:175} INFO - Processing /home/airflow/.local/lib/python3.7/site-packages/airflow/example_dags/example_trigger_target_dag.py took 0.094 seconds
[2025-03-11T06:00:48.142+0000] {processor.py:153} INFO - Started process (PID=670) to work on /home/airflow/.local/lib/python3.7/site-packages/airflow/example_dags/example_trigger_target_dag.py
[2025-03-11T06:00:48.143+0000] {processor.py:743} INFO - Processing file /home/airflow/.local/lib/python3.7/site-packages/airflow/example_dags/example_trigger_target_dag.py for tasks to queue
[2025-03-11T06:00:48.143+0000] {logging_mixin.py:137} INFO - [2025-03-11T06:00:48.143+0000] {dagbag.py:538} INFO - Filling up the DagBag from /home/airflow/.local/lib/python3.7/site-packages/airflow/example_dags/example_trigger_target_dag.py
[2025-03-11T06:00:48.164+0000] {processor.py:753} INFO - DAG(s) dict_keys(['example_trigger_target_dag']) retrieved from /home/airflow/.local/lib/python3.7/site-packages/airflow/example_dags/example_trigger_target_dag.py
[2025-03-11T06:00:48.197+0000] {logging_mixin.py:137} INFO - [2025-03-11T06:00:48.197+0000] {dag.py:2676} INFO - Sync 1 DAGs
[2025-03-11T06:00:48.219+0000] {logging_mixin.py:137} INFO - [2025-03-11T06:00:48.219+0000] {dag.py:3427} INFO - Setting next_dagrun for example_trigger_target_dag to None, run_after=None
[2025-03-11T06:00:48.237+0000] {processor.py:175} INFO - Processing /home/airflow/.local/lib/python3.7/site-packages/airflow/example_dags/example_trigger_target_dag.py took 0.098 seconds
[2025-03-11T06:01:18.663+0000] {processor.py:153} INFO - Started process (PID=709) to work on /home/airflow/.local/lib/python3.7/site-packages/airflow/example_dags/example_trigger_target_dag.py
[2025-03-11T06:01:18.664+0000] {processor.py:743} INFO - Processing file /home/airflow/.local/lib/python3.7/site-packages/airflow/example_dags/example_trigger_target_dag.py for tasks to queue
[2025-03-11T06:01:18.667+0000] {logging_mixin.py:137} INFO - [2025-03-11T06:01:18.666+0000] {dagbag.py:538} INFO - Filling up the DagBag from /home/airflow/.local/lib/python3.7/site-packages/airflow/example_dags/example_trigger_target_dag.py
[2025-03-11T06:01:18.690+0000] {processor.py:753} INFO - DAG(s) dict_keys(['example_trigger_target_dag']) retrieved from /home/airflow/.local/lib/python3.7/site-packages/airflow/example_dags/example_trigger_target_dag.py
[2025-03-11T06:01:18.726+0000] {logging_mixin.py:137} INFO - [2025-03-11T06:01:18.725+0000] {dag.py:2676} INFO - Sync 1 DAGs
[2025-03-11T06:01:18.747+0000] {logging_mixin.py:137} INFO - [2025-03-11T06:01:18.747+0000] {dag.py:3427} INFO - Setting next_dagrun for example_trigger_target_dag to None, run_after=None
[2025-03-11T06:01:18.761+0000] {processor.py:175} INFO - Processing /home/airflow/.local/lib/python3.7/site-packages/airflow/example_dags/example_trigger_target_dag.py took 0.100 seconds
[2025-03-11T06:01:49.022+0000] {processor.py:153} INFO - Started process (PID=748) to work on /home/airflow/.local/lib/python3.7/site-packages/airflow/example_dags/example_trigger_target_dag.py
[2025-03-11T06:01:49.023+0000] {processor.py:743} INFO - Processing file /home/airflow/.local/lib/python3.7/site-packages/airflow/example_dags/example_trigger_target_dag.py for tasks to queue
[2025-03-11T06:01:49.024+0000] {logging_mixin.py:137} INFO - [2025-03-11T06:01:49.024+0000] {dagbag.py:538} INFO - Filling up the DagBag from /home/airflow/.local/lib/python3.7/site-packages/airflow/example_dags/example_trigger_target_dag.py
[2025-03-11T06:01:49.046+0000] {processor.py:753} INFO - DAG(s) dict_keys(['example_trigger_target_dag']) retrieved from /home/airflow/.local/lib/python3.7/site-packages/airflow/example_dags/example_trigger_target_dag.py
[2025-03-11T06:01:49.076+0000] {logging_mixin.py:137} INFO - [2025-03-11T06:01:49.076+0000] {dag.py:2676} INFO - Sync 1 DAGs
[2025-03-11T06:01:49.096+0000] {logging_mixin.py:137} INFO - [2025-03-11T06:01:49.096+0000] {dag.py:3427} INFO - Setting next_dagrun for example_trigger_target_dag to None, run_after=None
[2025-03-11T06:01:49.111+0000] {processor.py:175} INFO - Processing /home/airflow/.local/lib/python3.7/site-packages/airflow/example_dags/example_trigger_target_dag.py took 0.091 seconds
[2025-03-11T06:02:19.682+0000] {processor.py:153} INFO - Started process (PID=787) to work on /home/airflow/.local/lib/python3.7/site-packages/airflow/example_dags/example_trigger_target_dag.py
[2025-03-11T06:02:19.683+0000] {processor.py:743} INFO - Processing file /home/airflow/.local/lib/python3.7/site-packages/airflow/example_dags/example_trigger_target_dag.py for tasks to queue
[2025-03-11T06:02:19.685+0000] {logging_mixin.py:137} INFO - [2025-03-11T06:02:19.684+0000] {dagbag.py:538} INFO - Filling up the DagBag from /home/airflow/.local/lib/python3.7/site-packages/airflow/example_dags/example_trigger_target_dag.py
[2025-03-11T06:02:19.723+0000] {processor.py:753} INFO - DAG(s) dict_keys(['example_trigger_target_dag']) retrieved from /home/airflow/.local/lib/python3.7/site-packages/airflow/example_dags/example_trigger_target_dag.py
[2025-03-11T06:02:19.775+0000] {logging_mixin.py:137} INFO - [2025-03-11T06:02:19.775+0000] {dag.py:2676} INFO - Sync 1 DAGs
[2025-03-11T06:02:19.801+0000] {logging_mixin.py:137} INFO - [2025-03-11T06:02:19.801+0000] {dag.py:3427} INFO - Setting next_dagrun for example_trigger_target_dag to None, run_after=None
[2025-03-11T06:02:19.825+0000] {processor.py:175} INFO - Processing /home/airflow/.local/lib/python3.7/site-packages/airflow/example_dags/example_trigger_target_dag.py took 0.148 seconds
[2025-03-11T06:02:50.473+0000] {processor.py:153} INFO - Started process (PID=826) to work on /home/airflow/.local/lib/python3.7/site-packages/airflow/example_dags/example_trigger_target_dag.py
[2025-03-11T06:02:50.474+0000] {processor.py:743} INFO - Processing file /home/airflow/.local/lib/python3.7/site-packages/airflow/example_dags/example_trigger_target_dag.py for tasks to queue
[2025-03-11T06:02:50.474+0000] {logging_mixin.py:137} INFO - [2025-03-11T06:02:50.474+0000] {dagbag.py:538} INFO - Filling up the DagBag from /home/airflow/.local/lib/python3.7/site-packages/airflow/example_dags/example_trigger_target_dag.py
[2025-03-11T06:02:50.494+0000] {processor.py:753} INFO - DAG(s) dict_keys(['example_trigger_target_dag']) retrieved from /home/airflow/.local/lib/python3.7/site-packages/airflow/example_dags/example_trigger_target_dag.py
[2025-03-11T06:02:50.524+0000] {logging_mixin.py:137} INFO - [2025-03-11T06:02:50.524+0000] {dag.py:2676} INFO - Sync 1 DAGs
[2025-03-11T06:02:50.544+0000] {logging_mixin.py:137} INFO - [2025-03-11T06:02:50.544+0000] {dag.py:3427} INFO - Setting next_dagrun for example_trigger_target_dag to None, run_after=None
[2025-03-11T06:02:50.562+0000] {processor.py:175} INFO - Processing /home/airflow/.local/lib/python3.7/site-packages/airflow/example_dags/example_trigger_target_dag.py took 0.091 seconds
[2025-03-11T06:03:20.882+0000] {processor.py:153} INFO - Started process (PID=865) to work on /home/airflow/.local/lib/python3.7/site-packages/airflow/example_dags/example_trigger_target_dag.py
[2025-03-11T06:03:20.883+0000] {processor.py:743} INFO - Processing file /home/airflow/.local/lib/python3.7/site-packages/airflow/example_dags/example_trigger_target_dag.py for tasks to queue
[2025-03-11T06:03:20.885+0000] {logging_mixin.py:137} INFO - [2025-03-11T06:03:20.884+0000] {dagbag.py:538} INFO - Filling up the DagBag from /home/airflow/.local/lib/python3.7/site-packages/airflow/example_dags/example_trigger_target_dag.py
[2025-03-11T06:03:20.907+0000] {processor.py:753} INFO - DAG(s) dict_keys(['example_trigger_target_dag']) retrieved from /home/airflow/.local/lib/python3.7/site-packages/airflow/example_dags/example_trigger_target_dag.py
[2025-03-11T06:03:20.939+0000] {logging_mixin.py:137} INFO - [2025-03-11T06:03:20.939+0000] {dag.py:2676} INFO - Sync 1 DAGs
[2025-03-11T06:03:20.959+0000] {logging_mixin.py:137} INFO - [2025-03-11T06:03:20.958+0000] {dag.py:3427} INFO - Setting next_dagrun for example_trigger_target_dag to None, run_after=None
[2025-03-11T06:03:20.975+0000] {processor.py:175} INFO - Processing /home/airflow/.local/lib/python3.7/site-packages/airflow/example_dags/example_trigger_target_dag.py took 0.095 seconds
[2025-03-11T06:03:51.271+0000] {processor.py:153} INFO - Started process (PID=904) to work on /home/airflow/.local/lib/python3.7/site-packages/airflow/example_dags/example_trigger_target_dag.py
[2025-03-11T06:03:51.273+0000] {processor.py:743} INFO - Processing file /home/airflow/.local/lib/python3.7/site-packages/airflow/example_dags/example_trigger_target_dag.py for tasks to queue
[2025-03-11T06:03:51.273+0000] {logging_mixin.py:137} INFO - [2025-03-11T06:03:51.273+0000] {dagbag.py:538} INFO - Filling up the DagBag from /home/airflow/.local/lib/python3.7/site-packages/airflow/example_dags/example_trigger_target_dag.py
[2025-03-11T06:03:51.292+0000] {processor.py:753} INFO - DAG(s) dict_keys(['example_trigger_target_dag']) retrieved from /home/airflow/.local/lib/python3.7/site-packages/airflow/example_dags/example_trigger_target_dag.py
[2025-03-11T06:03:51.329+0000] {logging_mixin.py:137} INFO - [2025-03-11T06:03:51.329+0000] {dag.py:2676} INFO - Sync 1 DAGs
[2025-03-11T06:03:51.354+0000] {logging_mixin.py:137} INFO - [2025-03-11T06:03:51.354+0000] {dag.py:3427} INFO - Setting next_dagrun for example_trigger_target_dag to None, run_after=None
[2025-03-11T06:03:51.373+0000] {processor.py:175} INFO - Processing /home/airflow/.local/lib/python3.7/site-packages/airflow/example_dags/example_trigger_target_dag.py took 0.104 seconds
[2025-03-11T06:04:21.747+0000] {processor.py:153} INFO - Started process (PID=943) to work on /home/airflow/.local/lib/python3.7/site-packages/airflow/example_dags/example_trigger_target_dag.py
[2025-03-11T06:04:21.748+0000] {processor.py:743} INFO - Processing file /home/airflow/.local/lib/python3.7/site-packages/airflow/example_dags/example_trigger_target_dag.py for tasks to queue
[2025-03-11T06:04:21.748+0000] {logging_mixin.py:137} INFO - [2025-03-11T06:04:21.748+0000] {dagbag.py:538} INFO - Filling up the DagBag from /home/airflow/.local/lib/python3.7/site-packages/airflow/example_dags/example_trigger_target_dag.py
[2025-03-11T06:04:21.769+0000] {processor.py:753} INFO - DAG(s) dict_keys(['example_trigger_target_dag']) retrieved from /home/airflow/.local/lib/python3.7/site-packages/airflow/example_dags/example_trigger_target_dag.py
[2025-03-11T06:04:21.798+0000] {logging_mixin.py:137} INFO - [2025-03-11T06:04:21.798+0000] {dag.py:2676} INFO - Sync 1 DAGs
[2025-03-11T06:04:21.819+0000] {logging_mixin.py:137} INFO - [2025-03-11T06:04:21.819+0000] {dag.py:3427} INFO - Setting next_dagrun for example_trigger_target_dag to None, run_after=None
[2025-03-11T06:04:21.836+0000] {processor.py:175} INFO - Processing /home/airflow/.local/lib/python3.7/site-packages/airflow/example_dags/example_trigger_target_dag.py took 0.091 seconds
[2025-03-11T06:04:52.160+0000] {processor.py:153} INFO - Started process (PID=982) to work on /home/airflow/.local/lib/python3.7/site-packages/airflow/example_dags/example_trigger_target_dag.py
[2025-03-11T06:04:52.161+0000] {processor.py:743} INFO - Processing file /home/airflow/.local/lib/python3.7/site-packages/airflow/example_dags/example_trigger_target_dag.py for tasks to queue
[2025-03-11T06:04:52.162+0000] {logging_mixin.py:137} INFO - [2025-03-11T06:04:52.161+0000] {dagbag.py:538} INFO - Filling up the DagBag from /home/airflow/.local/lib/python3.7/site-packages/airflow/example_dags/example_trigger_target_dag.py
[2025-03-11T06:04:52.183+0000] {processor.py:753} INFO - DAG(s) dict_keys(['example_trigger_target_dag']) retrieved from /home/airflow/.local/lib/python3.7/site-packages/airflow/example_dags/example_trigger_target_dag.py
[2025-03-11T06:04:52.218+0000] {logging_mixin.py:137} INFO - [2025-03-11T06:04:52.218+0000] {dag.py:2676} INFO - Sync 1 DAGs
[2025-03-11T06:04:52.244+0000] {logging_mixin.py:137} INFO - [2025-03-11T06:04:52.244+0000] {dag.py:3427} INFO - Setting next_dagrun for example_trigger_target_dag to None, run_after=None
[2025-03-11T06:04:52.259+0000] {processor.py:175} INFO - Processing /home/airflow/.local/lib/python3.7/site-packages/airflow/example_dags/example_trigger_target_dag.py took 0.102 seconds
[2025-03-11T06:05:22.567+0000] {processor.py:153} INFO - Started process (PID=1021) to work on /home/airflow/.local/lib/python3.7/site-packages/airflow/example_dags/example_trigger_target_dag.py
[2025-03-11T06:05:22.568+0000] {processor.py:743} INFO - Processing file /home/airflow/.local/lib/python3.7/site-packages/airflow/example_dags/example_trigger_target_dag.py for tasks to queue
[2025-03-11T06:05:22.568+0000] {logging_mixin.py:137} INFO - [2025-03-11T06:05:22.568+0000] {dagbag.py:538} INFO - Filling up the DagBag from /home/airflow/.local/lib/python3.7/site-packages/airflow/example_dags/example_trigger_target_dag.py
[2025-03-11T06:05:22.587+0000] {processor.py:753} INFO - DAG(s) dict_keys(['example_trigger_target_dag']) retrieved from /home/airflow/.local/lib/python3.7/site-packages/airflow/example_dags/example_trigger_target_dag.py
[2025-03-11T06:05:22.620+0000] {logging_mixin.py:137} INFO - [2025-03-11T06:05:22.620+0000] {dag.py:2676} INFO - Sync 1 DAGs
[2025-03-11T06:05:22.644+0000] {logging_mixin.py:137} INFO - [2025-03-11T06:05:22.644+0000] {dag.py:3427} INFO - Setting next_dagrun for example_trigger_target_dag to None, run_after=None
[2025-03-11T06:05:22.662+0000] {processor.py:175} INFO - Processing /home/airflow/.local/lib/python3.7/site-packages/airflow/example_dags/example_trigger_target_dag.py took 0.097 seconds
[2025-03-11T06:05:53.020+0000] {processor.py:153} INFO - Started process (PID=1060) to work on /home/airflow/.local/lib/python3.7/site-packages/airflow/example_dags/example_trigger_target_dag.py
[2025-03-11T06:05:53.020+0000] {processor.py:743} INFO - Processing file /home/airflow/.local/lib/python3.7/site-packages/airflow/example_dags/example_trigger_target_dag.py for tasks to queue
[2025-03-11T06:05:53.021+0000] {logging_mixin.py:137} INFO - [2025-03-11T06:05:53.021+0000] {dagbag.py:538} INFO - Filling up the DagBag from /home/airflow/.local/lib/python3.7/site-packages/airflow/example_dags/example_trigger_target_dag.py
[2025-03-11T06:05:53.041+0000] {processor.py:753} INFO - DAG(s) dict_keys(['example_trigger_target_dag']) retrieved from /home/airflow/.local/lib/python3.7/site-packages/airflow/example_dags/example_trigger_target_dag.py
[2025-03-11T06:05:53.075+0000] {logging_mixin.py:137} INFO - [2025-03-11T06:05:53.075+0000] {dag.py:2676} INFO - Sync 1 DAGs
[2025-03-11T06:05:53.097+0000] {logging_mixin.py:137} INFO - [2025-03-11T06:05:53.097+0000] {dag.py:3427} INFO - Setting next_dagrun for example_trigger_target_dag to None, run_after=None
[2025-03-11T06:05:53.112+0000] {processor.py:175} INFO - Processing /home/airflow/.local/lib/python3.7/site-packages/airflow/example_dags/example_trigger_target_dag.py took 0.094 seconds
[2025-03-11T06:06:23.497+0000] {processor.py:153} INFO - Started process (PID=1099) to work on /home/airflow/.local/lib/python3.7/site-packages/airflow/example_dags/example_trigger_target_dag.py
[2025-03-11T06:06:23.498+0000] {processor.py:743} INFO - Processing file /home/airflow/.local/lib/python3.7/site-packages/airflow/example_dags/example_trigger_target_dag.py for tasks to queue
[2025-03-11T06:06:23.499+0000] {logging_mixin.py:137} INFO - [2025-03-11T06:06:23.499+0000] {dagbag.py:538} INFO - Filling up the DagBag from /home/airflow/.local/lib/python3.7/site-packages/airflow/example_dags/example_trigger_target_dag.py
[2025-03-11T06:06:23.524+0000] {processor.py:753} INFO - DAG(s) dict_keys(['example_trigger_target_dag']) retrieved from /home/airflow/.local/lib/python3.7/site-packages/airflow/example_dags/example_trigger_target_dag.py
[2025-03-11T06:06:23.555+0000] {logging_mixin.py:137} INFO - [2025-03-11T06:06:23.555+0000] {dag.py:2676} INFO - Sync 1 DAGs
[2025-03-11T06:06:23.575+0000] {logging_mixin.py:137} INFO - [2025-03-11T06:06:23.575+0000] {dag.py:3427} INFO - Setting next_dagrun for example_trigger_target_dag to None, run_after=None
[2025-03-11T06:06:23.590+0000] {processor.py:175} INFO - Processing /home/airflow/.local/lib/python3.7/site-packages/airflow/example_dags/example_trigger_target_dag.py took 0.096 seconds
[2025-03-11T06:06:53.876+0000] {processor.py:153} INFO - Started process (PID=1138) to work on /home/airflow/.local/lib/python3.7/site-packages/airflow/example_dags/example_trigger_target_dag.py
[2025-03-11T06:06:53.877+0000] {processor.py:743} INFO - Processing file /home/airflow/.local/lib/python3.7/site-packages/airflow/example_dags/example_trigger_target_dag.py for tasks to queue
[2025-03-11T06:06:53.879+0000] {logging_mixin.py:137} INFO - [2025-03-11T06:06:53.878+0000] {dagbag.py:538} INFO - Filling up the DagBag from /home/airflow/.local/lib/python3.7/site-packages/airflow/example_dags/example_trigger_target_dag.py
[2025-03-11T06:06:53.899+0000] {processor.py:753} INFO - DAG(s) dict_keys(['example_trigger_target_dag']) retrieved from /home/airflow/.local/lib/python3.7/site-packages/airflow/example_dags/example_trigger_target_dag.py
[2025-03-11T06:06:53.928+0000] {logging_mixin.py:137} INFO - [2025-03-11T06:06:53.927+0000] {dag.py:2676} INFO - Sync 1 DAGs
[2025-03-11T06:06:53.948+0000] {logging_mixin.py:137} INFO - [2025-03-11T06:06:53.948+0000] {dag.py:3427} INFO - Setting next_dagrun for example_trigger_target_dag to None, run_after=None
[2025-03-11T06:06:53.966+0000] {processor.py:175} INFO - Processing /home/airflow/.local/lib/python3.7/site-packages/airflow/example_dags/example_trigger_target_dag.py took 0.092 seconds
[2025-03-11T06:07:24.301+0000] {processor.py:153} INFO - Started process (PID=1177) to work on /home/airflow/.local/lib/python3.7/site-packages/airflow/example_dags/example_trigger_target_dag.py
[2025-03-11T06:07:24.302+0000] {processor.py:743} INFO - Processing file /home/airflow/.local/lib/python3.7/site-packages/airflow/example_dags/example_trigger_target_dag.py for tasks to queue
[2025-03-11T06:07:24.303+0000] {logging_mixin.py:137} INFO - [2025-03-11T06:07:24.303+0000] {dagbag.py:538} INFO - Filling up the DagBag from /home/airflow/.local/lib/python3.7/site-packages/airflow/example_dags/example_trigger_target_dag.py
[2025-03-11T06:07:24.324+0000] {processor.py:753} INFO - DAG(s) dict_keys(['example_trigger_target_dag']) retrieved from /home/airflow/.local/lib/python3.7/site-packages/airflow/example_dags/example_trigger_target_dag.py
[2025-03-11T06:07:24.355+0000] {logging_mixin.py:137} INFO - [2025-03-11T06:07:24.355+0000] {dag.py:2676} INFO - Sync 1 DAGs
[2025-03-11T06:07:24.375+0000] {logging_mixin.py:137} INFO - [2025-03-11T06:07:24.375+0000] {dag.py:3427} INFO - Setting next_dagrun for example_trigger_target_dag to None, run_after=None
[2025-03-11T06:07:24.393+0000] {processor.py:175} INFO - Processing /home/airflow/.local/lib/python3.7/site-packages/airflow/example_dags/example_trigger_target_dag.py took 0.094 seconds
[2025-03-11T06:07:54.822+0000] {processor.py:153} INFO - Started process (PID=1216) to work on /home/airflow/.local/lib/python3.7/site-packages/airflow/example_dags/example_trigger_target_dag.py
[2025-03-11T06:07:54.823+0000] {processor.py:743} INFO - Processing file /home/airflow/.local/lib/python3.7/site-packages/airflow/example_dags/example_trigger_target_dag.py for tasks to queue
[2025-03-11T06:07:54.824+0000] {logging_mixin.py:137} INFO - [2025-03-11T06:07:54.824+0000] {dagbag.py:538} INFO - Filling up the DagBag from /home/airflow/.local/lib/python3.7/site-packages/airflow/example_dags/example_trigger_target_dag.py
[2025-03-11T06:07:54.843+0000] {processor.py:753} INFO - DAG(s) dict_keys(['example_trigger_target_dag']) retrieved from /home/airflow/.local/lib/python3.7/site-packages/airflow/example_dags/example_trigger_target_dag.py
[2025-03-11T06:07:54.874+0000] {logging_mixin.py:137} INFO - [2025-03-11T06:07:54.874+0000] {dag.py:2676} INFO - Sync 1 DAGs
[2025-03-11T06:07:54.895+0000] {logging_mixin.py:137} INFO - [2025-03-11T06:07:54.895+0000] {dag.py:3427} INFO - Setting next_dagrun for example_trigger_target_dag to None, run_after=None
[2025-03-11T06:07:54.908+0000] {processor.py:175} INFO - Processing /home/airflow/.local/lib/python3.7/site-packages/airflow/example_dags/example_trigger_target_dag.py took 0.089 seconds
[2025-03-11T06:08:25.326+0000] {processor.py:153} INFO - Started process (PID=1255) to work on /home/airflow/.local/lib/python3.7/site-packages/airflow/example_dags/example_trigger_target_dag.py
[2025-03-11T06:08:25.327+0000] {processor.py:743} INFO - Processing file /home/airflow/.local/lib/python3.7/site-packages/airflow/example_dags/example_trigger_target_dag.py for tasks to queue
[2025-03-11T06:08:25.328+0000] {logging_mixin.py:137} INFO - [2025-03-11T06:08:25.328+0000] {dagbag.py:538} INFO - Filling up the DagBag from /home/airflow/.local/lib/python3.7/site-packages/airflow/example_dags/example_trigger_target_dag.py
[2025-03-11T06:08:25.352+0000] {processor.py:753} INFO - DAG(s) dict_keys(['example_trigger_target_dag']) retrieved from /home/airflow/.local/lib/python3.7/site-packages/airflow/example_dags/example_trigger_target_dag.py
[2025-03-11T06:08:25.384+0000] {logging_mixin.py:137} INFO - [2025-03-11T06:08:25.384+0000] {dag.py:2676} INFO - Sync 1 DAGs
[2025-03-11T06:08:25.406+0000] {logging_mixin.py:137} INFO - [2025-03-11T06:08:25.406+0000] {dag.py:3427} INFO - Setting next_dagrun for example_trigger_target_dag to None, run_after=None
[2025-03-11T06:08:25.420+0000] {processor.py:175} INFO - Processing /home/airflow/.local/lib/python3.7/site-packages/airflow/example_dags/example_trigger_target_dag.py took 0.096 seconds
[2025-03-11T06:08:55.935+0000] {processor.py:153} INFO - Started process (PID=1294) to work on /home/airflow/.local/lib/python3.7/site-packages/airflow/example_dags/example_trigger_target_dag.py
[2025-03-11T06:08:55.936+0000] {processor.py:743} INFO - Processing file /home/airflow/.local/lib/python3.7/site-packages/airflow/example_dags/example_trigger_target_dag.py for tasks to queue
[2025-03-11T06:08:55.937+0000] {logging_mixin.py:137} INFO - [2025-03-11T06:08:55.937+0000] {dagbag.py:538} INFO - Filling up the DagBag from /home/airflow/.local/lib/python3.7/site-packages/airflow/example_dags/example_trigger_target_dag.py
[2025-03-11T06:08:55.961+0000] {processor.py:753} INFO - DAG(s) dict_keys(['example_trigger_target_dag']) retrieved from /home/airflow/.local/lib/python3.7/site-packages/airflow/example_dags/example_trigger_target_dag.py
[2025-03-11T06:08:55.995+0000] {logging_mixin.py:137} INFO - [2025-03-11T06:08:55.995+0000] {dag.py:2676} INFO - Sync 1 DAGs
[2025-03-11T06:08:56.017+0000] {logging_mixin.py:137} INFO - [2025-03-11T06:08:56.017+0000] {dag.py:3427} INFO - Setting next_dagrun for example_trigger_target_dag to None, run_after=None
[2025-03-11T06:08:56.032+0000] {processor.py:175} INFO - Processing /home/airflow/.local/lib/python3.7/site-packages/airflow/example_dags/example_trigger_target_dag.py took 0.099 seconds
[2025-03-11T06:09:26.378+0000] {processor.py:153} INFO - Started process (PID=1333) to work on /home/airflow/.local/lib/python3.7/site-packages/airflow/example_dags/example_trigger_target_dag.py
[2025-03-11T06:09:26.379+0000] {processor.py:743} INFO - Processing file /home/airflow/.local/lib/python3.7/site-packages/airflow/example_dags/example_trigger_target_dag.py for tasks to queue
[2025-03-11T06:09:26.380+0000] {logging_mixin.py:137} INFO - [2025-03-11T06:09:26.379+0000] {dagbag.py:538} INFO - Filling up the DagBag from /home/airflow/.local/lib/python3.7/site-packages/airflow/example_dags/example_trigger_target_dag.py
[2025-03-11T06:09:26.402+0000] {processor.py:753} INFO - DAG(s) dict_keys(['example_trigger_target_dag']) retrieved from /home/airflow/.local/lib/python3.7/site-packages/airflow/example_dags/example_trigger_target_dag.py
[2025-03-11T06:09:26.434+0000] {logging_mixin.py:137} INFO - [2025-03-11T06:09:26.434+0000] {dag.py:2676} INFO - Sync 1 DAGs
[2025-03-11T06:09:26.456+0000] {logging_mixin.py:137} INFO - [2025-03-11T06:09:26.456+0000] {dag.py:3427} INFO - Setting next_dagrun for example_trigger_target_dag to None, run_after=None
[2025-03-11T06:09:26.472+0000] {processor.py:175} INFO - Processing /home/airflow/.local/lib/python3.7/site-packages/airflow/example_dags/example_trigger_target_dag.py took 0.097 seconds
[2025-03-11T06:09:56.915+0000] {processor.py:153} INFO - Started process (PID=1372) to work on /home/airflow/.local/lib/python3.7/site-packages/airflow/example_dags/example_trigger_target_dag.py
[2025-03-11T06:09:56.917+0000] {processor.py:743} INFO - Processing file /home/airflow/.local/lib/python3.7/site-packages/airflow/example_dags/example_trigger_target_dag.py for tasks to queue
[2025-03-11T06:09:56.917+0000] {logging_mixin.py:137} INFO - [2025-03-11T06:09:56.917+0000] {dagbag.py:538} INFO - Filling up the DagBag from /home/airflow/.local/lib/python3.7/site-packages/airflow/example_dags/example_trigger_target_dag.py
[2025-03-11T06:09:56.937+0000] {processor.py:753} INFO - DAG(s) dict_keys(['example_trigger_target_dag']) retrieved from /home/airflow/.local/lib/python3.7/site-packages/airflow/example_dags/example_trigger_target_dag.py
[2025-03-11T06:09:56.967+0000] {logging_mixin.py:137} INFO - [2025-03-11T06:09:56.966+0000] {dag.py:2676} INFO - Sync 1 DAGs
[2025-03-11T06:09:56.988+0000] {logging_mixin.py:137} INFO - [2025-03-11T06:09:56.988+0000] {dag.py:3427} INFO - Setting next_dagrun for example_trigger_target_dag to None, run_after=None
[2025-03-11T06:09:57.005+0000] {processor.py:175} INFO - Processing /home/airflow/.local/lib/python3.7/site-packages/airflow/example_dags/example_trigger_target_dag.py took 0.091 seconds
