[2025-03-11T05:52:42.815+0000] {processor.py:153} INFO - Started process (PID=62) to work on /home/airflow/.local/lib/python3.7/site-packages/airflow/example_dags/example_branch_operator.py
[2025-03-11T05:52:42.819+0000] {processor.py:743} INFO - Processing file /home/airflow/.local/lib/python3.7/site-packages/airflow/example_dags/example_branch_operator.py for tasks to queue
[2025-03-11T05:52:42.822+0000] {logging_mixin.py:137} INFO - [2025-03-11T05:52:42.821+0000] {dagbag.py:538} INFO - Filling up the DagBag from /home/airflow/.local/lib/python3.7/site-packages/airflow/example_dags/example_branch_operator.py
[2025-03-11T05:52:42.865+0000] {processor.py:753} INFO - DAG(s) dict_keys(['example_branch_operator']) retrieved from /home/airflow/.local/lib/python3.7/site-packages/airflow/example_dags/example_branch_operator.py
[2025-03-11T05:52:42.957+0000] {logging_mixin.py:137} INFO - [2025-03-11T05:52:42.955+0000] {dag.py:2676} INFO - Sync 1 DAGs
[2025-03-11T05:52:43.031+0000] {logging_mixin.py:137} INFO - [2025-03-11T05:52:43.031+0000] {dag.py:3427} INFO - Setting next_dagrun for example_branch_operator to 2025-03-10T00:00:00+00:00, run_after=2025-03-11T00:00:00+00:00
[2025-03-11T05:52:43.067+0000] {processor.py:175} INFO - Processing /home/airflow/.local/lib/python3.7/site-packages/airflow/example_dags/example_branch_operator.py took 0.258 seconds
[2025-03-11T05:53:13.264+0000] {processor.py:153} INFO - Started process (PID=101) to work on /home/airflow/.local/lib/python3.7/site-packages/airflow/example_dags/example_branch_operator.py
[2025-03-11T05:53:13.265+0000] {processor.py:743} INFO - Processing file /home/airflow/.local/lib/python3.7/site-packages/airflow/example_dags/example_branch_operator.py for tasks to queue
[2025-03-11T05:53:13.266+0000] {logging_mixin.py:137} INFO - [2025-03-11T05:53:13.266+0000] {dagbag.py:538} INFO - Filling up the DagBag from /home/airflow/.local/lib/python3.7/site-packages/airflow/example_dags/example_branch_operator.py
[2025-03-11T05:53:13.281+0000] {processor.py:753} INFO - DAG(s) dict_keys(['example_branch_operator']) retrieved from /home/airflow/.local/lib/python3.7/site-packages/airflow/example_dags/example_branch_operator.py
[2025-03-11T05:53:13.297+0000] {logging_mixin.py:137} INFO - [2025-03-11T05:53:13.297+0000] {dag.py:2676} INFO - Sync 1 DAGs
[2025-03-11T05:53:13.317+0000] {logging_mixin.py:137} INFO - [2025-03-11T05:53:13.316+0000] {dag.py:3427} INFO - Setting next_dagrun for example_branch_operator to 2025-03-10T00:00:00+00:00, run_after=2025-03-11T00:00:00+00:00
[2025-03-11T05:53:13.331+0000] {processor.py:175} INFO - Processing /home/airflow/.local/lib/python3.7/site-packages/airflow/example_dags/example_branch_operator.py took 0.068 seconds
[2025-03-11T05:53:44.035+0000] {processor.py:153} INFO - Started process (PID=140) to work on /home/airflow/.local/lib/python3.7/site-packages/airflow/example_dags/example_branch_operator.py
[2025-03-11T05:53:44.036+0000] {processor.py:743} INFO - Processing file /home/airflow/.local/lib/python3.7/site-packages/airflow/example_dags/example_branch_operator.py for tasks to queue
[2025-03-11T05:53:44.037+0000] {logging_mixin.py:137} INFO - [2025-03-11T05:53:44.037+0000] {dagbag.py:538} INFO - Filling up the DagBag from /home/airflow/.local/lib/python3.7/site-packages/airflow/example_dags/example_branch_operator.py
[2025-03-11T05:53:44.054+0000] {processor.py:753} INFO - DAG(s) dict_keys(['example_branch_operator']) retrieved from /home/airflow/.local/lib/python3.7/site-packages/airflow/example_dags/example_branch_operator.py
[2025-03-11T05:53:44.082+0000] {logging_mixin.py:137} INFO - [2025-03-11T05:53:44.081+0000] {dag.py:2676} INFO - Sync 1 DAGs
[2025-03-11T05:53:44.100+0000] {logging_mixin.py:137} INFO - [2025-03-11T05:53:44.100+0000] {dag.py:3427} INFO - Setting next_dagrun for example_branch_operator to 2025-03-10T00:00:00+00:00, run_after=2025-03-11T00:00:00+00:00
[2025-03-11T05:53:44.113+0000] {processor.py:175} INFO - Processing /home/airflow/.local/lib/python3.7/site-packages/airflow/example_dags/example_branch_operator.py took 0.080 seconds
[2025-03-11T05:54:15.038+0000] {processor.py:153} INFO - Started process (PID=179) to work on /home/airflow/.local/lib/python3.7/site-packages/airflow/example_dags/example_branch_operator.py
[2025-03-11T05:54:15.040+0000] {processor.py:743} INFO - Processing file /home/airflow/.local/lib/python3.7/site-packages/airflow/example_dags/example_branch_operator.py for tasks to queue
[2025-03-11T05:54:15.040+0000] {logging_mixin.py:137} INFO - [2025-03-11T05:54:15.040+0000] {dagbag.py:538} INFO - Filling up the DagBag from /home/airflow/.local/lib/python3.7/site-packages/airflow/example_dags/example_branch_operator.py
[2025-03-11T05:54:15.062+0000] {processor.py:753} INFO - DAG(s) dict_keys(['example_branch_operator']) retrieved from /home/airflow/.local/lib/python3.7/site-packages/airflow/example_dags/example_branch_operator.py
[2025-03-11T05:54:15.098+0000] {logging_mixin.py:137} INFO - [2025-03-11T05:54:15.098+0000] {dag.py:2676} INFO - Sync 1 DAGs
[2025-03-11T05:54:15.118+0000] {logging_mixin.py:137} INFO - [2025-03-11T05:54:15.118+0000] {dag.py:3427} INFO - Setting next_dagrun for example_branch_operator to 2025-03-10T00:00:00+00:00, run_after=2025-03-11T00:00:00+00:00
[2025-03-11T05:54:15.130+0000] {processor.py:175} INFO - Processing /home/airflow/.local/lib/python3.7/site-packages/airflow/example_dags/example_branch_operator.py took 0.095 seconds
[2025-03-11T05:54:45.714+0000] {processor.py:153} INFO - Started process (PID=218) to work on /home/airflow/.local/lib/python3.7/site-packages/airflow/example_dags/example_branch_operator.py
[2025-03-11T05:54:45.716+0000] {processor.py:743} INFO - Processing file /home/airflow/.local/lib/python3.7/site-packages/airflow/example_dags/example_branch_operator.py for tasks to queue
[2025-03-11T05:54:45.719+0000] {logging_mixin.py:137} INFO - [2025-03-11T05:54:45.718+0000] {dagbag.py:538} INFO - Filling up the DagBag from /home/airflow/.local/lib/python3.7/site-packages/airflow/example_dags/example_branch_operator.py
[2025-03-11T05:54:45.762+0000] {processor.py:753} INFO - DAG(s) dict_keys(['example_branch_operator']) retrieved from /home/airflow/.local/lib/python3.7/site-packages/airflow/example_dags/example_branch_operator.py
[2025-03-11T05:54:45.813+0000] {logging_mixin.py:137} INFO - [2025-03-11T05:54:45.813+0000] {dag.py:2676} INFO - Sync 1 DAGs
[2025-03-11T05:54:45.863+0000] {logging_mixin.py:137} INFO - [2025-03-11T05:54:45.863+0000] {dag.py:3427} INFO - Setting next_dagrun for example_branch_operator to 2025-03-10T00:00:00+00:00, run_after=2025-03-11T00:00:00+00:00
[2025-03-11T05:54:45.885+0000] {processor.py:175} INFO - Processing /home/airflow/.local/lib/python3.7/site-packages/airflow/example_dags/example_branch_operator.py took 0.177 seconds
[2025-03-11T05:55:16.698+0000] {processor.py:153} INFO - Started process (PID=257) to work on /home/airflow/.local/lib/python3.7/site-packages/airflow/example_dags/example_branch_operator.py
[2025-03-11T05:55:16.699+0000] {processor.py:743} INFO - Processing file /home/airflow/.local/lib/python3.7/site-packages/airflow/example_dags/example_branch_operator.py for tasks to queue
[2025-03-11T05:55:16.699+0000] {logging_mixin.py:137} INFO - [2025-03-11T05:55:16.699+0000] {dagbag.py:538} INFO - Filling up the DagBag from /home/airflow/.local/lib/python3.7/site-packages/airflow/example_dags/example_branch_operator.py
[2025-03-11T05:55:16.715+0000] {processor.py:753} INFO - DAG(s) dict_keys(['example_branch_operator']) retrieved from /home/airflow/.local/lib/python3.7/site-packages/airflow/example_dags/example_branch_operator.py
[2025-03-11T05:55:16.751+0000] {logging_mixin.py:137} INFO - [2025-03-11T05:55:16.751+0000] {dag.py:2676} INFO - Sync 1 DAGs
[2025-03-11T05:55:16.771+0000] {logging_mixin.py:137} INFO - [2025-03-11T05:55:16.771+0000] {dag.py:3427} INFO - Setting next_dagrun for example_branch_operator to 2025-03-10T00:00:00+00:00, run_after=2025-03-11T00:00:00+00:00
[2025-03-11T05:55:16.784+0000] {processor.py:175} INFO - Processing /home/airflow/.local/lib/python3.7/site-packages/airflow/example_dags/example_branch_operator.py took 0.088 seconds
[2025-03-11T05:55:47.149+0000] {processor.py:153} INFO - Started process (PID=296) to work on /home/airflow/.local/lib/python3.7/site-packages/airflow/example_dags/example_branch_operator.py
[2025-03-11T05:55:47.151+0000] {processor.py:743} INFO - Processing file /home/airflow/.local/lib/python3.7/site-packages/airflow/example_dags/example_branch_operator.py for tasks to queue
[2025-03-11T05:55:47.152+0000] {logging_mixin.py:137} INFO - [2025-03-11T05:55:47.152+0000] {dagbag.py:538} INFO - Filling up the DagBag from /home/airflow/.local/lib/python3.7/site-packages/airflow/example_dags/example_branch_operator.py
[2025-03-11T05:55:47.168+0000] {processor.py:753} INFO - DAG(s) dict_keys(['example_branch_operator']) retrieved from /home/airflow/.local/lib/python3.7/site-packages/airflow/example_dags/example_branch_operator.py
[2025-03-11T05:55:47.196+0000] {logging_mixin.py:137} INFO - [2025-03-11T05:55:47.196+0000] {dag.py:2676} INFO - Sync 1 DAGs
[2025-03-11T05:55:47.214+0000] {logging_mixin.py:137} INFO - [2025-03-11T05:55:47.214+0000] {dag.py:3427} INFO - Setting next_dagrun for example_branch_operator to 2025-03-10T00:00:00+00:00, run_after=2025-03-11T00:00:00+00:00
[2025-03-11T05:55:47.227+0000] {processor.py:175} INFO - Processing /home/airflow/.local/lib/python3.7/site-packages/airflow/example_dags/example_branch_operator.py took 0.081 seconds
[2025-03-11T05:56:17.862+0000] {processor.py:153} INFO - Started process (PID=335) to work on /home/airflow/.local/lib/python3.7/site-packages/airflow/example_dags/example_branch_operator.py
[2025-03-11T05:56:17.863+0000] {processor.py:743} INFO - Processing file /home/airflow/.local/lib/python3.7/site-packages/airflow/example_dags/example_branch_operator.py for tasks to queue
[2025-03-11T05:56:17.864+0000] {logging_mixin.py:137} INFO - [2025-03-11T05:56:17.864+0000] {dagbag.py:538} INFO - Filling up the DagBag from /home/airflow/.local/lib/python3.7/site-packages/airflow/example_dags/example_branch_operator.py
[2025-03-11T05:56:17.891+0000] {processor.py:753} INFO - DAG(s) dict_keys(['example_branch_operator']) retrieved from /home/airflow/.local/lib/python3.7/site-packages/airflow/example_dags/example_branch_operator.py
[2025-03-11T05:56:17.920+0000] {logging_mixin.py:137} INFO - [2025-03-11T05:56:17.920+0000] {dag.py:2676} INFO - Sync 1 DAGs
[2025-03-11T05:56:17.942+0000] {logging_mixin.py:137} INFO - [2025-03-11T05:56:17.941+0000] {dag.py:3427} INFO - Setting next_dagrun for example_branch_operator to 2025-03-10T00:00:00+00:00, run_after=2025-03-11T00:00:00+00:00
[2025-03-11T05:56:17.956+0000] {processor.py:175} INFO - Processing /home/airflow/.local/lib/python3.7/site-packages/airflow/example_dags/example_branch_operator.py took 0.096 seconds
[2025-03-11T05:56:48.844+0000] {processor.py:153} INFO - Started process (PID=374) to work on /home/airflow/.local/lib/python3.7/site-packages/airflow/example_dags/example_branch_operator.py
[2025-03-11T05:56:48.845+0000] {processor.py:743} INFO - Processing file /home/airflow/.local/lib/python3.7/site-packages/airflow/example_dags/example_branch_operator.py for tasks to queue
[2025-03-11T05:56:48.846+0000] {logging_mixin.py:137} INFO - [2025-03-11T05:56:48.846+0000] {dagbag.py:538} INFO - Filling up the DagBag from /home/airflow/.local/lib/python3.7/site-packages/airflow/example_dags/example_branch_operator.py
[2025-03-11T05:56:48.862+0000] {processor.py:753} INFO - DAG(s) dict_keys(['example_branch_operator']) retrieved from /home/airflow/.local/lib/python3.7/site-packages/airflow/example_dags/example_branch_operator.py
[2025-03-11T05:56:48.892+0000] {logging_mixin.py:137} INFO - [2025-03-11T05:56:48.892+0000] {dag.py:2676} INFO - Sync 1 DAGs
[2025-03-11T05:56:48.911+0000] {logging_mixin.py:137} INFO - [2025-03-11T05:56:48.910+0000] {dag.py:3427} INFO - Setting next_dagrun for example_branch_operator to 2025-03-10T00:00:00+00:00, run_after=2025-03-11T00:00:00+00:00
[2025-03-11T05:56:48.923+0000] {processor.py:175} INFO - Processing /home/airflow/.local/lib/python3.7/site-packages/airflow/example_dags/example_branch_operator.py took 0.081 seconds
[2025-03-11T05:57:19.250+0000] {processor.py:153} INFO - Started process (PID=413) to work on /home/airflow/.local/lib/python3.7/site-packages/airflow/example_dags/example_branch_operator.py
[2025-03-11T05:57:19.251+0000] {processor.py:743} INFO - Processing file /home/airflow/.local/lib/python3.7/site-packages/airflow/example_dags/example_branch_operator.py for tasks to queue
[2025-03-11T05:57:19.253+0000] {logging_mixin.py:137} INFO - [2025-03-11T05:57:19.252+0000] {dagbag.py:538} INFO - Filling up the DagBag from /home/airflow/.local/lib/python3.7/site-packages/airflow/example_dags/example_branch_operator.py
[2025-03-11T05:57:19.270+0000] {processor.py:753} INFO - DAG(s) dict_keys(['example_branch_operator']) retrieved from /home/airflow/.local/lib/python3.7/site-packages/airflow/example_dags/example_branch_operator.py
[2025-03-11T05:57:19.300+0000] {logging_mixin.py:137} INFO - [2025-03-11T05:57:19.299+0000] {dag.py:2676} INFO - Sync 1 DAGs
[2025-03-11T05:57:19.319+0000] {logging_mixin.py:137} INFO - [2025-03-11T05:57:19.319+0000] {dag.py:3427} INFO - Setting next_dagrun for example_branch_operator to 2025-03-10T00:00:00+00:00, run_after=2025-03-11T00:00:00+00:00
[2025-03-11T05:57:19.331+0000] {processor.py:175} INFO - Processing /home/airflow/.local/lib/python3.7/site-packages/airflow/example_dags/example_branch_operator.py took 0.083 seconds
[2025-03-11T05:57:49.900+0000] {processor.py:153} INFO - Started process (PID=452) to work on /home/airflow/.local/lib/python3.7/site-packages/airflow/example_dags/example_branch_operator.py
[2025-03-11T05:57:49.901+0000] {processor.py:743} INFO - Processing file /home/airflow/.local/lib/python3.7/site-packages/airflow/example_dags/example_branch_operator.py for tasks to queue
[2025-03-11T05:57:49.902+0000] {logging_mixin.py:137} INFO - [2025-03-11T05:57:49.902+0000] {dagbag.py:538} INFO - Filling up the DagBag from /home/airflow/.local/lib/python3.7/site-packages/airflow/example_dags/example_branch_operator.py
[2025-03-11T05:57:49.929+0000] {processor.py:753} INFO - DAG(s) dict_keys(['example_branch_operator']) retrieved from /home/airflow/.local/lib/python3.7/site-packages/airflow/example_dags/example_branch_operator.py
[2025-03-11T05:57:49.965+0000] {logging_mixin.py:137} INFO - [2025-03-11T05:57:49.965+0000] {dag.py:2676} INFO - Sync 1 DAGs
[2025-03-11T05:57:49.986+0000] {logging_mixin.py:137} INFO - [2025-03-11T05:57:49.986+0000] {dag.py:3427} INFO - Setting next_dagrun for example_branch_operator to 2025-03-10T00:00:00+00:00, run_after=2025-03-11T00:00:00+00:00
[2025-03-11T05:57:50.001+0000] {processor.py:175} INFO - Processing /home/airflow/.local/lib/python3.7/site-packages/airflow/example_dags/example_branch_operator.py took 0.104 seconds
[2025-03-11T05:58:20.303+0000] {processor.py:153} INFO - Started process (PID=491) to work on /home/airflow/.local/lib/python3.7/site-packages/airflow/example_dags/example_branch_operator.py
[2025-03-11T05:58:20.304+0000] {processor.py:743} INFO - Processing file /home/airflow/.local/lib/python3.7/site-packages/airflow/example_dags/example_branch_operator.py for tasks to queue
[2025-03-11T05:58:20.304+0000] {logging_mixin.py:137} INFO - [2025-03-11T05:58:20.304+0000] {dagbag.py:538} INFO - Filling up the DagBag from /home/airflow/.local/lib/python3.7/site-packages/airflow/example_dags/example_branch_operator.py
[2025-03-11T05:58:20.321+0000] {processor.py:753} INFO - DAG(s) dict_keys(['example_branch_operator']) retrieved from /home/airflow/.local/lib/python3.7/site-packages/airflow/example_dags/example_branch_operator.py
[2025-03-11T05:58:20.349+0000] {logging_mixin.py:137} INFO - [2025-03-11T05:58:20.349+0000] {dag.py:2676} INFO - Sync 1 DAGs
[2025-03-11T05:58:20.368+0000] {logging_mixin.py:137} INFO - [2025-03-11T05:58:20.368+0000] {dag.py:3427} INFO - Setting next_dagrun for example_branch_operator to 2025-03-10T00:00:00+00:00, run_after=2025-03-11T00:00:00+00:00
[2025-03-11T05:58:20.380+0000] {processor.py:175} INFO - Processing /home/airflow/.local/lib/python3.7/site-packages/airflow/example_dags/example_branch_operator.py took 0.079 seconds
[2025-03-11T05:58:50.768+0000] {processor.py:153} INFO - Started process (PID=530) to work on /home/airflow/.local/lib/python3.7/site-packages/airflow/example_dags/example_branch_operator.py
[2025-03-11T05:58:50.770+0000] {processor.py:743} INFO - Processing file /home/airflow/.local/lib/python3.7/site-packages/airflow/example_dags/example_branch_operator.py for tasks to queue
[2025-03-11T05:58:50.771+0000] {logging_mixin.py:137} INFO - [2025-03-11T05:58:50.771+0000] {dagbag.py:538} INFO - Filling up the DagBag from /home/airflow/.local/lib/python3.7/site-packages/airflow/example_dags/example_branch_operator.py
[2025-03-11T05:58:50.787+0000] {processor.py:753} INFO - DAG(s) dict_keys(['example_branch_operator']) retrieved from /home/airflow/.local/lib/python3.7/site-packages/airflow/example_dags/example_branch_operator.py
[2025-03-11T05:58:50.815+0000] {logging_mixin.py:137} INFO - [2025-03-11T05:58:50.815+0000] {dag.py:2676} INFO - Sync 1 DAGs
[2025-03-11T05:58:50.834+0000] {logging_mixin.py:137} INFO - [2025-03-11T05:58:50.833+0000] {dag.py:3427} INFO - Setting next_dagrun for example_branch_operator to 2025-03-10T00:00:00+00:00, run_after=2025-03-11T00:00:00+00:00
[2025-03-11T05:58:50.847+0000] {processor.py:175} INFO - Processing /home/airflow/.local/lib/python3.7/site-packages/airflow/example_dags/example_branch_operator.py took 0.080 seconds
[2025-03-11T05:59:21.352+0000] {processor.py:153} INFO - Started process (PID=569) to work on /home/airflow/.local/lib/python3.7/site-packages/airflow/example_dags/example_branch_operator.py
[2025-03-11T05:59:21.354+0000] {processor.py:743} INFO - Processing file /home/airflow/.local/lib/python3.7/site-packages/airflow/example_dags/example_branch_operator.py for tasks to queue
[2025-03-11T05:59:21.355+0000] {logging_mixin.py:137} INFO - [2025-03-11T05:59:21.354+0000] {dagbag.py:538} INFO - Filling up the DagBag from /home/airflow/.local/lib/python3.7/site-packages/airflow/example_dags/example_branch_operator.py
[2025-03-11T05:59:21.373+0000] {processor.py:753} INFO - DAG(s) dict_keys(['example_branch_operator']) retrieved from /home/airflow/.local/lib/python3.7/site-packages/airflow/example_dags/example_branch_operator.py
[2025-03-11T05:59:21.401+0000] {logging_mixin.py:137} INFO - [2025-03-11T05:59:21.401+0000] {dag.py:2676} INFO - Sync 1 DAGs
[2025-03-11T05:59:21.420+0000] {logging_mixin.py:137} INFO - [2025-03-11T05:59:21.420+0000] {dag.py:3427} INFO - Setting next_dagrun for example_branch_operator to 2025-03-10T00:00:00+00:00, run_after=2025-03-11T00:00:00+00:00
[2025-03-11T05:59:21.432+0000] {processor.py:175} INFO - Processing /home/airflow/.local/lib/python3.7/site-packages/airflow/example_dags/example_branch_operator.py took 0.082 seconds
[2025-03-11T05:59:51.913+0000] {processor.py:153} INFO - Started process (PID=608) to work on /home/airflow/.local/lib/python3.7/site-packages/airflow/example_dags/example_branch_operator.py
[2025-03-11T05:59:51.914+0000] {processor.py:743} INFO - Processing file /home/airflow/.local/lib/python3.7/site-packages/airflow/example_dags/example_branch_operator.py for tasks to queue
[2025-03-11T05:59:51.915+0000] {logging_mixin.py:137} INFO - [2025-03-11T05:59:51.914+0000] {dagbag.py:538} INFO - Filling up the DagBag from /home/airflow/.local/lib/python3.7/site-packages/airflow/example_dags/example_branch_operator.py
[2025-03-11T05:59:51.930+0000] {processor.py:753} INFO - DAG(s) dict_keys(['example_branch_operator']) retrieved from /home/airflow/.local/lib/python3.7/site-packages/airflow/example_dags/example_branch_operator.py
[2025-03-11T05:59:51.959+0000] {logging_mixin.py:137} INFO - [2025-03-11T05:59:51.959+0000] {dag.py:2676} INFO - Sync 1 DAGs
[2025-03-11T05:59:51.978+0000] {logging_mixin.py:137} INFO - [2025-03-11T05:59:51.978+0000] {dag.py:3427} INFO - Setting next_dagrun for example_branch_operator to 2025-03-10T00:00:00+00:00, run_after=2025-03-11T00:00:00+00:00
[2025-03-11T05:59:51.990+0000] {processor.py:175} INFO - Processing /home/airflow/.local/lib/python3.7/site-packages/airflow/example_dags/example_branch_operator.py took 0.080 seconds
[2025-03-11T06:00:22.450+0000] {processor.py:153} INFO - Started process (PID=647) to work on /home/airflow/.local/lib/python3.7/site-packages/airflow/example_dags/example_branch_operator.py
[2025-03-11T06:00:22.451+0000] {processor.py:743} INFO - Processing file /home/airflow/.local/lib/python3.7/site-packages/airflow/example_dags/example_branch_operator.py for tasks to queue
[2025-03-11T06:00:22.453+0000] {logging_mixin.py:137} INFO - [2025-03-11T06:00:22.453+0000] {dagbag.py:538} INFO - Filling up the DagBag from /home/airflow/.local/lib/python3.7/site-packages/airflow/example_dags/example_branch_operator.py
[2025-03-11T06:00:22.471+0000] {processor.py:753} INFO - DAG(s) dict_keys(['example_branch_operator']) retrieved from /home/airflow/.local/lib/python3.7/site-packages/airflow/example_dags/example_branch_operator.py
[2025-03-11T06:00:22.504+0000] {logging_mixin.py:137} INFO - [2025-03-11T06:00:22.504+0000] {dag.py:2676} INFO - Sync 1 DAGs
[2025-03-11T06:00:22.523+0000] {logging_mixin.py:137} INFO - [2025-03-11T06:00:22.523+0000] {dag.py:3427} INFO - Setting next_dagrun for example_branch_operator to 2025-03-10T00:00:00+00:00, run_after=2025-03-11T00:00:00+00:00
[2025-03-11T06:00:22.535+0000] {processor.py:175} INFO - Processing /home/airflow/.local/lib/python3.7/site-packages/airflow/example_dags/example_branch_operator.py took 0.087 seconds
[2025-03-11T06:00:53.155+0000] {processor.py:153} INFO - Started process (PID=686) to work on /home/airflow/.local/lib/python3.7/site-packages/airflow/example_dags/example_branch_operator.py
[2025-03-11T06:00:53.157+0000] {processor.py:743} INFO - Processing file /home/airflow/.local/lib/python3.7/site-packages/airflow/example_dags/example_branch_operator.py for tasks to queue
[2025-03-11T06:00:53.159+0000] {logging_mixin.py:137} INFO - [2025-03-11T06:00:53.159+0000] {dagbag.py:538} INFO - Filling up the DagBag from /home/airflow/.local/lib/python3.7/site-packages/airflow/example_dags/example_branch_operator.py
[2025-03-11T06:00:53.182+0000] {processor.py:753} INFO - DAG(s) dict_keys(['example_branch_operator']) retrieved from /home/airflow/.local/lib/python3.7/site-packages/airflow/example_dags/example_branch_operator.py
[2025-03-11T06:00:53.220+0000] {logging_mixin.py:137} INFO - [2025-03-11T06:00:53.220+0000] {dag.py:2676} INFO - Sync 1 DAGs
[2025-03-11T06:00:53.241+0000] {logging_mixin.py:137} INFO - [2025-03-11T06:00:53.241+0000] {dag.py:3427} INFO - Setting next_dagrun for example_branch_operator to 2025-03-10T00:00:00+00:00, run_after=2025-03-11T00:00:00+00:00
[2025-03-11T06:00:53.255+0000] {processor.py:175} INFO - Processing /home/airflow/.local/lib/python3.7/site-packages/airflow/example_dags/example_branch_operator.py took 0.103 seconds
[2025-03-11T06:01:23.610+0000] {processor.py:153} INFO - Started process (PID=725) to work on /home/airflow/.local/lib/python3.7/site-packages/airflow/example_dags/example_branch_operator.py
[2025-03-11T06:01:23.612+0000] {processor.py:743} INFO - Processing file /home/airflow/.local/lib/python3.7/site-packages/airflow/example_dags/example_branch_operator.py for tasks to queue
[2025-03-11T06:01:23.612+0000] {logging_mixin.py:137} INFO - [2025-03-11T06:01:23.612+0000] {dagbag.py:538} INFO - Filling up the DagBag from /home/airflow/.local/lib/python3.7/site-packages/airflow/example_dags/example_branch_operator.py
[2025-03-11T06:01:23.629+0000] {processor.py:753} INFO - DAG(s) dict_keys(['example_branch_operator']) retrieved from /home/airflow/.local/lib/python3.7/site-packages/airflow/example_dags/example_branch_operator.py
[2025-03-11T06:01:23.657+0000] {logging_mixin.py:137} INFO - [2025-03-11T06:01:23.657+0000] {dag.py:2676} INFO - Sync 1 DAGs
[2025-03-11T06:01:23.677+0000] {logging_mixin.py:137} INFO - [2025-03-11T06:01:23.677+0000] {dag.py:3427} INFO - Setting next_dagrun for example_branch_operator to 2025-03-10T00:00:00+00:00, run_after=2025-03-11T00:00:00+00:00
[2025-03-11T06:01:23.689+0000] {processor.py:175} INFO - Processing /home/airflow/.local/lib/python3.7/site-packages/airflow/example_dags/example_branch_operator.py took 0.080 seconds
[2025-03-11T06:01:53.893+0000] {processor.py:153} INFO - Started process (PID=764) to work on /home/airflow/.local/lib/python3.7/site-packages/airflow/example_dags/example_branch_operator.py
[2025-03-11T06:01:53.894+0000] {processor.py:743} INFO - Processing file /home/airflow/.local/lib/python3.7/site-packages/airflow/example_dags/example_branch_operator.py for tasks to queue
[2025-03-11T06:01:53.896+0000] {logging_mixin.py:137} INFO - [2025-03-11T06:01:53.896+0000] {dagbag.py:538} INFO - Filling up the DagBag from /home/airflow/.local/lib/python3.7/site-packages/airflow/example_dags/example_branch_operator.py
[2025-03-11T06:01:53.912+0000] {processor.py:753} INFO - DAG(s) dict_keys(['example_branch_operator']) retrieved from /home/airflow/.local/lib/python3.7/site-packages/airflow/example_dags/example_branch_operator.py
[2025-03-11T06:01:53.940+0000] {logging_mixin.py:137} INFO - [2025-03-11T06:01:53.940+0000] {dag.py:2676} INFO - Sync 1 DAGs
[2025-03-11T06:01:53.959+0000] {logging_mixin.py:137} INFO - [2025-03-11T06:01:53.958+0000] {dag.py:3427} INFO - Setting next_dagrun for example_branch_operator to 2025-03-10T00:00:00+00:00, run_after=2025-03-11T00:00:00+00:00
[2025-03-11T06:01:53.971+0000] {processor.py:175} INFO - Processing /home/airflow/.local/lib/python3.7/site-packages/airflow/example_dags/example_branch_operator.py took 0.080 seconds
[2025-03-11T06:02:24.870+0000] {processor.py:153} INFO - Started process (PID=803) to work on /home/airflow/.local/lib/python3.7/site-packages/airflow/example_dags/example_branch_operator.py
[2025-03-11T06:02:24.871+0000] {processor.py:743} INFO - Processing file /home/airflow/.local/lib/python3.7/site-packages/airflow/example_dags/example_branch_operator.py for tasks to queue
[2025-03-11T06:02:24.872+0000] {logging_mixin.py:137} INFO - [2025-03-11T06:02:24.872+0000] {dagbag.py:538} INFO - Filling up the DagBag from /home/airflow/.local/lib/python3.7/site-packages/airflow/example_dags/example_branch_operator.py
[2025-03-11T06:02:24.891+0000] {processor.py:753} INFO - DAG(s) dict_keys(['example_branch_operator']) retrieved from /home/airflow/.local/lib/python3.7/site-packages/airflow/example_dags/example_branch_operator.py
[2025-03-11T06:02:24.919+0000] {logging_mixin.py:137} INFO - [2025-03-11T06:02:24.919+0000] {dag.py:2676} INFO - Sync 1 DAGs
[2025-03-11T06:02:24.938+0000] {logging_mixin.py:137} INFO - [2025-03-11T06:02:24.938+0000] {dag.py:3427} INFO - Setting next_dagrun for example_branch_operator to 2025-03-10T00:00:00+00:00, run_after=2025-03-11T00:00:00+00:00
[2025-03-11T06:02:24.950+0000] {processor.py:175} INFO - Processing /home/airflow/.local/lib/python3.7/site-packages/airflow/example_dags/example_branch_operator.py took 0.083 seconds
[2025-03-11T06:02:55.374+0000] {processor.py:153} INFO - Started process (PID=842) to work on /home/airflow/.local/lib/python3.7/site-packages/airflow/example_dags/example_branch_operator.py
[2025-03-11T06:02:55.375+0000] {processor.py:743} INFO - Processing file /home/airflow/.local/lib/python3.7/site-packages/airflow/example_dags/example_branch_operator.py for tasks to queue
[2025-03-11T06:02:55.376+0000] {logging_mixin.py:137} INFO - [2025-03-11T06:02:55.376+0000] {dagbag.py:538} INFO - Filling up the DagBag from /home/airflow/.local/lib/python3.7/site-packages/airflow/example_dags/example_branch_operator.py
[2025-03-11T06:02:55.392+0000] {processor.py:753} INFO - DAG(s) dict_keys(['example_branch_operator']) retrieved from /home/airflow/.local/lib/python3.7/site-packages/airflow/example_dags/example_branch_operator.py
[2025-03-11T06:02:55.420+0000] {logging_mixin.py:137} INFO - [2025-03-11T06:02:55.420+0000] {dag.py:2676} INFO - Sync 1 DAGs
[2025-03-11T06:02:55.440+0000] {logging_mixin.py:137} INFO - [2025-03-11T06:02:55.440+0000] {dag.py:3427} INFO - Setting next_dagrun for example_branch_operator to 2025-03-10T00:00:00+00:00, run_after=2025-03-11T00:00:00+00:00
[2025-03-11T06:02:55.452+0000] {processor.py:175} INFO - Processing /home/airflow/.local/lib/python3.7/site-packages/airflow/example_dags/example_branch_operator.py took 0.081 seconds
[2025-03-11T06:03:25.809+0000] {processor.py:153} INFO - Started process (PID=881) to work on /home/airflow/.local/lib/python3.7/site-packages/airflow/example_dags/example_branch_operator.py
[2025-03-11T06:03:25.810+0000] {processor.py:743} INFO - Processing file /home/airflow/.local/lib/python3.7/site-packages/airflow/example_dags/example_branch_operator.py for tasks to queue
[2025-03-11T06:03:25.811+0000] {logging_mixin.py:137} INFO - [2025-03-11T06:03:25.811+0000] {dagbag.py:538} INFO - Filling up the DagBag from /home/airflow/.local/lib/python3.7/site-packages/airflow/example_dags/example_branch_operator.py
[2025-03-11T06:03:25.828+0000] {processor.py:753} INFO - DAG(s) dict_keys(['example_branch_operator']) retrieved from /home/airflow/.local/lib/python3.7/site-packages/airflow/example_dags/example_branch_operator.py
[2025-03-11T06:03:25.857+0000] {logging_mixin.py:137} INFO - [2025-03-11T06:03:25.857+0000] {dag.py:2676} INFO - Sync 1 DAGs
[2025-03-11T06:03:25.877+0000] {logging_mixin.py:137} INFO - [2025-03-11T06:03:25.877+0000] {dag.py:3427} INFO - Setting next_dagrun for example_branch_operator to 2025-03-10T00:00:00+00:00, run_after=2025-03-11T00:00:00+00:00
[2025-03-11T06:03:25.889+0000] {processor.py:175} INFO - Processing /home/airflow/.local/lib/python3.7/site-packages/airflow/example_dags/example_branch_operator.py took 0.082 seconds
[2025-03-11T06:03:56.222+0000] {processor.py:153} INFO - Started process (PID=920) to work on /home/airflow/.local/lib/python3.7/site-packages/airflow/example_dags/example_branch_operator.py
[2025-03-11T06:03:56.223+0000] {processor.py:743} INFO - Processing file /home/airflow/.local/lib/python3.7/site-packages/airflow/example_dags/example_branch_operator.py for tasks to queue
[2025-03-11T06:03:56.224+0000] {logging_mixin.py:137} INFO - [2025-03-11T06:03:56.224+0000] {dagbag.py:538} INFO - Filling up the DagBag from /home/airflow/.local/lib/python3.7/site-packages/airflow/example_dags/example_branch_operator.py
[2025-03-11T06:03:56.240+0000] {processor.py:753} INFO - DAG(s) dict_keys(['example_branch_operator']) retrieved from /home/airflow/.local/lib/python3.7/site-packages/airflow/example_dags/example_branch_operator.py
[2025-03-11T06:03:56.270+0000] {logging_mixin.py:137} INFO - [2025-03-11T06:03:56.270+0000] {dag.py:2676} INFO - Sync 1 DAGs
[2025-03-11T06:03:56.289+0000] {logging_mixin.py:137} INFO - [2025-03-11T06:03:56.289+0000] {dag.py:3427} INFO - Setting next_dagrun for example_branch_operator to 2025-03-10T00:00:00+00:00, run_after=2025-03-11T00:00:00+00:00
[2025-03-11T06:03:56.301+0000] {processor.py:175} INFO - Processing /home/airflow/.local/lib/python3.7/site-packages/airflow/example_dags/example_branch_operator.py took 0.082 seconds
[2025-03-11T06:04:26.692+0000] {processor.py:153} INFO - Started process (PID=959) to work on /home/airflow/.local/lib/python3.7/site-packages/airflow/example_dags/example_branch_operator.py
[2025-03-11T06:04:26.693+0000] {processor.py:743} INFO - Processing file /home/airflow/.local/lib/python3.7/site-packages/airflow/example_dags/example_branch_operator.py for tasks to queue
[2025-03-11T06:04:26.694+0000] {logging_mixin.py:137} INFO - [2025-03-11T06:04:26.694+0000] {dagbag.py:538} INFO - Filling up the DagBag from /home/airflow/.local/lib/python3.7/site-packages/airflow/example_dags/example_branch_operator.py
[2025-03-11T06:04:26.711+0000] {processor.py:753} INFO - DAG(s) dict_keys(['example_branch_operator']) retrieved from /home/airflow/.local/lib/python3.7/site-packages/airflow/example_dags/example_branch_operator.py
[2025-03-11T06:04:26.740+0000] {logging_mixin.py:137} INFO - [2025-03-11T06:04:26.740+0000] {dag.py:2676} INFO - Sync 1 DAGs
[2025-03-11T06:04:26.759+0000] {logging_mixin.py:137} INFO - [2025-03-11T06:04:26.759+0000] {dag.py:3427} INFO - Setting next_dagrun for example_branch_operator to 2025-03-10T00:00:00+00:00, run_after=2025-03-11T00:00:00+00:00
[2025-03-11T06:04:26.772+0000] {processor.py:175} INFO - Processing /home/airflow/.local/lib/python3.7/site-packages/airflow/example_dags/example_branch_operator.py took 0.081 seconds
[2025-03-11T06:04:57.064+0000] {processor.py:153} INFO - Started process (PID=998) to work on /home/airflow/.local/lib/python3.7/site-packages/airflow/example_dags/example_branch_operator.py
[2025-03-11T06:04:57.065+0000] {processor.py:743} INFO - Processing file /home/airflow/.local/lib/python3.7/site-packages/airflow/example_dags/example_branch_operator.py for tasks to queue
[2025-03-11T06:04:57.065+0000] {logging_mixin.py:137} INFO - [2025-03-11T06:04:57.065+0000] {dagbag.py:538} INFO - Filling up the DagBag from /home/airflow/.local/lib/python3.7/site-packages/airflow/example_dags/example_branch_operator.py
[2025-03-11T06:04:57.082+0000] {processor.py:753} INFO - DAG(s) dict_keys(['example_branch_operator']) retrieved from /home/airflow/.local/lib/python3.7/site-packages/airflow/example_dags/example_branch_operator.py
[2025-03-11T06:04:57.112+0000] {logging_mixin.py:137} INFO - [2025-03-11T06:04:57.112+0000] {dag.py:2676} INFO - Sync 1 DAGs
[2025-03-11T06:04:57.132+0000] {logging_mixin.py:137} INFO - [2025-03-11T06:04:57.132+0000] {dag.py:3427} INFO - Setting next_dagrun for example_branch_operator to 2025-03-10T00:00:00+00:00, run_after=2025-03-11T00:00:00+00:00
[2025-03-11T06:04:57.144+0000] {processor.py:175} INFO - Processing /home/airflow/.local/lib/python3.7/site-packages/airflow/example_dags/example_branch_operator.py took 0.082 seconds
[2025-03-11T06:05:27.504+0000] {processor.py:153} INFO - Started process (PID=1037) to work on /home/airflow/.local/lib/python3.7/site-packages/airflow/example_dags/example_branch_operator.py
[2025-03-11T06:05:27.505+0000] {processor.py:743} INFO - Processing file /home/airflow/.local/lib/python3.7/site-packages/airflow/example_dags/example_branch_operator.py for tasks to queue
[2025-03-11T06:05:27.505+0000] {logging_mixin.py:137} INFO - [2025-03-11T06:05:27.505+0000] {dagbag.py:538} INFO - Filling up the DagBag from /home/airflow/.local/lib/python3.7/site-packages/airflow/example_dags/example_branch_operator.py
[2025-03-11T06:05:27.521+0000] {processor.py:753} INFO - DAG(s) dict_keys(['example_branch_operator']) retrieved from /home/airflow/.local/lib/python3.7/site-packages/airflow/example_dags/example_branch_operator.py
[2025-03-11T06:05:27.549+0000] {logging_mixin.py:137} INFO - [2025-03-11T06:05:27.549+0000] {dag.py:2676} INFO - Sync 1 DAGs
[2025-03-11T06:05:27.568+0000] {logging_mixin.py:137} INFO - [2025-03-11T06:05:27.568+0000] {dag.py:3427} INFO - Setting next_dagrun for example_branch_operator to 2025-03-10T00:00:00+00:00, run_after=2025-03-11T00:00:00+00:00
[2025-03-11T06:05:27.581+0000] {processor.py:175} INFO - Processing /home/airflow/.local/lib/python3.7/site-packages/airflow/example_dags/example_branch_operator.py took 0.080 seconds
[2025-03-11T06:05:57.989+0000] {processor.py:153} INFO - Started process (PID=1076) to work on /home/airflow/.local/lib/python3.7/site-packages/airflow/example_dags/example_branch_operator.py
[2025-03-11T06:05:57.990+0000] {processor.py:743} INFO - Processing file /home/airflow/.local/lib/python3.7/site-packages/airflow/example_dags/example_branch_operator.py for tasks to queue
[2025-03-11T06:05:57.990+0000] {logging_mixin.py:137} INFO - [2025-03-11T06:05:57.990+0000] {dagbag.py:538} INFO - Filling up the DagBag from /home/airflow/.local/lib/python3.7/site-packages/airflow/example_dags/example_branch_operator.py
[2025-03-11T06:05:58.007+0000] {processor.py:753} INFO - DAG(s) dict_keys(['example_branch_operator']) retrieved from /home/airflow/.local/lib/python3.7/site-packages/airflow/example_dags/example_branch_operator.py
[2025-03-11T06:05:58.036+0000] {logging_mixin.py:137} INFO - [2025-03-11T06:05:58.036+0000] {dag.py:2676} INFO - Sync 1 DAGs
[2025-03-11T06:05:58.055+0000] {logging_mixin.py:137} INFO - [2025-03-11T06:05:58.054+0000] {dag.py:3427} INFO - Setting next_dagrun for example_branch_operator to 2025-03-10T00:00:00+00:00, run_after=2025-03-11T00:00:00+00:00
[2025-03-11T06:05:58.066+0000] {processor.py:175} INFO - Processing /home/airflow/.local/lib/python3.7/site-packages/airflow/example_dags/example_branch_operator.py took 0.079 seconds
[2025-03-11T06:06:28.401+0000] {processor.py:153} INFO - Started process (PID=1115) to work on /home/airflow/.local/lib/python3.7/site-packages/airflow/example_dags/example_branch_operator.py
[2025-03-11T06:06:28.402+0000] {processor.py:743} INFO - Processing file /home/airflow/.local/lib/python3.7/site-packages/airflow/example_dags/example_branch_operator.py for tasks to queue
[2025-03-11T06:06:28.402+0000] {logging_mixin.py:137} INFO - [2025-03-11T06:06:28.402+0000] {dagbag.py:538} INFO - Filling up the DagBag from /home/airflow/.local/lib/python3.7/site-packages/airflow/example_dags/example_branch_operator.py
[2025-03-11T06:06:28.419+0000] {processor.py:753} INFO - DAG(s) dict_keys(['example_branch_operator']) retrieved from /home/airflow/.local/lib/python3.7/site-packages/airflow/example_dags/example_branch_operator.py
[2025-03-11T06:06:28.451+0000] {logging_mixin.py:137} INFO - [2025-03-11T06:06:28.451+0000] {dag.py:2676} INFO - Sync 1 DAGs
[2025-03-11T06:06:28.470+0000] {logging_mixin.py:137} INFO - [2025-03-11T06:06:28.470+0000] {dag.py:3427} INFO - Setting next_dagrun for example_branch_operator to 2025-03-10T00:00:00+00:00, run_after=2025-03-11T00:00:00+00:00
[2025-03-11T06:06:28.483+0000] {processor.py:175} INFO - Processing /home/airflow/.local/lib/python3.7/site-packages/airflow/example_dags/example_branch_operator.py took 0.084 seconds
[2025-03-11T06:06:58.773+0000] {processor.py:153} INFO - Started process (PID=1154) to work on /home/airflow/.local/lib/python3.7/site-packages/airflow/example_dags/example_branch_operator.py
[2025-03-11T06:06:58.775+0000] {processor.py:743} INFO - Processing file /home/airflow/.local/lib/python3.7/site-packages/airflow/example_dags/example_branch_operator.py for tasks to queue
[2025-03-11T06:06:58.776+0000] {logging_mixin.py:137} INFO - [2025-03-11T06:06:58.776+0000] {dagbag.py:538} INFO - Filling up the DagBag from /home/airflow/.local/lib/python3.7/site-packages/airflow/example_dags/example_branch_operator.py
[2025-03-11T06:06:58.795+0000] {processor.py:753} INFO - DAG(s) dict_keys(['example_branch_operator']) retrieved from /home/airflow/.local/lib/python3.7/site-packages/airflow/example_dags/example_branch_operator.py
[2025-03-11T06:06:58.826+0000] {logging_mixin.py:137} INFO - [2025-03-11T06:06:58.826+0000] {dag.py:2676} INFO - Sync 1 DAGs
[2025-03-11T06:06:58.846+0000] {logging_mixin.py:137} INFO - [2025-03-11T06:06:58.845+0000] {dag.py:3427} INFO - Setting next_dagrun for example_branch_operator to 2025-03-10T00:00:00+00:00, run_after=2025-03-11T00:00:00+00:00
[2025-03-11T06:06:58.859+0000] {processor.py:175} INFO - Processing /home/airflow/.local/lib/python3.7/site-packages/airflow/example_dags/example_branch_operator.py took 0.089 seconds
[2025-03-11T06:07:29.209+0000] {processor.py:153} INFO - Started process (PID=1193) to work on /home/airflow/.local/lib/python3.7/site-packages/airflow/example_dags/example_branch_operator.py
[2025-03-11T06:07:29.210+0000] {processor.py:743} INFO - Processing file /home/airflow/.local/lib/python3.7/site-packages/airflow/example_dags/example_branch_operator.py for tasks to queue
[2025-03-11T06:07:29.211+0000] {logging_mixin.py:137} INFO - [2025-03-11T06:07:29.211+0000] {dagbag.py:538} INFO - Filling up the DagBag from /home/airflow/.local/lib/python3.7/site-packages/airflow/example_dags/example_branch_operator.py
[2025-03-11T06:07:29.228+0000] {processor.py:753} INFO - DAG(s) dict_keys(['example_branch_operator']) retrieved from /home/airflow/.local/lib/python3.7/site-packages/airflow/example_dags/example_branch_operator.py
[2025-03-11T06:07:29.257+0000] {logging_mixin.py:137} INFO - [2025-03-11T06:07:29.257+0000] {dag.py:2676} INFO - Sync 1 DAGs
[2025-03-11T06:07:29.276+0000] {logging_mixin.py:137} INFO - [2025-03-11T06:07:29.276+0000] {dag.py:3427} INFO - Setting next_dagrun for example_branch_operator to 2025-03-10T00:00:00+00:00, run_after=2025-03-11T00:00:00+00:00
[2025-03-11T06:07:29.288+0000] {processor.py:175} INFO - Processing /home/airflow/.local/lib/python3.7/site-packages/airflow/example_dags/example_branch_operator.py took 0.081 seconds
[2025-03-11T06:07:59.746+0000] {processor.py:153} INFO - Started process (PID=1232) to work on /home/airflow/.local/lib/python3.7/site-packages/airflow/example_dags/example_branch_operator.py
[2025-03-11T06:07:59.748+0000] {processor.py:743} INFO - Processing file /home/airflow/.local/lib/python3.7/site-packages/airflow/example_dags/example_branch_operator.py for tasks to queue
[2025-03-11T06:07:59.749+0000] {logging_mixin.py:137} INFO - [2025-03-11T06:07:59.749+0000] {dagbag.py:538} INFO - Filling up the DagBag from /home/airflow/.local/lib/python3.7/site-packages/airflow/example_dags/example_branch_operator.py
[2025-03-11T06:07:59.768+0000] {processor.py:753} INFO - DAG(s) dict_keys(['example_branch_operator']) retrieved from /home/airflow/.local/lib/python3.7/site-packages/airflow/example_dags/example_branch_operator.py
[2025-03-11T06:07:59.802+0000] {logging_mixin.py:137} INFO - [2025-03-11T06:07:59.801+0000] {dag.py:2676} INFO - Sync 1 DAGs
[2025-03-11T06:07:59.822+0000] {logging_mixin.py:137} INFO - [2025-03-11T06:07:59.822+0000] {dag.py:3427} INFO - Setting next_dagrun for example_branch_operator to 2025-03-10T00:00:00+00:00, run_after=2025-03-11T00:00:00+00:00
[2025-03-11T06:07:59.834+0000] {processor.py:175} INFO - Processing /home/airflow/.local/lib/python3.7/site-packages/airflow/example_dags/example_branch_operator.py took 0.091 seconds
[2025-03-11T06:08:30.247+0000] {processor.py:153} INFO - Started process (PID=1271) to work on /home/airflow/.local/lib/python3.7/site-packages/airflow/example_dags/example_branch_operator.py
[2025-03-11T06:08:30.248+0000] {processor.py:743} INFO - Processing file /home/airflow/.local/lib/python3.7/site-packages/airflow/example_dags/example_branch_operator.py for tasks to queue
[2025-03-11T06:08:30.249+0000] {logging_mixin.py:137} INFO - [2025-03-11T06:08:30.249+0000] {dagbag.py:538} INFO - Filling up the DagBag from /home/airflow/.local/lib/python3.7/site-packages/airflow/example_dags/example_branch_operator.py
[2025-03-11T06:08:30.267+0000] {processor.py:753} INFO - DAG(s) dict_keys(['example_branch_operator']) retrieved from /home/airflow/.local/lib/python3.7/site-packages/airflow/example_dags/example_branch_operator.py
[2025-03-11T06:08:30.295+0000] {logging_mixin.py:137} INFO - [2025-03-11T06:08:30.295+0000] {dag.py:2676} INFO - Sync 1 DAGs
[2025-03-11T06:08:30.315+0000] {logging_mixin.py:137} INFO - [2025-03-11T06:08:30.315+0000] {dag.py:3427} INFO - Setting next_dagrun for example_branch_operator to 2025-03-10T00:00:00+00:00, run_after=2025-03-11T00:00:00+00:00
[2025-03-11T06:08:30.327+0000] {processor.py:175} INFO - Processing /home/airflow/.local/lib/python3.7/site-packages/airflow/example_dags/example_branch_operator.py took 0.082 seconds
[2025-03-11T06:09:00.845+0000] {processor.py:153} INFO - Started process (PID=1310) to work on /home/airflow/.local/lib/python3.7/site-packages/airflow/example_dags/example_branch_operator.py
[2025-03-11T06:09:00.846+0000] {processor.py:743} INFO - Processing file /home/airflow/.local/lib/python3.7/site-packages/airflow/example_dags/example_branch_operator.py for tasks to queue
[2025-03-11T06:09:00.847+0000] {logging_mixin.py:137} INFO - [2025-03-11T06:09:00.847+0000] {dagbag.py:538} INFO - Filling up the DagBag from /home/airflow/.local/lib/python3.7/site-packages/airflow/example_dags/example_branch_operator.py
[2025-03-11T06:09:00.862+0000] {processor.py:753} INFO - DAG(s) dict_keys(['example_branch_operator']) retrieved from /home/airflow/.local/lib/python3.7/site-packages/airflow/example_dags/example_branch_operator.py
[2025-03-11T06:09:00.891+0000] {logging_mixin.py:137} INFO - [2025-03-11T06:09:00.891+0000] {dag.py:2676} INFO - Sync 1 DAGs
[2025-03-11T06:09:00.911+0000] {logging_mixin.py:137} INFO - [2025-03-11T06:09:00.911+0000] {dag.py:3427} INFO - Setting next_dagrun for example_branch_operator to 2025-03-10T00:00:00+00:00, run_after=2025-03-11T00:00:00+00:00
[2025-03-11T06:09:00.923+0000] {processor.py:175} INFO - Processing /home/airflow/.local/lib/python3.7/site-packages/airflow/example_dags/example_branch_operator.py took 0.081 seconds
[2025-03-11T06:09:31.293+0000] {processor.py:153} INFO - Started process (PID=1349) to work on /home/airflow/.local/lib/python3.7/site-packages/airflow/example_dags/example_branch_operator.py
[2025-03-11T06:09:31.294+0000] {processor.py:743} INFO - Processing file /home/airflow/.local/lib/python3.7/site-packages/airflow/example_dags/example_branch_operator.py for tasks to queue
[2025-03-11T06:09:31.295+0000] {logging_mixin.py:137} INFO - [2025-03-11T06:09:31.295+0000] {dagbag.py:538} INFO - Filling up the DagBag from /home/airflow/.local/lib/python3.7/site-packages/airflow/example_dags/example_branch_operator.py
[2025-03-11T06:09:31.311+0000] {processor.py:753} INFO - DAG(s) dict_keys(['example_branch_operator']) retrieved from /home/airflow/.local/lib/python3.7/site-packages/airflow/example_dags/example_branch_operator.py
[2025-03-11T06:09:31.340+0000] {logging_mixin.py:137} INFO - [2025-03-11T06:09:31.340+0000] {dag.py:2676} INFO - Sync 1 DAGs
[2025-03-11T06:09:31.359+0000] {logging_mixin.py:137} INFO - [2025-03-11T06:09:31.359+0000] {dag.py:3427} INFO - Setting next_dagrun for example_branch_operator to 2025-03-10T00:00:00+00:00, run_after=2025-03-11T00:00:00+00:00
[2025-03-11T06:09:31.372+0000] {processor.py:175} INFO - Processing /home/airflow/.local/lib/python3.7/site-packages/airflow/example_dags/example_branch_operator.py took 0.081 seconds
[2025-03-11T06:10:01.810+0000] {processor.py:153} INFO - Started process (PID=1388) to work on /home/airflow/.local/lib/python3.7/site-packages/airflow/example_dags/example_branch_operator.py
[2025-03-11T06:10:01.811+0000] {processor.py:743} INFO - Processing file /home/airflow/.local/lib/python3.7/site-packages/airflow/example_dags/example_branch_operator.py for tasks to queue
[2025-03-11T06:10:01.812+0000] {logging_mixin.py:137} INFO - [2025-03-11T06:10:01.812+0000] {dagbag.py:538} INFO - Filling up the DagBag from /home/airflow/.local/lib/python3.7/site-packages/airflow/example_dags/example_branch_operator.py
[2025-03-11T06:10:01.829+0000] {processor.py:753} INFO - DAG(s) dict_keys(['example_branch_operator']) retrieved from /home/airflow/.local/lib/python3.7/site-packages/airflow/example_dags/example_branch_operator.py
[2025-03-11T06:10:01.860+0000] {logging_mixin.py:137} INFO - [2025-03-11T06:10:01.860+0000] {dag.py:2676} INFO - Sync 1 DAGs
[2025-03-11T06:10:01.879+0000] {logging_mixin.py:137} INFO - [2025-03-11T06:10:01.878+0000] {dag.py:3427} INFO - Setting next_dagrun for example_branch_operator to 2025-03-10T00:00:00+00:00, run_after=2025-03-11T00:00:00+00:00
[2025-03-11T06:10:01.890+0000] {processor.py:175} INFO - Processing /home/airflow/.local/lib/python3.7/site-packages/airflow/example_dags/example_branch_operator.py took 0.083 seconds
