[2025-03-11T05:52:41.069+0000] {processor.py:153} INFO - Started process (PID=53) to work on /home/airflow/.local/lib/python3.7/site-packages/airflow/example_dags/example_sensors.py
[2025-03-11T05:52:41.076+0000] {processor.py:743} INFO - Processing file /home/airflow/.local/lib/python3.7/site-packages/airflow/example_dags/example_sensors.py for tasks to queue
[2025-03-11T05:52:41.081+0000] {logging_mixin.py:137} INFO - [2025-03-11T05:52:41.081+0000] {dagbag.py:538} INFO - Filling up the DagBag from /home/airflow/.local/lib/python3.7/site-packages/airflow/example_dags/example_sensors.py
[2025-03-11T05:52:41.148+0000] {processor.py:753} INFO - DAG(s) dict_keys(['example_sensors']) retrieved from /home/airflow/.local/lib/python3.7/site-packages/airflow/example_dags/example_sensors.py
[2025-03-11T05:52:41.210+0000] {logging_mixin.py:137} INFO - [2025-03-11T05:52:41.210+0000] {dag.py:2676} INFO - Sync 1 DAGs
[2025-03-11T05:52:41.290+0000] {logging_mixin.py:137} INFO - [2025-03-11T05:52:41.289+0000] {dag.py:3427} INFO - Setting next_dagrun for example_sensors to None, run_after=None
[2025-03-11T05:52:41.348+0000] {processor.py:175} INFO - Processing /home/airflow/.local/lib/python3.7/site-packages/airflow/example_dags/example_sensors.py took 0.283 seconds
[2025-03-11T05:53:11.746+0000] {processor.py:153} INFO - Started process (PID=92) to work on /home/airflow/.local/lib/python3.7/site-packages/airflow/example_dags/example_sensors.py
[2025-03-11T05:53:11.747+0000] {processor.py:743} INFO - Processing file /home/airflow/.local/lib/python3.7/site-packages/airflow/example_dags/example_sensors.py for tasks to queue
[2025-03-11T05:53:11.748+0000] {logging_mixin.py:137} INFO - [2025-03-11T05:53:11.748+0000] {dagbag.py:538} INFO - Filling up the DagBag from /home/airflow/.local/lib/python3.7/site-packages/airflow/example_dags/example_sensors.py
[2025-03-11T05:53:11.769+0000] {processor.py:753} INFO - DAG(s) dict_keys(['example_sensors']) retrieved from /home/airflow/.local/lib/python3.7/site-packages/airflow/example_dags/example_sensors.py
[2025-03-11T05:53:11.789+0000] {logging_mixin.py:137} INFO - [2025-03-11T05:53:11.789+0000] {dag.py:2676} INFO - Sync 1 DAGs
[2025-03-11T05:53:11.810+0000] {logging_mixin.py:137} INFO - [2025-03-11T05:53:11.810+0000] {dag.py:3427} INFO - Setting next_dagrun for example_sensors to None, run_after=None
[2025-03-11T05:53:11.827+0000] {processor.py:175} INFO - Processing /home/airflow/.local/lib/python3.7/site-packages/airflow/example_dags/example_sensors.py took 0.083 seconds
[2025-03-11T05:53:42.445+0000] {processor.py:153} INFO - Started process (PID=131) to work on /home/airflow/.local/lib/python3.7/site-packages/airflow/example_dags/example_sensors.py
[2025-03-11T05:53:42.446+0000] {processor.py:743} INFO - Processing file /home/airflow/.local/lib/python3.7/site-packages/airflow/example_dags/example_sensors.py for tasks to queue
[2025-03-11T05:53:42.447+0000] {logging_mixin.py:137} INFO - [2025-03-11T05:53:42.447+0000] {dagbag.py:538} INFO - Filling up the DagBag from /home/airflow/.local/lib/python3.7/site-packages/airflow/example_dags/example_sensors.py
[2025-03-11T05:53:42.465+0000] {processor.py:753} INFO - DAG(s) dict_keys(['example_sensors']) retrieved from /home/airflow/.local/lib/python3.7/site-packages/airflow/example_dags/example_sensors.py
[2025-03-11T05:53:42.498+0000] {logging_mixin.py:137} INFO - [2025-03-11T05:53:42.498+0000] {dag.py:2676} INFO - Sync 1 DAGs
[2025-03-11T05:53:42.523+0000] {logging_mixin.py:137} INFO - [2025-03-11T05:53:42.523+0000] {dag.py:3427} INFO - Setting next_dagrun for example_sensors to None, run_after=None
[2025-03-11T05:53:42.543+0000] {processor.py:175} INFO - Processing /home/airflow/.local/lib/python3.7/site-packages/airflow/example_dags/example_sensors.py took 0.101 seconds
[2025-03-11T05:54:13.384+0000] {processor.py:153} INFO - Started process (PID=170) to work on /home/airflow/.local/lib/python3.7/site-packages/airflow/example_dags/example_sensors.py
[2025-03-11T05:54:13.385+0000] {processor.py:743} INFO - Processing file /home/airflow/.local/lib/python3.7/site-packages/airflow/example_dags/example_sensors.py for tasks to queue
[2025-03-11T05:54:13.387+0000] {logging_mixin.py:137} INFO - [2025-03-11T05:54:13.387+0000] {dagbag.py:538} INFO - Filling up the DagBag from /home/airflow/.local/lib/python3.7/site-packages/airflow/example_dags/example_sensors.py
[2025-03-11T05:54:13.411+0000] {processor.py:753} INFO - DAG(s) dict_keys(['example_sensors']) retrieved from /home/airflow/.local/lib/python3.7/site-packages/airflow/example_dags/example_sensors.py
[2025-03-11T05:54:13.475+0000] {logging_mixin.py:137} INFO - [2025-03-11T05:54:13.475+0000] {dag.py:2676} INFO - Sync 1 DAGs
[2025-03-11T05:54:13.497+0000] {logging_mixin.py:137} INFO - [2025-03-11T05:54:13.496+0000] {dag.py:3427} INFO - Setting next_dagrun for example_sensors to None, run_after=None
[2025-03-11T05:54:13.516+0000] {processor.py:175} INFO - Processing /home/airflow/.local/lib/python3.7/site-packages/airflow/example_dags/example_sensors.py took 0.134 seconds
[2025-03-11T05:54:43.532+0000] {processor.py:153} INFO - Started process (PID=209) to work on /home/airflow/.local/lib/python3.7/site-packages/airflow/example_dags/example_sensors.py
[2025-03-11T05:54:43.534+0000] {processor.py:743} INFO - Processing file /home/airflow/.local/lib/python3.7/site-packages/airflow/example_dags/example_sensors.py for tasks to queue
[2025-03-11T05:54:43.535+0000] {logging_mixin.py:137} INFO - [2025-03-11T05:54:43.535+0000] {dagbag.py:538} INFO - Filling up the DagBag from /home/airflow/.local/lib/python3.7/site-packages/airflow/example_dags/example_sensors.py
[2025-03-11T05:54:43.562+0000] {processor.py:753} INFO - DAG(s) dict_keys(['example_sensors']) retrieved from /home/airflow/.local/lib/python3.7/site-packages/airflow/example_dags/example_sensors.py
[2025-03-11T05:54:43.596+0000] {logging_mixin.py:137} INFO - [2025-03-11T05:54:43.596+0000] {dag.py:2676} INFO - Sync 1 DAGs
[2025-03-11T05:54:43.615+0000] {logging_mixin.py:137} INFO - [2025-03-11T05:54:43.614+0000] {dag.py:3427} INFO - Setting next_dagrun for example_sensors to None, run_after=None
[2025-03-11T05:54:43.628+0000] {processor.py:175} INFO - Processing /home/airflow/.local/lib/python3.7/site-packages/airflow/example_dags/example_sensors.py took 0.099 seconds
[2025-03-11T05:55:14.041+0000] {processor.py:153} INFO - Started process (PID=248) to work on /home/airflow/.local/lib/python3.7/site-packages/airflow/example_dags/example_sensors.py
[2025-03-11T05:55:14.042+0000] {processor.py:743} INFO - Processing file /home/airflow/.local/lib/python3.7/site-packages/airflow/example_dags/example_sensors.py for tasks to queue
[2025-03-11T05:55:14.042+0000] {logging_mixin.py:137} INFO - [2025-03-11T05:55:14.042+0000] {dagbag.py:538} INFO - Filling up the DagBag from /home/airflow/.local/lib/python3.7/site-packages/airflow/example_dags/example_sensors.py
[2025-03-11T05:55:14.063+0000] {processor.py:753} INFO - DAG(s) dict_keys(['example_sensors']) retrieved from /home/airflow/.local/lib/python3.7/site-packages/airflow/example_dags/example_sensors.py
[2025-03-11T05:55:14.102+0000] {logging_mixin.py:137} INFO - [2025-03-11T05:55:14.102+0000] {dag.py:2676} INFO - Sync 1 DAGs
[2025-03-11T05:55:14.130+0000] {logging_mixin.py:137} INFO - [2025-03-11T05:55:14.130+0000] {dag.py:3427} INFO - Setting next_dagrun for example_sensors to None, run_after=None
[2025-03-11T05:55:14.145+0000] {processor.py:175} INFO - Processing /home/airflow/.local/lib/python3.7/site-packages/airflow/example_dags/example_sensors.py took 0.107 seconds
[2025-03-11T05:55:44.639+0000] {processor.py:153} INFO - Started process (PID=287) to work on /home/airflow/.local/lib/python3.7/site-packages/airflow/example_dags/example_sensors.py
[2025-03-11T05:55:44.640+0000] {processor.py:743} INFO - Processing file /home/airflow/.local/lib/python3.7/site-packages/airflow/example_dags/example_sensors.py for tasks to queue
[2025-03-11T05:55:44.641+0000] {logging_mixin.py:137} INFO - [2025-03-11T05:55:44.641+0000] {dagbag.py:538} INFO - Filling up the DagBag from /home/airflow/.local/lib/python3.7/site-packages/airflow/example_dags/example_sensors.py
[2025-03-11T05:55:44.658+0000] {processor.py:753} INFO - DAG(s) dict_keys(['example_sensors']) retrieved from /home/airflow/.local/lib/python3.7/site-packages/airflow/example_dags/example_sensors.py
[2025-03-11T05:55:44.690+0000] {logging_mixin.py:137} INFO - [2025-03-11T05:55:44.690+0000] {dag.py:2676} INFO - Sync 1 DAGs
[2025-03-11T05:55:44.710+0000] {logging_mixin.py:137} INFO - [2025-03-11T05:55:44.710+0000] {dag.py:3427} INFO - Setting next_dagrun for example_sensors to None, run_after=None
[2025-03-11T05:55:44.725+0000] {processor.py:175} INFO - Processing /home/airflow/.local/lib/python3.7/site-packages/airflow/example_dags/example_sensors.py took 0.087 seconds
[2025-03-11T05:56:15.055+0000] {processor.py:153} INFO - Started process (PID=326) to work on /home/airflow/.local/lib/python3.7/site-packages/airflow/example_dags/example_sensors.py
[2025-03-11T05:56:15.056+0000] {processor.py:743} INFO - Processing file /home/airflow/.local/lib/python3.7/site-packages/airflow/example_dags/example_sensors.py for tasks to queue
[2025-03-11T05:56:15.057+0000] {logging_mixin.py:137} INFO - [2025-03-11T05:56:15.056+0000] {dagbag.py:538} INFO - Filling up the DagBag from /home/airflow/.local/lib/python3.7/site-packages/airflow/example_dags/example_sensors.py
[2025-03-11T05:56:15.075+0000] {processor.py:753} INFO - DAG(s) dict_keys(['example_sensors']) retrieved from /home/airflow/.local/lib/python3.7/site-packages/airflow/example_dags/example_sensors.py
[2025-03-11T05:56:15.107+0000] {logging_mixin.py:137} INFO - [2025-03-11T05:56:15.107+0000] {dag.py:2676} INFO - Sync 1 DAGs
[2025-03-11T05:56:15.129+0000] {logging_mixin.py:137} INFO - [2025-03-11T05:56:15.129+0000] {dag.py:3427} INFO - Setting next_dagrun for example_sensors to None, run_after=None
[2025-03-11T05:56:15.149+0000] {processor.py:175} INFO - Processing /home/airflow/.local/lib/python3.7/site-packages/airflow/example_dags/example_sensors.py took 0.095 seconds
[2025-03-11T05:56:45.340+0000] {processor.py:153} INFO - Started process (PID=365) to work on /home/airflow/.local/lib/python3.7/site-packages/airflow/example_dags/example_sensors.py
[2025-03-11T05:56:45.343+0000] {processor.py:743} INFO - Processing file /home/airflow/.local/lib/python3.7/site-packages/airflow/example_dags/example_sensors.py for tasks to queue
[2025-03-11T05:56:45.343+0000] {logging_mixin.py:137} INFO - [2025-03-11T05:56:45.343+0000] {dagbag.py:538} INFO - Filling up the DagBag from /home/airflow/.local/lib/python3.7/site-packages/airflow/example_dags/example_sensors.py
[2025-03-11T05:56:45.362+0000] {processor.py:753} INFO - DAG(s) dict_keys(['example_sensors']) retrieved from /home/airflow/.local/lib/python3.7/site-packages/airflow/example_dags/example_sensors.py
[2025-03-11T05:56:45.393+0000] {logging_mixin.py:137} INFO - [2025-03-11T05:56:45.393+0000] {dag.py:2676} INFO - Sync 1 DAGs
[2025-03-11T05:56:45.413+0000] {logging_mixin.py:137} INFO - [2025-03-11T05:56:45.413+0000] {dag.py:3427} INFO - Setting next_dagrun for example_sensors to None, run_after=None
[2025-03-11T05:56:45.429+0000] {processor.py:175} INFO - Processing /home/airflow/.local/lib/python3.7/site-packages/airflow/example_dags/example_sensors.py took 0.091 seconds
[2025-03-11T05:57:15.769+0000] {processor.py:153} INFO - Started process (PID=404) to work on /home/airflow/.local/lib/python3.7/site-packages/airflow/example_dags/example_sensors.py
[2025-03-11T05:57:15.770+0000] {processor.py:743} INFO - Processing file /home/airflow/.local/lib/python3.7/site-packages/airflow/example_dags/example_sensors.py for tasks to queue
[2025-03-11T05:57:15.770+0000] {logging_mixin.py:137} INFO - [2025-03-11T05:57:15.770+0000] {dagbag.py:538} INFO - Filling up the DagBag from /home/airflow/.local/lib/python3.7/site-packages/airflow/example_dags/example_sensors.py
[2025-03-11T05:57:15.787+0000] {processor.py:753} INFO - DAG(s) dict_keys(['example_sensors']) retrieved from /home/airflow/.local/lib/python3.7/site-packages/airflow/example_dags/example_sensors.py
[2025-03-11T05:57:15.820+0000] {logging_mixin.py:137} INFO - [2025-03-11T05:57:15.820+0000] {dag.py:2676} INFO - Sync 1 DAGs
[2025-03-11T05:57:15.840+0000] {logging_mixin.py:137} INFO - [2025-03-11T05:57:15.840+0000] {dag.py:3427} INFO - Setting next_dagrun for example_sensors to None, run_after=None
[2025-03-11T05:57:15.855+0000] {processor.py:175} INFO - Processing /home/airflow/.local/lib/python3.7/site-packages/airflow/example_dags/example_sensors.py took 0.089 seconds
[2025-03-11T05:57:46.191+0000] {processor.py:153} INFO - Started process (PID=443) to work on /home/airflow/.local/lib/python3.7/site-packages/airflow/example_dags/example_sensors.py
[2025-03-11T05:57:46.192+0000] {processor.py:743} INFO - Processing file /home/airflow/.local/lib/python3.7/site-packages/airflow/example_dags/example_sensors.py for tasks to queue
[2025-03-11T05:57:46.193+0000] {logging_mixin.py:137} INFO - [2025-03-11T05:57:46.193+0000] {dagbag.py:538} INFO - Filling up the DagBag from /home/airflow/.local/lib/python3.7/site-packages/airflow/example_dags/example_sensors.py
[2025-03-11T05:57:46.210+0000] {processor.py:753} INFO - DAG(s) dict_keys(['example_sensors']) retrieved from /home/airflow/.local/lib/python3.7/site-packages/airflow/example_dags/example_sensors.py
[2025-03-11T05:57:46.243+0000] {logging_mixin.py:137} INFO - [2025-03-11T05:57:46.243+0000] {dag.py:2676} INFO - Sync 1 DAGs
[2025-03-11T05:57:46.264+0000] {logging_mixin.py:137} INFO - [2025-03-11T05:57:46.264+0000] {dag.py:3427} INFO - Setting next_dagrun for example_sensors to None, run_after=None
[2025-03-11T05:57:46.278+0000] {processor.py:175} INFO - Processing /home/airflow/.local/lib/python3.7/site-packages/airflow/example_dags/example_sensors.py took 0.089 seconds
[2025-03-11T05:58:16.786+0000] {processor.py:153} INFO - Started process (PID=482) to work on /home/airflow/.local/lib/python3.7/site-packages/airflow/example_dags/example_sensors.py
[2025-03-11T05:58:16.787+0000] {processor.py:743} INFO - Processing file /home/airflow/.local/lib/python3.7/site-packages/airflow/example_dags/example_sensors.py for tasks to queue
[2025-03-11T05:58:16.788+0000] {logging_mixin.py:137} INFO - [2025-03-11T05:58:16.788+0000] {dagbag.py:538} INFO - Filling up the DagBag from /home/airflow/.local/lib/python3.7/site-packages/airflow/example_dags/example_sensors.py
[2025-03-11T05:58:16.805+0000] {processor.py:753} INFO - DAG(s) dict_keys(['example_sensors']) retrieved from /home/airflow/.local/lib/python3.7/site-packages/airflow/example_dags/example_sensors.py
[2025-03-11T05:58:16.837+0000] {logging_mixin.py:137} INFO - [2025-03-11T05:58:16.837+0000] {dag.py:2676} INFO - Sync 1 DAGs
[2025-03-11T05:58:16.857+0000] {logging_mixin.py:137} INFO - [2025-03-11T05:58:16.857+0000] {dag.py:3427} INFO - Setting next_dagrun for example_sensors to None, run_after=None
[2025-03-11T05:58:16.873+0000] {processor.py:175} INFO - Processing /home/airflow/.local/lib/python3.7/site-packages/airflow/example_dags/example_sensors.py took 0.089 seconds
[2025-03-11T05:58:47.225+0000] {processor.py:153} INFO - Started process (PID=521) to work on /home/airflow/.local/lib/python3.7/site-packages/airflow/example_dags/example_sensors.py
[2025-03-11T05:58:47.226+0000] {processor.py:743} INFO - Processing file /home/airflow/.local/lib/python3.7/site-packages/airflow/example_dags/example_sensors.py for tasks to queue
[2025-03-11T05:58:47.227+0000] {logging_mixin.py:137} INFO - [2025-03-11T05:58:47.227+0000] {dagbag.py:538} INFO - Filling up the DagBag from /home/airflow/.local/lib/python3.7/site-packages/airflow/example_dags/example_sensors.py
[2025-03-11T05:58:47.247+0000] {processor.py:753} INFO - DAG(s) dict_keys(['example_sensors']) retrieved from /home/airflow/.local/lib/python3.7/site-packages/airflow/example_dags/example_sensors.py
[2025-03-11T05:58:47.281+0000] {logging_mixin.py:137} INFO - [2025-03-11T05:58:47.280+0000] {dag.py:2676} INFO - Sync 1 DAGs
[2025-03-11T05:58:47.304+0000] {logging_mixin.py:137} INFO - [2025-03-11T05:58:47.304+0000] {dag.py:3427} INFO - Setting next_dagrun for example_sensors to None, run_after=None
[2025-03-11T05:58:47.320+0000] {processor.py:175} INFO - Processing /home/airflow/.local/lib/python3.7/site-packages/airflow/example_dags/example_sensors.py took 0.097 seconds
[2025-03-11T05:59:17.798+0000] {processor.py:153} INFO - Started process (PID=560) to work on /home/airflow/.local/lib/python3.7/site-packages/airflow/example_dags/example_sensors.py
[2025-03-11T05:59:17.799+0000] {processor.py:743} INFO - Processing file /home/airflow/.local/lib/python3.7/site-packages/airflow/example_dags/example_sensors.py for tasks to queue
[2025-03-11T05:59:17.801+0000] {logging_mixin.py:137} INFO - [2025-03-11T05:59:17.801+0000] {dagbag.py:538} INFO - Filling up the DagBag from /home/airflow/.local/lib/python3.7/site-packages/airflow/example_dags/example_sensors.py
[2025-03-11T05:59:17.819+0000] {processor.py:753} INFO - DAG(s) dict_keys(['example_sensors']) retrieved from /home/airflow/.local/lib/python3.7/site-packages/airflow/example_dags/example_sensors.py
[2025-03-11T05:59:17.854+0000] {logging_mixin.py:137} INFO - [2025-03-11T05:59:17.854+0000] {dag.py:2676} INFO - Sync 1 DAGs
[2025-03-11T05:59:17.875+0000] {logging_mixin.py:137} INFO - [2025-03-11T05:59:17.875+0000] {dag.py:3427} INFO - Setting next_dagrun for example_sensors to None, run_after=None
[2025-03-11T05:59:17.893+0000] {processor.py:175} INFO - Processing /home/airflow/.local/lib/python3.7/site-packages/airflow/example_dags/example_sensors.py took 0.097 seconds
[2025-03-11T05:59:48.376+0000] {processor.py:153} INFO - Started process (PID=599) to work on /home/airflow/.local/lib/python3.7/site-packages/airflow/example_dags/example_sensors.py
[2025-03-11T05:59:48.379+0000] {processor.py:743} INFO - Processing file /home/airflow/.local/lib/python3.7/site-packages/airflow/example_dags/example_sensors.py for tasks to queue
[2025-03-11T05:59:48.379+0000] {logging_mixin.py:137} INFO - [2025-03-11T05:59:48.379+0000] {dagbag.py:538} INFO - Filling up the DagBag from /home/airflow/.local/lib/python3.7/site-packages/airflow/example_dags/example_sensors.py
[2025-03-11T05:59:48.398+0000] {processor.py:753} INFO - DAG(s) dict_keys(['example_sensors']) retrieved from /home/airflow/.local/lib/python3.7/site-packages/airflow/example_dags/example_sensors.py
[2025-03-11T05:59:48.429+0000] {logging_mixin.py:137} INFO - [2025-03-11T05:59:48.428+0000] {dag.py:2676} INFO - Sync 1 DAGs
[2025-03-11T05:59:48.451+0000] {logging_mixin.py:137} INFO - [2025-03-11T05:59:48.451+0000] {dag.py:3427} INFO - Setting next_dagrun for example_sensors to None, run_after=None
[2025-03-11T05:59:48.474+0000] {processor.py:175} INFO - Processing /home/airflow/.local/lib/python3.7/site-packages/airflow/example_dags/example_sensors.py took 0.103 seconds
[2025-03-11T06:00:18.860+0000] {processor.py:153} INFO - Started process (PID=638) to work on /home/airflow/.local/lib/python3.7/site-packages/airflow/example_dags/example_sensors.py
[2025-03-11T06:00:18.861+0000] {processor.py:743} INFO - Processing file /home/airflow/.local/lib/python3.7/site-packages/airflow/example_dags/example_sensors.py for tasks to queue
[2025-03-11T06:00:18.864+0000] {logging_mixin.py:137} INFO - [2025-03-11T06:00:18.862+0000] {dagbag.py:538} INFO - Filling up the DagBag from /home/airflow/.local/lib/python3.7/site-packages/airflow/example_dags/example_sensors.py
[2025-03-11T06:00:18.882+0000] {processor.py:753} INFO - DAG(s) dict_keys(['example_sensors']) retrieved from /home/airflow/.local/lib/python3.7/site-packages/airflow/example_dags/example_sensors.py
[2025-03-11T06:00:18.918+0000] {logging_mixin.py:137} INFO - [2025-03-11T06:00:18.918+0000] {dag.py:2676} INFO - Sync 1 DAGs
[2025-03-11T06:00:18.944+0000] {logging_mixin.py:137} INFO - [2025-03-11T06:00:18.944+0000] {dag.py:3427} INFO - Setting next_dagrun for example_sensors to None, run_after=None
[2025-03-11T06:00:18.967+0000] {processor.py:175} INFO - Processing /home/airflow/.local/lib/python3.7/site-packages/airflow/example_dags/example_sensors.py took 0.109 seconds
[2025-03-11T06:00:49.500+0000] {processor.py:153} INFO - Started process (PID=677) to work on /home/airflow/.local/lib/python3.7/site-packages/airflow/example_dags/example_sensors.py
[2025-03-11T06:00:49.502+0000] {processor.py:743} INFO - Processing file /home/airflow/.local/lib/python3.7/site-packages/airflow/example_dags/example_sensors.py for tasks to queue
[2025-03-11T06:00:49.503+0000] {logging_mixin.py:137} INFO - [2025-03-11T06:00:49.503+0000] {dagbag.py:538} INFO - Filling up the DagBag from /home/airflow/.local/lib/python3.7/site-packages/airflow/example_dags/example_sensors.py
[2025-03-11T06:00:49.522+0000] {processor.py:753} INFO - DAG(s) dict_keys(['example_sensors']) retrieved from /home/airflow/.local/lib/python3.7/site-packages/airflow/example_dags/example_sensors.py
[2025-03-11T06:00:49.560+0000] {logging_mixin.py:137} INFO - [2025-03-11T06:00:49.560+0000] {dag.py:2676} INFO - Sync 1 DAGs
[2025-03-11T06:00:49.584+0000] {logging_mixin.py:137} INFO - [2025-03-11T06:00:49.584+0000] {dag.py:3427} INFO - Setting next_dagrun for example_sensors to None, run_after=None
[2025-03-11T06:00:49.601+0000] {processor.py:175} INFO - Processing /home/airflow/.local/lib/python3.7/site-packages/airflow/example_dags/example_sensors.py took 0.103 seconds
[2025-03-11T06:01:20.073+0000] {processor.py:153} INFO - Started process (PID=716) to work on /home/airflow/.local/lib/python3.7/site-packages/airflow/example_dags/example_sensors.py
[2025-03-11T06:01:20.075+0000] {processor.py:743} INFO - Processing file /home/airflow/.local/lib/python3.7/site-packages/airflow/example_dags/example_sensors.py for tasks to queue
[2025-03-11T06:01:20.077+0000] {logging_mixin.py:137} INFO - [2025-03-11T06:01:20.076+0000] {dagbag.py:538} INFO - Filling up the DagBag from /home/airflow/.local/lib/python3.7/site-packages/airflow/example_dags/example_sensors.py
[2025-03-11T06:01:20.093+0000] {processor.py:753} INFO - DAG(s) dict_keys(['example_sensors']) retrieved from /home/airflow/.local/lib/python3.7/site-packages/airflow/example_dags/example_sensors.py
[2025-03-11T06:01:20.128+0000] {logging_mixin.py:137} INFO - [2025-03-11T06:01:20.127+0000] {dag.py:2676} INFO - Sync 1 DAGs
[2025-03-11T06:01:20.148+0000] {logging_mixin.py:137} INFO - [2025-03-11T06:01:20.148+0000] {dag.py:3427} INFO - Setting next_dagrun for example_sensors to None, run_after=None
[2025-03-11T06:01:20.164+0000] {processor.py:175} INFO - Processing /home/airflow/.local/lib/python3.7/site-packages/airflow/example_dags/example_sensors.py took 0.093 seconds
[2025-03-11T06:01:50.384+0000] {processor.py:153} INFO - Started process (PID=755) to work on /home/airflow/.local/lib/python3.7/site-packages/airflow/example_dags/example_sensors.py
[2025-03-11T06:01:50.385+0000] {processor.py:743} INFO - Processing file /home/airflow/.local/lib/python3.7/site-packages/airflow/example_dags/example_sensors.py for tasks to queue
[2025-03-11T06:01:50.386+0000] {logging_mixin.py:137} INFO - [2025-03-11T06:01:50.386+0000] {dagbag.py:538} INFO - Filling up the DagBag from /home/airflow/.local/lib/python3.7/site-packages/airflow/example_dags/example_sensors.py
[2025-03-11T06:01:50.402+0000] {processor.py:753} INFO - DAG(s) dict_keys(['example_sensors']) retrieved from /home/airflow/.local/lib/python3.7/site-packages/airflow/example_dags/example_sensors.py
[2025-03-11T06:01:50.434+0000] {logging_mixin.py:137} INFO - [2025-03-11T06:01:50.434+0000] {dag.py:2676} INFO - Sync 1 DAGs
[2025-03-11T06:01:50.453+0000] {logging_mixin.py:137} INFO - [2025-03-11T06:01:50.452+0000] {dag.py:3427} INFO - Setting next_dagrun for example_sensors to None, run_after=None
[2025-03-11T06:01:50.467+0000] {processor.py:175} INFO - Processing /home/airflow/.local/lib/python3.7/site-packages/airflow/example_dags/example_sensors.py took 0.085 seconds
[2025-03-11T06:02:21.197+0000] {processor.py:153} INFO - Started process (PID=794) to work on /home/airflow/.local/lib/python3.7/site-packages/airflow/example_dags/example_sensors.py
[2025-03-11T06:02:21.198+0000] {processor.py:743} INFO - Processing file /home/airflow/.local/lib/python3.7/site-packages/airflow/example_dags/example_sensors.py for tasks to queue
[2025-03-11T06:02:21.199+0000] {logging_mixin.py:137} INFO - [2025-03-11T06:02:21.199+0000] {dagbag.py:538} INFO - Filling up the DagBag from /home/airflow/.local/lib/python3.7/site-packages/airflow/example_dags/example_sensors.py
[2025-03-11T06:02:21.228+0000] {processor.py:753} INFO - DAG(s) dict_keys(['example_sensors']) retrieved from /home/airflow/.local/lib/python3.7/site-packages/airflow/example_dags/example_sensors.py
[2025-03-11T06:02:21.280+0000] {logging_mixin.py:137} INFO - [2025-03-11T06:02:21.280+0000] {dag.py:2676} INFO - Sync 1 DAGs
[2025-03-11T06:02:21.310+0000] {logging_mixin.py:137} INFO - [2025-03-11T06:02:21.309+0000] {dag.py:3427} INFO - Setting next_dagrun for example_sensors to None, run_after=None
[2025-03-11T06:02:21.331+0000] {processor.py:175} INFO - Processing /home/airflow/.local/lib/python3.7/site-packages/airflow/example_dags/example_sensors.py took 0.137 seconds
[2025-03-11T06:02:51.841+0000] {processor.py:153} INFO - Started process (PID=833) to work on /home/airflow/.local/lib/python3.7/site-packages/airflow/example_dags/example_sensors.py
[2025-03-11T06:02:51.842+0000] {processor.py:743} INFO - Processing file /home/airflow/.local/lib/python3.7/site-packages/airflow/example_dags/example_sensors.py for tasks to queue
[2025-03-11T06:02:51.843+0000] {logging_mixin.py:137} INFO - [2025-03-11T06:02:51.843+0000] {dagbag.py:538} INFO - Filling up the DagBag from /home/airflow/.local/lib/python3.7/site-packages/airflow/example_dags/example_sensors.py
[2025-03-11T06:02:51.864+0000] {processor.py:753} INFO - DAG(s) dict_keys(['example_sensors']) retrieved from /home/airflow/.local/lib/python3.7/site-packages/airflow/example_dags/example_sensors.py
[2025-03-11T06:02:51.900+0000] {logging_mixin.py:137} INFO - [2025-03-11T06:02:51.900+0000] {dag.py:2676} INFO - Sync 1 DAGs
[2025-03-11T06:02:51.922+0000] {logging_mixin.py:137} INFO - [2025-03-11T06:02:51.921+0000] {dag.py:3427} INFO - Setting next_dagrun for example_sensors to None, run_after=None
[2025-03-11T06:02:51.938+0000] {processor.py:175} INFO - Processing /home/airflow/.local/lib/python3.7/site-packages/airflow/example_dags/example_sensors.py took 0.100 seconds
[2025-03-11T06:03:22.242+0000] {processor.py:153} INFO - Started process (PID=872) to work on /home/airflow/.local/lib/python3.7/site-packages/airflow/example_dags/example_sensors.py
[2025-03-11T06:03:22.243+0000] {processor.py:743} INFO - Processing file /home/airflow/.local/lib/python3.7/site-packages/airflow/example_dags/example_sensors.py for tasks to queue
[2025-03-11T06:03:22.244+0000] {logging_mixin.py:137} INFO - [2025-03-11T06:03:22.243+0000] {dagbag.py:538} INFO - Filling up the DagBag from /home/airflow/.local/lib/python3.7/site-packages/airflow/example_dags/example_sensors.py
[2025-03-11T06:03:22.261+0000] {processor.py:753} INFO - DAG(s) dict_keys(['example_sensors']) retrieved from /home/airflow/.local/lib/python3.7/site-packages/airflow/example_dags/example_sensors.py
[2025-03-11T06:03:22.295+0000] {logging_mixin.py:137} INFO - [2025-03-11T06:03:22.295+0000] {dag.py:2676} INFO - Sync 1 DAGs
[2025-03-11T06:03:22.317+0000] {logging_mixin.py:137} INFO - [2025-03-11T06:03:22.317+0000] {dag.py:3427} INFO - Setting next_dagrun for example_sensors to None, run_after=None
[2025-03-11T06:03:22.331+0000] {processor.py:175} INFO - Processing /home/airflow/.local/lib/python3.7/site-packages/airflow/example_dags/example_sensors.py took 0.092 seconds
[2025-03-11T06:03:52.675+0000] {processor.py:153} INFO - Started process (PID=911) to work on /home/airflow/.local/lib/python3.7/site-packages/airflow/example_dags/example_sensors.py
[2025-03-11T06:03:52.676+0000] {processor.py:743} INFO - Processing file /home/airflow/.local/lib/python3.7/site-packages/airflow/example_dags/example_sensors.py for tasks to queue
[2025-03-11T06:03:52.676+0000] {logging_mixin.py:137} INFO - [2025-03-11T06:03:52.676+0000] {dagbag.py:538} INFO - Filling up the DagBag from /home/airflow/.local/lib/python3.7/site-packages/airflow/example_dags/example_sensors.py
[2025-03-11T06:03:52.696+0000] {processor.py:753} INFO - DAG(s) dict_keys(['example_sensors']) retrieved from /home/airflow/.local/lib/python3.7/site-packages/airflow/example_dags/example_sensors.py
[2025-03-11T06:03:52.733+0000] {logging_mixin.py:137} INFO - [2025-03-11T06:03:52.733+0000] {dag.py:2676} INFO - Sync 1 DAGs
[2025-03-11T06:03:52.754+0000] {logging_mixin.py:137} INFO - [2025-03-11T06:03:52.754+0000] {dag.py:3427} INFO - Setting next_dagrun for example_sensors to None, run_after=None
[2025-03-11T06:03:52.774+0000] {processor.py:175} INFO - Processing /home/airflow/.local/lib/python3.7/site-packages/airflow/example_dags/example_sensors.py took 0.101 seconds
[2025-03-11T06:04:23.154+0000] {processor.py:153} INFO - Started process (PID=950) to work on /home/airflow/.local/lib/python3.7/site-packages/airflow/example_dags/example_sensors.py
[2025-03-11T06:04:23.155+0000] {processor.py:743} INFO - Processing file /home/airflow/.local/lib/python3.7/site-packages/airflow/example_dags/example_sensors.py for tasks to queue
[2025-03-11T06:04:23.156+0000] {logging_mixin.py:137} INFO - [2025-03-11T06:04:23.156+0000] {dagbag.py:538} INFO - Filling up the DagBag from /home/airflow/.local/lib/python3.7/site-packages/airflow/example_dags/example_sensors.py
[2025-03-11T06:04:23.176+0000] {processor.py:753} INFO - DAG(s) dict_keys(['example_sensors']) retrieved from /home/airflow/.local/lib/python3.7/site-packages/airflow/example_dags/example_sensors.py
[2025-03-11T06:04:23.214+0000] {logging_mixin.py:137} INFO - [2025-03-11T06:04:23.214+0000] {dag.py:2676} INFO - Sync 1 DAGs
[2025-03-11T06:04:23.240+0000] {logging_mixin.py:137} INFO - [2025-03-11T06:04:23.240+0000] {dag.py:3427} INFO - Setting next_dagrun for example_sensors to None, run_after=None
[2025-03-11T06:04:23.256+0000] {processor.py:175} INFO - Processing /home/airflow/.local/lib/python3.7/site-packages/airflow/example_dags/example_sensors.py took 0.104 seconds
[2025-03-11T06:04:53.531+0000] {processor.py:153} INFO - Started process (PID=989) to work on /home/airflow/.local/lib/python3.7/site-packages/airflow/example_dags/example_sensors.py
[2025-03-11T06:04:53.532+0000] {processor.py:743} INFO - Processing file /home/airflow/.local/lib/python3.7/site-packages/airflow/example_dags/example_sensors.py for tasks to queue
[2025-03-11T06:04:53.533+0000] {logging_mixin.py:137} INFO - [2025-03-11T06:04:53.533+0000] {dagbag.py:538} INFO - Filling up the DagBag from /home/airflow/.local/lib/python3.7/site-packages/airflow/example_dags/example_sensors.py
[2025-03-11T06:04:53.551+0000] {processor.py:753} INFO - DAG(s) dict_keys(['example_sensors']) retrieved from /home/airflow/.local/lib/python3.7/site-packages/airflow/example_dags/example_sensors.py
[2025-03-11T06:04:53.584+0000] {logging_mixin.py:137} INFO - [2025-03-11T06:04:53.584+0000] {dag.py:2676} INFO - Sync 1 DAGs
[2025-03-11T06:04:53.607+0000] {logging_mixin.py:137} INFO - [2025-03-11T06:04:53.607+0000] {dag.py:3427} INFO - Setting next_dagrun for example_sensors to None, run_after=None
[2025-03-11T06:04:53.623+0000] {processor.py:175} INFO - Processing /home/airflow/.local/lib/python3.7/site-packages/airflow/example_dags/example_sensors.py took 0.094 seconds
[2025-03-11T06:05:23.939+0000] {processor.py:153} INFO - Started process (PID=1028) to work on /home/airflow/.local/lib/python3.7/site-packages/airflow/example_dags/example_sensors.py
[2025-03-11T06:05:23.940+0000] {processor.py:743} INFO - Processing file /home/airflow/.local/lib/python3.7/site-packages/airflow/example_dags/example_sensors.py for tasks to queue
[2025-03-11T06:05:23.941+0000] {logging_mixin.py:137} INFO - [2025-03-11T06:05:23.941+0000] {dagbag.py:538} INFO - Filling up the DagBag from /home/airflow/.local/lib/python3.7/site-packages/airflow/example_dags/example_sensors.py
[2025-03-11T06:05:23.959+0000] {processor.py:753} INFO - DAG(s) dict_keys(['example_sensors']) retrieved from /home/airflow/.local/lib/python3.7/site-packages/airflow/example_dags/example_sensors.py
[2025-03-11T06:05:23.995+0000] {logging_mixin.py:137} INFO - [2025-03-11T06:05:23.994+0000] {dag.py:2676} INFO - Sync 1 DAGs
[2025-03-11T06:05:24.016+0000] {logging_mixin.py:137} INFO - [2025-03-11T06:05:24.014+0000] {dag.py:3427} INFO - Setting next_dagrun for example_sensors to None, run_after=None
[2025-03-11T06:05:24.033+0000] {processor.py:175} INFO - Processing /home/airflow/.local/lib/python3.7/site-packages/airflow/example_dags/example_sensors.py took 0.096 seconds
[2025-03-11T06:05:54.415+0000] {processor.py:153} INFO - Started process (PID=1067) to work on /home/airflow/.local/lib/python3.7/site-packages/airflow/example_dags/example_sensors.py
[2025-03-11T06:05:54.415+0000] {processor.py:743} INFO - Processing file /home/airflow/.local/lib/python3.7/site-packages/airflow/example_dags/example_sensors.py for tasks to queue
[2025-03-11T06:05:54.418+0000] {logging_mixin.py:137} INFO - [2025-03-11T06:05:54.417+0000] {dagbag.py:538} INFO - Filling up the DagBag from /home/airflow/.local/lib/python3.7/site-packages/airflow/example_dags/example_sensors.py
[2025-03-11T06:05:54.437+0000] {processor.py:753} INFO - DAG(s) dict_keys(['example_sensors']) retrieved from /home/airflow/.local/lib/python3.7/site-packages/airflow/example_dags/example_sensors.py
[2025-03-11T06:05:54.469+0000] {logging_mixin.py:137} INFO - [2025-03-11T06:05:54.469+0000] {dag.py:2676} INFO - Sync 1 DAGs
[2025-03-11T06:05:54.490+0000] {logging_mixin.py:137} INFO - [2025-03-11T06:05:54.490+0000] {dag.py:3427} INFO - Setting next_dagrun for example_sensors to None, run_after=None
[2025-03-11T06:05:54.510+0000] {processor.py:175} INFO - Processing /home/airflow/.local/lib/python3.7/site-packages/airflow/example_dags/example_sensors.py took 0.098 seconds
[2025-03-11T06:06:24.897+0000] {processor.py:153} INFO - Started process (PID=1106) to work on /home/airflow/.local/lib/python3.7/site-packages/airflow/example_dags/example_sensors.py
[2025-03-11T06:06:24.898+0000] {processor.py:743} INFO - Processing file /home/airflow/.local/lib/python3.7/site-packages/airflow/example_dags/example_sensors.py for tasks to queue
[2025-03-11T06:06:24.899+0000] {logging_mixin.py:137} INFO - [2025-03-11T06:06:24.899+0000] {dagbag.py:538} INFO - Filling up the DagBag from /home/airflow/.local/lib/python3.7/site-packages/airflow/example_dags/example_sensors.py
[2025-03-11T06:06:24.920+0000] {processor.py:753} INFO - DAG(s) dict_keys(['example_sensors']) retrieved from /home/airflow/.local/lib/python3.7/site-packages/airflow/example_dags/example_sensors.py
[2025-03-11T06:06:24.954+0000] {logging_mixin.py:137} INFO - [2025-03-11T06:06:24.954+0000] {dag.py:2676} INFO - Sync 1 DAGs
[2025-03-11T06:06:24.978+0000] {logging_mixin.py:137} INFO - [2025-03-11T06:06:24.977+0000] {dag.py:3427} INFO - Setting next_dagrun for example_sensors to None, run_after=None
[2025-03-11T06:06:25.003+0000] {processor.py:175} INFO - Processing /home/airflow/.local/lib/python3.7/site-packages/airflow/example_dags/example_sensors.py took 0.108 seconds
[2025-03-11T06:06:55.256+0000] {processor.py:153} INFO - Started process (PID=1145) to work on /home/airflow/.local/lib/python3.7/site-packages/airflow/example_dags/example_sensors.py
[2025-03-11T06:06:55.257+0000] {processor.py:743} INFO - Processing file /home/airflow/.local/lib/python3.7/site-packages/airflow/example_dags/example_sensors.py for tasks to queue
[2025-03-11T06:06:55.259+0000] {logging_mixin.py:137} INFO - [2025-03-11T06:06:55.258+0000] {dagbag.py:538} INFO - Filling up the DagBag from /home/airflow/.local/lib/python3.7/site-packages/airflow/example_dags/example_sensors.py
[2025-03-11T06:06:55.276+0000] {processor.py:753} INFO - DAG(s) dict_keys(['example_sensors']) retrieved from /home/airflow/.local/lib/python3.7/site-packages/airflow/example_dags/example_sensors.py
[2025-03-11T06:06:55.312+0000] {logging_mixin.py:137} INFO - [2025-03-11T06:06:55.312+0000] {dag.py:2676} INFO - Sync 1 DAGs
[2025-03-11T06:06:55.333+0000] {logging_mixin.py:137} INFO - [2025-03-11T06:06:55.333+0000] {dag.py:3427} INFO - Setting next_dagrun for example_sensors to None, run_after=None
[2025-03-11T06:06:55.353+0000] {processor.py:175} INFO - Processing /home/airflow/.local/lib/python3.7/site-packages/airflow/example_dags/example_sensors.py took 0.100 seconds
[2025-03-11T06:07:25.673+0000] {processor.py:153} INFO - Started process (PID=1184) to work on /home/airflow/.local/lib/python3.7/site-packages/airflow/example_dags/example_sensors.py
[2025-03-11T06:07:25.675+0000] {processor.py:743} INFO - Processing file /home/airflow/.local/lib/python3.7/site-packages/airflow/example_dags/example_sensors.py for tasks to queue
[2025-03-11T06:07:25.675+0000] {logging_mixin.py:137} INFO - [2025-03-11T06:07:25.675+0000] {dagbag.py:538} INFO - Filling up the DagBag from /home/airflow/.local/lib/python3.7/site-packages/airflow/example_dags/example_sensors.py
[2025-03-11T06:07:25.692+0000] {processor.py:753} INFO - DAG(s) dict_keys(['example_sensors']) retrieved from /home/airflow/.local/lib/python3.7/site-packages/airflow/example_dags/example_sensors.py
[2025-03-11T06:07:25.727+0000] {logging_mixin.py:137} INFO - [2025-03-11T06:07:25.727+0000] {dag.py:2676} INFO - Sync 1 DAGs
[2025-03-11T06:07:25.748+0000] {logging_mixin.py:137} INFO - [2025-03-11T06:07:25.748+0000] {dag.py:3427} INFO - Setting next_dagrun for example_sensors to None, run_after=None
[2025-03-11T06:07:25.767+0000] {processor.py:175} INFO - Processing /home/airflow/.local/lib/python3.7/site-packages/airflow/example_dags/example_sensors.py took 0.097 seconds
[2025-03-11T06:07:56.181+0000] {processor.py:153} INFO - Started process (PID=1223) to work on /home/airflow/.local/lib/python3.7/site-packages/airflow/example_dags/example_sensors.py
[2025-03-11T06:07:56.183+0000] {processor.py:743} INFO - Processing file /home/airflow/.local/lib/python3.7/site-packages/airflow/example_dags/example_sensors.py for tasks to queue
[2025-03-11T06:07:56.184+0000] {logging_mixin.py:137} INFO - [2025-03-11T06:07:56.184+0000] {dagbag.py:538} INFO - Filling up the DagBag from /home/airflow/.local/lib/python3.7/site-packages/airflow/example_dags/example_sensors.py
[2025-03-11T06:07:56.203+0000] {processor.py:753} INFO - DAG(s) dict_keys(['example_sensors']) retrieved from /home/airflow/.local/lib/python3.7/site-packages/airflow/example_dags/example_sensors.py
[2025-03-11T06:07:56.235+0000] {logging_mixin.py:137} INFO - [2025-03-11T06:07:56.235+0000] {dag.py:2676} INFO - Sync 1 DAGs
[2025-03-11T06:07:56.256+0000] {logging_mixin.py:137} INFO - [2025-03-11T06:07:56.256+0000] {dag.py:3427} INFO - Setting next_dagrun for example_sensors to None, run_after=None
[2025-03-11T06:07:56.273+0000] {processor.py:175} INFO - Processing /home/airflow/.local/lib/python3.7/site-packages/airflow/example_dags/example_sensors.py took 0.094 seconds
[2025-03-11T06:08:26.694+0000] {processor.py:153} INFO - Started process (PID=1262) to work on /home/airflow/.local/lib/python3.7/site-packages/airflow/example_dags/example_sensors.py
[2025-03-11T06:08:26.696+0000] {processor.py:743} INFO - Processing file /home/airflow/.local/lib/python3.7/site-packages/airflow/example_dags/example_sensors.py for tasks to queue
[2025-03-11T06:08:26.696+0000] {logging_mixin.py:137} INFO - [2025-03-11T06:08:26.696+0000] {dagbag.py:538} INFO - Filling up the DagBag from /home/airflow/.local/lib/python3.7/site-packages/airflow/example_dags/example_sensors.py
[2025-03-11T06:08:26.714+0000] {processor.py:753} INFO - DAG(s) dict_keys(['example_sensors']) retrieved from /home/airflow/.local/lib/python3.7/site-packages/airflow/example_dags/example_sensors.py
[2025-03-11T06:08:26.748+0000] {logging_mixin.py:137} INFO - [2025-03-11T06:08:26.748+0000] {dag.py:2676} INFO - Sync 1 DAGs
[2025-03-11T06:08:26.769+0000] {logging_mixin.py:137} INFO - [2025-03-11T06:08:26.769+0000] {dag.py:3427} INFO - Setting next_dagrun for example_sensors to None, run_after=None
[2025-03-11T06:08:26.784+0000] {processor.py:175} INFO - Processing /home/airflow/.local/lib/python3.7/site-packages/airflow/example_dags/example_sensors.py took 0.093 seconds
[2025-03-11T06:08:57.321+0000] {processor.py:153} INFO - Started process (PID=1301) to work on /home/airflow/.local/lib/python3.7/site-packages/airflow/example_dags/example_sensors.py
[2025-03-11T06:08:57.322+0000] {processor.py:743} INFO - Processing file /home/airflow/.local/lib/python3.7/site-packages/airflow/example_dags/example_sensors.py for tasks to queue
[2025-03-11T06:08:57.323+0000] {logging_mixin.py:137} INFO - [2025-03-11T06:08:57.323+0000] {dagbag.py:538} INFO - Filling up the DagBag from /home/airflow/.local/lib/python3.7/site-packages/airflow/example_dags/example_sensors.py
[2025-03-11T06:08:57.342+0000] {processor.py:753} INFO - DAG(s) dict_keys(['example_sensors']) retrieved from /home/airflow/.local/lib/python3.7/site-packages/airflow/example_dags/example_sensors.py
[2025-03-11T06:08:57.374+0000] {logging_mixin.py:137} INFO - [2025-03-11T06:08:57.374+0000] {dag.py:2676} INFO - Sync 1 DAGs
[2025-03-11T06:08:57.393+0000] {logging_mixin.py:137} INFO - [2025-03-11T06:08:57.393+0000] {dag.py:3427} INFO - Setting next_dagrun for example_sensors to None, run_after=None
[2025-03-11T06:08:57.407+0000] {processor.py:175} INFO - Processing /home/airflow/.local/lib/python3.7/site-packages/airflow/example_dags/example_sensors.py took 0.089 seconds
[2025-03-11T06:09:27.750+0000] {processor.py:153} INFO - Started process (PID=1340) to work on /home/airflow/.local/lib/python3.7/site-packages/airflow/example_dags/example_sensors.py
[2025-03-11T06:09:27.752+0000] {processor.py:743} INFO - Processing file /home/airflow/.local/lib/python3.7/site-packages/airflow/example_dags/example_sensors.py for tasks to queue
[2025-03-11T06:09:27.752+0000] {logging_mixin.py:137} INFO - [2025-03-11T06:09:27.752+0000] {dagbag.py:538} INFO - Filling up the DagBag from /home/airflow/.local/lib/python3.7/site-packages/airflow/example_dags/example_sensors.py
[2025-03-11T06:09:27.770+0000] {processor.py:753} INFO - DAG(s) dict_keys(['example_sensors']) retrieved from /home/airflow/.local/lib/python3.7/site-packages/airflow/example_dags/example_sensors.py
[2025-03-11T06:09:27.802+0000] {logging_mixin.py:137} INFO - [2025-03-11T06:09:27.802+0000] {dag.py:2676} INFO - Sync 1 DAGs
[2025-03-11T06:09:27.823+0000] {logging_mixin.py:137} INFO - [2025-03-11T06:09:27.822+0000] {dag.py:3427} INFO - Setting next_dagrun for example_sensors to None, run_after=None
[2025-03-11T06:09:27.839+0000] {processor.py:175} INFO - Processing /home/airflow/.local/lib/python3.7/site-packages/airflow/example_dags/example_sensors.py took 0.092 seconds
[2025-03-11T06:09:58.271+0000] {processor.py:153} INFO - Started process (PID=1379) to work on /home/airflow/.local/lib/python3.7/site-packages/airflow/example_dags/example_sensors.py
[2025-03-11T06:09:58.272+0000] {processor.py:743} INFO - Processing file /home/airflow/.local/lib/python3.7/site-packages/airflow/example_dags/example_sensors.py for tasks to queue
[2025-03-11T06:09:58.273+0000] {logging_mixin.py:137} INFO - [2025-03-11T06:09:58.273+0000] {dagbag.py:538} INFO - Filling up the DagBag from /home/airflow/.local/lib/python3.7/site-packages/airflow/example_dags/example_sensors.py
[2025-03-11T06:09:58.292+0000] {processor.py:753} INFO - DAG(s) dict_keys(['example_sensors']) retrieved from /home/airflow/.local/lib/python3.7/site-packages/airflow/example_dags/example_sensors.py
[2025-03-11T06:09:58.330+0000] {logging_mixin.py:137} INFO - [2025-03-11T06:09:58.330+0000] {dag.py:2676} INFO - Sync 1 DAGs
[2025-03-11T06:09:58.350+0000] {logging_mixin.py:137} INFO - [2025-03-11T06:09:58.350+0000] {dag.py:3427} INFO - Setting next_dagrun for example_sensors to None, run_after=None
[2025-03-11T06:09:58.369+0000] {processor.py:175} INFO - Processing /home/airflow/.local/lib/python3.7/site-packages/airflow/example_dags/example_sensors.py took 0.100 seconds
