[2025-03-11T05:52:41.411+0000] {processor.py:153} INFO - Started process (PID=55) to work on /home/airflow/.local/lib/python3.7/site-packages/airflow/example_dags/example_short_circuit_decorator.py
[2025-03-11T05:52:41.414+0000] {processor.py:743} INFO - Processing file /home/airflow/.local/lib/python3.7/site-packages/airflow/example_dags/example_short_circuit_decorator.py for tasks to queue
[2025-03-11T05:52:41.418+0000] {logging_mixin.py:137} INFO - [2025-03-11T05:52:41.418+0000] {dagbag.py:538} INFO - Filling up the DagBag from /home/airflow/.local/lib/python3.7/site-packages/airflow/example_dags/example_short_circuit_decorator.py
[2025-03-11T05:52:41.494+0000] {processor.py:753} INFO - DAG(s) dict_keys(['example_short_circuit_decorator']) retrieved from /home/airflow/.local/lib/python3.7/site-packages/airflow/example_dags/example_short_circuit_decorator.py
[2025-03-11T05:52:41.573+0000] {logging_mixin.py:137} INFO - [2025-03-11T05:52:41.572+0000] {dag.py:2676} INFO - Sync 1 DAGs
[2025-03-11T05:52:41.658+0000] {logging_mixin.py:137} INFO - [2025-03-11T05:52:41.656+0000] {dag.py:3427} INFO - Setting next_dagrun for example_short_circuit_decorator to 2025-03-10T05:52:41.654839+00:00, run_after=2025-03-11T05:52:41.654839+00:00
[2025-03-11T05:52:41.727+0000] {processor.py:175} INFO - Processing /home/airflow/.local/lib/python3.7/site-packages/airflow/example_dags/example_short_circuit_decorator.py took 0.327 seconds
[2025-03-11T05:53:11.843+0000] {processor.py:153} INFO - Started process (PID=94) to work on /home/airflow/.local/lib/python3.7/site-packages/airflow/example_dags/example_short_circuit_decorator.py
[2025-03-11T05:53:11.844+0000] {processor.py:743} INFO - Processing file /home/airflow/.local/lib/python3.7/site-packages/airflow/example_dags/example_short_circuit_decorator.py for tasks to queue
[2025-03-11T05:53:11.845+0000] {logging_mixin.py:137} INFO - [2025-03-11T05:53:11.845+0000] {dagbag.py:538} INFO - Filling up the DagBag from /home/airflow/.local/lib/python3.7/site-packages/airflow/example_dags/example_short_circuit_decorator.py
[2025-03-11T05:53:11.868+0000] {processor.py:753} INFO - DAG(s) dict_keys(['example_short_circuit_decorator']) retrieved from /home/airflow/.local/lib/python3.7/site-packages/airflow/example_dags/example_short_circuit_decorator.py
[2025-03-11T05:53:11.890+0000] {logging_mixin.py:137} INFO - [2025-03-11T05:53:11.890+0000] {dag.py:2676} INFO - Sync 1 DAGs
[2025-03-11T05:53:11.912+0000] {logging_mixin.py:137} INFO - [2025-03-11T05:53:11.912+0000] {dag.py:3427} INFO - Setting next_dagrun for example_short_circuit_decorator to 2025-03-10T05:53:11.912165+00:00, run_after=2025-03-11T05:53:11.912165+00:00
[2025-03-11T05:53:11.929+0000] {processor.py:175} INFO - Processing /home/airflow/.local/lib/python3.7/site-packages/airflow/example_dags/example_short_circuit_decorator.py took 0.089 seconds
[2025-03-11T05:53:42.557+0000] {processor.py:153} INFO - Started process (PID=133) to work on /home/airflow/.local/lib/python3.7/site-packages/airflow/example_dags/example_short_circuit_decorator.py
[2025-03-11T05:53:42.558+0000] {processor.py:743} INFO - Processing file /home/airflow/.local/lib/python3.7/site-packages/airflow/example_dags/example_short_circuit_decorator.py for tasks to queue
[2025-03-11T05:53:42.559+0000] {logging_mixin.py:137} INFO - [2025-03-11T05:53:42.558+0000] {dagbag.py:538} INFO - Filling up the DagBag from /home/airflow/.local/lib/python3.7/site-packages/airflow/example_dags/example_short_circuit_decorator.py
[2025-03-11T05:53:42.586+0000] {processor.py:753} INFO - DAG(s) dict_keys(['example_short_circuit_decorator']) retrieved from /home/airflow/.local/lib/python3.7/site-packages/airflow/example_dags/example_short_circuit_decorator.py
[2025-03-11T05:53:42.618+0000] {logging_mixin.py:137} INFO - [2025-03-11T05:53:42.618+0000] {dag.py:2676} INFO - Sync 1 DAGs
[2025-03-11T05:53:42.639+0000] {logging_mixin.py:137} INFO - [2025-03-11T05:53:42.639+0000] {dag.py:3427} INFO - Setting next_dagrun for example_short_circuit_decorator to 2025-03-10T05:53:42.638545+00:00, run_after=2025-03-11T05:53:42.638545+00:00
[2025-03-11T05:53:42.659+0000] {processor.py:175} INFO - Processing /home/airflow/.local/lib/python3.7/site-packages/airflow/example_dags/example_short_circuit_decorator.py took 0.104 seconds
[2025-03-11T05:54:13.534+0000] {processor.py:153} INFO - Started process (PID=172) to work on /home/airflow/.local/lib/python3.7/site-packages/airflow/example_dags/example_short_circuit_decorator.py
[2025-03-11T05:54:13.537+0000] {processor.py:743} INFO - Processing file /home/airflow/.local/lib/python3.7/site-packages/airflow/example_dags/example_short_circuit_decorator.py for tasks to queue
[2025-03-11T05:54:13.540+0000] {logging_mixin.py:137} INFO - [2025-03-11T05:54:13.540+0000] {dagbag.py:538} INFO - Filling up the DagBag from /home/airflow/.local/lib/python3.7/site-packages/airflow/example_dags/example_short_circuit_decorator.py
[2025-03-11T05:54:13.568+0000] {processor.py:753} INFO - DAG(s) dict_keys(['example_short_circuit_decorator']) retrieved from /home/airflow/.local/lib/python3.7/site-packages/airflow/example_dags/example_short_circuit_decorator.py
[2025-03-11T05:54:13.602+0000] {logging_mixin.py:137} INFO - [2025-03-11T05:54:13.601+0000] {dag.py:2676} INFO - Sync 1 DAGs
[2025-03-11T05:54:13.627+0000] {logging_mixin.py:137} INFO - [2025-03-11T05:54:13.627+0000] {dag.py:3427} INFO - Setting next_dagrun for example_short_circuit_decorator to 2025-03-10T05:54:13.625479+00:00, run_after=2025-03-11T05:54:13.625479+00:00
[2025-03-11T05:54:13.645+0000] {processor.py:175} INFO - Processing /home/airflow/.local/lib/python3.7/site-packages/airflow/example_dags/example_short_circuit_decorator.py took 0.114 seconds
[2025-03-11T05:54:43.740+0000] {processor.py:153} INFO - Started process (PID=211) to work on /home/airflow/.local/lib/python3.7/site-packages/airflow/example_dags/example_short_circuit_decorator.py
[2025-03-11T05:54:43.741+0000] {processor.py:743} INFO - Processing file /home/airflow/.local/lib/python3.7/site-packages/airflow/example_dags/example_short_circuit_decorator.py for tasks to queue
[2025-03-11T05:54:43.742+0000] {logging_mixin.py:137} INFO - [2025-03-11T05:54:43.742+0000] {dagbag.py:538} INFO - Filling up the DagBag from /home/airflow/.local/lib/python3.7/site-packages/airflow/example_dags/example_short_circuit_decorator.py
[2025-03-11T05:54:43.763+0000] {processor.py:753} INFO - DAG(s) dict_keys(['example_short_circuit_decorator']) retrieved from /home/airflow/.local/lib/python3.7/site-packages/airflow/example_dags/example_short_circuit_decorator.py
[2025-03-11T05:54:43.793+0000] {logging_mixin.py:137} INFO - [2025-03-11T05:54:43.793+0000] {dag.py:2676} INFO - Sync 1 DAGs
[2025-03-11T05:54:43.815+0000] {logging_mixin.py:137} INFO - [2025-03-11T05:54:43.815+0000] {dag.py:3427} INFO - Setting next_dagrun for example_short_circuit_decorator to 2025-03-10T05:54:43.815196+00:00, run_after=2025-03-11T05:54:43.815196+00:00
[2025-03-11T05:54:43.832+0000] {processor.py:175} INFO - Processing /home/airflow/.local/lib/python3.7/site-packages/airflow/example_dags/example_short_circuit_decorator.py took 0.095 seconds
[2025-03-11T05:55:14.160+0000] {processor.py:153} INFO - Started process (PID=250) to work on /home/airflow/.local/lib/python3.7/site-packages/airflow/example_dags/example_short_circuit_decorator.py
[2025-03-11T05:55:14.161+0000] {processor.py:743} INFO - Processing file /home/airflow/.local/lib/python3.7/site-packages/airflow/example_dags/example_short_circuit_decorator.py for tasks to queue
[2025-03-11T05:55:14.162+0000] {logging_mixin.py:137} INFO - [2025-03-11T05:55:14.162+0000] {dagbag.py:538} INFO - Filling up the DagBag from /home/airflow/.local/lib/python3.7/site-packages/airflow/example_dags/example_short_circuit_decorator.py
[2025-03-11T05:55:14.186+0000] {processor.py:753} INFO - DAG(s) dict_keys(['example_short_circuit_decorator']) retrieved from /home/airflow/.local/lib/python3.7/site-packages/airflow/example_dags/example_short_circuit_decorator.py
[2025-03-11T05:55:14.219+0000] {logging_mixin.py:137} INFO - [2025-03-11T05:55:14.219+0000] {dag.py:2676} INFO - Sync 1 DAGs
[2025-03-11T05:55:14.304+0000] {logging_mixin.py:137} INFO - [2025-03-11T05:55:14.304+0000] {dag.py:3427} INFO - Setting next_dagrun for example_short_circuit_decorator to 2025-03-10T05:55:14.303208+00:00, run_after=2025-03-11T05:55:14.303208+00:00
[2025-03-11T05:55:14.336+0000] {processor.py:175} INFO - Processing /home/airflow/.local/lib/python3.7/site-packages/airflow/example_dags/example_short_circuit_decorator.py took 0.178 seconds
[2025-03-11T05:55:44.740+0000] {processor.py:153} INFO - Started process (PID=289) to work on /home/airflow/.local/lib/python3.7/site-packages/airflow/example_dags/example_short_circuit_decorator.py
[2025-03-11T05:55:44.740+0000] {processor.py:743} INFO - Processing file /home/airflow/.local/lib/python3.7/site-packages/airflow/example_dags/example_short_circuit_decorator.py for tasks to queue
[2025-03-11T05:55:44.741+0000] {logging_mixin.py:137} INFO - [2025-03-11T05:55:44.741+0000] {dagbag.py:538} INFO - Filling up the DagBag from /home/airflow/.local/lib/python3.7/site-packages/airflow/example_dags/example_short_circuit_decorator.py
[2025-03-11T05:55:44.762+0000] {processor.py:753} INFO - DAG(s) dict_keys(['example_short_circuit_decorator']) retrieved from /home/airflow/.local/lib/python3.7/site-packages/airflow/example_dags/example_short_circuit_decorator.py
[2025-03-11T05:55:44.794+0000] {logging_mixin.py:137} INFO - [2025-03-11T05:55:44.794+0000] {dag.py:2676} INFO - Sync 1 DAGs
[2025-03-11T05:55:44.814+0000] {logging_mixin.py:137} INFO - [2025-03-11T05:55:44.814+0000] {dag.py:3427} INFO - Setting next_dagrun for example_short_circuit_decorator to 2025-03-10T05:55:44.813746+00:00, run_after=2025-03-11T05:55:44.813746+00:00
[2025-03-11T05:55:44.831+0000] {processor.py:175} INFO - Processing /home/airflow/.local/lib/python3.7/site-packages/airflow/example_dags/example_short_circuit_decorator.py took 0.094 seconds
[2025-03-11T05:56:15.162+0000] {processor.py:153} INFO - Started process (PID=328) to work on /home/airflow/.local/lib/python3.7/site-packages/airflow/example_dags/example_short_circuit_decorator.py
[2025-03-11T05:56:15.163+0000] {processor.py:743} INFO - Processing file /home/airflow/.local/lib/python3.7/site-packages/airflow/example_dags/example_short_circuit_decorator.py for tasks to queue
[2025-03-11T05:56:15.164+0000] {logging_mixin.py:137} INFO - [2025-03-11T05:56:15.164+0000] {dagbag.py:538} INFO - Filling up the DagBag from /home/airflow/.local/lib/python3.7/site-packages/airflow/example_dags/example_short_circuit_decorator.py
[2025-03-11T05:56:15.189+0000] {processor.py:753} INFO - DAG(s) dict_keys(['example_short_circuit_decorator']) retrieved from /home/airflow/.local/lib/python3.7/site-packages/airflow/example_dags/example_short_circuit_decorator.py
[2025-03-11T05:56:15.225+0000] {logging_mixin.py:137} INFO - [2025-03-11T05:56:15.225+0000] {dag.py:2676} INFO - Sync 1 DAGs
[2025-03-11T05:56:15.247+0000] {logging_mixin.py:137} INFO - [2025-03-11T05:56:15.247+0000] {dag.py:3427} INFO - Setting next_dagrun for example_short_circuit_decorator to 2025-03-10T05:56:15.246648+00:00, run_after=2025-03-11T05:56:15.246648+00:00
[2025-03-11T05:56:15.264+0000] {processor.py:175} INFO - Processing /home/airflow/.local/lib/python3.7/site-packages/airflow/example_dags/example_short_circuit_decorator.py took 0.105 seconds
[2025-03-11T05:56:45.442+0000] {processor.py:153} INFO - Started process (PID=367) to work on /home/airflow/.local/lib/python3.7/site-packages/airflow/example_dags/example_short_circuit_decorator.py
[2025-03-11T05:56:45.443+0000] {processor.py:743} INFO - Processing file /home/airflow/.local/lib/python3.7/site-packages/airflow/example_dags/example_short_circuit_decorator.py for tasks to queue
[2025-03-11T05:56:45.445+0000] {logging_mixin.py:137} INFO - [2025-03-11T05:56:45.445+0000] {dagbag.py:538} INFO - Filling up the DagBag from /home/airflow/.local/lib/python3.7/site-packages/airflow/example_dags/example_short_circuit_decorator.py
[2025-03-11T05:56:45.468+0000] {processor.py:753} INFO - DAG(s) dict_keys(['example_short_circuit_decorator']) retrieved from /home/airflow/.local/lib/python3.7/site-packages/airflow/example_dags/example_short_circuit_decorator.py
[2025-03-11T05:56:45.505+0000] {logging_mixin.py:137} INFO - [2025-03-11T05:56:45.505+0000] {dag.py:2676} INFO - Sync 1 DAGs
[2025-03-11T05:56:45.526+0000] {logging_mixin.py:137} INFO - [2025-03-11T05:56:45.526+0000] {dag.py:3427} INFO - Setting next_dagrun for example_short_circuit_decorator to 2025-03-10T05:56:45.525928+00:00, run_after=2025-03-11T05:56:45.525928+00:00
[2025-03-11T05:56:45.544+0000] {processor.py:175} INFO - Processing /home/airflow/.local/lib/python3.7/site-packages/airflow/example_dags/example_short_circuit_decorator.py took 0.104 seconds
[2025-03-11T05:57:15.869+0000] {processor.py:153} INFO - Started process (PID=406) to work on /home/airflow/.local/lib/python3.7/site-packages/airflow/example_dags/example_short_circuit_decorator.py
[2025-03-11T05:57:15.870+0000] {processor.py:743} INFO - Processing file /home/airflow/.local/lib/python3.7/site-packages/airflow/example_dags/example_short_circuit_decorator.py for tasks to queue
[2025-03-11T05:57:15.871+0000] {logging_mixin.py:137} INFO - [2025-03-11T05:57:15.870+0000] {dagbag.py:538} INFO - Filling up the DagBag from /home/airflow/.local/lib/python3.7/site-packages/airflow/example_dags/example_short_circuit_decorator.py
[2025-03-11T05:57:15.892+0000] {processor.py:753} INFO - DAG(s) dict_keys(['example_short_circuit_decorator']) retrieved from /home/airflow/.local/lib/python3.7/site-packages/airflow/example_dags/example_short_circuit_decorator.py
[2025-03-11T05:57:15.922+0000] {logging_mixin.py:137} INFO - [2025-03-11T05:57:15.922+0000] {dag.py:2676} INFO - Sync 1 DAGs
[2025-03-11T05:57:15.943+0000] {logging_mixin.py:137} INFO - [2025-03-11T05:57:15.942+0000] {dag.py:3427} INFO - Setting next_dagrun for example_short_circuit_decorator to 2025-03-10T05:57:15.942479+00:00, run_after=2025-03-11T05:57:15.942479+00:00
[2025-03-11T05:57:15.957+0000] {processor.py:175} INFO - Processing /home/airflow/.local/lib/python3.7/site-packages/airflow/example_dags/example_short_circuit_decorator.py took 0.090 seconds
[2025-03-11T05:57:46.290+0000] {processor.py:153} INFO - Started process (PID=445) to work on /home/airflow/.local/lib/python3.7/site-packages/airflow/example_dags/example_short_circuit_decorator.py
[2025-03-11T05:57:46.291+0000] {processor.py:743} INFO - Processing file /home/airflow/.local/lib/python3.7/site-packages/airflow/example_dags/example_short_circuit_decorator.py for tasks to queue
[2025-03-11T05:57:46.292+0000] {logging_mixin.py:137} INFO - [2025-03-11T05:57:46.292+0000] {dagbag.py:538} INFO - Filling up the DagBag from /home/airflow/.local/lib/python3.7/site-packages/airflow/example_dags/example_short_circuit_decorator.py
[2025-03-11T05:57:46.313+0000] {processor.py:753} INFO - DAG(s) dict_keys(['example_short_circuit_decorator']) retrieved from /home/airflow/.local/lib/python3.7/site-packages/airflow/example_dags/example_short_circuit_decorator.py
[2025-03-11T05:57:46.344+0000] {logging_mixin.py:137} INFO - [2025-03-11T05:57:46.344+0000] {dag.py:2676} INFO - Sync 1 DAGs
[2025-03-11T05:57:46.364+0000] {logging_mixin.py:137} INFO - [2025-03-11T05:57:46.364+0000] {dag.py:3427} INFO - Setting next_dagrun for example_short_circuit_decorator to 2025-03-10T05:57:46.363849+00:00, run_after=2025-03-11T05:57:46.363849+00:00
[2025-03-11T05:57:46.380+0000] {processor.py:175} INFO - Processing /home/airflow/.local/lib/python3.7/site-packages/airflow/example_dags/example_short_circuit_decorator.py took 0.092 seconds
[2025-03-11T05:58:16.887+0000] {processor.py:153} INFO - Started process (PID=484) to work on /home/airflow/.local/lib/python3.7/site-packages/airflow/example_dags/example_short_circuit_decorator.py
[2025-03-11T05:58:16.888+0000] {processor.py:743} INFO - Processing file /home/airflow/.local/lib/python3.7/site-packages/airflow/example_dags/example_short_circuit_decorator.py for tasks to queue
[2025-03-11T05:58:16.888+0000] {logging_mixin.py:137} INFO - [2025-03-11T05:58:16.888+0000] {dagbag.py:538} INFO - Filling up the DagBag from /home/airflow/.local/lib/python3.7/site-packages/airflow/example_dags/example_short_circuit_decorator.py
[2025-03-11T05:58:16.911+0000] {processor.py:753} INFO - DAG(s) dict_keys(['example_short_circuit_decorator']) retrieved from /home/airflow/.local/lib/python3.7/site-packages/airflow/example_dags/example_short_circuit_decorator.py
[2025-03-11T05:58:16.944+0000] {logging_mixin.py:137} INFO - [2025-03-11T05:58:16.944+0000] {dag.py:2676} INFO - Sync 1 DAGs
[2025-03-11T05:58:16.965+0000] {logging_mixin.py:137} INFO - [2025-03-11T05:58:16.965+0000] {dag.py:3427} INFO - Setting next_dagrun for example_short_circuit_decorator to 2025-03-10T05:58:16.965204+00:00, run_after=2025-03-11T05:58:16.965204+00:00
[2025-03-11T05:58:16.983+0000] {processor.py:175} INFO - Processing /home/airflow/.local/lib/python3.7/site-packages/airflow/example_dags/example_short_circuit_decorator.py took 0.098 seconds
[2025-03-11T05:58:47.333+0000] {processor.py:153} INFO - Started process (PID=523) to work on /home/airflow/.local/lib/python3.7/site-packages/airflow/example_dags/example_short_circuit_decorator.py
[2025-03-11T05:58:47.334+0000] {processor.py:743} INFO - Processing file /home/airflow/.local/lib/python3.7/site-packages/airflow/example_dags/example_short_circuit_decorator.py for tasks to queue
[2025-03-11T05:58:47.335+0000] {logging_mixin.py:137} INFO - [2025-03-11T05:58:47.335+0000] {dagbag.py:538} INFO - Filling up the DagBag from /home/airflow/.local/lib/python3.7/site-packages/airflow/example_dags/example_short_circuit_decorator.py
[2025-03-11T05:58:47.357+0000] {processor.py:753} INFO - DAG(s) dict_keys(['example_short_circuit_decorator']) retrieved from /home/airflow/.local/lib/python3.7/site-packages/airflow/example_dags/example_short_circuit_decorator.py
[2025-03-11T05:58:47.388+0000] {logging_mixin.py:137} INFO - [2025-03-11T05:58:47.388+0000] {dag.py:2676} INFO - Sync 1 DAGs
[2025-03-11T05:58:47.409+0000] {logging_mixin.py:137} INFO - [2025-03-11T05:58:47.409+0000] {dag.py:3427} INFO - Setting next_dagrun for example_short_circuit_decorator to 2025-03-10T05:58:47.408597+00:00, run_after=2025-03-11T05:58:47.408597+00:00
[2025-03-11T05:58:47.424+0000] {processor.py:175} INFO - Processing /home/airflow/.local/lib/python3.7/site-packages/airflow/example_dags/example_short_circuit_decorator.py took 0.093 seconds
[2025-03-11T05:59:17.906+0000] {processor.py:153} INFO - Started process (PID=562) to work on /home/airflow/.local/lib/python3.7/site-packages/airflow/example_dags/example_short_circuit_decorator.py
[2025-03-11T05:59:17.907+0000] {processor.py:743} INFO - Processing file /home/airflow/.local/lib/python3.7/site-packages/airflow/example_dags/example_short_circuit_decorator.py for tasks to queue
[2025-03-11T05:59:17.908+0000] {logging_mixin.py:137} INFO - [2025-03-11T05:59:17.908+0000] {dagbag.py:538} INFO - Filling up the DagBag from /home/airflow/.local/lib/python3.7/site-packages/airflow/example_dags/example_short_circuit_decorator.py
[2025-03-11T05:59:17.929+0000] {processor.py:753} INFO - DAG(s) dict_keys(['example_short_circuit_decorator']) retrieved from /home/airflow/.local/lib/python3.7/site-packages/airflow/example_dags/example_short_circuit_decorator.py
[2025-03-11T05:59:17.964+0000] {logging_mixin.py:137} INFO - [2025-03-11T05:59:17.964+0000] {dag.py:2676} INFO - Sync 1 DAGs
[2025-03-11T05:59:17.984+0000] {logging_mixin.py:137} INFO - [2025-03-11T05:59:17.984+0000] {dag.py:3427} INFO - Setting next_dagrun for example_short_circuit_decorator to 2025-03-10T05:59:17.983560+00:00, run_after=2025-03-11T05:59:17.983560+00:00
[2025-03-11T05:59:18.006+0000] {processor.py:175} INFO - Processing /home/airflow/.local/lib/python3.7/site-packages/airflow/example_dags/example_short_circuit_decorator.py took 0.101 seconds
[2025-03-11T05:59:48.489+0000] {processor.py:153} INFO - Started process (PID=601) to work on /home/airflow/.local/lib/python3.7/site-packages/airflow/example_dags/example_short_circuit_decorator.py
[2025-03-11T05:59:48.490+0000] {processor.py:743} INFO - Processing file /home/airflow/.local/lib/python3.7/site-packages/airflow/example_dags/example_short_circuit_decorator.py for tasks to queue
[2025-03-11T05:59:48.492+0000] {logging_mixin.py:137} INFO - [2025-03-11T05:59:48.491+0000] {dagbag.py:538} INFO - Filling up the DagBag from /home/airflow/.local/lib/python3.7/site-packages/airflow/example_dags/example_short_circuit_decorator.py
[2025-03-11T05:59:48.515+0000] {processor.py:753} INFO - DAG(s) dict_keys(['example_short_circuit_decorator']) retrieved from /home/airflow/.local/lib/python3.7/site-packages/airflow/example_dags/example_short_circuit_decorator.py
[2025-03-11T05:59:48.547+0000] {logging_mixin.py:137} INFO - [2025-03-11T05:59:48.547+0000] {dag.py:2676} INFO - Sync 1 DAGs
[2025-03-11T05:59:48.570+0000] {logging_mixin.py:137} INFO - [2025-03-11T05:59:48.570+0000] {dag.py:3427} INFO - Setting next_dagrun for example_short_circuit_decorator to 2025-03-10T05:59:48.569758+00:00, run_after=2025-03-11T05:59:48.569758+00:00
[2025-03-11T05:59:48.585+0000] {processor.py:175} INFO - Processing /home/airflow/.local/lib/python3.7/site-packages/airflow/example_dags/example_short_circuit_decorator.py took 0.098 seconds
[2025-03-11T06:00:18.983+0000] {processor.py:153} INFO - Started process (PID=640) to work on /home/airflow/.local/lib/python3.7/site-packages/airflow/example_dags/example_short_circuit_decorator.py
[2025-03-11T06:00:18.984+0000] {processor.py:743} INFO - Processing file /home/airflow/.local/lib/python3.7/site-packages/airflow/example_dags/example_short_circuit_decorator.py for tasks to queue
[2025-03-11T06:00:18.986+0000] {logging_mixin.py:137} INFO - [2025-03-11T06:00:18.986+0000] {dagbag.py:538} INFO - Filling up the DagBag from /home/airflow/.local/lib/python3.7/site-packages/airflow/example_dags/example_short_circuit_decorator.py
[2025-03-11T06:00:19.009+0000] {processor.py:753} INFO - DAG(s) dict_keys(['example_short_circuit_decorator']) retrieved from /home/airflow/.local/lib/python3.7/site-packages/airflow/example_dags/example_short_circuit_decorator.py
[2025-03-11T06:00:19.042+0000] {logging_mixin.py:137} INFO - [2025-03-11T06:00:19.042+0000] {dag.py:2676} INFO - Sync 1 DAGs
[2025-03-11T06:00:19.065+0000] {logging_mixin.py:137} INFO - [2025-03-11T06:00:19.064+0000] {dag.py:3427} INFO - Setting next_dagrun for example_short_circuit_decorator to 2025-03-10T06:00:19.064482+00:00, run_after=2025-03-11T06:00:19.064482+00:00
[2025-03-11T06:00:19.088+0000] {processor.py:175} INFO - Processing /home/airflow/.local/lib/python3.7/site-packages/airflow/example_dags/example_short_circuit_decorator.py took 0.108 seconds
[2025-03-11T06:00:49.615+0000] {processor.py:153} INFO - Started process (PID=679) to work on /home/airflow/.local/lib/python3.7/site-packages/airflow/example_dags/example_short_circuit_decorator.py
[2025-03-11T06:00:49.617+0000] {processor.py:743} INFO - Processing file /home/airflow/.local/lib/python3.7/site-packages/airflow/example_dags/example_short_circuit_decorator.py for tasks to queue
[2025-03-11T06:00:49.617+0000] {logging_mixin.py:137} INFO - [2025-03-11T06:00:49.617+0000] {dagbag.py:538} INFO - Filling up the DagBag from /home/airflow/.local/lib/python3.7/site-packages/airflow/example_dags/example_short_circuit_decorator.py
[2025-03-11T06:00:49.640+0000] {processor.py:753} INFO - DAG(s) dict_keys(['example_short_circuit_decorator']) retrieved from /home/airflow/.local/lib/python3.7/site-packages/airflow/example_dags/example_short_circuit_decorator.py
[2025-03-11T06:00:49.672+0000] {logging_mixin.py:137} INFO - [2025-03-11T06:00:49.672+0000] {dag.py:2676} INFO - Sync 1 DAGs
[2025-03-11T06:00:49.692+0000] {logging_mixin.py:137} INFO - [2025-03-11T06:00:49.692+0000] {dag.py:3427} INFO - Setting next_dagrun for example_short_circuit_decorator to 2025-03-10T06:00:49.692321+00:00, run_after=2025-03-11T06:00:49.692321+00:00
[2025-03-11T06:00:49.709+0000] {processor.py:175} INFO - Processing /home/airflow/.local/lib/python3.7/site-packages/airflow/example_dags/example_short_circuit_decorator.py took 0.096 seconds
[2025-03-11T06:01:20.180+0000] {processor.py:153} INFO - Started process (PID=718) to work on /home/airflow/.local/lib/python3.7/site-packages/airflow/example_dags/example_short_circuit_decorator.py
[2025-03-11T06:01:20.182+0000] {processor.py:743} INFO - Processing file /home/airflow/.local/lib/python3.7/site-packages/airflow/example_dags/example_short_circuit_decorator.py for tasks to queue
[2025-03-11T06:01:20.183+0000] {logging_mixin.py:137} INFO - [2025-03-11T06:01:20.183+0000] {dagbag.py:538} INFO - Filling up the DagBag from /home/airflow/.local/lib/python3.7/site-packages/airflow/example_dags/example_short_circuit_decorator.py
[2025-03-11T06:01:20.205+0000] {processor.py:753} INFO - DAG(s) dict_keys(['example_short_circuit_decorator']) retrieved from /home/airflow/.local/lib/python3.7/site-packages/airflow/example_dags/example_short_circuit_decorator.py
[2025-03-11T06:01:20.239+0000] {logging_mixin.py:137} INFO - [2025-03-11T06:01:20.239+0000] {dag.py:2676} INFO - Sync 1 DAGs
[2025-03-11T06:01:20.260+0000] {logging_mixin.py:137} INFO - [2025-03-11T06:01:20.260+0000] {dag.py:3427} INFO - Setting next_dagrun for example_short_circuit_decorator to 2025-03-10T06:01:20.260009+00:00, run_after=2025-03-11T06:01:20.260009+00:00
[2025-03-11T06:01:20.278+0000] {processor.py:175} INFO - Processing /home/airflow/.local/lib/python3.7/site-packages/airflow/example_dags/example_short_circuit_decorator.py took 0.102 seconds
[2025-03-11T06:01:50.480+0000] {processor.py:153} INFO - Started process (PID=757) to work on /home/airflow/.local/lib/python3.7/site-packages/airflow/example_dags/example_short_circuit_decorator.py
[2025-03-11T06:01:50.481+0000] {processor.py:743} INFO - Processing file /home/airflow/.local/lib/python3.7/site-packages/airflow/example_dags/example_short_circuit_decorator.py for tasks to queue
[2025-03-11T06:01:50.482+0000] {logging_mixin.py:137} INFO - [2025-03-11T06:01:50.482+0000] {dagbag.py:538} INFO - Filling up the DagBag from /home/airflow/.local/lib/python3.7/site-packages/airflow/example_dags/example_short_circuit_decorator.py
[2025-03-11T06:01:50.504+0000] {processor.py:753} INFO - DAG(s) dict_keys(['example_short_circuit_decorator']) retrieved from /home/airflow/.local/lib/python3.7/site-packages/airflow/example_dags/example_short_circuit_decorator.py
[2025-03-11T06:01:50.539+0000] {logging_mixin.py:137} INFO - [2025-03-11T06:01:50.538+0000] {dag.py:2676} INFO - Sync 1 DAGs
[2025-03-11T06:01:50.558+0000] {logging_mixin.py:137} INFO - [2025-03-11T06:01:50.558+0000] {dag.py:3427} INFO - Setting next_dagrun for example_short_circuit_decorator to 2025-03-10T06:01:50.558198+00:00, run_after=2025-03-11T06:01:50.558198+00:00
[2025-03-11T06:01:50.575+0000] {processor.py:175} INFO - Processing /home/airflow/.local/lib/python3.7/site-packages/airflow/example_dags/example_short_circuit_decorator.py took 0.097 seconds
[2025-03-11T06:02:21.351+0000] {processor.py:153} INFO - Started process (PID=796) to work on /home/airflow/.local/lib/python3.7/site-packages/airflow/example_dags/example_short_circuit_decorator.py
[2025-03-11T06:02:21.353+0000] {processor.py:743} INFO - Processing file /home/airflow/.local/lib/python3.7/site-packages/airflow/example_dags/example_short_circuit_decorator.py for tasks to queue
[2025-03-11T06:02:21.354+0000] {logging_mixin.py:137} INFO - [2025-03-11T06:02:21.354+0000] {dagbag.py:538} INFO - Filling up the DagBag from /home/airflow/.local/lib/python3.7/site-packages/airflow/example_dags/example_short_circuit_decorator.py
[2025-03-11T06:02:21.385+0000] {processor.py:753} INFO - DAG(s) dict_keys(['example_short_circuit_decorator']) retrieved from /home/airflow/.local/lib/python3.7/site-packages/airflow/example_dags/example_short_circuit_decorator.py
[2025-03-11T06:02:21.455+0000] {logging_mixin.py:137} INFO - [2025-03-11T06:02:21.454+0000] {dag.py:2676} INFO - Sync 1 DAGs
[2025-03-11T06:02:21.492+0000] {logging_mixin.py:137} INFO - [2025-03-11T06:02:21.491+0000] {dag.py:3427} INFO - Setting next_dagrun for example_short_circuit_decorator to 2025-03-10T06:02:21.491166+00:00, run_after=2025-03-11T06:02:21.491166+00:00
[2025-03-11T06:02:21.517+0000] {processor.py:175} INFO - Processing /home/airflow/.local/lib/python3.7/site-packages/airflow/example_dags/example_short_circuit_decorator.py took 0.169 seconds
[2025-03-11T06:02:51.951+0000] {processor.py:153} INFO - Started process (PID=835) to work on /home/airflow/.local/lib/python3.7/site-packages/airflow/example_dags/example_short_circuit_decorator.py
[2025-03-11T06:02:51.952+0000] {processor.py:743} INFO - Processing file /home/airflow/.local/lib/python3.7/site-packages/airflow/example_dags/example_short_circuit_decorator.py for tasks to queue
[2025-03-11T06:02:51.952+0000] {logging_mixin.py:137} INFO - [2025-03-11T06:02:51.952+0000] {dagbag.py:538} INFO - Filling up the DagBag from /home/airflow/.local/lib/python3.7/site-packages/airflow/example_dags/example_short_circuit_decorator.py
[2025-03-11T06:02:51.975+0000] {processor.py:753} INFO - DAG(s) dict_keys(['example_short_circuit_decorator']) retrieved from /home/airflow/.local/lib/python3.7/site-packages/airflow/example_dags/example_short_circuit_decorator.py
[2025-03-11T06:02:52.008+0000] {logging_mixin.py:137} INFO - [2025-03-11T06:02:52.008+0000] {dag.py:2676} INFO - Sync 1 DAGs
[2025-03-11T06:02:52.030+0000] {logging_mixin.py:137} INFO - [2025-03-11T06:02:52.030+0000] {dag.py:3427} INFO - Setting next_dagrun for example_short_circuit_decorator to 2025-03-10T06:02:52.029657+00:00, run_after=2025-03-11T06:02:52.029657+00:00
[2025-03-11T06:02:52.044+0000] {processor.py:175} INFO - Processing /home/airflow/.local/lib/python3.7/site-packages/airflow/example_dags/example_short_circuit_decorator.py took 0.095 seconds
[2025-03-11T06:03:22.346+0000] {processor.py:153} INFO - Started process (PID=874) to work on /home/airflow/.local/lib/python3.7/site-packages/airflow/example_dags/example_short_circuit_decorator.py
[2025-03-11T06:03:22.347+0000] {processor.py:743} INFO - Processing file /home/airflow/.local/lib/python3.7/site-packages/airflow/example_dags/example_short_circuit_decorator.py for tasks to queue
[2025-03-11T06:03:22.348+0000] {logging_mixin.py:137} INFO - [2025-03-11T06:03:22.348+0000] {dagbag.py:538} INFO - Filling up the DagBag from /home/airflow/.local/lib/python3.7/site-packages/airflow/example_dags/example_short_circuit_decorator.py
[2025-03-11T06:03:22.370+0000] {processor.py:753} INFO - DAG(s) dict_keys(['example_short_circuit_decorator']) retrieved from /home/airflow/.local/lib/python3.7/site-packages/airflow/example_dags/example_short_circuit_decorator.py
[2025-03-11T06:03:22.403+0000] {logging_mixin.py:137} INFO - [2025-03-11T06:03:22.403+0000] {dag.py:2676} INFO - Sync 1 DAGs
[2025-03-11T06:03:22.426+0000] {logging_mixin.py:137} INFO - [2025-03-11T06:03:22.426+0000] {dag.py:3427} INFO - Setting next_dagrun for example_short_circuit_decorator to 2025-03-10T06:03:22.426212+00:00, run_after=2025-03-11T06:03:22.426212+00:00
[2025-03-11T06:03:22.442+0000] {processor.py:175} INFO - Processing /home/airflow/.local/lib/python3.7/site-packages/airflow/example_dags/example_short_circuit_decorator.py took 0.098 seconds
[2025-03-11T06:03:52.788+0000] {processor.py:153} INFO - Started process (PID=913) to work on /home/airflow/.local/lib/python3.7/site-packages/airflow/example_dags/example_short_circuit_decorator.py
[2025-03-11T06:03:52.788+0000] {processor.py:743} INFO - Processing file /home/airflow/.local/lib/python3.7/site-packages/airflow/example_dags/example_short_circuit_decorator.py for tasks to queue
[2025-03-11T06:03:52.790+0000] {logging_mixin.py:137} INFO - [2025-03-11T06:03:52.789+0000] {dagbag.py:538} INFO - Filling up the DagBag from /home/airflow/.local/lib/python3.7/site-packages/airflow/example_dags/example_short_circuit_decorator.py
[2025-03-11T06:03:52.814+0000] {processor.py:753} INFO - DAG(s) dict_keys(['example_short_circuit_decorator']) retrieved from /home/airflow/.local/lib/python3.7/site-packages/airflow/example_dags/example_short_circuit_decorator.py
[2025-03-11T06:03:52.849+0000] {logging_mixin.py:137} INFO - [2025-03-11T06:03:52.849+0000] {dag.py:2676} INFO - Sync 1 DAGs
[2025-03-11T06:03:52.871+0000] {logging_mixin.py:137} INFO - [2025-03-11T06:03:52.870+0000] {dag.py:3427} INFO - Setting next_dagrun for example_short_circuit_decorator to 2025-03-10T06:03:52.870395+00:00, run_after=2025-03-11T06:03:52.870395+00:00
[2025-03-11T06:03:52.886+0000] {processor.py:175} INFO - Processing /home/airflow/.local/lib/python3.7/site-packages/airflow/example_dags/example_short_circuit_decorator.py took 0.101 seconds
[2025-03-11T06:04:23.272+0000] {processor.py:153} INFO - Started process (PID=952) to work on /home/airflow/.local/lib/python3.7/site-packages/airflow/example_dags/example_short_circuit_decorator.py
[2025-03-11T06:04:23.273+0000] {processor.py:743} INFO - Processing file /home/airflow/.local/lib/python3.7/site-packages/airflow/example_dags/example_short_circuit_decorator.py for tasks to queue
[2025-03-11T06:04:23.274+0000] {logging_mixin.py:137} INFO - [2025-03-11T06:04:23.274+0000] {dagbag.py:538} INFO - Filling up the DagBag from /home/airflow/.local/lib/python3.7/site-packages/airflow/example_dags/example_short_circuit_decorator.py
[2025-03-11T06:04:23.296+0000] {processor.py:753} INFO - DAG(s) dict_keys(['example_short_circuit_decorator']) retrieved from /home/airflow/.local/lib/python3.7/site-packages/airflow/example_dags/example_short_circuit_decorator.py
[2025-03-11T06:04:23.328+0000] {logging_mixin.py:137} INFO - [2025-03-11T06:04:23.328+0000] {dag.py:2676} INFO - Sync 1 DAGs
[2025-03-11T06:04:23.351+0000] {logging_mixin.py:137} INFO - [2025-03-11T06:04:23.350+0000] {dag.py:3427} INFO - Setting next_dagrun for example_short_circuit_decorator to 2025-03-10T06:04:23.350558+00:00, run_after=2025-03-11T06:04:23.350558+00:00
[2025-03-11T06:04:23.367+0000] {processor.py:175} INFO - Processing /home/airflow/.local/lib/python3.7/site-packages/airflow/example_dags/example_short_circuit_decorator.py took 0.097 seconds
[2025-03-11T06:04:53.636+0000] {processor.py:153} INFO - Started process (PID=991) to work on /home/airflow/.local/lib/python3.7/site-packages/airflow/example_dags/example_short_circuit_decorator.py
[2025-03-11T06:04:53.637+0000] {processor.py:743} INFO - Processing file /home/airflow/.local/lib/python3.7/site-packages/airflow/example_dags/example_short_circuit_decorator.py for tasks to queue
[2025-03-11T06:04:53.637+0000] {logging_mixin.py:137} INFO - [2025-03-11T06:04:53.637+0000] {dagbag.py:538} INFO - Filling up the DagBag from /home/airflow/.local/lib/python3.7/site-packages/airflow/example_dags/example_short_circuit_decorator.py
[2025-03-11T06:04:53.660+0000] {processor.py:753} INFO - DAG(s) dict_keys(['example_short_circuit_decorator']) retrieved from /home/airflow/.local/lib/python3.7/site-packages/airflow/example_dags/example_short_circuit_decorator.py
[2025-03-11T06:04:53.694+0000] {logging_mixin.py:137} INFO - [2025-03-11T06:04:53.693+0000] {dag.py:2676} INFO - Sync 1 DAGs
[2025-03-11T06:04:53.714+0000] {logging_mixin.py:137} INFO - [2025-03-11T06:04:53.714+0000] {dag.py:3427} INFO - Setting next_dagrun for example_short_circuit_decorator to 2025-03-10T06:04:53.713569+00:00, run_after=2025-03-11T06:04:53.713569+00:00
[2025-03-11T06:04:53.730+0000] {processor.py:175} INFO - Processing /home/airflow/.local/lib/python3.7/site-packages/airflow/example_dags/example_short_circuit_decorator.py took 0.096 seconds
[2025-03-11T06:05:24.049+0000] {processor.py:153} INFO - Started process (PID=1030) to work on /home/airflow/.local/lib/python3.7/site-packages/airflow/example_dags/example_short_circuit_decorator.py
[2025-03-11T06:05:24.051+0000] {processor.py:743} INFO - Processing file /home/airflow/.local/lib/python3.7/site-packages/airflow/example_dags/example_short_circuit_decorator.py for tasks to queue
[2025-03-11T06:05:24.052+0000] {logging_mixin.py:137} INFO - [2025-03-11T06:05:24.052+0000] {dagbag.py:538} INFO - Filling up the DagBag from /home/airflow/.local/lib/python3.7/site-packages/airflow/example_dags/example_short_circuit_decorator.py
[2025-03-11T06:05:24.079+0000] {processor.py:753} INFO - DAG(s) dict_keys(['example_short_circuit_decorator']) retrieved from /home/airflow/.local/lib/python3.7/site-packages/airflow/example_dags/example_short_circuit_decorator.py
[2025-03-11T06:05:24.114+0000] {logging_mixin.py:137} INFO - [2025-03-11T06:05:24.114+0000] {dag.py:2676} INFO - Sync 1 DAGs
[2025-03-11T06:05:24.136+0000] {logging_mixin.py:137} INFO - [2025-03-11T06:05:24.136+0000] {dag.py:3427} INFO - Setting next_dagrun for example_short_circuit_decorator to 2025-03-10T06:05:24.135624+00:00, run_after=2025-03-11T06:05:24.135624+00:00
[2025-03-11T06:05:24.152+0000] {processor.py:175} INFO - Processing /home/airflow/.local/lib/python3.7/site-packages/airflow/example_dags/example_short_circuit_decorator.py took 0.105 seconds
[2025-03-11T06:05:54.524+0000] {processor.py:153} INFO - Started process (PID=1069) to work on /home/airflow/.local/lib/python3.7/site-packages/airflow/example_dags/example_short_circuit_decorator.py
[2025-03-11T06:05:54.526+0000] {processor.py:743} INFO - Processing file /home/airflow/.local/lib/python3.7/site-packages/airflow/example_dags/example_short_circuit_decorator.py for tasks to queue
[2025-03-11T06:05:54.527+0000] {logging_mixin.py:137} INFO - [2025-03-11T06:05:54.527+0000] {dagbag.py:538} INFO - Filling up the DagBag from /home/airflow/.local/lib/python3.7/site-packages/airflow/example_dags/example_short_circuit_decorator.py
[2025-03-11T06:05:54.549+0000] {processor.py:753} INFO - DAG(s) dict_keys(['example_short_circuit_decorator']) retrieved from /home/airflow/.local/lib/python3.7/site-packages/airflow/example_dags/example_short_circuit_decorator.py
[2025-03-11T06:05:54.583+0000] {logging_mixin.py:137} INFO - [2025-03-11T06:05:54.583+0000] {dag.py:2676} INFO - Sync 1 DAGs
[2025-03-11T06:05:54.603+0000] {logging_mixin.py:137} INFO - [2025-03-11T06:05:54.602+0000] {dag.py:3427} INFO - Setting next_dagrun for example_short_circuit_decorator to 2025-03-10T06:05:54.602388+00:00, run_after=2025-03-11T06:05:54.602388+00:00
[2025-03-11T06:05:54.623+0000] {processor.py:175} INFO - Processing /home/airflow/.local/lib/python3.7/site-packages/airflow/example_dags/example_short_circuit_decorator.py took 0.101 seconds
[2025-03-11T06:06:25.018+0000] {processor.py:153} INFO - Started process (PID=1108) to work on /home/airflow/.local/lib/python3.7/site-packages/airflow/example_dags/example_short_circuit_decorator.py
[2025-03-11T06:06:25.018+0000] {processor.py:743} INFO - Processing file /home/airflow/.local/lib/python3.7/site-packages/airflow/example_dags/example_short_circuit_decorator.py for tasks to queue
[2025-03-11T06:06:25.019+0000] {logging_mixin.py:137} INFO - [2025-03-11T06:06:25.019+0000] {dagbag.py:538} INFO - Filling up the DagBag from /home/airflow/.local/lib/python3.7/site-packages/airflow/example_dags/example_short_circuit_decorator.py
[2025-03-11T06:06:25.041+0000] {processor.py:753} INFO - DAG(s) dict_keys(['example_short_circuit_decorator']) retrieved from /home/airflow/.local/lib/python3.7/site-packages/airflow/example_dags/example_short_circuit_decorator.py
[2025-03-11T06:06:25.072+0000] {logging_mixin.py:137} INFO - [2025-03-11T06:06:25.072+0000] {dag.py:2676} INFO - Sync 1 DAGs
[2025-03-11T06:06:25.094+0000] {logging_mixin.py:137} INFO - [2025-03-11T06:06:25.094+0000] {dag.py:3427} INFO - Setting next_dagrun for example_short_circuit_decorator to 2025-03-10T06:06:25.093772+00:00, run_after=2025-03-11T06:06:25.093772+00:00
[2025-03-11T06:06:25.115+0000] {processor.py:175} INFO - Processing /home/airflow/.local/lib/python3.7/site-packages/airflow/example_dags/example_short_circuit_decorator.py took 0.100 seconds
[2025-03-11T06:06:55.367+0000] {processor.py:153} INFO - Started process (PID=1147) to work on /home/airflow/.local/lib/python3.7/site-packages/airflow/example_dags/example_short_circuit_decorator.py
[2025-03-11T06:06:55.368+0000] {processor.py:743} INFO - Processing file /home/airflow/.local/lib/python3.7/site-packages/airflow/example_dags/example_short_circuit_decorator.py for tasks to queue
[2025-03-11T06:06:55.368+0000] {logging_mixin.py:137} INFO - [2025-03-11T06:06:55.368+0000] {dagbag.py:538} INFO - Filling up the DagBag from /home/airflow/.local/lib/python3.7/site-packages/airflow/example_dags/example_short_circuit_decorator.py
[2025-03-11T06:06:55.391+0000] {processor.py:753} INFO - DAG(s) dict_keys(['example_short_circuit_decorator']) retrieved from /home/airflow/.local/lib/python3.7/site-packages/airflow/example_dags/example_short_circuit_decorator.py
[2025-03-11T06:06:55.420+0000] {logging_mixin.py:137} INFO - [2025-03-11T06:06:55.420+0000] {dag.py:2676} INFO - Sync 1 DAGs
[2025-03-11T06:06:55.443+0000] {logging_mixin.py:137} INFO - [2025-03-11T06:06:55.443+0000] {dag.py:3427} INFO - Setting next_dagrun for example_short_circuit_decorator to 2025-03-10T06:06:55.442935+00:00, run_after=2025-03-11T06:06:55.442935+00:00
[2025-03-11T06:06:55.465+0000] {processor.py:175} INFO - Processing /home/airflow/.local/lib/python3.7/site-packages/airflow/example_dags/example_short_circuit_decorator.py took 0.101 seconds
[2025-03-11T06:07:25.781+0000] {processor.py:153} INFO - Started process (PID=1186) to work on /home/airflow/.local/lib/python3.7/site-packages/airflow/example_dags/example_short_circuit_decorator.py
[2025-03-11T06:07:25.783+0000] {processor.py:743} INFO - Processing file /home/airflow/.local/lib/python3.7/site-packages/airflow/example_dags/example_short_circuit_decorator.py for tasks to queue
[2025-03-11T06:07:25.784+0000] {logging_mixin.py:137} INFO - [2025-03-11T06:07:25.784+0000] {dagbag.py:538} INFO - Filling up the DagBag from /home/airflow/.local/lib/python3.7/site-packages/airflow/example_dags/example_short_circuit_decorator.py
[2025-03-11T06:07:25.806+0000] {processor.py:753} INFO - DAG(s) dict_keys(['example_short_circuit_decorator']) retrieved from /home/airflow/.local/lib/python3.7/site-packages/airflow/example_dags/example_short_circuit_decorator.py
[2025-03-11T06:07:25.838+0000] {logging_mixin.py:137} INFO - [2025-03-11T06:07:25.838+0000] {dag.py:2676} INFO - Sync 1 DAGs
[2025-03-11T06:07:25.861+0000] {logging_mixin.py:137} INFO - [2025-03-11T06:07:25.861+0000] {dag.py:3427} INFO - Setting next_dagrun for example_short_circuit_decorator to 2025-03-10T06:07:25.861159+00:00, run_after=2025-03-11T06:07:25.861159+00:00
[2025-03-11T06:07:25.880+0000] {processor.py:175} INFO - Processing /home/airflow/.local/lib/python3.7/site-packages/airflow/example_dags/example_short_circuit_decorator.py took 0.100 seconds
[2025-03-11T06:07:56.286+0000] {processor.py:153} INFO - Started process (PID=1225) to work on /home/airflow/.local/lib/python3.7/site-packages/airflow/example_dags/example_short_circuit_decorator.py
[2025-03-11T06:07:56.288+0000] {processor.py:743} INFO - Processing file /home/airflow/.local/lib/python3.7/site-packages/airflow/example_dags/example_short_circuit_decorator.py for tasks to queue
[2025-03-11T06:07:56.289+0000] {logging_mixin.py:137} INFO - [2025-03-11T06:07:56.289+0000] {dagbag.py:538} INFO - Filling up the DagBag from /home/airflow/.local/lib/python3.7/site-packages/airflow/example_dags/example_short_circuit_decorator.py
[2025-03-11T06:07:56.314+0000] {processor.py:753} INFO - DAG(s) dict_keys(['example_short_circuit_decorator']) retrieved from /home/airflow/.local/lib/python3.7/site-packages/airflow/example_dags/example_short_circuit_decorator.py
[2025-03-11T06:07:56.345+0000] {logging_mixin.py:137} INFO - [2025-03-11T06:07:56.345+0000] {dag.py:2676} INFO - Sync 1 DAGs
[2025-03-11T06:07:56.366+0000] {logging_mixin.py:137} INFO - [2025-03-11T06:07:56.366+0000] {dag.py:3427} INFO - Setting next_dagrun for example_short_circuit_decorator to 2025-03-10T06:07:56.366010+00:00, run_after=2025-03-11T06:07:56.366010+00:00
[2025-03-11T06:07:56.381+0000] {processor.py:175} INFO - Processing /home/airflow/.local/lib/python3.7/site-packages/airflow/example_dags/example_short_circuit_decorator.py took 0.097 seconds
[2025-03-11T06:08:26.802+0000] {processor.py:153} INFO - Started process (PID=1264) to work on /home/airflow/.local/lib/python3.7/site-packages/airflow/example_dags/example_short_circuit_decorator.py
[2025-03-11T06:08:26.803+0000] {processor.py:743} INFO - Processing file /home/airflow/.local/lib/python3.7/site-packages/airflow/example_dags/example_short_circuit_decorator.py for tasks to queue
[2025-03-11T06:08:26.804+0000] {logging_mixin.py:137} INFO - [2025-03-11T06:08:26.804+0000] {dagbag.py:538} INFO - Filling up the DagBag from /home/airflow/.local/lib/python3.7/site-packages/airflow/example_dags/example_short_circuit_decorator.py
[2025-03-11T06:08:26.827+0000] {processor.py:753} INFO - DAG(s) dict_keys(['example_short_circuit_decorator']) retrieved from /home/airflow/.local/lib/python3.7/site-packages/airflow/example_dags/example_short_circuit_decorator.py
[2025-03-11T06:08:26.859+0000] {logging_mixin.py:137} INFO - [2025-03-11T06:08:26.859+0000] {dag.py:2676} INFO - Sync 1 DAGs
[2025-03-11T06:08:26.881+0000] {logging_mixin.py:137} INFO - [2025-03-11T06:08:26.880+0000] {dag.py:3427} INFO - Setting next_dagrun for example_short_circuit_decorator to 2025-03-10T06:08:26.880519+00:00, run_after=2025-03-11T06:08:26.880519+00:00
[2025-03-11T06:08:26.894+0000] {processor.py:175} INFO - Processing /home/airflow/.local/lib/python3.7/site-packages/airflow/example_dags/example_short_circuit_decorator.py took 0.094 seconds
[2025-03-11T06:08:57.420+0000] {processor.py:153} INFO - Started process (PID=1303) to work on /home/airflow/.local/lib/python3.7/site-packages/airflow/example_dags/example_short_circuit_decorator.py
[2025-03-11T06:08:57.421+0000] {processor.py:743} INFO - Processing file /home/airflow/.local/lib/python3.7/site-packages/airflow/example_dags/example_short_circuit_decorator.py for tasks to queue
[2025-03-11T06:08:57.422+0000] {logging_mixin.py:137} INFO - [2025-03-11T06:08:57.422+0000] {dagbag.py:538} INFO - Filling up the DagBag from /home/airflow/.local/lib/python3.7/site-packages/airflow/example_dags/example_short_circuit_decorator.py
[2025-03-11T06:08:57.443+0000] {processor.py:753} INFO - DAG(s) dict_keys(['example_short_circuit_decorator']) retrieved from /home/airflow/.local/lib/python3.7/site-packages/airflow/example_dags/example_short_circuit_decorator.py
[2025-03-11T06:08:57.476+0000] {logging_mixin.py:137} INFO - [2025-03-11T06:08:57.476+0000] {dag.py:2676} INFO - Sync 1 DAGs
[2025-03-11T06:08:57.495+0000] {logging_mixin.py:137} INFO - [2025-03-11T06:08:57.495+0000] {dag.py:3427} INFO - Setting next_dagrun for example_short_circuit_decorator to 2025-03-10T06:08:57.494992+00:00, run_after=2025-03-11T06:08:57.494992+00:00
[2025-03-11T06:08:57.514+0000] {processor.py:175} INFO - Processing /home/airflow/.local/lib/python3.7/site-packages/airflow/example_dags/example_short_circuit_decorator.py took 0.096 seconds
[2025-03-11T06:09:27.853+0000] {processor.py:153} INFO - Started process (PID=1342) to work on /home/airflow/.local/lib/python3.7/site-packages/airflow/example_dags/example_short_circuit_decorator.py
[2025-03-11T06:09:27.854+0000] {processor.py:743} INFO - Processing file /home/airflow/.local/lib/python3.7/site-packages/airflow/example_dags/example_short_circuit_decorator.py for tasks to queue
[2025-03-11T06:09:27.855+0000] {logging_mixin.py:137} INFO - [2025-03-11T06:09:27.855+0000] {dagbag.py:538} INFO - Filling up the DagBag from /home/airflow/.local/lib/python3.7/site-packages/airflow/example_dags/example_short_circuit_decorator.py
[2025-03-11T06:09:27.878+0000] {processor.py:753} INFO - DAG(s) dict_keys(['example_short_circuit_decorator']) retrieved from /home/airflow/.local/lib/python3.7/site-packages/airflow/example_dags/example_short_circuit_decorator.py
[2025-03-11T06:09:27.915+0000] {logging_mixin.py:137} INFO - [2025-03-11T06:09:27.915+0000] {dag.py:2676} INFO - Sync 1 DAGs
[2025-03-11T06:09:27.937+0000] {logging_mixin.py:137} INFO - [2025-03-11T06:09:27.937+0000] {dag.py:3427} INFO - Setting next_dagrun for example_short_circuit_decorator to 2025-03-10T06:09:27.936951+00:00, run_after=2025-03-11T06:09:27.936951+00:00
[2025-03-11T06:09:27.954+0000] {processor.py:175} INFO - Processing /home/airflow/.local/lib/python3.7/site-packages/airflow/example_dags/example_short_circuit_decorator.py took 0.103 seconds
[2025-03-11T06:09:58.381+0000] {processor.py:153} INFO - Started process (PID=1381) to work on /home/airflow/.local/lib/python3.7/site-packages/airflow/example_dags/example_short_circuit_decorator.py
[2025-03-11T06:09:58.383+0000] {processor.py:743} INFO - Processing file /home/airflow/.local/lib/python3.7/site-packages/airflow/example_dags/example_short_circuit_decorator.py for tasks to queue
[2025-03-11T06:09:58.384+0000] {logging_mixin.py:137} INFO - [2025-03-11T06:09:58.383+0000] {dagbag.py:538} INFO - Filling up the DagBag from /home/airflow/.local/lib/python3.7/site-packages/airflow/example_dags/example_short_circuit_decorator.py
[2025-03-11T06:09:58.409+0000] {processor.py:753} INFO - DAG(s) dict_keys(['example_short_circuit_decorator']) retrieved from /home/airflow/.local/lib/python3.7/site-packages/airflow/example_dags/example_short_circuit_decorator.py
[2025-03-11T06:09:58.444+0000] {logging_mixin.py:137} INFO - [2025-03-11T06:09:58.444+0000] {dag.py:2676} INFO - Sync 1 DAGs
[2025-03-11T06:09:58.463+0000] {logging_mixin.py:137} INFO - [2025-03-11T06:09:58.463+0000] {dag.py:3427} INFO - Setting next_dagrun for example_short_circuit_decorator to 2025-03-10T06:09:58.463215+00:00, run_after=2025-03-11T06:09:58.463215+00:00
[2025-03-11T06:09:58.484+0000] {processor.py:175} INFO - Processing /home/airflow/.local/lib/python3.7/site-packages/airflow/example_dags/example_short_circuit_decorator.py took 0.105 seconds
