[2025-03-11T05:52:43.522+0000] {processor.py:153} INFO - Started process (PID=65) to work on /home/airflow/.local/lib/python3.7/site-packages/airflow/example_dags/example_skip_dag.py
[2025-03-11T05:52:43.523+0000] {processor.py:743} INFO - Processing file /home/airflow/.local/lib/python3.7/site-packages/airflow/example_dags/example_skip_dag.py for tasks to queue
[2025-03-11T05:52:43.524+0000] {logging_mixin.py:137} INFO - [2025-03-11T05:52:43.524+0000] {dagbag.py:538} INFO - Filling up the DagBag from /home/airflow/.local/lib/python3.7/site-packages/airflow/example_dags/example_skip_dag.py
[2025-03-11T05:52:43.579+0000] {processor.py:753} INFO - DAG(s) dict_keys(['example_skip_dag']) retrieved from /home/airflow/.local/lib/python3.7/site-packages/airflow/example_dags/example_skip_dag.py
[2025-03-11T05:52:43.622+0000] {logging_mixin.py:137} INFO - [2025-03-11T05:52:43.621+0000] {dag.py:2676} INFO - Sync 1 DAGs
[2025-03-11T05:52:43.653+0000] {logging_mixin.py:137} INFO - [2025-03-11T05:52:43.653+0000] {dag.py:3427} INFO - Setting next_dagrun for example_skip_dag to 2025-03-10T05:52:43.652549+00:00, run_after=2025-03-11T05:52:43.652549+00:00
[2025-03-11T05:52:43.679+0000] {processor.py:175} INFO - Processing /home/airflow/.local/lib/python3.7/site-packages/airflow/example_dags/example_skip_dag.py took 0.161 seconds
[2025-03-11T05:53:14.414+0000] {processor.py:153} INFO - Started process (PID=104) to work on /home/airflow/.local/lib/python3.7/site-packages/airflow/example_dags/example_skip_dag.py
[2025-03-11T05:53:14.416+0000] {processor.py:743} INFO - Processing file /home/airflow/.local/lib/python3.7/site-packages/airflow/example_dags/example_skip_dag.py for tasks to queue
[2025-03-11T05:53:14.417+0000] {logging_mixin.py:137} INFO - [2025-03-11T05:53:14.417+0000] {dagbag.py:538} INFO - Filling up the DagBag from /home/airflow/.local/lib/python3.7/site-packages/airflow/example_dags/example_skip_dag.py
[2025-03-11T05:53:14.431+0000] {processor.py:753} INFO - DAG(s) dict_keys(['example_skip_dag']) retrieved from /home/airflow/.local/lib/python3.7/site-packages/airflow/example_dags/example_skip_dag.py
[2025-03-11T05:53:14.452+0000] {logging_mixin.py:137} INFO - [2025-03-11T05:53:14.452+0000] {dag.py:2676} INFO - Sync 1 DAGs
[2025-03-11T05:53:14.473+0000] {logging_mixin.py:137} INFO - [2025-03-11T05:53:14.472+0000] {dag.py:3427} INFO - Setting next_dagrun for example_skip_dag to 2025-03-10T05:53:14.472026+00:00, run_after=2025-03-11T05:53:14.472026+00:00
[2025-03-11T05:53:14.488+0000] {processor.py:175} INFO - Processing /home/airflow/.local/lib/python3.7/site-packages/airflow/example_dags/example_skip_dag.py took 0.076 seconds
[2025-03-11T05:53:45.178+0000] {processor.py:153} INFO - Started process (PID=143) to work on /home/airflow/.local/lib/python3.7/site-packages/airflow/example_dags/example_skip_dag.py
[2025-03-11T05:53:45.179+0000] {processor.py:743} INFO - Processing file /home/airflow/.local/lib/python3.7/site-packages/airflow/example_dags/example_skip_dag.py for tasks to queue
[2025-03-11T05:53:45.180+0000] {logging_mixin.py:137} INFO - [2025-03-11T05:53:45.179+0000] {dagbag.py:538} INFO - Filling up the DagBag from /home/airflow/.local/lib/python3.7/site-packages/airflow/example_dags/example_skip_dag.py
[2025-03-11T05:53:45.193+0000] {processor.py:753} INFO - DAG(s) dict_keys(['example_skip_dag']) retrieved from /home/airflow/.local/lib/python3.7/site-packages/airflow/example_dags/example_skip_dag.py
[2025-03-11T05:53:45.221+0000] {logging_mixin.py:137} INFO - [2025-03-11T05:53:45.221+0000] {dag.py:2676} INFO - Sync 1 DAGs
[2025-03-11T05:53:45.245+0000] {logging_mixin.py:137} INFO - [2025-03-11T05:53:45.245+0000] {dag.py:3427} INFO - Setting next_dagrun for example_skip_dag to 2025-03-10T05:53:45.244733+00:00, run_after=2025-03-11T05:53:45.244733+00:00
[2025-03-11T05:53:45.260+0000] {processor.py:175} INFO - Processing /home/airflow/.local/lib/python3.7/site-packages/airflow/example_dags/example_skip_dag.py took 0.084 seconds
[2025-03-11T05:54:16.410+0000] {processor.py:153} INFO - Started process (PID=182) to work on /home/airflow/.local/lib/python3.7/site-packages/airflow/example_dags/example_skip_dag.py
[2025-03-11T05:54:16.413+0000] {processor.py:743} INFO - Processing file /home/airflow/.local/lib/python3.7/site-packages/airflow/example_dags/example_skip_dag.py for tasks to queue
[2025-03-11T05:54:16.414+0000] {logging_mixin.py:137} INFO - [2025-03-11T05:54:16.414+0000] {dagbag.py:538} INFO - Filling up the DagBag from /home/airflow/.local/lib/python3.7/site-packages/airflow/example_dags/example_skip_dag.py
[2025-03-11T05:54:16.452+0000] {processor.py:753} INFO - DAG(s) dict_keys(['example_skip_dag']) retrieved from /home/airflow/.local/lib/python3.7/site-packages/airflow/example_dags/example_skip_dag.py
[2025-03-11T05:54:16.506+0000] {logging_mixin.py:137} INFO - [2025-03-11T05:54:16.505+0000] {dag.py:2676} INFO - Sync 1 DAGs
[2025-03-11T05:54:16.537+0000] {logging_mixin.py:137} INFO - [2025-03-11T05:54:16.537+0000] {dag.py:3427} INFO - Setting next_dagrun for example_skip_dag to 2025-03-10T05:54:16.535542+00:00, run_after=2025-03-11T05:54:16.535542+00:00
[2025-03-11T05:54:16.558+0000] {processor.py:175} INFO - Processing /home/airflow/.local/lib/python3.7/site-packages/airflow/example_dags/example_skip_dag.py took 0.154 seconds
[2025-03-11T05:54:46.973+0000] {processor.py:153} INFO - Started process (PID=221) to work on /home/airflow/.local/lib/python3.7/site-packages/airflow/example_dags/example_skip_dag.py
[2025-03-11T05:54:46.974+0000] {processor.py:743} INFO - Processing file /home/airflow/.local/lib/python3.7/site-packages/airflow/example_dags/example_skip_dag.py for tasks to queue
[2025-03-11T05:54:46.975+0000] {logging_mixin.py:137} INFO - [2025-03-11T05:54:46.974+0000] {dagbag.py:538} INFO - Filling up the DagBag from /home/airflow/.local/lib/python3.7/site-packages/airflow/example_dags/example_skip_dag.py
[2025-03-11T05:54:46.996+0000] {processor.py:753} INFO - DAG(s) dict_keys(['example_skip_dag']) retrieved from /home/airflow/.local/lib/python3.7/site-packages/airflow/example_dags/example_skip_dag.py
[2025-03-11T05:54:47.035+0000] {logging_mixin.py:137} INFO - [2025-03-11T05:54:47.034+0000] {dag.py:2676} INFO - Sync 1 DAGs
[2025-03-11T05:54:47.068+0000] {logging_mixin.py:137} INFO - [2025-03-11T05:54:47.068+0000] {dag.py:3427} INFO - Setting next_dagrun for example_skip_dag to 2025-03-10T05:54:47.067942+00:00, run_after=2025-03-11T05:54:47.067942+00:00
[2025-03-11T05:54:47.086+0000] {processor.py:175} INFO - Processing /home/airflow/.local/lib/python3.7/site-packages/airflow/example_dags/example_skip_dag.py took 0.116 seconds
[2025-03-11T05:55:17.916+0000] {processor.py:153} INFO - Started process (PID=260) to work on /home/airflow/.local/lib/python3.7/site-packages/airflow/example_dags/example_skip_dag.py
[2025-03-11T05:55:17.917+0000] {processor.py:743} INFO - Processing file /home/airflow/.local/lib/python3.7/site-packages/airflow/example_dags/example_skip_dag.py for tasks to queue
[2025-03-11T05:55:17.918+0000] {logging_mixin.py:137} INFO - [2025-03-11T05:55:17.918+0000] {dagbag.py:538} INFO - Filling up the DagBag from /home/airflow/.local/lib/python3.7/site-packages/airflow/example_dags/example_skip_dag.py
[2025-03-11T05:55:17.932+0000] {processor.py:753} INFO - DAG(s) dict_keys(['example_skip_dag']) retrieved from /home/airflow/.local/lib/python3.7/site-packages/airflow/example_dags/example_skip_dag.py
[2025-03-11T05:55:17.967+0000] {logging_mixin.py:137} INFO - [2025-03-11T05:55:17.967+0000] {dag.py:2676} INFO - Sync 1 DAGs
[2025-03-11T05:55:17.992+0000] {logging_mixin.py:137} INFO - [2025-03-11T05:55:17.992+0000] {dag.py:3427} INFO - Setting next_dagrun for example_skip_dag to 2025-03-10T05:55:17.991839+00:00, run_after=2025-03-11T05:55:17.991839+00:00
[2025-03-11T05:55:18.011+0000] {processor.py:175} INFO - Processing /home/airflow/.local/lib/python3.7/site-packages/airflow/example_dags/example_skip_dag.py took 0.102 seconds
[2025-03-11T05:55:48.315+0000] {processor.py:153} INFO - Started process (PID=299) to work on /home/airflow/.local/lib/python3.7/site-packages/airflow/example_dags/example_skip_dag.py
[2025-03-11T05:55:48.317+0000] {processor.py:743} INFO - Processing file /home/airflow/.local/lib/python3.7/site-packages/airflow/example_dags/example_skip_dag.py for tasks to queue
[2025-03-11T05:55:48.317+0000] {logging_mixin.py:137} INFO - [2025-03-11T05:55:48.317+0000] {dagbag.py:538} INFO - Filling up the DagBag from /home/airflow/.local/lib/python3.7/site-packages/airflow/example_dags/example_skip_dag.py
[2025-03-11T05:55:48.331+0000] {processor.py:753} INFO - DAG(s) dict_keys(['example_skip_dag']) retrieved from /home/airflow/.local/lib/python3.7/site-packages/airflow/example_dags/example_skip_dag.py
[2025-03-11T05:55:48.360+0000] {logging_mixin.py:137} INFO - [2025-03-11T05:55:48.360+0000] {dag.py:2676} INFO - Sync 1 DAGs
[2025-03-11T05:55:48.383+0000] {logging_mixin.py:137} INFO - [2025-03-11T05:55:48.383+0000] {dag.py:3427} INFO - Setting next_dagrun for example_skip_dag to 2025-03-10T05:55:48.382983+00:00, run_after=2025-03-11T05:55:48.382983+00:00
[2025-03-11T05:55:48.399+0000] {processor.py:175} INFO - Processing /home/airflow/.local/lib/python3.7/site-packages/airflow/example_dags/example_skip_dag.py took 0.086 seconds
[2025-03-11T05:56:19.280+0000] {processor.py:153} INFO - Started process (PID=338) to work on /home/airflow/.local/lib/python3.7/site-packages/airflow/example_dags/example_skip_dag.py
[2025-03-11T05:56:19.281+0000] {processor.py:743} INFO - Processing file /home/airflow/.local/lib/python3.7/site-packages/airflow/example_dags/example_skip_dag.py for tasks to queue
[2025-03-11T05:56:19.281+0000] {logging_mixin.py:137} INFO - [2025-03-11T05:56:19.281+0000] {dagbag.py:538} INFO - Filling up the DagBag from /home/airflow/.local/lib/python3.7/site-packages/airflow/example_dags/example_skip_dag.py
[2025-03-11T05:56:19.302+0000] {processor.py:753} INFO - DAG(s) dict_keys(['example_skip_dag']) retrieved from /home/airflow/.local/lib/python3.7/site-packages/airflow/example_dags/example_skip_dag.py
[2025-03-11T05:56:19.339+0000] {logging_mixin.py:137} INFO - [2025-03-11T05:56:19.339+0000] {dag.py:2676} INFO - Sync 1 DAGs
[2025-03-11T05:56:19.363+0000] {logging_mixin.py:137} INFO - [2025-03-11T05:56:19.363+0000] {dag.py:3427} INFO - Setting next_dagrun for example_skip_dag to 2025-03-10T05:56:19.363061+00:00, run_after=2025-03-11T05:56:19.363061+00:00
[2025-03-11T05:56:19.390+0000] {processor.py:175} INFO - Processing /home/airflow/.local/lib/python3.7/site-packages/airflow/example_dags/example_skip_dag.py took 0.115 seconds
[2025-03-11T05:56:50.041+0000] {processor.py:153} INFO - Started process (PID=377) to work on /home/airflow/.local/lib/python3.7/site-packages/airflow/example_dags/example_skip_dag.py
[2025-03-11T05:56:50.042+0000] {processor.py:743} INFO - Processing file /home/airflow/.local/lib/python3.7/site-packages/airflow/example_dags/example_skip_dag.py for tasks to queue
[2025-03-11T05:56:50.043+0000] {logging_mixin.py:137} INFO - [2025-03-11T05:56:50.043+0000] {dagbag.py:538} INFO - Filling up the DagBag from /home/airflow/.local/lib/python3.7/site-packages/airflow/example_dags/example_skip_dag.py
[2025-03-11T05:56:50.061+0000] {processor.py:753} INFO - DAG(s) dict_keys(['example_skip_dag']) retrieved from /home/airflow/.local/lib/python3.7/site-packages/airflow/example_dags/example_skip_dag.py
[2025-03-11T05:56:50.100+0000] {logging_mixin.py:137} INFO - [2025-03-11T05:56:50.100+0000] {dag.py:2676} INFO - Sync 1 DAGs
[2025-03-11T05:56:50.123+0000] {logging_mixin.py:137} INFO - [2025-03-11T05:56:50.123+0000] {dag.py:3427} INFO - Setting next_dagrun for example_skip_dag to 2025-03-10T05:56:50.122728+00:00, run_after=2025-03-11T05:56:50.122728+00:00
[2025-03-11T05:56:50.139+0000] {processor.py:175} INFO - Processing /home/airflow/.local/lib/python3.7/site-packages/airflow/example_dags/example_skip_dag.py took 0.100 seconds
[2025-03-11T05:57:20.434+0000] {processor.py:153} INFO - Started process (PID=416) to work on /home/airflow/.local/lib/python3.7/site-packages/airflow/example_dags/example_skip_dag.py
[2025-03-11T05:57:20.435+0000] {processor.py:743} INFO - Processing file /home/airflow/.local/lib/python3.7/site-packages/airflow/example_dags/example_skip_dag.py for tasks to queue
[2025-03-11T05:57:20.436+0000] {logging_mixin.py:137} INFO - [2025-03-11T05:57:20.436+0000] {dagbag.py:538} INFO - Filling up the DagBag from /home/airflow/.local/lib/python3.7/site-packages/airflow/example_dags/example_skip_dag.py
[2025-03-11T05:57:20.452+0000] {processor.py:753} INFO - DAG(s) dict_keys(['example_skip_dag']) retrieved from /home/airflow/.local/lib/python3.7/site-packages/airflow/example_dags/example_skip_dag.py
[2025-03-11T05:57:20.482+0000] {logging_mixin.py:137} INFO - [2025-03-11T05:57:20.482+0000] {dag.py:2676} INFO - Sync 1 DAGs
[2025-03-11T05:57:20.504+0000] {logging_mixin.py:137} INFO - [2025-03-11T05:57:20.504+0000] {dag.py:3427} INFO - Setting next_dagrun for example_skip_dag to 2025-03-10T05:57:20.504312+00:00, run_after=2025-03-11T05:57:20.504312+00:00
[2025-03-11T05:57:20.520+0000] {processor.py:175} INFO - Processing /home/airflow/.local/lib/python3.7/site-packages/airflow/example_dags/example_skip_dag.py took 0.088 seconds
[2025-03-11T05:57:51.088+0000] {processor.py:153} INFO - Started process (PID=455) to work on /home/airflow/.local/lib/python3.7/site-packages/airflow/example_dags/example_skip_dag.py
[2025-03-11T05:57:51.089+0000] {processor.py:743} INFO - Processing file /home/airflow/.local/lib/python3.7/site-packages/airflow/example_dags/example_skip_dag.py for tasks to queue
[2025-03-11T05:57:51.089+0000] {logging_mixin.py:137} INFO - [2025-03-11T05:57:51.089+0000] {dagbag.py:538} INFO - Filling up the DagBag from /home/airflow/.local/lib/python3.7/site-packages/airflow/example_dags/example_skip_dag.py
[2025-03-11T05:57:51.104+0000] {processor.py:753} INFO - DAG(s) dict_keys(['example_skip_dag']) retrieved from /home/airflow/.local/lib/python3.7/site-packages/airflow/example_dags/example_skip_dag.py
[2025-03-11T05:57:51.139+0000] {logging_mixin.py:137} INFO - [2025-03-11T05:57:51.139+0000] {dag.py:2676} INFO - Sync 1 DAGs
[2025-03-11T05:57:51.159+0000] {logging_mixin.py:137} INFO - [2025-03-11T05:57:51.159+0000] {dag.py:3427} INFO - Setting next_dagrun for example_skip_dag to 2025-03-10T05:57:51.159092+00:00, run_after=2025-03-11T05:57:51.159092+00:00
[2025-03-11T05:57:51.176+0000] {processor.py:175} INFO - Processing /home/airflow/.local/lib/python3.7/site-packages/airflow/example_dags/example_skip_dag.py took 0.091 seconds
[2025-03-11T05:58:21.481+0000] {processor.py:153} INFO - Started process (PID=494) to work on /home/airflow/.local/lib/python3.7/site-packages/airflow/example_dags/example_skip_dag.py
[2025-03-11T05:58:21.482+0000] {processor.py:743} INFO - Processing file /home/airflow/.local/lib/python3.7/site-packages/airflow/example_dags/example_skip_dag.py for tasks to queue
[2025-03-11T05:58:21.484+0000] {logging_mixin.py:137} INFO - [2025-03-11T05:58:21.484+0000] {dagbag.py:538} INFO - Filling up the DagBag from /home/airflow/.local/lib/python3.7/site-packages/airflow/example_dags/example_skip_dag.py
[2025-03-11T05:58:21.499+0000] {processor.py:753} INFO - DAG(s) dict_keys(['example_skip_dag']) retrieved from /home/airflow/.local/lib/python3.7/site-packages/airflow/example_dags/example_skip_dag.py
[2025-03-11T05:58:21.529+0000] {logging_mixin.py:137} INFO - [2025-03-11T05:58:21.529+0000] {dag.py:2676} INFO - Sync 1 DAGs
[2025-03-11T05:58:21.549+0000] {logging_mixin.py:137} INFO - [2025-03-11T05:58:21.548+0000] {dag.py:3427} INFO - Setting next_dagrun for example_skip_dag to 2025-03-10T05:58:21.548546+00:00, run_after=2025-03-11T05:58:21.548546+00:00
[2025-03-11T05:58:21.566+0000] {processor.py:175} INFO - Processing /home/airflow/.local/lib/python3.7/site-packages/airflow/example_dags/example_skip_dag.py took 0.086 seconds
[2025-03-11T05:58:51.928+0000] {processor.py:153} INFO - Started process (PID=533) to work on /home/airflow/.local/lib/python3.7/site-packages/airflow/example_dags/example_skip_dag.py
[2025-03-11T05:58:51.929+0000] {processor.py:743} INFO - Processing file /home/airflow/.local/lib/python3.7/site-packages/airflow/example_dags/example_skip_dag.py for tasks to queue
[2025-03-11T05:58:51.930+0000] {logging_mixin.py:137} INFO - [2025-03-11T05:58:51.930+0000] {dagbag.py:538} INFO - Filling up the DagBag from /home/airflow/.local/lib/python3.7/site-packages/airflow/example_dags/example_skip_dag.py
[2025-03-11T05:58:51.942+0000] {processor.py:753} INFO - DAG(s) dict_keys(['example_skip_dag']) retrieved from /home/airflow/.local/lib/python3.7/site-packages/airflow/example_dags/example_skip_dag.py
[2025-03-11T05:58:51.972+0000] {logging_mixin.py:137} INFO - [2025-03-11T05:58:51.972+0000] {dag.py:2676} INFO - Sync 1 DAGs
[2025-03-11T05:58:51.992+0000] {logging_mixin.py:137} INFO - [2025-03-11T05:58:51.992+0000] {dag.py:3427} INFO - Setting next_dagrun for example_skip_dag to 2025-03-10T05:58:51.992346+00:00, run_after=2025-03-11T05:58:51.992346+00:00
[2025-03-11T05:58:52.007+0000] {processor.py:175} INFO - Processing /home/airflow/.local/lib/python3.7/site-packages/airflow/example_dags/example_skip_dag.py took 0.081 seconds
[2025-03-11T05:59:22.546+0000] {processor.py:153} INFO - Started process (PID=572) to work on /home/airflow/.local/lib/python3.7/site-packages/airflow/example_dags/example_skip_dag.py
[2025-03-11T05:59:22.548+0000] {processor.py:743} INFO - Processing file /home/airflow/.local/lib/python3.7/site-packages/airflow/example_dags/example_skip_dag.py for tasks to queue
[2025-03-11T05:59:22.548+0000] {logging_mixin.py:137} INFO - [2025-03-11T05:59:22.548+0000] {dagbag.py:538} INFO - Filling up the DagBag from /home/airflow/.local/lib/python3.7/site-packages/airflow/example_dags/example_skip_dag.py
[2025-03-11T05:59:22.562+0000] {processor.py:753} INFO - DAG(s) dict_keys(['example_skip_dag']) retrieved from /home/airflow/.local/lib/python3.7/site-packages/airflow/example_dags/example_skip_dag.py
[2025-03-11T05:59:22.594+0000] {logging_mixin.py:137} INFO - [2025-03-11T05:59:22.594+0000] {dag.py:2676} INFO - Sync 1 DAGs
[2025-03-11T05:59:22.620+0000] {logging_mixin.py:137} INFO - [2025-03-11T05:59:22.620+0000] {dag.py:3427} INFO - Setting next_dagrun for example_skip_dag to 2025-03-10T05:59:22.619679+00:00, run_after=2025-03-11T05:59:22.619679+00:00
[2025-03-11T05:59:22.643+0000] {processor.py:175} INFO - Processing /home/airflow/.local/lib/python3.7/site-packages/airflow/example_dags/example_skip_dag.py took 0.099 seconds
[2025-03-11T05:59:53.094+0000] {processor.py:153} INFO - Started process (PID=611) to work on /home/airflow/.local/lib/python3.7/site-packages/airflow/example_dags/example_skip_dag.py
[2025-03-11T05:59:53.095+0000] {processor.py:743} INFO - Processing file /home/airflow/.local/lib/python3.7/site-packages/airflow/example_dags/example_skip_dag.py for tasks to queue
[2025-03-11T05:59:53.098+0000] {logging_mixin.py:137} INFO - [2025-03-11T05:59:53.098+0000] {dagbag.py:538} INFO - Filling up the DagBag from /home/airflow/.local/lib/python3.7/site-packages/airflow/example_dags/example_skip_dag.py
[2025-03-11T05:59:53.114+0000] {processor.py:753} INFO - DAG(s) dict_keys(['example_skip_dag']) retrieved from /home/airflow/.local/lib/python3.7/site-packages/airflow/example_dags/example_skip_dag.py
[2025-03-11T05:59:53.148+0000] {logging_mixin.py:137} INFO - [2025-03-11T05:59:53.148+0000] {dag.py:2676} INFO - Sync 1 DAGs
[2025-03-11T05:59:53.169+0000] {logging_mixin.py:137} INFO - [2025-03-11T05:59:53.169+0000] {dag.py:3427} INFO - Setting next_dagrun for example_skip_dag to 2025-03-10T05:59:53.168621+00:00, run_after=2025-03-11T05:59:53.168621+00:00
[2025-03-11T05:59:53.186+0000] {processor.py:175} INFO - Processing /home/airflow/.local/lib/python3.7/site-packages/airflow/example_dags/example_skip_dag.py took 0.094 seconds
[2025-03-11T06:00:23.637+0000] {processor.py:153} INFO - Started process (PID=650) to work on /home/airflow/.local/lib/python3.7/site-packages/airflow/example_dags/example_skip_dag.py
[2025-03-11T06:00:23.638+0000] {processor.py:743} INFO - Processing file /home/airflow/.local/lib/python3.7/site-packages/airflow/example_dags/example_skip_dag.py for tasks to queue
[2025-03-11T06:00:23.639+0000] {logging_mixin.py:137} INFO - [2025-03-11T06:00:23.639+0000] {dagbag.py:538} INFO - Filling up the DagBag from /home/airflow/.local/lib/python3.7/site-packages/airflow/example_dags/example_skip_dag.py
[2025-03-11T06:00:23.655+0000] {processor.py:753} INFO - DAG(s) dict_keys(['example_skip_dag']) retrieved from /home/airflow/.local/lib/python3.7/site-packages/airflow/example_dags/example_skip_dag.py
[2025-03-11T06:00:23.689+0000] {logging_mixin.py:137} INFO - [2025-03-11T06:00:23.689+0000] {dag.py:2676} INFO - Sync 1 DAGs
[2025-03-11T06:00:23.710+0000] {logging_mixin.py:137} INFO - [2025-03-11T06:00:23.709+0000] {dag.py:3427} INFO - Setting next_dagrun for example_skip_dag to 2025-03-10T06:00:23.709524+00:00, run_after=2025-03-11T06:00:23.709524+00:00
[2025-03-11T06:00:23.728+0000] {processor.py:175} INFO - Processing /home/airflow/.local/lib/python3.7/site-packages/airflow/example_dags/example_skip_dag.py took 0.093 seconds
[2025-03-11T06:00:54.338+0000] {processor.py:153} INFO - Started process (PID=689) to work on /home/airflow/.local/lib/python3.7/site-packages/airflow/example_dags/example_skip_dag.py
[2025-03-11T06:00:54.339+0000] {processor.py:743} INFO - Processing file /home/airflow/.local/lib/python3.7/site-packages/airflow/example_dags/example_skip_dag.py for tasks to queue
[2025-03-11T06:00:54.339+0000] {logging_mixin.py:137} INFO - [2025-03-11T06:00:54.339+0000] {dagbag.py:538} INFO - Filling up the DagBag from /home/airflow/.local/lib/python3.7/site-packages/airflow/example_dags/example_skip_dag.py
[2025-03-11T06:00:54.352+0000] {processor.py:753} INFO - DAG(s) dict_keys(['example_skip_dag']) retrieved from /home/airflow/.local/lib/python3.7/site-packages/airflow/example_dags/example_skip_dag.py
[2025-03-11T06:00:54.385+0000] {logging_mixin.py:137} INFO - [2025-03-11T06:00:54.385+0000] {dag.py:2676} INFO - Sync 1 DAGs
[2025-03-11T06:00:54.409+0000] {logging_mixin.py:137} INFO - [2025-03-11T06:00:54.409+0000] {dag.py:3427} INFO - Setting next_dagrun for example_skip_dag to 2025-03-10T06:00:54.409064+00:00, run_after=2025-03-11T06:00:54.409064+00:00
[2025-03-11T06:00:54.426+0000] {processor.py:175} INFO - Processing /home/airflow/.local/lib/python3.7/site-packages/airflow/example_dags/example_skip_dag.py took 0.092 seconds
[2025-03-11T06:01:24.780+0000] {processor.py:153} INFO - Started process (PID=728) to work on /home/airflow/.local/lib/python3.7/site-packages/airflow/example_dags/example_skip_dag.py
[2025-03-11T06:01:24.781+0000] {processor.py:743} INFO - Processing file /home/airflow/.local/lib/python3.7/site-packages/airflow/example_dags/example_skip_dag.py for tasks to queue
[2025-03-11T06:01:24.782+0000] {logging_mixin.py:137} INFO - [2025-03-11T06:01:24.782+0000] {dagbag.py:538} INFO - Filling up the DagBag from /home/airflow/.local/lib/python3.7/site-packages/airflow/example_dags/example_skip_dag.py
[2025-03-11T06:01:24.795+0000] {processor.py:753} INFO - DAG(s) dict_keys(['example_skip_dag']) retrieved from /home/airflow/.local/lib/python3.7/site-packages/airflow/example_dags/example_skip_dag.py
[2025-03-11T06:01:24.829+0000] {logging_mixin.py:137} INFO - [2025-03-11T06:01:24.829+0000] {dag.py:2676} INFO - Sync 1 DAGs
[2025-03-11T06:01:24.852+0000] {logging_mixin.py:137} INFO - [2025-03-11T06:01:24.852+0000] {dag.py:3427} INFO - Setting next_dagrun for example_skip_dag to 2025-03-10T06:01:24.851958+00:00, run_after=2025-03-11T06:01:24.851958+00:00
[2025-03-11T06:01:24.867+0000] {processor.py:175} INFO - Processing /home/airflow/.local/lib/python3.7/site-packages/airflow/example_dags/example_skip_dag.py took 0.089 seconds
[2025-03-11T06:01:55.062+0000] {processor.py:153} INFO - Started process (PID=767) to work on /home/airflow/.local/lib/python3.7/site-packages/airflow/example_dags/example_skip_dag.py
[2025-03-11T06:01:55.063+0000] {processor.py:743} INFO - Processing file /home/airflow/.local/lib/python3.7/site-packages/airflow/example_dags/example_skip_dag.py for tasks to queue
[2025-03-11T06:01:55.063+0000] {logging_mixin.py:137} INFO - [2025-03-11T06:01:55.063+0000] {dagbag.py:538} INFO - Filling up the DagBag from /home/airflow/.local/lib/python3.7/site-packages/airflow/example_dags/example_skip_dag.py
[2025-03-11T06:01:55.077+0000] {processor.py:753} INFO - DAG(s) dict_keys(['example_skip_dag']) retrieved from /home/airflow/.local/lib/python3.7/site-packages/airflow/example_dags/example_skip_dag.py
[2025-03-11T06:01:55.108+0000] {logging_mixin.py:137} INFO - [2025-03-11T06:01:55.108+0000] {dag.py:2676} INFO - Sync 1 DAGs
[2025-03-11T06:01:55.128+0000] {logging_mixin.py:137} INFO - [2025-03-11T06:01:55.128+0000] {dag.py:3427} INFO - Setting next_dagrun for example_skip_dag to 2025-03-10T06:01:55.127981+00:00, run_after=2025-03-11T06:01:55.127981+00:00
[2025-03-11T06:01:55.144+0000] {processor.py:175} INFO - Processing /home/airflow/.local/lib/python3.7/site-packages/airflow/example_dags/example_skip_dag.py took 0.084 seconds
[2025-03-11T06:02:26.043+0000] {processor.py:153} INFO - Started process (PID=806) to work on /home/airflow/.local/lib/python3.7/site-packages/airflow/example_dags/example_skip_dag.py
[2025-03-11T06:02:26.044+0000] {processor.py:743} INFO - Processing file /home/airflow/.local/lib/python3.7/site-packages/airflow/example_dags/example_skip_dag.py for tasks to queue
[2025-03-11T06:02:26.045+0000] {logging_mixin.py:137} INFO - [2025-03-11T06:02:26.045+0000] {dagbag.py:538} INFO - Filling up the DagBag from /home/airflow/.local/lib/python3.7/site-packages/airflow/example_dags/example_skip_dag.py
[2025-03-11T06:02:26.058+0000] {processor.py:753} INFO - DAG(s) dict_keys(['example_skip_dag']) retrieved from /home/airflow/.local/lib/python3.7/site-packages/airflow/example_dags/example_skip_dag.py
[2025-03-11T06:02:26.089+0000] {logging_mixin.py:137} INFO - [2025-03-11T06:02:26.089+0000] {dag.py:2676} INFO - Sync 1 DAGs
[2025-03-11T06:02:26.111+0000] {logging_mixin.py:137} INFO - [2025-03-11T06:02:26.111+0000] {dag.py:3427} INFO - Setting next_dagrun for example_skip_dag to 2025-03-10T06:02:26.110633+00:00, run_after=2025-03-11T06:02:26.110633+00:00
[2025-03-11T06:02:26.128+0000] {processor.py:175} INFO - Processing /home/airflow/.local/lib/python3.7/site-packages/airflow/example_dags/example_skip_dag.py took 0.087 seconds
[2025-03-11T06:02:56.541+0000] {processor.py:153} INFO - Started process (PID=845) to work on /home/airflow/.local/lib/python3.7/site-packages/airflow/example_dags/example_skip_dag.py
[2025-03-11T06:02:56.542+0000] {processor.py:743} INFO - Processing file /home/airflow/.local/lib/python3.7/site-packages/airflow/example_dags/example_skip_dag.py for tasks to queue
[2025-03-11T06:02:56.544+0000] {logging_mixin.py:137} INFO - [2025-03-11T06:02:56.544+0000] {dagbag.py:538} INFO - Filling up the DagBag from /home/airflow/.local/lib/python3.7/site-packages/airflow/example_dags/example_skip_dag.py
[2025-03-11T06:02:56.557+0000] {processor.py:753} INFO - DAG(s) dict_keys(['example_skip_dag']) retrieved from /home/airflow/.local/lib/python3.7/site-packages/airflow/example_dags/example_skip_dag.py
[2025-03-11T06:02:56.592+0000] {logging_mixin.py:137} INFO - [2025-03-11T06:02:56.592+0000] {dag.py:2676} INFO - Sync 1 DAGs
[2025-03-11T06:02:56.617+0000] {logging_mixin.py:137} INFO - [2025-03-11T06:02:56.617+0000] {dag.py:3427} INFO - Setting next_dagrun for example_skip_dag to 2025-03-10T06:02:56.617180+00:00, run_after=2025-03-11T06:02:56.617180+00:00
[2025-03-11T06:02:56.632+0000] {processor.py:175} INFO - Processing /home/airflow/.local/lib/python3.7/site-packages/airflow/example_dags/example_skip_dag.py took 0.093 seconds
[2025-03-11T06:03:26.985+0000] {processor.py:153} INFO - Started process (PID=884) to work on /home/airflow/.local/lib/python3.7/site-packages/airflow/example_dags/example_skip_dag.py
[2025-03-11T06:03:26.986+0000] {processor.py:743} INFO - Processing file /home/airflow/.local/lib/python3.7/site-packages/airflow/example_dags/example_skip_dag.py for tasks to queue
[2025-03-11T06:03:26.986+0000] {logging_mixin.py:137} INFO - [2025-03-11T06:03:26.986+0000] {dagbag.py:538} INFO - Filling up the DagBag from /home/airflow/.local/lib/python3.7/site-packages/airflow/example_dags/example_skip_dag.py
[2025-03-11T06:03:27.000+0000] {processor.py:753} INFO - DAG(s) dict_keys(['example_skip_dag']) retrieved from /home/airflow/.local/lib/python3.7/site-packages/airflow/example_dags/example_skip_dag.py
[2025-03-11T06:03:27.029+0000] {logging_mixin.py:137} INFO - [2025-03-11T06:03:27.029+0000] {dag.py:2676} INFO - Sync 1 DAGs
[2025-03-11T06:03:27.058+0000] {logging_mixin.py:137} INFO - [2025-03-11T06:03:27.057+0000] {dag.py:3427} INFO - Setting next_dagrun for example_skip_dag to 2025-03-10T06:03:27.057441+00:00, run_after=2025-03-11T06:03:27.057441+00:00
[2025-03-11T06:03:27.072+0000] {processor.py:175} INFO - Processing /home/airflow/.local/lib/python3.7/site-packages/airflow/example_dags/example_skip_dag.py took 0.089 seconds
[2025-03-11T06:03:57.404+0000] {processor.py:153} INFO - Started process (PID=923) to work on /home/airflow/.local/lib/python3.7/site-packages/airflow/example_dags/example_skip_dag.py
[2025-03-11T06:03:57.405+0000] {processor.py:743} INFO - Processing file /home/airflow/.local/lib/python3.7/site-packages/airflow/example_dags/example_skip_dag.py for tasks to queue
[2025-03-11T06:03:57.406+0000] {logging_mixin.py:137} INFO - [2025-03-11T06:03:57.406+0000] {dagbag.py:538} INFO - Filling up the DagBag from /home/airflow/.local/lib/python3.7/site-packages/airflow/example_dags/example_skip_dag.py
[2025-03-11T06:03:57.420+0000] {processor.py:753} INFO - DAG(s) dict_keys(['example_skip_dag']) retrieved from /home/airflow/.local/lib/python3.7/site-packages/airflow/example_dags/example_skip_dag.py
[2025-03-11T06:03:57.454+0000] {logging_mixin.py:137} INFO - [2025-03-11T06:03:57.454+0000] {dag.py:2676} INFO - Sync 1 DAGs
[2025-03-11T06:03:57.476+0000] {logging_mixin.py:137} INFO - [2025-03-11T06:03:57.476+0000] {dag.py:3427} INFO - Setting next_dagrun for example_skip_dag to 2025-03-10T06:03:57.475744+00:00, run_after=2025-03-11T06:03:57.475744+00:00
[2025-03-11T06:03:57.492+0000] {processor.py:175} INFO - Processing /home/airflow/.local/lib/python3.7/site-packages/airflow/example_dags/example_skip_dag.py took 0.090 seconds
[2025-03-11T06:04:27.854+0000] {processor.py:153} INFO - Started process (PID=962) to work on /home/airflow/.local/lib/python3.7/site-packages/airflow/example_dags/example_skip_dag.py
[2025-03-11T06:04:27.856+0000] {processor.py:743} INFO - Processing file /home/airflow/.local/lib/python3.7/site-packages/airflow/example_dags/example_skip_dag.py for tasks to queue
[2025-03-11T06:04:27.856+0000] {logging_mixin.py:137} INFO - [2025-03-11T06:04:27.856+0000] {dagbag.py:538} INFO - Filling up the DagBag from /home/airflow/.local/lib/python3.7/site-packages/airflow/example_dags/example_skip_dag.py
[2025-03-11T06:04:27.871+0000] {processor.py:753} INFO - DAG(s) dict_keys(['example_skip_dag']) retrieved from /home/airflow/.local/lib/python3.7/site-packages/airflow/example_dags/example_skip_dag.py
[2025-03-11T06:04:27.900+0000] {logging_mixin.py:137} INFO - [2025-03-11T06:04:27.900+0000] {dag.py:2676} INFO - Sync 1 DAGs
[2025-03-11T06:04:27.925+0000] {logging_mixin.py:137} INFO - [2025-03-11T06:04:27.925+0000] {dag.py:3427} INFO - Setting next_dagrun for example_skip_dag to 2025-03-10T06:04:27.924812+00:00, run_after=2025-03-11T06:04:27.924812+00:00
[2025-03-11T06:04:27.942+0000] {processor.py:175} INFO - Processing /home/airflow/.local/lib/python3.7/site-packages/airflow/example_dags/example_skip_dag.py took 0.089 seconds
[2025-03-11T06:04:58.247+0000] {processor.py:153} INFO - Started process (PID=1001) to work on /home/airflow/.local/lib/python3.7/site-packages/airflow/example_dags/example_skip_dag.py
[2025-03-11T06:04:58.248+0000] {processor.py:743} INFO - Processing file /home/airflow/.local/lib/python3.7/site-packages/airflow/example_dags/example_skip_dag.py for tasks to queue
[2025-03-11T06:04:58.248+0000] {logging_mixin.py:137} INFO - [2025-03-11T06:04:58.248+0000] {dagbag.py:538} INFO - Filling up the DagBag from /home/airflow/.local/lib/python3.7/site-packages/airflow/example_dags/example_skip_dag.py
[2025-03-11T06:04:58.262+0000] {processor.py:753} INFO - DAG(s) dict_keys(['example_skip_dag']) retrieved from /home/airflow/.local/lib/python3.7/site-packages/airflow/example_dags/example_skip_dag.py
[2025-03-11T06:04:58.296+0000] {logging_mixin.py:137} INFO - [2025-03-11T06:04:58.296+0000] {dag.py:2676} INFO - Sync 1 DAGs
[2025-03-11T06:04:58.319+0000] {logging_mixin.py:137} INFO - [2025-03-11T06:04:58.319+0000] {dag.py:3427} INFO - Setting next_dagrun for example_skip_dag to 2025-03-10T06:04:58.318936+00:00, run_after=2025-03-11T06:04:58.318936+00:00
[2025-03-11T06:04:58.333+0000] {processor.py:175} INFO - Processing /home/airflow/.local/lib/python3.7/site-packages/airflow/example_dags/example_skip_dag.py took 0.088 seconds
[2025-03-11T06:05:28.676+0000] {processor.py:153} INFO - Started process (PID=1040) to work on /home/airflow/.local/lib/python3.7/site-packages/airflow/example_dags/example_skip_dag.py
[2025-03-11T06:05:28.677+0000] {processor.py:743} INFO - Processing file /home/airflow/.local/lib/python3.7/site-packages/airflow/example_dags/example_skip_dag.py for tasks to queue
[2025-03-11T06:05:28.678+0000] {logging_mixin.py:137} INFO - [2025-03-11T06:05:28.677+0000] {dagbag.py:538} INFO - Filling up the DagBag from /home/airflow/.local/lib/python3.7/site-packages/airflow/example_dags/example_skip_dag.py
[2025-03-11T06:05:28.691+0000] {processor.py:753} INFO - DAG(s) dict_keys(['example_skip_dag']) retrieved from /home/airflow/.local/lib/python3.7/site-packages/airflow/example_dags/example_skip_dag.py
[2025-03-11T06:05:28.724+0000] {logging_mixin.py:137} INFO - [2025-03-11T06:05:28.724+0000] {dag.py:2676} INFO - Sync 1 DAGs
[2025-03-11T06:05:28.749+0000] {logging_mixin.py:137} INFO - [2025-03-11T06:05:28.749+0000] {dag.py:3427} INFO - Setting next_dagrun for example_skip_dag to 2025-03-10T06:05:28.748808+00:00, run_after=2025-03-11T06:05:28.748808+00:00
[2025-03-11T06:05:28.769+0000] {processor.py:175} INFO - Processing /home/airflow/.local/lib/python3.7/site-packages/airflow/example_dags/example_skip_dag.py took 0.095 seconds
[2025-03-11T06:05:59.174+0000] {processor.py:153} INFO - Started process (PID=1079) to work on /home/airflow/.local/lib/python3.7/site-packages/airflow/example_dags/example_skip_dag.py
[2025-03-11T06:05:59.175+0000] {processor.py:743} INFO - Processing file /home/airflow/.local/lib/python3.7/site-packages/airflow/example_dags/example_skip_dag.py for tasks to queue
[2025-03-11T06:05:59.176+0000] {logging_mixin.py:137} INFO - [2025-03-11T06:05:59.175+0000] {dagbag.py:538} INFO - Filling up the DagBag from /home/airflow/.local/lib/python3.7/site-packages/airflow/example_dags/example_skip_dag.py
[2025-03-11T06:05:59.192+0000] {processor.py:753} INFO - DAG(s) dict_keys(['example_skip_dag']) retrieved from /home/airflow/.local/lib/python3.7/site-packages/airflow/example_dags/example_skip_dag.py
[2025-03-11T06:05:59.228+0000] {logging_mixin.py:137} INFO - [2025-03-11T06:05:59.228+0000] {dag.py:2676} INFO - Sync 1 DAGs
[2025-03-11T06:05:59.249+0000] {logging_mixin.py:137} INFO - [2025-03-11T06:05:59.249+0000] {dag.py:3427} INFO - Setting next_dagrun for example_skip_dag to 2025-03-10T06:05:59.248813+00:00, run_after=2025-03-11T06:05:59.248813+00:00
[2025-03-11T06:05:59.270+0000] {processor.py:175} INFO - Processing /home/airflow/.local/lib/python3.7/site-packages/airflow/example_dags/example_skip_dag.py took 0.099 seconds
[2025-03-11T06:06:29.578+0000] {processor.py:153} INFO - Started process (PID=1118) to work on /home/airflow/.local/lib/python3.7/site-packages/airflow/example_dags/example_skip_dag.py
[2025-03-11T06:06:29.579+0000] {processor.py:743} INFO - Processing file /home/airflow/.local/lib/python3.7/site-packages/airflow/example_dags/example_skip_dag.py for tasks to queue
[2025-03-11T06:06:29.580+0000] {logging_mixin.py:137} INFO - [2025-03-11T06:06:29.580+0000] {dagbag.py:538} INFO - Filling up the DagBag from /home/airflow/.local/lib/python3.7/site-packages/airflow/example_dags/example_skip_dag.py
[2025-03-11T06:06:29.593+0000] {processor.py:753} INFO - DAG(s) dict_keys(['example_skip_dag']) retrieved from /home/airflow/.local/lib/python3.7/site-packages/airflow/example_dags/example_skip_dag.py
[2025-03-11T06:06:29.622+0000] {logging_mixin.py:137} INFO - [2025-03-11T06:06:29.621+0000] {dag.py:2676} INFO - Sync 1 DAGs
[2025-03-11T06:06:29.643+0000] {logging_mixin.py:137} INFO - [2025-03-11T06:06:29.642+0000] {dag.py:3427} INFO - Setting next_dagrun for example_skip_dag to 2025-03-10T06:06:29.642565+00:00, run_after=2025-03-11T06:06:29.642565+00:00
[2025-03-11T06:06:29.661+0000] {processor.py:175} INFO - Processing /home/airflow/.local/lib/python3.7/site-packages/airflow/example_dags/example_skip_dag.py took 0.085 seconds
[2025-03-11T06:06:59.959+0000] {processor.py:153} INFO - Started process (PID=1157) to work on /home/airflow/.local/lib/python3.7/site-packages/airflow/example_dags/example_skip_dag.py
[2025-03-11T06:06:59.960+0000] {processor.py:743} INFO - Processing file /home/airflow/.local/lib/python3.7/site-packages/airflow/example_dags/example_skip_dag.py for tasks to queue
[2025-03-11T06:06:59.960+0000] {logging_mixin.py:137} INFO - [2025-03-11T06:06:59.960+0000] {dagbag.py:538} INFO - Filling up the DagBag from /home/airflow/.local/lib/python3.7/site-packages/airflow/example_dags/example_skip_dag.py
[2025-03-11T06:06:59.975+0000] {processor.py:753} INFO - DAG(s) dict_keys(['example_skip_dag']) retrieved from /home/airflow/.local/lib/python3.7/site-packages/airflow/example_dags/example_skip_dag.py
[2025-03-11T06:07:00.006+0000] {logging_mixin.py:137} INFO - [2025-03-11T06:07:00.006+0000] {dag.py:2676} INFO - Sync 1 DAGs
[2025-03-11T06:07:00.031+0000] {logging_mixin.py:137} INFO - [2025-03-11T06:07:00.031+0000] {dag.py:3427} INFO - Setting next_dagrun for example_skip_dag to 2025-03-10T06:07:00.030638+00:00, run_after=2025-03-11T06:07:00.030638+00:00
[2025-03-11T06:07:00.046+0000] {processor.py:175} INFO - Processing /home/airflow/.local/lib/python3.7/site-packages/airflow/example_dags/example_skip_dag.py took 0.089 seconds
[2025-03-11T06:07:30.398+0000] {processor.py:153} INFO - Started process (PID=1196) to work on /home/airflow/.local/lib/python3.7/site-packages/airflow/example_dags/example_skip_dag.py
[2025-03-11T06:07:30.399+0000] {processor.py:743} INFO - Processing file /home/airflow/.local/lib/python3.7/site-packages/airflow/example_dags/example_skip_dag.py for tasks to queue
[2025-03-11T06:07:30.400+0000] {logging_mixin.py:137} INFO - [2025-03-11T06:07:30.400+0000] {dagbag.py:538} INFO - Filling up the DagBag from /home/airflow/.local/lib/python3.7/site-packages/airflow/example_dags/example_skip_dag.py
[2025-03-11T06:07:30.414+0000] {processor.py:753} INFO - DAG(s) dict_keys(['example_skip_dag']) retrieved from /home/airflow/.local/lib/python3.7/site-packages/airflow/example_dags/example_skip_dag.py
[2025-03-11T06:07:30.446+0000] {logging_mixin.py:137} INFO - [2025-03-11T06:07:30.445+0000] {dag.py:2676} INFO - Sync 1 DAGs
[2025-03-11T06:07:30.466+0000] {logging_mixin.py:137} INFO - [2025-03-11T06:07:30.465+0000] {dag.py:3427} INFO - Setting next_dagrun for example_skip_dag to 2025-03-10T06:07:30.465533+00:00, run_after=2025-03-11T06:07:30.465533+00:00
[2025-03-11T06:07:30.483+0000] {processor.py:175} INFO - Processing /home/airflow/.local/lib/python3.7/site-packages/airflow/example_dags/example_skip_dag.py took 0.087 seconds
[2025-03-11T06:08:00.959+0000] {processor.py:153} INFO - Started process (PID=1235) to work on /home/airflow/.local/lib/python3.7/site-packages/airflow/example_dags/example_skip_dag.py
[2025-03-11T06:08:00.961+0000] {processor.py:743} INFO - Processing file /home/airflow/.local/lib/python3.7/site-packages/airflow/example_dags/example_skip_dag.py for tasks to queue
[2025-03-11T06:08:00.962+0000] {logging_mixin.py:137} INFO - [2025-03-11T06:08:00.962+0000] {dagbag.py:538} INFO - Filling up the DagBag from /home/airflow/.local/lib/python3.7/site-packages/airflow/example_dags/example_skip_dag.py
[2025-03-11T06:08:00.976+0000] {processor.py:753} INFO - DAG(s) dict_keys(['example_skip_dag']) retrieved from /home/airflow/.local/lib/python3.7/site-packages/airflow/example_dags/example_skip_dag.py
[2025-03-11T06:08:01.009+0000] {logging_mixin.py:137} INFO - [2025-03-11T06:08:01.009+0000] {dag.py:2676} INFO - Sync 1 DAGs
[2025-03-11T06:08:01.032+0000] {logging_mixin.py:137} INFO - [2025-03-11T06:08:01.032+0000] {dag.py:3427} INFO - Setting next_dagrun for example_skip_dag to 2025-03-10T06:08:01.032281+00:00, run_after=2025-03-11T06:08:01.032281+00:00
[2025-03-11T06:08:01.053+0000] {processor.py:175} INFO - Processing /home/airflow/.local/lib/python3.7/site-packages/airflow/example_dags/example_skip_dag.py took 0.096 seconds
[2025-03-11T06:08:31.429+0000] {processor.py:153} INFO - Started process (PID=1274) to work on /home/airflow/.local/lib/python3.7/site-packages/airflow/example_dags/example_skip_dag.py
[2025-03-11T06:08:31.430+0000] {processor.py:743} INFO - Processing file /home/airflow/.local/lib/python3.7/site-packages/airflow/example_dags/example_skip_dag.py for tasks to queue
[2025-03-11T06:08:31.431+0000] {logging_mixin.py:137} INFO - [2025-03-11T06:08:31.431+0000] {dagbag.py:538} INFO - Filling up the DagBag from /home/airflow/.local/lib/python3.7/site-packages/airflow/example_dags/example_skip_dag.py
[2025-03-11T06:08:31.446+0000] {processor.py:753} INFO - DAG(s) dict_keys(['example_skip_dag']) retrieved from /home/airflow/.local/lib/python3.7/site-packages/airflow/example_dags/example_skip_dag.py
[2025-03-11T06:08:31.476+0000] {logging_mixin.py:137} INFO - [2025-03-11T06:08:31.476+0000] {dag.py:2676} INFO - Sync 1 DAGs
[2025-03-11T06:08:31.498+0000] {logging_mixin.py:137} INFO - [2025-03-11T06:08:31.498+0000] {dag.py:3427} INFO - Setting next_dagrun for example_skip_dag to 2025-03-10T06:08:31.497674+00:00, run_after=2025-03-11T06:08:31.497674+00:00
[2025-03-11T06:08:31.514+0000] {processor.py:175} INFO - Processing /home/airflow/.local/lib/python3.7/site-packages/airflow/example_dags/example_skip_dag.py took 0.087 seconds
[2025-03-11T06:09:02.027+0000] {processor.py:153} INFO - Started process (PID=1313) to work on /home/airflow/.local/lib/python3.7/site-packages/airflow/example_dags/example_skip_dag.py
[2025-03-11T06:09:02.027+0000] {processor.py:743} INFO - Processing file /home/airflow/.local/lib/python3.7/site-packages/airflow/example_dags/example_skip_dag.py for tasks to queue
[2025-03-11T06:09:02.028+0000] {logging_mixin.py:137} INFO - [2025-03-11T06:09:02.028+0000] {dagbag.py:538} INFO - Filling up the DagBag from /home/airflow/.local/lib/python3.7/site-packages/airflow/example_dags/example_skip_dag.py
[2025-03-11T06:09:02.041+0000] {processor.py:753} INFO - DAG(s) dict_keys(['example_skip_dag']) retrieved from /home/airflow/.local/lib/python3.7/site-packages/airflow/example_dags/example_skip_dag.py
[2025-03-11T06:09:02.072+0000] {logging_mixin.py:137} INFO - [2025-03-11T06:09:02.072+0000] {dag.py:2676} INFO - Sync 1 DAGs
[2025-03-11T06:09:02.093+0000] {logging_mixin.py:137} INFO - [2025-03-11T06:09:02.093+0000] {dag.py:3427} INFO - Setting next_dagrun for example_skip_dag to 2025-03-10T06:09:02.093265+00:00, run_after=2025-03-11T06:09:02.093265+00:00
[2025-03-11T06:09:02.112+0000] {processor.py:175} INFO - Processing /home/airflow/.local/lib/python3.7/site-packages/airflow/example_dags/example_skip_dag.py took 0.088 seconds
[2025-03-11T06:09:32.486+0000] {processor.py:153} INFO - Started process (PID=1352) to work on /home/airflow/.local/lib/python3.7/site-packages/airflow/example_dags/example_skip_dag.py
[2025-03-11T06:09:32.487+0000] {processor.py:743} INFO - Processing file /home/airflow/.local/lib/python3.7/site-packages/airflow/example_dags/example_skip_dag.py for tasks to queue
[2025-03-11T06:09:32.487+0000] {logging_mixin.py:137} INFO - [2025-03-11T06:09:32.487+0000] {dagbag.py:538} INFO - Filling up the DagBag from /home/airflow/.local/lib/python3.7/site-packages/airflow/example_dags/example_skip_dag.py
[2025-03-11T06:09:32.502+0000] {processor.py:753} INFO - DAG(s) dict_keys(['example_skip_dag']) retrieved from /home/airflow/.local/lib/python3.7/site-packages/airflow/example_dags/example_skip_dag.py
[2025-03-11T06:09:32.539+0000] {logging_mixin.py:137} INFO - [2025-03-11T06:09:32.539+0000] {dag.py:2676} INFO - Sync 1 DAGs
[2025-03-11T06:09:32.562+0000] {logging_mixin.py:137} INFO - [2025-03-11T06:09:32.561+0000] {dag.py:3427} INFO - Setting next_dagrun for example_skip_dag to 2025-03-10T06:09:32.561464+00:00, run_after=2025-03-11T06:09:32.561464+00:00
[2025-03-11T06:09:32.581+0000] {processor.py:175} INFO - Processing /home/airflow/.local/lib/python3.7/site-packages/airflow/example_dags/example_skip_dag.py took 0.099 seconds
[2025-03-11T06:10:02.982+0000] {processor.py:153} INFO - Started process (PID=1391) to work on /home/airflow/.local/lib/python3.7/site-packages/airflow/example_dags/example_skip_dag.py
[2025-03-11T06:10:02.983+0000] {processor.py:743} INFO - Processing file /home/airflow/.local/lib/python3.7/site-packages/airflow/example_dags/example_skip_dag.py for tasks to queue
[2025-03-11T06:10:02.983+0000] {logging_mixin.py:137} INFO - [2025-03-11T06:10:02.983+0000] {dagbag.py:538} INFO - Filling up the DagBag from /home/airflow/.local/lib/python3.7/site-packages/airflow/example_dags/example_skip_dag.py
[2025-03-11T06:10:02.997+0000] {processor.py:753} INFO - DAG(s) dict_keys(['example_skip_dag']) retrieved from /home/airflow/.local/lib/python3.7/site-packages/airflow/example_dags/example_skip_dag.py
[2025-03-11T06:10:03.031+0000] {logging_mixin.py:137} INFO - [2025-03-11T06:10:03.031+0000] {dag.py:2676} INFO - Sync 1 DAGs
[2025-03-11T06:10:03.053+0000] {logging_mixin.py:137} INFO - [2025-03-11T06:10:03.053+0000] {dag.py:3427} INFO - Setting next_dagrun for example_skip_dag to 2025-03-10T06:10:03.052664+00:00, run_after=2025-03-11T06:10:03.052664+00:00
[2025-03-11T06:10:03.067+0000] {processor.py:175} INFO - Processing /home/airflow/.local/lib/python3.7/site-packages/airflow/example_dags/example_skip_dag.py took 0.088 seconds
