[2025-03-11T05:52:40.067+0000] {processor.py:153} INFO - Started process (PID=48) to work on /home/airflow/.local/lib/python3.7/site-packages/airflow/example_dags/example_task_group_decorator.py
[2025-03-11T05:52:40.068+0000] {processor.py:743} INFO - Processing file /home/airflow/.local/lib/python3.7/site-packages/airflow/example_dags/example_task_group_decorator.py for tasks to queue
[2025-03-11T05:52:40.070+0000] {logging_mixin.py:137} INFO - [2025-03-11T05:52:40.070+0000] {dagbag.py:538} INFO - Filling up the DagBag from /home/airflow/.local/lib/python3.7/site-packages/airflow/example_dags/example_task_group_decorator.py
[2025-03-11T05:52:40.135+0000] {processor.py:753} INFO - DAG(s) dict_keys(['example_task_group_decorator']) retrieved from /home/airflow/.local/lib/python3.7/site-packages/airflow/example_dags/example_task_group_decorator.py
[2025-03-11T05:52:40.173+0000] {logging_mixin.py:137} INFO - [2025-03-11T05:52:40.172+0000] {dag.py:2676} INFO - Sync 1 DAGs
[2025-03-11T05:52:40.226+0000] {logging_mixin.py:137} INFO - [2025-03-11T05:52:40.226+0000] {dag.py:3427} INFO - Setting next_dagrun for example_task_group_decorator to 2025-03-10T05:52:40.225594+00:00, run_after=2025-03-11T05:52:40.225594+00:00
[2025-03-11T05:52:40.285+0000] {processor.py:175} INFO - Processing /home/airflow/.local/lib/python3.7/site-packages/airflow/example_dags/example_task_group_decorator.py took 0.220 seconds
[2025-03-11T05:53:10.478+0000] {processor.py:153} INFO - Started process (PID=87) to work on /home/airflow/.local/lib/python3.7/site-packages/airflow/example_dags/example_task_group_decorator.py
[2025-03-11T05:53:10.480+0000] {processor.py:743} INFO - Processing file /home/airflow/.local/lib/python3.7/site-packages/airflow/example_dags/example_task_group_decorator.py for tasks to queue
[2025-03-11T05:53:10.480+0000] {logging_mixin.py:137} INFO - [2025-03-11T05:53:10.480+0000] {dagbag.py:538} INFO - Filling up the DagBag from /home/airflow/.local/lib/python3.7/site-packages/airflow/example_dags/example_task_group_decorator.py
[2025-03-11T05:53:10.512+0000] {processor.py:753} INFO - DAG(s) dict_keys(['example_task_group_decorator']) retrieved from /home/airflow/.local/lib/python3.7/site-packages/airflow/example_dags/example_task_group_decorator.py
[2025-03-11T05:53:10.528+0000] {logging_mixin.py:137} INFO - [2025-03-11T05:53:10.528+0000] {dag.py:2676} INFO - Sync 1 DAGs
[2025-03-11T05:53:10.554+0000] {logging_mixin.py:137} INFO - [2025-03-11T05:53:10.553+0000] {dag.py:3427} INFO - Setting next_dagrun for example_task_group_decorator to 2025-03-10T05:53:10.553422+00:00, run_after=2025-03-11T05:53:10.553422+00:00
[2025-03-11T05:53:10.567+0000] {processor.py:175} INFO - Processing /home/airflow/.local/lib/python3.7/site-packages/airflow/example_dags/example_task_group_decorator.py took 0.092 seconds
[2025-03-11T05:53:41.165+0000] {processor.py:153} INFO - Started process (PID=126) to work on /home/airflow/.local/lib/python3.7/site-packages/airflow/example_dags/example_task_group_decorator.py
[2025-03-11T05:53:41.166+0000] {processor.py:743} INFO - Processing file /home/airflow/.local/lib/python3.7/site-packages/airflow/example_dags/example_task_group_decorator.py for tasks to queue
[2025-03-11T05:53:41.168+0000] {logging_mixin.py:137} INFO - [2025-03-11T05:53:41.167+0000] {dagbag.py:538} INFO - Filling up the DagBag from /home/airflow/.local/lib/python3.7/site-packages/airflow/example_dags/example_task_group_decorator.py
[2025-03-11T05:53:41.195+0000] {processor.py:753} INFO - DAG(s) dict_keys(['example_task_group_decorator']) retrieved from /home/airflow/.local/lib/python3.7/site-packages/airflow/example_dags/example_task_group_decorator.py
[2025-03-11T05:53:41.224+0000] {logging_mixin.py:137} INFO - [2025-03-11T05:53:41.224+0000] {dag.py:2676} INFO - Sync 1 DAGs
[2025-03-11T05:53:41.242+0000] {logging_mixin.py:137} INFO - [2025-03-11T05:53:41.242+0000] {dag.py:3427} INFO - Setting next_dagrun for example_task_group_decorator to 2025-03-10T05:53:41.241964+00:00, run_after=2025-03-11T05:53:41.241964+00:00
[2025-03-11T05:53:41.254+0000] {processor.py:175} INFO - Processing /home/airflow/.local/lib/python3.7/site-packages/airflow/example_dags/example_task_group_decorator.py took 0.091 seconds
[2025-03-11T05:54:12.056+0000] {processor.py:153} INFO - Started process (PID=165) to work on /home/airflow/.local/lib/python3.7/site-packages/airflow/example_dags/example_task_group_decorator.py
[2025-03-11T05:54:12.057+0000] {processor.py:743} INFO - Processing file /home/airflow/.local/lib/python3.7/site-packages/airflow/example_dags/example_task_group_decorator.py for tasks to queue
[2025-03-11T05:54:12.058+0000] {logging_mixin.py:137} INFO - [2025-03-11T05:54:12.058+0000] {dagbag.py:538} INFO - Filling up the DagBag from /home/airflow/.local/lib/python3.7/site-packages/airflow/example_dags/example_task_group_decorator.py
[2025-03-11T05:54:12.090+0000] {processor.py:753} INFO - DAG(s) dict_keys(['example_task_group_decorator']) retrieved from /home/airflow/.local/lib/python3.7/site-packages/airflow/example_dags/example_task_group_decorator.py
[2025-03-11T05:54:12.129+0000] {logging_mixin.py:137} INFO - [2025-03-11T05:54:12.129+0000] {dag.py:2676} INFO - Sync 1 DAGs
[2025-03-11T05:54:12.156+0000] {logging_mixin.py:137} INFO - [2025-03-11T05:54:12.156+0000] {dag.py:3427} INFO - Setting next_dagrun for example_task_group_decorator to 2025-03-10T05:54:12.155517+00:00, run_after=2025-03-11T05:54:12.155517+00:00
[2025-03-11T05:54:12.174+0000] {processor.py:175} INFO - Processing /home/airflow/.local/lib/python3.7/site-packages/airflow/example_dags/example_task_group_decorator.py took 0.120 seconds
[2025-03-11T05:54:42.245+0000] {processor.py:153} INFO - Started process (PID=204) to work on /home/airflow/.local/lib/python3.7/site-packages/airflow/example_dags/example_task_group_decorator.py
[2025-03-11T05:54:42.245+0000] {processor.py:743} INFO - Processing file /home/airflow/.local/lib/python3.7/site-packages/airflow/example_dags/example_task_group_decorator.py for tasks to queue
[2025-03-11T05:54:42.246+0000] {logging_mixin.py:137} INFO - [2025-03-11T05:54:42.246+0000] {dagbag.py:538} INFO - Filling up the DagBag from /home/airflow/.local/lib/python3.7/site-packages/airflow/example_dags/example_task_group_decorator.py
[2025-03-11T05:54:42.271+0000] {processor.py:753} INFO - DAG(s) dict_keys(['example_task_group_decorator']) retrieved from /home/airflow/.local/lib/python3.7/site-packages/airflow/example_dags/example_task_group_decorator.py
[2025-03-11T05:54:42.299+0000] {logging_mixin.py:137} INFO - [2025-03-11T05:54:42.299+0000] {dag.py:2676} INFO - Sync 1 DAGs
[2025-03-11T05:54:42.317+0000] {logging_mixin.py:137} INFO - [2025-03-11T05:54:42.317+0000] {dag.py:3427} INFO - Setting next_dagrun for example_task_group_decorator to 2025-03-10T05:54:42.316836+00:00, run_after=2025-03-11T05:54:42.316836+00:00
[2025-03-11T05:54:42.330+0000] {processor.py:175} INFO - Processing /home/airflow/.local/lib/python3.7/site-packages/airflow/example_dags/example_task_group_decorator.py took 0.087 seconds
[2025-03-11T05:55:12.644+0000] {processor.py:153} INFO - Started process (PID=243) to work on /home/airflow/.local/lib/python3.7/site-packages/airflow/example_dags/example_task_group_decorator.py
[2025-03-11T05:55:12.645+0000] {processor.py:743} INFO - Processing file /home/airflow/.local/lib/python3.7/site-packages/airflow/example_dags/example_task_group_decorator.py for tasks to queue
[2025-03-11T05:55:12.647+0000] {logging_mixin.py:137} INFO - [2025-03-11T05:55:12.647+0000] {dagbag.py:538} INFO - Filling up the DagBag from /home/airflow/.local/lib/python3.7/site-packages/airflow/example_dags/example_task_group_decorator.py
[2025-03-11T05:55:12.672+0000] {processor.py:753} INFO - DAG(s) dict_keys(['example_task_group_decorator']) retrieved from /home/airflow/.local/lib/python3.7/site-packages/airflow/example_dags/example_task_group_decorator.py
[2025-03-11T05:55:12.705+0000] {logging_mixin.py:137} INFO - [2025-03-11T05:55:12.705+0000] {dag.py:2676} INFO - Sync 1 DAGs
[2025-03-11T05:55:12.726+0000] {logging_mixin.py:137} INFO - [2025-03-11T05:55:12.726+0000] {dag.py:3427} INFO - Setting next_dagrun for example_task_group_decorator to 2025-03-10T05:55:12.726267+00:00, run_after=2025-03-11T05:55:12.726267+00:00
[2025-03-11T05:55:12.742+0000] {processor.py:175} INFO - Processing /home/airflow/.local/lib/python3.7/site-packages/airflow/example_dags/example_task_group_decorator.py took 0.100 seconds
[2025-03-11T05:55:43.370+0000] {processor.py:153} INFO - Started process (PID=282) to work on /home/airflow/.local/lib/python3.7/site-packages/airflow/example_dags/example_task_group_decorator.py
[2025-03-11T05:55:43.372+0000] {processor.py:743} INFO - Processing file /home/airflow/.local/lib/python3.7/site-packages/airflow/example_dags/example_task_group_decorator.py for tasks to queue
[2025-03-11T05:55:43.373+0000] {logging_mixin.py:137} INFO - [2025-03-11T05:55:43.372+0000] {dagbag.py:538} INFO - Filling up the DagBag from /home/airflow/.local/lib/python3.7/site-packages/airflow/example_dags/example_task_group_decorator.py
[2025-03-11T05:55:43.397+0000] {processor.py:753} INFO - DAG(s) dict_keys(['example_task_group_decorator']) retrieved from /home/airflow/.local/lib/python3.7/site-packages/airflow/example_dags/example_task_group_decorator.py
[2025-03-11T05:55:43.425+0000] {logging_mixin.py:137} INFO - [2025-03-11T05:55:43.425+0000] {dag.py:2676} INFO - Sync 1 DAGs
[2025-03-11T05:55:43.443+0000] {logging_mixin.py:137} INFO - [2025-03-11T05:55:43.443+0000] {dag.py:3427} INFO - Setting next_dagrun for example_task_group_decorator to 2025-03-10T05:55:43.443208+00:00, run_after=2025-03-11T05:55:43.443208+00:00
[2025-03-11T05:55:43.456+0000] {processor.py:175} INFO - Processing /home/airflow/.local/lib/python3.7/site-packages/airflow/example_dags/example_task_group_decorator.py took 0.088 seconds
[2025-03-11T05:56:13.784+0000] {processor.py:153} INFO - Started process (PID=321) to work on /home/airflow/.local/lib/python3.7/site-packages/airflow/example_dags/example_task_group_decorator.py
[2025-03-11T05:56:13.786+0000] {processor.py:743} INFO - Processing file /home/airflow/.local/lib/python3.7/site-packages/airflow/example_dags/example_task_group_decorator.py for tasks to queue
[2025-03-11T05:56:13.786+0000] {logging_mixin.py:137} INFO - [2025-03-11T05:56:13.786+0000] {dagbag.py:538} INFO - Filling up the DagBag from /home/airflow/.local/lib/python3.7/site-packages/airflow/example_dags/example_task_group_decorator.py
[2025-03-11T05:56:13.816+0000] {processor.py:753} INFO - DAG(s) dict_keys(['example_task_group_decorator']) retrieved from /home/airflow/.local/lib/python3.7/site-packages/airflow/example_dags/example_task_group_decorator.py
[2025-03-11T05:56:13.847+0000] {logging_mixin.py:137} INFO - [2025-03-11T05:56:13.847+0000] {dag.py:2676} INFO - Sync 1 DAGs
[2025-03-11T05:56:13.865+0000] {logging_mixin.py:137} INFO - [2025-03-11T05:56:13.865+0000] {dag.py:3427} INFO - Setting next_dagrun for example_task_group_decorator to 2025-03-10T05:56:13.864647+00:00, run_after=2025-03-11T05:56:13.864647+00:00
[2025-03-11T05:56:13.877+0000] {processor.py:175} INFO - Processing /home/airflow/.local/lib/python3.7/site-packages/airflow/example_dags/example_task_group_decorator.py took 0.097 seconds
[2025-03-11T05:56:44.068+0000] {processor.py:153} INFO - Started process (PID=360) to work on /home/airflow/.local/lib/python3.7/site-packages/airflow/example_dags/example_task_group_decorator.py
[2025-03-11T05:56:44.070+0000] {processor.py:743} INFO - Processing file /home/airflow/.local/lib/python3.7/site-packages/airflow/example_dags/example_task_group_decorator.py for tasks to queue
[2025-03-11T05:56:44.071+0000] {logging_mixin.py:137} INFO - [2025-03-11T05:56:44.070+0000] {dagbag.py:538} INFO - Filling up the DagBag from /home/airflow/.local/lib/python3.7/site-packages/airflow/example_dags/example_task_group_decorator.py
[2025-03-11T05:56:44.096+0000] {processor.py:753} INFO - DAG(s) dict_keys(['example_task_group_decorator']) retrieved from /home/airflow/.local/lib/python3.7/site-packages/airflow/example_dags/example_task_group_decorator.py
[2025-03-11T05:56:44.124+0000] {logging_mixin.py:137} INFO - [2025-03-11T05:56:44.124+0000] {dag.py:2676} INFO - Sync 1 DAGs
[2025-03-11T05:56:44.147+0000] {logging_mixin.py:137} INFO - [2025-03-11T05:56:44.146+0000] {dag.py:3427} INFO - Setting next_dagrun for example_task_group_decorator to 2025-03-10T05:56:44.146319+00:00, run_after=2025-03-11T05:56:44.146319+00:00
[2025-03-11T05:56:44.160+0000] {processor.py:175} INFO - Processing /home/airflow/.local/lib/python3.7/site-packages/airflow/example_dags/example_task_group_decorator.py took 0.094 seconds
[2025-03-11T05:57:14.508+0000] {processor.py:153} INFO - Started process (PID=399) to work on /home/airflow/.local/lib/python3.7/site-packages/airflow/example_dags/example_task_group_decorator.py
[2025-03-11T05:57:14.510+0000] {processor.py:743} INFO - Processing file /home/airflow/.local/lib/python3.7/site-packages/airflow/example_dags/example_task_group_decorator.py for tasks to queue
[2025-03-11T05:57:14.510+0000] {logging_mixin.py:137} INFO - [2025-03-11T05:57:14.510+0000] {dagbag.py:538} INFO - Filling up the DagBag from /home/airflow/.local/lib/python3.7/site-packages/airflow/example_dags/example_task_group_decorator.py
[2025-03-11T05:57:14.536+0000] {processor.py:753} INFO - DAG(s) dict_keys(['example_task_group_decorator']) retrieved from /home/airflow/.local/lib/python3.7/site-packages/airflow/example_dags/example_task_group_decorator.py
[2025-03-11T05:57:14.563+0000] {logging_mixin.py:137} INFO - [2025-03-11T05:57:14.563+0000] {dag.py:2676} INFO - Sync 1 DAGs
[2025-03-11T05:57:14.582+0000] {logging_mixin.py:137} INFO - [2025-03-11T05:57:14.582+0000] {dag.py:3427} INFO - Setting next_dagrun for example_task_group_decorator to 2025-03-10T05:57:14.581639+00:00, run_after=2025-03-11T05:57:14.581639+00:00
[2025-03-11T05:57:14.594+0000] {processor.py:175} INFO - Processing /home/airflow/.local/lib/python3.7/site-packages/airflow/example_dags/example_task_group_decorator.py took 0.088 seconds
[2025-03-11T05:57:44.948+0000] {processor.py:153} INFO - Started process (PID=438) to work on /home/airflow/.local/lib/python3.7/site-packages/airflow/example_dags/example_task_group_decorator.py
[2025-03-11T05:57:44.948+0000] {processor.py:743} INFO - Processing file /home/airflow/.local/lib/python3.7/site-packages/airflow/example_dags/example_task_group_decorator.py for tasks to queue
[2025-03-11T05:57:44.949+0000] {logging_mixin.py:137} INFO - [2025-03-11T05:57:44.949+0000] {dagbag.py:538} INFO - Filling up the DagBag from /home/airflow/.local/lib/python3.7/site-packages/airflow/example_dags/example_task_group_decorator.py
[2025-03-11T05:57:44.973+0000] {processor.py:753} INFO - DAG(s) dict_keys(['example_task_group_decorator']) retrieved from /home/airflow/.local/lib/python3.7/site-packages/airflow/example_dags/example_task_group_decorator.py
[2025-03-11T05:57:45.001+0000] {logging_mixin.py:137} INFO - [2025-03-11T05:57:45.001+0000] {dag.py:2676} INFO - Sync 1 DAGs
[2025-03-11T05:57:45.019+0000] {logging_mixin.py:137} INFO - [2025-03-11T05:57:45.019+0000] {dag.py:3427} INFO - Setting next_dagrun for example_task_group_decorator to 2025-03-10T05:57:45.018736+00:00, run_after=2025-03-11T05:57:45.018736+00:00
[2025-03-11T05:57:45.031+0000] {processor.py:175} INFO - Processing /home/airflow/.local/lib/python3.7/site-packages/airflow/example_dags/example_task_group_decorator.py took 0.086 seconds
[2025-03-11T05:58:15.530+0000] {processor.py:153} INFO - Started process (PID=477) to work on /home/airflow/.local/lib/python3.7/site-packages/airflow/example_dags/example_task_group_decorator.py
[2025-03-11T05:58:15.532+0000] {processor.py:743} INFO - Processing file /home/airflow/.local/lib/python3.7/site-packages/airflow/example_dags/example_task_group_decorator.py for tasks to queue
[2025-03-11T05:58:15.532+0000] {logging_mixin.py:137} INFO - [2025-03-11T05:58:15.532+0000] {dagbag.py:538} INFO - Filling up the DagBag from /home/airflow/.local/lib/python3.7/site-packages/airflow/example_dags/example_task_group_decorator.py
[2025-03-11T05:58:15.562+0000] {processor.py:753} INFO - DAG(s) dict_keys(['example_task_group_decorator']) retrieved from /home/airflow/.local/lib/python3.7/site-packages/airflow/example_dags/example_task_group_decorator.py
[2025-03-11T05:58:15.590+0000] {logging_mixin.py:137} INFO - [2025-03-11T05:58:15.589+0000] {dag.py:2676} INFO - Sync 1 DAGs
[2025-03-11T05:58:15.607+0000] {logging_mixin.py:137} INFO - [2025-03-11T05:58:15.607+0000] {dag.py:3427} INFO - Setting next_dagrun for example_task_group_decorator to 2025-03-10T05:58:15.607022+00:00, run_after=2025-03-11T05:58:15.607022+00:00
[2025-03-11T05:58:15.620+0000] {processor.py:175} INFO - Processing /home/airflow/.local/lib/python3.7/site-packages/airflow/example_dags/example_task_group_decorator.py took 0.092 seconds
[2025-03-11T05:58:45.937+0000] {processor.py:153} INFO - Started process (PID=516) to work on /home/airflow/.local/lib/python3.7/site-packages/airflow/example_dags/example_task_group_decorator.py
[2025-03-11T05:58:45.940+0000] {processor.py:743} INFO - Processing file /home/airflow/.local/lib/python3.7/site-packages/airflow/example_dags/example_task_group_decorator.py for tasks to queue
[2025-03-11T05:58:45.941+0000] {logging_mixin.py:137} INFO - [2025-03-11T05:58:45.941+0000] {dagbag.py:538} INFO - Filling up the DagBag from /home/airflow/.local/lib/python3.7/site-packages/airflow/example_dags/example_task_group_decorator.py
[2025-03-11T05:58:45.970+0000] {processor.py:753} INFO - DAG(s) dict_keys(['example_task_group_decorator']) retrieved from /home/airflow/.local/lib/python3.7/site-packages/airflow/example_dags/example_task_group_decorator.py
[2025-03-11T05:58:45.998+0000] {logging_mixin.py:137} INFO - [2025-03-11T05:58:45.998+0000] {dag.py:2676} INFO - Sync 1 DAGs
[2025-03-11T05:58:46.017+0000] {logging_mixin.py:137} INFO - [2025-03-11T05:58:46.016+0000] {dag.py:3427} INFO - Setting next_dagrun for example_task_group_decorator to 2025-03-10T05:58:46.016383+00:00, run_after=2025-03-11T05:58:46.016383+00:00
[2025-03-11T05:58:46.029+0000] {processor.py:175} INFO - Processing /home/airflow/.local/lib/python3.7/site-packages/airflow/example_dags/example_task_group_decorator.py took 0.094 seconds
[2025-03-11T05:59:16.511+0000] {processor.py:153} INFO - Started process (PID=555) to work on /home/airflow/.local/lib/python3.7/site-packages/airflow/example_dags/example_task_group_decorator.py
[2025-03-11T05:59:16.512+0000] {processor.py:743} INFO - Processing file /home/airflow/.local/lib/python3.7/site-packages/airflow/example_dags/example_task_group_decorator.py for tasks to queue
[2025-03-11T05:59:16.513+0000] {logging_mixin.py:137} INFO - [2025-03-11T05:59:16.513+0000] {dagbag.py:538} INFO - Filling up the DagBag from /home/airflow/.local/lib/python3.7/site-packages/airflow/example_dags/example_task_group_decorator.py
[2025-03-11T05:59:16.539+0000] {processor.py:753} INFO - DAG(s) dict_keys(['example_task_group_decorator']) retrieved from /home/airflow/.local/lib/python3.7/site-packages/airflow/example_dags/example_task_group_decorator.py
[2025-03-11T05:59:16.567+0000] {logging_mixin.py:137} INFO - [2025-03-11T05:59:16.567+0000] {dag.py:2676} INFO - Sync 1 DAGs
[2025-03-11T05:59:16.586+0000] {logging_mixin.py:137} INFO - [2025-03-11T05:59:16.585+0000] {dag.py:3427} INFO - Setting next_dagrun for example_task_group_decorator to 2025-03-10T05:59:16.585503+00:00, run_after=2025-03-11T05:59:16.585503+00:00
[2025-03-11T05:59:16.598+0000] {processor.py:175} INFO - Processing /home/airflow/.local/lib/python3.7/site-packages/airflow/example_dags/example_task_group_decorator.py took 0.089 seconds
[2025-03-11T05:59:47.094+0000] {processor.py:153} INFO - Started process (PID=594) to work on /home/airflow/.local/lib/python3.7/site-packages/airflow/example_dags/example_task_group_decorator.py
[2025-03-11T05:59:47.095+0000] {processor.py:743} INFO - Processing file /home/airflow/.local/lib/python3.7/site-packages/airflow/example_dags/example_task_group_decorator.py for tasks to queue
[2025-03-11T05:59:47.096+0000] {logging_mixin.py:137} INFO - [2025-03-11T05:59:47.096+0000] {dagbag.py:538} INFO - Filling up the DagBag from /home/airflow/.local/lib/python3.7/site-packages/airflow/example_dags/example_task_group_decorator.py
[2025-03-11T05:59:47.120+0000] {processor.py:753} INFO - DAG(s) dict_keys(['example_task_group_decorator']) retrieved from /home/airflow/.local/lib/python3.7/site-packages/airflow/example_dags/example_task_group_decorator.py
[2025-03-11T05:59:47.148+0000] {logging_mixin.py:137} INFO - [2025-03-11T05:59:47.148+0000] {dag.py:2676} INFO - Sync 1 DAGs
[2025-03-11T05:59:47.165+0000] {logging_mixin.py:137} INFO - [2025-03-11T05:59:47.165+0000] {dag.py:3427} INFO - Setting next_dagrun for example_task_group_decorator to 2025-03-10T05:59:47.165225+00:00, run_after=2025-03-11T05:59:47.165225+00:00
[2025-03-11T05:59:47.178+0000] {processor.py:175} INFO - Processing /home/airflow/.local/lib/python3.7/site-packages/airflow/example_dags/example_task_group_decorator.py took 0.086 seconds
[2025-03-11T06:00:17.599+0000] {processor.py:153} INFO - Started process (PID=633) to work on /home/airflow/.local/lib/python3.7/site-packages/airflow/example_dags/example_task_group_decorator.py
[2025-03-11T06:00:17.601+0000] {processor.py:743} INFO - Processing file /home/airflow/.local/lib/python3.7/site-packages/airflow/example_dags/example_task_group_decorator.py for tasks to queue
[2025-03-11T06:00:17.602+0000] {logging_mixin.py:137} INFO - [2025-03-11T06:00:17.602+0000] {dagbag.py:538} INFO - Filling up the DagBag from /home/airflow/.local/lib/python3.7/site-packages/airflow/example_dags/example_task_group_decorator.py
[2025-03-11T06:00:17.625+0000] {processor.py:753} INFO - DAG(s) dict_keys(['example_task_group_decorator']) retrieved from /home/airflow/.local/lib/python3.7/site-packages/airflow/example_dags/example_task_group_decorator.py
[2025-03-11T06:00:17.652+0000] {logging_mixin.py:137} INFO - [2025-03-11T06:00:17.652+0000] {dag.py:2676} INFO - Sync 1 DAGs
[2025-03-11T06:00:17.670+0000] {logging_mixin.py:137} INFO - [2025-03-11T06:00:17.670+0000] {dag.py:3427} INFO - Setting next_dagrun for example_task_group_decorator to 2025-03-10T06:00:17.669728+00:00, run_after=2025-03-11T06:00:17.669728+00:00
[2025-03-11T06:00:17.684+0000] {processor.py:175} INFO - Processing /home/airflow/.local/lib/python3.7/site-packages/airflow/example_dags/example_task_group_decorator.py took 0.087 seconds
[2025-03-11T06:00:48.252+0000] {processor.py:153} INFO - Started process (PID=672) to work on /home/airflow/.local/lib/python3.7/site-packages/airflow/example_dags/example_task_group_decorator.py
[2025-03-11T06:00:48.253+0000] {processor.py:743} INFO - Processing file /home/airflow/.local/lib/python3.7/site-packages/airflow/example_dags/example_task_group_decorator.py for tasks to queue
[2025-03-11T06:00:48.253+0000] {logging_mixin.py:137} INFO - [2025-03-11T06:00:48.253+0000] {dagbag.py:538} INFO - Filling up the DagBag from /home/airflow/.local/lib/python3.7/site-packages/airflow/example_dags/example_task_group_decorator.py
[2025-03-11T06:00:48.278+0000] {processor.py:753} INFO - DAG(s) dict_keys(['example_task_group_decorator']) retrieved from /home/airflow/.local/lib/python3.7/site-packages/airflow/example_dags/example_task_group_decorator.py
[2025-03-11T06:00:48.306+0000] {logging_mixin.py:137} INFO - [2025-03-11T06:00:48.305+0000] {dag.py:2676} INFO - Sync 1 DAGs
[2025-03-11T06:00:48.324+0000] {logging_mixin.py:137} INFO - [2025-03-11T06:00:48.324+0000] {dag.py:3427} INFO - Setting next_dagrun for example_task_group_decorator to 2025-03-10T06:00:48.323731+00:00, run_after=2025-03-11T06:00:48.323731+00:00
[2025-03-11T06:00:48.336+0000] {processor.py:175} INFO - Processing /home/airflow/.local/lib/python3.7/site-packages/airflow/example_dags/example_task_group_decorator.py took 0.087 seconds
[2025-03-11T06:01:18.774+0000] {processor.py:153} INFO - Started process (PID=711) to work on /home/airflow/.local/lib/python3.7/site-packages/airflow/example_dags/example_task_group_decorator.py
[2025-03-11T06:01:18.775+0000] {processor.py:743} INFO - Processing file /home/airflow/.local/lib/python3.7/site-packages/airflow/example_dags/example_task_group_decorator.py for tasks to queue
[2025-03-11T06:01:18.775+0000] {logging_mixin.py:137} INFO - [2025-03-11T06:01:18.775+0000] {dagbag.py:538} INFO - Filling up the DagBag from /home/airflow/.local/lib/python3.7/site-packages/airflow/example_dags/example_task_group_decorator.py
[2025-03-11T06:01:18.801+0000] {processor.py:753} INFO - DAG(s) dict_keys(['example_task_group_decorator']) retrieved from /home/airflow/.local/lib/python3.7/site-packages/airflow/example_dags/example_task_group_decorator.py
[2025-03-11T06:01:18.834+0000] {logging_mixin.py:137} INFO - [2025-03-11T06:01:18.834+0000] {dag.py:2676} INFO - Sync 1 DAGs
[2025-03-11T06:01:18.853+0000] {logging_mixin.py:137} INFO - [2025-03-11T06:01:18.853+0000] {dag.py:3427} INFO - Setting next_dagrun for example_task_group_decorator to 2025-03-10T06:01:18.852870+00:00, run_after=2025-03-11T06:01:18.852870+00:00
[2025-03-11T06:01:18.866+0000] {processor.py:175} INFO - Processing /home/airflow/.local/lib/python3.7/site-packages/airflow/example_dags/example_task_group_decorator.py took 0.094 seconds
[2025-03-11T06:01:49.126+0000] {processor.py:153} INFO - Started process (PID=750) to work on /home/airflow/.local/lib/python3.7/site-packages/airflow/example_dags/example_task_group_decorator.py
[2025-03-11T06:01:49.128+0000] {processor.py:743} INFO - Processing file /home/airflow/.local/lib/python3.7/site-packages/airflow/example_dags/example_task_group_decorator.py for tasks to queue
[2025-03-11T06:01:49.128+0000] {logging_mixin.py:137} INFO - [2025-03-11T06:01:49.128+0000] {dagbag.py:538} INFO - Filling up the DagBag from /home/airflow/.local/lib/python3.7/site-packages/airflow/example_dags/example_task_group_decorator.py
[2025-03-11T06:01:49.153+0000] {processor.py:753} INFO - DAG(s) dict_keys(['example_task_group_decorator']) retrieved from /home/airflow/.local/lib/python3.7/site-packages/airflow/example_dags/example_task_group_decorator.py
[2025-03-11T06:01:49.190+0000] {logging_mixin.py:137} INFO - [2025-03-11T06:01:49.190+0000] {dag.py:2676} INFO - Sync 1 DAGs
[2025-03-11T06:01:49.209+0000] {logging_mixin.py:137} INFO - [2025-03-11T06:01:49.209+0000] {dag.py:3427} INFO - Setting next_dagrun for example_task_group_decorator to 2025-03-10T06:01:49.208865+00:00, run_after=2025-03-11T06:01:49.208865+00:00
[2025-03-11T06:01:49.221+0000] {processor.py:175} INFO - Processing /home/airflow/.local/lib/python3.7/site-packages/airflow/example_dags/example_task_group_decorator.py took 0.097 seconds
[2025-03-11T06:02:19.846+0000] {processor.py:153} INFO - Started process (PID=789) to work on /home/airflow/.local/lib/python3.7/site-packages/airflow/example_dags/example_task_group_decorator.py
[2025-03-11T06:02:19.848+0000] {processor.py:743} INFO - Processing file /home/airflow/.local/lib/python3.7/site-packages/airflow/example_dags/example_task_group_decorator.py for tasks to queue
[2025-03-11T06:02:19.848+0000] {logging_mixin.py:137} INFO - [2025-03-11T06:02:19.848+0000] {dagbag.py:538} INFO - Filling up the DagBag from /home/airflow/.local/lib/python3.7/site-packages/airflow/example_dags/example_task_group_decorator.py
[2025-03-11T06:02:19.881+0000] {processor.py:753} INFO - DAG(s) dict_keys(['example_task_group_decorator']) retrieved from /home/airflow/.local/lib/python3.7/site-packages/airflow/example_dags/example_task_group_decorator.py
[2025-03-11T06:02:19.918+0000] {logging_mixin.py:137} INFO - [2025-03-11T06:02:19.918+0000] {dag.py:2676} INFO - Sync 1 DAGs
[2025-03-11T06:02:19.942+0000] {logging_mixin.py:137} INFO - [2025-03-11T06:02:19.942+0000] {dag.py:3427} INFO - Setting next_dagrun for example_task_group_decorator to 2025-03-10T06:02:19.942065+00:00, run_after=2025-03-11T06:02:19.942065+00:00
[2025-03-11T06:02:19.964+0000] {processor.py:175} INFO - Processing /home/airflow/.local/lib/python3.7/site-packages/airflow/example_dags/example_task_group_decorator.py took 0.122 seconds
[2025-03-11T06:02:50.577+0000] {processor.py:153} INFO - Started process (PID=828) to work on /home/airflow/.local/lib/python3.7/site-packages/airflow/example_dags/example_task_group_decorator.py
[2025-03-11T06:02:50.578+0000] {processor.py:743} INFO - Processing file /home/airflow/.local/lib/python3.7/site-packages/airflow/example_dags/example_task_group_decorator.py for tasks to queue
[2025-03-11T06:02:50.578+0000] {logging_mixin.py:137} INFO - [2025-03-11T06:02:50.578+0000] {dagbag.py:538} INFO - Filling up the DagBag from /home/airflow/.local/lib/python3.7/site-packages/airflow/example_dags/example_task_group_decorator.py
[2025-03-11T06:02:50.603+0000] {processor.py:753} INFO - DAG(s) dict_keys(['example_task_group_decorator']) retrieved from /home/airflow/.local/lib/python3.7/site-packages/airflow/example_dags/example_task_group_decorator.py
[2025-03-11T06:02:50.631+0000] {logging_mixin.py:137} INFO - [2025-03-11T06:02:50.631+0000] {dag.py:2676} INFO - Sync 1 DAGs
[2025-03-11T06:02:50.650+0000] {logging_mixin.py:137} INFO - [2025-03-11T06:02:50.649+0000] {dag.py:3427} INFO - Setting next_dagrun for example_task_group_decorator to 2025-03-10T06:02:50.649529+00:00, run_after=2025-03-11T06:02:50.649529+00:00
[2025-03-11T06:02:50.662+0000] {processor.py:175} INFO - Processing /home/airflow/.local/lib/python3.7/site-packages/airflow/example_dags/example_task_group_decorator.py took 0.087 seconds
[2025-03-11T06:03:20.990+0000] {processor.py:153} INFO - Started process (PID=867) to work on /home/airflow/.local/lib/python3.7/site-packages/airflow/example_dags/example_task_group_decorator.py
[2025-03-11T06:03:20.991+0000] {processor.py:743} INFO - Processing file /home/airflow/.local/lib/python3.7/site-packages/airflow/example_dags/example_task_group_decorator.py for tasks to queue
[2025-03-11T06:03:20.992+0000] {logging_mixin.py:137} INFO - [2025-03-11T06:03:20.992+0000] {dagbag.py:538} INFO - Filling up the DagBag from /home/airflow/.local/lib/python3.7/site-packages/airflow/example_dags/example_task_group_decorator.py
[2025-03-11T06:03:21.016+0000] {processor.py:753} INFO - DAG(s) dict_keys(['example_task_group_decorator']) retrieved from /home/airflow/.local/lib/python3.7/site-packages/airflow/example_dags/example_task_group_decorator.py
[2025-03-11T06:03:21.044+0000] {logging_mixin.py:137} INFO - [2025-03-11T06:03:21.044+0000] {dag.py:2676} INFO - Sync 1 DAGs
[2025-03-11T06:03:21.061+0000] {logging_mixin.py:137} INFO - [2025-03-11T06:03:21.061+0000] {dag.py:3427} INFO - Setting next_dagrun for example_task_group_decorator to 2025-03-10T06:03:21.061181+00:00, run_after=2025-03-11T06:03:21.061181+00:00
[2025-03-11T06:03:21.074+0000] {processor.py:175} INFO - Processing /home/airflow/.local/lib/python3.7/site-packages/airflow/example_dags/example_task_group_decorator.py took 0.086 seconds
[2025-03-11T06:03:51.396+0000] {processor.py:153} INFO - Started process (PID=906) to work on /home/airflow/.local/lib/python3.7/site-packages/airflow/example_dags/example_task_group_decorator.py
[2025-03-11T06:03:51.397+0000] {processor.py:743} INFO - Processing file /home/airflow/.local/lib/python3.7/site-packages/airflow/example_dags/example_task_group_decorator.py for tasks to queue
[2025-03-11T06:03:51.398+0000] {logging_mixin.py:137} INFO - [2025-03-11T06:03:51.398+0000] {dagbag.py:538} INFO - Filling up the DagBag from /home/airflow/.local/lib/python3.7/site-packages/airflow/example_dags/example_task_group_decorator.py
[2025-03-11T06:03:51.429+0000] {processor.py:753} INFO - DAG(s) dict_keys(['example_task_group_decorator']) retrieved from /home/airflow/.local/lib/python3.7/site-packages/airflow/example_dags/example_task_group_decorator.py
[2025-03-11T06:03:51.458+0000] {logging_mixin.py:137} INFO - [2025-03-11T06:03:51.458+0000] {dag.py:2676} INFO - Sync 1 DAGs
[2025-03-11T06:03:51.476+0000] {logging_mixin.py:137} INFO - [2025-03-11T06:03:51.476+0000] {dag.py:3427} INFO - Setting next_dagrun for example_task_group_decorator to 2025-03-10T06:03:51.475706+00:00, run_after=2025-03-11T06:03:51.475706+00:00
[2025-03-11T06:03:51.488+0000] {processor.py:175} INFO - Processing /home/airflow/.local/lib/python3.7/site-packages/airflow/example_dags/example_task_group_decorator.py took 0.095 seconds
[2025-03-11T06:04:21.854+0000] {processor.py:153} INFO - Started process (PID=945) to work on /home/airflow/.local/lib/python3.7/site-packages/airflow/example_dags/example_task_group_decorator.py
[2025-03-11T06:04:21.854+0000] {processor.py:743} INFO - Processing file /home/airflow/.local/lib/python3.7/site-packages/airflow/example_dags/example_task_group_decorator.py for tasks to queue
[2025-03-11T06:04:21.855+0000] {logging_mixin.py:137} INFO - [2025-03-11T06:04:21.855+0000] {dagbag.py:538} INFO - Filling up the DagBag from /home/airflow/.local/lib/python3.7/site-packages/airflow/example_dags/example_task_group_decorator.py
[2025-03-11T06:04:21.881+0000] {processor.py:753} INFO - DAG(s) dict_keys(['example_task_group_decorator']) retrieved from /home/airflow/.local/lib/python3.7/site-packages/airflow/example_dags/example_task_group_decorator.py
[2025-03-11T06:04:21.909+0000] {logging_mixin.py:137} INFO - [2025-03-11T06:04:21.909+0000] {dag.py:2676} INFO - Sync 1 DAGs
[2025-03-11T06:04:21.927+0000] {logging_mixin.py:137} INFO - [2025-03-11T06:04:21.927+0000] {dag.py:3427} INFO - Setting next_dagrun for example_task_group_decorator to 2025-03-10T06:04:21.926951+00:00, run_after=2025-03-11T06:04:21.926951+00:00
[2025-03-11T06:04:21.940+0000] {processor.py:175} INFO - Processing /home/airflow/.local/lib/python3.7/site-packages/airflow/example_dags/example_task_group_decorator.py took 0.089 seconds
[2025-03-11T06:04:52.273+0000] {processor.py:153} INFO - Started process (PID=984) to work on /home/airflow/.local/lib/python3.7/site-packages/airflow/example_dags/example_task_group_decorator.py
[2025-03-11T06:04:52.274+0000] {processor.py:743} INFO - Processing file /home/airflow/.local/lib/python3.7/site-packages/airflow/example_dags/example_task_group_decorator.py for tasks to queue
[2025-03-11T06:04:52.275+0000] {logging_mixin.py:137} INFO - [2025-03-11T06:04:52.275+0000] {dagbag.py:538} INFO - Filling up the DagBag from /home/airflow/.local/lib/python3.7/site-packages/airflow/example_dags/example_task_group_decorator.py
[2025-03-11T06:04:52.299+0000] {processor.py:753} INFO - DAG(s) dict_keys(['example_task_group_decorator']) retrieved from /home/airflow/.local/lib/python3.7/site-packages/airflow/example_dags/example_task_group_decorator.py
[2025-03-11T06:04:52.327+0000] {logging_mixin.py:137} INFO - [2025-03-11T06:04:52.327+0000] {dag.py:2676} INFO - Sync 1 DAGs
[2025-03-11T06:04:52.346+0000] {logging_mixin.py:137} INFO - [2025-03-11T06:04:52.346+0000] {dag.py:3427} INFO - Setting next_dagrun for example_task_group_decorator to 2025-03-10T06:04:52.345725+00:00, run_after=2025-03-11T06:04:52.345725+00:00
[2025-03-11T06:04:52.358+0000] {processor.py:175} INFO - Processing /home/airflow/.local/lib/python3.7/site-packages/airflow/example_dags/example_task_group_decorator.py took 0.087 seconds
[2025-03-11T06:05:22.677+0000] {processor.py:153} INFO - Started process (PID=1023) to work on /home/airflow/.local/lib/python3.7/site-packages/airflow/example_dags/example_task_group_decorator.py
[2025-03-11T06:05:22.679+0000] {processor.py:743} INFO - Processing file /home/airflow/.local/lib/python3.7/site-packages/airflow/example_dags/example_task_group_decorator.py for tasks to queue
[2025-03-11T06:05:22.680+0000] {logging_mixin.py:137} INFO - [2025-03-11T06:05:22.680+0000] {dagbag.py:538} INFO - Filling up the DagBag from /home/airflow/.local/lib/python3.7/site-packages/airflow/example_dags/example_task_group_decorator.py
[2025-03-11T06:05:22.704+0000] {processor.py:753} INFO - DAG(s) dict_keys(['example_task_group_decorator']) retrieved from /home/airflow/.local/lib/python3.7/site-packages/airflow/example_dags/example_task_group_decorator.py
[2025-03-11T06:05:22.732+0000] {logging_mixin.py:137} INFO - [2025-03-11T06:05:22.732+0000] {dag.py:2676} INFO - Sync 1 DAGs
[2025-03-11T06:05:22.750+0000] {logging_mixin.py:137} INFO - [2025-03-11T06:05:22.750+0000] {dag.py:3427} INFO - Setting next_dagrun for example_task_group_decorator to 2025-03-10T06:05:22.749786+00:00, run_after=2025-03-11T06:05:22.749786+00:00
[2025-03-11T06:05:22.762+0000] {processor.py:175} INFO - Processing /home/airflow/.local/lib/python3.7/site-packages/airflow/example_dags/example_task_group_decorator.py took 0.087 seconds
[2025-03-11T06:05:53.128+0000] {processor.py:153} INFO - Started process (PID=1062) to work on /home/airflow/.local/lib/python3.7/site-packages/airflow/example_dags/example_task_group_decorator.py
[2025-03-11T06:05:53.128+0000] {processor.py:743} INFO - Processing file /home/airflow/.local/lib/python3.7/site-packages/airflow/example_dags/example_task_group_decorator.py for tasks to queue
[2025-03-11T06:05:53.130+0000] {logging_mixin.py:137} INFO - [2025-03-11T06:05:53.130+0000] {dagbag.py:538} INFO - Filling up the DagBag from /home/airflow/.local/lib/python3.7/site-packages/airflow/example_dags/example_task_group_decorator.py
[2025-03-11T06:05:53.164+0000] {processor.py:753} INFO - DAG(s) dict_keys(['example_task_group_decorator']) retrieved from /home/airflow/.local/lib/python3.7/site-packages/airflow/example_dags/example_task_group_decorator.py
[2025-03-11T06:05:53.195+0000] {logging_mixin.py:137} INFO - [2025-03-11T06:05:53.194+0000] {dag.py:2676} INFO - Sync 1 DAGs
[2025-03-11T06:05:53.212+0000] {logging_mixin.py:137} INFO - [2025-03-11T06:05:53.212+0000] {dag.py:3427} INFO - Setting next_dagrun for example_task_group_decorator to 2025-03-10T06:05:53.212190+00:00, run_after=2025-03-11T06:05:53.212190+00:00
[2025-03-11T06:05:53.224+0000] {processor.py:175} INFO - Processing /home/airflow/.local/lib/python3.7/site-packages/airflow/example_dags/example_task_group_decorator.py took 0.099 seconds
[2025-03-11T06:06:23.606+0000] {processor.py:153} INFO - Started process (PID=1101) to work on /home/airflow/.local/lib/python3.7/site-packages/airflow/example_dags/example_task_group_decorator.py
[2025-03-11T06:06:23.607+0000] {processor.py:743} INFO - Processing file /home/airflow/.local/lib/python3.7/site-packages/airflow/example_dags/example_task_group_decorator.py for tasks to queue
[2025-03-11T06:06:23.607+0000] {logging_mixin.py:137} INFO - [2025-03-11T06:06:23.607+0000] {dagbag.py:538} INFO - Filling up the DagBag from /home/airflow/.local/lib/python3.7/site-packages/airflow/example_dags/example_task_group_decorator.py
[2025-03-11T06:06:23.634+0000] {processor.py:753} INFO - DAG(s) dict_keys(['example_task_group_decorator']) retrieved from /home/airflow/.local/lib/python3.7/site-packages/airflow/example_dags/example_task_group_decorator.py
[2025-03-11T06:06:23.664+0000] {logging_mixin.py:137} INFO - [2025-03-11T06:06:23.664+0000] {dag.py:2676} INFO - Sync 1 DAGs
[2025-03-11T06:06:23.683+0000] {logging_mixin.py:137} INFO - [2025-03-11T06:06:23.682+0000] {dag.py:3427} INFO - Setting next_dagrun for example_task_group_decorator to 2025-03-10T06:06:23.682597+00:00, run_after=2025-03-11T06:06:23.682597+00:00
[2025-03-11T06:06:23.695+0000] {processor.py:175} INFO - Processing /home/airflow/.local/lib/python3.7/site-packages/airflow/example_dags/example_task_group_decorator.py took 0.091 seconds
[2025-03-11T06:06:53.982+0000] {processor.py:153} INFO - Started process (PID=1140) to work on /home/airflow/.local/lib/python3.7/site-packages/airflow/example_dags/example_task_group_decorator.py
[2025-03-11T06:06:53.983+0000] {processor.py:743} INFO - Processing file /home/airflow/.local/lib/python3.7/site-packages/airflow/example_dags/example_task_group_decorator.py for tasks to queue
[2025-03-11T06:06:53.984+0000] {logging_mixin.py:137} INFO - [2025-03-11T06:06:53.984+0000] {dagbag.py:538} INFO - Filling up the DagBag from /home/airflow/.local/lib/python3.7/site-packages/airflow/example_dags/example_task_group_decorator.py
[2025-03-11T06:06:54.009+0000] {processor.py:753} INFO - DAG(s) dict_keys(['example_task_group_decorator']) retrieved from /home/airflow/.local/lib/python3.7/site-packages/airflow/example_dags/example_task_group_decorator.py
[2025-03-11T06:06:54.037+0000] {logging_mixin.py:137} INFO - [2025-03-11T06:06:54.037+0000] {dag.py:2676} INFO - Sync 1 DAGs
[2025-03-11T06:06:54.055+0000] {logging_mixin.py:137} INFO - [2025-03-11T06:06:54.055+0000] {dag.py:3427} INFO - Setting next_dagrun for example_task_group_decorator to 2025-03-10T06:06:54.055335+00:00, run_after=2025-03-11T06:06:54.055335+00:00
[2025-03-11T06:06:54.068+0000] {processor.py:175} INFO - Processing /home/airflow/.local/lib/python3.7/site-packages/airflow/example_dags/example_task_group_decorator.py took 0.089 seconds
[2025-03-11T06:07:24.412+0000] {processor.py:153} INFO - Started process (PID=1179) to work on /home/airflow/.local/lib/python3.7/site-packages/airflow/example_dags/example_task_group_decorator.py
[2025-03-11T06:07:24.413+0000] {processor.py:743} INFO - Processing file /home/airflow/.local/lib/python3.7/site-packages/airflow/example_dags/example_task_group_decorator.py for tasks to queue
[2025-03-11T06:07:24.414+0000] {logging_mixin.py:137} INFO - [2025-03-11T06:07:24.414+0000] {dagbag.py:538} INFO - Filling up the DagBag from /home/airflow/.local/lib/python3.7/site-packages/airflow/example_dags/example_task_group_decorator.py
[2025-03-11T06:07:24.442+0000] {processor.py:753} INFO - DAG(s) dict_keys(['example_task_group_decorator']) retrieved from /home/airflow/.local/lib/python3.7/site-packages/airflow/example_dags/example_task_group_decorator.py
[2025-03-11T06:07:24.474+0000] {logging_mixin.py:137} INFO - [2025-03-11T06:07:24.473+0000] {dag.py:2676} INFO - Sync 1 DAGs
[2025-03-11T06:07:24.492+0000] {logging_mixin.py:137} INFO - [2025-03-11T06:07:24.492+0000] {dag.py:3427} INFO - Setting next_dagrun for example_task_group_decorator to 2025-03-10T06:07:24.491971+00:00, run_after=2025-03-11T06:07:24.491971+00:00
[2025-03-11T06:07:24.504+0000] {processor.py:175} INFO - Processing /home/airflow/.local/lib/python3.7/site-packages/airflow/example_dags/example_task_group_decorator.py took 0.095 seconds
[2025-03-11T06:07:54.922+0000] {processor.py:153} INFO - Started process (PID=1218) to work on /home/airflow/.local/lib/python3.7/site-packages/airflow/example_dags/example_task_group_decorator.py
[2025-03-11T06:07:54.924+0000] {processor.py:743} INFO - Processing file /home/airflow/.local/lib/python3.7/site-packages/airflow/example_dags/example_task_group_decorator.py for tasks to queue
[2025-03-11T06:07:54.925+0000] {logging_mixin.py:137} INFO - [2025-03-11T06:07:54.925+0000] {dagbag.py:538} INFO - Filling up the DagBag from /home/airflow/.local/lib/python3.7/site-packages/airflow/example_dags/example_task_group_decorator.py
[2025-03-11T06:07:54.950+0000] {processor.py:753} INFO - DAG(s) dict_keys(['example_task_group_decorator']) retrieved from /home/airflow/.local/lib/python3.7/site-packages/airflow/example_dags/example_task_group_decorator.py
[2025-03-11T06:07:54.984+0000] {logging_mixin.py:137} INFO - [2025-03-11T06:07:54.984+0000] {dag.py:2676} INFO - Sync 1 DAGs
[2025-03-11T06:07:55.003+0000] {logging_mixin.py:137} INFO - [2025-03-11T06:07:55.003+0000] {dag.py:3427} INFO - Setting next_dagrun for example_task_group_decorator to 2025-03-10T06:07:55.002753+00:00, run_after=2025-03-11T06:07:55.002753+00:00
[2025-03-11T06:07:55.017+0000] {processor.py:175} INFO - Processing /home/airflow/.local/lib/python3.7/site-packages/airflow/example_dags/example_task_group_decorator.py took 0.097 seconds
[2025-03-11T06:08:25.433+0000] {processor.py:153} INFO - Started process (PID=1257) to work on /home/airflow/.local/lib/python3.7/site-packages/airflow/example_dags/example_task_group_decorator.py
[2025-03-11T06:08:25.434+0000] {processor.py:743} INFO - Processing file /home/airflow/.local/lib/python3.7/site-packages/airflow/example_dags/example_task_group_decorator.py for tasks to queue
[2025-03-11T06:08:25.435+0000] {logging_mixin.py:137} INFO - [2025-03-11T06:08:25.435+0000] {dagbag.py:538} INFO - Filling up the DagBag from /home/airflow/.local/lib/python3.7/site-packages/airflow/example_dags/example_task_group_decorator.py
[2025-03-11T06:08:25.459+0000] {processor.py:753} INFO - DAG(s) dict_keys(['example_task_group_decorator']) retrieved from /home/airflow/.local/lib/python3.7/site-packages/airflow/example_dags/example_task_group_decorator.py
[2025-03-11T06:08:25.489+0000] {logging_mixin.py:137} INFO - [2025-03-11T06:08:25.488+0000] {dag.py:2676} INFO - Sync 1 DAGs
[2025-03-11T06:08:25.507+0000] {logging_mixin.py:137} INFO - [2025-03-11T06:08:25.507+0000] {dag.py:3427} INFO - Setting next_dagrun for example_task_group_decorator to 2025-03-10T06:08:25.506722+00:00, run_after=2025-03-11T06:08:25.506722+00:00
[2025-03-11T06:08:25.520+0000] {processor.py:175} INFO - Processing /home/airflow/.local/lib/python3.7/site-packages/airflow/example_dags/example_task_group_decorator.py took 0.088 seconds
[2025-03-11T06:08:56.049+0000] {processor.py:153} INFO - Started process (PID=1296) to work on /home/airflow/.local/lib/python3.7/site-packages/airflow/example_dags/example_task_group_decorator.py
[2025-03-11T06:08:56.050+0000] {processor.py:743} INFO - Processing file /home/airflow/.local/lib/python3.7/site-packages/airflow/example_dags/example_task_group_decorator.py for tasks to queue
[2025-03-11T06:08:56.051+0000] {logging_mixin.py:137} INFO - [2025-03-11T06:08:56.051+0000] {dagbag.py:538} INFO - Filling up the DagBag from /home/airflow/.local/lib/python3.7/site-packages/airflow/example_dags/example_task_group_decorator.py
[2025-03-11T06:08:56.076+0000] {processor.py:753} INFO - DAG(s) dict_keys(['example_task_group_decorator']) retrieved from /home/airflow/.local/lib/python3.7/site-packages/airflow/example_dags/example_task_group_decorator.py
[2025-03-11T06:08:56.117+0000] {logging_mixin.py:137} INFO - [2025-03-11T06:08:56.117+0000] {dag.py:2676} INFO - Sync 1 DAGs
[2025-03-11T06:08:56.140+0000] {logging_mixin.py:137} INFO - [2025-03-11T06:08:56.140+0000] {dag.py:3427} INFO - Setting next_dagrun for example_task_group_decorator to 2025-03-10T06:08:56.139718+00:00, run_after=2025-03-11T06:08:56.139718+00:00
[2025-03-11T06:08:56.153+0000] {processor.py:175} INFO - Processing /home/airflow/.local/lib/python3.7/site-packages/airflow/example_dags/example_task_group_decorator.py took 0.107 seconds
[2025-03-11T06:09:26.488+0000] {processor.py:153} INFO - Started process (PID=1335) to work on /home/airflow/.local/lib/python3.7/site-packages/airflow/example_dags/example_task_group_decorator.py
[2025-03-11T06:09:26.490+0000] {processor.py:743} INFO - Processing file /home/airflow/.local/lib/python3.7/site-packages/airflow/example_dags/example_task_group_decorator.py for tasks to queue
[2025-03-11T06:09:26.490+0000] {logging_mixin.py:137} INFO - [2025-03-11T06:09:26.490+0000] {dagbag.py:538} INFO - Filling up the DagBag from /home/airflow/.local/lib/python3.7/site-packages/airflow/example_dags/example_task_group_decorator.py
[2025-03-11T06:09:26.514+0000] {processor.py:753} INFO - DAG(s) dict_keys(['example_task_group_decorator']) retrieved from /home/airflow/.local/lib/python3.7/site-packages/airflow/example_dags/example_task_group_decorator.py
[2025-03-11T06:09:26.543+0000] {logging_mixin.py:137} INFO - [2025-03-11T06:09:26.543+0000] {dag.py:2676} INFO - Sync 1 DAGs
[2025-03-11T06:09:26.561+0000] {logging_mixin.py:137} INFO - [2025-03-11T06:09:26.561+0000] {dag.py:3427} INFO - Setting next_dagrun for example_task_group_decorator to 2025-03-10T06:09:26.560849+00:00, run_after=2025-03-11T06:09:26.560849+00:00
[2025-03-11T06:09:26.574+0000] {processor.py:175} INFO - Processing /home/airflow/.local/lib/python3.7/site-packages/airflow/example_dags/example_task_group_decorator.py took 0.088 seconds
[2025-03-11T06:09:57.022+0000] {processor.py:153} INFO - Started process (PID=1374) to work on /home/airflow/.local/lib/python3.7/site-packages/airflow/example_dags/example_task_group_decorator.py
[2025-03-11T06:09:57.023+0000] {processor.py:743} INFO - Processing file /home/airflow/.local/lib/python3.7/site-packages/airflow/example_dags/example_task_group_decorator.py for tasks to queue
[2025-03-11T06:09:57.024+0000] {logging_mixin.py:137} INFO - [2025-03-11T06:09:57.024+0000] {dagbag.py:538} INFO - Filling up the DagBag from /home/airflow/.local/lib/python3.7/site-packages/airflow/example_dags/example_task_group_decorator.py
[2025-03-11T06:09:57.049+0000] {processor.py:753} INFO - DAG(s) dict_keys(['example_task_group_decorator']) retrieved from /home/airflow/.local/lib/python3.7/site-packages/airflow/example_dags/example_task_group_decorator.py
[2025-03-11T06:09:57.082+0000] {logging_mixin.py:137} INFO - [2025-03-11T06:09:57.082+0000] {dag.py:2676} INFO - Sync 1 DAGs
[2025-03-11T06:09:57.101+0000] {logging_mixin.py:137} INFO - [2025-03-11T06:09:57.101+0000] {dag.py:3427} INFO - Setting next_dagrun for example_task_group_decorator to 2025-03-10T06:09:57.100889+00:00, run_after=2025-03-11T06:09:57.100889+00:00
[2025-03-11T06:09:57.114+0000] {processor.py:175} INFO - Processing /home/airflow/.local/lib/python3.7/site-packages/airflow/example_dags/example_task_group_decorator.py took 0.095 seconds
