[2025-03-11T05:52:43.116+0000] {processor.py:153} INFO - Started process (PID=63) to work on /home/airflow/.local/lib/python3.7/site-packages/airflow/example_dags/example_task_group.py
[2025-03-11T05:52:43.118+0000] {processor.py:743} INFO - Processing file /home/airflow/.local/lib/python3.7/site-packages/airflow/example_dags/example_task_group.py for tasks to queue
[2025-03-11T05:52:43.119+0000] {logging_mixin.py:137} INFO - [2025-03-11T05:52:43.119+0000] {dagbag.py:538} INFO - Filling up the DagBag from /home/airflow/.local/lib/python3.7/site-packages/airflow/example_dags/example_task_group.py
[2025-03-11T05:52:43.205+0000] {processor.py:753} INFO - DAG(s) dict_keys(['example_task_group']) retrieved from /home/airflow/.local/lib/python3.7/site-packages/airflow/example_dags/example_task_group.py
[2025-03-11T05:52:43.276+0000] {logging_mixin.py:137} INFO - [2025-03-11T05:52:43.275+0000] {dag.py:2676} INFO - Sync 1 DAGs
[2025-03-11T05:52:43.365+0000] {logging_mixin.py:137} INFO - [2025-03-11T05:52:43.365+0000] {dag.py:3427} INFO - Setting next_dagrun for example_task_group to 2025-03-10T05:52:43.360426+00:00, run_after=2025-03-11T05:52:43.360426+00:00
[2025-03-11T05:52:43.474+0000] {processor.py:175} INFO - Processing /home/airflow/.local/lib/python3.7/site-packages/airflow/example_dags/example_task_group.py took 0.370 seconds
[2025-03-11T05:53:14.296+0000] {processor.py:153} INFO - Started process (PID=102) to work on /home/airflow/.local/lib/python3.7/site-packages/airflow/example_dags/example_task_group.py
[2025-03-11T05:53:14.300+0000] {processor.py:743} INFO - Processing file /home/airflow/.local/lib/python3.7/site-packages/airflow/example_dags/example_task_group.py for tasks to queue
[2025-03-11T05:53:14.301+0000] {logging_mixin.py:137} INFO - [2025-03-11T05:53:14.300+0000] {dagbag.py:538} INFO - Filling up the DagBag from /home/airflow/.local/lib/python3.7/site-packages/airflow/example_dags/example_task_group.py
[2025-03-11T05:53:14.329+0000] {processor.py:753} INFO - DAG(s) dict_keys(['example_task_group']) retrieved from /home/airflow/.local/lib/python3.7/site-packages/airflow/example_dags/example_task_group.py
[2025-03-11T05:53:14.361+0000] {logging_mixin.py:137} INFO - [2025-03-11T05:53:14.361+0000] {dag.py:2676} INFO - Sync 1 DAGs
[2025-03-11T05:53:14.385+0000] {logging_mixin.py:137} INFO - [2025-03-11T05:53:14.384+0000] {dag.py:3427} INFO - Setting next_dagrun for example_task_group to 2025-03-10T05:53:14.384486+00:00, run_after=2025-03-11T05:53:14.384486+00:00
[2025-03-11T05:53:14.403+0000] {processor.py:175} INFO - Processing /home/airflow/.local/lib/python3.7/site-packages/airflow/example_dags/example_task_group.py took 0.113 seconds
[2025-03-11T05:53:45.072+0000] {processor.py:153} INFO - Started process (PID=141) to work on /home/airflow/.local/lib/python3.7/site-packages/airflow/example_dags/example_task_group.py
[2025-03-11T05:53:45.073+0000] {processor.py:743} INFO - Processing file /home/airflow/.local/lib/python3.7/site-packages/airflow/example_dags/example_task_group.py for tasks to queue
[2025-03-11T05:53:45.074+0000] {logging_mixin.py:137} INFO - [2025-03-11T05:53:45.074+0000] {dagbag.py:538} INFO - Filling up the DagBag from /home/airflow/.local/lib/python3.7/site-packages/airflow/example_dags/example_task_group.py
[2025-03-11T05:53:45.095+0000] {processor.py:753} INFO - DAG(s) dict_keys(['example_task_group']) retrieved from /home/airflow/.local/lib/python3.7/site-packages/airflow/example_dags/example_task_group.py
[2025-03-11T05:53:45.130+0000] {logging_mixin.py:137} INFO - [2025-03-11T05:53:45.130+0000] {dag.py:2676} INFO - Sync 1 DAGs
[2025-03-11T05:53:45.151+0000] {logging_mixin.py:137} INFO - [2025-03-11T05:53:45.150+0000] {dag.py:3427} INFO - Setting next_dagrun for example_task_group to 2025-03-10T05:53:45.150554+00:00, run_after=2025-03-11T05:53:45.150554+00:00
[2025-03-11T05:53:45.167+0000] {processor.py:175} INFO - Processing /home/airflow/.local/lib/python3.7/site-packages/airflow/example_dags/example_task_group.py took 0.098 seconds
[2025-03-11T05:54:16.116+0000] {processor.py:153} INFO - Started process (PID=180) to work on /home/airflow/.local/lib/python3.7/site-packages/airflow/example_dags/example_task_group.py
[2025-03-11T05:54:16.120+0000] {processor.py:743} INFO - Processing file /home/airflow/.local/lib/python3.7/site-packages/airflow/example_dags/example_task_group.py for tasks to queue
[2025-03-11T05:54:16.121+0000] {logging_mixin.py:137} INFO - [2025-03-11T05:54:16.121+0000] {dagbag.py:538} INFO - Filling up the DagBag from /home/airflow/.local/lib/python3.7/site-packages/airflow/example_dags/example_task_group.py
[2025-03-11T05:54:16.159+0000] {processor.py:753} INFO - DAG(s) dict_keys(['example_task_group']) retrieved from /home/airflow/.local/lib/python3.7/site-packages/airflow/example_dags/example_task_group.py
[2025-03-11T05:54:16.279+0000] {logging_mixin.py:137} INFO - [2025-03-11T05:54:16.278+0000] {dag.py:2676} INFO - Sync 1 DAGs
[2025-03-11T05:54:16.344+0000] {logging_mixin.py:137} INFO - [2025-03-11T05:54:16.343+0000] {dag.py:3427} INFO - Setting next_dagrun for example_task_group to 2025-03-10T05:54:16.342306+00:00, run_after=2025-03-11T05:54:16.342306+00:00
[2025-03-11T05:54:16.373+0000] {processor.py:175} INFO - Processing /home/airflow/.local/lib/python3.7/site-packages/airflow/example_dags/example_task_group.py took 0.268 seconds
[2025-03-11T05:54:46.797+0000] {processor.py:153} INFO - Started process (PID=219) to work on /home/airflow/.local/lib/python3.7/site-packages/airflow/example_dags/example_task_group.py
[2025-03-11T05:54:46.802+0000] {processor.py:743} INFO - Processing file /home/airflow/.local/lib/python3.7/site-packages/airflow/example_dags/example_task_group.py for tasks to queue
[2025-03-11T05:54:46.803+0000] {logging_mixin.py:137} INFO - [2025-03-11T05:54:46.803+0000] {dagbag.py:538} INFO - Filling up the DagBag from /home/airflow/.local/lib/python3.7/site-packages/airflow/example_dags/example_task_group.py
[2025-03-11T05:54:46.830+0000] {processor.py:753} INFO - DAG(s) dict_keys(['example_task_group']) retrieved from /home/airflow/.local/lib/python3.7/site-packages/airflow/example_dags/example_task_group.py
[2025-03-11T05:54:46.906+0000] {logging_mixin.py:137} INFO - [2025-03-11T05:54:46.905+0000] {dag.py:2676} INFO - Sync 1 DAGs
[2025-03-11T05:54:46.936+0000] {logging_mixin.py:137} INFO - [2025-03-11T05:54:46.936+0000] {dag.py:3427} INFO - Setting next_dagrun for example_task_group to 2025-03-10T05:54:46.935482+00:00, run_after=2025-03-11T05:54:46.935482+00:00
[2025-03-11T05:54:46.957+0000] {processor.py:175} INFO - Processing /home/airflow/.local/lib/python3.7/site-packages/airflow/example_dags/example_task_group.py took 0.167 seconds
[2025-03-11T05:55:17.779+0000] {processor.py:153} INFO - Started process (PID=258) to work on /home/airflow/.local/lib/python3.7/site-packages/airflow/example_dags/example_task_group.py
[2025-03-11T05:55:17.781+0000] {processor.py:743} INFO - Processing file /home/airflow/.local/lib/python3.7/site-packages/airflow/example_dags/example_task_group.py for tasks to queue
[2025-03-11T05:55:17.782+0000] {logging_mixin.py:137} INFO - [2025-03-11T05:55:17.782+0000] {dagbag.py:538} INFO - Filling up the DagBag from /home/airflow/.local/lib/python3.7/site-packages/airflow/example_dags/example_task_group.py
[2025-03-11T05:55:17.811+0000] {processor.py:753} INFO - DAG(s) dict_keys(['example_task_group']) retrieved from /home/airflow/.local/lib/python3.7/site-packages/airflow/example_dags/example_task_group.py
[2025-03-11T05:55:17.860+0000] {logging_mixin.py:137} INFO - [2025-03-11T05:55:17.860+0000] {dag.py:2676} INFO - Sync 1 DAGs
[2025-03-11T05:55:17.882+0000] {logging_mixin.py:137} INFO - [2025-03-11T05:55:17.881+0000] {dag.py:3427} INFO - Setting next_dagrun for example_task_group to 2025-03-10T05:55:17.881301+00:00, run_after=2025-03-11T05:55:17.881301+00:00
[2025-03-11T05:55:17.898+0000] {processor.py:175} INFO - Processing /home/airflow/.local/lib/python3.7/site-packages/airflow/example_dags/example_task_group.py took 0.124 seconds
[2025-03-11T05:55:48.200+0000] {processor.py:153} INFO - Started process (PID=297) to work on /home/airflow/.local/lib/python3.7/site-packages/airflow/example_dags/example_task_group.py
[2025-03-11T05:55:48.202+0000] {processor.py:743} INFO - Processing file /home/airflow/.local/lib/python3.7/site-packages/airflow/example_dags/example_task_group.py for tasks to queue
[2025-03-11T05:55:48.203+0000] {logging_mixin.py:137} INFO - [2025-03-11T05:55:48.203+0000] {dagbag.py:538} INFO - Filling up the DagBag from /home/airflow/.local/lib/python3.7/site-packages/airflow/example_dags/example_task_group.py
[2025-03-11T05:55:48.230+0000] {processor.py:753} INFO - DAG(s) dict_keys(['example_task_group']) retrieved from /home/airflow/.local/lib/python3.7/site-packages/airflow/example_dags/example_task_group.py
[2025-03-11T05:55:48.267+0000] {logging_mixin.py:137} INFO - [2025-03-11T05:55:48.267+0000] {dag.py:2676} INFO - Sync 1 DAGs
[2025-03-11T05:55:48.288+0000] {logging_mixin.py:137} INFO - [2025-03-11T05:55:48.287+0000] {dag.py:3427} INFO - Setting next_dagrun for example_task_group to 2025-03-10T05:55:48.287466+00:00, run_after=2025-03-11T05:55:48.287466+00:00
[2025-03-11T05:55:48.302+0000] {processor.py:175} INFO - Processing /home/airflow/.local/lib/python3.7/site-packages/airflow/example_dags/example_task_group.py took 0.107 seconds
[2025-03-11T05:56:18.992+0000] {processor.py:153} INFO - Started process (PID=336) to work on /home/airflow/.local/lib/python3.7/site-packages/airflow/example_dags/example_task_group.py
[2025-03-11T05:56:18.995+0000] {processor.py:743} INFO - Processing file /home/airflow/.local/lib/python3.7/site-packages/airflow/example_dags/example_task_group.py for tasks to queue
[2025-03-11T05:56:18.998+0000] {logging_mixin.py:137} INFO - [2025-03-11T05:56:18.997+0000] {dagbag.py:538} INFO - Filling up the DagBag from /home/airflow/.local/lib/python3.7/site-packages/airflow/example_dags/example_task_group.py
[2025-03-11T05:56:19.065+0000] {processor.py:753} INFO - DAG(s) dict_keys(['example_task_group']) retrieved from /home/airflow/.local/lib/python3.7/site-packages/airflow/example_dags/example_task_group.py
[2025-03-11T05:56:19.157+0000] {logging_mixin.py:137} INFO - [2025-03-11T05:56:19.157+0000] {dag.py:2676} INFO - Sync 1 DAGs
[2025-03-11T05:56:19.218+0000] {logging_mixin.py:137} INFO - [2025-03-11T05:56:19.217+0000] {dag.py:3427} INFO - Setting next_dagrun for example_task_group to 2025-03-10T05:56:19.215060+00:00, run_after=2025-03-11T05:56:19.215060+00:00
[2025-03-11T05:56:19.252+0000] {processor.py:175} INFO - Processing /home/airflow/.local/lib/python3.7/site-packages/airflow/example_dags/example_task_group.py took 0.277 seconds
[2025-03-11T05:56:49.913+0000] {processor.py:153} INFO - Started process (PID=375) to work on /home/airflow/.local/lib/python3.7/site-packages/airflow/example_dags/example_task_group.py
[2025-03-11T05:56:49.916+0000] {processor.py:743} INFO - Processing file /home/airflow/.local/lib/python3.7/site-packages/airflow/example_dags/example_task_group.py for tasks to queue
[2025-03-11T05:56:49.917+0000] {logging_mixin.py:137} INFO - [2025-03-11T05:56:49.917+0000] {dagbag.py:538} INFO - Filling up the DagBag from /home/airflow/.local/lib/python3.7/site-packages/airflow/example_dags/example_task_group.py
[2025-03-11T05:56:49.945+0000] {processor.py:753} INFO - DAG(s) dict_keys(['example_task_group']) retrieved from /home/airflow/.local/lib/python3.7/site-packages/airflow/example_dags/example_task_group.py
[2025-03-11T05:56:49.980+0000] {logging_mixin.py:137} INFO - [2025-03-11T05:56:49.980+0000] {dag.py:2676} INFO - Sync 1 DAGs
[2025-03-11T05:56:50.008+0000] {logging_mixin.py:137} INFO - [2025-03-11T05:56:50.007+0000] {dag.py:3427} INFO - Setting next_dagrun for example_task_group to 2025-03-10T05:56:50.007461+00:00, run_after=2025-03-11T05:56:50.007461+00:00
[2025-03-11T05:56:50.025+0000] {processor.py:175} INFO - Processing /home/airflow/.local/lib/python3.7/site-packages/airflow/example_dags/example_task_group.py took 0.119 seconds
[2025-03-11T05:57:20.308+0000] {processor.py:153} INFO - Started process (PID=414) to work on /home/airflow/.local/lib/python3.7/site-packages/airflow/example_dags/example_task_group.py
[2025-03-11T05:57:20.310+0000] {processor.py:743} INFO - Processing file /home/airflow/.local/lib/python3.7/site-packages/airflow/example_dags/example_task_group.py for tasks to queue
[2025-03-11T05:57:20.311+0000] {logging_mixin.py:137} INFO - [2025-03-11T05:57:20.311+0000] {dagbag.py:538} INFO - Filling up the DagBag from /home/airflow/.local/lib/python3.7/site-packages/airflow/example_dags/example_task_group.py
[2025-03-11T05:57:20.336+0000] {processor.py:753} INFO - DAG(s) dict_keys(['example_task_group']) retrieved from /home/airflow/.local/lib/python3.7/site-packages/airflow/example_dags/example_task_group.py
[2025-03-11T05:57:20.375+0000] {logging_mixin.py:137} INFO - [2025-03-11T05:57:20.375+0000] {dag.py:2676} INFO - Sync 1 DAGs
[2025-03-11T05:57:20.398+0000] {logging_mixin.py:137} INFO - [2025-03-11T05:57:20.398+0000] {dag.py:3427} INFO - Setting next_dagrun for example_task_group to 2025-03-10T05:57:20.397812+00:00, run_after=2025-03-11T05:57:20.397812+00:00
[2025-03-11T05:57:20.417+0000] {processor.py:175} INFO - Processing /home/airflow/.local/lib/python3.7/site-packages/airflow/example_dags/example_task_group.py took 0.115 seconds
[2025-03-11T05:57:50.965+0000] {processor.py:153} INFO - Started process (PID=453) to work on /home/airflow/.local/lib/python3.7/site-packages/airflow/example_dags/example_task_group.py
[2025-03-11T05:57:50.968+0000] {processor.py:743} INFO - Processing file /home/airflow/.local/lib/python3.7/site-packages/airflow/example_dags/example_task_group.py for tasks to queue
[2025-03-11T05:57:50.969+0000] {logging_mixin.py:137} INFO - [2025-03-11T05:57:50.969+0000] {dagbag.py:538} INFO - Filling up the DagBag from /home/airflow/.local/lib/python3.7/site-packages/airflow/example_dags/example_task_group.py
[2025-03-11T05:57:50.996+0000] {processor.py:753} INFO - DAG(s) dict_keys(['example_task_group']) retrieved from /home/airflow/.local/lib/python3.7/site-packages/airflow/example_dags/example_task_group.py
[2025-03-11T05:57:51.035+0000] {logging_mixin.py:137} INFO - [2025-03-11T05:57:51.035+0000] {dag.py:2676} INFO - Sync 1 DAGs
[2025-03-11T05:57:51.058+0000] {logging_mixin.py:137} INFO - [2025-03-11T05:57:51.057+0000] {dag.py:3427} INFO - Setting next_dagrun for example_task_group to 2025-03-10T05:57:51.057225+00:00, run_after=2025-03-11T05:57:51.057225+00:00
[2025-03-11T05:57:51.073+0000] {processor.py:175} INFO - Processing /home/airflow/.local/lib/python3.7/site-packages/airflow/example_dags/example_task_group.py took 0.113 seconds
[2025-03-11T05:58:21.362+0000] {processor.py:153} INFO - Started process (PID=492) to work on /home/airflow/.local/lib/python3.7/site-packages/airflow/example_dags/example_task_group.py
[2025-03-11T05:58:21.365+0000] {processor.py:743} INFO - Processing file /home/airflow/.local/lib/python3.7/site-packages/airflow/example_dags/example_task_group.py for tasks to queue
[2025-03-11T05:58:21.367+0000] {logging_mixin.py:137} INFO - [2025-03-11T05:58:21.367+0000] {dagbag.py:538} INFO - Filling up the DagBag from /home/airflow/.local/lib/python3.7/site-packages/airflow/example_dags/example_task_group.py
[2025-03-11T05:58:21.391+0000] {processor.py:753} INFO - DAG(s) dict_keys(['example_task_group']) retrieved from /home/airflow/.local/lib/python3.7/site-packages/airflow/example_dags/example_task_group.py
[2025-03-11T05:58:21.429+0000] {logging_mixin.py:137} INFO - [2025-03-11T05:58:21.429+0000] {dag.py:2676} INFO - Sync 1 DAGs
[2025-03-11T05:58:21.449+0000] {logging_mixin.py:137} INFO - [2025-03-11T05:58:21.449+0000] {dag.py:3427} INFO - Setting next_dagrun for example_task_group to 2025-03-10T05:58:21.449123+00:00, run_after=2025-03-11T05:58:21.449123+00:00
[2025-03-11T05:58:21.467+0000] {processor.py:175} INFO - Processing /home/airflow/.local/lib/python3.7/site-packages/airflow/example_dags/example_task_group.py took 0.110 seconds
[2025-03-11T05:58:51.815+0000] {processor.py:153} INFO - Started process (PID=531) to work on /home/airflow/.local/lib/python3.7/site-packages/airflow/example_dags/example_task_group.py
[2025-03-11T05:58:51.816+0000] {processor.py:743} INFO - Processing file /home/airflow/.local/lib/python3.7/site-packages/airflow/example_dags/example_task_group.py for tasks to queue
[2025-03-11T05:58:51.817+0000] {logging_mixin.py:137} INFO - [2025-03-11T05:58:51.817+0000] {dagbag.py:538} INFO - Filling up the DagBag from /home/airflow/.local/lib/python3.7/site-packages/airflow/example_dags/example_task_group.py
[2025-03-11T05:58:51.844+0000] {processor.py:753} INFO - DAG(s) dict_keys(['example_task_group']) retrieved from /home/airflow/.local/lib/python3.7/site-packages/airflow/example_dags/example_task_group.py
[2025-03-11T05:58:51.881+0000] {logging_mixin.py:137} INFO - [2025-03-11T05:58:51.880+0000] {dag.py:2676} INFO - Sync 1 DAGs
[2025-03-11T05:58:51.901+0000] {logging_mixin.py:137} INFO - [2025-03-11T05:58:51.901+0000] {dag.py:3427} INFO - Setting next_dagrun for example_task_group to 2025-03-10T05:58:51.901042+00:00, run_after=2025-03-11T05:58:51.901042+00:00
[2025-03-11T05:58:51.916+0000] {processor.py:175} INFO - Processing /home/airflow/.local/lib/python3.7/site-packages/airflow/example_dags/example_task_group.py took 0.106 seconds
[2025-03-11T05:59:22.416+0000] {processor.py:153} INFO - Started process (PID=570) to work on /home/airflow/.local/lib/python3.7/site-packages/airflow/example_dags/example_task_group.py
[2025-03-11T05:59:22.418+0000] {processor.py:743} INFO - Processing file /home/airflow/.local/lib/python3.7/site-packages/airflow/example_dags/example_task_group.py for tasks to queue
[2025-03-11T05:59:22.419+0000] {logging_mixin.py:137} INFO - [2025-03-11T05:59:22.419+0000] {dagbag.py:538} INFO - Filling up the DagBag from /home/airflow/.local/lib/python3.7/site-packages/airflow/example_dags/example_task_group.py
[2025-03-11T05:59:22.444+0000] {processor.py:753} INFO - DAG(s) dict_keys(['example_task_group']) retrieved from /home/airflow/.local/lib/python3.7/site-packages/airflow/example_dags/example_task_group.py
[2025-03-11T05:59:22.490+0000] {logging_mixin.py:137} INFO - [2025-03-11T05:59:22.490+0000] {dag.py:2676} INFO - Sync 1 DAGs
[2025-03-11T05:59:22.512+0000] {logging_mixin.py:137} INFO - [2025-03-11T05:59:22.512+0000] {dag.py:3427} INFO - Setting next_dagrun for example_task_group to 2025-03-10T05:59:22.512326+00:00, run_after=2025-03-11T05:59:22.512326+00:00
[2025-03-11T05:59:22.534+0000] {processor.py:175} INFO - Processing /home/airflow/.local/lib/python3.7/site-packages/airflow/example_dags/example_task_group.py took 0.124 seconds
[2025-03-11T05:59:52.969+0000] {processor.py:153} INFO - Started process (PID=609) to work on /home/airflow/.local/lib/python3.7/site-packages/airflow/example_dags/example_task_group.py
[2025-03-11T05:59:52.972+0000] {processor.py:743} INFO - Processing file /home/airflow/.local/lib/python3.7/site-packages/airflow/example_dags/example_task_group.py for tasks to queue
[2025-03-11T05:59:52.973+0000] {logging_mixin.py:137} INFO - [2025-03-11T05:59:52.973+0000] {dagbag.py:538} INFO - Filling up the DagBag from /home/airflow/.local/lib/python3.7/site-packages/airflow/example_dags/example_task_group.py
[2025-03-11T05:59:52.998+0000] {processor.py:753} INFO - DAG(s) dict_keys(['example_task_group']) retrieved from /home/airflow/.local/lib/python3.7/site-packages/airflow/example_dags/example_task_group.py
[2025-03-11T05:59:53.041+0000] {logging_mixin.py:137} INFO - [2025-03-11T05:59:53.041+0000] {dag.py:2676} INFO - Sync 1 DAGs
[2025-03-11T05:59:53.064+0000] {logging_mixin.py:137} INFO - [2025-03-11T05:59:53.063+0000] {dag.py:3427} INFO - Setting next_dagrun for example_task_group to 2025-03-10T05:59:53.063431+00:00, run_after=2025-03-11T05:59:53.063431+00:00
[2025-03-11T05:59:53.081+0000] {processor.py:175} INFO - Processing /home/airflow/.local/lib/python3.7/site-packages/airflow/example_dags/example_task_group.py took 0.117 seconds
[2025-03-11T06:00:23.518+0000] {processor.py:153} INFO - Started process (PID=648) to work on /home/airflow/.local/lib/python3.7/site-packages/airflow/example_dags/example_task_group.py
[2025-03-11T06:00:23.520+0000] {processor.py:743} INFO - Processing file /home/airflow/.local/lib/python3.7/site-packages/airflow/example_dags/example_task_group.py for tasks to queue
[2025-03-11T06:00:23.521+0000] {logging_mixin.py:137} INFO - [2025-03-11T06:00:23.521+0000] {dagbag.py:538} INFO - Filling up the DagBag from /home/airflow/.local/lib/python3.7/site-packages/airflow/example_dags/example_task_group.py
[2025-03-11T06:00:23.546+0000] {processor.py:753} INFO - DAG(s) dict_keys(['example_task_group']) retrieved from /home/airflow/.local/lib/python3.7/site-packages/airflow/example_dags/example_task_group.py
[2025-03-11T06:00:23.585+0000] {logging_mixin.py:137} INFO - [2025-03-11T06:00:23.585+0000] {dag.py:2676} INFO - Sync 1 DAGs
[2025-03-11T06:00:23.606+0000] {logging_mixin.py:137} INFO - [2025-03-11T06:00:23.606+0000] {dag.py:3427} INFO - Setting next_dagrun for example_task_group to 2025-03-10T06:00:23.606144+00:00, run_after=2025-03-11T06:00:23.606144+00:00
[2025-03-11T06:00:23.624+0000] {processor.py:175} INFO - Processing /home/airflow/.local/lib/python3.7/site-packages/airflow/example_dags/example_task_group.py took 0.110 seconds
[2025-03-11T06:00:54.208+0000] {processor.py:153} INFO - Started process (PID=687) to work on /home/airflow/.local/lib/python3.7/site-packages/airflow/example_dags/example_task_group.py
[2025-03-11T06:00:54.211+0000] {processor.py:743} INFO - Processing file /home/airflow/.local/lib/python3.7/site-packages/airflow/example_dags/example_task_group.py for tasks to queue
[2025-03-11T06:00:54.212+0000] {logging_mixin.py:137} INFO - [2025-03-11T06:00:54.212+0000] {dagbag.py:538} INFO - Filling up the DagBag from /home/airflow/.local/lib/python3.7/site-packages/airflow/example_dags/example_task_group.py
[2025-03-11T06:00:54.236+0000] {processor.py:753} INFO - DAG(s) dict_keys(['example_task_group']) retrieved from /home/airflow/.local/lib/python3.7/site-packages/airflow/example_dags/example_task_group.py
[2025-03-11T06:00:54.277+0000] {logging_mixin.py:137} INFO - [2025-03-11T06:00:54.277+0000] {dag.py:2676} INFO - Sync 1 DAGs
[2025-03-11T06:00:54.301+0000] {logging_mixin.py:137} INFO - [2025-03-11T06:00:54.301+0000] {dag.py:3427} INFO - Setting next_dagrun for example_task_group to 2025-03-10T06:00:54.301234+00:00, run_after=2025-03-11T06:00:54.301234+00:00
[2025-03-11T06:00:54.320+0000] {processor.py:175} INFO - Processing /home/airflow/.local/lib/python3.7/site-packages/airflow/example_dags/example_task_group.py took 0.118 seconds
[2025-03-11T06:01:24.664+0000] {processor.py:153} INFO - Started process (PID=726) to work on /home/airflow/.local/lib/python3.7/site-packages/airflow/example_dags/example_task_group.py
[2025-03-11T06:01:24.665+0000] {processor.py:743} INFO - Processing file /home/airflow/.local/lib/python3.7/site-packages/airflow/example_dags/example_task_group.py for tasks to queue
[2025-03-11T06:01:24.667+0000] {logging_mixin.py:137} INFO - [2025-03-11T06:01:24.666+0000] {dagbag.py:538} INFO - Filling up the DagBag from /home/airflow/.local/lib/python3.7/site-packages/airflow/example_dags/example_task_group.py
[2025-03-11T06:01:24.691+0000] {processor.py:753} INFO - DAG(s) dict_keys(['example_task_group']) retrieved from /home/airflow/.local/lib/python3.7/site-packages/airflow/example_dags/example_task_group.py
[2025-03-11T06:01:24.731+0000] {logging_mixin.py:137} INFO - [2025-03-11T06:01:24.730+0000] {dag.py:2676} INFO - Sync 1 DAGs
[2025-03-11T06:01:24.751+0000] {logging_mixin.py:137} INFO - [2025-03-11T06:01:24.751+0000] {dag.py:3427} INFO - Setting next_dagrun for example_task_group to 2025-03-10T06:01:24.751335+00:00, run_after=2025-03-11T06:01:24.751335+00:00
[2025-03-11T06:01:24.767+0000] {processor.py:175} INFO - Processing /home/airflow/.local/lib/python3.7/site-packages/airflow/example_dags/example_task_group.py took 0.108 seconds
[2025-03-11T06:01:54.947+0000] {processor.py:153} INFO - Started process (PID=765) to work on /home/airflow/.local/lib/python3.7/site-packages/airflow/example_dags/example_task_group.py
[2025-03-11T06:01:54.949+0000] {processor.py:743} INFO - Processing file /home/airflow/.local/lib/python3.7/site-packages/airflow/example_dags/example_task_group.py for tasks to queue
[2025-03-11T06:01:54.950+0000] {logging_mixin.py:137} INFO - [2025-03-11T06:01:54.950+0000] {dagbag.py:538} INFO - Filling up the DagBag from /home/airflow/.local/lib/python3.7/site-packages/airflow/example_dags/example_task_group.py
[2025-03-11T06:01:54.977+0000] {processor.py:753} INFO - DAG(s) dict_keys(['example_task_group']) retrieved from /home/airflow/.local/lib/python3.7/site-packages/airflow/example_dags/example_task_group.py
[2025-03-11T06:01:55.012+0000] {logging_mixin.py:137} INFO - [2025-03-11T06:01:55.012+0000] {dag.py:2676} INFO - Sync 1 DAGs
[2025-03-11T06:01:55.032+0000] {logging_mixin.py:137} INFO - [2025-03-11T06:01:55.032+0000] {dag.py:3427} INFO - Setting next_dagrun for example_task_group to 2025-03-10T06:01:55.031852+00:00, run_after=2025-03-11T06:01:55.031852+00:00
[2025-03-11T06:01:55.049+0000] {processor.py:175} INFO - Processing /home/airflow/.local/lib/python3.7/site-packages/airflow/example_dags/example_task_group.py took 0.107 seconds
[2025-03-11T06:02:25.927+0000] {processor.py:153} INFO - Started process (PID=804) to work on /home/airflow/.local/lib/python3.7/site-packages/airflow/example_dags/example_task_group.py
[2025-03-11T06:02:25.929+0000] {processor.py:743} INFO - Processing file /home/airflow/.local/lib/python3.7/site-packages/airflow/example_dags/example_task_group.py for tasks to queue
[2025-03-11T06:02:25.930+0000] {logging_mixin.py:137} INFO - [2025-03-11T06:02:25.930+0000] {dagbag.py:538} INFO - Filling up the DagBag from /home/airflow/.local/lib/python3.7/site-packages/airflow/example_dags/example_task_group.py
[2025-03-11T06:02:25.956+0000] {processor.py:753} INFO - DAG(s) dict_keys(['example_task_group']) retrieved from /home/airflow/.local/lib/python3.7/site-packages/airflow/example_dags/example_task_group.py
[2025-03-11T06:02:25.993+0000] {logging_mixin.py:137} INFO - [2025-03-11T06:02:25.993+0000] {dag.py:2676} INFO - Sync 1 DAGs
[2025-03-11T06:02:26.013+0000] {logging_mixin.py:137} INFO - [2025-03-11T06:02:26.013+0000] {dag.py:3427} INFO - Setting next_dagrun for example_task_group to 2025-03-10T06:02:26.012817+00:00, run_after=2025-03-11T06:02:26.012817+00:00
[2025-03-11T06:02:26.029+0000] {processor.py:175} INFO - Processing /home/airflow/.local/lib/python3.7/site-packages/airflow/example_dags/example_task_group.py took 0.107 seconds
[2025-03-11T06:02:56.426+0000] {processor.py:153} INFO - Started process (PID=843) to work on /home/airflow/.local/lib/python3.7/site-packages/airflow/example_dags/example_task_group.py
[2025-03-11T06:02:56.427+0000] {processor.py:743} INFO - Processing file /home/airflow/.local/lib/python3.7/site-packages/airflow/example_dags/example_task_group.py for tasks to queue
[2025-03-11T06:02:56.429+0000] {logging_mixin.py:137} INFO - [2025-03-11T06:02:56.428+0000] {dagbag.py:538} INFO - Filling up the DagBag from /home/airflow/.local/lib/python3.7/site-packages/airflow/example_dags/example_task_group.py
[2025-03-11T06:02:56.454+0000] {processor.py:753} INFO - DAG(s) dict_keys(['example_task_group']) retrieved from /home/airflow/.local/lib/python3.7/site-packages/airflow/example_dags/example_task_group.py
[2025-03-11T06:02:56.493+0000] {logging_mixin.py:137} INFO - [2025-03-11T06:02:56.493+0000] {dag.py:2676} INFO - Sync 1 DAGs
[2025-03-11T06:02:56.513+0000] {logging_mixin.py:137} INFO - [2025-03-11T06:02:56.513+0000] {dag.py:3427} INFO - Setting next_dagrun for example_task_group to 2025-03-10T06:02:56.513140+00:00, run_after=2025-03-11T06:02:56.513140+00:00
[2025-03-11T06:02:56.528+0000] {processor.py:175} INFO - Processing /home/airflow/.local/lib/python3.7/site-packages/airflow/example_dags/example_task_group.py took 0.107 seconds
[2025-03-11T06:03:26.867+0000] {processor.py:153} INFO - Started process (PID=882) to work on /home/airflow/.local/lib/python3.7/site-packages/airflow/example_dags/example_task_group.py
[2025-03-11T06:03:26.869+0000] {processor.py:743} INFO - Processing file /home/airflow/.local/lib/python3.7/site-packages/airflow/example_dags/example_task_group.py for tasks to queue
[2025-03-11T06:03:26.871+0000] {logging_mixin.py:137} INFO - [2025-03-11T06:03:26.870+0000] {dagbag.py:538} INFO - Filling up the DagBag from /home/airflow/.local/lib/python3.7/site-packages/airflow/example_dags/example_task_group.py
[2025-03-11T06:03:26.895+0000] {processor.py:753} INFO - DAG(s) dict_keys(['example_task_group']) retrieved from /home/airflow/.local/lib/python3.7/site-packages/airflow/example_dags/example_task_group.py
[2025-03-11T06:03:26.933+0000] {logging_mixin.py:137} INFO - [2025-03-11T06:03:26.933+0000] {dag.py:2676} INFO - Sync 1 DAGs
[2025-03-11T06:03:26.956+0000] {logging_mixin.py:137} INFO - [2025-03-11T06:03:26.956+0000] {dag.py:3427} INFO - Setting next_dagrun for example_task_group to 2025-03-10T06:03:26.956141+00:00, run_after=2025-03-11T06:03:26.956141+00:00
[2025-03-11T06:03:26.971+0000] {processor.py:175} INFO - Processing /home/airflow/.local/lib/python3.7/site-packages/airflow/example_dags/example_task_group.py took 0.110 seconds
[2025-03-11T06:03:57.275+0000] {processor.py:153} INFO - Started process (PID=921) to work on /home/airflow/.local/lib/python3.7/site-packages/airflow/example_dags/example_task_group.py
[2025-03-11T06:03:57.276+0000] {processor.py:743} INFO - Processing file /home/airflow/.local/lib/python3.7/site-packages/airflow/example_dags/example_task_group.py for tasks to queue
[2025-03-11T06:03:57.277+0000] {logging_mixin.py:137} INFO - [2025-03-11T06:03:57.277+0000] {dagbag.py:538} INFO - Filling up the DagBag from /home/airflow/.local/lib/python3.7/site-packages/airflow/example_dags/example_task_group.py
[2025-03-11T06:03:57.302+0000] {processor.py:753} INFO - DAG(s) dict_keys(['example_task_group']) retrieved from /home/airflow/.local/lib/python3.7/site-packages/airflow/example_dags/example_task_group.py
[2025-03-11T06:03:57.341+0000] {logging_mixin.py:137} INFO - [2025-03-11T06:03:57.341+0000] {dag.py:2676} INFO - Sync 1 DAGs
[2025-03-11T06:03:57.367+0000] {logging_mixin.py:137} INFO - [2025-03-11T06:03:57.367+0000] {dag.py:3427} INFO - Setting next_dagrun for example_task_group to 2025-03-10T06:03:57.367084+00:00, run_after=2025-03-11T06:03:57.367084+00:00
[2025-03-11T06:03:57.391+0000] {processor.py:175} INFO - Processing /home/airflow/.local/lib/python3.7/site-packages/airflow/example_dags/example_task_group.py took 0.121 seconds
[2025-03-11T06:04:27.742+0000] {processor.py:153} INFO - Started process (PID=960) to work on /home/airflow/.local/lib/python3.7/site-packages/airflow/example_dags/example_task_group.py
[2025-03-11T06:04:27.743+0000] {processor.py:743} INFO - Processing file /home/airflow/.local/lib/python3.7/site-packages/airflow/example_dags/example_task_group.py for tasks to queue
[2025-03-11T06:04:27.744+0000] {logging_mixin.py:137} INFO - [2025-03-11T06:04:27.744+0000] {dagbag.py:538} INFO - Filling up the DagBag from /home/airflow/.local/lib/python3.7/site-packages/airflow/example_dags/example_task_group.py
[2025-03-11T06:04:27.769+0000] {processor.py:753} INFO - DAG(s) dict_keys(['example_task_group']) retrieved from /home/airflow/.local/lib/python3.7/site-packages/airflow/example_dags/example_task_group.py
[2025-03-11T06:04:27.805+0000] {logging_mixin.py:137} INFO - [2025-03-11T06:04:27.804+0000] {dag.py:2676} INFO - Sync 1 DAGs
[2025-03-11T06:04:27.824+0000] {logging_mixin.py:137} INFO - [2025-03-11T06:04:27.824+0000] {dag.py:3427} INFO - Setting next_dagrun for example_task_group to 2025-03-10T06:04:27.823892+00:00, run_after=2025-03-11T06:04:27.823892+00:00
[2025-03-11T06:04:27.842+0000] {processor.py:175} INFO - Processing /home/airflow/.local/lib/python3.7/site-packages/airflow/example_dags/example_task_group.py took 0.103 seconds
[2025-03-11T06:04:58.128+0000] {processor.py:153} INFO - Started process (PID=999) to work on /home/airflow/.local/lib/python3.7/site-packages/airflow/example_dags/example_task_group.py
[2025-03-11T06:04:58.130+0000] {processor.py:743} INFO - Processing file /home/airflow/.local/lib/python3.7/site-packages/airflow/example_dags/example_task_group.py for tasks to queue
[2025-03-11T06:04:58.132+0000] {logging_mixin.py:137} INFO - [2025-03-11T06:04:58.131+0000] {dagbag.py:538} INFO - Filling up the DagBag from /home/airflow/.local/lib/python3.7/site-packages/airflow/example_dags/example_task_group.py
[2025-03-11T06:04:58.155+0000] {processor.py:753} INFO - DAG(s) dict_keys(['example_task_group']) retrieved from /home/airflow/.local/lib/python3.7/site-packages/airflow/example_dags/example_task_group.py
[2025-03-11T06:04:58.193+0000] {logging_mixin.py:137} INFO - [2025-03-11T06:04:58.193+0000] {dag.py:2676} INFO - Sync 1 DAGs
[2025-03-11T06:04:58.215+0000] {logging_mixin.py:137} INFO - [2025-03-11T06:04:58.215+0000] {dag.py:3427} INFO - Setting next_dagrun for example_task_group to 2025-03-10T06:04:58.214680+00:00, run_after=2025-03-11T06:04:58.214680+00:00
[2025-03-11T06:04:58.233+0000] {processor.py:175} INFO - Processing /home/airflow/.local/lib/python3.7/site-packages/airflow/example_dags/example_task_group.py took 0.110 seconds
[2025-03-11T06:05:28.554+0000] {processor.py:153} INFO - Started process (PID=1038) to work on /home/airflow/.local/lib/python3.7/site-packages/airflow/example_dags/example_task_group.py
[2025-03-11T06:05:28.557+0000] {processor.py:743} INFO - Processing file /home/airflow/.local/lib/python3.7/site-packages/airflow/example_dags/example_task_group.py for tasks to queue
[2025-03-11T06:05:28.558+0000] {logging_mixin.py:137} INFO - [2025-03-11T06:05:28.558+0000] {dagbag.py:538} INFO - Filling up the DagBag from /home/airflow/.local/lib/python3.7/site-packages/airflow/example_dags/example_task_group.py
[2025-03-11T06:05:28.582+0000] {processor.py:753} INFO - DAG(s) dict_keys(['example_task_group']) retrieved from /home/airflow/.local/lib/python3.7/site-packages/airflow/example_dags/example_task_group.py
[2025-03-11T06:05:28.623+0000] {logging_mixin.py:137} INFO - [2025-03-11T06:05:28.623+0000] {dag.py:2676} INFO - Sync 1 DAGs
[2025-03-11T06:05:28.645+0000] {logging_mixin.py:137} INFO - [2025-03-11T06:05:28.644+0000] {dag.py:3427} INFO - Setting next_dagrun for example_task_group to 2025-03-10T06:05:28.644438+00:00, run_after=2025-03-11T06:05:28.644438+00:00
[2025-03-11T06:05:28.664+0000] {processor.py:175} INFO - Processing /home/airflow/.local/lib/python3.7/site-packages/airflow/example_dags/example_task_group.py took 0.116 seconds
[2025-03-11T06:05:59.045+0000] {processor.py:153} INFO - Started process (PID=1077) to work on /home/airflow/.local/lib/python3.7/site-packages/airflow/example_dags/example_task_group.py
[2025-03-11T06:05:59.046+0000] {processor.py:743} INFO - Processing file /home/airflow/.local/lib/python3.7/site-packages/airflow/example_dags/example_task_group.py for tasks to queue
[2025-03-11T06:05:59.048+0000] {logging_mixin.py:137} INFO - [2025-03-11T06:05:59.047+0000] {dagbag.py:538} INFO - Filling up the DagBag from /home/airflow/.local/lib/python3.7/site-packages/airflow/example_dags/example_task_group.py
[2025-03-11T06:05:59.072+0000] {processor.py:753} INFO - DAG(s) dict_keys(['example_task_group']) retrieved from /home/airflow/.local/lib/python3.7/site-packages/airflow/example_dags/example_task_group.py
[2025-03-11T06:05:59.113+0000] {logging_mixin.py:137} INFO - [2025-03-11T06:05:59.113+0000] {dag.py:2676} INFO - Sync 1 DAGs
[2025-03-11T06:05:59.135+0000] {logging_mixin.py:137} INFO - [2025-03-11T06:05:59.135+0000] {dag.py:3427} INFO - Setting next_dagrun for example_task_group to 2025-03-10T06:05:59.135089+00:00, run_after=2025-03-11T06:05:59.135089+00:00
[2025-03-11T06:05:59.160+0000] {processor.py:175} INFO - Processing /home/airflow/.local/lib/python3.7/site-packages/airflow/example_dags/example_task_group.py took 0.119 seconds
[2025-03-11T06:06:29.460+0000] {processor.py:153} INFO - Started process (PID=1116) to work on /home/airflow/.local/lib/python3.7/site-packages/airflow/example_dags/example_task_group.py
[2025-03-11T06:06:29.461+0000] {processor.py:743} INFO - Processing file /home/airflow/.local/lib/python3.7/site-packages/airflow/example_dags/example_task_group.py for tasks to queue
[2025-03-11T06:06:29.462+0000] {logging_mixin.py:137} INFO - [2025-03-11T06:06:29.462+0000] {dagbag.py:538} INFO - Filling up the DagBag from /home/airflow/.local/lib/python3.7/site-packages/airflow/example_dags/example_task_group.py
[2025-03-11T06:06:29.487+0000] {processor.py:753} INFO - DAG(s) dict_keys(['example_task_group']) retrieved from /home/airflow/.local/lib/python3.7/site-packages/airflow/example_dags/example_task_group.py
[2025-03-11T06:06:29.526+0000] {logging_mixin.py:137} INFO - [2025-03-11T06:06:29.526+0000] {dag.py:2676} INFO - Sync 1 DAGs
[2025-03-11T06:06:29.547+0000] {logging_mixin.py:137} INFO - [2025-03-11T06:06:29.547+0000] {dag.py:3427} INFO - Setting next_dagrun for example_task_group to 2025-03-10T06:06:29.546623+00:00, run_after=2025-03-11T06:06:29.546623+00:00
[2025-03-11T06:06:29.566+0000] {processor.py:175} INFO - Processing /home/airflow/.local/lib/python3.7/site-packages/airflow/example_dags/example_task_group.py took 0.111 seconds
[2025-03-11T06:06:59.839+0000] {processor.py:153} INFO - Started process (PID=1155) to work on /home/airflow/.local/lib/python3.7/site-packages/airflow/example_dags/example_task_group.py
[2025-03-11T06:06:59.840+0000] {processor.py:743} INFO - Processing file /home/airflow/.local/lib/python3.7/site-packages/airflow/example_dags/example_task_group.py for tasks to queue
[2025-03-11T06:06:59.841+0000] {logging_mixin.py:137} INFO - [2025-03-11T06:06:59.841+0000] {dagbag.py:538} INFO - Filling up the DagBag from /home/airflow/.local/lib/python3.7/site-packages/airflow/example_dags/example_task_group.py
[2025-03-11T06:06:59.868+0000] {processor.py:753} INFO - DAG(s) dict_keys(['example_task_group']) retrieved from /home/airflow/.local/lib/python3.7/site-packages/airflow/example_dags/example_task_group.py
[2025-03-11T06:06:59.907+0000] {logging_mixin.py:137} INFO - [2025-03-11T06:06:59.907+0000] {dag.py:2676} INFO - Sync 1 DAGs
[2025-03-11T06:06:59.928+0000] {logging_mixin.py:137} INFO - [2025-03-11T06:06:59.928+0000] {dag.py:3427} INFO - Setting next_dagrun for example_task_group to 2025-03-10T06:06:59.927723+00:00, run_after=2025-03-11T06:06:59.927723+00:00
[2025-03-11T06:06:59.946+0000] {processor.py:175} INFO - Processing /home/airflow/.local/lib/python3.7/site-packages/airflow/example_dags/example_task_group.py took 0.112 seconds
[2025-03-11T06:07:30.271+0000] {processor.py:153} INFO - Started process (PID=1194) to work on /home/airflow/.local/lib/python3.7/site-packages/airflow/example_dags/example_task_group.py
[2025-03-11T06:07:30.272+0000] {processor.py:743} INFO - Processing file /home/airflow/.local/lib/python3.7/site-packages/airflow/example_dags/example_task_group.py for tasks to queue
[2025-03-11T06:07:30.273+0000] {logging_mixin.py:137} INFO - [2025-03-11T06:07:30.273+0000] {dagbag.py:538} INFO - Filling up the DagBag from /home/airflow/.local/lib/python3.7/site-packages/airflow/example_dags/example_task_group.py
[2025-03-11T06:07:30.298+0000] {processor.py:753} INFO - DAG(s) dict_keys(['example_task_group']) retrieved from /home/airflow/.local/lib/python3.7/site-packages/airflow/example_dags/example_task_group.py
[2025-03-11T06:07:30.343+0000] {logging_mixin.py:137} INFO - [2025-03-11T06:07:30.343+0000] {dag.py:2676} INFO - Sync 1 DAGs
[2025-03-11T06:07:30.364+0000] {logging_mixin.py:137} INFO - [2025-03-11T06:07:30.364+0000] {dag.py:3427} INFO - Setting next_dagrun for example_task_group to 2025-03-10T06:07:30.363918+00:00, run_after=2025-03-11T06:07:30.363918+00:00
[2025-03-11T06:07:30.385+0000] {processor.py:175} INFO - Processing /home/airflow/.local/lib/python3.7/site-packages/airflow/example_dags/example_task_group.py took 0.120 seconds
[2025-03-11T06:08:00.811+0000] {processor.py:153} INFO - Started process (PID=1233) to work on /home/airflow/.local/lib/python3.7/site-packages/airflow/example_dags/example_task_group.py
[2025-03-11T06:08:00.813+0000] {processor.py:743} INFO - Processing file /home/airflow/.local/lib/python3.7/site-packages/airflow/example_dags/example_task_group.py for tasks to queue
[2025-03-11T06:08:00.815+0000] {logging_mixin.py:137} INFO - [2025-03-11T06:08:00.814+0000] {dagbag.py:538} INFO - Filling up the DagBag from /home/airflow/.local/lib/python3.7/site-packages/airflow/example_dags/example_task_group.py
[2025-03-11T06:08:00.845+0000] {processor.py:753} INFO - DAG(s) dict_keys(['example_task_group']) retrieved from /home/airflow/.local/lib/python3.7/site-packages/airflow/example_dags/example_task_group.py
[2025-03-11T06:08:00.895+0000] {logging_mixin.py:137} INFO - [2025-03-11T06:08:00.895+0000] {dag.py:2676} INFO - Sync 1 DAGs
[2025-03-11T06:08:00.921+0000] {logging_mixin.py:137} INFO - [2025-03-11T06:08:00.921+0000] {dag.py:3427} INFO - Setting next_dagrun for example_task_group to 2025-03-10T06:08:00.920966+00:00, run_after=2025-03-11T06:08:00.920966+00:00
[2025-03-11T06:08:00.944+0000] {processor.py:175} INFO - Processing /home/airflow/.local/lib/python3.7/site-packages/airflow/example_dags/example_task_group.py took 0.140 seconds
[2025-03-11T06:08:31.311+0000] {processor.py:153} INFO - Started process (PID=1272) to work on /home/airflow/.local/lib/python3.7/site-packages/airflow/example_dags/example_task_group.py
[2025-03-11T06:08:31.312+0000] {processor.py:743} INFO - Processing file /home/airflow/.local/lib/python3.7/site-packages/airflow/example_dags/example_task_group.py for tasks to queue
[2025-03-11T06:08:31.314+0000] {logging_mixin.py:137} INFO - [2025-03-11T06:08:31.314+0000] {dagbag.py:538} INFO - Filling up the DagBag from /home/airflow/.local/lib/python3.7/site-packages/airflow/example_dags/example_task_group.py
[2025-03-11T06:08:31.338+0000] {processor.py:753} INFO - DAG(s) dict_keys(['example_task_group']) retrieved from /home/airflow/.local/lib/python3.7/site-packages/airflow/example_dags/example_task_group.py
[2025-03-11T06:08:31.374+0000] {logging_mixin.py:137} INFO - [2025-03-11T06:08:31.374+0000] {dag.py:2676} INFO - Sync 1 DAGs
[2025-03-11T06:08:31.395+0000] {logging_mixin.py:137} INFO - [2025-03-11T06:08:31.395+0000] {dag.py:3427} INFO - Setting next_dagrun for example_task_group to 2025-03-10T06:08:31.394685+00:00, run_after=2025-03-11T06:08:31.394685+00:00
[2025-03-11T06:08:31.416+0000] {processor.py:175} INFO - Processing /home/airflow/.local/lib/python3.7/site-packages/airflow/example_dags/example_task_group.py took 0.111 seconds
[2025-03-11T06:09:01.908+0000] {processor.py:153} INFO - Started process (PID=1311) to work on /home/airflow/.local/lib/python3.7/site-packages/airflow/example_dags/example_task_group.py
[2025-03-11T06:09:01.910+0000] {processor.py:743} INFO - Processing file /home/airflow/.local/lib/python3.7/site-packages/airflow/example_dags/example_task_group.py for tasks to queue
[2025-03-11T06:09:01.911+0000] {logging_mixin.py:137} INFO - [2025-03-11T06:09:01.911+0000] {dagbag.py:538} INFO - Filling up the DagBag from /home/airflow/.local/lib/python3.7/site-packages/airflow/example_dags/example_task_group.py
[2025-03-11T06:09:01.936+0000] {processor.py:753} INFO - DAG(s) dict_keys(['example_task_group']) retrieved from /home/airflow/.local/lib/python3.7/site-packages/airflow/example_dags/example_task_group.py
[2025-03-11T06:09:01.973+0000] {logging_mixin.py:137} INFO - [2025-03-11T06:09:01.973+0000] {dag.py:2676} INFO - Sync 1 DAGs
[2025-03-11T06:09:01.994+0000] {logging_mixin.py:137} INFO - [2025-03-11T06:09:01.994+0000] {dag.py:3427} INFO - Setting next_dagrun for example_task_group to 2025-03-10T06:09:01.993733+00:00, run_after=2025-03-11T06:09:01.993733+00:00
[2025-03-11T06:09:02.013+0000] {processor.py:175} INFO - Processing /home/airflow/.local/lib/python3.7/site-packages/airflow/example_dags/example_task_group.py took 0.110 seconds
[2025-03-11T06:09:32.332+0000] {processor.py:153} INFO - Started process (PID=1350) to work on /home/airflow/.local/lib/python3.7/site-packages/airflow/example_dags/example_task_group.py
[2025-03-11T06:09:32.334+0000] {processor.py:743} INFO - Processing file /home/airflow/.local/lib/python3.7/site-packages/airflow/example_dags/example_task_group.py for tasks to queue
[2025-03-11T06:09:32.335+0000] {logging_mixin.py:137} INFO - [2025-03-11T06:09:32.335+0000] {dagbag.py:538} INFO - Filling up the DagBag from /home/airflow/.local/lib/python3.7/site-packages/airflow/example_dags/example_task_group.py
[2025-03-11T06:09:32.360+0000] {processor.py:753} INFO - DAG(s) dict_keys(['example_task_group']) retrieved from /home/airflow/.local/lib/python3.7/site-packages/airflow/example_dags/example_task_group.py
[2025-03-11T06:09:32.413+0000] {logging_mixin.py:137} INFO - [2025-03-11T06:09:32.413+0000] {dag.py:2676} INFO - Sync 1 DAGs
[2025-03-11T06:09:32.441+0000] {logging_mixin.py:137} INFO - [2025-03-11T06:09:32.441+0000] {dag.py:3427} INFO - Setting next_dagrun for example_task_group to 2025-03-10T06:09:32.440863+00:00, run_after=2025-03-11T06:09:32.440863+00:00
[2025-03-11T06:09:32.471+0000] {processor.py:175} INFO - Processing /home/airflow/.local/lib/python3.7/site-packages/airflow/example_dags/example_task_group.py took 0.143 seconds
[2025-03-11T06:10:02.864+0000] {processor.py:153} INFO - Started process (PID=1389) to work on /home/airflow/.local/lib/python3.7/site-packages/airflow/example_dags/example_task_group.py
[2025-03-11T06:10:02.865+0000] {processor.py:743} INFO - Processing file /home/airflow/.local/lib/python3.7/site-packages/airflow/example_dags/example_task_group.py for tasks to queue
[2025-03-11T06:10:02.867+0000] {logging_mixin.py:137} INFO - [2025-03-11T06:10:02.866+0000] {dagbag.py:538} INFO - Filling up the DagBag from /home/airflow/.local/lib/python3.7/site-packages/airflow/example_dags/example_task_group.py
[2025-03-11T06:10:02.893+0000] {processor.py:753} INFO - DAG(s) dict_keys(['example_task_group']) retrieved from /home/airflow/.local/lib/python3.7/site-packages/airflow/example_dags/example_task_group.py
[2025-03-11T06:10:02.932+0000] {logging_mixin.py:137} INFO - [2025-03-11T06:10:02.932+0000] {dag.py:2676} INFO - Sync 1 DAGs
[2025-03-11T06:10:02.952+0000] {logging_mixin.py:137} INFO - [2025-03-11T06:10:02.952+0000] {dag.py:3427} INFO - Setting next_dagrun for example_task_group to 2025-03-10T06:10:02.951809+00:00, run_after=2025-03-11T06:10:02.951809+00:00
[2025-03-11T06:10:02.968+0000] {processor.py:175} INFO - Processing /home/airflow/.local/lib/python3.7/site-packages/airflow/example_dags/example_task_group.py took 0.109 seconds
