[2025-03-11T05:52:38.650+0000] {processor.py:153} INFO - Started process (PID=40) to work on /home/airflow/.local/lib/python3.7/site-packages/airflow/example_dags/tutorial_taskflow_api.py
[2025-03-11T05:52:38.652+0000] {processor.py:743} INFO - Processing file /home/airflow/.local/lib/python3.7/site-packages/airflow/example_dags/tutorial_taskflow_api.py for tasks to queue
[2025-03-11T05:52:38.654+0000] {logging_mixin.py:137} INFO - [2025-03-11T05:52:38.653+0000] {dagbag.py:538} INFO - Filling up the DagBag from /home/airflow/.local/lib/python3.7/site-packages/airflow/example_dags/tutorial_taskflow_api.py
[2025-03-11T05:52:38.697+0000] {processor.py:753} INFO - DAG(s) dict_keys(['tutorial_taskflow_api']) retrieved from /home/airflow/.local/lib/python3.7/site-packages/airflow/example_dags/tutorial_taskflow_api.py
[2025-03-11T05:52:38.764+0000] {logging_mixin.py:137} INFO - [2025-03-11T05:52:38.764+0000] {dag.py:2676} INFO - Sync 1 DAGs
[2025-03-11T05:52:38.810+0000] {logging_mixin.py:137} INFO - [2025-03-11T05:52:38.810+0000] {dag.py:3427} INFO - Setting next_dagrun for tutorial_taskflow_api to None, run_after=None
[2025-03-11T05:52:38.850+0000] {processor.py:175} INFO - Processing /home/airflow/.local/lib/python3.7/site-packages/airflow/example_dags/tutorial_taskflow_api.py took 0.203 seconds
[2025-03-11T05:53:09.071+0000] {processor.py:153} INFO - Started process (PID=79) to work on /home/airflow/.local/lib/python3.7/site-packages/airflow/example_dags/tutorial_taskflow_api.py
[2025-03-11T05:53:09.072+0000] {processor.py:743} INFO - Processing file /home/airflow/.local/lib/python3.7/site-packages/airflow/example_dags/tutorial_taskflow_api.py for tasks to queue
[2025-03-11T05:53:09.072+0000] {logging_mixin.py:137} INFO - [2025-03-11T05:53:09.072+0000] {dagbag.py:538} INFO - Filling up the DagBag from /home/airflow/.local/lib/python3.7/site-packages/airflow/example_dags/tutorial_taskflow_api.py
[2025-03-11T05:53:09.091+0000] {processor.py:753} INFO - DAG(s) dict_keys(['tutorial_taskflow_api']) retrieved from /home/airflow/.local/lib/python3.7/site-packages/airflow/example_dags/tutorial_taskflow_api.py
[2025-03-11T05:53:09.107+0000] {logging_mixin.py:137} INFO - [2025-03-11T05:53:09.107+0000] {dag.py:2676} INFO - Sync 1 DAGs
[2025-03-11T05:53:09.126+0000] {logging_mixin.py:137} INFO - [2025-03-11T05:53:09.125+0000] {dag.py:3427} INFO - Setting next_dagrun for tutorial_taskflow_api to None, run_after=None
[2025-03-11T05:53:09.140+0000] {processor.py:175} INFO - Processing /home/airflow/.local/lib/python3.7/site-packages/airflow/example_dags/tutorial_taskflow_api.py took 0.071 seconds
[2025-03-11T05:53:39.695+0000] {processor.py:153} INFO - Started process (PID=118) to work on /home/airflow/.local/lib/python3.7/site-packages/airflow/example_dags/tutorial_taskflow_api.py
[2025-03-11T05:53:39.696+0000] {processor.py:743} INFO - Processing file /home/airflow/.local/lib/python3.7/site-packages/airflow/example_dags/tutorial_taskflow_api.py for tasks to queue
[2025-03-11T05:53:39.697+0000] {logging_mixin.py:137} INFO - [2025-03-11T05:53:39.697+0000] {dagbag.py:538} INFO - Filling up the DagBag from /home/airflow/.local/lib/python3.7/site-packages/airflow/example_dags/tutorial_taskflow_api.py
[2025-03-11T05:53:39.719+0000] {processor.py:753} INFO - DAG(s) dict_keys(['tutorial_taskflow_api']) retrieved from /home/airflow/.local/lib/python3.7/site-packages/airflow/example_dags/tutorial_taskflow_api.py
[2025-03-11T05:53:39.754+0000] {logging_mixin.py:137} INFO - [2025-03-11T05:53:39.754+0000] {dag.py:2676} INFO - Sync 1 DAGs
[2025-03-11T05:53:39.777+0000] {logging_mixin.py:137} INFO - [2025-03-11T05:53:39.777+0000] {dag.py:3427} INFO - Setting next_dagrun for tutorial_taskflow_api to None, run_after=None
[2025-03-11T05:53:39.794+0000] {processor.py:175} INFO - Processing /home/airflow/.local/lib/python3.7/site-packages/airflow/example_dags/tutorial_taskflow_api.py took 0.101 seconds
[2025-03-11T05:54:10.460+0000] {processor.py:153} INFO - Started process (PID=157) to work on /home/airflow/.local/lib/python3.7/site-packages/airflow/example_dags/tutorial_taskflow_api.py
[2025-03-11T05:54:10.462+0000] {processor.py:743} INFO - Processing file /home/airflow/.local/lib/python3.7/site-packages/airflow/example_dags/tutorial_taskflow_api.py for tasks to queue
[2025-03-11T05:54:10.462+0000] {logging_mixin.py:137} INFO - [2025-03-11T05:54:10.462+0000] {dagbag.py:538} INFO - Filling up the DagBag from /home/airflow/.local/lib/python3.7/site-packages/airflow/example_dags/tutorial_taskflow_api.py
[2025-03-11T05:54:10.492+0000] {processor.py:753} INFO - DAG(s) dict_keys(['tutorial_taskflow_api']) retrieved from /home/airflow/.local/lib/python3.7/site-packages/airflow/example_dags/tutorial_taskflow_api.py
[2025-03-11T05:54:10.521+0000] {logging_mixin.py:137} INFO - [2025-03-11T05:54:10.521+0000] {dag.py:2676} INFO - Sync 1 DAGs
[2025-03-11T05:54:10.541+0000] {logging_mixin.py:137} INFO - [2025-03-11T05:54:10.540+0000] {dag.py:3427} INFO - Setting next_dagrun for tutorial_taskflow_api to None, run_after=None
[2025-03-11T05:54:10.554+0000] {processor.py:175} INFO - Processing /home/airflow/.local/lib/python3.7/site-packages/airflow/example_dags/tutorial_taskflow_api.py took 0.096 seconds
[2025-03-11T05:54:40.776+0000] {processor.py:153} INFO - Started process (PID=196) to work on /home/airflow/.local/lib/python3.7/site-packages/airflow/example_dags/tutorial_taskflow_api.py
[2025-03-11T05:54:40.777+0000] {processor.py:743} INFO - Processing file /home/airflow/.local/lib/python3.7/site-packages/airflow/example_dags/tutorial_taskflow_api.py for tasks to queue
[2025-03-11T05:54:40.777+0000] {logging_mixin.py:137} INFO - [2025-03-11T05:54:40.777+0000] {dagbag.py:538} INFO - Filling up the DagBag from /home/airflow/.local/lib/python3.7/site-packages/airflow/example_dags/tutorial_taskflow_api.py
[2025-03-11T05:54:40.796+0000] {processor.py:753} INFO - DAG(s) dict_keys(['tutorial_taskflow_api']) retrieved from /home/airflow/.local/lib/python3.7/site-packages/airflow/example_dags/tutorial_taskflow_api.py
[2025-03-11T05:54:40.829+0000] {logging_mixin.py:137} INFO - [2025-03-11T05:54:40.829+0000] {dag.py:2676} INFO - Sync 1 DAGs
[2025-03-11T05:54:40.854+0000] {logging_mixin.py:137} INFO - [2025-03-11T05:54:40.854+0000] {dag.py:3427} INFO - Setting next_dagrun for tutorial_taskflow_api to None, run_after=None
[2025-03-11T05:54:40.890+0000] {processor.py:175} INFO - Processing /home/airflow/.local/lib/python3.7/site-packages/airflow/example_dags/tutorial_taskflow_api.py took 0.117 seconds
[2025-03-11T05:55:11.168+0000] {processor.py:153} INFO - Started process (PID=235) to work on /home/airflow/.local/lib/python3.7/site-packages/airflow/example_dags/tutorial_taskflow_api.py
[2025-03-11T05:55:11.169+0000] {processor.py:743} INFO - Processing file /home/airflow/.local/lib/python3.7/site-packages/airflow/example_dags/tutorial_taskflow_api.py for tasks to queue
[2025-03-11T05:55:11.170+0000] {logging_mixin.py:137} INFO - [2025-03-11T05:55:11.169+0000] {dagbag.py:538} INFO - Filling up the DagBag from /home/airflow/.local/lib/python3.7/site-packages/airflow/example_dags/tutorial_taskflow_api.py
[2025-03-11T05:55:11.189+0000] {processor.py:753} INFO - DAG(s) dict_keys(['tutorial_taskflow_api']) retrieved from /home/airflow/.local/lib/python3.7/site-packages/airflow/example_dags/tutorial_taskflow_api.py
[2025-03-11T05:55:11.217+0000] {logging_mixin.py:137} INFO - [2025-03-11T05:55:11.216+0000] {dag.py:2676} INFO - Sync 1 DAGs
[2025-03-11T05:55:11.235+0000] {logging_mixin.py:137} INFO - [2025-03-11T05:55:11.235+0000] {dag.py:3427} INFO - Setting next_dagrun for tutorial_taskflow_api to None, run_after=None
[2025-03-11T05:55:11.247+0000] {processor.py:175} INFO - Processing /home/airflow/.local/lib/python3.7/site-packages/airflow/example_dags/tutorial_taskflow_api.py took 0.081 seconds
[2025-03-11T05:55:41.906+0000] {processor.py:153} INFO - Started process (PID=274) to work on /home/airflow/.local/lib/python3.7/site-packages/airflow/example_dags/tutorial_taskflow_api.py
[2025-03-11T05:55:41.907+0000] {processor.py:743} INFO - Processing file /home/airflow/.local/lib/python3.7/site-packages/airflow/example_dags/tutorial_taskflow_api.py for tasks to queue
[2025-03-11T05:55:41.907+0000] {logging_mixin.py:137} INFO - [2025-03-11T05:55:41.907+0000] {dagbag.py:538} INFO - Filling up the DagBag from /home/airflow/.local/lib/python3.7/site-packages/airflow/example_dags/tutorial_taskflow_api.py
[2025-03-11T05:55:41.925+0000] {processor.py:753} INFO - DAG(s) dict_keys(['tutorial_taskflow_api']) retrieved from /home/airflow/.local/lib/python3.7/site-packages/airflow/example_dags/tutorial_taskflow_api.py
[2025-03-11T05:55:41.952+0000] {logging_mixin.py:137} INFO - [2025-03-11T05:55:41.952+0000] {dag.py:2676} INFO - Sync 1 DAGs
[2025-03-11T05:55:41.970+0000] {logging_mixin.py:137} INFO - [2025-03-11T05:55:41.970+0000] {dag.py:3427} INFO - Setting next_dagrun for tutorial_taskflow_api to None, run_after=None
[2025-03-11T05:55:41.982+0000] {processor.py:175} INFO - Processing /home/airflow/.local/lib/python3.7/site-packages/airflow/example_dags/tutorial_taskflow_api.py took 0.078 seconds
[2025-03-11T05:56:12.308+0000] {processor.py:153} INFO - Started process (PID=313) to work on /home/airflow/.local/lib/python3.7/site-packages/airflow/example_dags/tutorial_taskflow_api.py
[2025-03-11T05:56:12.309+0000] {processor.py:743} INFO - Processing file /home/airflow/.local/lib/python3.7/site-packages/airflow/example_dags/tutorial_taskflow_api.py for tasks to queue
[2025-03-11T05:56:12.310+0000] {logging_mixin.py:137} INFO - [2025-03-11T05:56:12.309+0000] {dagbag.py:538} INFO - Filling up the DagBag from /home/airflow/.local/lib/python3.7/site-packages/airflow/example_dags/tutorial_taskflow_api.py
[2025-03-11T05:56:12.327+0000] {processor.py:753} INFO - DAG(s) dict_keys(['tutorial_taskflow_api']) retrieved from /home/airflow/.local/lib/python3.7/site-packages/airflow/example_dags/tutorial_taskflow_api.py
[2025-03-11T05:56:12.354+0000] {logging_mixin.py:137} INFO - [2025-03-11T05:56:12.354+0000] {dag.py:2676} INFO - Sync 1 DAGs
[2025-03-11T05:56:12.371+0000] {logging_mixin.py:137} INFO - [2025-03-11T05:56:12.371+0000] {dag.py:3427} INFO - Setting next_dagrun for tutorial_taskflow_api to None, run_after=None
[2025-03-11T05:56:12.384+0000] {processor.py:175} INFO - Processing /home/airflow/.local/lib/python3.7/site-packages/airflow/example_dags/tutorial_taskflow_api.py took 0.078 seconds
[2025-03-11T05:56:42.611+0000] {processor.py:153} INFO - Started process (PID=352) to work on /home/airflow/.local/lib/python3.7/site-packages/airflow/example_dags/tutorial_taskflow_api.py
[2025-03-11T05:56:42.613+0000] {processor.py:743} INFO - Processing file /home/airflow/.local/lib/python3.7/site-packages/airflow/example_dags/tutorial_taskflow_api.py for tasks to queue
[2025-03-11T05:56:42.614+0000] {logging_mixin.py:137} INFO - [2025-03-11T05:56:42.614+0000] {dagbag.py:538} INFO - Filling up the DagBag from /home/airflow/.local/lib/python3.7/site-packages/airflow/example_dags/tutorial_taskflow_api.py
[2025-03-11T05:56:42.639+0000] {processor.py:753} INFO - DAG(s) dict_keys(['tutorial_taskflow_api']) retrieved from /home/airflow/.local/lib/python3.7/site-packages/airflow/example_dags/tutorial_taskflow_api.py
[2025-03-11T05:56:42.677+0000] {logging_mixin.py:137} INFO - [2025-03-11T05:56:42.677+0000] {dag.py:2676} INFO - Sync 1 DAGs
[2025-03-11T05:56:42.700+0000] {logging_mixin.py:137} INFO - [2025-03-11T05:56:42.700+0000] {dag.py:3427} INFO - Setting next_dagrun for tutorial_taskflow_api to None, run_after=None
[2025-03-11T05:56:42.716+0000] {processor.py:175} INFO - Processing /home/airflow/.local/lib/python3.7/site-packages/airflow/example_dags/tutorial_taskflow_api.py took 0.107 seconds
[2025-03-11T05:57:13.053+0000] {processor.py:153} INFO - Started process (PID=391) to work on /home/airflow/.local/lib/python3.7/site-packages/airflow/example_dags/tutorial_taskflow_api.py
[2025-03-11T05:57:13.054+0000] {processor.py:743} INFO - Processing file /home/airflow/.local/lib/python3.7/site-packages/airflow/example_dags/tutorial_taskflow_api.py for tasks to queue
[2025-03-11T05:57:13.055+0000] {logging_mixin.py:137} INFO - [2025-03-11T05:57:13.055+0000] {dagbag.py:538} INFO - Filling up the DagBag from /home/airflow/.local/lib/python3.7/site-packages/airflow/example_dags/tutorial_taskflow_api.py
[2025-03-11T05:57:13.080+0000] {processor.py:753} INFO - DAG(s) dict_keys(['tutorial_taskflow_api']) retrieved from /home/airflow/.local/lib/python3.7/site-packages/airflow/example_dags/tutorial_taskflow_api.py
[2025-03-11T05:57:13.112+0000] {logging_mixin.py:137} INFO - [2025-03-11T05:57:13.112+0000] {dag.py:2676} INFO - Sync 1 DAGs
[2025-03-11T05:57:13.132+0000] {logging_mixin.py:137} INFO - [2025-03-11T05:57:13.132+0000] {dag.py:3427} INFO - Setting next_dagrun for tutorial_taskflow_api to None, run_after=None
[2025-03-11T05:57:13.148+0000] {processor.py:175} INFO - Processing /home/airflow/.local/lib/python3.7/site-packages/airflow/example_dags/tutorial_taskflow_api.py took 0.098 seconds
[2025-03-11T05:57:43.606+0000] {processor.py:153} INFO - Started process (PID=430) to work on /home/airflow/.local/lib/python3.7/site-packages/airflow/example_dags/tutorial_taskflow_api.py
[2025-03-11T05:57:43.607+0000] {processor.py:743} INFO - Processing file /home/airflow/.local/lib/python3.7/site-packages/airflow/example_dags/tutorial_taskflow_api.py for tasks to queue
[2025-03-11T05:57:43.607+0000] {logging_mixin.py:137} INFO - [2025-03-11T05:57:43.607+0000] {dagbag.py:538} INFO - Filling up the DagBag from /home/airflow/.local/lib/python3.7/site-packages/airflow/example_dags/tutorial_taskflow_api.py
[2025-03-11T05:57:43.630+0000] {processor.py:753} INFO - DAG(s) dict_keys(['tutorial_taskflow_api']) retrieved from /home/airflow/.local/lib/python3.7/site-packages/airflow/example_dags/tutorial_taskflow_api.py
[2025-03-11T05:57:43.660+0000] {logging_mixin.py:137} INFO - [2025-03-11T05:57:43.660+0000] {dag.py:2676} INFO - Sync 1 DAGs
[2025-03-11T05:57:43.681+0000] {logging_mixin.py:137} INFO - [2025-03-11T05:57:43.681+0000] {dag.py:3427} INFO - Setting next_dagrun for tutorial_taskflow_api to None, run_after=None
[2025-03-11T05:57:43.694+0000] {processor.py:175} INFO - Processing /home/airflow/.local/lib/python3.7/site-packages/airflow/example_dags/tutorial_taskflow_api.py took 0.091 seconds
[2025-03-11T05:58:14.078+0000] {processor.py:153} INFO - Started process (PID=469) to work on /home/airflow/.local/lib/python3.7/site-packages/airflow/example_dags/tutorial_taskflow_api.py
[2025-03-11T05:58:14.079+0000] {processor.py:743} INFO - Processing file /home/airflow/.local/lib/python3.7/site-packages/airflow/example_dags/tutorial_taskflow_api.py for tasks to queue
[2025-03-11T05:58:14.079+0000] {logging_mixin.py:137} INFO - [2025-03-11T05:58:14.079+0000] {dagbag.py:538} INFO - Filling up the DagBag from /home/airflow/.local/lib/python3.7/site-packages/airflow/example_dags/tutorial_taskflow_api.py
[2025-03-11T05:58:14.103+0000] {processor.py:753} INFO - DAG(s) dict_keys(['tutorial_taskflow_api']) retrieved from /home/airflow/.local/lib/python3.7/site-packages/airflow/example_dags/tutorial_taskflow_api.py
[2025-03-11T05:58:14.134+0000] {logging_mixin.py:137} INFO - [2025-03-11T05:58:14.134+0000] {dag.py:2676} INFO - Sync 1 DAGs
[2025-03-11T05:58:14.153+0000] {logging_mixin.py:137} INFO - [2025-03-11T05:58:14.152+0000] {dag.py:3427} INFO - Setting next_dagrun for tutorial_taskflow_api to None, run_after=None
[2025-03-11T05:58:14.166+0000] {processor.py:175} INFO - Processing /home/airflow/.local/lib/python3.7/site-packages/airflow/example_dags/tutorial_taskflow_api.py took 0.092 seconds
[2025-03-11T05:58:44.473+0000] {processor.py:153} INFO - Started process (PID=508) to work on /home/airflow/.local/lib/python3.7/site-packages/airflow/example_dags/tutorial_taskflow_api.py
[2025-03-11T05:58:44.473+0000] {processor.py:743} INFO - Processing file /home/airflow/.local/lib/python3.7/site-packages/airflow/example_dags/tutorial_taskflow_api.py for tasks to queue
[2025-03-11T05:58:44.474+0000] {logging_mixin.py:137} INFO - [2025-03-11T05:58:44.474+0000] {dagbag.py:538} INFO - Filling up the DagBag from /home/airflow/.local/lib/python3.7/site-packages/airflow/example_dags/tutorial_taskflow_api.py
[2025-03-11T05:58:44.496+0000] {processor.py:753} INFO - DAG(s) dict_keys(['tutorial_taskflow_api']) retrieved from /home/airflow/.local/lib/python3.7/site-packages/airflow/example_dags/tutorial_taskflow_api.py
[2025-03-11T05:58:44.531+0000] {logging_mixin.py:137} INFO - [2025-03-11T05:58:44.531+0000] {dag.py:2676} INFO - Sync 1 DAGs
[2025-03-11T05:58:44.551+0000] {logging_mixin.py:137} INFO - [2025-03-11T05:58:44.551+0000] {dag.py:3427} INFO - Setting next_dagrun for tutorial_taskflow_api to None, run_after=None
[2025-03-11T05:58:44.571+0000] {processor.py:175} INFO - Processing /home/airflow/.local/lib/python3.7/site-packages/airflow/example_dags/tutorial_taskflow_api.py took 0.101 seconds
[2025-03-11T05:59:15.027+0000] {processor.py:153} INFO - Started process (PID=547) to work on /home/airflow/.local/lib/python3.7/site-packages/airflow/example_dags/tutorial_taskflow_api.py
[2025-03-11T05:59:15.028+0000] {processor.py:743} INFO - Processing file /home/airflow/.local/lib/python3.7/site-packages/airflow/example_dags/tutorial_taskflow_api.py for tasks to queue
[2025-03-11T05:59:15.028+0000] {logging_mixin.py:137} INFO - [2025-03-11T05:59:15.028+0000] {dagbag.py:538} INFO - Filling up the DagBag from /home/airflow/.local/lib/python3.7/site-packages/airflow/example_dags/tutorial_taskflow_api.py
[2025-03-11T05:59:15.050+0000] {processor.py:753} INFO - DAG(s) dict_keys(['tutorial_taskflow_api']) retrieved from /home/airflow/.local/lib/python3.7/site-packages/airflow/example_dags/tutorial_taskflow_api.py
[2025-03-11T05:59:15.076+0000] {logging_mixin.py:137} INFO - [2025-03-11T05:59:15.076+0000] {dag.py:2676} INFO - Sync 1 DAGs
[2025-03-11T05:59:15.094+0000] {logging_mixin.py:137} INFO - [2025-03-11T05:59:15.094+0000] {dag.py:3427} INFO - Setting next_dagrun for tutorial_taskflow_api to None, run_after=None
[2025-03-11T05:59:15.107+0000] {processor.py:175} INFO - Processing /home/airflow/.local/lib/python3.7/site-packages/airflow/example_dags/tutorial_taskflow_api.py took 0.084 seconds
[2025-03-11T05:59:45.595+0000] {processor.py:153} INFO - Started process (PID=586) to work on /home/airflow/.local/lib/python3.7/site-packages/airflow/example_dags/tutorial_taskflow_api.py
[2025-03-11T05:59:45.596+0000] {processor.py:743} INFO - Processing file /home/airflow/.local/lib/python3.7/site-packages/airflow/example_dags/tutorial_taskflow_api.py for tasks to queue
[2025-03-11T05:59:45.597+0000] {logging_mixin.py:137} INFO - [2025-03-11T05:59:45.597+0000] {dagbag.py:538} INFO - Filling up the DagBag from /home/airflow/.local/lib/python3.7/site-packages/airflow/example_dags/tutorial_taskflow_api.py
[2025-03-11T05:59:45.616+0000] {processor.py:753} INFO - DAG(s) dict_keys(['tutorial_taskflow_api']) retrieved from /home/airflow/.local/lib/python3.7/site-packages/airflow/example_dags/tutorial_taskflow_api.py
[2025-03-11T05:59:45.652+0000] {logging_mixin.py:137} INFO - [2025-03-11T05:59:45.652+0000] {dag.py:2676} INFO - Sync 1 DAGs
[2025-03-11T05:59:45.674+0000] {logging_mixin.py:137} INFO - [2025-03-11T05:59:45.674+0000] {dag.py:3427} INFO - Setting next_dagrun for tutorial_taskflow_api to None, run_after=None
[2025-03-11T05:59:45.694+0000] {processor.py:175} INFO - Processing /home/airflow/.local/lib/python3.7/site-packages/airflow/example_dags/tutorial_taskflow_api.py took 0.102 seconds
[2025-03-11T06:00:16.136+0000] {processor.py:153} INFO - Started process (PID=625) to work on /home/airflow/.local/lib/python3.7/site-packages/airflow/example_dags/tutorial_taskflow_api.py
[2025-03-11T06:00:16.137+0000] {processor.py:743} INFO - Processing file /home/airflow/.local/lib/python3.7/site-packages/airflow/example_dags/tutorial_taskflow_api.py for tasks to queue
[2025-03-11T06:00:16.139+0000] {logging_mixin.py:137} INFO - [2025-03-11T06:00:16.138+0000] {dagbag.py:538} INFO - Filling up the DagBag from /home/airflow/.local/lib/python3.7/site-packages/airflow/example_dags/tutorial_taskflow_api.py
[2025-03-11T06:00:16.158+0000] {processor.py:753} INFO - DAG(s) dict_keys(['tutorial_taskflow_api']) retrieved from /home/airflow/.local/lib/python3.7/site-packages/airflow/example_dags/tutorial_taskflow_api.py
[2025-03-11T06:00:16.192+0000] {logging_mixin.py:137} INFO - [2025-03-11T06:00:16.191+0000] {dag.py:2676} INFO - Sync 1 DAGs
[2025-03-11T06:00:16.212+0000] {logging_mixin.py:137} INFO - [2025-03-11T06:00:16.212+0000] {dag.py:3427} INFO - Setting next_dagrun for tutorial_taskflow_api to None, run_after=None
[2025-03-11T06:00:16.228+0000] {processor.py:175} INFO - Processing /home/airflow/.local/lib/python3.7/site-packages/airflow/example_dags/tutorial_taskflow_api.py took 0.094 seconds
[2025-03-11T06:00:46.799+0000] {processor.py:153} INFO - Started process (PID=664) to work on /home/airflow/.local/lib/python3.7/site-packages/airflow/example_dags/tutorial_taskflow_api.py
[2025-03-11T06:00:46.800+0000] {processor.py:743} INFO - Processing file /home/airflow/.local/lib/python3.7/site-packages/airflow/example_dags/tutorial_taskflow_api.py for tasks to queue
[2025-03-11T06:00:46.800+0000] {logging_mixin.py:137} INFO - [2025-03-11T06:00:46.800+0000] {dagbag.py:538} INFO - Filling up the DagBag from /home/airflow/.local/lib/python3.7/site-packages/airflow/example_dags/tutorial_taskflow_api.py
[2025-03-11T06:00:46.821+0000] {processor.py:753} INFO - DAG(s) dict_keys(['tutorial_taskflow_api']) retrieved from /home/airflow/.local/lib/python3.7/site-packages/airflow/example_dags/tutorial_taskflow_api.py
[2025-03-11T06:00:46.849+0000] {logging_mixin.py:137} INFO - [2025-03-11T06:00:46.849+0000] {dag.py:2676} INFO - Sync 1 DAGs
[2025-03-11T06:00:46.867+0000] {logging_mixin.py:137} INFO - [2025-03-11T06:00:46.867+0000] {dag.py:3427} INFO - Setting next_dagrun for tutorial_taskflow_api to None, run_after=None
[2025-03-11T06:00:46.879+0000] {processor.py:175} INFO - Processing /home/airflow/.local/lib/python3.7/site-packages/airflow/example_dags/tutorial_taskflow_api.py took 0.082 seconds
[2025-03-11T06:01:17.317+0000] {processor.py:153} INFO - Started process (PID=703) to work on /home/airflow/.local/lib/python3.7/site-packages/airflow/example_dags/tutorial_taskflow_api.py
[2025-03-11T06:01:17.318+0000] {processor.py:743} INFO - Processing file /home/airflow/.local/lib/python3.7/site-packages/airflow/example_dags/tutorial_taskflow_api.py for tasks to queue
[2025-03-11T06:01:17.319+0000] {logging_mixin.py:137} INFO - [2025-03-11T06:01:17.319+0000] {dagbag.py:538} INFO - Filling up the DagBag from /home/airflow/.local/lib/python3.7/site-packages/airflow/example_dags/tutorial_taskflow_api.py
[2025-03-11T06:01:17.340+0000] {processor.py:753} INFO - DAG(s) dict_keys(['tutorial_taskflow_api']) retrieved from /home/airflow/.local/lib/python3.7/site-packages/airflow/example_dags/tutorial_taskflow_api.py
[2025-03-11T06:01:17.371+0000] {logging_mixin.py:137} INFO - [2025-03-11T06:01:17.371+0000] {dag.py:2676} INFO - Sync 1 DAGs
[2025-03-11T06:01:17.395+0000] {logging_mixin.py:137} INFO - [2025-03-11T06:01:17.395+0000] {dag.py:3427} INFO - Setting next_dagrun for tutorial_taskflow_api to None, run_after=None
[2025-03-11T06:01:17.414+0000] {processor.py:175} INFO - Processing /home/airflow/.local/lib/python3.7/site-packages/airflow/example_dags/tutorial_taskflow_api.py took 0.099 seconds
[2025-03-11T06:01:47.697+0000] {processor.py:153} INFO - Started process (PID=742) to work on /home/airflow/.local/lib/python3.7/site-packages/airflow/example_dags/tutorial_taskflow_api.py
[2025-03-11T06:01:47.697+0000] {processor.py:743} INFO - Processing file /home/airflow/.local/lib/python3.7/site-packages/airflow/example_dags/tutorial_taskflow_api.py for tasks to queue
[2025-03-11T06:01:47.698+0000] {logging_mixin.py:137} INFO - [2025-03-11T06:01:47.698+0000] {dagbag.py:538} INFO - Filling up the DagBag from /home/airflow/.local/lib/python3.7/site-packages/airflow/example_dags/tutorial_taskflow_api.py
[2025-03-11T06:01:47.716+0000] {processor.py:753} INFO - DAG(s) dict_keys(['tutorial_taskflow_api']) retrieved from /home/airflow/.local/lib/python3.7/site-packages/airflow/example_dags/tutorial_taskflow_api.py
[2025-03-11T06:01:47.742+0000] {logging_mixin.py:137} INFO - [2025-03-11T06:01:47.742+0000] {dag.py:2676} INFO - Sync 1 DAGs
[2025-03-11T06:01:47.759+0000] {logging_mixin.py:137} INFO - [2025-03-11T06:01:47.759+0000] {dag.py:3427} INFO - Setting next_dagrun for tutorial_taskflow_api to None, run_after=None
[2025-03-11T06:01:47.772+0000] {processor.py:175} INFO - Processing /home/airflow/.local/lib/python3.7/site-packages/airflow/example_dags/tutorial_taskflow_api.py took 0.076 seconds
[2025-03-11T06:02:18.249+0000] {processor.py:153} INFO - Started process (PID=781) to work on /home/airflow/.local/lib/python3.7/site-packages/airflow/example_dags/tutorial_taskflow_api.py
[2025-03-11T06:02:18.250+0000] {processor.py:743} INFO - Processing file /home/airflow/.local/lib/python3.7/site-packages/airflow/example_dags/tutorial_taskflow_api.py for tasks to queue
[2025-03-11T06:02:18.251+0000] {logging_mixin.py:137} INFO - [2025-03-11T06:02:18.251+0000] {dagbag.py:538} INFO - Filling up the DagBag from /home/airflow/.local/lib/python3.7/site-packages/airflow/example_dags/tutorial_taskflow_api.py
[2025-03-11T06:02:18.275+0000] {processor.py:753} INFO - DAG(s) dict_keys(['tutorial_taskflow_api']) retrieved from /home/airflow/.local/lib/python3.7/site-packages/airflow/example_dags/tutorial_taskflow_api.py
[2025-03-11T06:02:18.312+0000] {logging_mixin.py:137} INFO - [2025-03-11T06:02:18.312+0000] {dag.py:2676} INFO - Sync 1 DAGs
[2025-03-11T06:02:18.336+0000] {logging_mixin.py:137} INFO - [2025-03-11T06:02:18.336+0000] {dag.py:3427} INFO - Setting next_dagrun for tutorial_taskflow_api to None, run_after=None
[2025-03-11T06:02:18.355+0000] {processor.py:175} INFO - Processing /home/airflow/.local/lib/python3.7/site-packages/airflow/example_dags/tutorial_taskflow_api.py took 0.109 seconds
[2025-03-11T06:02:49.112+0000] {processor.py:153} INFO - Started process (PID=820) to work on /home/airflow/.local/lib/python3.7/site-packages/airflow/example_dags/tutorial_taskflow_api.py
[2025-03-11T06:02:49.113+0000] {processor.py:743} INFO - Processing file /home/airflow/.local/lib/python3.7/site-packages/airflow/example_dags/tutorial_taskflow_api.py for tasks to queue
[2025-03-11T06:02:49.113+0000] {logging_mixin.py:137} INFO - [2025-03-11T06:02:49.113+0000] {dagbag.py:538} INFO - Filling up the DagBag from /home/airflow/.local/lib/python3.7/site-packages/airflow/example_dags/tutorial_taskflow_api.py
[2025-03-11T06:02:49.137+0000] {processor.py:753} INFO - DAG(s) dict_keys(['tutorial_taskflow_api']) retrieved from /home/airflow/.local/lib/python3.7/site-packages/airflow/example_dags/tutorial_taskflow_api.py
[2025-03-11T06:02:49.167+0000] {logging_mixin.py:137} INFO - [2025-03-11T06:02:49.167+0000] {dag.py:2676} INFO - Sync 1 DAGs
[2025-03-11T06:02:49.194+0000] {logging_mixin.py:137} INFO - [2025-03-11T06:02:49.194+0000] {dag.py:3427} INFO - Setting next_dagrun for tutorial_taskflow_api to None, run_after=None
[2025-03-11T06:02:49.226+0000] {processor.py:175} INFO - Processing /home/airflow/.local/lib/python3.7/site-packages/airflow/example_dags/tutorial_taskflow_api.py took 0.116 seconds
[2025-03-11T06:03:19.534+0000] {processor.py:153} INFO - Started process (PID=859) to work on /home/airflow/.local/lib/python3.7/site-packages/airflow/example_dags/tutorial_taskflow_api.py
[2025-03-11T06:03:19.535+0000] {processor.py:743} INFO - Processing file /home/airflow/.local/lib/python3.7/site-packages/airflow/example_dags/tutorial_taskflow_api.py for tasks to queue
[2025-03-11T06:03:19.535+0000] {logging_mixin.py:137} INFO - [2025-03-11T06:03:19.535+0000] {dagbag.py:538} INFO - Filling up the DagBag from /home/airflow/.local/lib/python3.7/site-packages/airflow/example_dags/tutorial_taskflow_api.py
[2025-03-11T06:03:19.554+0000] {processor.py:753} INFO - DAG(s) dict_keys(['tutorial_taskflow_api']) retrieved from /home/airflow/.local/lib/python3.7/site-packages/airflow/example_dags/tutorial_taskflow_api.py
[2025-03-11T06:03:19.585+0000] {logging_mixin.py:137} INFO - [2025-03-11T06:03:19.585+0000] {dag.py:2676} INFO - Sync 1 DAGs
[2025-03-11T06:03:19.604+0000] {logging_mixin.py:137} INFO - [2025-03-11T06:03:19.604+0000] {dag.py:3427} INFO - Setting next_dagrun for tutorial_taskflow_api to None, run_after=None
[2025-03-11T06:03:19.623+0000] {processor.py:175} INFO - Processing /home/airflow/.local/lib/python3.7/site-packages/airflow/example_dags/tutorial_taskflow_api.py took 0.091 seconds
[2025-03-11T06:03:49.925+0000] {processor.py:153} INFO - Started process (PID=898) to work on /home/airflow/.local/lib/python3.7/site-packages/airflow/example_dags/tutorial_taskflow_api.py
[2025-03-11T06:03:49.926+0000] {processor.py:743} INFO - Processing file /home/airflow/.local/lib/python3.7/site-packages/airflow/example_dags/tutorial_taskflow_api.py for tasks to queue
[2025-03-11T06:03:49.926+0000] {logging_mixin.py:137} INFO - [2025-03-11T06:03:49.926+0000] {dagbag.py:538} INFO - Filling up the DagBag from /home/airflow/.local/lib/python3.7/site-packages/airflow/example_dags/tutorial_taskflow_api.py
[2025-03-11T06:03:49.946+0000] {processor.py:753} INFO - DAG(s) dict_keys(['tutorial_taskflow_api']) retrieved from /home/airflow/.local/lib/python3.7/site-packages/airflow/example_dags/tutorial_taskflow_api.py
[2025-03-11T06:03:49.976+0000] {logging_mixin.py:137} INFO - [2025-03-11T06:03:49.976+0000] {dag.py:2676} INFO - Sync 1 DAGs
[2025-03-11T06:03:49.997+0000] {logging_mixin.py:137} INFO - [2025-03-11T06:03:49.997+0000] {dag.py:3427} INFO - Setting next_dagrun for tutorial_taskflow_api to None, run_after=None
[2025-03-11T06:03:50.013+0000] {processor.py:175} INFO - Processing /home/airflow/.local/lib/python3.7/site-packages/airflow/example_dags/tutorial_taskflow_api.py took 0.090 seconds
[2025-03-11T06:04:20.415+0000] {processor.py:153} INFO - Started process (PID=937) to work on /home/airflow/.local/lib/python3.7/site-packages/airflow/example_dags/tutorial_taskflow_api.py
[2025-03-11T06:04:20.416+0000] {processor.py:743} INFO - Processing file /home/airflow/.local/lib/python3.7/site-packages/airflow/example_dags/tutorial_taskflow_api.py for tasks to queue
[2025-03-11T06:04:20.417+0000] {logging_mixin.py:137} INFO - [2025-03-11T06:04:20.417+0000] {dagbag.py:538} INFO - Filling up the DagBag from /home/airflow/.local/lib/python3.7/site-packages/airflow/example_dags/tutorial_taskflow_api.py
[2025-03-11T06:04:20.436+0000] {processor.py:753} INFO - DAG(s) dict_keys(['tutorial_taskflow_api']) retrieved from /home/airflow/.local/lib/python3.7/site-packages/airflow/example_dags/tutorial_taskflow_api.py
[2025-03-11T06:04:20.462+0000] {logging_mixin.py:137} INFO - [2025-03-11T06:04:20.462+0000] {dag.py:2676} INFO - Sync 1 DAGs
[2025-03-11T06:04:20.480+0000] {logging_mixin.py:137} INFO - [2025-03-11T06:04:20.480+0000] {dag.py:3427} INFO - Setting next_dagrun for tutorial_taskflow_api to None, run_after=None
[2025-03-11T06:04:20.493+0000] {processor.py:175} INFO - Processing /home/airflow/.local/lib/python3.7/site-packages/airflow/example_dags/tutorial_taskflow_api.py took 0.079 seconds
[2025-03-11T06:04:50.836+0000] {processor.py:153} INFO - Started process (PID=976) to work on /home/airflow/.local/lib/python3.7/site-packages/airflow/example_dags/tutorial_taskflow_api.py
[2025-03-11T06:04:50.837+0000] {processor.py:743} INFO - Processing file /home/airflow/.local/lib/python3.7/site-packages/airflow/example_dags/tutorial_taskflow_api.py for tasks to queue
[2025-03-11T06:04:50.837+0000] {logging_mixin.py:137} INFO - [2025-03-11T06:04:50.837+0000] {dagbag.py:538} INFO - Filling up the DagBag from /home/airflow/.local/lib/python3.7/site-packages/airflow/example_dags/tutorial_taskflow_api.py
[2025-03-11T06:04:50.856+0000] {processor.py:753} INFO - DAG(s) dict_keys(['tutorial_taskflow_api']) retrieved from /home/airflow/.local/lib/python3.7/site-packages/airflow/example_dags/tutorial_taskflow_api.py
[2025-03-11T06:04:50.883+0000] {logging_mixin.py:137} INFO - [2025-03-11T06:04:50.883+0000] {dag.py:2676} INFO - Sync 1 DAGs
[2025-03-11T06:04:50.901+0000] {logging_mixin.py:137} INFO - [2025-03-11T06:04:50.901+0000] {dag.py:3427} INFO - Setting next_dagrun for tutorial_taskflow_api to None, run_after=None
[2025-03-11T06:04:50.914+0000] {processor.py:175} INFO - Processing /home/airflow/.local/lib/python3.7/site-packages/airflow/example_dags/tutorial_taskflow_api.py took 0.080 seconds
[2025-03-11T06:05:21.201+0000] {processor.py:153} INFO - Started process (PID=1015) to work on /home/airflow/.local/lib/python3.7/site-packages/airflow/example_dags/tutorial_taskflow_api.py
[2025-03-11T06:05:21.202+0000] {processor.py:743} INFO - Processing file /home/airflow/.local/lib/python3.7/site-packages/airflow/example_dags/tutorial_taskflow_api.py for tasks to queue
[2025-03-11T06:05:21.203+0000] {logging_mixin.py:137} INFO - [2025-03-11T06:05:21.202+0000] {dagbag.py:538} INFO - Filling up the DagBag from /home/airflow/.local/lib/python3.7/site-packages/airflow/example_dags/tutorial_taskflow_api.py
[2025-03-11T06:05:21.221+0000] {processor.py:753} INFO - DAG(s) dict_keys(['tutorial_taskflow_api']) retrieved from /home/airflow/.local/lib/python3.7/site-packages/airflow/example_dags/tutorial_taskflow_api.py
[2025-03-11T06:05:21.253+0000] {logging_mixin.py:137} INFO - [2025-03-11T06:05:21.252+0000] {dag.py:2676} INFO - Sync 1 DAGs
[2025-03-11T06:05:21.272+0000] {logging_mixin.py:137} INFO - [2025-03-11T06:05:21.272+0000] {dag.py:3427} INFO - Setting next_dagrun for tutorial_taskflow_api to None, run_after=None
[2025-03-11T06:05:21.296+0000] {processor.py:175} INFO - Processing /home/airflow/.local/lib/python3.7/site-packages/airflow/example_dags/tutorial_taskflow_api.py took 0.097 seconds
[2025-03-11T06:05:51.678+0000] {processor.py:153} INFO - Started process (PID=1054) to work on /home/airflow/.local/lib/python3.7/site-packages/airflow/example_dags/tutorial_taskflow_api.py
[2025-03-11T06:05:51.679+0000] {processor.py:743} INFO - Processing file /home/airflow/.local/lib/python3.7/site-packages/airflow/example_dags/tutorial_taskflow_api.py for tasks to queue
[2025-03-11T06:05:51.679+0000] {logging_mixin.py:137} INFO - [2025-03-11T06:05:51.679+0000] {dagbag.py:538} INFO - Filling up the DagBag from /home/airflow/.local/lib/python3.7/site-packages/airflow/example_dags/tutorial_taskflow_api.py
[2025-03-11T06:05:51.697+0000] {processor.py:753} INFO - DAG(s) dict_keys(['tutorial_taskflow_api']) retrieved from /home/airflow/.local/lib/python3.7/site-packages/airflow/example_dags/tutorial_taskflow_api.py
[2025-03-11T06:05:51.726+0000] {logging_mixin.py:137} INFO - [2025-03-11T06:05:51.726+0000] {dag.py:2676} INFO - Sync 1 DAGs
[2025-03-11T06:05:51.743+0000] {logging_mixin.py:137} INFO - [2025-03-11T06:05:51.743+0000] {dag.py:3427} INFO - Setting next_dagrun for tutorial_taskflow_api to None, run_after=None
[2025-03-11T06:05:51.755+0000] {processor.py:175} INFO - Processing /home/airflow/.local/lib/python3.7/site-packages/airflow/example_dags/tutorial_taskflow_api.py took 0.079 seconds
[2025-03-11T06:06:22.161+0000] {processor.py:153} INFO - Started process (PID=1093) to work on /home/airflow/.local/lib/python3.7/site-packages/airflow/example_dags/tutorial_taskflow_api.py
[2025-03-11T06:06:22.161+0000] {processor.py:743} INFO - Processing file /home/airflow/.local/lib/python3.7/site-packages/airflow/example_dags/tutorial_taskflow_api.py for tasks to queue
[2025-03-11T06:06:22.162+0000] {logging_mixin.py:137} INFO - [2025-03-11T06:06:22.162+0000] {dagbag.py:538} INFO - Filling up the DagBag from /home/airflow/.local/lib/python3.7/site-packages/airflow/example_dags/tutorial_taskflow_api.py
[2025-03-11T06:06:22.181+0000] {processor.py:753} INFO - DAG(s) dict_keys(['tutorial_taskflow_api']) retrieved from /home/airflow/.local/lib/python3.7/site-packages/airflow/example_dags/tutorial_taskflow_api.py
[2025-03-11T06:06:22.211+0000] {logging_mixin.py:137} INFO - [2025-03-11T06:06:22.211+0000] {dag.py:2676} INFO - Sync 1 DAGs
[2025-03-11T06:06:22.230+0000] {logging_mixin.py:137} INFO - [2025-03-11T06:06:22.230+0000] {dag.py:3427} INFO - Setting next_dagrun for tutorial_taskflow_api to None, run_after=None
[2025-03-11T06:06:22.249+0000] {processor.py:175} INFO - Processing /home/airflow/.local/lib/python3.7/site-packages/airflow/example_dags/tutorial_taskflow_api.py took 0.090 seconds
[2025-03-11T06:06:52.520+0000] {processor.py:153} INFO - Started process (PID=1132) to work on /home/airflow/.local/lib/python3.7/site-packages/airflow/example_dags/tutorial_taskflow_api.py
[2025-03-11T06:06:52.521+0000] {processor.py:743} INFO - Processing file /home/airflow/.local/lib/python3.7/site-packages/airflow/example_dags/tutorial_taskflow_api.py for tasks to queue
[2025-03-11T06:06:52.521+0000] {logging_mixin.py:137} INFO - [2025-03-11T06:06:52.521+0000] {dagbag.py:538} INFO - Filling up the DagBag from /home/airflow/.local/lib/python3.7/site-packages/airflow/example_dags/tutorial_taskflow_api.py
[2025-03-11T06:06:52.544+0000] {processor.py:753} INFO - DAG(s) dict_keys(['tutorial_taskflow_api']) retrieved from /home/airflow/.local/lib/python3.7/site-packages/airflow/example_dags/tutorial_taskflow_api.py
[2025-03-11T06:06:52.578+0000] {logging_mixin.py:137} INFO - [2025-03-11T06:06:52.578+0000] {dag.py:2676} INFO - Sync 1 DAGs
[2025-03-11T06:06:52.600+0000] {logging_mixin.py:137} INFO - [2025-03-11T06:06:52.600+0000] {dag.py:3427} INFO - Setting next_dagrun for tutorial_taskflow_api to None, run_after=None
[2025-03-11T06:06:52.616+0000] {processor.py:175} INFO - Processing /home/airflow/.local/lib/python3.7/site-packages/airflow/example_dags/tutorial_taskflow_api.py took 0.098 seconds
[2025-03-11T06:07:23.033+0000] {processor.py:153} INFO - Started process (PID=1171) to work on /home/airflow/.local/lib/python3.7/site-packages/airflow/example_dags/tutorial_taskflow_api.py
[2025-03-11T06:07:23.035+0000] {processor.py:743} INFO - Processing file /home/airflow/.local/lib/python3.7/site-packages/airflow/example_dags/tutorial_taskflow_api.py for tasks to queue
[2025-03-11T06:07:23.036+0000] {logging_mixin.py:137} INFO - [2025-03-11T06:07:23.035+0000] {dagbag.py:538} INFO - Filling up the DagBag from /home/airflow/.local/lib/python3.7/site-packages/airflow/example_dags/tutorial_taskflow_api.py
[2025-03-11T06:07:23.054+0000] {processor.py:753} INFO - DAG(s) dict_keys(['tutorial_taskflow_api']) retrieved from /home/airflow/.local/lib/python3.7/site-packages/airflow/example_dags/tutorial_taskflow_api.py
[2025-03-11T06:07:23.085+0000] {logging_mixin.py:137} INFO - [2025-03-11T06:07:23.085+0000] {dag.py:2676} INFO - Sync 1 DAGs
[2025-03-11T06:07:23.106+0000] {logging_mixin.py:137} INFO - [2025-03-11T06:07:23.106+0000] {dag.py:3427} INFO - Setting next_dagrun for tutorial_taskflow_api to None, run_after=None
[2025-03-11T06:07:23.122+0000] {processor.py:175} INFO - Processing /home/airflow/.local/lib/python3.7/site-packages/airflow/example_dags/tutorial_taskflow_api.py took 0.091 seconds
[2025-03-11T06:07:53.464+0000] {processor.py:153} INFO - Started process (PID=1210) to work on /home/airflow/.local/lib/python3.7/site-packages/airflow/example_dags/tutorial_taskflow_api.py
[2025-03-11T06:07:53.465+0000] {processor.py:743} INFO - Processing file /home/airflow/.local/lib/python3.7/site-packages/airflow/example_dags/tutorial_taskflow_api.py for tasks to queue
[2025-03-11T06:07:53.465+0000] {logging_mixin.py:137} INFO - [2025-03-11T06:07:53.465+0000] {dagbag.py:538} INFO - Filling up the DagBag from /home/airflow/.local/lib/python3.7/site-packages/airflow/example_dags/tutorial_taskflow_api.py
[2025-03-11T06:07:53.485+0000] {processor.py:753} INFO - DAG(s) dict_keys(['tutorial_taskflow_api']) retrieved from /home/airflow/.local/lib/python3.7/site-packages/airflow/example_dags/tutorial_taskflow_api.py
[2025-03-11T06:07:53.514+0000] {logging_mixin.py:137} INFO - [2025-03-11T06:07:53.514+0000] {dag.py:2676} INFO - Sync 1 DAGs
[2025-03-11T06:07:53.533+0000] {logging_mixin.py:137} INFO - [2025-03-11T06:07:53.533+0000] {dag.py:3427} INFO - Setting next_dagrun for tutorial_taskflow_api to None, run_after=None
[2025-03-11T06:07:53.551+0000] {processor.py:175} INFO - Processing /home/airflow/.local/lib/python3.7/site-packages/airflow/example_dags/tutorial_taskflow_api.py took 0.089 seconds
[2025-03-11T06:08:24.014+0000] {processor.py:153} INFO - Started process (PID=1249) to work on /home/airflow/.local/lib/python3.7/site-packages/airflow/example_dags/tutorial_taskflow_api.py
[2025-03-11T06:08:24.015+0000] {processor.py:743} INFO - Processing file /home/airflow/.local/lib/python3.7/site-packages/airflow/example_dags/tutorial_taskflow_api.py for tasks to queue
[2025-03-11T06:08:24.015+0000] {logging_mixin.py:137} INFO - [2025-03-11T06:08:24.015+0000] {dagbag.py:538} INFO - Filling up the DagBag from /home/airflow/.local/lib/python3.7/site-packages/airflow/example_dags/tutorial_taskflow_api.py
[2025-03-11T06:08:24.034+0000] {processor.py:753} INFO - DAG(s) dict_keys(['tutorial_taskflow_api']) retrieved from /home/airflow/.local/lib/python3.7/site-packages/airflow/example_dags/tutorial_taskflow_api.py
[2025-03-11T06:08:24.066+0000] {logging_mixin.py:137} INFO - [2025-03-11T06:08:24.065+0000] {dag.py:2676} INFO - Sync 1 DAGs
[2025-03-11T06:08:24.087+0000] {logging_mixin.py:137} INFO - [2025-03-11T06:08:24.087+0000] {dag.py:3427} INFO - Setting next_dagrun for tutorial_taskflow_api to None, run_after=None
[2025-03-11T06:08:24.102+0000] {processor.py:175} INFO - Processing /home/airflow/.local/lib/python3.7/site-packages/airflow/example_dags/tutorial_taskflow_api.py took 0.091 seconds
[2025-03-11T06:08:54.576+0000] {processor.py:153} INFO - Started process (PID=1288) to work on /home/airflow/.local/lib/python3.7/site-packages/airflow/example_dags/tutorial_taskflow_api.py
[2025-03-11T06:08:54.577+0000] {processor.py:743} INFO - Processing file /home/airflow/.local/lib/python3.7/site-packages/airflow/example_dags/tutorial_taskflow_api.py for tasks to queue
[2025-03-11T06:08:54.577+0000] {logging_mixin.py:137} INFO - [2025-03-11T06:08:54.577+0000] {dagbag.py:538} INFO - Filling up the DagBag from /home/airflow/.local/lib/python3.7/site-packages/airflow/example_dags/tutorial_taskflow_api.py
[2025-03-11T06:08:54.599+0000] {processor.py:753} INFO - DAG(s) dict_keys(['tutorial_taskflow_api']) retrieved from /home/airflow/.local/lib/python3.7/site-packages/airflow/example_dags/tutorial_taskflow_api.py
[2025-03-11T06:08:54.631+0000] {logging_mixin.py:137} INFO - [2025-03-11T06:08:54.631+0000] {dag.py:2676} INFO - Sync 1 DAGs
[2025-03-11T06:08:54.658+0000] {logging_mixin.py:137} INFO - [2025-03-11T06:08:54.658+0000] {dag.py:3427} INFO - Setting next_dagrun for tutorial_taskflow_api to None, run_after=None
[2025-03-11T06:08:54.675+0000] {processor.py:175} INFO - Processing /home/airflow/.local/lib/python3.7/site-packages/airflow/example_dags/tutorial_taskflow_api.py took 0.101 seconds
[2025-03-11T06:09:25.020+0000] {processor.py:153} INFO - Started process (PID=1327) to work on /home/airflow/.local/lib/python3.7/site-packages/airflow/example_dags/tutorial_taskflow_api.py
[2025-03-11T06:09:25.022+0000] {processor.py:743} INFO - Processing file /home/airflow/.local/lib/python3.7/site-packages/airflow/example_dags/tutorial_taskflow_api.py for tasks to queue
[2025-03-11T06:09:25.023+0000] {logging_mixin.py:137} INFO - [2025-03-11T06:09:25.023+0000] {dagbag.py:538} INFO - Filling up the DagBag from /home/airflow/.local/lib/python3.7/site-packages/airflow/example_dags/tutorial_taskflow_api.py
[2025-03-11T06:09:25.043+0000] {processor.py:753} INFO - DAG(s) dict_keys(['tutorial_taskflow_api']) retrieved from /home/airflow/.local/lib/python3.7/site-packages/airflow/example_dags/tutorial_taskflow_api.py
[2025-03-11T06:09:25.078+0000] {logging_mixin.py:137} INFO - [2025-03-11T06:09:25.078+0000] {dag.py:2676} INFO - Sync 1 DAGs
[2025-03-11T06:09:25.097+0000] {logging_mixin.py:137} INFO - [2025-03-11T06:09:25.097+0000] {dag.py:3427} INFO - Setting next_dagrun for tutorial_taskflow_api to None, run_after=None
[2025-03-11T06:09:25.116+0000] {processor.py:175} INFO - Processing /home/airflow/.local/lib/python3.7/site-packages/airflow/example_dags/tutorial_taskflow_api.py took 0.098 seconds
[2025-03-11T06:09:55.573+0000] {processor.py:153} INFO - Started process (PID=1366) to work on /home/airflow/.local/lib/python3.7/site-packages/airflow/example_dags/tutorial_taskflow_api.py
[2025-03-11T06:09:55.574+0000] {processor.py:743} INFO - Processing file /home/airflow/.local/lib/python3.7/site-packages/airflow/example_dags/tutorial_taskflow_api.py for tasks to queue
[2025-03-11T06:09:55.577+0000] {logging_mixin.py:137} INFO - [2025-03-11T06:09:55.577+0000] {dagbag.py:538} INFO - Filling up the DagBag from /home/airflow/.local/lib/python3.7/site-packages/airflow/example_dags/tutorial_taskflow_api.py
[2025-03-11T06:09:55.597+0000] {processor.py:753} INFO - DAG(s) dict_keys(['tutorial_taskflow_api']) retrieved from /home/airflow/.local/lib/python3.7/site-packages/airflow/example_dags/tutorial_taskflow_api.py
[2025-03-11T06:09:55.629+0000] {logging_mixin.py:137} INFO - [2025-03-11T06:09:55.629+0000] {dag.py:2676} INFO - Sync 1 DAGs
[2025-03-11T06:09:55.648+0000] {logging_mixin.py:137} INFO - [2025-03-11T06:09:55.648+0000] {dag.py:3427} INFO - Setting next_dagrun for tutorial_taskflow_api to None, run_after=None
[2025-03-11T06:09:55.662+0000] {processor.py:175} INFO - Processing /home/airflow/.local/lib/python3.7/site-packages/airflow/example_dags/tutorial_taskflow_api.py took 0.091 seconds
