[2025-03-11T05:52:43.552+0000] {processor.py:153} INFO - Started process (PID=66) to work on /home/airflow/.local/lib/python3.7/site-packages/airflow/example_dags/tutorial_dag.py
[2025-03-11T05:52:43.555+0000] {processor.py:743} INFO - Processing file /home/airflow/.local/lib/python3.7/site-packages/airflow/example_dags/tutorial_dag.py for tasks to queue
[2025-03-11T05:52:43.560+0000] {logging_mixin.py:137} INFO - [2025-03-11T05:52:43.558+0000] {dagbag.py:538} INFO - Filling up the DagBag from /home/airflow/.local/lib/python3.7/site-packages/airflow/example_dags/tutorial_dag.py
[2025-03-11T05:52:43.585+0000] {processor.py:753} INFO - DAG(s) dict_keys(['tutorial_dag']) retrieved from /home/airflow/.local/lib/python3.7/site-packages/airflow/example_dags/tutorial_dag.py
[2025-03-11T05:52:43.628+0000] {logging_mixin.py:137} INFO - [2025-03-11T05:52:43.627+0000] {dag.py:2676} INFO - Sync 1 DAGs
[2025-03-11T05:52:43.659+0000] {logging_mixin.py:137} INFO - [2025-03-11T05:52:43.659+0000] {dag.py:3427} INFO - Setting next_dagrun for tutorial_dag to None, run_after=None
[2025-03-11T05:52:43.689+0000] {processor.py:175} INFO - Processing /home/airflow/.local/lib/python3.7/site-packages/airflow/example_dags/tutorial_dag.py took 0.156 seconds
[2025-03-11T05:53:14.438+0000] {processor.py:153} INFO - Started process (PID=105) to work on /home/airflow/.local/lib/python3.7/site-packages/airflow/example_dags/tutorial_dag.py
[2025-03-11T05:53:14.440+0000] {processor.py:743} INFO - Processing file /home/airflow/.local/lib/python3.7/site-packages/airflow/example_dags/tutorial_dag.py for tasks to queue
[2025-03-11T05:53:14.441+0000] {logging_mixin.py:137} INFO - [2025-03-11T05:53:14.441+0000] {dagbag.py:538} INFO - Filling up the DagBag from /home/airflow/.local/lib/python3.7/site-packages/airflow/example_dags/tutorial_dag.py
[2025-03-11T05:53:14.456+0000] {processor.py:753} INFO - DAG(s) dict_keys(['tutorial_dag']) retrieved from /home/airflow/.local/lib/python3.7/site-packages/airflow/example_dags/tutorial_dag.py
[2025-03-11T05:53:14.478+0000] {logging_mixin.py:137} INFO - [2025-03-11T05:53:14.478+0000] {dag.py:2676} INFO - Sync 1 DAGs
[2025-03-11T05:53:14.502+0000] {logging_mixin.py:137} INFO - [2025-03-11T05:53:14.502+0000] {dag.py:3427} INFO - Setting next_dagrun for tutorial_dag to None, run_after=None
[2025-03-11T05:53:14.528+0000] {processor.py:175} INFO - Processing /home/airflow/.local/lib/python3.7/site-packages/airflow/example_dags/tutorial_dag.py took 0.092 seconds
[2025-03-11T05:53:45.197+0000] {processor.py:153} INFO - Started process (PID=144) to work on /home/airflow/.local/lib/python3.7/site-packages/airflow/example_dags/tutorial_dag.py
[2025-03-11T05:53:45.199+0000] {processor.py:743} INFO - Processing file /home/airflow/.local/lib/python3.7/site-packages/airflow/example_dags/tutorial_dag.py for tasks to queue
[2025-03-11T05:53:45.200+0000] {logging_mixin.py:137} INFO - [2025-03-11T05:53:45.200+0000] {dagbag.py:538} INFO - Filling up the DagBag from /home/airflow/.local/lib/python3.7/site-packages/airflow/example_dags/tutorial_dag.py
[2025-03-11T05:53:45.212+0000] {processor.py:753} INFO - DAG(s) dict_keys(['tutorial_dag']) retrieved from /home/airflow/.local/lib/python3.7/site-packages/airflow/example_dags/tutorial_dag.py
[2025-03-11T05:53:45.244+0000] {logging_mixin.py:137} INFO - [2025-03-11T05:53:45.244+0000] {dag.py:2676} INFO - Sync 1 DAGs
[2025-03-11T05:53:45.265+0000] {logging_mixin.py:137} INFO - [2025-03-11T05:53:45.265+0000] {dag.py:3427} INFO - Setting next_dagrun for tutorial_dag to None, run_after=None
[2025-03-11T05:53:45.284+0000] {processor.py:175} INFO - Processing /home/airflow/.local/lib/python3.7/site-packages/airflow/example_dags/tutorial_dag.py took 0.089 seconds
[2025-03-11T05:54:16.446+0000] {processor.py:153} INFO - Started process (PID=183) to work on /home/airflow/.local/lib/python3.7/site-packages/airflow/example_dags/tutorial_dag.py
[2025-03-11T05:54:16.448+0000] {processor.py:743} INFO - Processing file /home/airflow/.local/lib/python3.7/site-packages/airflow/example_dags/tutorial_dag.py for tasks to queue
[2025-03-11T05:54:16.449+0000] {logging_mixin.py:137} INFO - [2025-03-11T05:54:16.449+0000] {dagbag.py:538} INFO - Filling up the DagBag from /home/airflow/.local/lib/python3.7/site-packages/airflow/example_dags/tutorial_dag.py
[2025-03-11T05:54:16.468+0000] {processor.py:753} INFO - DAG(s) dict_keys(['tutorial_dag']) retrieved from /home/airflow/.local/lib/python3.7/site-packages/airflow/example_dags/tutorial_dag.py
[2025-03-11T05:54:16.520+0000] {logging_mixin.py:137} INFO - [2025-03-11T05:54:16.519+0000] {dag.py:2676} INFO - Sync 1 DAGs
[2025-03-11T05:54:16.550+0000] {logging_mixin.py:137} INFO - [2025-03-11T05:54:16.550+0000] {dag.py:3427} INFO - Setting next_dagrun for tutorial_dag to None, run_after=None
[2025-03-11T05:54:16.569+0000] {processor.py:175} INFO - Processing /home/airflow/.local/lib/python3.7/site-packages/airflow/example_dags/tutorial_dag.py took 0.127 seconds
[2025-03-11T05:54:47.004+0000] {processor.py:153} INFO - Started process (PID=222) to work on /home/airflow/.local/lib/python3.7/site-packages/airflow/example_dags/tutorial_dag.py
[2025-03-11T05:54:47.006+0000] {processor.py:743} INFO - Processing file /home/airflow/.local/lib/python3.7/site-packages/airflow/example_dags/tutorial_dag.py for tasks to queue
[2025-03-11T05:54:47.007+0000] {logging_mixin.py:137} INFO - [2025-03-11T05:54:47.007+0000] {dagbag.py:538} INFO - Filling up the DagBag from /home/airflow/.local/lib/python3.7/site-packages/airflow/example_dags/tutorial_dag.py
[2025-03-11T05:54:47.025+0000] {processor.py:753} INFO - DAG(s) dict_keys(['tutorial_dag']) retrieved from /home/airflow/.local/lib/python3.7/site-packages/airflow/example_dags/tutorial_dag.py
[2025-03-11T05:54:47.074+0000] {logging_mixin.py:137} INFO - [2025-03-11T05:54:47.074+0000] {dag.py:2676} INFO - Sync 1 DAGs
[2025-03-11T05:54:47.102+0000] {logging_mixin.py:137} INFO - [2025-03-11T05:54:47.101+0000] {dag.py:3427} INFO - Setting next_dagrun for tutorial_dag to None, run_after=None
[2025-03-11T05:54:47.126+0000] {processor.py:175} INFO - Processing /home/airflow/.local/lib/python3.7/site-packages/airflow/example_dags/tutorial_dag.py took 0.125 seconds
[2025-03-11T05:55:17.928+0000] {processor.py:153} INFO - Started process (PID=261) to work on /home/airflow/.local/lib/python3.7/site-packages/airflow/example_dags/tutorial_dag.py
[2025-03-11T05:55:17.929+0000] {processor.py:743} INFO - Processing file /home/airflow/.local/lib/python3.7/site-packages/airflow/example_dags/tutorial_dag.py for tasks to queue
[2025-03-11T05:55:17.932+0000] {logging_mixin.py:137} INFO - [2025-03-11T05:55:17.932+0000] {dagbag.py:538} INFO - Filling up the DagBag from /home/airflow/.local/lib/python3.7/site-packages/airflow/example_dags/tutorial_dag.py
[2025-03-11T05:55:17.943+0000] {processor.py:753} INFO - DAG(s) dict_keys(['tutorial_dag']) retrieved from /home/airflow/.local/lib/python3.7/site-packages/airflow/example_dags/tutorial_dag.py
[2025-03-11T05:55:17.982+0000] {logging_mixin.py:137} INFO - [2025-03-11T05:55:17.982+0000] {dag.py:2676} INFO - Sync 1 DAGs
[2025-03-11T05:55:18.002+0000] {logging_mixin.py:137} INFO - [2025-03-11T05:55:18.002+0000] {dag.py:3427} INFO - Setting next_dagrun for tutorial_dag to None, run_after=None
[2025-03-11T05:55:18.021+0000] {processor.py:175} INFO - Processing /home/airflow/.local/lib/python3.7/site-packages/airflow/example_dags/tutorial_dag.py took 0.094 seconds
[2025-03-11T05:55:48.336+0000] {processor.py:153} INFO - Started process (PID=300) to work on /home/airflow/.local/lib/python3.7/site-packages/airflow/example_dags/tutorial_dag.py
[2025-03-11T05:55:48.338+0000] {processor.py:743} INFO - Processing file /home/airflow/.local/lib/python3.7/site-packages/airflow/example_dags/tutorial_dag.py for tasks to queue
[2025-03-11T05:55:48.339+0000] {logging_mixin.py:137} INFO - [2025-03-11T05:55:48.339+0000] {dagbag.py:538} INFO - Filling up the DagBag from /home/airflow/.local/lib/python3.7/site-packages/airflow/example_dags/tutorial_dag.py
[2025-03-11T05:55:48.350+0000] {processor.py:753} INFO - DAG(s) dict_keys(['tutorial_dag']) retrieved from /home/airflow/.local/lib/python3.7/site-packages/airflow/example_dags/tutorial_dag.py
[2025-03-11T05:55:48.382+0000] {logging_mixin.py:137} INFO - [2025-03-11T05:55:48.382+0000] {dag.py:2676} INFO - Sync 1 DAGs
[2025-03-11T05:55:48.403+0000] {logging_mixin.py:137} INFO - [2025-03-11T05:55:48.403+0000] {dag.py:3427} INFO - Setting next_dagrun for tutorial_dag to None, run_after=None
[2025-03-11T05:55:48.419+0000] {processor.py:175} INFO - Processing /home/airflow/.local/lib/python3.7/site-packages/airflow/example_dags/tutorial_dag.py took 0.085 seconds
[2025-03-11T05:56:19.291+0000] {processor.py:153} INFO - Started process (PID=339) to work on /home/airflow/.local/lib/python3.7/site-packages/airflow/example_dags/tutorial_dag.py
[2025-03-11T05:56:19.293+0000] {processor.py:743} INFO - Processing file /home/airflow/.local/lib/python3.7/site-packages/airflow/example_dags/tutorial_dag.py for tasks to queue
[2025-03-11T05:56:19.296+0000] {logging_mixin.py:137} INFO - [2025-03-11T05:56:19.296+0000] {dagbag.py:538} INFO - Filling up the DagBag from /home/airflow/.local/lib/python3.7/site-packages/airflow/example_dags/tutorial_dag.py
[2025-03-11T05:56:19.313+0000] {processor.py:753} INFO - DAG(s) dict_keys(['tutorial_dag']) retrieved from /home/airflow/.local/lib/python3.7/site-packages/airflow/example_dags/tutorial_dag.py
[2025-03-11T05:56:19.353+0000] {logging_mixin.py:137} INFO - [2025-03-11T05:56:19.353+0000] {dag.py:2676} INFO - Sync 1 DAGs
[2025-03-11T05:56:19.384+0000] {logging_mixin.py:137} INFO - [2025-03-11T05:56:19.384+0000] {dag.py:3427} INFO - Setting next_dagrun for tutorial_dag to None, run_after=None
[2025-03-11T05:56:19.408+0000] {processor.py:175} INFO - Processing /home/airflow/.local/lib/python3.7/site-packages/airflow/example_dags/tutorial_dag.py took 0.120 seconds
[2025-03-11T05:56:50.058+0000] {processor.py:153} INFO - Started process (PID=378) to work on /home/airflow/.local/lib/python3.7/site-packages/airflow/example_dags/tutorial_dag.py
[2025-03-11T05:56:50.059+0000] {processor.py:743} INFO - Processing file /home/airflow/.local/lib/python3.7/site-packages/airflow/example_dags/tutorial_dag.py for tasks to queue
[2025-03-11T05:56:50.059+0000] {logging_mixin.py:137} INFO - [2025-03-11T05:56:50.059+0000] {dagbag.py:538} INFO - Filling up the DagBag from /home/airflow/.local/lib/python3.7/site-packages/airflow/example_dags/tutorial_dag.py
[2025-03-11T05:56:50.071+0000] {processor.py:753} INFO - DAG(s) dict_keys(['tutorial_dag']) retrieved from /home/airflow/.local/lib/python3.7/site-packages/airflow/example_dags/tutorial_dag.py
[2025-03-11T05:56:50.109+0000] {logging_mixin.py:137} INFO - [2025-03-11T05:56:50.109+0000] {dag.py:2676} INFO - Sync 1 DAGs
[2025-03-11T05:56:50.129+0000] {logging_mixin.py:137} INFO - [2025-03-11T05:56:50.129+0000] {dag.py:3427} INFO - Setting next_dagrun for tutorial_dag to None, run_after=None
[2025-03-11T05:56:50.147+0000] {processor.py:175} INFO - Processing /home/airflow/.local/lib/python3.7/site-packages/airflow/example_dags/tutorial_dag.py took 0.092 seconds
[2025-03-11T05:57:20.452+0000] {processor.py:153} INFO - Started process (PID=417) to work on /home/airflow/.local/lib/python3.7/site-packages/airflow/example_dags/tutorial_dag.py
[2025-03-11T05:57:20.453+0000] {processor.py:743} INFO - Processing file /home/airflow/.local/lib/python3.7/site-packages/airflow/example_dags/tutorial_dag.py for tasks to queue
[2025-03-11T05:57:20.454+0000] {logging_mixin.py:137} INFO - [2025-03-11T05:57:20.454+0000] {dagbag.py:538} INFO - Filling up the DagBag from /home/airflow/.local/lib/python3.7/site-packages/airflow/example_dags/tutorial_dag.py
[2025-03-11T05:57:20.466+0000] {processor.py:753} INFO - DAG(s) dict_keys(['tutorial_dag']) retrieved from /home/airflow/.local/lib/python3.7/site-packages/airflow/example_dags/tutorial_dag.py
[2025-03-11T05:57:20.496+0000] {logging_mixin.py:137} INFO - [2025-03-11T05:57:20.496+0000] {dag.py:2676} INFO - Sync 1 DAGs
[2025-03-11T05:57:20.515+0000] {logging_mixin.py:137} INFO - [2025-03-11T05:57:20.515+0000] {dag.py:3427} INFO - Setting next_dagrun for tutorial_dag to None, run_after=None
[2025-03-11T05:57:20.531+0000] {processor.py:175} INFO - Processing /home/airflow/.local/lib/python3.7/site-packages/airflow/example_dags/tutorial_dag.py took 0.081 seconds
[2025-03-11T05:57:51.105+0000] {processor.py:153} INFO - Started process (PID=456) to work on /home/airflow/.local/lib/python3.7/site-packages/airflow/example_dags/tutorial_dag.py
[2025-03-11T05:57:51.106+0000] {processor.py:743} INFO - Processing file /home/airflow/.local/lib/python3.7/site-packages/airflow/example_dags/tutorial_dag.py for tasks to queue
[2025-03-11T05:57:51.106+0000] {logging_mixin.py:137} INFO - [2025-03-11T05:57:51.106+0000] {dagbag.py:538} INFO - Filling up the DagBag from /home/airflow/.local/lib/python3.7/site-packages/airflow/example_dags/tutorial_dag.py
[2025-03-11T05:57:51.118+0000] {processor.py:753} INFO - DAG(s) dict_keys(['tutorial_dag']) retrieved from /home/airflow/.local/lib/python3.7/site-packages/airflow/example_dags/tutorial_dag.py
[2025-03-11T05:57:51.150+0000] {logging_mixin.py:137} INFO - [2025-03-11T05:57:51.150+0000] {dag.py:2676} INFO - Sync 1 DAGs
[2025-03-11T05:57:51.170+0000] {logging_mixin.py:137} INFO - [2025-03-11T05:57:51.170+0000] {dag.py:3427} INFO - Setting next_dagrun for tutorial_dag to None, run_after=None
[2025-03-11T05:57:51.185+0000] {processor.py:175} INFO - Processing /home/airflow/.local/lib/python3.7/site-packages/airflow/example_dags/tutorial_dag.py took 0.082 seconds
[2025-03-11T05:58:21.496+0000] {processor.py:153} INFO - Started process (PID=495) to work on /home/airflow/.local/lib/python3.7/site-packages/airflow/example_dags/tutorial_dag.py
[2025-03-11T05:58:21.497+0000] {processor.py:743} INFO - Processing file /home/airflow/.local/lib/python3.7/site-packages/airflow/example_dags/tutorial_dag.py for tasks to queue
[2025-03-11T05:58:21.498+0000] {logging_mixin.py:137} INFO - [2025-03-11T05:58:21.498+0000] {dagbag.py:538} INFO - Filling up the DagBag from /home/airflow/.local/lib/python3.7/site-packages/airflow/example_dags/tutorial_dag.py
[2025-03-11T05:58:21.509+0000] {processor.py:753} INFO - DAG(s) dict_keys(['tutorial_dag']) retrieved from /home/airflow/.local/lib/python3.7/site-packages/airflow/example_dags/tutorial_dag.py
[2025-03-11T05:58:21.540+0000] {logging_mixin.py:137} INFO - [2025-03-11T05:58:21.540+0000] {dag.py:2676} INFO - Sync 1 DAGs
[2025-03-11T05:58:21.559+0000] {logging_mixin.py:137} INFO - [2025-03-11T05:58:21.559+0000] {dag.py:3427} INFO - Setting next_dagrun for tutorial_dag to None, run_after=None
[2025-03-11T05:58:21.576+0000] {processor.py:175} INFO - Processing /home/airflow/.local/lib/python3.7/site-packages/airflow/example_dags/tutorial_dag.py took 0.082 seconds
[2025-03-11T05:58:51.947+0000] {processor.py:153} INFO - Started process (PID=534) to work on /home/airflow/.local/lib/python3.7/site-packages/airflow/example_dags/tutorial_dag.py
[2025-03-11T05:58:51.949+0000] {processor.py:743} INFO - Processing file /home/airflow/.local/lib/python3.7/site-packages/airflow/example_dags/tutorial_dag.py for tasks to queue
[2025-03-11T05:58:51.950+0000] {logging_mixin.py:137} INFO - [2025-03-11T05:58:51.950+0000] {dagbag.py:538} INFO - Filling up the DagBag from /home/airflow/.local/lib/python3.7/site-packages/airflow/example_dags/tutorial_dag.py
[2025-03-11T05:58:51.962+0000] {processor.py:753} INFO - DAG(s) dict_keys(['tutorial_dag']) retrieved from /home/airflow/.local/lib/python3.7/site-packages/airflow/example_dags/tutorial_dag.py
[2025-03-11T05:58:51.990+0000] {logging_mixin.py:137} INFO - [2025-03-11T05:58:51.990+0000] {dag.py:2676} INFO - Sync 1 DAGs
[2025-03-11T05:58:52.009+0000] {logging_mixin.py:137} INFO - [2025-03-11T05:58:52.009+0000] {dag.py:3427} INFO - Setting next_dagrun for tutorial_dag to None, run_after=None
[2025-03-11T05:58:52.025+0000] {processor.py:175} INFO - Processing /home/airflow/.local/lib/python3.7/site-packages/airflow/example_dags/tutorial_dag.py took 0.080 seconds
[2025-03-11T05:59:22.576+0000] {processor.py:153} INFO - Started process (PID=573) to work on /home/airflow/.local/lib/python3.7/site-packages/airflow/example_dags/tutorial_dag.py
[2025-03-11T05:59:22.577+0000] {processor.py:743} INFO - Processing file /home/airflow/.local/lib/python3.7/site-packages/airflow/example_dags/tutorial_dag.py for tasks to queue
[2025-03-11T05:59:22.578+0000] {logging_mixin.py:137} INFO - [2025-03-11T05:59:22.578+0000] {dagbag.py:538} INFO - Filling up the DagBag from /home/airflow/.local/lib/python3.7/site-packages/airflow/example_dags/tutorial_dag.py
[2025-03-11T05:59:22.593+0000] {processor.py:753} INFO - DAG(s) dict_keys(['tutorial_dag']) retrieved from /home/airflow/.local/lib/python3.7/site-packages/airflow/example_dags/tutorial_dag.py
[2025-03-11T05:59:22.626+0000] {logging_mixin.py:137} INFO - [2025-03-11T05:59:22.626+0000] {dag.py:2676} INFO - Sync 1 DAGs
[2025-03-11T05:59:22.650+0000] {logging_mixin.py:137} INFO - [2025-03-11T05:59:22.650+0000] {dag.py:3427} INFO - Setting next_dagrun for tutorial_dag to None, run_after=None
[2025-03-11T05:59:22.667+0000] {processor.py:175} INFO - Processing /home/airflow/.local/lib/python3.7/site-packages/airflow/example_dags/tutorial_dag.py took 0.093 seconds
[2025-03-11T05:59:53.107+0000] {processor.py:153} INFO - Started process (PID=612) to work on /home/airflow/.local/lib/python3.7/site-packages/airflow/example_dags/tutorial_dag.py
[2025-03-11T05:59:53.109+0000] {processor.py:743} INFO - Processing file /home/airflow/.local/lib/python3.7/site-packages/airflow/example_dags/tutorial_dag.py for tasks to queue
[2025-03-11T05:59:53.110+0000] {logging_mixin.py:137} INFO - [2025-03-11T05:59:53.109+0000] {dagbag.py:538} INFO - Filling up the DagBag from /home/airflow/.local/lib/python3.7/site-packages/airflow/example_dags/tutorial_dag.py
[2025-03-11T05:59:53.122+0000] {processor.py:753} INFO - DAG(s) dict_keys(['tutorial_dag']) retrieved from /home/airflow/.local/lib/python3.7/site-packages/airflow/example_dags/tutorial_dag.py
[2025-03-11T05:59:53.159+0000] {logging_mixin.py:137} INFO - [2025-03-11T05:59:53.159+0000] {dag.py:2676} INFO - Sync 1 DAGs
[2025-03-11T05:59:53.179+0000] {logging_mixin.py:137} INFO - [2025-03-11T05:59:53.179+0000] {dag.py:3427} INFO - Setting next_dagrun for tutorial_dag to None, run_after=None
[2025-03-11T05:59:53.196+0000] {processor.py:175} INFO - Processing /home/airflow/.local/lib/python3.7/site-packages/airflow/example_dags/tutorial_dag.py took 0.090 seconds
[2025-03-11T06:00:23.652+0000] {processor.py:153} INFO - Started process (PID=651) to work on /home/airflow/.local/lib/python3.7/site-packages/airflow/example_dags/tutorial_dag.py
[2025-03-11T06:00:23.653+0000] {processor.py:743} INFO - Processing file /home/airflow/.local/lib/python3.7/site-packages/airflow/example_dags/tutorial_dag.py for tasks to queue
[2025-03-11T06:00:23.654+0000] {logging_mixin.py:137} INFO - [2025-03-11T06:00:23.654+0000] {dagbag.py:538} INFO - Filling up the DagBag from /home/airflow/.local/lib/python3.7/site-packages/airflow/example_dags/tutorial_dag.py
[2025-03-11T06:00:23.665+0000] {processor.py:753} INFO - DAG(s) dict_keys(['tutorial_dag']) retrieved from /home/airflow/.local/lib/python3.7/site-packages/airflow/example_dags/tutorial_dag.py
[2025-03-11T06:00:23.698+0000] {logging_mixin.py:137} INFO - [2025-03-11T06:00:23.698+0000] {dag.py:2676} INFO - Sync 1 DAGs
[2025-03-11T06:00:23.721+0000] {logging_mixin.py:137} INFO - [2025-03-11T06:00:23.721+0000] {dag.py:3427} INFO - Setting next_dagrun for tutorial_dag to None, run_after=None
[2025-03-11T06:00:23.739+0000] {processor.py:175} INFO - Processing /home/airflow/.local/lib/python3.7/site-packages/airflow/example_dags/tutorial_dag.py took 0.088 seconds
[2025-03-11T06:00:54.359+0000] {processor.py:153} INFO - Started process (PID=690) to work on /home/airflow/.local/lib/python3.7/site-packages/airflow/example_dags/tutorial_dag.py
[2025-03-11T06:00:54.360+0000] {processor.py:743} INFO - Processing file /home/airflow/.local/lib/python3.7/site-packages/airflow/example_dags/tutorial_dag.py for tasks to queue
[2025-03-11T06:00:54.360+0000] {logging_mixin.py:137} INFO - [2025-03-11T06:00:54.360+0000] {dagbag.py:538} INFO - Filling up the DagBag from /home/airflow/.local/lib/python3.7/site-packages/airflow/example_dags/tutorial_dag.py
[2025-03-11T06:00:54.375+0000] {processor.py:753} INFO - DAG(s) dict_keys(['tutorial_dag']) retrieved from /home/airflow/.local/lib/python3.7/site-packages/airflow/example_dags/tutorial_dag.py
[2025-03-11T06:00:54.406+0000] {logging_mixin.py:137} INFO - [2025-03-11T06:00:54.406+0000] {dag.py:2676} INFO - Sync 1 DAGs
[2025-03-11T06:00:54.426+0000] {logging_mixin.py:137} INFO - [2025-03-11T06:00:54.426+0000] {dag.py:3427} INFO - Setting next_dagrun for tutorial_dag to None, run_after=None
[2025-03-11T06:00:54.443+0000] {processor.py:175} INFO - Processing /home/airflow/.local/lib/python3.7/site-packages/airflow/example_dags/tutorial_dag.py took 0.086 seconds
[2025-03-11T06:01:24.801+0000] {processor.py:153} INFO - Started process (PID=729) to work on /home/airflow/.local/lib/python3.7/site-packages/airflow/example_dags/tutorial_dag.py
[2025-03-11T06:01:24.802+0000] {processor.py:743} INFO - Processing file /home/airflow/.local/lib/python3.7/site-packages/airflow/example_dags/tutorial_dag.py for tasks to queue
[2025-03-11T06:01:24.804+0000] {logging_mixin.py:137} INFO - [2025-03-11T06:01:24.803+0000] {dagbag.py:538} INFO - Filling up the DagBag from /home/airflow/.local/lib/python3.7/site-packages/airflow/example_dags/tutorial_dag.py
[2025-03-11T06:01:24.818+0000] {processor.py:753} INFO - DAG(s) dict_keys(['tutorial_dag']) retrieved from /home/airflow/.local/lib/python3.7/site-packages/airflow/example_dags/tutorial_dag.py
[2025-03-11T06:01:24.851+0000] {logging_mixin.py:137} INFO - [2025-03-11T06:01:24.851+0000] {dag.py:2676} INFO - Sync 1 DAGs
[2025-03-11T06:01:24.873+0000] {logging_mixin.py:137} INFO - [2025-03-11T06:01:24.873+0000] {dag.py:3427} INFO - Setting next_dagrun for tutorial_dag to None, run_after=None
[2025-03-11T06:01:24.888+0000] {processor.py:175} INFO - Processing /home/airflow/.local/lib/python3.7/site-packages/airflow/example_dags/tutorial_dag.py took 0.088 seconds
[2025-03-11T06:01:55.078+0000] {processor.py:153} INFO - Started process (PID=768) to work on /home/airflow/.local/lib/python3.7/site-packages/airflow/example_dags/tutorial_dag.py
[2025-03-11T06:01:55.080+0000] {processor.py:743} INFO - Processing file /home/airflow/.local/lib/python3.7/site-packages/airflow/example_dags/tutorial_dag.py for tasks to queue
[2025-03-11T06:01:55.081+0000] {logging_mixin.py:137} INFO - [2025-03-11T06:01:55.081+0000] {dagbag.py:538} INFO - Filling up the DagBag from /home/airflow/.local/lib/python3.7/site-packages/airflow/example_dags/tutorial_dag.py
[2025-03-11T06:01:55.092+0000] {processor.py:753} INFO - DAG(s) dict_keys(['tutorial_dag']) retrieved from /home/airflow/.local/lib/python3.7/site-packages/airflow/example_dags/tutorial_dag.py
[2025-03-11T06:01:55.120+0000] {logging_mixin.py:137} INFO - [2025-03-11T06:01:55.120+0000] {dag.py:2676} INFO - Sync 1 DAGs
[2025-03-11T06:01:55.138+0000] {logging_mixin.py:137} INFO - [2025-03-11T06:01:55.138+0000] {dag.py:3427} INFO - Setting next_dagrun for tutorial_dag to None, run_after=None
[2025-03-11T06:01:55.153+0000] {processor.py:175} INFO - Processing /home/airflow/.local/lib/python3.7/site-packages/airflow/example_dags/tutorial_dag.py took 0.078 seconds
[2025-03-11T06:02:26.061+0000] {processor.py:153} INFO - Started process (PID=807) to work on /home/airflow/.local/lib/python3.7/site-packages/airflow/example_dags/tutorial_dag.py
[2025-03-11T06:02:26.062+0000] {processor.py:743} INFO - Processing file /home/airflow/.local/lib/python3.7/site-packages/airflow/example_dags/tutorial_dag.py for tasks to queue
[2025-03-11T06:02:26.063+0000] {logging_mixin.py:137} INFO - [2025-03-11T06:02:26.063+0000] {dagbag.py:538} INFO - Filling up the DagBag from /home/airflow/.local/lib/python3.7/site-packages/airflow/example_dags/tutorial_dag.py
[2025-03-11T06:02:26.075+0000] {processor.py:753} INFO - DAG(s) dict_keys(['tutorial_dag']) retrieved from /home/airflow/.local/lib/python3.7/site-packages/airflow/example_dags/tutorial_dag.py
[2025-03-11T06:02:26.106+0000] {logging_mixin.py:137} INFO - [2025-03-11T06:02:26.106+0000] {dag.py:2676} INFO - Sync 1 DAGs
[2025-03-11T06:02:26.126+0000] {logging_mixin.py:137} INFO - [2025-03-11T06:02:26.126+0000] {dag.py:3427} INFO - Setting next_dagrun for tutorial_dag to None, run_after=None
[2025-03-11T06:02:26.143+0000] {processor.py:175} INFO - Processing /home/airflow/.local/lib/python3.7/site-packages/airflow/example_dags/tutorial_dag.py took 0.085 seconds
[2025-03-11T06:02:56.559+0000] {processor.py:153} INFO - Started process (PID=846) to work on /home/airflow/.local/lib/python3.7/site-packages/airflow/example_dags/tutorial_dag.py
[2025-03-11T06:02:56.561+0000] {processor.py:743} INFO - Processing file /home/airflow/.local/lib/python3.7/site-packages/airflow/example_dags/tutorial_dag.py for tasks to queue
[2025-03-11T06:02:56.562+0000] {logging_mixin.py:137} INFO - [2025-03-11T06:02:56.562+0000] {dagbag.py:538} INFO - Filling up the DagBag from /home/airflow/.local/lib/python3.7/site-packages/airflow/example_dags/tutorial_dag.py
[2025-03-11T06:02:56.574+0000] {processor.py:753} INFO - DAG(s) dict_keys(['tutorial_dag']) retrieved from /home/airflow/.local/lib/python3.7/site-packages/airflow/example_dags/tutorial_dag.py
[2025-03-11T06:02:56.608+0000] {logging_mixin.py:137} INFO - [2025-03-11T06:02:56.608+0000] {dag.py:2676} INFO - Sync 1 DAGs
[2025-03-11T06:02:56.628+0000] {logging_mixin.py:137} INFO - [2025-03-11T06:02:56.628+0000] {dag.py:3427} INFO - Setting next_dagrun for tutorial_dag to None, run_after=None
[2025-03-11T06:02:56.645+0000] {processor.py:175} INFO - Processing /home/airflow/.local/lib/python3.7/site-packages/airflow/example_dags/tutorial_dag.py took 0.089 seconds
[2025-03-11T06:03:27.006+0000] {processor.py:153} INFO - Started process (PID=885) to work on /home/airflow/.local/lib/python3.7/site-packages/airflow/example_dags/tutorial_dag.py
[2025-03-11T06:03:27.007+0000] {processor.py:743} INFO - Processing file /home/airflow/.local/lib/python3.7/site-packages/airflow/example_dags/tutorial_dag.py for tasks to queue
[2025-03-11T06:03:27.008+0000] {logging_mixin.py:137} INFO - [2025-03-11T06:03:27.008+0000] {dagbag.py:538} INFO - Filling up the DagBag from /home/airflow/.local/lib/python3.7/site-packages/airflow/example_dags/tutorial_dag.py
[2025-03-11T06:03:27.020+0000] {processor.py:753} INFO - DAG(s) dict_keys(['tutorial_dag']) retrieved from /home/airflow/.local/lib/python3.7/site-packages/airflow/example_dags/tutorial_dag.py
[2025-03-11T06:03:27.059+0000] {logging_mixin.py:137} INFO - [2025-03-11T06:03:27.059+0000] {dag.py:2676} INFO - Sync 1 DAGs
[2025-03-11T06:03:27.085+0000] {logging_mixin.py:137} INFO - [2025-03-11T06:03:27.085+0000] {dag.py:3427} INFO - Setting next_dagrun for tutorial_dag to None, run_after=None
[2025-03-11T06:03:27.100+0000] {processor.py:175} INFO - Processing /home/airflow/.local/lib/python3.7/site-packages/airflow/example_dags/tutorial_dag.py took 0.096 seconds
[2025-03-11T06:03:57.423+0000] {processor.py:153} INFO - Started process (PID=924) to work on /home/airflow/.local/lib/python3.7/site-packages/airflow/example_dags/tutorial_dag.py
[2025-03-11T06:03:57.424+0000] {processor.py:743} INFO - Processing file /home/airflow/.local/lib/python3.7/site-packages/airflow/example_dags/tutorial_dag.py for tasks to queue
[2025-03-11T06:03:57.425+0000] {logging_mixin.py:137} INFO - [2025-03-11T06:03:57.425+0000] {dagbag.py:538} INFO - Filling up the DagBag from /home/airflow/.local/lib/python3.7/site-packages/airflow/example_dags/tutorial_dag.py
[2025-03-11T06:03:57.438+0000] {processor.py:753} INFO - DAG(s) dict_keys(['tutorial_dag']) retrieved from /home/airflow/.local/lib/python3.7/site-packages/airflow/example_dags/tutorial_dag.py
[2025-03-11T06:03:57.471+0000] {logging_mixin.py:137} INFO - [2025-03-11T06:03:57.471+0000] {dag.py:2676} INFO - Sync 1 DAGs
[2025-03-11T06:03:57.491+0000] {logging_mixin.py:137} INFO - [2025-03-11T06:03:57.491+0000] {dag.py:3427} INFO - Setting next_dagrun for tutorial_dag to None, run_after=None
[2025-03-11T06:03:57.506+0000] {processor.py:175} INFO - Processing /home/airflow/.local/lib/python3.7/site-packages/airflow/example_dags/tutorial_dag.py took 0.085 seconds
[2025-03-11T06:04:27.876+0000] {processor.py:153} INFO - Started process (PID=963) to work on /home/airflow/.local/lib/python3.7/site-packages/airflow/example_dags/tutorial_dag.py
[2025-03-11T06:04:27.877+0000] {processor.py:743} INFO - Processing file /home/airflow/.local/lib/python3.7/site-packages/airflow/example_dags/tutorial_dag.py for tasks to queue
[2025-03-11T06:04:27.878+0000] {logging_mixin.py:137} INFO - [2025-03-11T06:04:27.878+0000] {dagbag.py:538} INFO - Filling up the DagBag from /home/airflow/.local/lib/python3.7/site-packages/airflow/example_dags/tutorial_dag.py
[2025-03-11T06:04:27.889+0000] {processor.py:753} INFO - DAG(s) dict_keys(['tutorial_dag']) retrieved from /home/airflow/.local/lib/python3.7/site-packages/airflow/example_dags/tutorial_dag.py
[2025-03-11T06:04:27.921+0000] {logging_mixin.py:137} INFO - [2025-03-11T06:04:27.921+0000] {dag.py:2676} INFO - Sync 1 DAGs
[2025-03-11T06:04:27.940+0000] {logging_mixin.py:137} INFO - [2025-03-11T06:04:27.940+0000] {dag.py:3427} INFO - Setting next_dagrun for tutorial_dag to None, run_after=None
[2025-03-11T06:04:27.954+0000] {processor.py:175} INFO - Processing /home/airflow/.local/lib/python3.7/site-packages/airflow/example_dags/tutorial_dag.py took 0.080 seconds
[2025-03-11T06:04:58.264+0000] {processor.py:153} INFO - Started process (PID=1002) to work on /home/airflow/.local/lib/python3.7/site-packages/airflow/example_dags/tutorial_dag.py
[2025-03-11T06:04:58.265+0000] {processor.py:743} INFO - Processing file /home/airflow/.local/lib/python3.7/site-packages/airflow/example_dags/tutorial_dag.py for tasks to queue
[2025-03-11T06:04:58.266+0000] {logging_mixin.py:137} INFO - [2025-03-11T06:04:58.266+0000] {dagbag.py:538} INFO - Filling up the DagBag from /home/airflow/.local/lib/python3.7/site-packages/airflow/example_dags/tutorial_dag.py
[2025-03-11T06:04:58.279+0000] {processor.py:753} INFO - DAG(s) dict_keys(['tutorial_dag']) retrieved from /home/airflow/.local/lib/python3.7/site-packages/airflow/example_dags/tutorial_dag.py
[2025-03-11T06:04:58.317+0000] {logging_mixin.py:137} INFO - [2025-03-11T06:04:58.317+0000] {dag.py:2676} INFO - Sync 1 DAGs
[2025-03-11T06:04:58.338+0000] {logging_mixin.py:137} INFO - [2025-03-11T06:04:58.338+0000] {dag.py:3427} INFO - Setting next_dagrun for tutorial_dag to None, run_after=None
[2025-03-11T06:04:58.353+0000] {processor.py:175} INFO - Processing /home/airflow/.local/lib/python3.7/site-packages/airflow/example_dags/tutorial_dag.py took 0.091 seconds
[2025-03-11T06:05:28.695+0000] {processor.py:153} INFO - Started process (PID=1041) to work on /home/airflow/.local/lib/python3.7/site-packages/airflow/example_dags/tutorial_dag.py
[2025-03-11T06:05:28.698+0000] {processor.py:743} INFO - Processing file /home/airflow/.local/lib/python3.7/site-packages/airflow/example_dags/tutorial_dag.py for tasks to queue
[2025-03-11T06:05:28.699+0000] {logging_mixin.py:137} INFO - [2025-03-11T06:05:28.699+0000] {dagbag.py:538} INFO - Filling up the DagBag from /home/airflow/.local/lib/python3.7/site-packages/airflow/example_dags/tutorial_dag.py
[2025-03-11T06:05:28.713+0000] {processor.py:753} INFO - DAG(s) dict_keys(['tutorial_dag']) retrieved from /home/airflow/.local/lib/python3.7/site-packages/airflow/example_dags/tutorial_dag.py
[2025-03-11T06:05:28.755+0000] {logging_mixin.py:137} INFO - [2025-03-11T06:05:28.755+0000] {dag.py:2676} INFO - Sync 1 DAGs
[2025-03-11T06:05:28.781+0000] {logging_mixin.py:137} INFO - [2025-03-11T06:05:28.781+0000] {dag.py:3427} INFO - Setting next_dagrun for tutorial_dag to None, run_after=None
[2025-03-11T06:05:28.799+0000] {processor.py:175} INFO - Processing /home/airflow/.local/lib/python3.7/site-packages/airflow/example_dags/tutorial_dag.py took 0.106 seconds
[2025-03-11T06:05:59.193+0000] {processor.py:153} INFO - Started process (PID=1080) to work on /home/airflow/.local/lib/python3.7/site-packages/airflow/example_dags/tutorial_dag.py
[2025-03-11T06:05:59.194+0000] {processor.py:743} INFO - Processing file /home/airflow/.local/lib/python3.7/site-packages/airflow/example_dags/tutorial_dag.py for tasks to queue
[2025-03-11T06:05:59.196+0000] {logging_mixin.py:137} INFO - [2025-03-11T06:05:59.195+0000] {dagbag.py:538} INFO - Filling up the DagBag from /home/airflow/.local/lib/python3.7/site-packages/airflow/example_dags/tutorial_dag.py
[2025-03-11T06:05:59.207+0000] {processor.py:753} INFO - DAG(s) dict_keys(['tutorial_dag']) retrieved from /home/airflow/.local/lib/python3.7/site-packages/airflow/example_dags/tutorial_dag.py
[2025-03-11T06:05:59.246+0000] {logging_mixin.py:137} INFO - [2025-03-11T06:05:59.246+0000] {dag.py:2676} INFO - Sync 1 DAGs
[2025-03-11T06:05:59.269+0000] {logging_mixin.py:137} INFO - [2025-03-11T06:05:59.268+0000] {dag.py:3427} INFO - Setting next_dagrun for tutorial_dag to None, run_after=None
[2025-03-11T06:05:59.287+0000] {processor.py:175} INFO - Processing /home/airflow/.local/lib/python3.7/site-packages/airflow/example_dags/tutorial_dag.py took 0.097 seconds
[2025-03-11T06:06:29.601+0000] {processor.py:153} INFO - Started process (PID=1119) to work on /home/airflow/.local/lib/python3.7/site-packages/airflow/example_dags/tutorial_dag.py
[2025-03-11T06:06:29.602+0000] {processor.py:743} INFO - Processing file /home/airflow/.local/lib/python3.7/site-packages/airflow/example_dags/tutorial_dag.py for tasks to queue
[2025-03-11T06:06:29.603+0000] {logging_mixin.py:137} INFO - [2025-03-11T06:06:29.603+0000] {dagbag.py:538} INFO - Filling up the DagBag from /home/airflow/.local/lib/python3.7/site-packages/airflow/example_dags/tutorial_dag.py
[2025-03-11T06:06:29.615+0000] {processor.py:753} INFO - DAG(s) dict_keys(['tutorial_dag']) retrieved from /home/airflow/.local/lib/python3.7/site-packages/airflow/example_dags/tutorial_dag.py
[2025-03-11T06:06:29.650+0000] {logging_mixin.py:137} INFO - [2025-03-11T06:06:29.650+0000] {dag.py:2676} INFO - Sync 1 DAGs
[2025-03-11T06:06:29.672+0000] {logging_mixin.py:137} INFO - [2025-03-11T06:06:29.672+0000] {dag.py:3427} INFO - Setting next_dagrun for tutorial_dag to None, run_after=None
[2025-03-11T06:06:29.688+0000] {processor.py:175} INFO - Processing /home/airflow/.local/lib/python3.7/site-packages/airflow/example_dags/tutorial_dag.py took 0.089 seconds
[2025-03-11T06:06:59.974+0000] {processor.py:153} INFO - Started process (PID=1158) to work on /home/airflow/.local/lib/python3.7/site-packages/airflow/example_dags/tutorial_dag.py
[2025-03-11T06:06:59.974+0000] {processor.py:743} INFO - Processing file /home/airflow/.local/lib/python3.7/site-packages/airflow/example_dags/tutorial_dag.py for tasks to queue
[2025-03-11T06:06:59.976+0000] {logging_mixin.py:137} INFO - [2025-03-11T06:06:59.975+0000] {dagbag.py:538} INFO - Filling up the DagBag from /home/airflow/.local/lib/python3.7/site-packages/airflow/example_dags/tutorial_dag.py
[2025-03-11T06:06:59.990+0000] {processor.py:753} INFO - DAG(s) dict_keys(['tutorial_dag']) retrieved from /home/airflow/.local/lib/python3.7/site-packages/airflow/example_dags/tutorial_dag.py
[2025-03-11T06:07:00.024+0000] {logging_mixin.py:137} INFO - [2025-03-11T06:07:00.024+0000] {dag.py:2676} INFO - Sync 1 DAGs
[2025-03-11T06:07:00.045+0000] {logging_mixin.py:137} INFO - [2025-03-11T06:07:00.045+0000] {dag.py:3427} INFO - Setting next_dagrun for tutorial_dag to None, run_after=None
[2025-03-11T06:07:00.060+0000] {processor.py:175} INFO - Processing /home/airflow/.local/lib/python3.7/site-packages/airflow/example_dags/tutorial_dag.py took 0.088 seconds
[2025-03-11T06:07:30.411+0000] {processor.py:153} INFO - Started process (PID=1197) to work on /home/airflow/.local/lib/python3.7/site-packages/airflow/example_dags/tutorial_dag.py
[2025-03-11T06:07:30.411+0000] {processor.py:743} INFO - Processing file /home/airflow/.local/lib/python3.7/site-packages/airflow/example_dags/tutorial_dag.py for tasks to queue
[2025-03-11T06:07:30.412+0000] {logging_mixin.py:137} INFO - [2025-03-11T06:07:30.412+0000] {dagbag.py:538} INFO - Filling up the DagBag from /home/airflow/.local/lib/python3.7/site-packages/airflow/example_dags/tutorial_dag.py
[2025-03-11T06:07:30.423+0000] {processor.py:753} INFO - DAG(s) dict_keys(['tutorial_dag']) retrieved from /home/airflow/.local/lib/python3.7/site-packages/airflow/example_dags/tutorial_dag.py
[2025-03-11T06:07:30.454+0000] {logging_mixin.py:137} INFO - [2025-03-11T06:07:30.454+0000] {dag.py:2676} INFO - Sync 1 DAGs
[2025-03-11T06:07:30.472+0000] {logging_mixin.py:137} INFO - [2025-03-11T06:07:30.472+0000] {dag.py:3427} INFO - Setting next_dagrun for tutorial_dag to None, run_after=None
[2025-03-11T06:07:30.492+0000] {processor.py:175} INFO - Processing /home/airflow/.local/lib/python3.7/site-packages/airflow/example_dags/tutorial_dag.py took 0.083 seconds
[2025-03-11T06:08:00.973+0000] {processor.py:153} INFO - Started process (PID=1236) to work on /home/airflow/.local/lib/python3.7/site-packages/airflow/example_dags/tutorial_dag.py
[2025-03-11T06:08:00.974+0000] {processor.py:743} INFO - Processing file /home/airflow/.local/lib/python3.7/site-packages/airflow/example_dags/tutorial_dag.py for tasks to queue
[2025-03-11T06:08:00.974+0000] {logging_mixin.py:137} INFO - [2025-03-11T06:08:00.974+0000] {dagbag.py:538} INFO - Filling up the DagBag from /home/airflow/.local/lib/python3.7/site-packages/airflow/example_dags/tutorial_dag.py
[2025-03-11T06:08:00.986+0000] {processor.py:753} INFO - DAG(s) dict_keys(['tutorial_dag']) retrieved from /home/airflow/.local/lib/python3.7/site-packages/airflow/example_dags/tutorial_dag.py
[2025-03-11T06:08:01.018+0000] {logging_mixin.py:137} INFO - [2025-03-11T06:08:01.018+0000] {dag.py:2676} INFO - Sync 1 DAGs
[2025-03-11T06:08:01.042+0000] {logging_mixin.py:137} INFO - [2025-03-11T06:08:01.041+0000] {dag.py:3427} INFO - Setting next_dagrun for tutorial_dag to None, run_after=None
[2025-03-11T06:08:01.059+0000] {processor.py:175} INFO - Processing /home/airflow/.local/lib/python3.7/site-packages/airflow/example_dags/tutorial_dag.py took 0.088 seconds
[2025-03-11T06:08:31.447+0000] {processor.py:153} INFO - Started process (PID=1275) to work on /home/airflow/.local/lib/python3.7/site-packages/airflow/example_dags/tutorial_dag.py
[2025-03-11T06:08:31.448+0000] {processor.py:743} INFO - Processing file /home/airflow/.local/lib/python3.7/site-packages/airflow/example_dags/tutorial_dag.py for tasks to queue
[2025-03-11T06:08:31.449+0000] {logging_mixin.py:137} INFO - [2025-03-11T06:08:31.449+0000] {dagbag.py:538} INFO - Filling up the DagBag from /home/airflow/.local/lib/python3.7/site-packages/airflow/example_dags/tutorial_dag.py
[2025-03-11T06:08:31.462+0000] {processor.py:753} INFO - DAG(s) dict_keys(['tutorial_dag']) retrieved from /home/airflow/.local/lib/python3.7/site-packages/airflow/example_dags/tutorial_dag.py
[2025-03-11T06:08:31.491+0000] {logging_mixin.py:137} INFO - [2025-03-11T06:08:31.491+0000] {dag.py:2676} INFO - Sync 1 DAGs
[2025-03-11T06:08:31.513+0000] {logging_mixin.py:137} INFO - [2025-03-11T06:08:31.513+0000] {dag.py:3427} INFO - Setting next_dagrun for tutorial_dag to None, run_after=None
[2025-03-11T06:08:31.530+0000] {processor.py:175} INFO - Processing /home/airflow/.local/lib/python3.7/site-packages/airflow/example_dags/tutorial_dag.py took 0.085 seconds
[2025-03-11T06:09:02.047+0000] {processor.py:153} INFO - Started process (PID=1314) to work on /home/airflow/.local/lib/python3.7/site-packages/airflow/example_dags/tutorial_dag.py
[2025-03-11T06:09:02.047+0000] {processor.py:743} INFO - Processing file /home/airflow/.local/lib/python3.7/site-packages/airflow/example_dags/tutorial_dag.py for tasks to queue
[2025-03-11T06:09:02.048+0000] {logging_mixin.py:137} INFO - [2025-03-11T06:09:02.048+0000] {dagbag.py:538} INFO - Filling up the DagBag from /home/airflow/.local/lib/python3.7/site-packages/airflow/example_dags/tutorial_dag.py
[2025-03-11T06:09:02.063+0000] {processor.py:753} INFO - DAG(s) dict_keys(['tutorial_dag']) retrieved from /home/airflow/.local/lib/python3.7/site-packages/airflow/example_dags/tutorial_dag.py
[2025-03-11T06:09:02.099+0000] {logging_mixin.py:137} INFO - [2025-03-11T06:09:02.099+0000] {dag.py:2676} INFO - Sync 1 DAGs
[2025-03-11T06:09:02.123+0000] {logging_mixin.py:137} INFO - [2025-03-11T06:09:02.123+0000] {dag.py:3427} INFO - Setting next_dagrun for tutorial_dag to None, run_after=None
[2025-03-11T06:09:02.139+0000] {processor.py:175} INFO - Processing /home/airflow/.local/lib/python3.7/site-packages/airflow/example_dags/tutorial_dag.py took 0.094 seconds
[2025-03-11T06:09:32.504+0000] {processor.py:153} INFO - Started process (PID=1353) to work on /home/airflow/.local/lib/python3.7/site-packages/airflow/example_dags/tutorial_dag.py
[2025-03-11T06:09:32.506+0000] {processor.py:743} INFO - Processing file /home/airflow/.local/lib/python3.7/site-packages/airflow/example_dags/tutorial_dag.py for tasks to queue
[2025-03-11T06:09:32.506+0000] {logging_mixin.py:137} INFO - [2025-03-11T06:09:32.506+0000] {dagbag.py:538} INFO - Filling up the DagBag from /home/airflow/.local/lib/python3.7/site-packages/airflow/example_dags/tutorial_dag.py
[2025-03-11T06:09:32.519+0000] {processor.py:753} INFO - DAG(s) dict_keys(['tutorial_dag']) retrieved from /home/airflow/.local/lib/python3.7/site-packages/airflow/example_dags/tutorial_dag.py
[2025-03-11T06:09:32.553+0000] {logging_mixin.py:137} INFO - [2025-03-11T06:09:32.553+0000] {dag.py:2676} INFO - Sync 1 DAGs
[2025-03-11T06:09:32.574+0000] {logging_mixin.py:137} INFO - [2025-03-11T06:09:32.573+0000] {dag.py:3427} INFO - Setting next_dagrun for tutorial_dag to None, run_after=None
[2025-03-11T06:09:32.590+0000] {processor.py:175} INFO - Processing /home/airflow/.local/lib/python3.7/site-packages/airflow/example_dags/tutorial_dag.py took 0.089 seconds
[2025-03-11T06:10:03.004+0000] {processor.py:153} INFO - Started process (PID=1392) to work on /home/airflow/.local/lib/python3.7/site-packages/airflow/example_dags/tutorial_dag.py
[2025-03-11T06:10:03.006+0000] {processor.py:743} INFO - Processing file /home/airflow/.local/lib/python3.7/site-packages/airflow/example_dags/tutorial_dag.py for tasks to queue
[2025-03-11T06:10:03.007+0000] {logging_mixin.py:137} INFO - [2025-03-11T06:10:03.007+0000] {dagbag.py:538} INFO - Filling up the DagBag from /home/airflow/.local/lib/python3.7/site-packages/airflow/example_dags/tutorial_dag.py
[2025-03-11T06:10:03.020+0000] {processor.py:753} INFO - DAG(s) dict_keys(['tutorial_dag']) retrieved from /home/airflow/.local/lib/python3.7/site-packages/airflow/example_dags/tutorial_dag.py
[2025-03-11T06:10:03.053+0000] {logging_mixin.py:137} INFO - [2025-03-11T06:10:03.053+0000] {dag.py:2676} INFO - Sync 1 DAGs
[2025-03-11T06:10:03.073+0000] {logging_mixin.py:137} INFO - [2025-03-11T06:10:03.073+0000] {dag.py:3427} INFO - Setting next_dagrun for tutorial_dag to None, run_after=None
[2025-03-11T06:10:03.087+0000] {processor.py:175} INFO - Processing /home/airflow/.local/lib/python3.7/site-packages/airflow/example_dags/tutorial_dag.py took 0.086 seconds
