[2025-03-06T05:29:19.779+0000] {processor.py:153} INFO - Started process (PID=52) to work on /home/airflow/.local/lib/python3.7/site-packages/airflow/example_dags/example_sensors.py
[2025-03-06T05:29:19.779+0000] {processor.py:743} INFO - Processing file /home/airflow/.local/lib/python3.7/site-packages/airflow/example_dags/example_sensors.py for tasks to queue
[2025-03-06T05:29:19.780+0000] {logging_mixin.py:137} INFO - [2025-03-06T05:29:19.780+0000] {dagbag.py:538} INFO - Filling up the DagBag from /home/airflow/.local/lib/python3.7/site-packages/airflow/example_dags/example_sensors.py
[2025-03-06T05:29:19.826+0000] {processor.py:753} INFO - DAG(s) dict_keys(['example_sensors']) retrieved from /home/airflow/.local/lib/python3.7/site-packages/airflow/example_dags/example_sensors.py
[2025-03-06T05:29:19.970+0000] {logging_mixin.py:137} INFO - [2025-03-06T05:29:19.969+0000] {manager.py:504} INFO - Created Permission View: can delete on DAG:example_sensors
[2025-03-06T05:29:19.978+0000] {logging_mixin.py:137} INFO - [2025-03-06T05:29:19.978+0000] {manager.py:504} INFO - Created Permission View: can read on DAG:example_sensors
[2025-03-06T05:29:19.984+0000] {logging_mixin.py:137} INFO - [2025-03-06T05:29:19.984+0000] {manager.py:504} INFO - Created Permission View: can edit on DAG:example_sensors
[2025-03-06T05:29:19.985+0000] {logging_mixin.py:137} INFO - [2025-03-06T05:29:19.985+0000] {dag.py:2676} INFO - Sync 1 DAGs
[2025-03-06T05:29:19.997+0000] {logging_mixin.py:137} INFO - [2025-03-06T05:29:19.997+0000] {dag.py:2697} INFO - Creating ORM DAG for example_sensors
[2025-03-06T05:29:20.011+0000] {logging_mixin.py:137} INFO - [2025-03-06T05:29:20.011+0000] {dag.py:3427} INFO - Setting next_dagrun for example_sensors to None, run_after=None
[2025-03-06T05:29:20.030+0000] {processor.py:175} INFO - Processing /home/airflow/.local/lib/python3.7/site-packages/airflow/example_dags/example_sensors.py took 0.254 seconds
[2025-03-06T05:29:50.355+0000] {processor.py:153} INFO - Started process (PID=90) to work on /home/airflow/.local/lib/python3.7/site-packages/airflow/example_dags/example_sensors.py
[2025-03-06T05:29:50.356+0000] {processor.py:743} INFO - Processing file /home/airflow/.local/lib/python3.7/site-packages/airflow/example_dags/example_sensors.py for tasks to queue
[2025-03-06T05:29:50.357+0000] {logging_mixin.py:137} INFO - [2025-03-06T05:29:50.357+0000] {dagbag.py:538} INFO - Filling up the DagBag from /home/airflow/.local/lib/python3.7/site-packages/airflow/example_dags/example_sensors.py
[2025-03-06T05:29:50.384+0000] {processor.py:753} INFO - DAG(s) dict_keys(['example_sensors']) retrieved from /home/airflow/.local/lib/python3.7/site-packages/airflow/example_dags/example_sensors.py
[2025-03-06T05:29:50.410+0000] {logging_mixin.py:137} INFO - [2025-03-06T05:29:50.410+0000] {dag.py:2676} INFO - Sync 1 DAGs
[2025-03-06T05:29:50.432+0000] {logging_mixin.py:137} INFO - [2025-03-06T05:29:50.432+0000] {dag.py:3427} INFO - Setting next_dagrun for example_sensors to None, run_after=None
[2025-03-06T05:29:50.454+0000] {processor.py:175} INFO - Processing /home/airflow/.local/lib/python3.7/site-packages/airflow/example_dags/example_sensors.py took 0.103 seconds
[2025-03-06T05:30:21.535+0000] {processor.py:153} INFO - Started process (PID=128) to work on /home/airflow/.local/lib/python3.7/site-packages/airflow/example_dags/example_sensors.py
[2025-03-06T05:30:21.537+0000] {processor.py:743} INFO - Processing file /home/airflow/.local/lib/python3.7/site-packages/airflow/example_dags/example_sensors.py for tasks to queue
[2025-03-06T05:30:21.539+0000] {logging_mixin.py:137} INFO - [2025-03-06T05:30:21.538+0000] {dagbag.py:538} INFO - Filling up the DagBag from /home/airflow/.local/lib/python3.7/site-packages/airflow/example_dags/example_sensors.py
[2025-03-06T05:30:21.561+0000] {processor.py:753} INFO - DAG(s) dict_keys(['example_sensors']) retrieved from /home/airflow/.local/lib/python3.7/site-packages/airflow/example_dags/example_sensors.py
[2025-03-06T05:30:21.618+0000] {logging_mixin.py:137} INFO - [2025-03-06T05:30:21.617+0000] {dag.py:2676} INFO - Sync 1 DAGs
[2025-03-06T05:30:21.639+0000] {logging_mixin.py:137} INFO - [2025-03-06T05:30:21.639+0000] {dag.py:3427} INFO - Setting next_dagrun for example_sensors to None, run_after=None
[2025-03-06T05:30:21.661+0000] {processor.py:175} INFO - Processing /home/airflow/.local/lib/python3.7/site-packages/airflow/example_dags/example_sensors.py took 0.128 seconds
