[2025-03-06T05:29:18.936+0000] {processor.py:153} INFO - Started process (PID=49) to work on /home/airflow/.local/lib/python3.7/site-packages/airflow/example_dags/example_sla_dag.py
[2025-03-06T05:29:18.938+0000] {processor.py:743} INFO - Processing file /home/airflow/.local/lib/python3.7/site-packages/airflow/example_dags/example_sla_dag.py for tasks to queue
[2025-03-06T05:29:18.939+0000] {logging_mixin.py:137} INFO - [2025-03-06T05:29:18.939+0000] {dagbag.py:538} INFO - Filling up the DagBag from /home/airflow/.local/lib/python3.7/site-packages/airflow/example_dags/example_sla_dag.py
[2025-03-06T05:29:18.990+0000] {processor.py:753} INFO - DAG(s) dict_keys(['example_sla_dag']) retrieved from /home/airflow/.local/lib/python3.7/site-packages/airflow/example_dags/example_sla_dag.py
[2025-03-06T05:29:19.258+0000] {logging_mixin.py:137} INFO - [2025-03-06T05:29:19.258+0000] {manager.py:504} INFO - Created Permission View: can delete on DAG:example_sla_dag
[2025-03-06T05:29:19.290+0000] {logging_mixin.py:137} INFO - [2025-03-06T05:29:19.290+0000] {manager.py:504} INFO - Created Permission View: can read on DAG:example_sla_dag
[2025-03-06T05:29:19.315+0000] {logging_mixin.py:137} INFO - [2025-03-06T05:29:19.315+0000] {manager.py:504} INFO - Created Permission View: can edit on DAG:example_sla_dag
[2025-03-06T05:29:19.317+0000] {logging_mixin.py:137} INFO - [2025-03-06T05:29:19.316+0000] {dag.py:2676} INFO - Sync 1 DAGs
[2025-03-06T05:29:19.350+0000] {logging_mixin.py:137} INFO - [2025-03-06T05:29:19.349+0000] {dag.py:2697} INFO - Creating ORM DAG for example_sla_dag
[2025-03-06T05:29:19.395+0000] {logging_mixin.py:137} INFO - [2025-03-06T05:29:19.395+0000] {dag.py:3427} INFO - Setting next_dagrun for example_sla_dag to 2025-03-06T05:26:00+00:00, run_after=2025-03-06T05:28:00+00:00
[2025-03-06T05:29:19.430+0000] {processor.py:175} INFO - Processing /home/airflow/.local/lib/python3.7/site-packages/airflow/example_dags/example_sla_dag.py took 0.497 seconds
[2025-03-06T05:29:50.133+0000] {processor.py:153} INFO - Started process (PID=87) to work on /home/airflow/.local/lib/python3.7/site-packages/airflow/example_dags/example_sla_dag.py
[2025-03-06T05:29:50.134+0000] {processor.py:743} INFO - Processing file /home/airflow/.local/lib/python3.7/site-packages/airflow/example_dags/example_sla_dag.py for tasks to queue
[2025-03-06T05:29:50.135+0000] {logging_mixin.py:137} INFO - [2025-03-06T05:29:50.135+0000] {dagbag.py:538} INFO - Filling up the DagBag from /home/airflow/.local/lib/python3.7/site-packages/airflow/example_dags/example_sla_dag.py
[2025-03-06T05:29:50.163+0000] {processor.py:753} INFO - DAG(s) dict_keys(['example_sla_dag']) retrieved from /home/airflow/.local/lib/python3.7/site-packages/airflow/example_dags/example_sla_dag.py
[2025-03-06T05:29:50.183+0000] {logging_mixin.py:137} INFO - [2025-03-06T05:29:50.183+0000] {dag.py:2676} INFO - Sync 1 DAGs
[2025-03-06T05:29:50.207+0000] {logging_mixin.py:137} INFO - [2025-03-06T05:29:50.207+0000] {dag.py:3427} INFO - Setting next_dagrun for example_sla_dag to 2025-03-06T05:26:00+00:00, run_after=2025-03-06T05:28:00+00:00
[2025-03-06T05:29:50.221+0000] {processor.py:175} INFO - Processing /home/airflow/.local/lib/python3.7/site-packages/airflow/example_dags/example_sla_dag.py took 0.092 seconds
[2025-03-06T05:30:21.241+0000] {processor.py:153} INFO - Started process (PID=125) to work on /home/airflow/.local/lib/python3.7/site-packages/airflow/example_dags/example_sla_dag.py
[2025-03-06T05:30:21.243+0000] {processor.py:743} INFO - Processing file /home/airflow/.local/lib/python3.7/site-packages/airflow/example_dags/example_sla_dag.py for tasks to queue
[2025-03-06T05:30:21.244+0000] {logging_mixin.py:137} INFO - [2025-03-06T05:30:21.244+0000] {dagbag.py:538} INFO - Filling up the DagBag from /home/airflow/.local/lib/python3.7/site-packages/airflow/example_dags/example_sla_dag.py
[2025-03-06T05:30:21.302+0000] {processor.py:753} INFO - DAG(s) dict_keys(['example_sla_dag']) retrieved from /home/airflow/.local/lib/python3.7/site-packages/airflow/example_dags/example_sla_dag.py
[2025-03-06T05:30:21.368+0000] {logging_mixin.py:137} INFO - [2025-03-06T05:30:21.367+0000] {dag.py:2676} INFO - Sync 1 DAGs
[2025-03-06T05:30:21.410+0000] {logging_mixin.py:137} INFO - [2025-03-06T05:30:21.409+0000] {dag.py:3427} INFO - Setting next_dagrun for example_sla_dag to 2025-03-06T05:28:00+00:00, run_after=2025-03-06T05:30:00+00:00
[2025-03-06T05:30:21.433+0000] {processor.py:175} INFO - Processing /home/airflow/.local/lib/python3.7/site-packages/airflow/example_dags/example_sla_dag.py took 0.195 seconds
