[2025-03-06T05:29:20.090+0000] {processor.py:153} INFO - Started process (PID=55) to work on /home/airflow/.local/lib/python3.7/site-packages/airflow/example_dags/example_xcomargs.py
[2025-03-06T05:29:20.092+0000] {processor.py:743} INFO - Processing file /home/airflow/.local/lib/python3.7/site-packages/airflow/example_dags/example_xcomargs.py for tasks to queue
[2025-03-06T05:29:20.093+0000] {logging_mixin.py:137} INFO - [2025-03-06T05:29:20.093+0000] {dagbag.py:538} INFO - Filling up the DagBag from /home/airflow/.local/lib/python3.7/site-packages/airflow/example_dags/example_xcomargs.py
[2025-03-06T05:29:20.125+0000] {processor.py:753} INFO - DAG(s) dict_keys(['example_xcom_args', 'example_xcom_args_with_operators']) retrieved from /home/airflow/.local/lib/python3.7/site-packages/airflow/example_dags/example_xcomargs.py
[2025-03-06T05:29:20.259+0000] {logging_mixin.py:137} INFO - [2025-03-06T05:29:20.259+0000] {manager.py:504} INFO - Created Permission View: can delete on DAG:example_xcom_args
[2025-03-06T05:29:20.272+0000] {logging_mixin.py:137} INFO - [2025-03-06T05:29:20.272+0000] {manager.py:504} INFO - Created Permission View: can read on DAG:example_xcom_args
[2025-03-06T05:29:20.280+0000] {logging_mixin.py:137} INFO - [2025-03-06T05:29:20.280+0000] {manager.py:504} INFO - Created Permission View: can edit on DAG:example_xcom_args
[2025-03-06T05:29:20.297+0000] {logging_mixin.py:137} INFO - [2025-03-06T05:29:20.297+0000] {manager.py:504} INFO - Created Permission View: can delete on DAG:example_xcom_args_with_operators
[2025-03-06T05:29:20.303+0000] {logging_mixin.py:137} INFO - [2025-03-06T05:29:20.303+0000] {manager.py:504} INFO - Created Permission View: can read on DAG:example_xcom_args_with_operators
[2025-03-06T05:29:20.310+0000] {logging_mixin.py:137} INFO - [2025-03-06T05:29:20.310+0000] {manager.py:504} INFO - Created Permission View: can edit on DAG:example_xcom_args_with_operators
[2025-03-06T05:29:20.310+0000] {logging_mixin.py:137} INFO - [2025-03-06T05:29:20.310+0000] {dag.py:2676} INFO - Sync 2 DAGs
[2025-03-06T05:29:20.324+0000] {logging_mixin.py:137} INFO - [2025-03-06T05:29:20.324+0000] {dag.py:2697} INFO - Creating ORM DAG for example_xcom_args
[2025-03-06T05:29:20.325+0000] {logging_mixin.py:137} INFO - [2025-03-06T05:29:20.324+0000] {dag.py:2697} INFO - Creating ORM DAG for example_xcom_args_with_operators
[2025-03-06T05:29:20.340+0000] {logging_mixin.py:137} INFO - [2025-03-06T05:29:20.340+0000] {dag.py:3427} INFO - Setting next_dagrun for example_xcom_args to None, run_after=None
[2025-03-06T05:29:20.341+0000] {logging_mixin.py:137} INFO - [2025-03-06T05:29:20.341+0000] {dag.py:3427} INFO - Setting next_dagrun for example_xcom_args_with_operators to None, run_after=None
[2025-03-06T05:29:20.369+0000] {processor.py:175} INFO - Processing /home/airflow/.local/lib/python3.7/site-packages/airflow/example_dags/example_xcomargs.py took 0.281 seconds
[2025-03-06T05:29:50.504+0000] {processor.py:153} INFO - Started process (PID=93) to work on /home/airflow/.local/lib/python3.7/site-packages/airflow/example_dags/example_xcomargs.py
[2025-03-06T05:29:50.504+0000] {processor.py:743} INFO - Processing file /home/airflow/.local/lib/python3.7/site-packages/airflow/example_dags/example_xcomargs.py for tasks to queue
[2025-03-06T05:29:50.505+0000] {logging_mixin.py:137} INFO - [2025-03-06T05:29:50.505+0000] {dagbag.py:538} INFO - Filling up the DagBag from /home/airflow/.local/lib/python3.7/site-packages/airflow/example_dags/example_xcomargs.py
[2025-03-06T05:29:50.528+0000] {processor.py:753} INFO - DAG(s) dict_keys(['example_xcom_args_with_operators', 'example_xcom_args']) retrieved from /home/airflow/.local/lib/python3.7/site-packages/airflow/example_dags/example_xcomargs.py
[2025-03-06T05:29:50.548+0000] {logging_mixin.py:137} INFO - [2025-03-06T05:29:50.548+0000] {dag.py:2676} INFO - Sync 2 DAGs
[2025-03-06T05:29:50.574+0000] {logging_mixin.py:137} INFO - [2025-03-06T05:29:50.574+0000] {dag.py:3427} INFO - Setting next_dagrun for example_xcom_args to None, run_after=None
[2025-03-06T05:29:50.577+0000] {logging_mixin.py:137} INFO - [2025-03-06T05:29:50.577+0000] {dag.py:3427} INFO - Setting next_dagrun for example_xcom_args_with_operators to None, run_after=None
[2025-03-06T05:29:50.594+0000] {processor.py:175} INFO - Processing /home/airflow/.local/lib/python3.7/site-packages/airflow/example_dags/example_xcomargs.py took 0.092 seconds
[2025-03-06T05:30:21.745+0000] {processor.py:153} INFO - Started process (PID=131) to work on /home/airflow/.local/lib/python3.7/site-packages/airflow/example_dags/example_xcomargs.py
[2025-03-06T05:30:21.746+0000] {processor.py:743} INFO - Processing file /home/airflow/.local/lib/python3.7/site-packages/airflow/example_dags/example_xcomargs.py for tasks to queue
[2025-03-06T05:30:21.748+0000] {logging_mixin.py:137} INFO - [2025-03-06T05:30:21.747+0000] {dagbag.py:538} INFO - Filling up the DagBag from /home/airflow/.local/lib/python3.7/site-packages/airflow/example_dags/example_xcomargs.py
[2025-03-06T05:30:21.769+0000] {processor.py:753} INFO - DAG(s) dict_keys(['example_xcom_args_with_operators', 'example_xcom_args']) retrieved from /home/airflow/.local/lib/python3.7/site-packages/airflow/example_dags/example_xcomargs.py
[2025-03-06T05:30:21.813+0000] {logging_mixin.py:137} INFO - [2025-03-06T05:30:21.813+0000] {dag.py:2676} INFO - Sync 2 DAGs
[2025-03-06T05:30:21.836+0000] {logging_mixin.py:137} INFO - [2025-03-06T05:30:21.835+0000] {dag.py:3427} INFO - Setting next_dagrun for example_xcom_args to None, run_after=None
[2025-03-06T05:30:21.840+0000] {logging_mixin.py:137} INFO - [2025-03-06T05:30:21.840+0000] {dag.py:3427} INFO - Setting next_dagrun for example_xcom_args_with_operators to None, run_after=None
[2025-03-06T05:30:21.866+0000] {processor.py:175} INFO - Processing /home/airflow/.local/lib/python3.7/site-packages/airflow/example_dags/example_xcomargs.py took 0.123 seconds
