[2025-03-06T05:29:18.364+0000] {processor.py:153} INFO - Started process (PID=46) to work on /home/airflow/.local/lib/python3.7/site-packages/airflow/example_dags/example_branch_datetime_operator.py
[2025-03-06T05:29:18.366+0000] {processor.py:743} INFO - Processing file /home/airflow/.local/lib/python3.7/site-packages/airflow/example_dags/example_branch_datetime_operator.py for tasks to queue
[2025-03-06T05:29:18.368+0000] {logging_mixin.py:137} INFO - [2025-03-06T05:29:18.368+0000] {dagbag.py:538} INFO - Filling up the DagBag from /home/airflow/.local/lib/python3.7/site-packages/airflow/example_dags/example_branch_datetime_operator.py
[2025-03-06T05:29:18.407+0000] {processor.py:753} INFO - DAG(s) dict_keys(['example_branch_datetime_operator_2', 'example_branch_datetime_operator', 'example_branch_datetime_operator_3']) retrieved from /home/airflow/.local/lib/python3.7/site-packages/airflow/example_dags/example_branch_datetime_operator.py
[2025-03-06T05:29:18.627+0000] {logging_mixin.py:137} INFO - [2025-03-06T05:29:18.627+0000] {manager.py:504} INFO - Created Permission View: can delete on DAG:example_branch_datetime_operator_2
[2025-03-06T05:29:18.641+0000] {logging_mixin.py:137} INFO - [2025-03-06T05:29:18.640+0000] {manager.py:504} INFO - Created Permission View: can read on DAG:example_branch_datetime_operator_2
[2025-03-06T05:29:18.662+0000] {logging_mixin.py:137} INFO - [2025-03-06T05:29:18.661+0000] {manager.py:504} INFO - Created Permission View: can edit on DAG:example_branch_datetime_operator_2
[2025-03-06T05:29:18.697+0000] {logging_mixin.py:137} INFO - [2025-03-06T05:29:18.697+0000] {manager.py:504} INFO - Created Permission View: can delete on DAG:example_branch_datetime_operator
[2025-03-06T05:29:18.716+0000] {logging_mixin.py:137} INFO - [2025-03-06T05:29:18.715+0000] {manager.py:504} INFO - Created Permission View: can read on DAG:example_branch_datetime_operator
[2025-03-06T05:29:18.732+0000] {logging_mixin.py:137} INFO - [2025-03-06T05:29:18.732+0000] {manager.py:504} INFO - Created Permission View: can edit on DAG:example_branch_datetime_operator
[2025-03-06T05:29:18.759+0000] {logging_mixin.py:137} INFO - [2025-03-06T05:29:18.758+0000] {manager.py:504} INFO - Created Permission View: can delete on DAG:example_branch_datetime_operator_3
[2025-03-06T05:29:18.774+0000] {logging_mixin.py:137} INFO - [2025-03-06T05:29:18.774+0000] {manager.py:504} INFO - Created Permission View: can read on DAG:example_branch_datetime_operator_3
[2025-03-06T05:29:18.789+0000] {logging_mixin.py:137} INFO - [2025-03-06T05:29:18.788+0000] {manager.py:504} INFO - Created Permission View: can edit on DAG:example_branch_datetime_operator_3
[2025-03-06T05:29:18.789+0000] {logging_mixin.py:137} INFO - [2025-03-06T05:29:18.789+0000] {dag.py:2676} INFO - Sync 3 DAGs
[2025-03-06T05:29:18.805+0000] {logging_mixin.py:137} INFO - [2025-03-06T05:29:18.804+0000] {dag.py:2697} INFO - Creating ORM DAG for example_branch_datetime_operator_2
[2025-03-06T05:29:18.807+0000] {logging_mixin.py:137} INFO - [2025-03-06T05:29:18.807+0000] {dag.py:2697} INFO - Creating ORM DAG for example_branch_datetime_operator
[2025-03-06T05:29:18.808+0000] {logging_mixin.py:137} INFO - [2025-03-06T05:29:18.807+0000] {dag.py:2697} INFO - Creating ORM DAG for example_branch_datetime_operator_3
[2025-03-06T05:29:18.834+0000] {logging_mixin.py:137} INFO - [2025-03-06T05:29:18.833+0000] {dag.py:3427} INFO - Setting next_dagrun for example_branch_datetime_operator to 2025-03-05T00:00:00+00:00, run_after=2025-03-06T00:00:00+00:00
[2025-03-06T05:29:18.845+0000] {logging_mixin.py:137} INFO - [2025-03-06T05:29:18.845+0000] {dag.py:3427} INFO - Setting next_dagrun for example_branch_datetime_operator_2 to 2025-03-05T00:00:00+00:00, run_after=2025-03-06T00:00:00+00:00
[2025-03-06T05:29:18.849+0000] {logging_mixin.py:137} INFO - [2025-03-06T05:29:18.849+0000] {dag.py:3427} INFO - Setting next_dagrun for example_branch_datetime_operator_3 to 2025-03-05T00:00:00+00:00, run_after=2025-03-06T00:00:00+00:00
[2025-03-06T05:29:18.899+0000] {processor.py:175} INFO - Processing /home/airflow/.local/lib/python3.7/site-packages/airflow/example_dags/example_branch_datetime_operator.py took 0.542 seconds
[2025-03-06T05:29:49.682+0000] {processor.py:153} INFO - Started process (PID=84) to work on /home/airflow/.local/lib/python3.7/site-packages/airflow/example_dags/example_branch_datetime_operator.py
[2025-03-06T05:29:49.684+0000] {processor.py:743} INFO - Processing file /home/airflow/.local/lib/python3.7/site-packages/airflow/example_dags/example_branch_datetime_operator.py for tasks to queue
[2025-03-06T05:29:49.685+0000] {logging_mixin.py:137} INFO - [2025-03-06T05:29:49.685+0000] {dagbag.py:538} INFO - Filling up the DagBag from /home/airflow/.local/lib/python3.7/site-packages/airflow/example_dags/example_branch_datetime_operator.py
[2025-03-06T05:29:49.724+0000] {processor.py:753} INFO - DAG(s) dict_keys(['example_branch_datetime_operator', 'example_branch_datetime_operator_2', 'example_branch_datetime_operator_3']) retrieved from /home/airflow/.local/lib/python3.7/site-packages/airflow/example_dags/example_branch_datetime_operator.py
[2025-03-06T05:29:49.832+0000] {logging_mixin.py:137} INFO - [2025-03-06T05:29:49.832+0000] {dag.py:2676} INFO - Sync 3 DAGs
[2025-03-06T05:29:49.891+0000] {logging_mixin.py:137} INFO - [2025-03-06T05:29:49.891+0000] {dag.py:3427} INFO - Setting next_dagrun for example_branch_datetime_operator to 2025-03-05T00:00:00+00:00, run_after=2025-03-06T00:00:00+00:00
[2025-03-06T05:29:49.898+0000] {logging_mixin.py:137} INFO - [2025-03-06T05:29:49.898+0000] {dag.py:3427} INFO - Setting next_dagrun for example_branch_datetime_operator_2 to 2025-03-05T00:00:00+00:00, run_after=2025-03-06T00:00:00+00:00
[2025-03-06T05:29:49.913+0000] {logging_mixin.py:137} INFO - [2025-03-06T05:29:49.912+0000] {dag.py:3427} INFO - Setting next_dagrun for example_branch_datetime_operator_3 to 2025-03-05T00:00:00+00:00, run_after=2025-03-06T00:00:00+00:00
[2025-03-06T05:29:49.981+0000] {processor.py:175} INFO - Processing /home/airflow/.local/lib/python3.7/site-packages/airflow/example_dags/example_branch_datetime_operator.py took 0.305 seconds
[2025-03-06T05:30:20.991+0000] {processor.py:153} INFO - Started process (PID=122) to work on /home/airflow/.local/lib/python3.7/site-packages/airflow/example_dags/example_branch_datetime_operator.py
[2025-03-06T05:30:20.994+0000] {processor.py:743} INFO - Processing file /home/airflow/.local/lib/python3.7/site-packages/airflow/example_dags/example_branch_datetime_operator.py for tasks to queue
[2025-03-06T05:30:20.995+0000] {logging_mixin.py:137} INFO - [2025-03-06T05:30:20.995+0000] {dagbag.py:538} INFO - Filling up the DagBag from /home/airflow/.local/lib/python3.7/site-packages/airflow/example_dags/example_branch_datetime_operator.py
[2025-03-06T05:30:21.046+0000] {processor.py:753} INFO - DAG(s) dict_keys(['example_branch_datetime_operator_3', 'example_branch_datetime_operator', 'example_branch_datetime_operator_2']) retrieved from /home/airflow/.local/lib/python3.7/site-packages/airflow/example_dags/example_branch_datetime_operator.py
[2025-03-06T05:30:21.143+0000] {logging_mixin.py:137} INFO - [2025-03-06T05:30:21.143+0000] {dag.py:2676} INFO - Sync 3 DAGs
[2025-03-06T05:30:21.185+0000] {logging_mixin.py:137} INFO - [2025-03-06T05:30:21.184+0000] {dag.py:3427} INFO - Setting next_dagrun for example_branch_datetime_operator to 2025-03-05T00:00:00+00:00, run_after=2025-03-06T00:00:00+00:00
[2025-03-06T05:30:21.190+0000] {logging_mixin.py:137} INFO - [2025-03-06T05:30:21.190+0000] {dag.py:3427} INFO - Setting next_dagrun for example_branch_datetime_operator_2 to 2025-03-05T00:00:00+00:00, run_after=2025-03-06T00:00:00+00:00
[2025-03-06T05:30:21.194+0000] {logging_mixin.py:137} INFO - [2025-03-06T05:30:21.194+0000] {dag.py:3427} INFO - Setting next_dagrun for example_branch_datetime_operator_3 to 2025-03-05T00:00:00+00:00, run_after=2025-03-06T00:00:00+00:00
[2025-03-06T05:30:21.217+0000] {processor.py:175} INFO - Processing /home/airflow/.local/lib/python3.7/site-packages/airflow/example_dags/example_branch_datetime_operator.py took 0.258 seconds
