[2025-03-06T05:29:22.663+0000] {processor.py:153} INFO - Started process (PID=71) to work on /home/airflow/.local/lib/python3.7/site-packages/airflow/example_dags/example_complex.py
[2025-03-06T05:29:22.666+0000] {processor.py:743} INFO - Processing file /home/airflow/.local/lib/python3.7/site-packages/airflow/example_dags/example_complex.py for tasks to queue
[2025-03-06T05:29:22.669+0000] {logging_mixin.py:137} INFO - [2025-03-06T05:29:22.668+0000] {dagbag.py:538} INFO - Filling up the DagBag from /home/airflow/.local/lib/python3.7/site-packages/airflow/example_dags/example_complex.py
[2025-03-06T05:29:22.694+0000] {logging_mixin.py:137} INFO - [2025-03-06T05:29:22.693+0000] {taskmixin.py:205} WARNING - Dependency <Task(BashOperator): create_entry_group>, delete_entry_group already registered for DAG: example_complex
[2025-03-06T05:29:22.695+0000] {logging_mixin.py:137} INFO - [2025-03-06T05:29:22.694+0000] {taskmixin.py:205} WARNING - Dependency <Task(BashOperator): delete_entry_group>, create_entry_group already registered for DAG: example_complex
[2025-03-06T05:29:22.696+0000] {logging_mixin.py:137} INFO - [2025-03-06T05:29:22.696+0000] {taskmixin.py:205} WARNING - Dependency <Task(BashOperator): create_entry_gcs>, delete_entry already registered for DAG: example_complex
[2025-03-06T05:29:22.696+0000] {logging_mixin.py:137} INFO - [2025-03-06T05:29:22.696+0000] {taskmixin.py:205} WARNING - Dependency <Task(BashOperator): delete_entry>, create_entry_gcs already registered for DAG: example_complex
[2025-03-06T05:29:22.697+0000] {logging_mixin.py:137} INFO - [2025-03-06T05:29:22.697+0000] {taskmixin.py:205} WARNING - Dependency <Task(BashOperator): create_tag>, delete_tag already registered for DAG: example_complex
[2025-03-06T05:29:22.697+0000] {logging_mixin.py:137} INFO - [2025-03-06T05:29:22.697+0000] {taskmixin.py:205} WARNING - Dependency <Task(BashOperator): delete_tag>, create_tag already registered for DAG: example_complex
[2025-03-06T05:29:22.708+0000] {processor.py:753} INFO - DAG(s) dict_keys(['example_complex']) retrieved from /home/airflow/.local/lib/python3.7/site-packages/airflow/example_dags/example_complex.py
[2025-03-06T05:29:22.869+0000] {logging_mixin.py:137} INFO - [2025-03-06T05:29:22.868+0000] {manager.py:504} INFO - Created Permission View: can delete on DAG:example_complex
[2025-03-06T05:29:22.885+0000] {logging_mixin.py:137} INFO - [2025-03-06T05:29:22.885+0000] {manager.py:504} INFO - Created Permission View: can read on DAG:example_complex
[2025-03-06T05:29:22.894+0000] {logging_mixin.py:137} INFO - [2025-03-06T05:29:22.894+0000] {manager.py:504} INFO - Created Permission View: can edit on DAG:example_complex
[2025-03-06T05:29:22.897+0000] {logging_mixin.py:137} INFO - [2025-03-06T05:29:22.897+0000] {dag.py:2676} INFO - Sync 1 DAGs
[2025-03-06T05:29:22.924+0000] {logging_mixin.py:137} INFO - [2025-03-06T05:29:22.923+0000] {dag.py:2697} INFO - Creating ORM DAG for example_complex
[2025-03-06T05:29:22.957+0000] {logging_mixin.py:137} INFO - [2025-03-06T05:29:22.957+0000] {dag.py:3427} INFO - Setting next_dagrun for example_complex to None, run_after=None
[2025-03-06T05:29:23.007+0000] {processor.py:175} INFO - Processing /home/airflow/.local/lib/python3.7/site-packages/airflow/example_dags/example_complex.py took 0.351 seconds
[2025-03-06T05:29:53.528+0000] {processor.py:153} INFO - Started process (PID=109) to work on /home/airflow/.local/lib/python3.7/site-packages/airflow/example_dags/example_complex.py
[2025-03-06T05:29:53.530+0000] {processor.py:743} INFO - Processing file /home/airflow/.local/lib/python3.7/site-packages/airflow/example_dags/example_complex.py for tasks to queue
[2025-03-06T05:29:53.531+0000] {logging_mixin.py:137} INFO - [2025-03-06T05:29:53.531+0000] {dagbag.py:538} INFO - Filling up the DagBag from /home/airflow/.local/lib/python3.7/site-packages/airflow/example_dags/example_complex.py
[2025-03-06T05:29:53.544+0000] {logging_mixin.py:137} INFO - [2025-03-06T05:29:53.544+0000] {taskmixin.py:205} WARNING - Dependency <Task(BashOperator): create_entry_group>, delete_entry_group already registered for DAG: example_complex
[2025-03-06T05:29:53.547+0000] {logging_mixin.py:137} INFO - [2025-03-06T05:29:53.547+0000] {taskmixin.py:205} WARNING - Dependency <Task(BashOperator): delete_entry_group>, create_entry_group already registered for DAG: example_complex
[2025-03-06T05:29:53.548+0000] {logging_mixin.py:137} INFO - [2025-03-06T05:29:53.548+0000] {taskmixin.py:205} WARNING - Dependency <Task(BashOperator): create_entry_gcs>, delete_entry already registered for DAG: example_complex
[2025-03-06T05:29:53.548+0000] {logging_mixin.py:137} INFO - [2025-03-06T05:29:53.548+0000] {taskmixin.py:205} WARNING - Dependency <Task(BashOperator): delete_entry>, create_entry_gcs already registered for DAG: example_complex
[2025-03-06T05:29:53.548+0000] {logging_mixin.py:137} INFO - [2025-03-06T05:29:53.548+0000] {taskmixin.py:205} WARNING - Dependency <Task(BashOperator): create_tag>, delete_tag already registered for DAG: example_complex
[2025-03-06T05:29:53.549+0000] {logging_mixin.py:137} INFO - [2025-03-06T05:29:53.548+0000] {taskmixin.py:205} WARNING - Dependency <Task(BashOperator): delete_tag>, create_tag already registered for DAG: example_complex
[2025-03-06T05:29:53.557+0000] {processor.py:753} INFO - DAG(s) dict_keys(['example_complex']) retrieved from /home/airflow/.local/lib/python3.7/site-packages/airflow/example_dags/example_complex.py
[2025-03-06T05:29:53.592+0000] {logging_mixin.py:137} INFO - [2025-03-06T05:29:53.592+0000] {dag.py:2676} INFO - Sync 1 DAGs
[2025-03-06T05:29:53.619+0000] {logging_mixin.py:137} INFO - [2025-03-06T05:29:53.619+0000] {dag.py:3427} INFO - Setting next_dagrun for example_complex to None, run_after=None
[2025-03-06T05:29:53.643+0000] {processor.py:175} INFO - Processing /home/airflow/.local/lib/python3.7/site-packages/airflow/example_dags/example_complex.py took 0.117 seconds
[2025-03-06T05:30:23.939+0000] {processor.py:153} INFO - Started process (PID=147) to work on /home/airflow/.local/lib/python3.7/site-packages/airflow/example_dags/example_complex.py
[2025-03-06T05:30:23.941+0000] {processor.py:743} INFO - Processing file /home/airflow/.local/lib/python3.7/site-packages/airflow/example_dags/example_complex.py for tasks to queue
[2025-03-06T05:30:23.941+0000] {logging_mixin.py:137} INFO - [2025-03-06T05:30:23.941+0000] {dagbag.py:538} INFO - Filling up the DagBag from /home/airflow/.local/lib/python3.7/site-packages/airflow/example_dags/example_complex.py
[2025-03-06T05:30:23.957+0000] {logging_mixin.py:137} INFO - [2025-03-06T05:30:23.957+0000] {taskmixin.py:205} WARNING - Dependency <Task(BashOperator): create_entry_group>, delete_entry_group already registered for DAG: example_complex
[2025-03-06T05:30:23.957+0000] {logging_mixin.py:137} INFO - [2025-03-06T05:30:23.957+0000] {taskmixin.py:205} WARNING - Dependency <Task(BashOperator): delete_entry_group>, create_entry_group already registered for DAG: example_complex
[2025-03-06T05:30:23.958+0000] {logging_mixin.py:137} INFO - [2025-03-06T05:30:23.958+0000] {taskmixin.py:205} WARNING - Dependency <Task(BashOperator): create_entry_gcs>, delete_entry already registered for DAG: example_complex
[2025-03-06T05:30:23.958+0000] {logging_mixin.py:137} INFO - [2025-03-06T05:30:23.958+0000] {taskmixin.py:205} WARNING - Dependency <Task(BashOperator): delete_entry>, create_entry_gcs already registered for DAG: example_complex
[2025-03-06T05:30:23.958+0000] {logging_mixin.py:137} INFO - [2025-03-06T05:30:23.958+0000] {taskmixin.py:205} WARNING - Dependency <Task(BashOperator): create_tag>, delete_tag already registered for DAG: example_complex
[2025-03-06T05:30:23.958+0000] {logging_mixin.py:137} INFO - [2025-03-06T05:30:23.958+0000] {taskmixin.py:205} WARNING - Dependency <Task(BashOperator): delete_tag>, create_tag already registered for DAG: example_complex
[2025-03-06T05:30:23.966+0000] {processor.py:753} INFO - DAG(s) dict_keys(['example_complex']) retrieved from /home/airflow/.local/lib/python3.7/site-packages/airflow/example_dags/example_complex.py
[2025-03-06T05:30:24.012+0000] {logging_mixin.py:137} INFO - [2025-03-06T05:30:24.012+0000] {dag.py:2676} INFO - Sync 1 DAGs
[2025-03-06T05:30:24.036+0000] {logging_mixin.py:137} INFO - [2025-03-06T05:30:24.036+0000] {dag.py:3427} INFO - Setting next_dagrun for example_complex to None, run_after=None
[2025-03-06T05:30:24.056+0000] {processor.py:175} INFO - Processing /home/airflow/.local/lib/python3.7/site-packages/airflow/example_dags/example_complex.py took 0.120 seconds
