[2025-03-06T05:29:21.809+0000] {processor.py:153} INFO - Started process (PID=68) to work on /home/airflow/.local/lib/python3.7/site-packages/airflow/example_dags/example_short_circuit_operator.py
[2025-03-06T05:29:21.810+0000] {processor.py:743} INFO - Processing file /home/airflow/.local/lib/python3.7/site-packages/airflow/example_dags/example_short_circuit_operator.py for tasks to queue
[2025-03-06T05:29:21.811+0000] {logging_mixin.py:137} INFO - [2025-03-06T05:29:21.811+0000] {dagbag.py:538} INFO - Filling up the DagBag from /home/airflow/.local/lib/python3.7/site-packages/airflow/example_dags/example_short_circuit_operator.py
[2025-03-06T05:29:21.834+0000] {processor.py:753} INFO - DAG(s) dict_keys(['example_short_circuit_operator']) retrieved from /home/airflow/.local/lib/python3.7/site-packages/airflow/example_dags/example_short_circuit_operator.py
[2025-03-06T05:29:22.172+0000] {logging_mixin.py:137} INFO - [2025-03-06T05:29:22.172+0000] {manager.py:504} INFO - Created Permission View: can delete on DAG:example_short_circuit_operator
[2025-03-06T05:29:22.188+0000] {logging_mixin.py:137} INFO - [2025-03-06T05:29:22.188+0000] {manager.py:504} INFO - Created Permission View: can read on DAG:example_short_circuit_operator
[2025-03-06T05:29:22.200+0000] {logging_mixin.py:137} INFO - [2025-03-06T05:29:22.200+0000] {manager.py:504} INFO - Created Permission View: can edit on DAG:example_short_circuit_operator
[2025-03-06T05:29:22.201+0000] {logging_mixin.py:137} INFO - [2025-03-06T05:29:22.201+0000] {dag.py:2676} INFO - Sync 1 DAGs
[2025-03-06T05:29:22.234+0000] {logging_mixin.py:137} INFO - [2025-03-06T05:29:22.233+0000] {dag.py:2697} INFO - Creating ORM DAG for example_short_circuit_operator
[2025-03-06T05:29:22.248+0000] {logging_mixin.py:137} INFO - [2025-03-06T05:29:22.248+0000] {dag.py:3427} INFO - Setting next_dagrun for example_short_circuit_operator to 2025-03-05T05:29:22.247756+00:00, run_after=2025-03-06T05:29:22.247756+00:00
[2025-03-06T05:29:22.301+0000] {processor.py:175} INFO - Processing /home/airflow/.local/lib/python3.7/site-packages/airflow/example_dags/example_short_circuit_operator.py took 0.494 seconds
[2025-03-06T05:29:53.332+0000] {processor.py:153} INFO - Started process (PID=106) to work on /home/airflow/.local/lib/python3.7/site-packages/airflow/example_dags/example_short_circuit_operator.py
[2025-03-06T05:29:53.334+0000] {processor.py:743} INFO - Processing file /home/airflow/.local/lib/python3.7/site-packages/airflow/example_dags/example_short_circuit_operator.py for tasks to queue
[2025-03-06T05:29:53.335+0000] {logging_mixin.py:137} INFO - [2025-03-06T05:29:53.335+0000] {dagbag.py:538} INFO - Filling up the DagBag from /home/airflow/.local/lib/python3.7/site-packages/airflow/example_dags/example_short_circuit_operator.py
[2025-03-06T05:29:53.370+0000] {processor.py:753} INFO - DAG(s) dict_keys(['example_short_circuit_operator']) retrieved from /home/airflow/.local/lib/python3.7/site-packages/airflow/example_dags/example_short_circuit_operator.py
[2025-03-06T05:29:53.405+0000] {logging_mixin.py:137} INFO - [2025-03-06T05:29:53.405+0000] {dag.py:2676} INFO - Sync 1 DAGs
[2025-03-06T05:29:53.441+0000] {logging_mixin.py:137} INFO - [2025-03-06T05:29:53.441+0000] {dag.py:3427} INFO - Setting next_dagrun for example_short_circuit_operator to 2025-03-05T05:29:53.440159+00:00, run_after=2025-03-06T05:29:53.440159+00:00
[2025-03-06T05:29:53.471+0000] {processor.py:175} INFO - Processing /home/airflow/.local/lib/python3.7/site-packages/airflow/example_dags/example_short_circuit_operator.py took 0.144 seconds
[2025-03-06T05:30:23.683+0000] {processor.py:153} INFO - Started process (PID=144) to work on /home/airflow/.local/lib/python3.7/site-packages/airflow/example_dags/example_short_circuit_operator.py
[2025-03-06T05:30:23.685+0000] {processor.py:743} INFO - Processing file /home/airflow/.local/lib/python3.7/site-packages/airflow/example_dags/example_short_circuit_operator.py for tasks to queue
[2025-03-06T05:30:23.687+0000] {logging_mixin.py:137} INFO - [2025-03-06T05:30:23.686+0000] {dagbag.py:538} INFO - Filling up the DagBag from /home/airflow/.local/lib/python3.7/site-packages/airflow/example_dags/example_short_circuit_operator.py
[2025-03-06T05:30:23.715+0000] {processor.py:753} INFO - DAG(s) dict_keys(['example_short_circuit_operator']) retrieved from /home/airflow/.local/lib/python3.7/site-packages/airflow/example_dags/example_short_circuit_operator.py
[2025-03-06T05:30:23.756+0000] {logging_mixin.py:137} INFO - [2025-03-06T05:30:23.756+0000] {dag.py:2676} INFO - Sync 1 DAGs
[2025-03-06T05:30:23.781+0000] {logging_mixin.py:137} INFO - [2025-03-06T05:30:23.781+0000] {dag.py:3427} INFO - Setting next_dagrun for example_short_circuit_operator to 2025-03-05T05:30:23.780895+00:00, run_after=2025-03-06T05:30:23.780895+00:00
[2025-03-06T05:30:23.801+0000] {processor.py:175} INFO - Processing /home/airflow/.local/lib/python3.7/site-packages/airflow/example_dags/example_short_circuit_operator.py took 0.123 seconds
