[2025-03-06T05:29:20.051+0000] {processor.py:153} INFO - Started process (PID=54) to work on /home/airflow/.local/lib/python3.7/site-packages/airflow/example_dags/example_short_circuit_decorator.py
[2025-03-06T05:29:20.052+0000] {processor.py:743} INFO - Processing file /home/airflow/.local/lib/python3.7/site-packages/airflow/example_dags/example_short_circuit_decorator.py for tasks to queue
[2025-03-06T05:29:20.053+0000] {logging_mixin.py:137} INFO - [2025-03-06T05:29:20.053+0000] {dagbag.py:538} INFO - Filling up the DagBag from /home/airflow/.local/lib/python3.7/site-packages/airflow/example_dags/example_short_circuit_decorator.py
[2025-03-06T05:29:20.085+0000] {processor.py:753} INFO - DAG(s) dict_keys(['example_short_circuit_decorator']) retrieved from /home/airflow/.local/lib/python3.7/site-packages/airflow/example_dags/example_short_circuit_decorator.py
[2025-03-06T05:29:20.224+0000] {logging_mixin.py:137} INFO - [2025-03-06T05:29:20.224+0000] {manager.py:504} INFO - Created Permission View: can delete on DAG:example_short_circuit_decorator
[2025-03-06T05:29:20.236+0000] {logging_mixin.py:137} INFO - [2025-03-06T05:29:20.236+0000] {manager.py:504} INFO - Created Permission View: can read on DAG:example_short_circuit_decorator
[2025-03-06T05:29:20.242+0000] {logging_mixin.py:137} INFO - [2025-03-06T05:29:20.242+0000] {manager.py:504} INFO - Created Permission View: can edit on DAG:example_short_circuit_decorator
[2025-03-06T05:29:20.242+0000] {logging_mixin.py:137} INFO - [2025-03-06T05:29:20.242+0000] {dag.py:2676} INFO - Sync 1 DAGs
[2025-03-06T05:29:20.254+0000] {logging_mixin.py:137} INFO - [2025-03-06T05:29:20.254+0000] {dag.py:2697} INFO - Creating ORM DAG for example_short_circuit_decorator
[2025-03-06T05:29:20.266+0000] {logging_mixin.py:137} INFO - [2025-03-06T05:29:20.266+0000] {dag.py:3427} INFO - Setting next_dagrun for example_short_circuit_decorator to 2025-03-05T05:29:20.265944+00:00, run_after=2025-03-06T05:29:20.265944+00:00
[2025-03-06T05:29:20.285+0000] {processor.py:175} INFO - Processing /home/airflow/.local/lib/python3.7/site-packages/airflow/example_dags/example_short_circuit_decorator.py took 0.238 seconds
[2025-03-06T05:29:50.471+0000] {processor.py:153} INFO - Started process (PID=92) to work on /home/airflow/.local/lib/python3.7/site-packages/airflow/example_dags/example_short_circuit_decorator.py
[2025-03-06T05:29:50.472+0000] {processor.py:743} INFO - Processing file /home/airflow/.local/lib/python3.7/site-packages/airflow/example_dags/example_short_circuit_decorator.py for tasks to queue
[2025-03-06T05:29:50.473+0000] {logging_mixin.py:137} INFO - [2025-03-06T05:29:50.473+0000] {dagbag.py:538} INFO - Filling up the DagBag from /home/airflow/.local/lib/python3.7/site-packages/airflow/example_dags/example_short_circuit_decorator.py
[2025-03-06T05:29:50.504+0000] {processor.py:753} INFO - DAG(s) dict_keys(['example_short_circuit_decorator']) retrieved from /home/airflow/.local/lib/python3.7/site-packages/airflow/example_dags/example_short_circuit_decorator.py
[2025-03-06T05:29:50.525+0000] {logging_mixin.py:137} INFO - [2025-03-06T05:29:50.524+0000] {dag.py:2676} INFO - Sync 1 DAGs
[2025-03-06T05:29:50.549+0000] {logging_mixin.py:137} INFO - [2025-03-06T05:29:50.549+0000] {dag.py:3427} INFO - Setting next_dagrun for example_short_circuit_decorator to 2025-03-05T05:29:50.548605+00:00, run_after=2025-03-06T05:29:50.548605+00:00
[2025-03-06T05:29:50.570+0000] {processor.py:175} INFO - Processing /home/airflow/.local/lib/python3.7/site-packages/airflow/example_dags/example_short_circuit_decorator.py took 0.101 seconds
[2025-03-06T05:30:21.678+0000] {processor.py:153} INFO - Started process (PID=130) to work on /home/airflow/.local/lib/python3.7/site-packages/airflow/example_dags/example_short_circuit_decorator.py
[2025-03-06T05:30:21.679+0000] {processor.py:743} INFO - Processing file /home/airflow/.local/lib/python3.7/site-packages/airflow/example_dags/example_short_circuit_decorator.py for tasks to queue
[2025-03-06T05:30:21.681+0000] {logging_mixin.py:137} INFO - [2025-03-06T05:30:21.680+0000] {dagbag.py:538} INFO - Filling up the DagBag from /home/airflow/.local/lib/python3.7/site-packages/airflow/example_dags/example_short_circuit_decorator.py
[2025-03-06T05:30:21.705+0000] {processor.py:753} INFO - DAG(s) dict_keys(['example_short_circuit_decorator']) retrieved from /home/airflow/.local/lib/python3.7/site-packages/airflow/example_dags/example_short_circuit_decorator.py
[2025-03-06T05:30:21.740+0000] {logging_mixin.py:137} INFO - [2025-03-06T05:30:21.739+0000] {dag.py:2676} INFO - Sync 1 DAGs
[2025-03-06T05:30:21.761+0000] {logging_mixin.py:137} INFO - [2025-03-06T05:30:21.761+0000] {dag.py:3427} INFO - Setting next_dagrun for example_short_circuit_decorator to 2025-03-05T05:30:21.761194+00:00, run_after=2025-03-06T05:30:21.761194+00:00
[2025-03-06T05:30:21.781+0000] {processor.py:175} INFO - Processing /home/airflow/.local/lib/python3.7/site-packages/airflow/example_dags/example_short_circuit_decorator.py took 0.105 seconds
