[2025-03-06T05:29:19.462+0000] {processor.py:153} INFO - Started process (PID=51) to work on /home/airflow/.local/lib/python3.7/site-packages/airflow/example_dags/example_nested_branch_dag.py
[2025-03-06T05:29:19.464+0000] {processor.py:743} INFO - Processing file /home/airflow/.local/lib/python3.7/site-packages/airflow/example_dags/example_nested_branch_dag.py for tasks to queue
[2025-03-06T05:29:19.466+0000] {logging_mixin.py:137} INFO - [2025-03-06T05:29:19.465+0000] {dagbag.py:538} INFO - Filling up the DagBag from /home/airflow/.local/lib/python3.7/site-packages/airflow/example_dags/example_nested_branch_dag.py
[2025-03-06T05:29:19.528+0000] {processor.py:753} INFO - DAG(s) dict_keys(['example_nested_branch_dag']) retrieved from /home/airflow/.local/lib/python3.7/site-packages/airflow/example_dags/example_nested_branch_dag.py
[2025-03-06T05:29:19.708+0000] {logging_mixin.py:137} INFO - [2025-03-06T05:29:19.707+0000] {manager.py:504} INFO - Created Permission View: can delete on DAG:example_nested_branch_dag
[2025-03-06T05:29:19.718+0000] {logging_mixin.py:137} INFO - [2025-03-06T05:29:19.718+0000] {manager.py:504} INFO - Created Permission View: can read on DAG:example_nested_branch_dag
[2025-03-06T05:29:19.726+0000] {logging_mixin.py:137} INFO - [2025-03-06T05:29:19.726+0000] {manager.py:504} INFO - Created Permission View: can edit on DAG:example_nested_branch_dag
[2025-03-06T05:29:19.727+0000] {logging_mixin.py:137} INFO - [2025-03-06T05:29:19.726+0000] {dag.py:2676} INFO - Sync 1 DAGs
[2025-03-06T05:29:19.746+0000] {logging_mixin.py:137} INFO - [2025-03-06T05:29:19.746+0000] {dag.py:2697} INFO - Creating ORM DAG for example_nested_branch_dag
[2025-03-06T05:29:19.762+0000] {logging_mixin.py:137} INFO - [2025-03-06T05:29:19.762+0000] {dag.py:3427} INFO - Setting next_dagrun for example_nested_branch_dag to 2025-03-05T00:00:00+00:00, run_after=2025-03-06T00:00:00+00:00
[2025-03-06T05:29:19.790+0000] {processor.py:175} INFO - Processing /home/airflow/.local/lib/python3.7/site-packages/airflow/example_dags/example_nested_branch_dag.py took 0.336 seconds
[2025-03-06T05:29:50.239+0000] {processor.py:153} INFO - Started process (PID=89) to work on /home/airflow/.local/lib/python3.7/site-packages/airflow/example_dags/example_nested_branch_dag.py
[2025-03-06T05:29:50.240+0000] {processor.py:743} INFO - Processing file /home/airflow/.local/lib/python3.7/site-packages/airflow/example_dags/example_nested_branch_dag.py for tasks to queue
[2025-03-06T05:29:50.241+0000] {logging_mixin.py:137} INFO - [2025-03-06T05:29:50.241+0000] {dagbag.py:538} INFO - Filling up the DagBag from /home/airflow/.local/lib/python3.7/site-packages/airflow/example_dags/example_nested_branch_dag.py
[2025-03-06T05:29:50.268+0000] {processor.py:753} INFO - DAG(s) dict_keys(['example_nested_branch_dag']) retrieved from /home/airflow/.local/lib/python3.7/site-packages/airflow/example_dags/example_nested_branch_dag.py
[2025-03-06T05:29:50.305+0000] {logging_mixin.py:137} INFO - [2025-03-06T05:29:50.305+0000] {dag.py:2676} INFO - Sync 1 DAGs
[2025-03-06T05:29:50.337+0000] {logging_mixin.py:137} INFO - [2025-03-06T05:29:50.337+0000] {dag.py:3427} INFO - Setting next_dagrun for example_nested_branch_dag to 2025-03-05T00:00:00+00:00, run_after=2025-03-06T00:00:00+00:00
[2025-03-06T05:29:50.359+0000] {processor.py:175} INFO - Processing /home/airflow/.local/lib/python3.7/site-packages/airflow/example_dags/example_nested_branch_dag.py took 0.123 seconds
[2025-03-06T05:30:21.454+0000] {processor.py:153} INFO - Started process (PID=127) to work on /home/airflow/.local/lib/python3.7/site-packages/airflow/example_dags/example_nested_branch_dag.py
[2025-03-06T05:30:21.456+0000] {processor.py:743} INFO - Processing file /home/airflow/.local/lib/python3.7/site-packages/airflow/example_dags/example_nested_branch_dag.py for tasks to queue
[2025-03-06T05:30:21.457+0000] {logging_mixin.py:137} INFO - [2025-03-06T05:30:21.457+0000] {dagbag.py:538} INFO - Filling up the DagBag from /home/airflow/.local/lib/python3.7/site-packages/airflow/example_dags/example_nested_branch_dag.py
[2025-03-06T05:30:21.493+0000] {processor.py:753} INFO - DAG(s) dict_keys(['example_nested_branch_dag']) retrieved from /home/airflow/.local/lib/python3.7/site-packages/airflow/example_dags/example_nested_branch_dag.py
[2025-03-06T05:30:21.529+0000] {logging_mixin.py:137} INFO - [2025-03-06T05:30:21.529+0000] {dag.py:2676} INFO - Sync 1 DAGs
[2025-03-06T05:30:21.553+0000] {logging_mixin.py:137} INFO - [2025-03-06T05:30:21.553+0000] {dag.py:3427} INFO - Setting next_dagrun for example_nested_branch_dag to 2025-03-05T00:00:00+00:00, run_after=2025-03-06T00:00:00+00:00
[2025-03-06T05:30:21.584+0000] {processor.py:175} INFO - Processing /home/airflow/.local/lib/python3.7/site-packages/airflow/example_dags/example_nested_branch_dag.py took 0.133 seconds
