[2025-03-06T05:29:15.892+0000] {processor.py:153} INFO - Started process (PID=37) to work on /home/airflow/.local/lib/python3.7/site-packages/airflow/example_dags/example_local_kubernetes_executor.py
[2025-03-06T05:29:15.895+0000] {processor.py:743} INFO - Processing file /home/airflow/.local/lib/python3.7/site-packages/airflow/example_dags/example_local_kubernetes_executor.py for tasks to queue
[2025-03-06T05:29:15.896+0000] {logging_mixin.py:137} INFO - [2025-03-06T05:29:15.896+0000] {dagbag.py:538} INFO - Filling up the DagBag from /home/airflow/.local/lib/python3.7/site-packages/airflow/example_dags/example_local_kubernetes_executor.py
[2025-03-06T05:29:16.017+0000] {processor.py:753} INFO - DAG(s) dict_keys(['example_local_kubernetes_executor']) retrieved from /home/airflow/.local/lib/python3.7/site-packages/airflow/example_dags/example_local_kubernetes_executor.py
[2025-03-06T05:29:16.303+0000] {logging_mixin.py:137} INFO - [2025-03-06T05:29:16.303+0000] {manager.py:504} INFO - Created Permission View: can delete on DAG:example_local_kubernetes_executor
[2025-03-06T05:29:16.321+0000] {logging_mixin.py:137} INFO - [2025-03-06T05:29:16.320+0000] {manager.py:504} INFO - Created Permission View: can read on DAG:example_local_kubernetes_executor
[2025-03-06T05:29:16.379+0000] {logging_mixin.py:137} INFO - [2025-03-06T05:29:16.379+0000] {manager.py:504} INFO - Created Permission View: can edit on DAG:example_local_kubernetes_executor
[2025-03-06T05:29:16.379+0000] {logging_mixin.py:137} INFO - [2025-03-06T05:29:16.379+0000] {dag.py:2676} INFO - Sync 1 DAGs
[2025-03-06T05:29:16.394+0000] {logging_mixin.py:137} INFO - [2025-03-06T05:29:16.394+0000] {dag.py:2697} INFO - Creating ORM DAG for example_local_kubernetes_executor
[2025-03-06T05:29:16.409+0000] {logging_mixin.py:137} INFO - [2025-03-06T05:29:16.409+0000] {dag.py:3427} INFO - Setting next_dagrun for example_local_kubernetes_executor to None, run_after=None
[2025-03-06T05:29:16.444+0000] {processor.py:175} INFO - Processing /home/airflow/.local/lib/python3.7/site-packages/airflow/example_dags/example_local_kubernetes_executor.py took 0.557 seconds
[2025-03-06T05:29:46.632+0000] {processor.py:153} INFO - Started process (PID=75) to work on /home/airflow/.local/lib/python3.7/site-packages/airflow/example_dags/example_local_kubernetes_executor.py
[2025-03-06T05:29:46.634+0000] {processor.py:743} INFO - Processing file /home/airflow/.local/lib/python3.7/site-packages/airflow/example_dags/example_local_kubernetes_executor.py for tasks to queue
[2025-03-06T05:29:46.636+0000] {logging_mixin.py:137} INFO - [2025-03-06T05:29:46.635+0000] {dagbag.py:538} INFO - Filling up the DagBag from /home/airflow/.local/lib/python3.7/site-packages/airflow/example_dags/example_local_kubernetes_executor.py
[2025-03-06T05:29:46.720+0000] {processor.py:753} INFO - DAG(s) dict_keys(['example_local_kubernetes_executor']) retrieved from /home/airflow/.local/lib/python3.7/site-packages/airflow/example_dags/example_local_kubernetes_executor.py
[2025-03-06T05:29:46.813+0000] {logging_mixin.py:137} INFO - [2025-03-06T05:29:46.813+0000] {dag.py:2676} INFO - Sync 1 DAGs
[2025-03-06T05:29:46.859+0000] {logging_mixin.py:137} INFO - [2025-03-06T05:29:46.859+0000] {dag.py:3427} INFO - Setting next_dagrun for example_local_kubernetes_executor to None, run_after=None
[2025-03-06T05:29:46.941+0000] {processor.py:175} INFO - Processing /home/airflow/.local/lib/python3.7/site-packages/airflow/example_dags/example_local_kubernetes_executor.py took 0.320 seconds
[2025-03-06T05:30:17.204+0000] {processor.py:153} INFO - Started process (PID=113) to work on /home/airflow/.local/lib/python3.7/site-packages/airflow/example_dags/example_local_kubernetes_executor.py
[2025-03-06T05:30:17.208+0000] {processor.py:743} INFO - Processing file /home/airflow/.local/lib/python3.7/site-packages/airflow/example_dags/example_local_kubernetes_executor.py for tasks to queue
[2025-03-06T05:30:17.210+0000] {logging_mixin.py:137} INFO - [2025-03-06T05:30:17.209+0000] {dagbag.py:538} INFO - Filling up the DagBag from /home/airflow/.local/lib/python3.7/site-packages/airflow/example_dags/example_local_kubernetes_executor.py
[2025-03-06T05:30:17.266+0000] {processor.py:753} INFO - DAG(s) dict_keys(['example_local_kubernetes_executor']) retrieved from /home/airflow/.local/lib/python3.7/site-packages/airflow/example_dags/example_local_kubernetes_executor.py
[2025-03-06T05:30:17.327+0000] {logging_mixin.py:137} INFO - [2025-03-06T05:30:17.327+0000] {dag.py:2676} INFO - Sync 1 DAGs
[2025-03-06T05:30:17.354+0000] {logging_mixin.py:137} INFO - [2025-03-06T05:30:17.354+0000] {dag.py:3427} INFO - Setting next_dagrun for example_local_kubernetes_executor to None, run_after=None
[2025-03-06T05:30:17.384+0000] {processor.py:175} INFO - Processing /home/airflow/.local/lib/python3.7/site-packages/airflow/example_dags/example_local_kubernetes_executor.py took 0.186 seconds
