[2025-03-06T05:29:15.900+0000] {processor.py:153} INFO - Started process (PID=38) to work on /home/airflow/.local/lib/python3.7/site-packages/airflow/example_dags/example_python_operator.py
[2025-03-06T05:29:15.903+0000] {processor.py:743} INFO - Processing file /home/airflow/.local/lib/python3.7/site-packages/airflow/example_dags/example_python_operator.py for tasks to queue
[2025-03-06T05:29:15.905+0000] {logging_mixin.py:137} INFO - [2025-03-06T05:29:15.904+0000] {dagbag.py:538} INFO - Filling up the DagBag from /home/airflow/.local/lib/python3.7/site-packages/airflow/example_dags/example_python_operator.py
[2025-03-06T05:29:15.982+0000] {logging_mixin.py:137} INFO - [2025-03-06T05:29:15.982+0000] {taskmixin.py:205} WARNING - Dependency <Task(_PythonDecoratedOperator): print_the_context>, log_sql_query already registered for DAG: example_python_operator
[2025-03-06T05:29:15.984+0000] {logging_mixin.py:137} INFO - [2025-03-06T05:29:15.982+0000] {taskmixin.py:205} WARNING - Dependency <Task(_PythonDecoratedOperator): log_sql_query>, print_the_context already registered for DAG: example_python_operator
[2025-03-06T05:29:15.986+0000] {logging_mixin.py:137} INFO - [2025-03-06T05:29:15.986+0000] {taskmixin.py:205} WARNING - Dependency <Task(_PythonDecoratedOperator): print_the_context>, log_sql_query already registered for DAG: example_python_operator
[2025-03-06T05:29:15.986+0000] {logging_mixin.py:137} INFO - [2025-03-06T05:29:15.986+0000] {taskmixin.py:205} WARNING - Dependency <Task(_PythonDecoratedOperator): log_sql_query>, print_the_context already registered for DAG: example_python_operator
[2025-03-06T05:29:15.987+0000] {logging_mixin.py:137} INFO - [2025-03-06T05:29:15.987+0000] {taskmixin.py:205} WARNING - Dependency <Task(_PythonDecoratedOperator): print_the_context>, log_sql_query already registered for DAG: example_python_operator
[2025-03-06T05:29:15.988+0000] {logging_mixin.py:137} INFO - [2025-03-06T05:29:15.988+0000] {taskmixin.py:205} WARNING - Dependency <Task(_PythonDecoratedOperator): log_sql_query>, print_the_context already registered for DAG: example_python_operator
[2025-03-06T05:29:15.990+0000] {logging_mixin.py:137} INFO - [2025-03-06T05:29:15.989+0000] {taskmixin.py:205} WARNING - Dependency <Task(_PythonDecoratedOperator): print_the_context>, log_sql_query already registered for DAG: example_python_operator
[2025-03-06T05:29:15.990+0000] {logging_mixin.py:137} INFO - [2025-03-06T05:29:15.990+0000] {taskmixin.py:205} WARNING - Dependency <Task(_PythonDecoratedOperator): log_sql_query>, print_the_context already registered for DAG: example_python_operator
[2025-03-06T05:29:16.018+0000] {processor.py:753} INFO - DAG(s) dict_keys(['example_python_operator']) retrieved from /home/airflow/.local/lib/python3.7/site-packages/airflow/example_dags/example_python_operator.py
[2025-03-06T05:29:16.302+0000] {logging_mixin.py:137} INFO - [2025-03-06T05:29:16.302+0000] {manager.py:349} ERROR - Add Permission: (psycopg2.errors.UniqueViolation) duplicate key value violates unique constraint "ab_permission_name_uq"
DETAIL:  Key (name)=(can_delete) already exists.

[SQL: INSERT INTO ab_permission (name) VALUES (%(name)s) RETURNING ab_permission.id]
[parameters: {'name': 'can_delete'}]
(Background on this error at: https://sqlalche.me/e/14/gkpj)
[2025-03-06T05:29:16.315+0000] {logging_mixin.py:137} INFO - [2025-03-06T05:29:16.315+0000] {manager.py:504} INFO - Created Permission View: None on DAG:example_python_operator
[2025-03-06T05:29:16.364+0000] {logging_mixin.py:137} INFO - [2025-03-06T05:29:16.363+0000] {manager.py:504} INFO - Created Permission View: can read on DAG:example_python_operator
[2025-03-06T05:29:16.380+0000] {logging_mixin.py:137} INFO - [2025-03-06T05:29:16.380+0000] {manager.py:504} INFO - Created Permission View: can edit on DAG:example_python_operator
[2025-03-06T05:29:16.380+0000] {logging_mixin.py:137} INFO - [2025-03-06T05:29:16.380+0000] {dag.py:2676} INFO - Sync 1 DAGs
[2025-03-06T05:29:16.398+0000] {logging_mixin.py:137} INFO - [2025-03-06T05:29:16.398+0000] {dag.py:2697} INFO - Creating ORM DAG for example_python_operator
[2025-03-06T05:29:16.414+0000] {logging_mixin.py:137} INFO - [2025-03-06T05:29:16.414+0000] {dag.py:3427} INFO - Setting next_dagrun for example_python_operator to None, run_after=None
[2025-03-06T05:29:16.457+0000] {processor.py:175} INFO - Processing /home/airflow/.local/lib/python3.7/site-packages/airflow/example_dags/example_python_operator.py took 0.566 seconds
[2025-03-06T05:29:46.636+0000] {processor.py:153} INFO - Started process (PID=76) to work on /home/airflow/.local/lib/python3.7/site-packages/airflow/example_dags/example_python_operator.py
[2025-03-06T05:29:46.638+0000] {processor.py:743} INFO - Processing file /home/airflow/.local/lib/python3.7/site-packages/airflow/example_dags/example_python_operator.py for tasks to queue
[2025-03-06T05:29:46.641+0000] {logging_mixin.py:137} INFO - [2025-03-06T05:29:46.641+0000] {dagbag.py:538} INFO - Filling up the DagBag from /home/airflow/.local/lib/python3.7/site-packages/airflow/example_dags/example_python_operator.py
[2025-03-06T05:29:46.702+0000] {logging_mixin.py:137} INFO - [2025-03-06T05:29:46.702+0000] {taskmixin.py:205} WARNING - Dependency <Task(_PythonDecoratedOperator): print_the_context>, log_sql_query already registered for DAG: example_python_operator
[2025-03-06T05:29:46.703+0000] {logging_mixin.py:137} INFO - [2025-03-06T05:29:46.703+0000] {taskmixin.py:205} WARNING - Dependency <Task(_PythonDecoratedOperator): log_sql_query>, print_the_context already registered for DAG: example_python_operator
[2025-03-06T05:29:46.703+0000] {logging_mixin.py:137} INFO - [2025-03-06T05:29:46.703+0000] {taskmixin.py:205} WARNING - Dependency <Task(_PythonDecoratedOperator): print_the_context>, log_sql_query already registered for DAG: example_python_operator
[2025-03-06T05:29:46.704+0000] {logging_mixin.py:137} INFO - [2025-03-06T05:29:46.704+0000] {taskmixin.py:205} WARNING - Dependency <Task(_PythonDecoratedOperator): log_sql_query>, print_the_context already registered for DAG: example_python_operator
[2025-03-06T05:29:46.705+0000] {logging_mixin.py:137} INFO - [2025-03-06T05:29:46.705+0000] {taskmixin.py:205} WARNING - Dependency <Task(_PythonDecoratedOperator): print_the_context>, log_sql_query already registered for DAG: example_python_operator
[2025-03-06T05:29:46.706+0000] {logging_mixin.py:137} INFO - [2025-03-06T05:29:46.705+0000] {taskmixin.py:205} WARNING - Dependency <Task(_PythonDecoratedOperator): log_sql_query>, print_the_context already registered for DAG: example_python_operator
[2025-03-06T05:29:46.706+0000] {logging_mixin.py:137} INFO - [2025-03-06T05:29:46.706+0000] {taskmixin.py:205} WARNING - Dependency <Task(_PythonDecoratedOperator): print_the_context>, log_sql_query already registered for DAG: example_python_operator
[2025-03-06T05:29:46.707+0000] {logging_mixin.py:137} INFO - [2025-03-06T05:29:46.707+0000] {taskmixin.py:205} WARNING - Dependency <Task(_PythonDecoratedOperator): log_sql_query>, print_the_context already registered for DAG: example_python_operator
[2025-03-06T05:29:46.720+0000] {processor.py:753} INFO - DAG(s) dict_keys(['example_python_operator']) retrieved from /home/airflow/.local/lib/python3.7/site-packages/airflow/example_dags/example_python_operator.py
[2025-03-06T05:29:46.812+0000] {logging_mixin.py:137} INFO - [2025-03-06T05:29:46.812+0000] {dag.py:2676} INFO - Sync 1 DAGs
[2025-03-06T05:29:46.859+0000] {logging_mixin.py:137} INFO - [2025-03-06T05:29:46.859+0000] {dag.py:3427} INFO - Setting next_dagrun for example_python_operator to None, run_after=None
[2025-03-06T05:29:46.936+0000] {processor.py:175} INFO - Processing /home/airflow/.local/lib/python3.7/site-packages/airflow/example_dags/example_python_operator.py took 0.304 seconds
[2025-03-06T05:30:17.208+0000] {processor.py:153} INFO - Started process (PID=114) to work on /home/airflow/.local/lib/python3.7/site-packages/airflow/example_dags/example_python_operator.py
[2025-03-06T05:30:17.209+0000] {processor.py:743} INFO - Processing file /home/airflow/.local/lib/python3.7/site-packages/airflow/example_dags/example_python_operator.py for tasks to queue
[2025-03-06T05:30:17.215+0000] {logging_mixin.py:137} INFO - [2025-03-06T05:30:17.215+0000] {dagbag.py:538} INFO - Filling up the DagBag from /home/airflow/.local/lib/python3.7/site-packages/airflow/example_dags/example_python_operator.py
[2025-03-06T05:30:17.255+0000] {logging_mixin.py:137} INFO - [2025-03-06T05:30:17.255+0000] {taskmixin.py:205} WARNING - Dependency <Task(_PythonDecoratedOperator): print_the_context>, log_sql_query already registered for DAG: example_python_operator
[2025-03-06T05:30:17.256+0000] {logging_mixin.py:137} INFO - [2025-03-06T05:30:17.256+0000] {taskmixin.py:205} WARNING - Dependency <Task(_PythonDecoratedOperator): log_sql_query>, print_the_context already registered for DAG: example_python_operator
[2025-03-06T05:30:17.256+0000] {logging_mixin.py:137} INFO - [2025-03-06T05:30:17.256+0000] {taskmixin.py:205} WARNING - Dependency <Task(_PythonDecoratedOperator): print_the_context>, log_sql_query already registered for DAG: example_python_operator
[2025-03-06T05:30:17.257+0000] {logging_mixin.py:137} INFO - [2025-03-06T05:30:17.257+0000] {taskmixin.py:205} WARNING - Dependency <Task(_PythonDecoratedOperator): log_sql_query>, print_the_context already registered for DAG: example_python_operator
[2025-03-06T05:30:17.257+0000] {logging_mixin.py:137} INFO - [2025-03-06T05:30:17.257+0000] {taskmixin.py:205} WARNING - Dependency <Task(_PythonDecoratedOperator): print_the_context>, log_sql_query already registered for DAG: example_python_operator
[2025-03-06T05:30:17.258+0000] {logging_mixin.py:137} INFO - [2025-03-06T05:30:17.257+0000] {taskmixin.py:205} WARNING - Dependency <Task(_PythonDecoratedOperator): log_sql_query>, print_the_context already registered for DAG: example_python_operator
[2025-03-06T05:30:17.258+0000] {logging_mixin.py:137} INFO - [2025-03-06T05:30:17.258+0000] {taskmixin.py:205} WARNING - Dependency <Task(_PythonDecoratedOperator): print_the_context>, log_sql_query already registered for DAG: example_python_operator
[2025-03-06T05:30:17.258+0000] {logging_mixin.py:137} INFO - [2025-03-06T05:30:17.258+0000] {taskmixin.py:205} WARNING - Dependency <Task(_PythonDecoratedOperator): log_sql_query>, print_the_context already registered for DAG: example_python_operator
[2025-03-06T05:30:17.266+0000] {processor.py:753} INFO - DAG(s) dict_keys(['example_python_operator']) retrieved from /home/airflow/.local/lib/python3.7/site-packages/airflow/example_dags/example_python_operator.py
[2025-03-06T05:30:17.376+0000] {logging_mixin.py:137} INFO - [2025-03-06T05:30:17.376+0000] {dag.py:2676} INFO - Sync 1 DAGs
[2025-03-06T05:30:17.407+0000] {logging_mixin.py:137} INFO - [2025-03-06T05:30:17.407+0000] {dag.py:3427} INFO - Setting next_dagrun for example_python_operator to None, run_after=None
[2025-03-06T05:30:17.438+0000] {processor.py:175} INFO - Processing /home/airflow/.local/lib/python3.7/site-packages/airflow/example_dags/example_python_operator.py took 0.240 seconds
