[2025-03-06T05:29:19.416+0000] {processor.py:153} INFO - Started process (PID=50) to work on /home/airflow/.local/lib/python3.7/site-packages/airflow/example_dags/example_time_delta_sensor_async.py
[2025-03-06T05:29:19.417+0000] {processor.py:743} INFO - Processing file /home/airflow/.local/lib/python3.7/site-packages/airflow/example_dags/example_time_delta_sensor_async.py for tasks to queue
[2025-03-06T05:29:19.419+0000] {logging_mixin.py:137} INFO - [2025-03-06T05:29:19.419+0000] {dagbag.py:538} INFO - Filling up the DagBag from /home/airflow/.local/lib/python3.7/site-packages/airflow/example_dags/example_time_delta_sensor_async.py
[2025-03-06T05:29:19.446+0000] {processor.py:753} INFO - DAG(s) dict_keys(['example_time_delta_sensor_async']) retrieved from /home/airflow/.local/lib/python3.7/site-packages/airflow/example_dags/example_time_delta_sensor_async.py
[2025-03-06T05:29:19.681+0000] {logging_mixin.py:137} INFO - [2025-03-06T05:29:19.681+0000] {manager.py:504} INFO - Created Permission View: can delete on DAG:example_time_delta_sensor_async
[2025-03-06T05:29:19.696+0000] {logging_mixin.py:137} INFO - [2025-03-06T05:29:19.696+0000] {manager.py:504} INFO - Created Permission View: can read on DAG:example_time_delta_sensor_async
[2025-03-06T05:29:19.704+0000] {logging_mixin.py:137} INFO - [2025-03-06T05:29:19.704+0000] {manager.py:504} INFO - Created Permission View: can edit on DAG:example_time_delta_sensor_async
[2025-03-06T05:29:19.704+0000] {logging_mixin.py:137} INFO - [2025-03-06T05:29:19.704+0000] {dag.py:2676} INFO - Sync 1 DAGs
[2025-03-06T05:29:19.718+0000] {logging_mixin.py:137} INFO - [2025-03-06T05:29:19.718+0000] {dag.py:2697} INFO - Creating ORM DAG for example_time_delta_sensor_async
[2025-03-06T05:29:19.731+0000] {logging_mixin.py:137} INFO - [2025-03-06T05:29:19.731+0000] {dag.py:3427} INFO - Setting next_dagrun for example_time_delta_sensor_async to None, run_after=None
[2025-03-06T05:29:19.755+0000] {processor.py:175} INFO - Processing /home/airflow/.local/lib/python3.7/site-packages/airflow/example_dags/example_time_delta_sensor_async.py took 0.344 seconds
[2025-03-06T05:29:50.239+0000] {processor.py:153} INFO - Started process (PID=88) to work on /home/airflow/.local/lib/python3.7/site-packages/airflow/example_dags/example_time_delta_sensor_async.py
[2025-03-06T05:29:50.240+0000] {processor.py:743} INFO - Processing file /home/airflow/.local/lib/python3.7/site-packages/airflow/example_dags/example_time_delta_sensor_async.py for tasks to queue
[2025-03-06T05:29:50.240+0000] {logging_mixin.py:137} INFO - [2025-03-06T05:29:50.240+0000] {dagbag.py:538} INFO - Filling up the DagBag from /home/airflow/.local/lib/python3.7/site-packages/airflow/example_dags/example_time_delta_sensor_async.py
[2025-03-06T05:29:50.257+0000] {processor.py:753} INFO - DAG(s) dict_keys(['example_time_delta_sensor_async']) retrieved from /home/airflow/.local/lib/python3.7/site-packages/airflow/example_dags/example_time_delta_sensor_async.py
[2025-03-06T05:29:50.284+0000] {logging_mixin.py:137} INFO - [2025-03-06T05:29:50.284+0000] {dag.py:2676} INFO - Sync 1 DAGs
[2025-03-06T05:29:50.316+0000] {logging_mixin.py:137} INFO - [2025-03-06T05:29:50.316+0000] {dag.py:3427} INFO - Setting next_dagrun for example_time_delta_sensor_async to None, run_after=None
[2025-03-06T05:29:50.333+0000] {processor.py:175} INFO - Processing /home/airflow/.local/lib/python3.7/site-packages/airflow/example_dags/example_time_delta_sensor_async.py took 0.097 seconds
[2025-03-06T05:30:21.403+0000] {processor.py:153} INFO - Started process (PID=126) to work on /home/airflow/.local/lib/python3.7/site-packages/airflow/example_dags/example_time_delta_sensor_async.py
[2025-03-06T05:30:21.405+0000] {processor.py:743} INFO - Processing file /home/airflow/.local/lib/python3.7/site-packages/airflow/example_dags/example_time_delta_sensor_async.py for tasks to queue
[2025-03-06T05:30:21.406+0000] {logging_mixin.py:137} INFO - [2025-03-06T05:30:21.406+0000] {dagbag.py:538} INFO - Filling up the DagBag from /home/airflow/.local/lib/python3.7/site-packages/airflow/example_dags/example_time_delta_sensor_async.py
[2025-03-06T05:30:21.424+0000] {processor.py:753} INFO - DAG(s) dict_keys(['example_time_delta_sensor_async']) retrieved from /home/airflow/.local/lib/python3.7/site-packages/airflow/example_dags/example_time_delta_sensor_async.py
[2025-03-06T05:30:21.466+0000] {logging_mixin.py:137} INFO - [2025-03-06T05:30:21.466+0000] {dag.py:2676} INFO - Sync 1 DAGs
[2025-03-06T05:30:21.498+0000] {logging_mixin.py:137} INFO - [2025-03-06T05:30:21.498+0000] {dag.py:3427} INFO - Setting next_dagrun for example_time_delta_sensor_async to None, run_after=None
[2025-03-06T05:30:21.516+0000] {processor.py:175} INFO - Processing /home/airflow/.local/lib/python3.7/site-packages/airflow/example_dags/example_time_delta_sensor_async.py took 0.116 seconds
