[2025-03-06T05:29:18.423+0000] {processor.py:153} INFO - Started process (PID=47) to work on /home/airflow/.local/lib/python3.7/site-packages/airflow/example_dags/example_task_group_decorator.py
[2025-03-06T05:29:18.425+0000] {processor.py:743} INFO - Processing file /home/airflow/.local/lib/python3.7/site-packages/airflow/example_dags/example_task_group_decorator.py for tasks to queue
[2025-03-06T05:29:18.426+0000] {logging_mixin.py:137} INFO - [2025-03-06T05:29:18.426+0000] {dagbag.py:538} INFO - Filling up the DagBag from /home/airflow/.local/lib/python3.7/site-packages/airflow/example_dags/example_task_group_decorator.py
[2025-03-06T05:29:18.510+0000] {processor.py:753} INFO - DAG(s) dict_keys(['example_task_group_decorator']) retrieved from /home/airflow/.local/lib/python3.7/site-packages/airflow/example_dags/example_task_group_decorator.py
[2025-03-06T05:29:18.720+0000] {logging_mixin.py:137} INFO - [2025-03-06T05:29:18.720+0000] {manager.py:504} INFO - Created Permission View: can delete on DAG:example_task_group_decorator
[2025-03-06T05:29:18.741+0000] {logging_mixin.py:137} INFO - [2025-03-06T05:29:18.740+0000] {manager.py:504} INFO - Created Permission View: can read on DAG:example_task_group_decorator
[2025-03-06T05:29:18.754+0000] {logging_mixin.py:137} INFO - [2025-03-06T05:29:18.754+0000] {manager.py:504} INFO - Created Permission View: can edit on DAG:example_task_group_decorator
[2025-03-06T05:29:18.755+0000] {logging_mixin.py:137} INFO - [2025-03-06T05:29:18.755+0000] {dag.py:2676} INFO - Sync 1 DAGs
[2025-03-06T05:29:18.774+0000] {logging_mixin.py:137} INFO - [2025-03-06T05:29:18.774+0000] {dag.py:2697} INFO - Creating ORM DAG for example_task_group_decorator
[2025-03-06T05:29:18.792+0000] {logging_mixin.py:137} INFO - [2025-03-06T05:29:18.792+0000] {dag.py:3427} INFO - Setting next_dagrun for example_task_group_decorator to 2025-03-05T05:29:18.791428+00:00, run_after=2025-03-06T05:29:18.791428+00:00
[2025-03-06T05:29:18.834+0000] {processor.py:175} INFO - Processing /home/airflow/.local/lib/python3.7/site-packages/airflow/example_dags/example_task_group_decorator.py took 0.426 seconds
[2025-03-06T05:29:49.682+0000] {processor.py:153} INFO - Started process (PID=85) to work on /home/airflow/.local/lib/python3.7/site-packages/airflow/example_dags/example_task_group_decorator.py
[2025-03-06T05:29:49.684+0000] {processor.py:743} INFO - Processing file /home/airflow/.local/lib/python3.7/site-packages/airflow/example_dags/example_task_group_decorator.py for tasks to queue
[2025-03-06T05:29:49.686+0000] {logging_mixin.py:137} INFO - [2025-03-06T05:29:49.685+0000] {dagbag.py:538} INFO - Filling up the DagBag from /home/airflow/.local/lib/python3.7/site-packages/airflow/example_dags/example_task_group_decorator.py
[2025-03-06T05:29:49.790+0000] {processor.py:753} INFO - DAG(s) dict_keys(['example_task_group_decorator']) retrieved from /home/airflow/.local/lib/python3.7/site-packages/airflow/example_dags/example_task_group_decorator.py
[2025-03-06T05:29:49.841+0000] {logging_mixin.py:137} INFO - [2025-03-06T05:29:49.841+0000] {dag.py:2676} INFO - Sync 1 DAGs
[2025-03-06T05:29:49.895+0000] {logging_mixin.py:137} INFO - [2025-03-06T05:29:49.894+0000] {dag.py:3427} INFO - Setting next_dagrun for example_task_group_decorator to 2025-03-05T05:29:49.893959+00:00, run_after=2025-03-06T05:29:49.893959+00:00
[2025-03-06T05:29:49.969+0000] {processor.py:175} INFO - Processing /home/airflow/.local/lib/python3.7/site-packages/airflow/example_dags/example_task_group_decorator.py took 0.290 seconds
[2025-03-06T05:30:20.991+0000] {processor.py:153} INFO - Started process (PID=123) to work on /home/airflow/.local/lib/python3.7/site-packages/airflow/example_dags/example_task_group_decorator.py
[2025-03-06T05:30:20.994+0000] {processor.py:743} INFO - Processing file /home/airflow/.local/lib/python3.7/site-packages/airflow/example_dags/example_task_group_decorator.py for tasks to queue
[2025-03-06T05:30:20.996+0000] {logging_mixin.py:137} INFO - [2025-03-06T05:30:20.996+0000] {dagbag.py:538} INFO - Filling up the DagBag from /home/airflow/.local/lib/python3.7/site-packages/airflow/example_dags/example_task_group_decorator.py
[2025-03-06T05:30:21.062+0000] {processor.py:753} INFO - DAG(s) dict_keys(['example_task_group_decorator']) retrieved from /home/airflow/.local/lib/python3.7/site-packages/airflow/example_dags/example_task_group_decorator.py
[2025-03-06T05:30:21.136+0000] {logging_mixin.py:137} INFO - [2025-03-06T05:30:21.136+0000] {dag.py:2676} INFO - Sync 1 DAGs
[2025-03-06T05:30:21.176+0000] {logging_mixin.py:137} INFO - [2025-03-06T05:30:21.175+0000] {dag.py:3427} INFO - Setting next_dagrun for example_task_group_decorator to 2025-03-05T05:30:21.175106+00:00, run_after=2025-03-06T05:30:21.175106+00:00
[2025-03-06T05:30:21.207+0000] {processor.py:175} INFO - Processing /home/airflow/.local/lib/python3.7/site-packages/airflow/example_dags/example_task_group_decorator.py took 0.244 seconds
