[2025-03-06T05:29:21.652+0000] {processor.py:153} INFO - Started process (PID=67) to work on /home/airflow/.local/lib/python3.7/site-packages/airflow/example_dags/example_latest_only.py
[2025-03-06T05:29:21.655+0000] {processor.py:743} INFO - Processing file /home/airflow/.local/lib/python3.7/site-packages/airflow/example_dags/example_latest_only.py for tasks to queue
[2025-03-06T05:29:21.656+0000] {logging_mixin.py:137} INFO - [2025-03-06T05:29:21.656+0000] {dagbag.py:538} INFO - Filling up the DagBag from /home/airflow/.local/lib/python3.7/site-packages/airflow/example_dags/example_latest_only.py
[2025-03-06T05:29:21.671+0000] {processor.py:753} INFO - DAG(s) dict_keys(['latest_only']) retrieved from /home/airflow/.local/lib/python3.7/site-packages/airflow/example_dags/example_latest_only.py
[2025-03-06T05:29:21.804+0000] {logging_mixin.py:137} INFO - [2025-03-06T05:29:21.804+0000] {manager.py:504} INFO - Created Permission View: can delete on DAG:latest_only
[2025-03-06T05:29:21.815+0000] {logging_mixin.py:137} INFO - [2025-03-06T05:29:21.815+0000] {manager.py:504} INFO - Created Permission View: can read on DAG:latest_only
[2025-03-06T05:29:21.826+0000] {logging_mixin.py:137} INFO - [2025-03-06T05:29:21.826+0000] {manager.py:504} INFO - Created Permission View: can edit on DAG:latest_only
[2025-03-06T05:29:21.827+0000] {logging_mixin.py:137} INFO - [2025-03-06T05:29:21.827+0000] {dag.py:2676} INFO - Sync 1 DAGs
[2025-03-06T05:29:21.844+0000] {logging_mixin.py:137} INFO - [2025-03-06T05:29:21.844+0000] {dag.py:2697} INFO - Creating ORM DAG for latest_only
[2025-03-06T05:29:21.856+0000] {logging_mixin.py:137} INFO - [2025-03-06T05:29:21.856+0000] {dag.py:3427} INFO - Setting next_dagrun for latest_only to 2025-03-06T01:29:21.855629+00:00, run_after=2025-03-06T05:29:21.855629+00:00
[2025-03-06T05:29:21.883+0000] {processor.py:175} INFO - Processing /home/airflow/.local/lib/python3.7/site-packages/airflow/example_dags/example_latest_only.py took 0.233 seconds
[2025-03-06T05:29:52.221+0000] {processor.py:153} INFO - Started process (PID=105) to work on /home/airflow/.local/lib/python3.7/site-packages/airflow/example_dags/example_latest_only.py
[2025-03-06T05:29:52.222+0000] {processor.py:743} INFO - Processing file /home/airflow/.local/lib/python3.7/site-packages/airflow/example_dags/example_latest_only.py for tasks to queue
[2025-03-06T05:29:52.223+0000] {logging_mixin.py:137} INFO - [2025-03-06T05:29:52.223+0000] {dagbag.py:538} INFO - Filling up the DagBag from /home/airflow/.local/lib/python3.7/site-packages/airflow/example_dags/example_latest_only.py
[2025-03-06T05:29:52.237+0000] {processor.py:753} INFO - DAG(s) dict_keys(['latest_only']) retrieved from /home/airflow/.local/lib/python3.7/site-packages/airflow/example_dags/example_latest_only.py
[2025-03-06T05:29:52.260+0000] {logging_mixin.py:137} INFO - [2025-03-06T05:29:52.260+0000] {dag.py:2676} INFO - Sync 1 DAGs
[2025-03-06T05:29:52.283+0000] {logging_mixin.py:137} INFO - [2025-03-06T05:29:52.282+0000] {dag.py:3427} INFO - Setting next_dagrun for latest_only to 2025-03-06T01:29:52.282550+00:00, run_after=2025-03-06T05:29:52.282550+00:00
[2025-03-06T05:29:52.302+0000] {processor.py:175} INFO - Processing /home/airflow/.local/lib/python3.7/site-packages/airflow/example_dags/example_latest_only.py took 0.083 seconds
[2025-03-06T05:30:22.610+0000] {processor.py:153} INFO - Started process (PID=143) to work on /home/airflow/.local/lib/python3.7/site-packages/airflow/example_dags/example_latest_only.py
[2025-03-06T05:30:22.611+0000] {processor.py:743} INFO - Processing file /home/airflow/.local/lib/python3.7/site-packages/airflow/example_dags/example_latest_only.py for tasks to queue
[2025-03-06T05:30:22.612+0000] {logging_mixin.py:137} INFO - [2025-03-06T05:30:22.612+0000] {dagbag.py:538} INFO - Filling up the DagBag from /home/airflow/.local/lib/python3.7/site-packages/airflow/example_dags/example_latest_only.py
[2025-03-06T05:30:22.626+0000] {processor.py:753} INFO - DAG(s) dict_keys(['latest_only']) retrieved from /home/airflow/.local/lib/python3.7/site-packages/airflow/example_dags/example_latest_only.py
[2025-03-06T05:30:22.660+0000] {logging_mixin.py:137} INFO - [2025-03-06T05:30:22.660+0000] {dag.py:2676} INFO - Sync 1 DAGs
[2025-03-06T05:30:22.679+0000] {logging_mixin.py:137} INFO - [2025-03-06T05:30:22.679+0000] {dag.py:3427} INFO - Setting next_dagrun for latest_only to 2025-03-06T01:30:22.678475+00:00, run_after=2025-03-06T05:30:22.678475+00:00
[2025-03-06T05:30:22.691+0000] {processor.py:175} INFO - Processing /home/airflow/.local/lib/python3.7/site-packages/airflow/example_dags/example_latest_only.py took 0.083 seconds
