[2025-03-06T05:29:21.295+0000] {processor.py:153} INFO - Started process (PID=64) to work on /home/airflow/.local/lib/python3.7/site-packages/airflow/example_dags/example_skip_dag.py
[2025-03-06T05:29:21.296+0000] {processor.py:743} INFO - Processing file /home/airflow/.local/lib/python3.7/site-packages/airflow/example_dags/example_skip_dag.py for tasks to queue
[2025-03-06T05:29:21.298+0000] {logging_mixin.py:137} INFO - [2025-03-06T05:29:21.298+0000] {dagbag.py:538} INFO - Filling up the DagBag from /home/airflow/.local/lib/python3.7/site-packages/airflow/example_dags/example_skip_dag.py
[2025-03-06T05:29:21.315+0000] {processor.py:753} INFO - DAG(s) dict_keys(['example_skip_dag']) retrieved from /home/airflow/.local/lib/python3.7/site-packages/airflow/example_dags/example_skip_dag.py
[2025-03-06T05:29:21.430+0000] {logging_mixin.py:137} INFO - [2025-03-06T05:29:21.430+0000] {manager.py:504} INFO - Created Permission View: can delete on DAG:example_skip_dag
[2025-03-06T05:29:21.448+0000] {logging_mixin.py:137} INFO - [2025-03-06T05:29:21.448+0000] {manager.py:504} INFO - Created Permission View: can read on DAG:example_skip_dag
[2025-03-06T05:29:21.459+0000] {logging_mixin.py:137} INFO - [2025-03-06T05:29:21.459+0000] {manager.py:504} INFO - Created Permission View: can edit on DAG:example_skip_dag
[2025-03-06T05:29:21.461+0000] {logging_mixin.py:137} INFO - [2025-03-06T05:29:21.461+0000] {dag.py:2676} INFO - Sync 1 DAGs
[2025-03-06T05:29:21.476+0000] {logging_mixin.py:137} INFO - [2025-03-06T05:29:21.476+0000] {dag.py:2697} INFO - Creating ORM DAG for example_skip_dag
[2025-03-06T05:29:21.489+0000] {logging_mixin.py:137} INFO - [2025-03-06T05:29:21.489+0000] {dag.py:3427} INFO - Setting next_dagrun for example_skip_dag to 2025-03-05T05:29:21.488762+00:00, run_after=2025-03-06T05:29:21.488762+00:00
[2025-03-06T05:29:21.507+0000] {processor.py:175} INFO - Processing /home/airflow/.local/lib/python3.7/site-packages/airflow/example_dags/example_skip_dag.py took 0.214 seconds
[2025-03-06T05:29:52.099+0000] {processor.py:153} INFO - Started process (PID=102) to work on /home/airflow/.local/lib/python3.7/site-packages/airflow/example_dags/example_skip_dag.py
[2025-03-06T05:29:52.100+0000] {processor.py:743} INFO - Processing file /home/airflow/.local/lib/python3.7/site-packages/airflow/example_dags/example_skip_dag.py for tasks to queue
[2025-03-06T05:29:52.100+0000] {logging_mixin.py:137} INFO - [2025-03-06T05:29:52.100+0000] {dagbag.py:538} INFO - Filling up the DagBag from /home/airflow/.local/lib/python3.7/site-packages/airflow/example_dags/example_skip_dag.py
[2025-03-06T05:29:52.116+0000] {processor.py:753} INFO - DAG(s) dict_keys(['example_skip_dag']) retrieved from /home/airflow/.local/lib/python3.7/site-packages/airflow/example_dags/example_skip_dag.py
[2025-03-06T05:29:52.136+0000] {logging_mixin.py:137} INFO - [2025-03-06T05:29:52.136+0000] {dag.py:2676} INFO - Sync 1 DAGs
[2025-03-06T05:29:52.158+0000] {logging_mixin.py:137} INFO - [2025-03-06T05:29:52.158+0000] {dag.py:3427} INFO - Setting next_dagrun for example_skip_dag to 2025-03-05T05:29:52.157668+00:00, run_after=2025-03-06T05:29:52.157668+00:00
[2025-03-06T05:29:52.176+0000] {processor.py:175} INFO - Processing /home/airflow/.local/lib/python3.7/site-packages/airflow/example_dags/example_skip_dag.py took 0.080 seconds
[2025-03-06T05:30:22.389+0000] {processor.py:153} INFO - Started process (PID=140) to work on /home/airflow/.local/lib/python3.7/site-packages/airflow/example_dags/example_skip_dag.py
[2025-03-06T05:30:22.390+0000] {processor.py:743} INFO - Processing file /home/airflow/.local/lib/python3.7/site-packages/airflow/example_dags/example_skip_dag.py for tasks to queue
[2025-03-06T05:30:22.391+0000] {logging_mixin.py:137} INFO - [2025-03-06T05:30:22.391+0000] {dagbag.py:538} INFO - Filling up the DagBag from /home/airflow/.local/lib/python3.7/site-packages/airflow/example_dags/example_skip_dag.py
[2025-03-06T05:30:22.408+0000] {processor.py:753} INFO - DAG(s) dict_keys(['example_skip_dag']) retrieved from /home/airflow/.local/lib/python3.7/site-packages/airflow/example_dags/example_skip_dag.py
[2025-03-06T05:30:22.450+0000] {logging_mixin.py:137} INFO - [2025-03-06T05:30:22.450+0000] {dag.py:2676} INFO - Sync 1 DAGs
[2025-03-06T05:30:22.476+0000] {logging_mixin.py:137} INFO - [2025-03-06T05:30:22.475+0000] {dag.py:3427} INFO - Setting next_dagrun for example_skip_dag to 2025-03-05T05:30:22.475191+00:00, run_after=2025-03-06T05:30:22.475191+00:00
[2025-03-06T05:30:22.496+0000] {processor.py:175} INFO - Processing /home/airflow/.local/lib/python3.7/site-packages/airflow/example_dags/example_skip_dag.py took 0.109 seconds
