[2025-03-06T05:29:20.535+0000] {processor.py:153} INFO - Started process (PID=58) to work on /home/airflow/.local/lib/python3.7/site-packages/airflow/example_dags/example_sensor_decorator.py
[2025-03-06T05:29:20.536+0000] {processor.py:743} INFO - Processing file /home/airflow/.local/lib/python3.7/site-packages/airflow/example_dags/example_sensor_decorator.py for tasks to queue
[2025-03-06T05:29:20.537+0000] {logging_mixin.py:137} INFO - [2025-03-06T05:29:20.537+0000] {dagbag.py:538} INFO - Filling up the DagBag from /home/airflow/.local/lib/python3.7/site-packages/airflow/example_dags/example_sensor_decorator.py
[2025-03-06T05:29:20.553+0000] {logging_mixin.py:137} WARNING - /home/airflow/.local/lib/python3.7/site-packages/airflow/models/dag.py:3524 RemovedInAirflow3Warning: Param `schedule_interval` is deprecated and will be removed in a future release. Please use `schedule` instead.
[2025-03-06T05:29:20.566+0000] {processor.py:753} INFO - DAG(s) dict_keys(['example_sensor_decorator']) retrieved from /home/airflow/.local/lib/python3.7/site-packages/airflow/example_dags/example_sensor_decorator.py
[2025-03-06T05:29:20.687+0000] {logging_mixin.py:137} INFO - [2025-03-06T05:29:20.687+0000] {manager.py:504} INFO - Created Permission View: can delete on DAG:example_sensor_decorator
[2025-03-06T05:29:20.702+0000] {logging_mixin.py:137} INFO - [2025-03-06T05:29:20.701+0000] {manager.py:504} INFO - Created Permission View: can read on DAG:example_sensor_decorator
[2025-03-06T05:29:20.719+0000] {logging_mixin.py:137} INFO - [2025-03-06T05:29:20.718+0000] {manager.py:504} INFO - Created Permission View: can edit on DAG:example_sensor_decorator
[2025-03-06T05:29:20.719+0000] {logging_mixin.py:137} INFO - [2025-03-06T05:29:20.719+0000] {dag.py:2676} INFO - Sync 1 DAGs
[2025-03-06T05:29:20.732+0000] {logging_mixin.py:137} INFO - [2025-03-06T05:29:20.731+0000] {dag.py:2697} INFO - Creating ORM DAG for example_sensor_decorator
[2025-03-06T05:29:20.746+0000] {logging_mixin.py:137} INFO - [2025-03-06T05:29:20.746+0000] {dag.py:3427} INFO - Setting next_dagrun for example_sensor_decorator to None, run_after=None
[2025-03-06T05:29:20.765+0000] {processor.py:175} INFO - Processing /home/airflow/.local/lib/python3.7/site-packages/airflow/example_dags/example_sensor_decorator.py took 0.233 seconds
[2025-03-06T05:29:51.727+0000] {processor.py:153} INFO - Started process (PID=96) to work on /home/airflow/.local/lib/python3.7/site-packages/airflow/example_dags/example_sensor_decorator.py
[2025-03-06T05:29:51.729+0000] {processor.py:743} INFO - Processing file /home/airflow/.local/lib/python3.7/site-packages/airflow/example_dags/example_sensor_decorator.py for tasks to queue
[2025-03-06T05:29:51.731+0000] {logging_mixin.py:137} INFO - [2025-03-06T05:29:51.731+0000] {dagbag.py:538} INFO - Filling up the DagBag from /home/airflow/.local/lib/python3.7/site-packages/airflow/example_dags/example_sensor_decorator.py
[2025-03-06T05:29:51.768+0000] {logging_mixin.py:137} WARNING - /home/airflow/.local/lib/python3.7/site-packages/airflow/models/dag.py:3524 RemovedInAirflow3Warning: Param `schedule_interval` is deprecated and will be removed in a future release. Please use `schedule` instead.
[2025-03-06T05:29:51.779+0000] {processor.py:753} INFO - DAG(s) dict_keys(['example_sensor_decorator']) retrieved from /home/airflow/.local/lib/python3.7/site-packages/airflow/example_dags/example_sensor_decorator.py
[2025-03-06T05:29:51.804+0000] {logging_mixin.py:137} INFO - [2025-03-06T05:29:51.804+0000] {dag.py:2676} INFO - Sync 1 DAGs
[2025-03-06T05:29:51.832+0000] {logging_mixin.py:137} INFO - [2025-03-06T05:29:51.832+0000] {dag.py:3427} INFO - Setting next_dagrun for example_sensor_decorator to None, run_after=None
[2025-03-06T05:29:51.849+0000] {processor.py:175} INFO - Processing /home/airflow/.local/lib/python3.7/site-packages/airflow/example_dags/example_sensor_decorator.py took 0.129 seconds
[2025-03-06T05:30:21.918+0000] {processor.py:153} INFO - Started process (PID=134) to work on /home/airflow/.local/lib/python3.7/site-packages/airflow/example_dags/example_sensor_decorator.py
[2025-03-06T05:30:21.920+0000] {processor.py:743} INFO - Processing file /home/airflow/.local/lib/python3.7/site-packages/airflow/example_dags/example_sensor_decorator.py for tasks to queue
[2025-03-06T05:30:21.921+0000] {logging_mixin.py:137} INFO - [2025-03-06T05:30:21.921+0000] {dagbag.py:538} INFO - Filling up the DagBag from /home/airflow/.local/lib/python3.7/site-packages/airflow/example_dags/example_sensor_decorator.py
[2025-03-06T05:30:21.935+0000] {logging_mixin.py:137} WARNING - /home/airflow/.local/lib/python3.7/site-packages/airflow/models/dag.py:3524 RemovedInAirflow3Warning: Param `schedule_interval` is deprecated and will be removed in a future release. Please use `schedule` instead.
[2025-03-06T05:30:21.942+0000] {processor.py:753} INFO - DAG(s) dict_keys(['example_sensor_decorator']) retrieved from /home/airflow/.local/lib/python3.7/site-packages/airflow/example_dags/example_sensor_decorator.py
[2025-03-06T05:30:21.980+0000] {logging_mixin.py:137} INFO - [2025-03-06T05:30:21.980+0000] {dag.py:2676} INFO - Sync 1 DAGs
[2025-03-06T05:30:22.022+0000] {logging_mixin.py:137} INFO - [2025-03-06T05:30:22.022+0000] {dag.py:3427} INFO - Setting next_dagrun for example_sensor_decorator to None, run_after=None
[2025-03-06T05:30:22.042+0000] {processor.py:175} INFO - Processing /home/airflow/.local/lib/python3.7/site-packages/airflow/example_dags/example_sensor_decorator.py took 0.126 seconds
