[2025-03-06T05:29:20.388+0000] {processor.py:153} INFO - Started process (PID=57) to work on /home/airflow/.local/lib/python3.7/site-packages/airflow/example_dags/tutorial_taskflow_api_virtualenv.py
[2025-03-06T05:29:20.389+0000] {processor.py:743} INFO - Processing file /home/airflow/.local/lib/python3.7/site-packages/airflow/example_dags/tutorial_taskflow_api_virtualenv.py for tasks to queue
[2025-03-06T05:29:20.390+0000] {logging_mixin.py:137} INFO - [2025-03-06T05:29:20.390+0000] {dagbag.py:538} INFO - Filling up the DagBag from /home/airflow/.local/lib/python3.7/site-packages/airflow/example_dags/tutorial_taskflow_api_virtualenv.py
[2025-03-06T05:29:20.418+0000] {processor.py:753} INFO - DAG(s) dict_keys(['tutorial_taskflow_api_virtualenv']) retrieved from /home/airflow/.local/lib/python3.7/site-packages/airflow/example_dags/tutorial_taskflow_api_virtualenv.py
[2025-03-06T05:29:20.540+0000] {logging_mixin.py:137} INFO - [2025-03-06T05:29:20.539+0000] {manager.py:504} INFO - Created Permission View: can delete on DAG:tutorial_taskflow_api_virtualenv
[2025-03-06T05:29:20.553+0000] {logging_mixin.py:137} INFO - [2025-03-06T05:29:20.552+0000] {manager.py:504} INFO - Created Permission View: can read on DAG:tutorial_taskflow_api_virtualenv
[2025-03-06T05:29:20.568+0000] {logging_mixin.py:137} INFO - [2025-03-06T05:29:20.568+0000] {manager.py:504} INFO - Created Permission View: can edit on DAG:tutorial_taskflow_api_virtualenv
[2025-03-06T05:29:20.568+0000] {logging_mixin.py:137} INFO - [2025-03-06T05:29:20.568+0000] {dag.py:2676} INFO - Sync 1 DAGs
[2025-03-06T05:29:20.579+0000] {logging_mixin.py:137} INFO - [2025-03-06T05:29:20.579+0000] {dag.py:2697} INFO - Creating ORM DAG for tutorial_taskflow_api_virtualenv
[2025-03-06T05:29:20.591+0000] {logging_mixin.py:137} INFO - [2025-03-06T05:29:20.591+0000] {dag.py:3427} INFO - Setting next_dagrun for tutorial_taskflow_api_virtualenv to None, run_after=None
[2025-03-06T05:29:20.618+0000] {processor.py:175} INFO - Processing /home/airflow/.local/lib/python3.7/site-packages/airflow/example_dags/tutorial_taskflow_api_virtualenv.py took 0.233 seconds
[2025-03-06T05:29:50.687+0000] {processor.py:153} INFO - Started process (PID=95) to work on /home/airflow/.local/lib/python3.7/site-packages/airflow/example_dags/tutorial_taskflow_api_virtualenv.py
[2025-03-06T05:29:50.688+0000] {processor.py:743} INFO - Processing file /home/airflow/.local/lib/python3.7/site-packages/airflow/example_dags/tutorial_taskflow_api_virtualenv.py for tasks to queue
[2025-03-06T05:29:50.689+0000] {logging_mixin.py:137} INFO - [2025-03-06T05:29:50.689+0000] {dagbag.py:538} INFO - Filling up the DagBag from /home/airflow/.local/lib/python3.7/site-packages/airflow/example_dags/tutorial_taskflow_api_virtualenv.py
[2025-03-06T05:29:50.709+0000] {processor.py:753} INFO - DAG(s) dict_keys(['tutorial_taskflow_api_virtualenv']) retrieved from /home/airflow/.local/lib/python3.7/site-packages/airflow/example_dags/tutorial_taskflow_api_virtualenv.py
[2025-03-06T05:29:50.727+0000] {logging_mixin.py:137} INFO - [2025-03-06T05:29:50.726+0000] {dag.py:2676} INFO - Sync 1 DAGs
[2025-03-06T05:29:50.746+0000] {logging_mixin.py:137} INFO - [2025-03-06T05:29:50.746+0000] {dag.py:3427} INFO - Setting next_dagrun for tutorial_taskflow_api_virtualenv to None, run_after=None
[2025-03-06T05:29:50.761+0000] {processor.py:175} INFO - Processing /home/airflow/.local/lib/python3.7/site-packages/airflow/example_dags/tutorial_taskflow_api_virtualenv.py took 0.076 seconds
[2025-03-06T05:30:21.882+0000] {processor.py:153} INFO - Started process (PID=133) to work on /home/airflow/.local/lib/python3.7/site-packages/airflow/example_dags/tutorial_taskflow_api_virtualenv.py
[2025-03-06T05:30:21.883+0000] {processor.py:743} INFO - Processing file /home/airflow/.local/lib/python3.7/site-packages/airflow/example_dags/tutorial_taskflow_api_virtualenv.py for tasks to queue
[2025-03-06T05:30:21.884+0000] {logging_mixin.py:137} INFO - [2025-03-06T05:30:21.884+0000] {dagbag.py:538} INFO - Filling up the DagBag from /home/airflow/.local/lib/python3.7/site-packages/airflow/example_dags/tutorial_taskflow_api_virtualenv.py
[2025-03-06T05:30:21.906+0000] {processor.py:753} INFO - DAG(s) dict_keys(['tutorial_taskflow_api_virtualenv']) retrieved from /home/airflow/.local/lib/python3.7/site-packages/airflow/example_dags/tutorial_taskflow_api_virtualenv.py
[2025-03-06T05:30:21.938+0000] {logging_mixin.py:137} INFO - [2025-03-06T05:30:21.937+0000] {dag.py:2676} INFO - Sync 1 DAGs
[2025-03-06T05:30:21.958+0000] {logging_mixin.py:137} INFO - [2025-03-06T05:30:21.958+0000] {dag.py:3427} INFO - Setting next_dagrun for tutorial_taskflow_api_virtualenv to None, run_after=None
[2025-03-06T05:30:21.980+0000] {processor.py:175} INFO - Processing /home/airflow/.local/lib/python3.7/site-packages/airflow/example_dags/tutorial_taskflow_api_virtualenv.py took 0.100 seconds
