[2025-03-06T05:29:18.882+0000] {processor.py:153} INFO - Started process (PID=48) to work on /home/airflow/.local/lib/python3.7/site-packages/airflow/example_dags/tutorial.py
[2025-03-06T05:29:18.884+0000] {processor.py:743} INFO - Processing file /home/airflow/.local/lib/python3.7/site-packages/airflow/example_dags/tutorial.py for tasks to queue
[2025-03-06T05:29:18.887+0000] {logging_mixin.py:137} INFO - [2025-03-06T05:29:18.886+0000] {dagbag.py:538} INFO - Filling up the DagBag from /home/airflow/.local/lib/python3.7/site-packages/airflow/example_dags/tutorial.py
[2025-03-06T05:29:18.929+0000] {processor.py:753} INFO - DAG(s) dict_keys(['tutorial']) retrieved from /home/airflow/.local/lib/python3.7/site-packages/airflow/example_dags/tutorial.py
[2025-03-06T05:29:19.205+0000] {logging_mixin.py:137} INFO - [2025-03-06T05:29:19.204+0000] {manager.py:504} INFO - Created Permission View: can delete on DAG:tutorial
[2025-03-06T05:29:19.230+0000] {logging_mixin.py:137} INFO - [2025-03-06T05:29:19.230+0000] {manager.py:504} INFO - Created Permission View: can read on DAG:tutorial
[2025-03-06T05:29:19.244+0000] {logging_mixin.py:137} INFO - [2025-03-06T05:29:19.243+0000] {manager.py:504} INFO - Created Permission View: can edit on DAG:tutorial
[2025-03-06T05:29:19.245+0000] {logging_mixin.py:137} INFO - [2025-03-06T05:29:19.245+0000] {dag.py:2676} INFO - Sync 1 DAGs
[2025-03-06T05:29:19.280+0000] {logging_mixin.py:137} INFO - [2025-03-06T05:29:19.280+0000] {dag.py:2697} INFO - Creating ORM DAG for tutorial
[2025-03-06T05:29:19.315+0000] {logging_mixin.py:137} INFO - [2025-03-06T05:29:19.314+0000] {dag.py:3427} INFO - Setting next_dagrun for tutorial to 2025-03-05T05:29:19.313096+00:00, run_after=2025-03-06T05:29:19.313096+00:00
[2025-03-06T05:29:19.375+0000] {processor.py:175} INFO - Processing /home/airflow/.local/lib/python3.7/site-packages/airflow/example_dags/tutorial.py took 0.503 seconds
[2025-03-06T05:29:49.999+0000] {processor.py:153} INFO - Started process (PID=86) to work on /home/airflow/.local/lib/python3.7/site-packages/airflow/example_dags/tutorial.py
[2025-03-06T05:29:50.000+0000] {processor.py:743} INFO - Processing file /home/airflow/.local/lib/python3.7/site-packages/airflow/example_dags/tutorial.py for tasks to queue
[2025-03-06T05:29:50.001+0000] {logging_mixin.py:137} INFO - [2025-03-06T05:29:50.001+0000] {dagbag.py:538} INFO - Filling up the DagBag from /home/airflow/.local/lib/python3.7/site-packages/airflow/example_dags/tutorial.py
[2025-03-06T05:29:50.023+0000] {processor.py:753} INFO - DAG(s) dict_keys(['tutorial']) retrieved from /home/airflow/.local/lib/python3.7/site-packages/airflow/example_dags/tutorial.py
[2025-03-06T05:29:50.048+0000] {logging_mixin.py:137} INFO - [2025-03-06T05:29:50.048+0000] {dag.py:2676} INFO - Sync 1 DAGs
[2025-03-06T05:29:50.083+0000] {logging_mixin.py:137} INFO - [2025-03-06T05:29:50.083+0000] {dag.py:3427} INFO - Setting next_dagrun for tutorial to 2025-03-05T05:29:50.082029+00:00, run_after=2025-03-06T05:29:50.082029+00:00
[2025-03-06T05:29:50.109+0000] {processor.py:175} INFO - Processing /home/airflow/.local/lib/python3.7/site-packages/airflow/example_dags/tutorial.py took 0.113 seconds
[2025-03-06T05:30:21.227+0000] {processor.py:153} INFO - Started process (PID=124) to work on /home/airflow/.local/lib/python3.7/site-packages/airflow/example_dags/tutorial.py
[2025-03-06T05:30:21.229+0000] {processor.py:743} INFO - Processing file /home/airflow/.local/lib/python3.7/site-packages/airflow/example_dags/tutorial.py for tasks to queue
[2025-03-06T05:30:21.229+0000] {logging_mixin.py:137} INFO - [2025-03-06T05:30:21.229+0000] {dagbag.py:538} INFO - Filling up the DagBag from /home/airflow/.local/lib/python3.7/site-packages/airflow/example_dags/tutorial.py
[2025-03-06T05:30:21.259+0000] {processor.py:753} INFO - DAG(s) dict_keys(['tutorial']) retrieved from /home/airflow/.local/lib/python3.7/site-packages/airflow/example_dags/tutorial.py
[2025-03-06T05:30:21.321+0000] {logging_mixin.py:137} INFO - [2025-03-06T05:30:21.321+0000] {dag.py:2676} INFO - Sync 1 DAGs
[2025-03-06T05:30:21.356+0000] {logging_mixin.py:137} INFO - [2025-03-06T05:30:21.356+0000] {dag.py:3427} INFO - Setting next_dagrun for tutorial to 2025-03-05T05:30:21.355785+00:00, run_after=2025-03-06T05:30:21.355785+00:00
[2025-03-06T05:30:21.381+0000] {processor.py:175} INFO - Processing /home/airflow/.local/lib/python3.7/site-packages/airflow/example_dags/tutorial.py took 0.157 seconds
