[2025-03-06T05:29:16.483+0000] {processor.py:153} INFO - Started process (PID=39) to work on /home/airflow/.local/lib/python3.7/site-packages/airflow/example_dags/tutorial_taskflow_api.py
[2025-03-06T05:29:16.485+0000] {processor.py:743} INFO - Processing file /home/airflow/.local/lib/python3.7/site-packages/airflow/example_dags/tutorial_taskflow_api.py for tasks to queue
[2025-03-06T05:29:16.487+0000] {logging_mixin.py:137} INFO - [2025-03-06T05:29:16.486+0000] {dagbag.py:538} INFO - Filling up the DagBag from /home/airflow/.local/lib/python3.7/site-packages/airflow/example_dags/tutorial_taskflow_api.py
[2025-03-06T05:29:16.532+0000] {processor.py:753} INFO - DAG(s) dict_keys(['tutorial_taskflow_api']) retrieved from /home/airflow/.local/lib/python3.7/site-packages/airflow/example_dags/tutorial_taskflow_api.py
[2025-03-06T05:29:16.730+0000] {logging_mixin.py:137} INFO - [2025-03-06T05:29:16.730+0000] {manager.py:504} INFO - Created Permission View: can delete on DAG:tutorial_taskflow_api
[2025-03-06T05:29:16.747+0000] {logging_mixin.py:137} INFO - [2025-03-06T05:29:16.746+0000] {manager.py:504} INFO - Created Permission View: can read on DAG:tutorial_taskflow_api
[2025-03-06T05:29:16.761+0000] {logging_mixin.py:137} INFO - [2025-03-06T05:29:16.760+0000] {manager.py:504} INFO - Created Permission View: can edit on DAG:tutorial_taskflow_api
[2025-03-06T05:29:16.762+0000] {logging_mixin.py:137} INFO - [2025-03-06T05:29:16.762+0000] {dag.py:2676} INFO - Sync 1 DAGs
[2025-03-06T05:29:16.785+0000] {logging_mixin.py:137} INFO - [2025-03-06T05:29:16.785+0000] {dag.py:2697} INFO - Creating ORM DAG for tutorial_taskflow_api
[2025-03-06T05:29:16.817+0000] {logging_mixin.py:137} INFO - [2025-03-06T05:29:16.817+0000] {dag.py:3427} INFO - Setting next_dagrun for tutorial_taskflow_api to None, run_after=None
[2025-03-06T05:29:16.883+0000] {processor.py:175} INFO - Processing /home/airflow/.local/lib/python3.7/site-packages/airflow/example_dags/tutorial_taskflow_api.py took 0.403 seconds
[2025-03-06T05:29:46.972+0000] {processor.py:153} INFO - Started process (PID=77) to work on /home/airflow/.local/lib/python3.7/site-packages/airflow/example_dags/tutorial_taskflow_api.py
[2025-03-06T05:29:46.975+0000] {processor.py:743} INFO - Processing file /home/airflow/.local/lib/python3.7/site-packages/airflow/example_dags/tutorial_taskflow_api.py for tasks to queue
[2025-03-06T05:29:46.976+0000] {logging_mixin.py:137} INFO - [2025-03-06T05:29:46.976+0000] {dagbag.py:538} INFO - Filling up the DagBag from /home/airflow/.local/lib/python3.7/site-packages/airflow/example_dags/tutorial_taskflow_api.py
[2025-03-06T05:29:47.048+0000] {processor.py:753} INFO - DAG(s) dict_keys(['tutorial_taskflow_api']) retrieved from /home/airflow/.local/lib/python3.7/site-packages/airflow/example_dags/tutorial_taskflow_api.py
[2025-03-06T05:29:47.091+0000] {logging_mixin.py:137} INFO - [2025-03-06T05:29:47.091+0000] {dag.py:2676} INFO - Sync 1 DAGs
[2025-03-06T05:29:47.133+0000] {logging_mixin.py:137} INFO - [2025-03-06T05:29:47.133+0000] {dag.py:3427} INFO - Setting next_dagrun for tutorial_taskflow_api to None, run_after=None
[2025-03-06T05:29:47.175+0000] {processor.py:175} INFO - Processing /home/airflow/.local/lib/python3.7/site-packages/airflow/example_dags/tutorial_taskflow_api.py took 0.206 seconds
[2025-03-06T05:30:17.403+0000] {processor.py:153} INFO - Started process (PID=115) to work on /home/airflow/.local/lib/python3.7/site-packages/airflow/example_dags/tutorial_taskflow_api.py
[2025-03-06T05:30:17.408+0000] {processor.py:743} INFO - Processing file /home/airflow/.local/lib/python3.7/site-packages/airflow/example_dags/tutorial_taskflow_api.py for tasks to queue
[2025-03-06T05:30:17.405+0000] {logging_mixin.py:137} INFO - [2025-03-06T05:30:17.405+0000] {dagbag.py:538} INFO - Filling up the DagBag from /home/airflow/.local/lib/python3.7/site-packages/airflow/example_dags/tutorial_taskflow_api.py
[2025-03-06T05:30:17.434+0000] {processor.py:753} INFO - DAG(s) dict_keys(['tutorial_taskflow_api']) retrieved from /home/airflow/.local/lib/python3.7/site-packages/airflow/example_dags/tutorial_taskflow_api.py
[2025-03-06T05:30:17.478+0000] {logging_mixin.py:137} INFO - [2025-03-06T05:30:17.478+0000] {dag.py:2676} INFO - Sync 1 DAGs
[2025-03-06T05:30:17.505+0000] {logging_mixin.py:137} INFO - [2025-03-06T05:30:17.505+0000] {dag.py:3427} INFO - Setting next_dagrun for tutorial_taskflow_api to None, run_after=None
[2025-03-06T05:30:17.520+0000] {processor.py:175} INFO - Processing /home/airflow/.local/lib/python3.7/site-packages/airflow/example_dags/tutorial_taskflow_api.py took 0.124 seconds
